Sequential (
  (conv1_1): Sequential (
    (0): Conv2d(3, 32, kernel_size=(3, 3), stride=(1, 1), padding=(1, 1))
    (1): BatchNorm2d(32, eps=1e-05, momentum=0.1, affine=True)
    (2): ReLU (inplace)
  )
  (conv1_2): Sequential (
    (0): Conv2d(32, 32, kernel_size=(3, 3), stride=(1, 1), padding=(1, 1))
    (1): BatchNorm2d(32, eps=1e-05, momentum=0.1, affine=True)
    (2): ReLU (inplace)
  )
  (pool1): MaxPool2d (size=(2, 2), stride=(2, 2), dilation=(1, 1))
  (conv2_1): Sequential (
    (0): Conv2d(32, 64, kernel_size=(3, 3), stride=(1, 1), padding=(1, 1))
    (1): BatchNorm2d(64, eps=1e-05, momentum=0.1, affine=True)
    (2): ReLU (inplace)
  )
  (conv2_2): Sequential (
    (0): Conv2d(64, 64, kernel_size=(3, 3), stride=(1, 1), padding=(1, 1))
    (1): BatchNorm2d(64, eps=1e-05, momentum=0.1, affine=True)
    (2): ReLU (inplace)
  )
  (pool2): MaxPool2d (size=(2, 2), stride=(2, 2), dilation=(1, 1))
  (conv3_1): Sequential (
    (0): Conv2d(64, 128, kernel_size=(3, 3), stride=(1, 1), padding=(1, 1))
    (1): BatchNorm2d(128, eps=1e-05, momentum=0.1, affine=True)
    (2): ReLU (inplace)
  )
  (conv3_2): Sequential (
    (0): Conv2d(128, 128, kernel_size=(3, 3), stride=(1, 1), padding=(1, 1))
    (1): BatchNorm2d(128, eps=1e-05, momentum=0.1, affine=True)
    (2): ReLU (inplace)
  )
  (pool3): MaxPool2d (size=(2, 2), stride=(2, 2), dilation=(1, 1))
  (conv4_1): Sequential (
    (0): Conv2d(128, 256, kernel_size=(3, 3), stride=(1, 1), padding=(1, 1))
    (1): BatchNorm2d(256, eps=1e-05, momentum=0.1, affine=True)
    (2): ReLU (inplace)
  )
  (conv4_2): Sequential (
    (0): Conv2d(256, 256, kernel_size=(3, 3), stride=(1, 1), padding=(1, 1))
    (1): BatchNorm2d(256, eps=1e-05, momentum=0.1, affine=True)
    (2): ReLU (inplace)
  )
  (pool4): MaxPool2d (size=(2, 2), stride=(2, 2), dilation=(1, 1))
  (conv5_1): Sequential (
    (0): Conv2d(256, 256, kernel_size=(3, 3), stride=(1, 1), padding=(1, 1))
    (1): BatchNorm2d(256, eps=1e-05, momentum=0.1, affine=True)
    (2): ReLU (inplace)
  )
  (conv5_2): Sequential (
    (0): Conv2d(256, 256, kernel_size=(3, 3), stride=(1, 1), padding=(1, 1))
    (1): BatchNorm2d(256, eps=1e-05, momentum=0.1, affine=True)
    (2): ReLU (inplace)
  )
  (pool5): MaxPool2d (size=(2, 2), stride=(2, 2), dilation=(1, 1))
  (fc6): Sequential (
    (0): Conv2d(256, 256, kernel_size=(1, 1), stride=(1, 1))
    (1): BatchNorm2d(256, eps=1e-05, momentum=0.1, affine=True)
    (2): ReLU (inplace)
  )
  (logit): Conv2d(256, 10, kernel_size=(1, 1), stride=(1, 1))
  (flatter): Flatten()
)
{'L1_decay': 0.00016,
 'batch_size': 128,
 'force_name': True,
 'graphfolder': 'logs/axp1_graphs/',
 'learning_rate': 0.1,
 'logfile': 'logs/axp1.log',
 'mode': '',
 'name': 'axp1',
 'num_base': 32,
 'optimizer': 'SGDL1',
 'weight_decay': 0.016}
Decayed training with schedule: [20, 20, 20, 20, 20, 20, 20]
  0   0  50, 1.832746 [0.391880/69.458940] [   0/1.832746]
  0   0 100, 3.330406 [0.373535/66.930865] [  50/1.832746]
  0   0 150, 4.659360 [0.351930/64.650634] [ 100/1.832746]
  0   0 200, 5.889744 [0.306787/62.594551] [ 150/1.832746]
  0   0 250, 7.062686 [0.299993/60.736141] [ 200/1.832746]
  0   0 300, 8.158745 [0.294606/59.061879] [ 250/1.832746]
  0   0 350, 9.209498 [0.287757/57.543989] [ 300/1.832746]
Epoch 0 done. Evaluation:
(26753, 50000)
(5810, 10000)
  0   1  50, 0.972016 [0.313833/55.140924] [   0/0.972016]
  0   1 100, 1.904441 [0.337658/53.990381] [  50/0.972016]
  0   1 150, 2.805788 [0.289206/52.939595] [ 100/0.972016]
  0   1 200, 3.673092 [0.289873/51.980990] [ 150/0.972016]
  0   1 250, 4.556304 [0.347111/51.099994] [ 200/0.972016]
  0   1 300, 5.396001 [0.314233/50.292154] [ 250/0.972016]
  0   1 350, 6.239354 [0.327240/49.545707] [ 300/0.972016]
Epoch 1 done. Evaluation:
(34918, 50000)
(6651, 10000)
  0   2  50, 0.788908 [0.302138/48.333494] [   0/0.788908]
  0   2 100, 1.546110 [0.303256/47.733548] [  50/0.788908]
  0   2 150, 2.314548 [0.307703/47.170698] [ 100/0.788908]
  0   2 200, 3.085466 [0.292103/46.644912] [ 150/0.788908]
  0   2 250, 3.850443 [0.304772/46.147289] [ 200/0.788908]
  0   2 300, 4.595481 [0.316020/45.676173] [ 250/0.788908]
  0   2 350, 5.346099 [0.278384/45.230201] [ 300/0.788908]
Epoch 2 done. Evaluation:
(37438, 50000)
(6510, 10000)
  0   3  50, 0.688769 [0.298622/44.482709] [   0/0.688769]
  0   3 100, 1.407698 [0.305959/44.097205] [  50/0.688769]
  0   3 150, 2.102514 [0.333436/43.730921] [ 100/0.688769]
  0   3 200, 2.811774 [0.391048/43.379920] [ 150/0.688769]
  0   3 250, 3.533937 [0.307552/43.040885] [ 200/0.688769]
  0   3 300, 4.226539 [0.289144/42.714541] [ 250/0.688769]
  0   3 350, 4.918033 [0.426524/42.399227] [ 300/0.688769]
Epoch 3 done. Evaluation:
(38644, 50000)
(6825, 10000)
  0   4  50, 0.636951 [0.303857/41.858862] [   0/0.636951]
  0   4 100, 1.304497 [0.365131/41.577994] [  50/0.636951]
  0   4 150, 1.989557 [0.333421/41.306921] [ 100/0.636951]
  0   4 200, 2.657890 [0.325455/41.037956] [ 150/0.636951]
  0   4 250, 3.302186 [0.328894/40.778783] [ 200/0.636951]
  0   4 300, 3.958339 [0.341314/40.528843] [ 250/0.636951]
  0   4 350, 4.610393 [0.374247/40.289319] [ 300/0.636951]
Epoch 4 done. Evaluation:
(39569, 50000)
(6582, 10000)
  0   5  50, 0.623149 [0.328907/39.868670] [   0/0.623149]
  0   5 100, 1.264556 [0.383067/39.648839] [  50/0.623149]
  0   5 150, 1.891573 [0.354240/39.433733] [ 100/0.623149]
  0   5 200, 2.540266 [0.344192/39.221521] [ 150/0.623149]
  0   5 250, 3.185984 [0.334653/39.018054] [ 200/0.623149]
  0   5 300, 3.828497 [0.308345/38.819378] [ 250/0.623149]
  0   5 350, 4.439171 [0.358211/38.621854] [ 300/0.623149]
Epoch 5 done. Evaluation:
(39890, 50000)
(7060, 10000)
  0   6  50, 0.601893 [0.319558/38.284160] [   0/0.601893]
  0   6 100, 1.210351 [0.384344/38.106760] [  50/0.601893]
  0   6 150, 1.829177 [0.293229/37.933053] [ 100/0.601893]
  0   6 200, 2.449204 [0.295443/37.763856] [ 150/0.601893]
  0   6 250, 3.059374 [0.355765/37.599538] [ 200/0.601893]
  0   6 300, 3.678444 [0.377286/37.433342] [ 250/0.601893]
  0   6 350, 4.313433 [0.349544/37.272992] [ 300/0.601893]
Epoch 6 done. Evaluation:
(40277, 50000)
(6338, 10000)
  0   7  50, 0.588992 [0.322049/36.994104] [   0/0.588992]
  0   7 100, 1.183165 [0.378870/36.857744] [  50/0.588992]
  0   7 150, 1.798475 [0.410955/36.715869] [ 100/0.588992]
  0   7 200, 2.396580 [0.315949/36.574562] [ 150/0.588992]
  0   7 250, 3.028891 [0.341469/36.439277] [ 200/0.588992]
  0   7 300, 3.636656 [0.354821/36.302555] [ 250/0.588992]
  0   7 350, 4.265076 [0.298498/36.167327] [ 300/0.588992]
Epoch 7 done. Evaluation:
(40433, 50000)
(6211, 10000)
  0   8  50, 0.588330 [0.394479/35.945536] [   0/0.588330]
  0   8 100, 1.198009 [0.329698/35.829798] [  50/0.588330]
  0   8 150, 1.789860 [0.326534/35.713421] [ 100/0.588330]
  0   8 200, 2.388755 [0.353553/35.594831] [ 150/0.588330]
  0   8 250, 2.991623 [0.359015/35.485922] [ 200/0.588330]
  0   8 300, 3.591107 [0.351080/35.372564] [ 250/0.588330]
  0   8 350, 4.214837 [0.398186/35.258076] [ 300/0.588330]
Epoch 8 done. Evaluation:
(40549, 50000)
(6857, 10000)
  0   9  50, 0.550463 [0.365948/35.070105] [   0/0.550463]
  0   9 100, 1.114932 [0.390697/34.974612] [  50/0.550463]
  0   9 150, 1.702795 [0.325764/34.880831] [ 100/0.550463]
  0   9 200, 2.297733 [0.296554/34.784593] [ 150/0.550463]
  0   9 250, 2.887923 [0.394314/34.690166] [ 200/0.550463]
  0   9 300, 3.516607 [0.378709/34.597665] [ 250/0.550463]
  0   9 350, 4.141135 [0.317035/34.511352] [ 300/0.550463]
Epoch 9 done. Evaluation:
(40732, 50000)
(6504, 10000)
  0  10  50, 0.566754 [0.353980/34.354873] [ 391/0.550463]
  0  10 100, 1.155638 [0.328952/34.273223] [ 441/0.550463]
  0  10 150, 1.746441 [0.342692/34.188102] [ 491/0.550463]
  0  10 200, 2.333449 [0.374623/34.108102] [ 541/0.550463]
  0  10 250, 2.916086 [0.337374/34.030430] [ 591/0.550463]
  0  10 300, 3.519381 [0.344440/33.952433] [ 641/0.550463]
  0  10 350, 4.103015 [0.411457/33.871509] [ 691/0.550463]
Epoch 10 done. Evaluation:
(40827, 50000)
(6190, 10000)
  0  11  50, 0.550476 [0.454780/33.742876] [ 782/0.550463]
  0  11 100, 1.131421 [0.335399/33.669637] [ 832/0.550463]
  0  11 150, 1.721530 [0.337381/33.603044] [ 882/0.550463]
  0  11 200, 2.316669 [0.376849/33.534871] [ 932/0.550463]
  0  11 250, 2.890456 [0.293374/33.468036] [ 982/0.550463]
  0  11 300, 3.462706 [0.280134/33.400861] [1032/0.550463]
  0  11 350, 4.045314 [0.352229/33.334144] [1082/0.550463]
Epoch 11 done. Evaluation:
(41034, 50000)
(6735, 10000)
  0  12  50, 0.543838 [0.326777/33.222358] [   0/0.543838]
  0  12 100, 1.113149 [0.410562/33.166435] [  50/0.543838]
  0  12 150, 1.683604 [0.378718/33.106731] [ 100/0.543838]
  0  12 200, 2.288915 [0.404571/33.050238] [ 150/0.543838]
  0  12 250, 2.862823 [0.373596/32.991260] [ 200/0.543838]
  0  12 300, 3.448778 [0.315468/32.933478] [ 250/0.543838]
  0  12 350, 4.036431 [0.437114/32.875041] [ 300/0.543838]
Epoch 12 done. Evaluation:
(41018, 50000)
(6606, 10000)
  0  13  50, 0.531253 [0.337869/32.784760] [   0/0.531253]
  0  13 100, 1.088045 [0.374676/32.733344] [  50/0.531253]
  0  13 150, 1.657956 [0.487028/32.682181] [ 100/0.531253]
  0  13 200, 2.230750 [0.395357/32.631569] [ 150/0.531253]
  0  13 250, 2.815771 [0.373708/32.585504] [ 200/0.531253]
  0  13 300, 3.382497 [0.362727/32.531954] [ 250/0.531253]
  0  13 350, 3.968400 [0.337342/32.481567] [ 300/0.531253]
Epoch 13 done. Evaluation:
(41183, 50000)
(5485, 10000)
  0  14  50, 0.530364 [0.421657/32.394418] [   0/0.530364]
  0  14 100, 1.091363 [0.376580/32.348411] [  50/0.530364]
  0  14 150, 1.659637 [0.326639/32.303182] [ 100/0.530364]
  0  14 200, 2.216850 [0.358520/32.255452] [ 150/0.530364]
  0  14 250, 2.771185 [0.399525/32.214961] [ 200/0.530364]
  0  14 300, 3.333495 [0.327335/32.171474] [ 250/0.530364]
  0  14 350, 3.900553 [0.346086/32.126249] [ 300/0.530364]
Epoch 14 done. Evaluation:
(41409, 50000)
(6655, 10000)
  0  15  50, 0.540674 [0.297812/32.052204] [ 391/0.530364]
  0  15 100, 1.096050 [0.408104/32.009859] [ 441/0.530364]
  0  15 150, 1.634917 [0.416481/31.970398] [ 491/0.530364]
  0  15 200, 2.214483 [0.395336/31.929364] [ 541/0.530364]
  0  15 250, 2.756796 [0.402070/31.893580] [ 591/0.530364]
  0  15 300, 3.313426 [0.348492/31.851761] [ 641/0.530364]
  0  15 350, 3.876225 [0.311677/31.805884] [ 691/0.530364]
Epoch 15 done. Evaluation:
(41537, 50000)
(7408, 10000)
  0  16  50, 0.533813 [0.352738/31.741374] [ 782/0.530364]
  0  16 100, 1.079447 [0.388797/31.705097] [ 832/0.530364]
  0  16 150, 1.631271 [0.392590/31.670534] [ 882/0.530364]
  0  16 200, 2.183163 [0.365176/31.632435] [ 932/0.530364]
  0  16 250, 2.731087 [0.330980/31.597679] [ 982/0.530364]
  0  16 300, 3.294185 [0.325165/31.556703] [1032/0.530364]
  0  16 350, 3.833271 [0.407660/31.520655] [1082/0.530364]
Epoch 16 done. Evaluation:
(41681, 50000)
(6313, 10000)
  0  17  50, 0.508925 [0.314088/31.462951] [   0/0.508925]
  0  17 100, 1.021485 [0.323591/31.424997] [  50/0.508925]
  0  17 150, 1.549991 [0.332664/31.389550] [ 100/0.508925]
  0  17 200, 2.086834 [0.349817/31.360234] [ 150/0.508925]
  0  17 250, 2.640970 [0.308824/31.328681] [ 200/0.508925]
  0  17 300, 3.181641 [0.468401/31.299606] [ 250/0.508925]
  0  17 350, 3.769096 [0.377036/31.266260] [ 300/0.508925]
Epoch 17 done. Evaluation:
(41802, 50000)
(6445, 10000)
  0  18  50, 0.517860 [0.325851/31.211111] [ 391/0.508925]
  0  18 100, 1.043039 [0.385586/31.182933] [ 441/0.508925]
  0  18 150, 1.582006 [0.344863/31.150507] [ 491/0.508925]
  0  18 200, 2.115353 [0.352883/31.123961] [ 541/0.508925]
  0  18 250, 2.654914 [0.401502/31.093966] [ 591/0.508925]
  0  18 300, 3.191070 [0.351896/31.059468] [ 641/0.508925]
  0  18 350, 3.742485 [0.292938/31.027187] [ 691/0.508925]
Epoch 18 done. Evaluation:
(41873, 50000)
(7151, 10000)
  0  19  50, 0.522254 [0.380352/30.976598] [ 782/0.508925]
  0  19 100, 1.043654 [0.415937/30.950558] [ 832/0.508925]
  0  19 150, 1.568073 [0.398547/30.925533] [ 882/0.508925]
  0  19 200, 2.086216 [0.355081/30.895423] [ 932/0.508925]
  0  19 250, 2.630627 [0.378774/30.862706] [ 982/0.508925]
  0  19 300, 3.167784 [0.329617/30.828965] [1032/0.508925]
  0  19 350, 3.698781 [0.412060/30.805634] [1082/0.508925]
Epoch 19 done. Evaluation:
(41958, 50000)
(6973, 10000)
  1   0  50, 0.426400 [0.223723/30.744365] [   0/0.426400]
  1   0 100, 0.832372 [0.151552/30.710365] [  50/0.426400]
  1   0 150, 1.237667 [0.207286/30.677508] [ 100/0.426400]
  1   0 200, 1.650909 [0.193079/30.648269] [ 150/0.426400]
  1   0 250, 2.068474 [0.217443/30.621169] [ 200/0.426400]
  1   0 300, 2.474191 [0.212041/30.593041] [ 250/0.426400]
  1   0 350, 2.885871 [0.201591/30.564740] [ 300/0.426400]
Epoch 0 done. Evaluation:
(44015, 50000)
(7753, 10000)
  1   1  50, 0.371273 [0.211810/30.521327] [   0/0.371273]
  1   1 100, 0.763891 [0.251822/30.496533] [  50/0.371273]
  1   1 150, 1.164794 [0.226206/30.476785] [ 100/0.371273]
  1   1 200, 1.572818 [0.232155/30.454097] [ 150/0.371273]
  1   1 250, 1.991421 [0.214530/30.430885] [ 200/0.371273]
  1   1 300, 2.404486 [0.242080/30.411734] [ 250/0.371273]
  1   1 350, 2.829030 [0.209602/30.391213] [ 300/0.371273]
Epoch 1 done. Evaluation:
(44071, 50000)
(7361, 10000)
  1   2  50, 0.381456 [0.183549/30.355513] [ 391/0.371273]
  1   2 100, 0.778590 [0.215094/30.336973] [ 441/0.371273]
  1   2 150, 1.183561 [0.216481/30.321334] [ 491/0.371273]
  1   2 200, 1.615131 [0.198118/30.302491] [ 541/0.371273]
  1   2 250, 2.034750 [0.189990/30.282569] [ 591/0.371273]
  1   2 300, 2.449905 [0.225223/30.260831] [ 641/0.371273]
  1   2 350, 2.865514 [0.234717/30.240727] [ 691/0.371273]
Epoch 2 done. Evaluation:
(43982, 50000)
(8072, 10000)
  1   3  50, 0.359885 [0.271844/30.210689] [   0/0.359885]
  1   3 100, 0.741997 [0.191058/30.194656] [  50/0.359885]
  1   3 150, 1.148203 [0.198285/30.179235] [ 100/0.359885]
  1   3 200, 1.543943 [0.263862/30.157904] [ 150/0.359885]
  1   3 250, 1.950852 [0.238365/30.143173] [ 200/0.359885]
  1   3 300, 2.366919 [0.260102/30.125658] [ 250/0.359885]
  1   3 350, 2.806986 [0.250681/30.108960] [ 300/0.359885]
Epoch 3 done. Evaluation:
(44144, 50000)
(7233, 10000)
  1   4  50, 0.380896 [0.230189/30.076262] [ 391/0.359885]
  1   4 100, 0.767125 [0.230149/30.061925] [ 441/0.359885]
  1   4 150, 1.174924 [0.220835/30.046432] [ 491/0.359885]
  1   4 200, 1.584372 [0.248366/30.032719] [ 541/0.359885]
  1   4 250, 1.991601 [0.237036/30.017905] [ 591/0.359885]
  1   4 300, 2.425357 [0.233705/30.001775] [ 641/0.359885]
  1   4 350, 2.826891 [0.195514/29.984548] [ 691/0.359885]
Epoch 4 done. Evaluation:
(44158, 50000)
(7391, 10000)
  1   5  50, 0.388852 [0.219423/29.950673] [ 782/0.359885]
  1   5 100, 0.765210 [0.261286/29.938643] [ 832/0.359885]
  1   5 150, 1.168932 [0.244079/29.926981] [ 882/0.359885]
  1   5 200, 1.581542 [0.262204/29.912078] [ 932/0.359885]
  1   5 250, 1.985407 [0.222014/29.896494] [ 982/0.359885]
  1   5 300, 2.383903 [0.212442/29.882444] [1032/0.359885]
  1   5 350, 2.802361 [0.225844/29.863463] [1082/0.359885]
Epoch 5 done. Evaluation:
(44085, 50000)
(8144, 10000)
  1   6  50, 0.370380 [0.200238/29.838342] [1173/0.359885]
  1   6 100, 0.757635 [0.226288/29.825250] [1223/0.359885]
  1   6 150, 1.155345 [0.209561/29.809949] [1273/0.359885]
  1   6 200, 1.550775 [0.205294/29.794899] [1323/0.359885]
  1   6 250, 1.955668 [0.210385/29.779837] [1373/0.359885]
  1   6 300, 2.357313 [0.220232/29.765672] [1423/0.359885]
  1   6 350, 2.760441 [0.157498/29.749730] [1473/0.359885]
Epoch 6 done. Evaluation:
(44236, 50000)
(8248, 10000)
  1   7  50, 0.370251 [0.247745/29.728121] [1564/0.359885]
  1   7 100, 0.755705 [0.245424/29.714540] [1614/0.359885]
  1   7 150, 1.152221 [0.233367/29.702715] [1664/0.359885]
  1   7 200, 1.554338 [0.248165/29.686896] [1714/0.359885]
  1   7 250, 1.966068 [0.198359/29.672806] [1764/0.359885]
  1   7 300, 2.375910 [0.234702/29.659750] [1814/0.359885]
  1   7 350, 2.789436 [0.269857/29.642195] [1864/0.359885]
Epoch 7 done. Evaluation:
(44179, 50000)
(7261, 10000)
  1   8  50, 0.366865 [0.222896/29.615234] [1955/0.359885]
  1   8 100, 0.757604 [0.270507/29.606067] [2005/0.359885]
  1   8 150, 1.150696 [0.216601/29.596647] [2055/0.359885]
  1   8 200, 1.548677 [0.258123/29.581317] [2105/0.359885]
  1   8 250, 1.943931 [0.227394/29.568280] [2155/0.359885]
  1   8 300, 2.326705 [0.209319/29.553071] [2205/0.359885]
  1   8 350, 2.751638 [0.269108/29.539982] [2255/0.359885]
Epoch 8 done. Evaluation:
(44338, 50000)
(7885, 10000)
  1   9  50, 0.361313 [0.209820/29.516235] [2346/0.359885]
  1   9 100, 0.754420 [0.248652/29.504039] [2396/0.359885]
  1   9 150, 1.147521 [0.225824/29.493529] [2446/0.359885]
  1   9 200, 1.549627 [0.258889/29.483363] [2496/0.359885]
  1   9 250, 1.943257 [0.211374/29.469950] [2546/0.359885]
  1   9 300, 2.338710 [0.246843/29.458187] [2596/0.359885]
  1   9 350, 2.748347 [0.253960/29.444847] [2646/0.359885]
Epoch 9 done. Evaluation:
(44255, 50000)
(7779, 10000)
  1  10  50, 0.382149 [0.244734/29.417086] [2737/0.359885]
  1  10 100, 0.744532 [0.218388/29.404136] [2787/0.359885]
  1  10 150, 1.117281 [0.247947/29.391204] [2837/0.359885]
  1  10 200, 1.507034 [0.191644/29.378753] [2887/0.359885]
  1  10 250, 1.900275 [0.234232/29.364228] [2937/0.359885]
  1  10 300, 2.293028 [0.201935/29.352678] [2987/0.359885]
  1  10 350, 2.688778 [0.220975/29.340339] [3037/0.359885]
Epoch 10 done. Evaluation:
(44440, 50000)
(7296, 10000)
  1  11  50, 0.351606 [0.219779/29.315446] [   0/0.351606]
  1  11 100, 0.726764 [0.256001/29.306130] [  50/0.351606]
  1  11 150, 1.106908 [0.225051/29.293391] [ 100/0.351606]
  1  11 200, 1.497068 [0.243885/29.283479] [ 150/0.351606]
  1  11 250, 1.885860 [0.221805/29.270724] [ 200/0.351606]
  1  11 300, 2.272837 [0.195495/29.258976] [ 250/0.351606]
  1  11 350, 2.664397 [0.197443/29.245124] [ 300/0.351606]
Epoch 11 done. Evaluation:
(44491, 50000)
(7804, 10000)
  1  12  50, 0.375338 [0.236681/29.223296] [ 391/0.351606]
  1  12 100, 0.750923 [0.200900/29.215069] [ 441/0.351606]
  1  12 150, 1.142786 [0.242322/29.205277] [ 491/0.351606]
  1  12 200, 1.514126 [0.235265/29.192043] [ 541/0.351606]
  1  12 250, 1.907380 [0.263917/29.179525] [ 591/0.351606]
  1  12 300, 2.297616 [0.238289/29.166215] [ 641/0.351606]
  1  12 350, 2.676574 [0.224234/29.149868] [ 691/0.351606]
Epoch 12 done. Evaluation:
(44461, 50000)
(8072, 10000)
  1  13  50, 0.367125 [0.208644/29.130867] [ 782/0.351606]
  1  13 100, 0.716124 [0.267752/29.122492] [ 832/0.351606]
  1  13 150, 1.090371 [0.234352/29.111362] [ 882/0.351606]
  1  13 200, 1.467034 [0.325506/29.101593] [ 932/0.351606]
  1  13 250, 1.852383 [0.210832/29.087425] [ 982/0.351606]
  1  13 300, 2.238106 [0.283605/29.071654] [1032/0.351606]
  1  13 350, 2.611317 [0.271511/29.057047] [1082/0.351606]
Epoch 13 done. Evaluation:
(44624, 50000)
(8047, 10000)
  1  14  50, 0.367655 [0.249019/29.035228] [1173/0.351606]
  1  14 100, 0.733420 [0.241898/29.026181] [1223/0.351606]
  1  14 150, 1.103874 [0.220858/29.015521] [1273/0.351606]
  1  14 200, 1.490223 [0.246297/29.003700] [1323/0.351606]
  1  14 250, 1.856899 [0.261489/28.994664] [1373/0.351606]
  1  14 300, 2.240389 [0.220428/28.979690] [1423/0.351606]
  1  14 350, 2.648244 [0.252912/28.968969] [1473/0.351606]
Epoch 14 done. Evaluation:
(44546, 50000)
(7889, 10000)
  1  15  50, 0.341797 [0.240518/28.947019] [   0/0.341797]
  1  15 100, 0.696430 [0.233639/28.939958] [  50/0.341797]
  1  15 150, 1.067444 [0.228696/28.925628] [ 100/0.341797]
  1  15 200, 1.461710 [0.218108/28.914125] [ 150/0.341797]
  1  15 250, 1.833162 [0.210475/28.902454] [ 200/0.341797]
  1  15 300, 2.222052 [0.225937/28.890213] [ 250/0.341797]
  1  15 350, 2.598575 [0.255957/28.878104] [ 300/0.341797]
Epoch 15 done. Evaluation:
(44611, 50000)
(7269, 10000)
  1  16  50, 0.350167 [0.241521/28.855538] [ 391/0.341797]
  1  16 100, 0.705004 [0.228185/28.846302] [ 441/0.341797]
  1  16 150, 1.082602 [0.232598/28.835733] [ 491/0.341797]
  1  16 200, 1.458106 [0.283626/28.826156] [ 541/0.341797]
  1  16 250, 1.838776 [0.245417/28.815737] [ 591/0.341797]
  1  16 300, 2.232663 [0.254825/28.806893] [ 641/0.341797]
  1  16 350, 2.600809 [0.222144/28.794529] [ 691/0.341797]
Epoch 16 done. Evaluation:
(44663, 50000)
(8133, 10000)
  1  17  50, 0.338555 [0.282174/28.771830] [   0/0.338555]
  1  17 100, 0.692974 [0.245297/28.758801] [  50/0.338555]
  1  17 150, 1.049664 [0.241359/28.747439] [ 100/0.338555]
  1  17 200, 1.422448 [0.217152/28.735902] [ 150/0.338555]
  1  17 250, 1.792479 [0.225874/28.725255] [ 200/0.338555]
  1  17 300, 2.180678 [0.232835/28.717119] [ 250/0.338555]
  1  17 350, 2.565860 [0.238681/28.702770] [ 300/0.338555]
Epoch 17 done. Evaluation:
(44774, 50000)
(8060, 10000)
  1  18  50, 0.337717 [0.254913/28.680717] [   0/0.337717]
  1  18 100, 0.690537 [0.269507/28.669985] [  50/0.337717]
  1  18 150, 1.055915 [0.213023/28.660367] [ 100/0.337717]
  1  18 200, 1.406202 [0.195897/28.650039] [ 150/0.337717]
  1  18 250, 1.764493 [0.247551/28.639192] [ 200/0.337717]
  1  18 300, 2.140331 [0.300462/28.626597] [ 250/0.337717]
  1  18 350, 2.534347 [0.236625/28.614331] [ 300/0.337717]
Epoch 18 done. Evaluation:
(44827, 50000)
(7834, 10000)
  1  19  50, 0.356115 [0.194265/28.591574] [ 391/0.337717]
  1  19 100, 0.702014 [0.282988/28.581781] [ 441/0.337717]
  1  19 150, 1.062994 [0.215073/28.575747] [ 491/0.337717]
  1  19 200, 1.433922 [0.250421/28.564540] [ 541/0.337717]
  1  19 250, 1.803300 [0.261411/28.555450] [ 591/0.337717]
  1  19 300, 2.186286 [0.178416/28.542024] [ 641/0.337717]
  1  19 350, 2.570996 [0.248380/28.529033] [ 691/0.337717]
Epoch 19 done. Evaluation:
(44697, 50000)
(7821, 10000)
  2   0  50, 0.288193 [0.102286/28.501138] [   0/0.288193]
  2   0 100, 0.562892 [0.122510/28.485569] [  50/0.288193]
  2   0 150, 0.826196 [0.110263/28.469679] [ 100/0.288193]
  2   0 200, 1.099415 [0.127243/28.455060] [ 150/0.288193]
  2   0 250, 1.362608 [0.121230/28.441656] [ 200/0.288193]
  2   0 300, 1.628059 [0.118742/28.427215] [ 250/0.288193]
  2   0 350, 1.907607 [0.100816/28.412763] [ 300/0.288193]
Epoch 0 done. Evaluation:
(46446, 50000)
(8423, 10000)
  2   1  50, 0.236664 [0.114587/28.389085] [   0/0.236664]
  2   1 100, 0.487039 [0.141787/28.376186] [  50/0.236664]
  2   1 150, 0.729650 [0.124334/28.363439] [ 100/0.236664]
  2   1 200, 0.995551 [0.112750/28.352123] [ 150/0.236664]
  2   1 250, 1.259769 [0.140592/28.340812] [ 200/0.236664]
  2   1 300, 1.509280 [0.129969/28.329601] [ 250/0.236664]
  2   1 350, 1.765196 [0.136892/28.318720] [ 300/0.236664]
Epoch 1 done. Evaluation:
(46736, 50000)
(8328, 10000)
  2   2  50, 0.236465 [0.155973/28.297963] [   0/0.236465]
  2   2 100, 0.475652 [0.087652/28.286985] [  50/0.236465]
  2   2 150, 0.712452 [0.089163/28.276508] [ 100/0.236465]
  2   2 200, 0.970074 [0.120627/28.265172] [ 150/0.236465]
  2   2 250, 1.228478 [0.126931/28.254672] [ 200/0.236465]
  2   2 300, 1.493478 [0.136334/28.245312] [ 250/0.236465]
  2   2 350, 1.753981 [0.173405/28.236367] [ 300/0.236465]
Epoch 2 done. Evaluation:
(46747, 50000)
(7971, 10000)
  2   3  50, 0.247841 [0.198451/28.218498] [ 391/0.236465]
  2   3 100, 0.498236 [0.159696/28.207731] [ 441/0.236465]
  2   3 150, 0.746220 [0.128987/28.198691] [ 491/0.236465]
  2   3 200, 0.986542 [0.135874/28.188759] [ 541/0.236465]
  2   3 250, 1.246305 [0.133076/28.179866] [ 591/0.236465]
  2   3 300, 1.517342 [0.154239/28.170533] [ 641/0.236465]
  2   3 350, 1.789817 [0.089115/28.161806] [ 691/0.236465]
Epoch 3 done. Evaluation:
(46647, 50000)
(8448, 10000)
  2   4  50, 0.222815 [0.112727/28.146327] [   0/0.222815]
  2   4 100, 0.469061 [0.151927/28.139070] [  50/0.222815]
  2   4 150, 0.719253 [0.128244/28.128631] [ 100/0.222815]
  2   4 200, 0.968603 [0.128266/28.120389] [ 150/0.222815]
  2   4 250, 1.240920 [0.166277/28.112766] [ 200/0.222815]
  2   4 300, 1.503776 [0.169984/28.103919] [ 250/0.222815]
  2   4 350, 1.784998 [0.131438/28.095684] [ 300/0.222815]
Epoch 4 done. Evaluation:
(46645, 50000)
(8528, 10000)
  2   5  50, 0.226155 [0.174164/28.080426] [ 391/0.222815]
  2   5 100, 0.462614 [0.152211/28.072394] [ 441/0.222815]
  2   5 150, 0.713382 [0.162084/28.063766] [ 491/0.222815]
  2   5 200, 0.978158 [0.201925/28.057071] [ 541/0.222815]
  2   5 250, 1.232315 [0.190483/28.048597] [ 591/0.222815]
  2   5 300, 1.510808 [0.134234/28.041592] [ 641/0.222815]
  2   5 350, 1.804045 [0.177754/28.033438] [ 691/0.222815]
Epoch 5 done. Evaluation:
(46563, 50000)
(8275, 10000)
  2   6  50, 0.226235 [0.161206/28.017411] [ 782/0.222815]
  2   6 100, 0.466787 [0.091792/28.009430] [ 832/0.222815]
  2   6 150, 0.722881 [0.154754/28.003759] [ 882/0.222815]
  2   6 200, 0.972191 [0.092301/27.994963] [ 932/0.222815]
  2   6 250, 1.235588 [0.136584/27.987606] [ 982/0.222815]
  2   6 300, 1.527397 [0.193834/27.981251] [1032/0.222815]
  2   6 350, 1.789817 [0.162732/27.972937] [1082/0.222815]
Epoch 6 done. Evaluation:
(46605, 50000)
(7902, 10000)
  2   7  50, 0.239748 [0.141152/27.958363] [1173/0.222815]
  2   7 100, 0.480098 [0.144552/27.951687] [1223/0.222815]
  2   7 150, 0.732194 [0.091990/27.941693] [1273/0.222815]
  2   7 200, 0.990775 [0.183162/27.934283] [1323/0.222815]
  2   7 250, 1.247801 [0.171451/27.927762] [1373/0.222815]
  2   7 300, 1.524359 [0.175686/27.920955] [1423/0.222815]
  2   7 350, 1.787681 [0.150327/27.913037] [1473/0.222815]
Epoch 7 done. Evaluation:
(46672, 50000)
(7769, 10000)
  2   8  50, 0.231603 [0.146949/27.899885] [1564/0.222815]
  2   8 100, 0.467561 [0.158863/27.891767] [1614/0.222815]
  2   8 150, 0.717772 [0.167512/27.885229] [1664/0.222815]
  2   8 200, 0.972014 [0.098837/27.878507] [1714/0.222815]
  2   8 250, 1.243766 [0.152305/27.870613] [1764/0.222815]
  2   8 300, 1.506187 [0.149539/27.863678] [1814/0.222815]
  2   8 350, 1.774817 [0.171259/27.856630] [1864/0.222815]
Epoch 8 done. Evaluation:
(46591, 50000)
(8408, 10000)
  2   9  50, 0.237252 [0.163272/27.842808] [1955/0.222815]
  2   9 100, 0.474609 [0.200280/27.835865] [2005/0.222815]
  2   9 150, 0.720271 [0.169513/27.828243] [2055/0.222815]
  2   9 200, 0.967643 [0.188040/27.822025] [2105/0.222815]
  2   9 250, 1.236043 [0.156672/27.815865] [2155/0.222815]
  2   9 300, 1.501149 [0.180342/27.809004] [2205/0.222815]
  2   9 350, 1.761932 [0.138897/27.801367] [2255/0.222815]
Epoch 9 done. Evaluation:
(46656, 50000)
(7873, 10000)
  2  10  50, 0.229651 [0.127310/27.787006] [2346/0.222815]
  2  10 100, 0.455655 [0.156855/27.780055] [2396/0.222815]
  2  10 150, 0.699524 [0.186484/27.774580] [2446/0.222815]
  2  10 200, 0.957255 [0.216526/27.769823] [2496/0.222815]
  2  10 250, 1.222035 [0.175758/27.762903] [2546/0.222815]
  2  10 300, 1.489865 [0.139244/27.756835] [2596/0.222815]
  2  10 350, 1.756691 [0.152880/27.749364] [2646/0.222815]
Epoch 10 done. Evaluation:
(46699, 50000)
(7947, 10000)
  2  11  50, 0.236277 [0.162749/27.736442] [2737/0.222815]
  2  11 100, 0.482490 [0.120372/27.728488] [2787/0.222815]
  2  11 150, 0.715206 [0.171419/27.721488] [2837/0.222815]
  2  11 200, 0.963329 [0.134259/27.715527] [2887/0.222815]
  2  11 250, 1.223659 [0.144173/27.709477] [2937/0.222815]
  2  11 300, 1.473983 [0.143783/27.703321] [2987/0.222815]
  2  11 350, 1.734071 [0.152711/27.695991] [3037/0.222815]
Epoch 11 done. Evaluation:
(46764, 50000)
(8386, 10000)
  2  12  50, 0.230367 [0.132180/27.683040] [3128/0.222815]
  2  12 100, 0.474011 [0.127642/27.675970] [3178/0.222815]
  2  12 150, 0.722392 [0.135462/27.668415] [3228/0.222815]
  2  12 200, 0.977041 [0.187360/27.662022] [3278/0.222815]
  2  12 250, 1.234031 [0.149758/27.656076] [3328/0.222815]
  2  12 300, 1.501969 [0.146618/27.649365] [3378/0.222815]
  2  12 350, 1.767131 [0.127810/27.642776] [3428/0.222815]
Epoch 12 done. Evaluation:
(46644, 50000)
(8382, 10000)
  2  13  50, 0.233716 [0.149973/27.632644] [3519/0.222815]
  2  13 100, 0.487766 [0.120304/27.627458] [3569/0.222815]
  2  13 150, 0.718283 [0.145898/27.620459] [3619/0.222815]
  2  13 200, 0.973373 [0.131517/27.614792] [3669/0.222815]
  2  13 250, 1.239257 [0.144037/27.607424] [3719/0.222815]
  2  13 300, 1.511627 [0.201278/27.602687] [3769/0.222815]
  2  13 350, 1.770859 [0.166489/27.595951] [3819/0.222815]
Epoch 13 done. Evaluation:
(46603, 50000)
(8211, 10000)
  2  14  50, 0.230894 [0.141062/27.584548] [3910/0.222815]
  2  14 100, 0.460734 [0.158362/27.576522] [3960/0.222815]
  2  14 150, 0.707020 [0.129010/27.569185] [4010/0.222815]
  2  14 200, 0.957339 [0.138631/27.563080] [4060/0.222815]
  2  14 250, 1.218717 [0.108721/27.556225] [4110/0.222815]
  2  14 300, 1.472604 [0.126475/27.550123] [4160/0.222815]
  2  14 350, 1.740498 [0.125223/27.542835] [4210/0.222815]
Epoch 14 done. Evaluation:
(46792, 50000)
(7803, 10000)
  2  15  50, 0.219829 [0.109787/27.530281] [   0/0.219829]
  2  15 100, 0.451683 [0.187672/27.524499] [  50/0.219829]
  2  15 150, 0.699544 [0.146183/27.518638] [ 100/0.219829]
  2  15 200, 0.950363 [0.193124/27.512704] [ 150/0.219829]
  2  15 250, 1.199457 [0.129975/27.505257] [ 200/0.219829]
  2  15 300, 1.453084 [0.114327/27.499440] [ 250/0.219829]
  2  15 350, 1.720521 [0.132568/27.494660] [ 300/0.219829]
Epoch 15 done. Evaluation:
(46830, 50000)
(8302, 10000)
  2  16  50, 0.215666 [0.133266/27.482546] [   0/0.215666]
  2  16 100, 0.451668 [0.196310/27.477141] [  50/0.215666]
  2  16 150, 0.696545 [0.134527/27.470839] [ 100/0.215666]
  2  16 200, 0.963772 [0.183302/27.466002] [ 150/0.215666]
  2  16 250, 1.214093 [0.192313/27.459730] [ 200/0.215666]
  2  16 300, 1.458920 [0.200791/27.453052] [ 250/0.215666]
  2  16 350, 1.717178 [0.174409/27.446854] [ 300/0.215666]
Epoch 16 done. Evaluation:
(46788, 50000)
(8358, 10000)
  2  17  50, 0.211193 [0.172402/27.435104] [   0/0.211193]
  2  17 100, 0.463805 [0.173626/27.429502] [  50/0.211193]
  2  17 150, 0.709772 [0.099366/27.423474] [ 100/0.211193]
  2  17 200, 0.948357 [0.158552/27.416257] [ 150/0.211193]
  2  17 250, 1.199501 [0.144977/27.409373] [ 200/0.211193]
  2  17 300, 1.461511 [0.160129/27.404356] [ 250/0.211193]
  2  17 350, 1.725153 [0.128925/27.398030] [ 300/0.211193]
Epoch 17 done. Evaluation:
(46799, 50000)
(8208, 10000)
  2  18  50, 0.211401 [0.112546/27.386326] [ 391/0.211193]
  2  18 100, 0.435357 [0.196114/27.380096] [ 441/0.211193]
  2  18 150, 0.681096 [0.136804/27.372809] [ 491/0.211193]
  2  18 200, 0.914882 [0.188764/27.366220] [ 541/0.211193]
  2  18 250, 1.178081 [0.098702/27.360840] [ 591/0.211193]
  2  18 300, 1.431712 [0.218732/27.355109] [ 641/0.211193]
  2  18 350, 1.699653 [0.177756/27.350317] [ 691/0.211193]
Epoch 18 done. Evaluation:
(46848, 50000)
(8287, 10000)
  2  19  50, 0.221167 [0.149887/27.335772] [ 782/0.211193]
  2  19 100, 0.442781 [0.151338/27.329623] [ 832/0.211193]
  2  19 150, 0.685472 [0.165776/27.322629] [ 882/0.211193]
  2  19 200, 0.937009 [0.164916/27.317605] [ 932/0.211193]
  2  19 250, 1.196388 [0.130762/27.310950] [ 982/0.211193]
  2  19 300, 1.468690 [0.147970/27.304945] [1032/0.211193]
  2  19 350, 1.726619 [0.203335/27.300029] [1082/0.211193]
Epoch 19 done. Evaluation:
(46795, 50000)
(8422, 10000)
  3   0  50, 0.197017 [0.073384/27.287666] [   0/0.197017]
  3   0 100, 0.374126 [0.053283/27.279297] [  50/0.197017]
  3   0 150, 0.540180 [0.082279/27.271195] [ 100/0.197017]
  3   0 200, 0.719322 [0.074793/27.263053] [ 150/0.197017]
  3   0 250, 0.885859 [0.067005/27.254700] [ 200/0.197017]
  3   0 300, 1.044968 [0.057643/27.246745] [ 250/0.197017]
  3   0 350, 1.209746 [0.058371/27.239403] [ 300/0.197017]
Epoch 0 done. Evaluation:
(48150, 50000)
(8681, 10000)
  3   1  50, 0.140358 [0.055807/27.224104] [   0/0.140358]
  3   1 100, 0.282430 [0.081066/27.216122] [  50/0.140358]
  3   1 150, 0.415917 [0.065971/27.208140] [ 100/0.140358]
  3   1 200, 0.547102 [0.056607/27.199917] [ 150/0.140358]
  3   1 250, 0.699169 [0.082383/27.192649] [ 200/0.140358]
  3   1 300, 0.843250 [0.049821/27.184935] [ 250/0.140358]
  3   1 350, 0.995851 [0.079932/27.177261] [ 300/0.140358]
Epoch 1 done. Evaluation:
(48654, 50000)
(8641, 10000)
  3   2  50, 0.140304 [0.058489/27.163564] [   0/0.140304]
  3   2 100, 0.271047 [0.061827/27.155602] [  50/0.140304]
  3   2 150, 0.411599 [0.075664/27.148413] [ 100/0.140304]
  3   2 200, 0.553604 [0.058139/27.141066] [ 150/0.140304]
  3   2 250, 0.694316 [0.096219/27.134302] [ 200/0.140304]
  3   2 300, 0.849713 [0.105675/27.128323] [ 250/0.140304]
  3   2 350, 1.004134 [0.091657/27.121497] [ 300/0.140304]
Epoch 2 done. Evaluation:
(48610, 50000)
(8638, 10000)
  3   3  50, 0.131202 [0.085907/27.108945] [   0/0.131202]
  3   3 100, 0.264887 [0.046707/27.101631] [  50/0.131202]
  3   3 150, 0.398561 [0.044631/27.094913] [ 100/0.131202]
  3   3 200, 0.556031 [0.055641/27.089375] [ 150/0.131202]
  3   3 250, 0.704254 [0.086082/27.083203] [ 200/0.131202]
  3   3 300, 0.849990 [0.056012/27.076775] [ 250/0.131202]
  3   3 350, 1.007969 [0.088515/27.070908] [ 300/0.131202]
Epoch 3 done. Evaluation:
(48636, 50000)
(8385, 10000)
  3   4  50, 0.140966 [0.057242/27.058888] [ 391/0.131202]
  3   4 100, 0.281284 [0.082987/27.052515] [ 441/0.131202]
  3   4 150, 0.416494 [0.090791/27.046071] [ 491/0.131202]
  3   4 200, 0.572009 [0.073757/27.041388] [ 541/0.131202]
  3   4 250, 0.740851 [0.120024/27.036247] [ 591/0.131202]
  3   4 300, 0.890041 [0.075031/27.030570] [ 641/0.131202]
  3   4 350, 1.061605 [0.094457/27.025183] [ 691/0.131202]
Epoch 4 done. Evaluation:
(48419, 50000)
(8665, 10000)
  3   5  50, 0.138548 [0.099905/27.014616] [ 782/0.131202]
  3   5 100, 0.279364 [0.097390/27.009207] [ 832/0.131202]
  3   5 150, 0.421511 [0.092869/27.003059] [ 882/0.131202]
  3   5 200, 0.568126 [0.094016/26.997245] [ 932/0.131202]
  3   5 250, 0.719766 [0.096982/26.991325] [ 982/0.131202]
  3   5 300, 0.881639 [0.080137/26.985539] [1032/0.131202]
  3   5 350, 1.048831 [0.116207/26.979774] [1082/0.131202]
Epoch 5 done. Evaluation:
(48450, 50000)
(8648, 10000)
  3   6  50, 0.143349 [0.071488/26.968439] [1173/0.131202]
  3   6 100, 0.282556 [0.074173/26.962342] [1223/0.131202]
  3   6 150, 0.427635 [0.097926/26.955982] [1273/0.131202]
  3   6 200, 0.568930 [0.036761/26.950389] [1323/0.131202]
  3   6 250, 0.706877 [0.122333/26.944107] [1373/0.131202]
  3   6 300, 0.863119 [0.111149/26.939484] [1423/0.131202]
  3   6 350, 1.020506 [0.061134/26.934916] [1473/0.131202]
Epoch 6 done. Evaluation:
(48535, 50000)
(8449, 10000)
  3   7  50, 0.146359 [0.067096/26.925872] [1564/0.131202]
  3   7 100, 0.289850 [0.070993/26.920550] [1614/0.131202]
  3   7 150, 0.439657 [0.095306/26.916475] [1664/0.131202]
  3   7 200, 0.604447 [0.090205/26.911176] [1714/0.131202]
  3   7 250, 0.755814 [0.077990/26.906296] [1764/0.131202]
  3   7 300, 0.908619 [0.096157/26.900994] [1814/0.131202]
  3   7 350, 1.076403 [0.115993/26.896257] [1864/0.131202]
Epoch 7 done. Evaluation:
(48353, 50000)
(8544, 10000)
  3   8  50, 0.145385 [0.080151/26.886457] [1955/0.131202]
  3   8 100, 0.282525 [0.103439/26.880514] [2005/0.131202]
  3   8 150, 0.427723 [0.061432/26.875225] [2055/0.131202]
  3   8 200, 0.571064 [0.070888/26.869948] [2105/0.131202]
  3   8 250, 0.731114 [0.068480/26.865263] [2155/0.131202]
  3   8 300, 0.892585 [0.065511/26.861731] [2205/0.131202]
  3   8 350, 1.062931 [0.096977/26.856965] [2255/0.131202]
Epoch 8 done. Evaluation:
(48430, 50000)
(8305, 10000)
  3   9  50, 0.147498 [0.058671/26.847613] [2346/0.131202]
  3   9 100, 0.286451 [0.051880/26.842269] [2396/0.131202]
  3   9 150, 0.447083 [0.109120/26.837741] [2446/0.131202]
  3   9 200, 0.604676 [0.091363/26.832523] [2496/0.131202]
  3   9 250, 0.758160 [0.068086/26.827916] [2546/0.131202]
  3   9 300, 0.934832 [0.100851/26.823715] [2596/0.131202]
  3   9 350, 1.105257 [0.092878/26.819224] [2646/0.131202]
Epoch 9 done. Evaluation:
(48322, 50000)
(8375, 10000)
  3  10  50, 0.152379 [0.109741/26.811186] [2737/0.131202]
  3  10 100, 0.298258 [0.085057/26.806022] [2787/0.131202]
  3  10 150, 0.449242 [0.148908/26.801372] [2837/0.131202]
  3  10 200, 0.607757 [0.088438/26.796472] [2887/0.131202]
  3  10 250, 0.759484 [0.079373/26.791970] [2937/0.131202]
  3  10 300, 0.916486 [0.126816/26.787733] [2987/0.131202]
  3  10 350, 1.085791 [0.088570/26.783781] [3037/0.131202]
Epoch 10 done. Evaluation:
(48295, 50000)
(8260, 10000)
  3  11  50, 0.143948 [0.054351/26.775277] [3128/0.131202]
  3  11 100, 0.290650 [0.068314/26.770461] [3178/0.131202]
  3  11 150, 0.447909 [0.074000/26.765841] [3228/0.131202]
  3  11 200, 0.605410 [0.101679/26.762329] [3278/0.131202]
  3  11 250, 0.764467 [0.062093/26.757184] [3328/0.131202]
  3  11 300, 0.924962 [0.099896/26.752960] [3378/0.131202]
  3  11 350, 1.115678 [0.094244/26.749840] [3428/0.131202]
Epoch 11 done. Evaluation:
(48283, 50000)
(8622, 10000)
  3  12  50, 0.134617 [0.085995/26.740578] [3519/0.131202]
  3  12 100, 0.288019 [0.095181/26.735867] [3569/0.131202]
  3  12 150, 0.440281 [0.092200/26.732231] [3619/0.131202]
  3  12 200, 0.601509 [0.115981/26.727903] [3669/0.131202]
  3  12 250, 0.768887 [0.109767/26.723059] [3719/0.131202]
  3  12 300, 0.941312 [0.085395/26.718983] [3769/0.131202]
  3  12 350, 1.113609 [0.094903/26.715086] [3819/0.131202]
Epoch 12 done. Evaluation:
(48274, 50000)
(8505, 10000)
  3  13  50, 0.153422 [0.059350/26.707691] [3910/0.131202]
  3  13 100, 0.303438 [0.048941/26.702727] [3960/0.131202]
  3  13 150, 0.455703 [0.118818/26.698793] [4010/0.131202]
  3  13 200, 0.608981 [0.066921/26.694143] [4060/0.131202]
  3  13 250, 0.780868 [0.098866/26.690268] [4110/0.131202]
  3  13 300, 0.950678 [0.084704/26.685884] [4160/0.131202]
  3  13 350, 1.114552 [0.103125/26.681969] [4210/0.131202]
Epoch 13 done. Evaluation:
(48277, 50000)
(8222, 10000)
  3  14  50, 0.141906 [0.089657/26.674048] [4301/0.131202]
  3  14 100, 0.286262 [0.101688/26.669899] [4351/0.131202]
  3  14 150, 0.445173 [0.118376/26.665462] [4401/0.131202]
  3  14 200, 0.600601 [0.095051/26.660773] [4451/0.131202]
  3  14 250, 0.757806 [0.098596/26.656994] [4501/0.131202]
  3  14 300, 0.934088 [0.122619/26.652922] [4551/0.131202]
  3  14 350, 1.086338 [0.063373/26.647710] [4601/0.131202]
Epoch 14 done. Evaluation:
(48391, 50000)
(8576, 10000)
  3  15  50, 0.139707 [0.067938/26.639745] [4692/0.131202]
  3  15 100, 0.292770 [0.108474/26.634770] [4742/0.131202]
  3  15 150, 0.449856 [0.141874/26.630100] [4792/0.131202]
  3  15 200, 0.611527 [0.096388/26.625619] [4842/0.131202]
  3  15 250, 0.771458 [0.088197/26.621715] [4892/0.131202]
  3  15 300, 0.930314 [0.098944/26.617450] [4942/0.131202]
  3  15 350, 1.111750 [0.083342/26.614259] [4992/0.131202]
Epoch 15 done. Evaluation:
(48299, 50000)
(8496, 10000)
  3  16  50, 0.143184 [0.140115/26.606696] [5083/0.131202]
  3  16 100, 0.292737 [0.106687/26.602218] [5133/0.131202]
  3  16 150, 0.440776 [0.030339/26.597615] [5183/0.131202]
  3  16 200, 0.597393 [0.082808/26.594179] [5233/0.131202]
  3  16 250, 0.750597 [0.092595/26.589708] [5283/0.131202]
  3  16 300, 0.909788 [0.100602/26.585915] [5333/0.131202]
  3  16 350, 1.070624 [0.137336/26.581742] [5383/0.131202]
Epoch 16 done. Evaluation:
(48346, 50000)
(8489, 10000)
  3  17  50, 0.142817 [0.068173/26.574004] [5474/0.131202]
  3  17 100, 0.284730 [0.100735/26.569038] [5524/0.131202]
  3  17 150, 0.436107 [0.072035/26.564974] [5574/0.131202]
  3  17 200, 0.598788 [0.069131/26.562070] [5624/0.131202]
  3  17 250, 0.755101 [0.092948/26.558241] [5674/0.131202]
  3  17 300, 0.926613 [0.122686/26.554900] [5724/0.131202]
  3  17 350, 1.100494 [0.096759/26.550784] [5774/0.131202]
Epoch 17 done. Evaluation:
(48271, 50000)
(8469, 10000)
  3  18  50, 0.140298 [0.110268/26.542913] [5865/0.131202]
  3  18 100, 0.281406 [0.092663/26.538069] [5915/0.131202]
  3  18 150, 0.439150 [0.076536/26.534041] [5965/0.131202]
  3  18 200, 0.610131 [0.116386/26.530446] [6015/0.131202]
  3  18 250, 0.777720 [0.085100/26.526248] [6065/0.131202]
  3  18 300, 0.944338 [0.083756/26.522351] [6115/0.131202]
  3  18 350, 1.111275 [0.065881/26.518952] [6165/0.131202]
Epoch 18 done. Evaluation:
(48298, 50000)
(8431, 10000)
  3  19  50, 0.149176 [0.044877/26.512690] [6256/0.131202]
  3  19 100, 0.313567 [0.084429/26.509132] [6306/0.131202]
  3  19 150, 0.470304 [0.084994/26.505458] [6356/0.131202]
  3  19 200, 0.642652 [0.093161/26.501924] [6406/0.131202]
  3  19 250, 0.809593 [0.104871/26.497936] [6456/0.131202]
  3  19 300, 0.965208 [0.126242/26.494547] [6506/0.131202]
  3  19 350, 1.136495 [0.100259/26.490931] [6556/0.131202]
Epoch 19 done. Evaluation:
(48220, 50000)
(7651, 10000)
  4   0  50, 0.125372 [0.042880/26.483700] [   0/0.125372]
  4   0 100, 0.247166 [0.048935/26.479181] [  50/0.125372]
  4   0 150, 0.356330 [0.045534/26.474722] [ 100/0.125372]
  4   0 200, 0.462979 [0.038214/26.470257] [ 150/0.125372]
  4   0 250, 0.567069 [0.028362/26.465718] [ 200/0.125372]
  4   0 300, 0.678911 [0.030905/26.461288] [ 250/0.125372]
  4   0 350, 0.783329 [0.043394/26.456918] [ 300/0.125372]
Epoch 0 done. Evaluation:
(49212, 50000)
(8798, 10000)
  4   1  50, 0.097095 [0.046975/26.448865] [   0/0.097095]
  4   1 100, 0.189982 [0.029705/26.444162] [  50/0.097095]
  4   1 150, 0.286906 [0.025893/26.439659] [ 100/0.097095]
  4   1 200, 0.379882 [0.034230/26.435028] [ 150/0.097095]
  4   1 250, 0.473567 [0.040272/26.430452] [ 200/0.097095]
  4   1 300, 0.563132 [0.055514/26.425848] [ 250/0.097095]
  4   1 350, 0.658249 [0.027714/26.421699] [ 300/0.097095]
Epoch 1 done. Evaluation:
(49518, 50000)
(8815, 10000)
  4   2  50, 0.076338 [0.029674/26.413045] [   0/0.076338]
  4   2 100, 0.159869 [0.029858/26.408292] [  50/0.076338]
  4   2 150, 0.241670 [0.009544/26.403376] [ 100/0.076338]
  4   2 200, 0.321529 [0.039167/26.398743] [ 150/0.076338]
  4   2 250, 0.405284 [0.046914/26.394143] [ 200/0.076338]
  4   2 300, 0.487768 [0.026889/26.389365] [ 250/0.076338]
  4   2 350, 0.568532 [0.022755/26.384719] [ 300/0.076338]
Epoch 2 done. Evaluation:
(49668, 50000)
(8843, 10000)
  4   3  50, 0.080672 [0.012840/26.376369] [ 391/0.076338]
  4   3 100, 0.159273 [0.023126/26.371829] [ 441/0.076338]
  4   3 150, 0.237294 [0.044011/26.367206] [ 491/0.076338]
  4   3 200, 0.318419 [0.041103/26.362547] [ 541/0.076338]
  4   3 250, 0.398015 [0.010409/26.357752] [ 591/0.076338]
  4   3 300, 0.473632 [0.051583/26.353082] [ 641/0.076338]
  4   3 350, 0.548413 [0.010142/26.348462] [ 691/0.076338]
Epoch 3 done. Evaluation:
(49738, 50000)
(8791, 10000)
  4   4  50, 0.072750 [0.010250/26.339857] [   0/0.072750]
  4   4 100, 0.150620 [0.025345/26.335081] [  50/0.072750]
  4   4 150, 0.222013 [0.032678/26.330187] [ 100/0.072750]
  4   4 200, 0.295550 [0.029755/26.325401] [ 150/0.072750]
  4   4 250, 0.368072 [0.014374/26.320655] [ 200/0.072750]
  4   4 300, 0.448408 [0.033224/26.316105] [ 250/0.072750]
  4   4 350, 0.522185 [0.020858/26.311526] [ 300/0.072750]
Epoch 4 done. Evaluation:
(49777, 50000)
(8732, 10000)
  4   5  50, 0.072776 [0.022422/26.303249] [ 391/0.072750]
  4   5 100, 0.141894 [0.014690/26.298284] [ 441/0.072750]
  4   5 150, 0.218736 [0.013156/26.293676] [ 491/0.072750]
  4   5 200, 0.288621 [0.060911/26.288886] [ 541/0.072750]
  4   5 250, 0.365703 [0.014405/26.284475] [ 591/0.072750]
  4   5 300, 0.441194 [0.036611/26.279890] [ 641/0.072750]
  4   5 350, 0.516088 [0.007435/26.275497] [ 691/0.072750]
Epoch 5 done. Evaluation:
(49768, 50000)
(8792, 10000)
  4   6  50, 0.071485 [0.043139/26.267360] [   0/0.071485]
  4   6 100, 0.143418 [0.036245/26.262720] [  50/0.071485]
  4   6 150, 0.216045 [0.005104/26.258149] [ 100/0.071485]
  4   6 200, 0.290556 [0.018170/26.253795] [ 150/0.071485]
  4   6 250, 0.364233 [0.010076/26.249342] [ 200/0.071485]
  4   6 300, 0.440209 [0.039178/26.244980] [ 250/0.071485]
  4   6 350, 0.515093 [0.025013/26.240546] [ 300/0.071485]
Epoch 6 done. Evaluation:
(49796, 50000)
(8774, 10000)
  4   7  50, 0.069759 [0.010284/26.232548] [   0/0.069759]
  4   7 100, 0.142226 [0.005307/26.228023] [  50/0.069759]
  4   7 150, 0.214323 [0.053908/26.223600] [ 100/0.069759]
  4   7 200, 0.288555 [0.010309/26.219218] [ 150/0.069759]
  4   7 250, 0.364581 [0.017298/26.215239] [ 200/0.069759]
  4   7 300, 0.440858 [0.016653/26.211159] [ 250/0.069759]
  4   7 350, 0.519026 [0.027073/26.207124] [ 300/0.069759]
Epoch 7 done. Evaluation:
(49778, 50000)
(8567, 10000)
  4   8  50, 0.073209 [0.043577/26.199732] [ 391/0.069759]
  4   8 100, 0.152546 [0.038253/26.195744] [ 441/0.069759]
  4   8 150, 0.228881 [0.040183/26.191716] [ 491/0.069759]
  4   8 200, 0.314209 [0.006965/26.188271] [ 541/0.069759]
  4   8 250, 0.393348 [0.007484/26.184534] [ 591/0.069759]
  4   8 300, 0.475474 [0.026093/26.180694] [ 641/0.069759]
  4   8 350, 0.556179 [0.052593/26.176939] [ 691/0.069759]
Epoch 8 done. Evaluation:
(49677, 50000)
(8747, 10000)
  4   9  50, 0.080329 [0.046065/26.169923] [ 782/0.069759]
  4   9 100, 0.165165 [0.046402/26.166465] [ 832/0.069759]
  4   9 150, 0.250247 [0.032261/26.163019] [ 882/0.069759]
  4   9 200, 0.335812 [0.060940/26.159569] [ 932/0.069759]
  4   9 250, 0.431123 [0.031180/26.156603] [ 982/0.069759]
  4   9 300, 0.521989 [0.073961/26.153640] [1032/0.069759]
  4   9 350, 0.619896 [0.053998/26.150686] [1082/0.069759]
Epoch 9 done. Evaluation:
(49476, 50000)
(8521, 10000)
  4  10  50, 0.090697 [0.057819/26.145441] [1173/0.069759]
  4  10 100, 0.190148 [0.038372/26.142894] [1223/0.069759]
  4  10 150, 0.288491 [0.036848/26.140376] [1273/0.069759]
  4  10 200, 0.385077 [0.043990/26.137402] [1323/0.069759]
  4  10 250, 0.484187 [0.051781/26.134650] [1373/0.069759]
  4  10 300, 0.579664 [0.067320/26.131563] [1423/0.069759]
  4  10 350, 0.684132 [0.025791/26.128577] [1473/0.069759]
Epoch 10 done. Evaluation:
(49338, 50000)
(8724, 10000)
  4  11  50, 0.098359 [0.053907/26.123402] [1564/0.069759]
  4  11 100, 0.198582 [0.020890/26.120565] [1614/0.069759]
  4  11 150, 0.297841 [0.043948/26.117670] [1664/0.069759]
  4  11 200, 0.403034 [0.063037/26.115280] [1714/0.069759]
  4  11 250, 0.506940 [0.059454/26.112470] [1764/0.069759]
  4  11 300, 0.608501 [0.045455/26.109591] [1814/0.069759]
  4  11 350, 0.706268 [0.030100/26.106741] [1864/0.069759]
Epoch 11 done. Evaluation:
(49289, 50000)
(8622, 10000)
  4  12  50, 0.104982 [0.030378/26.101263] [1955/0.069759]
  4  12 100, 0.205719 [0.068643/26.098246] [2005/0.069759]
  4  12 150, 0.308316 [0.032111/26.095382] [2055/0.069759]
  4  12 200, 0.416088 [0.032634/26.092921] [2105/0.069759]
  4  12 250, 0.519732 [0.067734/26.090260] [2155/0.069759]
  4  12 300, 0.626770 [0.048461/26.087940] [2205/0.069759]
  4  12 350, 0.733102 [0.049494/26.085476] [2255/0.069759]
Epoch 12 done. Evaluation:
(49228, 50000)
(8696, 10000)
  4  13  50, 0.095280 [0.022027/26.080296] [2346/0.069759]
  4  13 100, 0.185468 [0.057628/26.076623] [2396/0.069759]
  4  13 150, 0.282799 [0.039554/26.073439] [2446/0.069759]
  4  13 200, 0.376516 [0.049289/26.070555] [2496/0.069759]
  4  13 250, 0.472005 [0.019569/26.067168] [2546/0.069759]
  4  13 300, 0.572561 [0.038370/26.064329] [2596/0.069759]
  4  13 350, 0.688139 [0.051495/26.062148] [2646/0.069759]
Epoch 13 done. Evaluation:
(49283, 50000)
(8582, 10000)
  4  14  50, 0.100066 [0.060910/26.057492] [2737/0.069759]
  4  14 100, 0.206189 [0.025672/26.054897] [2787/0.069759]
  4  14 150, 0.309391 [0.034857/26.052111] [2837/0.069759]
  4  14 200, 0.411862 [0.061087/26.049285] [2887/0.069759]
  4  14 250, 0.517060 [0.053930/26.046593] [2937/0.069759]
  4  14 300, 0.625018 [0.067004/26.043657] [2987/0.069759]
  4  14 350, 0.732496 [0.039565/26.040843] [3037/0.069759]
Epoch 14 done. Evaluation:
(49240, 50000)
(8453, 10000)
  4  15  50, 0.091850 [0.046729/26.034984] [3128/0.069759]
  4  15 100, 0.177113 [0.037133/26.031280] [3178/0.069759]
  4  15 150, 0.284562 [0.066866/26.028806] [3228/0.069759]
  4  15 200, 0.382600 [0.038888/26.025704] [3278/0.069759]
  4  15 250, 0.476762 [0.031047/26.022566] [3328/0.069759]
  4  15 300, 0.577240 [0.054256/26.019698] [3378/0.069759]
  4  15 350, 0.691870 [0.033266/26.017438] [3428/0.069759]
Epoch 15 done. Evaluation:
(49321, 50000)
(8688, 10000)
  4  16  50, 0.094624 [0.053849/26.011926] [3519/0.069759]
  4  16 100, 0.195936 [0.085883/26.009201] [3569/0.069759]
  4  16 150, 0.298282 [0.052160/26.006401] [3619/0.069759]
  4  16 200, 0.396802 [0.026501/26.003472] [3669/0.069759]
  4  16 250, 0.501218 [0.055379/26.000682] [3719/0.069759]
  4  16 300, 0.606598 [0.059275/25.998237] [3769/0.069759]
  4  16 350, 0.726881 [0.033880/25.995866] [3819/0.069759]
Epoch 16 done. Evaluation:
(49227, 50000)
(8697, 10000)
  4  17  50, 0.094071 [0.011175/25.990747] [3910/0.069759]
  4  17 100, 0.201204 [0.038289/25.987990] [3960/0.069759]
  4  17 150, 0.304161 [0.052702/25.985162] [4010/0.069759]
  4  17 200, 0.397357 [0.060326/25.982009] [4060/0.069759]
  4  17 250, 0.503569 [0.045471/25.979387] [4110/0.069759]
  4  17 300, 0.604468 [0.031836/25.976556] [4160/0.069759]
  4  17 350, 0.713493 [0.029565/25.974178] [4210/0.069759]
Epoch 17 done. Evaluation:
(49261, 50000)
(8690, 10000)
  4  18  50, 0.103478 [0.042930/25.969804] [4301/0.069759]
  4  18 100, 0.207533 [0.066289/25.966950] [4351/0.069759]
  4  18 150, 0.310338 [0.054844/25.964186] [4401/0.069759]
  4  18 200, 0.411308 [0.034887/25.961478] [4451/0.069759]
  4  18 250, 0.520601 [0.046092/25.958624] [4501/0.069759]
  4  18 300, 0.616943 [0.048101/25.956010] [4551/0.069759]
  4  18 350, 0.723612 [0.049045/25.953538] [4601/0.069759]
Epoch 18 done. Evaluation:
(49200, 50000)
(8570, 10000)
  4  19  50, 0.098511 [0.041241/25.948681] [4692/0.069759]
  4  19 100, 0.193610 [0.019600/25.945691] [4742/0.069759]
  4  19 150, 0.296480 [0.062812/25.943035] [4792/0.069759]
  4  19 200, 0.395134 [0.060712/25.940365] [4842/0.069759]
  4  19 250, 0.493422 [0.030177/25.937841] [4892/0.069759]
  4  19 300, 0.604684 [0.065252/25.935591] [4942/0.069759]
  4  19 350, 0.728951 [0.061857/25.933881] [4992/0.069759]
Epoch 19 done. Evaluation:
(49192, 50000)
(8326, 10000)
  5   0  50, 0.093345 [0.017552/25.930286] [5083/0.069759]
  5   0 100, 0.175544 [0.027902/25.928034] [5133/0.069759]
  5   0 150, 0.255000 [0.015048/25.925815] [5183/0.069759]
  5   0 200, 0.342161 [0.015818/25.923635] [5233/0.069759]
  5   0 250, 0.421945 [0.009399/25.921525] [5283/0.069759]
  5   0 300, 0.493632 [0.011484/25.919252] [5333/0.069759]
  5   0 350, 0.572277 [0.010830/25.916938] [5383/0.069759]
Epoch 0 done. Evaluation:
(49652, 50000)
(8785, 10000)
  5   1  50, 0.073917 [0.015491/25.912794] [5474/0.069759]
  5   1 100, 0.146127 [0.032706/25.910420] [5524/0.069759]
  5   1 150, 0.216945 [0.009592/25.908048] [5574/0.069759]
  5   1 200, 0.288226 [0.008987/25.905730] [5624/0.069759]
  5   1 250, 0.357860 [0.017119/25.903478] [5674/0.069759]
  5   1 300, 0.425159 [0.012894/25.901129] [5724/0.069759]
  5   1 350, 0.494270 [0.024439/25.898799] [5774/0.069759]
Epoch 1 done. Evaluation:
(49817, 50000)
(8760, 10000)
  5   2  50, 0.065705 [0.019291/25.894556] [   0/0.065705]
  5   2 100, 0.130012 [0.018185/25.892181] [  50/0.065705]
  5   2 150, 0.197043 [0.004767/25.889778] [ 100/0.065705]
  5   2 200, 0.263575 [0.005888/25.887436] [ 150/0.065705]
  5   2 250, 0.330345 [0.004813/25.885123] [ 200/0.065705]
  5   2 300, 0.397583 [0.027691/25.882797] [ 250/0.065705]
  5   2 350, 0.461003 [0.005802/25.880411] [ 300/0.065705]
Epoch 2 done. Evaluation:
(49886, 50000)
(8821, 10000)
  5   3  50, 0.065159 [0.007740/25.876107] [   0/0.065159]
  5   3 100, 0.127734 [0.005713/25.873717] [  50/0.065159]
  5   3 150, 0.193913 [0.006740/25.871395] [ 100/0.065159]
  5   3 200, 0.259452 [0.022598/25.869067] [ 150/0.065159]
  5   3 250, 0.324900 [0.006272/25.866681] [ 200/0.065159]
  5   3 300, 0.386136 [0.010600/25.864293] [ 250/0.065159]
  5   3 350, 0.447414 [0.010631/25.861919] [ 300/0.065159]
Epoch 3 done. Evaluation:
(49916, 50000)
(8824, 10000)
  5   4  50, 0.061715 [0.002230/25.857640] [   0/0.061715]
  5   4 100, 0.124374 [0.004599/25.855281] [  50/0.061715]
  5   4 150, 0.190366 [0.012634/25.852950] [ 100/0.061715]
  5   4 200, 0.249565 [0.005397/25.850569] [ 150/0.061715]
  5   4 250, 0.313933 [0.013208/25.848262] [ 200/0.061715]
  5   4 300, 0.374760 [0.005611/25.845904] [ 250/0.061715]
  5   4 350, 0.436857 [0.004452/25.843606] [ 300/0.061715]
Epoch 4 done. Evaluation:
(49936, 50000)
(8801, 10000)
  5   5  50, 0.063818 [0.012503/25.839388] [ 391/0.061715]
  5   5 100, 0.127757 [0.002323/25.837078] [ 441/0.061715]
  5   5 150, 0.189037 [0.007986/25.834745] [ 491/0.061715]
  5   5 200, 0.249593 [0.002920/25.832414] [ 541/0.061715]
  5   5 250, 0.313974 [0.005094/25.830182] [ 591/0.061715]
  5   5 300, 0.373303 [0.005557/25.827873] [ 641/0.061715]
  5   5 350, 0.434844 [0.017594/25.825576] [ 691/0.061715]
Epoch 5 done. Evaluation:
(49942, 50000)
(8836, 10000)
  5   6  50, 0.060170 [0.007782/25.821410] [   0/0.060170]
  5   6 100, 0.119823 [0.003077/25.819060] [  50/0.060170]
  5   6 150, 0.183120 [0.011096/25.816827] [ 100/0.060170]
  5   6 200, 0.246547 [0.004970/25.814584] [ 150/0.060170]
  5   6 250, 0.306431 [0.009105/25.812316] [ 200/0.060170]
  5   6 300, 0.369714 [0.004532/25.810018] [ 250/0.060170]
  5   6 350, 0.430003 [0.007146/25.807779] [ 300/0.060170]
Epoch 6 done. Evaluation:
(49944, 50000)
(8815, 10000)
  5   7  50, 0.063180 [0.003884/25.803739] [ 391/0.060170]
  5   7 100, 0.125367 [0.006024/25.801548] [ 441/0.060170]
  5   7 150, 0.189699 [0.003645/25.799369] [ 491/0.060170]
  5   7 200, 0.251351 [0.007734/25.797144] [ 541/0.060170]
  5   7 250, 0.317776 [0.016595/25.794956] [ 591/0.060170]
  5   7 300, 0.380995 [0.002232/25.792779] [ 641/0.060170]
  5   7 350, 0.441286 [0.003591/25.790565] [ 691/0.060170]
Epoch 7 done. Evaluation:
(49941, 50000)
(8784, 10000)
  5   8  50, 0.058874 [0.008108/25.786504] [   0/0.058874]
  5   8 100, 0.119993 [0.010495/25.784241] [  50/0.058874]
  5   8 150, 0.180078 [0.003475/25.781955] [ 100/0.058874]
  5   8 200, 0.241498 [0.010609/25.779750] [ 150/0.058874]
  5   8 250, 0.306162 [0.007406/25.777606] [ 200/0.058874]
  5   8 300, 0.370440 [0.013916/25.775461] [ 250/0.058874]
  5   8 350, 0.430989 [0.001703/25.773273] [ 300/0.058874]
Epoch 8 done. Evaluation:
(49952, 50000)
(8808, 10000)
  5   9  50, 0.060521 [0.003603/25.769257] [ 391/0.058874]
  5   9 100, 0.121614 [0.001710/25.767046] [ 441/0.058874]
  5   9 150, 0.181963 [0.002874/25.764882] [ 491/0.058874]
  5   9 200, 0.245361 [0.004101/25.762753] [ 541/0.058874]
  5   9 250, 0.307339 [0.015037/25.760598] [ 591/0.058874]
  5   9 300, 0.372737 [0.003706/25.758542] [ 641/0.058874]
  5   9 350, 0.438261 [0.010305/25.756447] [ 691/0.058874]
Epoch 9 done. Evaluation:
(49941, 50000)
(8769, 10000)
  5  10  50, 0.061051 [0.004771/25.752568] [ 782/0.058874]
  5  10 100, 0.122766 [0.002961/25.750441] [ 832/0.058874]
  5  10 150, 0.184563 [0.011794/25.748280] [ 882/0.058874]
  5  10 200, 0.247475 [0.005616/25.746164] [ 932/0.058874]
  5  10 250, 0.308301 [0.006245/25.744016] [ 982/0.058874]
  5  10 300, 0.368989 [0.007476/25.741890] [1032/0.058874]
  5  10 350, 0.431839 [0.002294/25.739835] [1082/0.058874]
Epoch 10 done. Evaluation:
(49948, 50000)
(8781, 10000)
  5  11  50, 0.059402 [0.003582/25.735968] [1173/0.058874]
  5  11 100, 0.122973 [0.005229/25.733874] [1223/0.058874]
  5  11 150, 0.186239 [0.003630/25.731836] [1273/0.058874]
  5  11 200, 0.248438 [0.004078/25.729700] [1323/0.058874]
  5  11 250, 0.310665 [0.003254/25.727566] [1373/0.058874]
  5  11 300, 0.375724 [0.021756/25.725535] [1423/0.058874]
  5  11 350, 0.436310 [0.005168/25.723462] [1473/0.058874]
Epoch 11 done. Evaluation:
(49942, 50000)
(8709, 10000)
  5  12  50, 0.061424 [0.003560/25.719800] [1564/0.058874]
  5  12 100, 0.121212 [0.005449/25.717660] [1614/0.058874]
  5  12 150, 0.183488 [0.005297/25.715582] [1664/0.058874]
  5  12 200, 0.245063 [0.008121/25.713478] [1714/0.058874]
  5  12 250, 0.308104 [0.003618/25.711381] [1764/0.058874]
  5  12 300, 0.372677 [0.009401/25.709430] [1814/0.058874]
  5  12 350, 0.436602 [0.004250/25.707391] [1864/0.058874]
Epoch 12 done. Evaluation:
(49948, 50000)
(8773, 10000)
  5  13  50, 0.061302 [0.001843/25.703633] [1955/0.058874]
  5  13 100, 0.121523 [0.004204/25.701568] [2005/0.058874]
  5  13 150, 0.180882 [0.003481/25.699471] [2055/0.058874]
  5  13 200, 0.245272 [0.004025/25.697441] [2105/0.058874]
  5  13 250, 0.308554 [0.015240/25.695422] [2155/0.058874]
  5  13 300, 0.370452 [0.009902/25.693420] [2205/0.058874]
  5  13 350, 0.431838 [0.002291/25.691372] [2255/0.058874]
Epoch 13 done. Evaluation:
(49955, 50000)
(8774, 10000)
  5  14  50, 0.060592 [0.006611/25.687629] [2346/0.058874]
  5  14 100, 0.120933 [0.003879/25.685548] [2396/0.058874]
  5  14 150, 0.183854 [0.007510/25.683575] [2446/0.058874]
  5  14 200, 0.248476 [0.004849/25.681618] [2496/0.058874]
  5  14 250, 0.310604 [0.001675/25.679695] [2546/0.058874]
  5  14 300, 0.371297 [0.003907/25.677702] [2596/0.058874]
  5  14 350, 0.435601 [0.004840/25.675707] [2646/0.058874]
Epoch 14 done. Evaluation:
(49947, 50000)
(8761, 10000)
  5  15  50, 0.062450 [0.005339/25.672162] [2737/0.058874]
  5  15 100, 0.126782 [0.006690/25.670251] [2787/0.058874]
  5  15 150, 0.189179 [0.007631/25.668245] [2837/0.058874]
  5  15 200, 0.253749 [0.027754/25.666249] [2887/0.058874]
  5  15 250, 0.317040 [0.018058/25.664262] [2937/0.058874]
  5  15 300, 0.381881 [0.008889/25.662309] [2987/0.058874]
  5  15 350, 0.446197 [0.012558/25.660434] [3037/0.058874]
Epoch 15 done. Evaluation:
(49944, 50000)
(8750, 10000)
  5  16  50, 0.061973 [0.005258/25.656929] [3128/0.058874]
  5  16 100, 0.124982 [0.007926/25.654973] [3178/0.058874]
  5  16 150, 0.188320 [0.017368/25.653067] [3228/0.058874]
  5  16 200, 0.257487 [0.040501/25.651227] [3278/0.058874]
  5  16 250, 0.324485 [0.005526/25.649351] [3328/0.058874]
  5  16 300, 0.388321 [0.026609/25.647421] [3378/0.058874]
  5  16 350, 0.451465 [0.006238/25.645521] [3428/0.058874]
Epoch 16 done. Evaluation:
(49922, 50000)
(8750, 10000)
  5  17  50, 0.061355 [0.006323/25.641998] [3519/0.058874]
  5  17 100, 0.128185 [0.036851/25.640105] [3569/0.058874]
  5  17 150, 0.190896 [0.009810/25.638219] [3619/0.058874]
  5  17 200, 0.251067 [0.003651/25.636210] [3669/0.058874]
  5  17 250, 0.314666 [0.005083/25.634281] [3719/0.058874]
  5  17 300, 0.378035 [0.006368/25.632388] [3769/0.058874]
  5  17 350, 0.445172 [0.015936/25.630610] [3819/0.058874]
Epoch 17 done. Evaluation:
(49926, 50000)
(8662, 10000)
  5  18  50, 0.065964 [0.013360/25.627220] [3910/0.058874]
  5  18 100, 0.126208 [0.003205/25.625223] [3960/0.058874]
  5  18 150, 0.189074 [0.006501/25.623301] [4010/0.058874]
  5  18 200, 0.250295 [0.008589/25.621357] [4060/0.058874]
  5  18 250, 0.315668 [0.007562/25.619473] [4110/0.058874]
  5  18 300, 0.382193 [0.003985/25.617713] [4160/0.058874]
  5  18 350, 0.446417 [0.007667/25.615819] [4210/0.058874]
Epoch 18 done. Evaluation:
(49933, 50000)
(8707, 10000)
  5  19  50, 0.066004 [0.020530/25.612454] [4301/0.058874]
  5  19 100, 0.127963 [0.030441/25.610450] [4351/0.058874]
  5  19 150, 0.193188 [0.012002/25.608525] [4401/0.058874]
  5  19 200, 0.256650 [0.018794/25.606622] [4451/0.058874]
  5  19 250, 0.320624 [0.005897/25.604749] [4501/0.058874]
  5  19 300, 0.383824 [0.006845/25.602859] [4551/0.058874]
  5  19 350, 0.446456 [0.015598/25.600919] [4601/0.058874]
Epoch 19 done. Evaluation:
(49936, 50000)
(8748, 10000)
  6   0  50, 0.064667 [0.004515/25.598372] [4692/0.058874]
  6   0 100, 0.125546 [0.001216/25.597341] [4742/0.058874]
  6   0 150, 0.187030 [0.002291/25.596302] [4792/0.058874]
  6   0 200, 0.247809 [0.004885/25.595299] [4842/0.058874]
  6   0 250, 0.307321 [0.003324/25.594264] [4892/0.058874]
  6   0 300, 0.369716 [0.007670/25.593278] [4942/0.058874]
  6   0 350, 0.432775 [0.008510/25.592285] [4992/0.058874]
Epoch 0 done. Evaluation:
(49943, 50000)
(8743, 10000)
  6   1  50, 0.059837 [0.002063/25.590477] [5083/0.058874]
  6   1 100, 0.118956 [0.001659/25.589448] [5133/0.058874]
  6   1 150, 0.177554 [0.002722/25.588411] [5183/0.058874]
  6   1 200, 0.235933 [0.001752/25.587376] [5233/0.058874]
  6   1 250, 0.297163 [0.003932/25.586369] [5283/0.058874]
  6   1 300, 0.357027 [0.003457/25.585361] [5333/0.058874]
  6   1 350, 0.415455 [0.002364/25.584337] [5383/0.058874]
Epoch 1 done. Evaluation:
(49961, 50000)
(8744, 10000)
  6   2  50, 0.060334 [0.004106/25.582495] [5474/0.058874]
  6   2 100, 0.120767 [0.005982/25.581473] [5524/0.058874]
  6   2 150, 0.182426 [0.002541/25.580488] [5574/0.058874]
  6   2 200, 0.244217 [0.005135/25.579518] [5624/0.058874]
  6   2 250, 0.304113 [0.001500/25.578520] [5674/0.058874]
  6   2 300, 0.364857 [0.002112/25.577522] [5724/0.058874]
  6   2 350, 0.425221 [0.001707/25.576514] [5774/0.058874]
Epoch 2 done. Evaluation:
(49964, 50000)
(8757, 10000)
  6   3  50, 0.060597 [0.003547/25.574693] [5865/0.058874]
  6   3 100, 0.120805 [0.004058/25.573697] [5915/0.058874]
  6   3 150, 0.184381 [0.002136/25.572729] [5965/0.058874]
  6   3 200, 0.243283 [0.003339/25.571731] [6015/0.058874]
  6   3 250, 0.304668 [0.001827/25.570738] [6065/0.058874]
  6   3 300, 0.363172 [0.005430/25.569720] [6115/0.058874]
  6   3 350, 0.427412 [0.002816/25.568748] [6165/0.058874]
Epoch 3 done. Evaluation:
(49958, 50000)
(8749, 10000)
  6   4  50, 0.059821 [0.007083/25.566928] [6256/0.058874]
  6   4 100, 0.123338 [0.002286/25.565964] [6306/0.058874]
  6   4 150, 0.184825 [0.005856/25.564991] [6356/0.058874]
  6   4 200, 0.245990 [0.008252/25.564004] [6406/0.058874]
  6   4 250, 0.305027 [0.002871/25.562998] [6456/0.058874]
  6   4 300, 0.363787 [0.004038/25.561987] [6506/0.058874]
  6   4 350, 0.423130 [0.001669/25.560979] [6556/0.058874]
Epoch 4 done. Evaluation:
(49953, 50000)
(8761, 10000)
  6   5  50, 0.059302 [0.003585/25.559189] [6647/0.058874]
  6   5 100, 0.120321 [0.001168/25.558212] [6697/0.058874]
  6   5 150, 0.180039 [0.002445/25.557214] [6747/0.058874]
  6   5 200, 0.241157 [0.002300/25.556223] [6797/0.058874]
  6   5 250, 0.303479 [0.007197/25.555259] [6847/0.058874]
  6   5 300, 0.364562 [0.003817/25.554273] [6897/0.058874]
  6   5 350, 0.424053 [0.001775/25.553282] [6947/0.058874]
Epoch 5 done. Evaluation:
(49969, 50000)
(8736, 10000)
  6   6  50, 0.060386 [0.002226/25.551475] [7038/0.058874]
  6   6 100, 0.121655 [0.004271/25.550486] [7088/0.058874]
  6   6 150, 0.181337 [0.012548/25.549513] [7138/0.058874]
  6   6 200, 0.241359 [0.001995/25.548548] [7188/0.058874]
  6   6 250, 0.299766 [0.003569/25.547545] [7238/0.058874]
  6   6 300, 0.359999 [0.000984/25.546565] [7288/0.058874]
  6   6 350, 0.421581 [0.001787/25.545629] [7338/0.058874]
Epoch 6 done. Evaluation:
(49963, 50000)
(8722, 10000)
  6   7  50, 0.059866 [0.002880/25.543837] [7429/0.058874]
  6   7 100, 0.118946 [0.002793/25.542841] [7479/0.058874]
  6   7 150, 0.178359 [0.004391/25.541877] [7529/0.058874]
  6   7 200, 0.239617 [0.006201/25.540914] [7579/0.058874]
  6   7 250, 0.298080 [0.002276/25.539908] [7629/0.058874]
  6   7 300, 0.361102 [0.002113/25.538957] [7679/0.058874]
  6   7 350, 0.422428 [0.006986/25.537996] [7729/0.058874]
Epoch 7 done. Evaluation:
(49956, 50000)
(8739, 10000)
  6   8  50, 0.058418 [0.009933/25.536190] [   0/0.058418]
  6   8 100, 0.118152 [0.002725/25.535213] [  50/0.058418]
  6   8 150, 0.180057 [0.012186/25.534248] [ 100/0.058418]
  6   8 200, 0.243442 [0.002832/25.533308] [ 150/0.058418]
  6   8 250, 0.304391 [0.003152/25.532349] [ 200/0.058418]
  6   8 300, 0.367418 [0.005197/25.531438] [ 250/0.058418]
  6   8 350, 0.430156 [0.003519/25.530492] [ 300/0.058418]
Epoch 8 done. Evaluation:
(49957, 50000)
(8746, 10000)
  6   9  50, 0.062178 [0.006216/25.528766] [ 391/0.058418]
  6   9 100, 0.121795 [0.002268/25.527777] [ 441/0.058418]
  6   9 150, 0.183382 [0.005644/25.526821] [ 491/0.058418]
  6   9 200, 0.244461 [0.004771/25.525886] [ 541/0.058418]
  6   9 250, 0.304045 [0.005232/25.524904] [ 591/0.058418]
  6   9 300, 0.365184 [0.003232/25.523976] [ 641/0.058418]
  6   9 350, 0.427921 [0.009749/25.523005] [ 691/0.058418]
Epoch 9 done. Evaluation:
(49954, 50000)
(8741, 10000)
  6  10  50, 0.060478 [0.002646/25.521259] [ 782/0.058418]
  6  10 100, 0.121269 [0.003177/25.520307] [ 832/0.058418]
  6  10 150, 0.181375 [0.005354/25.519354] [ 882/0.058418]
  6  10 200, 0.242383 [0.003632/25.518402] [ 932/0.058418]
  6  10 250, 0.302136 [0.019184/25.517452] [ 982/0.058418]
  6  10 300, 0.362633 [0.002948/25.516481] [1032/0.058418]
  6  10 350, 0.423785 [0.004744/25.515553] [1082/0.058418]
Epoch 10 done. Evaluation:
(49968, 50000)
(8751, 10000)
  6  11  50, 0.059225 [0.002848/25.513842] [1173/0.058418]
  6  11 100, 0.118927 [0.006104/25.512871] [1223/0.058418]
  6  11 150, 0.179182 [0.002349/25.511902] [1273/0.058418]
  6  11 200, 0.241947 [0.003223/25.510973] [1323/0.058418]
  6  11 250, 0.301622 [0.003936/25.510022] [1373/0.058418]
  6  11 300, 0.361800 [0.002673/25.509063] [1423/0.058418]
  6  11 350, 0.419481 [0.002610/25.508064] [1473/0.058418]
Epoch 11 done. Evaluation:
(49968, 50000)
(8739, 10000)
  6  12  50, 0.062112 [0.003560/25.506383] [1564/0.058418]
  6  12 100, 0.123429 [0.001110/25.505437] [1614/0.058418]
  6  12 150, 0.186373 [0.002092/25.504527] [1664/0.058418]
  6  12 200, 0.246553 [0.004190/25.503593] [1714/0.058418]
  6  12 250, 0.306343 [0.004673/25.502624] [1764/0.058418]
  6  12 300, 0.365330 [0.005143/25.501657] [1814/0.058418]
  6  12 350, 0.427981 [0.006476/25.500717] [1864/0.058418]
Epoch 12 done. Evaluation:
(49962, 50000)
(8703, 10000)
  6  13  50, 0.060825 [0.001718/25.498998] [1955/0.058418]
  6  13 100, 0.122447 [0.002086/25.498076] [2005/0.058418]
  6  13 150, 0.186423 [0.007370/25.497129] [2055/0.058418]
  6  13 200, 0.245069 [0.002671/25.496163] [2105/0.058418]
  6  13 250, 0.306369 [0.004643/25.495241] [2155/0.058418]
  6  13 300, 0.366452 [0.007427/25.494284] [2205/0.058418]
  6  13 350, 0.427823 [0.003494/25.493364] [2255/0.058418]
Epoch 13 done. Evaluation:
(49958, 50000)
(8728, 10000)
  6  14  50, 0.061420 [0.003912/25.491621] [2346/0.058418]
  6  14 100, 0.119781 [0.001757/25.490656] [2396/0.058418]
  6  14 150, 0.180657 [0.002139/25.489744] [2446/0.058418]
  6  14 200, 0.242241 [0.002357/25.488818] [2496/0.058418]
  6  14 250, 0.303223 [0.004134/25.487868] [2546/0.058418]
  6  14 300, 0.365007 [0.004345/25.486941] [2596/0.058418]
  6  14 350, 0.424937 [0.003204/25.485995] [2646/0.058418]
Epoch 14 done. Evaluation:
(49958, 50000)
(8706, 10000)
  6  15  50, 0.059332 [0.001705/25.484242] [2737/0.058418]
  6  15 100, 0.120389 [0.006159/25.483296] [2787/0.058418]
  6  15 150, 0.182383 [0.002722/25.482378] [2837/0.058418]
  6  15 200, 0.241268 [0.002256/25.481414] [2887/0.058418]
  6  15 250, 0.301677 [0.004619/25.480469] [2937/0.058418]
  6  15 300, 0.364753 [0.008625/25.479561] [2987/0.058418]
  6  15 350, 0.425088 [0.005403/25.478639] [3037/0.058418]
Epoch 15 done. Evaluation:
(49964, 50000)
(8708, 10000)
  6  16  50, 0.059528 [0.005217/25.476933] [3128/0.058418]
  6  16 100, 0.121394 [0.007887/25.476029] [3178/0.058418]
  6  16 150, 0.182883 [0.006072/25.475090] [3228/0.058418]
  6  16 200, 0.243280 [0.004205/25.474125] [3278/0.058418]
  6  16 250, 0.305334 [0.008901/25.473225] [3328/0.058418]
  6  16 300, 0.364460 [0.002703/25.472283] [3378/0.058418]
  6  16 350, 0.423987 [0.002925/25.471362] [3428/0.058418]
Epoch 16 done. Evaluation:
(49971, 50000)
(8730, 10000)
  6  17  50, 0.059252 [0.004740/25.469655] [3519/0.058418]
  6  17 100, 0.119759 [0.003483/25.468729] [3569/0.058418]
  6  17 150, 0.180763 [0.005991/25.467786] [3619/0.058418]
  6  17 200, 0.240352 [0.007903/25.466851] [3669/0.058418]
  6  17 250, 0.301194 [0.002666/25.465920] [3719/0.058418]
  6  17 300, 0.361169 [0.003332/25.464977] [3769/0.058418]
  6  17 350, 0.421030 [0.002783/25.464057] [3819/0.058418]
Epoch 17 done. Evaluation:
(49971, 50000)
(8725, 10000)
  6  18  50, 0.061838 [0.013085/25.462390] [3910/0.058418]
  6  18 100, 0.122053 [0.001320/25.461447] [3960/0.058418]
  6  18 150, 0.181457 [0.007076/25.460486] [4010/0.058418]
  6  18 200, 0.242789 [0.002927/25.459535] [4060/0.058418]
  6  18 250, 0.303647 [0.003459/25.458610] [4110/0.058418]
  6  18 300, 0.366286 [0.004426/25.457662] [4160/0.058418]
  6  18 350, 0.427552 [0.012320/25.456764] [4210/0.058418]
Epoch 18 done. Evaluation:
(49964, 50000)
(8736, 10000)
  6  19  50, 0.061105 [0.002829/25.455111] [4301/0.058418]
  6  19 100, 0.120008 [0.001853/25.454171] [4351/0.058418]
  6  19 150, 0.179616 [0.004442/25.453211] [4401/0.058418]
  6  19 200, 0.242747 [0.003457/25.452306] [4451/0.058418]
  6  19 250, 0.304933 [0.002950/25.451404] [4501/0.058418]
  6  19 300, 0.365451 [0.002708/25.450502] [4551/0.058418]
  6  19 350, 0.425544 [0.002152/25.449588] [4601/0.058418]
Epoch 19 done. Evaluation:
(49967, 50000)
(8734, 10000)
