Sequential (
  (conv1_1): Sequential (
    (0): Conv2d(3, 32, kernel_size=(3, 3), stride=(1, 1), padding=(1, 1))
    (1): BatchNorm2d(32, eps=1e-05, momentum=0.1, affine=True)
    (2): ReLU (inplace)
  )
  (conv1_2): Sequential (
    (0): Conv2d(32, 32, kernel_size=(3, 3), stride=(1, 1), padding=(1, 1))
    (1): BatchNorm2d(32, eps=1e-05, momentum=0.1, affine=True)
    (2): ReLU (inplace)
  )
  (pool1): MaxPool2d (size=(2, 2), stride=(2, 2), dilation=(1, 1))
  (conv2_1): Sequential (
    (0): Conv2d(32, 64, kernel_size=(3, 3), stride=(1, 1), padding=(1, 1))
    (1): BatchNorm2d(64, eps=1e-05, momentum=0.1, affine=True)
    (2): ReLU (inplace)
  )
  (conv2_2): Sequential (
    (0): Conv2d(64, 64, kernel_size=(3, 3), stride=(1, 1), padding=(1, 1))
    (1): BatchNorm2d(64, eps=1e-05, momentum=0.1, affine=True)
    (2): ReLU (inplace)
  )
  (pool2): MaxPool2d (size=(2, 2), stride=(2, 2), dilation=(1, 1))
  (conv3_1): Sequential (
    (0): Conv2d(64, 128, kernel_size=(3, 3), stride=(1, 1), padding=(1, 1))
    (1): BatchNorm2d(128, eps=1e-05, momentum=0.1, affine=True)
    (2): ReLU (inplace)
  )
  (conv3_2): Sequential (
    (0): Conv2d(128, 128, kernel_size=(3, 3), stride=(1, 1), padding=(1, 1))
    (1): BatchNorm2d(128, eps=1e-05, momentum=0.1, affine=True)
    (2): ReLU (inplace)
  )
  (pool3): MaxPool2d (size=(2, 2), stride=(2, 2), dilation=(1, 1))
  (conv4_1): Sequential (
    (0): Conv2d(128, 256, kernel_size=(3, 3), stride=(1, 1), padding=(1, 1))
    (1): BatchNorm2d(256, eps=1e-05, momentum=0.1, affine=True)
    (2): ReLU (inplace)
  )
  (conv4_2): Sequential (
    (0): Conv2d(256, 256, kernel_size=(3, 3), stride=(1, 1), padding=(1, 1))
    (1): BatchNorm2d(256, eps=1e-05, momentum=0.1, affine=True)
    (2): ReLU (inplace)
  )
  (pool4): MaxPool2d (size=(2, 2), stride=(2, 2), dilation=(1, 1))
  (conv5_1): Sequential (
    (0): Conv2d(256, 256, kernel_size=(3, 3), stride=(1, 1), padding=(1, 1))
    (1): BatchNorm2d(256, eps=1e-05, momentum=0.1, affine=True)
    (2): ReLU (inplace)
  )
  (conv5_2): Sequential (
    (0): Conv2d(256, 256, kernel_size=(3, 3), stride=(1, 1), padding=(1, 1))
    (1): BatchNorm2d(256, eps=1e-05, momentum=0.1, affine=True)
    (2): ReLU (inplace)
  )
  (pool5): MaxPool2d (size=(2, 2), stride=(2, 2), dilation=(1, 1))
  (fc6): Sequential (
    (0): Conv2d(256, 256, kernel_size=(1, 1), stride=(1, 1))
    (1): BatchNorm2d(256, eps=1e-05, momentum=0.1, affine=True)
    (2): ReLU (inplace)
  )
  (logit): Conv2d(256, 10, kernel_size=(1, 1), stride=(1, 1))
  (flatter): Flatten()
)
{'L1_decay': 0.0016,
 'batch_size': 128,
 'force_name': False,
 'graphfolder': 'logs/axp2_graphs/',
 'learning_rate': 0.1,
 'logfile': 'logs/axp2.log',
 'mode': '',
 'name': 'axp2',
 'num_base': 32,
 'optimizer': 'SGDL1',
 'weight_decay': 0.016}
Decayed training with schedule: [20, 20, 20, 20, 20, 20, 20]
  0   0  50, 1.808378 [0.482143/65.958895] [   0/1.808378]
  0   0 100, 1.501510 [0.420428/60.570244] [   0/1.501510]
  0   0 150, 1.362664 [0.424339/55.926804] [   0/1.362664]
  0   0 200, 1.293809 [0.481259/51.955079] [   0/1.293809]
  0   0 250, 1.242522 [0.486858/48.567793] [   0/1.242522]
  0   0 300, 1.262865 [0.534676/45.683632] [  50/1.242522]
  0   0 350, 1.263109 [0.547132/43.214705] [ 100/1.242522]
Epoch 0 done. Evaluation:
(25218, 50000)
(2661, 10000)
  0   1  50, 1.323163 [0.613226/39.576085] [ 191/1.242522]
  0   1 100, 1.293308 [0.657351/37.948340] [ 241/1.242522]
  0   1 150, 1.388577 [0.498511/36.515099] [ 291/1.242522]
  0   1 200, 1.369421 [0.549111/35.260611] [ 341/1.242522]
  0   1 250, 1.371208 [0.618423/34.155560] [ 391/1.242522]
  0   1 300, 1.351631 [0.899855/33.188856] [ 441/1.242522]
  0   1 350, 1.392985 [0.676856/32.303313] [ 491/1.242522]
Epoch 1 done. Evaluation:
(26361, 50000)
(4303, 10000)
  0   2  50, 1.341108 [0.491174/30.936287] [ 582/1.242522]
  0   2 100, 1.324310 [0.546403/30.285323] [ 632/1.242522]
  0   2 150, 1.315506 [0.652146/29.700494] [ 682/1.242522]
  0   2 200, 1.288707 [0.539818/29.151742] [ 732/1.242522]
  0   2 250, 1.317467 [0.526798/28.655294] [ 782/1.242522]
  0   2 300, 1.285094 [0.502386/28.191484] [ 832/1.242522]
  0   2 350, 1.260130 [0.571669/27.764186] [ 882/1.242522]
Epoch 2 done. Evaluation:
(27586, 50000)
(4663, 10000)
  0   3  50, 1.266895 [0.497167/27.049274] [ 973/1.242522]
  0   3 100, 1.248475 [0.556194/26.696860] [1023/1.242522]
  0   3 150, 1.230594 [0.591683/26.351037] [   0/1.230594]
  0   3 200, 1.216922 [0.542737/26.021822] [   0/1.216922]
  0   3 250, 1.227270 [0.540845/25.706955] [  50/1.216922]
  0   3 300, 1.191106 [0.514384/25.399582] [   0/1.191106]
  0   3 350, 1.283982 [0.499402/25.119545] [  50/1.191106]
Epoch 3 done. Evaluation:
(29045, 50000)
(3570, 10000)
  0   4  50, 1.215954 [0.445770/24.613039] [ 141/1.191106]
  0   4 100, 1.172999 [0.480222/24.333707] [   0/1.172999]
  0   4 150, 1.172127 [0.502068/24.062525] [   0/1.172127]
  0   4 200, 1.158102 [0.527474/23.805756] [   0/1.158102]
  0   4 250, 1.177574 [0.470250/23.551801] [  50/1.158102]
  0   4 300, 1.138044 [0.532105/23.293548] [   0/1.138044]
  0   4 350, 1.188308 [0.519632/23.044322] [  50/1.138044]
Epoch 4 done. Evaluation:
(30156, 50000)
(5339, 10000)
  0   5  50, 1.161504 [0.563780/22.604789] [ 141/1.138044]
  0   5 100, 1.115407 [0.463096/22.360490] [   0/1.115407]
  0   5 150, 1.162563 [0.533506/22.125318] [  50/1.115407]
  0   5 200, 1.130353 [0.542918/21.894826] [ 100/1.115407]
  0   5 250, 1.094088 [0.487134/21.654888] [   0/1.094088]
  0   5 300, 1.107194 [0.464312/21.417922] [  50/1.094088]
  0   5 350, 1.145070 [0.488464/21.188946] [ 100/1.094088]
Epoch 5 done. Evaluation:
(30971, 50000)
(2033, 10000)
  0   6  50, 1.126699 [0.575314/20.763365] [ 191/1.094088]
  0   6 100, 1.111140 [0.427488/20.545584] [ 241/1.094088]
  0   6 150, 1.064215 [0.449728/20.315268] [   0/1.064215]
  0   6 200, 1.150010 [0.476643/20.104626] [  50/1.064215]
  0   6 250, 1.073818 [0.564328/19.870130] [ 100/1.064215]
  0   6 300, 1.084574 [0.474132/19.642067] [ 150/1.064215]
  0   6 350, 1.073538 [0.528858/19.411128] [ 200/1.064215]
Epoch 6 done. Evaluation:
(31613, 50000)
(2706, 10000)
  0   7  50, 1.108714 [0.462577/19.024037] [ 291/1.064215]
  0   7 100, 1.021711 [0.506624/18.795462] [   0/1.021711]
  0   7 150, 1.069044 [0.480376/18.575301] [  50/1.021711]
  0   7 200, 1.080658 [0.464911/18.352557] [ 100/1.021711]
  0   7 250, 1.058687 [0.444803/18.135858] [ 150/1.021711]
  0   7 300, 1.048519 [0.463442/17.924333] [ 200/1.021711]
  0   7 350, 1.066064 [0.451874/17.706407] [ 250/1.021711]
Epoch 7 done. Evaluation:
(32326, 50000)
(4133, 10000)
  0   8  50, 1.070375 [0.448627/17.323703] [ 341/1.021711]
  0   8 100, 1.021774 [0.575261/17.124120] [ 391/1.021711]
  0   8 150, 1.030479 [0.517348/16.914831] [ 441/1.021711]
  0   8 200, 1.029299 [0.466292/16.709341] [ 491/1.021711]
  0   8 250, 1.070603 [0.465937/16.494032] [ 541/1.021711]
  0   8 300, 1.038939 [0.459877/16.289055] [ 591/1.021711]
  0   8 350, 1.012706 [0.434108/16.080492] [   0/1.012706]
Epoch 8 done. Evaluation:
(32717, 50000)
(3330, 10000)
  0   9  50, 1.026066 [0.423779/15.700043] [  91/1.012706]
  0   9 100, 1.030855 [0.405551/15.508713] [ 141/1.012706]
  0   9 150, 1.023528 [0.550952/15.312752] [ 191/1.012706]
  0   9 200, 1.015547 [0.470123/15.114609] [ 241/1.012706]
  0   9 250, 1.022957 [0.423689/14.907223] [ 291/1.012706]
  0   9 300, 1.000629 [0.470972/14.715724] [   0/1.000629]
  0   9 350, 0.992842 [0.408001/14.525433] [   0/0.992842]
Epoch 9 done. Evaluation:
(33019, 50000)
(5243, 10000)
  0  10  50, 0.984457 [0.391315/14.177203] [   0/0.984457]
  0  10 100, 0.998600 [0.422458/13.995680] [  50/0.984457]
  0  10 150, 1.015782 [0.397550/13.816951] [ 100/0.984457]
  0  10 200, 1.000822 [0.469107/13.645534] [ 150/0.984457]
  0  10 250, 0.988052 [0.431209/13.461031] [ 200/0.984457]
  0  10 300, 0.967740 [0.417613/13.285263] [   0/0.967740]
  0  10 350, 1.002611 [0.414494/13.119610] [  50/0.967740]
Epoch 10 done. Evaluation:
(33504, 50000)
(3107, 10000)
  0  11  50, 0.966190 [0.439479/12.805424] [   0/0.966190]
  0  11 100, 0.949768 [0.427657/12.635572] [   0/0.949768]
  0  11 150, 0.991220 [0.445040/12.451331] [  50/0.949768]
  0  11 200, 0.980916 [0.439142/12.305094] [ 100/0.949768]
  0  11 250, 0.954279 [0.425005/12.150198] [ 150/0.949768]
  0  11 300, 0.982720 [0.469637/11.989599] [ 200/0.949768]
  0  11 350, 0.967858 [0.372278/11.837213] [ 250/0.949768]
Epoch 11 done. Evaluation:
(33889, 50000)
(3959, 10000)
  0  12  50, 0.979214 [0.433065/11.572522] [ 341/0.949768]
  0  12 100, 0.964682 [0.554093/11.440697] [ 391/0.949768]
  0  12 150, 0.978111 [0.366109/11.286802] [ 441/0.949768]
  0  12 200, 0.961681 [0.426598/11.165124] [ 491/0.949768]
  0  12 250, 0.964851 [0.378385/11.032404] [ 541/0.949768]
  0  12 300, 0.973268 [0.404907/10.905494] [ 591/0.949768]
  0  12 350, 0.978832 [0.375385/10.761248] [ 641/0.949768]
Epoch 12 done. Evaluation:
(33936, 50000)
(6290, 10000)
  0  13  50, 0.943360 [0.359121/10.574288] [   0/0.943360]
  0  13 100, 0.961503 [0.421913/10.479558] [  50/0.943360]
  0  13 150, 0.963839 [0.417927/10.368229] [ 100/0.943360]
  0  13 200, 0.963511 [0.387822/10.267538] [ 150/0.943360]
  0  13 250, 0.960315 [0.373011/10.174639] [ 200/0.943360]
  0  13 300, 0.981952 [0.373790/10.092015] [ 250/0.943360]
  0  13 350, 0.974099 [0.410458/10.004591] [ 300/0.943360]
Epoch 13 done. Evaluation:
(33990, 50000)
(5080, 10000)
  0  14  50, 0.930310 [0.396299/9.885535] [   0/0.930310]
  0  14 100, 0.937043 [0.419042/9.822096] [  50/0.930310]
  0  14 150, 0.976817 [0.468236/9.741352] [ 100/0.930310]
  0  14 200, 0.946362 [0.331678/9.682004] [ 150/0.930310]
  0  14 250, 0.960394 [0.384566/9.606740] [ 200/0.930310]
  0  14 300, 0.959770 [0.385351/9.556628] [ 250/0.930310]
  0  14 350, 0.977069 [0.331140/9.501684] [ 300/0.930310]
Epoch 14 done. Evaluation:
(34181, 50000)
(5508, 10000)
  0  15  50, 0.937253 [0.350463/9.425829] [ 391/0.930310]
  0  15 100, 0.956074 [0.427906/9.380462] [ 441/0.930310]
  0  15 150, 0.958762 [0.460220/9.350945] [ 491/0.930310]
  0  15 200, 0.962017 [0.393522/9.305623] [ 541/0.930310]
  0  15 250, 0.927836 [0.433955/9.261201] [   0/0.927836]
  0  15 300, 0.954250 [0.432621/9.236633] [  50/0.927836]
  0  15 350, 0.988475 [0.317903/9.199488] [ 100/0.927836]
Epoch 15 done. Evaluation:
(34327, 50000)
(4641, 10000)
  0  16  50, 0.967580 [0.335262/9.136457] [ 191/0.927836]
  0  16 100, 0.938170 [0.367546/9.115236] [ 241/0.927836]
  0  16 150, 0.962639 [0.431253/9.096529] [ 291/0.927836]
  0  16 200, 0.948955 [0.421562/9.078951] [ 341/0.927836]
  0  16 250, 0.960847 [0.437511/9.055702] [ 391/0.927836]
  0  16 300, 0.957631 [0.413143/9.012573] [ 441/0.927836]
  0  16 350, 0.951142 [0.383134/8.992234] [ 491/0.927836]
Epoch 16 done. Evaluation:
(34214, 50000)
(3989, 10000)
  0  17  50, 0.956271 [0.401927/8.976858] [ 582/0.927836]
  0  17 100, 0.914263 [0.338883/8.963562] [   0/0.914263]
  0  17 150, 0.931619 [0.421119/8.936547] [  50/0.914263]
  0  17 200, 0.959761 [0.413436/8.922252] [ 100/0.914263]
  0  17 250, 0.956632 [0.345596/8.902839] [ 150/0.914263]
  0  17 300, 0.955128 [0.365290/8.879553] [ 200/0.914263]
  0  17 350, 0.955327 [0.362312/8.882511] [ 250/0.914263]
Epoch 17 done. Evaluation:
(34259, 50000)
(4064, 10000)
  0  18  50, 0.949250 [0.386910/8.874636] [ 341/0.914263]
  0  18 100, 0.952532 [0.358056/8.871507] [ 391/0.914263]
  0  18 150, 0.935050 [0.404141/8.859264] [ 441/0.914263]
  0  18 200, 0.928226 [0.398305/8.836224] [ 491/0.914263]
  0  18 250, 0.969124 [0.475525/8.820958] [ 541/0.914263]
  0  18 300, 0.946713 [0.323256/8.827286] [ 591/0.914263]
  0  18 350, 0.965236 [0.376034/8.798054] [ 641/0.914263]
Epoch 18 done. Evaluation:
(34343, 50000)
(1851, 10000)
  0  19  50, 0.954113 [0.405478/8.786163] [ 732/0.914263]
  0  19 100, 0.947821 [0.274488/8.796717] [ 782/0.914263]
  0  19 150, 0.948805 [0.408711/8.809073] [ 832/0.914263]
  0  19 200, 0.938552 [0.365174/8.804601] [ 882/0.914263]
  0  19 250, 0.966986 [0.366281/8.780841] [ 932/0.914263]
  0  19 300, 0.949725 [0.320795/8.786724] [ 982/0.914263]
  0  19 350, 0.937758 [0.444518/8.799534] [1032/0.914263]
Epoch 19 done. Evaluation:
(34255, 50000)
(5930, 10000)
  1   0  50, 0.816890 [0.192898/8.707091] [   0/0.816890]
  1   0 100, 0.802715 [0.197366/8.651241] [   0/0.802715]
  1   0 150, 0.825855 [0.211376/8.604808] [  50/0.802715]
  1   0 200, 0.806598 [0.189046/8.566172] [ 100/0.802715]
  1   0 250, 0.810821 [0.242568/8.528508] [ 150/0.802715]
  1   0 300, 0.832877 [0.188774/8.482973] [ 200/0.802715]
  1   0 350, 0.841205 [0.249573/8.453293] [ 250/0.802715]
Epoch 0 done. Evaluation:
(36648, 50000)
(6695, 10000)
  1   1  50, 0.798155 [0.228531/8.419772] [   0/0.798155]
  1   1 100, 0.820129 [0.219967/8.396617] [  50/0.798155]
  1   1 150, 0.824483 [0.208427/8.369417] [ 100/0.798155]
  1   1 200, 0.830433 [0.194875/8.346337] [ 150/0.798155]
  1   1 250, 0.836150 [0.228575/8.326549] [ 200/0.798155]
  1   1 300, 0.845367 [0.270998/8.304507] [ 250/0.798155]
  1   1 350, 0.832504 [0.245680/8.286638] [ 300/0.798155]
Epoch 1 done. Evaluation:
(36545, 50000)
(6010, 10000)
  1   2  50, 0.829179 [0.229019/8.274237] [ 391/0.798155]
  1   2 100, 0.814146 [0.213939/8.267506] [ 441/0.798155]
  1   2 150, 0.817719 [0.270426/8.262026] [ 491/0.798155]
  1   2 200, 0.851890 [0.254544/8.250790] [ 541/0.798155]
  1   2 250, 0.833090 [0.250573/8.250812] [ 591/0.798155]
  1   2 300, 0.830619 [0.259214/8.231569] [ 641/0.798155]
  1   2 350, 0.835125 [0.220219/8.221467] [ 691/0.798155]
Epoch 2 done. Evaluation:
(36419, 50000)
(4912, 10000)
  1   3  50, 0.822584 [0.263196/8.206276] [ 782/0.798155]
  1   3 100, 0.839774 [0.253622/8.203158] [ 832/0.798155]
  1   3 150, 0.828728 [0.237776/8.196011] [ 882/0.798155]
  1   3 200, 0.835706 [0.282417/8.189813] [ 932/0.798155]
  1   3 250, 0.839878 [0.230223/8.191652] [ 982/0.798155]
  1   3 300, 0.821969 [0.202817/8.187020] [1032/0.798155]
  1   3 350, 0.832888 [0.229762/8.187701] [1082/0.798155]
Epoch 3 done. Evaluation:
(36386, 50000)
(4749, 10000)
  1   4  50, 0.838887 [0.206996/8.176010] [1173/0.798155]
  1   4 100, 0.823710 [0.233051/8.186059] [1223/0.798155]
  1   4 150, 0.836261 [0.246509/8.182773] [1273/0.798155]
  1   4 200, 0.826148 [0.228958/8.180994] [1323/0.798155]
  1   4 250, 0.847226 [0.217279/8.165574] [1373/0.798155]
  1   4 300, 0.818216 [0.213390/8.167787] [1423/0.798155]
  1   4 350, 0.815852 [0.258399/8.168370] [1473/0.798155]
Epoch 4 done. Evaluation:
(36314, 50000)
(5539, 10000)
  1   5  50, 0.844549 [0.255713/8.158132] [1564/0.798155]
  1   5 100, 0.811953 [0.235908/8.157896] [1614/0.798155]
  1   5 150, 0.827936 [0.245930/8.160871] [1664/0.798155]
  1   5 200, 0.838170 [0.242801/8.166850] [1714/0.798155]
  1   5 250, 0.827430 [0.311640/8.165860] [1764/0.798155]
  1   5 300, 0.827992 [0.237145/8.167018] [1814/0.798155]
  1   5 350, 0.840911 [0.275197/8.157831] [1864/0.798155]
Epoch 5 done. Evaluation:
(36392, 50000)
(5346, 10000)
  1   6  50, 0.837557 [0.253953/8.144624] [1955/0.798155]
  1   6 100, 0.836124 [0.232974/8.150755] [2005/0.798155]
  1   6 150, 0.823949 [0.201533/8.144245] [2055/0.798155]
  1   6 200, 0.847331 [0.247982/8.155706] [2105/0.798155]
  1   6 250, 0.825509 [0.219962/8.158521] [2155/0.798155]
  1   6 300, 0.825197 [0.195842/8.155552] [2205/0.798155]
  1   6 350, 0.830921 [0.231993/8.149369] [2255/0.798155]
Epoch 6 done. Evaluation:
(36382, 50000)
(6101, 10000)
  1   7  50, 0.815029 [0.243533/8.147279] [2346/0.798155]
  1   7 100, 0.847655 [0.239149/8.158240] [2396/0.798155]
  1   7 150, 0.837064 [0.242781/8.150790] [2446/0.798155]
  1   7 200, 0.833484 [0.239184/8.145815] [2496/0.798155]
  1   7 250, 0.844225 [0.257926/8.145274] [2546/0.798155]
  1   7 300, 0.829795 [0.226534/8.142632] [2596/0.798155]
  1   7 350, 0.834748 [0.248866/8.142656] [2646/0.798155]
Epoch 7 done. Evaluation:
(36384, 50000)
(6760, 10000)
  1   8  50, 0.821872 [0.228362/8.164458] [2737/0.798155]
  1   8 100, 0.829299 [0.212473/8.158076] [2787/0.798155]
  1   8 150, 0.823782 [0.232308/8.160675] [2837/0.798155]
  1   8 200, 0.823061 [0.221438/8.156586] [2887/0.798155]
  1   8 250, 0.838609 [0.258184/8.163925] [2937/0.798155]
  1   8 300, 0.820040 [0.254827/8.160665] [2987/0.798155]
  1   8 350, 0.808562 [0.262319/8.156375] [3037/0.798155]
Epoch 8 done. Evaluation:
(36483, 50000)
(6320, 10000)
  1   9  50, 0.798053 [0.232876/8.170511] [   0/0.798053]
  1   9 100, 0.822831 [0.187498/8.169894] [  50/0.798053]
  1   9 150, 0.825593 [0.239545/8.174658] [ 100/0.798053]
  1   9 200, 0.822256 [0.283834/8.179475] [ 150/0.798053]
  1   9 250, 0.843652 [0.209520/8.180339] [ 200/0.798053]
  1   9 300, 0.842521 [0.234945/8.175063] [ 250/0.798053]
  1   9 350, 0.838631 [0.207941/8.158078] [ 300/0.798053]
Epoch 9 done. Evaluation:
(36440, 50000)
(5863, 10000)
  1  10  50, 0.798050 [0.238659/8.169137] [   0/0.798050]
  1  10 100, 0.822460 [0.265152/8.170119] [  50/0.798050]
  1  10 150, 0.827655 [0.253399/8.174362] [ 100/0.798050]
  1  10 200, 0.805222 [0.268529/8.171362] [ 150/0.798050]
  1  10 250, 0.829888 [0.269091/8.175464] [ 200/0.798050]
  1  10 300, 0.837684 [0.251880/8.181615] [ 250/0.798050]
  1  10 350, 0.826990 [0.221329/8.177855] [ 300/0.798050]
Epoch 10 done. Evaluation:
(36579, 50000)
(5509, 10000)
  1  11  50, 0.794112 [0.295434/8.197715] [   0/0.794112]
  1  11 100, 0.820849 [0.208937/8.192302] [  50/0.794112]
  1  11 150, 0.822139 [0.196704/8.191246] [ 100/0.794112]
  1  11 200, 0.852081 [0.277180/8.182861] [ 150/0.794112]
  1  11 250, 0.814977 [0.239818/8.179820] [ 200/0.794112]
  1  11 300, 0.810893 [0.256090/8.186926] [ 250/0.794112]
  1  11 350, 0.831437 [0.254927/8.193750] [ 300/0.794112]
Epoch 11 done. Evaluation:
(36555, 50000)
(6389, 10000)
  1  12  50, 0.801493 [0.272500/8.201997] [ 391/0.794112]
  1  12 100, 0.818902 [0.252917/8.195641] [ 441/0.794112]
  1  12 150, 0.822264 [0.221869/8.206345] [ 491/0.794112]
  1  12 200, 0.827274 [0.246956/8.203860] [ 541/0.794112]
  1  12 250, 0.842461 [0.223234/8.200390] [ 591/0.794112]
  1  12 300, 0.816204 [0.215734/8.198317] [ 641/0.794112]
  1  12 350, 0.838480 [0.220478/8.192796] [ 691/0.794112]
Epoch 12 done. Evaluation:
(36511, 50000)
(5739, 10000)
  1  13  50, 0.822643 [0.230205/8.198825] [ 782/0.794112]
  1  13 100, 0.821668 [0.242254/8.205845] [ 832/0.794112]
  1  13 150, 0.812611 [0.199190/8.215571] [ 882/0.794112]
  1  13 200, 0.806825 [0.328466/8.230481] [ 932/0.794112]
  1  13 250, 0.825784 [0.222594/8.223013] [ 982/0.794112]
  1  13 300, 0.832272 [0.231736/8.220045] [1032/0.794112]
  1  13 350, 0.813503 [0.235747/8.212512] [1082/0.794112]
Epoch 13 done. Evaluation:
(36601, 50000)
(6168, 10000)
  1  14  50, 0.823988 [0.255582/8.214906] [1173/0.794112]
  1  14 100, 0.783281 [0.284478/8.221774] [   0/0.783281]
  1  14 150, 0.810670 [0.258639/8.228597] [  50/0.783281]
  1  14 200, 0.832602 [0.204644/8.229285] [ 100/0.783281]
  1  14 250, 0.821772 [0.296972/8.227293] [ 150/0.783281]
  1  14 300, 0.855897 [0.198160/8.223037] [ 200/0.783281]
  1  14 350, 0.832239 [0.227840/8.209888] [ 250/0.783281]
Epoch 14 done. Evaluation:
(36586, 50000)
(6314, 10000)
  1  15  50, 0.805259 [0.243309/8.223895] [ 341/0.783281]
  1  15 100, 0.825081 [0.247351/8.234143] [ 391/0.783281]
  1  15 150, 0.782917 [0.237210/8.246988] [   0/0.782917]
  1  15 200, 0.815570 [0.269868/8.246655] [  50/0.782917]
  1  15 250, 0.829445 [0.299709/8.243169] [ 100/0.782917]
  1  15 300, 0.831779 [0.294606/8.243797] [ 150/0.782917]
  1  15 350, 0.827522 [0.246587/8.244550] [ 200/0.782917]
Epoch 15 done. Evaluation:
(36628, 50000)
(5640, 10000)
  1  16  50, 0.816615 [0.237533/8.244103] [ 291/0.782917]
  1  16 100, 0.804729 [0.232522/8.256127] [ 341/0.782917]
  1  16 150, 0.811202 [0.211941/8.260389] [ 391/0.782917]
  1  16 200, 0.811281 [0.240223/8.264772] [ 441/0.782917]
  1  16 250, 0.804965 [0.228819/8.259999] [ 491/0.782917]
  1  16 300, 0.820314 [0.253776/8.268767] [ 541/0.782917]
  1  16 350, 0.828607 [0.230435/8.262178] [ 591/0.782917]
Epoch 16 done. Evaluation:
(36630, 50000)
(6713, 10000)
  1  17  50, 0.804869 [0.242334/8.261730] [ 682/0.782917]
  1  17 100, 0.803503 [0.285747/8.263475] [ 732/0.782917]
  1  17 150, 0.816690 [0.253500/8.270395] [ 782/0.782917]
  1  17 200, 0.819845 [0.261857/8.271893] [ 832/0.782917]
  1  17 250, 0.803908 [0.237679/8.279446] [ 882/0.782917]
  1  17 300, 0.832244 [0.256507/8.270104] [ 932/0.782917]
  1  17 350, 0.815593 [0.246791/8.271648] [ 982/0.782917]
Epoch 17 done. Evaluation:
(36653, 50000)
(5931, 10000)
  1  18  50, 0.811500 [0.272378/8.270385] [1073/0.782917]
  1  18 100, 0.797795 [0.247222/8.277176] [1123/0.782917]
  1  18 150, 0.829514 [0.265916/8.282887] [1173/0.782917]
  1  18 200, 0.814663 [0.225866/8.287721] [1223/0.782917]
  1  18 250, 0.825636 [0.258169/8.281360] [1273/0.782917]
  1  18 300, 0.862646 [0.245634/8.272766] [1323/0.782917]
  1  18 350, 0.824266 [0.245924/8.270385] [1373/0.782917]
Epoch 18 done. Evaluation:
(36469, 50000)
(5632, 10000)
  1  19  50, 0.816624 [0.242899/8.281074] [1464/0.782917]
  1  19 100, 0.794237 [0.291309/8.283514] [1514/0.782917]
  1  19 150, 0.791630 [0.227568/8.284755] [1564/0.782917]
  1  19 200, 0.842920 [0.284996/8.281906] [1614/0.782917]
  1  19 250, 0.832276 [0.237993/8.281322] [1664/0.782917]
  1  19 300, 0.824606 [0.227022/8.276749] [1714/0.782917]
  1  19 350, 0.818929 [0.198911/8.277687] [1764/0.782917]
Epoch 19 done. Evaluation:
(36590, 50000)
(5768, 10000)
  2   0  50, 0.721388 [0.104744/8.249717] [   0/0.721388]
  2   0 100, 0.691381 [0.129144/8.225281] [   0/0.691381]
  2   0 150, 0.679136 [0.129383/8.206105] [   0/0.679136]
  2   0 200, 0.701189 [0.132258/8.187065] [  50/0.679136]
  2   0 250, 0.709269 [0.136344/8.164753] [ 100/0.679136]
  2   0 300, 0.693299 [0.141823/8.148153] [ 150/0.679136]
  2   0 350, 0.701530 [0.123556/8.131947] [ 200/0.679136]
Epoch 0 done. Evaluation:
(38791, 50000)
(6700, 10000)
  2   1  50, 0.659930 [0.140285/8.114519] [   0/0.659930]
  2   1 100, 0.703945 [0.160236/8.102095] [  50/0.659930]
  2   1 150, 0.708446 [0.122223/8.085989] [ 100/0.659930]
  2   1 200, 0.707278 [0.151995/8.075157] [ 150/0.659930]
  2   1 250, 0.705479 [0.149108/8.065824] [ 200/0.659930]
  2   1 300, 0.722745 [0.142188/8.052101] [ 250/0.659930]
  2   1 350, 0.706612 [0.173316/8.039703] [ 300/0.659930]
Epoch 1 done. Evaluation:
(38630, 50000)
(6909, 10000)
  2   2  50, 0.681582 [0.131350/8.023506] [ 391/0.659930]
  2   2 100, 0.699818 [0.144763/8.012493] [ 441/0.659930]
  2   2 150, 0.696196 [0.160906/8.006411] [ 491/0.659930]
  2   2 200, 0.713312 [0.181186/7.997804] [ 541/0.659930]
  2   2 250, 0.725693 [0.134135/7.991075] [ 591/0.659930]
  2   2 300, 0.700091 [0.144851/7.984602] [ 641/0.659930]
  2   2 350, 0.727126 [0.172203/7.975346] [ 691/0.659930]
Epoch 2 done. Evaluation:
(38527, 50000)
(7354, 10000)
  2   3  50, 0.684965 [0.168285/7.967823] [ 782/0.659930]
  2   3 100, 0.703684 [0.161498/7.965260] [ 832/0.659930]
  2   3 150, 0.716490 [0.152904/7.959454] [ 882/0.659930]
  2   3 200, 0.714285 [0.173455/7.954046] [ 932/0.659930]
  2   3 250, 0.699209 [0.167006/7.947137] [ 982/0.659930]
  2   3 300, 0.722689 [0.150210/7.939023] [1032/0.659930]
  2   3 350, 0.704838 [0.165888/7.931229] [1082/0.659930]
Epoch 3 done. Evaluation:
(38528, 50000)
(6600, 10000)
  2   4  50, 0.705980 [0.175677/7.927851] [1173/0.659930]
  2   4 100, 0.725700 [0.170893/7.921046] [1223/0.659930]
  2   4 150, 0.714516 [0.158565/7.918980] [1273/0.659930]
  2   4 200, 0.703591 [0.134650/7.918631] [1323/0.659930]
  2   4 250, 0.687607 [0.151537/7.919533] [1373/0.659930]
  2   4 300, 0.704466 [0.148879/7.920604] [1423/0.659930]
  2   4 350, 0.724833 [0.186240/7.915274] [1473/0.659930]
Epoch 4 done. Evaluation:
(38599, 50000)
(7127, 10000)
  2   5  50, 0.688782 [0.149167/7.909654] [1564/0.659930]
  2   5 100, 0.701938 [0.145149/7.908247] [1614/0.659930]
  2   5 150, 0.699075 [0.193786/7.908608] [1664/0.659930]
  2   5 200, 0.708265 [0.154914/7.908448] [1714/0.659930]
  2   5 250, 0.701024 [0.158289/7.904859] [1764/0.659930]
  2   5 300, 0.703311 [0.171474/7.905236] [1814/0.659930]
  2   5 350, 0.732039 [0.143785/7.894820] [1864/0.659930]
Epoch 5 done. Evaluation:
(38526, 50000)
(7119, 10000)
  2   6  50, 0.694761 [0.152447/7.886960] [1955/0.659930]
  2   6 100, 0.685748 [0.151661/7.888404] [2005/0.659930]
  2   6 150, 0.704020 [0.157247/7.887965] [2055/0.659930]
  2   6 200, 0.725664 [0.152950/7.890956] [2105/0.659930]
  2   6 250, 0.698491 [0.182667/7.895774] [2155/0.659930]
  2   6 300, 0.717307 [0.175494/7.892433] [2205/0.659930]
  2   6 350, 0.710444 [0.156455/7.888157] [2255/0.659930]
Epoch 6 done. Evaluation:
(38607, 50000)
(6448, 10000)
  2   7  50, 0.711653 [0.154467/7.888690] [2346/0.659930]
  2   7 100, 0.720368 [0.167179/7.888835] [2396/0.659930]
  2   7 150, 0.728998 [0.148950/7.883641] [2446/0.659930]
  2   7 200, 0.696097 [0.154322/7.886229] [2496/0.659930]
  2   7 250, 0.705349 [0.181434/7.886087] [2546/0.659930]
  2   7 300, 0.725732 [0.138153/7.880617] [2596/0.659930]
  2   7 350, 0.698539 [0.143711/7.879663] [2646/0.659930]
Epoch 7 done. Evaluation:
(38528, 50000)
(5366, 10000)
  2   8  50, 0.685827 [0.177448/7.882295] [2737/0.659930]
  2   8 100, 0.706021 [0.142430/7.885091] [2787/0.659930]
  2   8 150, 0.695501 [0.172405/7.885307] [2837/0.659930]
  2   8 200, 0.706351 [0.149574/7.884002] [2887/0.659930]
  2   8 250, 0.713174 [0.165623/7.876414] [2937/0.659930]
  2   8 300, 0.686184 [0.153544/7.874136] [2987/0.659930]
  2   8 350, 0.732325 [0.194254/7.871757] [3037/0.659930]
Epoch 8 done. Evaluation:
(38614, 50000)
(6931, 10000)
  2   9  50, 0.682000 [0.162719/7.871454] [3128/0.659930]
  2   9 100, 0.706471 [0.141152/7.871042] [3178/0.659930]
  2   9 150, 0.688208 [0.158932/7.869338] [3228/0.659930]
  2   9 200, 0.720072 [0.160982/7.868400] [3278/0.659930]
  2   9 250, 0.724991 [0.142297/7.866721] [3328/0.659930]
  2   9 300, 0.725205 [0.161483/7.864847] [3378/0.659930]
  2   9 350, 0.719831 [0.146700/7.861717] [3428/0.659930]
Epoch 9 done. Evaluation:
(38541, 50000)
(6840, 10000)
  2  10  50, 0.690164 [0.165857/7.864826] [3519/0.659930]
  2  10 100, 0.701112 [0.165698/7.870177] [3569/0.659930]
  2  10 150, 0.683489 [0.152488/7.869473] [3619/0.659930]
  2  10 200, 0.697275 [0.131301/7.869847] [3669/0.659930]
  2  10 250, 0.724588 [0.147793/7.867022] [3719/0.659930]
  2  10 300, 0.722737 [0.173454/7.861536] [3769/0.659930]
  2  10 350, 0.709316 [0.147348/7.859279] [3819/0.659930]
Epoch 10 done. Evaluation:
(38490, 50000)
(6324, 10000)
  2  11  50, 0.680362 [0.160291/7.865406] [3910/0.659930]
  2  11 100, 0.715991 [0.205667/7.864765] [3960/0.659930]
  2  11 150, 0.701458 [0.167270/7.866018] [4010/0.659930]
  2  11 200, 0.721030 [0.171995/7.866583] [4060/0.659930]
  2  11 250, 0.693569 [0.175822/7.872595] [4110/0.659930]
  2  11 300, 0.712769 [0.150325/7.872305] [4160/0.659930]
  2  11 350, 0.721376 [0.162399/7.869895] [4210/0.659930]
Epoch 11 done. Evaluation:
(38501, 50000)
(6776, 10000)
  2  12  50, 0.697569 [0.141319/7.868725] [4301/0.659930]
  2  12 100, 0.683696 [0.157190/7.874952] [4351/0.659930]
  2  12 150, 0.698111 [0.181751/7.875830] [4401/0.659930]
  2  12 200, 0.704185 [0.149445/7.874763] [4451/0.659930]
  2  12 250, 0.687006 [0.166346/7.877325] [4501/0.659930]
  2  12 300, 0.697930 [0.166585/7.879224] [4551/0.659930]
  2  12 350, 0.737103 [0.141384/7.875223] [4601/0.659930]
Epoch 12 done. Evaluation:
(38681, 50000)
(6598, 10000)
  2  13  50, 0.715611 [0.155217/7.873049] [4692/0.659930]
  2  13 100, 0.706289 [0.131007/7.873459] [4742/0.659930]
  2  13 150, 0.688031 [0.178899/7.877329] [4792/0.659930]
  2  13 200, 0.694591 [0.158775/7.881373] [4842/0.659930]
  2  13 250, 0.699583 [0.165608/7.884606] [4892/0.659930]
  2  13 300, 0.692306 [0.177838/7.881810] [4942/0.659930]
  2  13 350, 0.740336 [0.146853/7.879645] [4992/0.659930]
Epoch 13 done. Evaluation:
(38489, 50000)
(6999, 10000)
  2  14  50, 0.670031 [0.183627/7.881213] [5083/0.659930]
  2  14 100, 0.684173 [0.159736/7.884135] [5133/0.659930]
  2  14 150, 0.698400 [0.168244/7.883899] [5183/0.659930]
  2  14 200, 0.723399 [0.172282/7.883101] [5233/0.659930]
  2  14 250, 0.695113 [0.161771/7.884312] [5283/0.659930]
  2  14 300, 0.704066 [0.146028/7.877518] [5333/0.659930]
  2  14 350, 0.699316 [0.161614/7.880529] [5383/0.659930]
Epoch 14 done. Evaluation:
(38725, 50000)
(6547, 10000)
  2  15  50, 0.707236 [0.153832/7.879681] [5474/0.659930]
  2  15 100, 0.694328 [0.173947/7.882585] [5524/0.659930]
  2  15 150, 0.697951 [0.156274/7.884076] [5574/0.659930]
  2  15 200, 0.692354 [0.168273/7.884962] [5624/0.659930]
  2  15 250, 0.701396 [0.181909/7.886829] [5674/0.659930]
  2  15 300, 0.703920 [0.146228/7.886509] [5724/0.659930]
  2  15 350, 0.712143 [0.155328/7.883143] [5774/0.659930]
Epoch 15 done. Evaluation:
(38569, 50000)
(6776, 10000)
  2  16  50, 0.687240 [0.142951/7.886865] [5865/0.659930]
  2  16 100, 0.685334 [0.148714/7.886716] [5915/0.659930]
  2  16 150, 0.707641 [0.192201/7.888502] [5965/0.659930]
  2  16 200, 0.712568 [0.161544/7.890041] [6015/0.659930]
  2  16 250, 0.713028 [0.162833/7.889090] [6065/0.659930]
  2  16 300, 0.708902 [0.172260/7.888236] [6115/0.659930]
  2  16 350, 0.690330 [0.166426/7.891245] [6165/0.659930]
Epoch 16 done. Evaluation:
(38617, 50000)
(7136, 10000)
  2  17  50, 0.670533 [0.156759/7.889414] [6256/0.659930]
  2  17 100, 0.695444 [0.142053/7.890741] [6306/0.659930]
  2  17 150, 0.708880 [0.146380/7.895113] [6356/0.659930]
  2  17 200, 0.694531 [0.143386/7.899153] [6406/0.659930]
  2  17 250, 0.676352 [0.132660/7.897448] [6456/0.659930]
  2  17 300, 0.693268 [0.140876/7.894464] [6506/0.659930]
  2  17 350, 0.719671 [0.169700/7.894418] [6556/0.659930]
Epoch 17 done. Evaluation:
(38817, 50000)
(6274, 10000)
  2  18  50, 0.681168 [0.156284/7.890115] [6647/0.659930]
  2  18 100, 0.702776 [0.165563/7.890808] [6697/0.659930]
  2  18 150, 0.701067 [0.170937/7.891195] [6747/0.659930]
  2  18 200, 0.691676 [0.147898/7.896076] [6797/0.659930]
  2  18 250, 0.691621 [0.141524/7.893333] [6847/0.659930]
  2  18 300, 0.724033 [0.171943/7.891950] [6897/0.659930]
  2  18 350, 0.732911 [0.150525/7.892759] [6947/0.659930]
Epoch 18 done. Evaluation:
(38657, 50000)
(6887, 10000)
  2  19  50, 0.674211 [0.162430/7.894489] [7038/0.659930]
  2  19 100, 0.695472 [0.150842/7.896582] [7088/0.659930]
  2  19 150, 0.701979 [0.159937/7.899289] [7138/0.659930]
  2  19 200, 0.677387 [0.148044/7.903117] [7188/0.659930]
  2  19 250, 0.737621 [0.147707/7.896904] [7238/0.659930]
  2  19 300, 0.700662 [0.162503/7.894366] [7288/0.659930]
  2  19 350, 0.698575 [0.154762/7.892822] [7338/0.659930]
Epoch 19 done. Evaluation:
(38678, 50000)
(6579, 10000)
  3   0  50, 0.611779 [0.090835/7.881164] [   0/0.611779]
  3   0 100, 0.589950 [0.078353/7.869543] [   0/0.589950]
  3   0 150, 0.579676 [0.090012/7.860499] [   0/0.579676]
  3   0 200, 0.602219 [0.086236/7.851172] [  50/0.579676]
  3   0 250, 0.585218 [0.087658/7.844295] [ 100/0.579676]
  3   0 300, 0.593822 [0.091596/7.835529] [ 150/0.579676]
  3   0 350, 0.592484 [0.092877/7.828223] [ 200/0.579676]
Epoch 0 done. Evaluation:
(40752, 50000)
(7400, 10000)
  3   1  50, 0.569756 [0.094183/7.817400] [   0/0.569756]
  3   1 100, 0.576819 [0.097666/7.813348] [  50/0.569756]
  3   1 150, 0.592461 [0.084630/7.807097] [ 100/0.569756]
  3   1 200, 0.589975 [0.095744/7.801029] [ 150/0.569756]
  3   1 250, 0.577685 [0.089794/7.797391] [ 200/0.569756]
  3   1 300, 0.592353 [0.090276/7.790365] [ 250/0.569756]
  3   1 350, 0.600779 [0.100340/7.785557] [ 300/0.569756]
Epoch 1 done. Evaluation:
(40763, 50000)
(7097, 10000)
  3   2  50, 0.589909 [0.114727/7.777504] [ 391/0.569756]
  3   2 100, 0.578166 [0.104409/7.773991] [ 441/0.569756]
  3   2 150, 0.590844 [0.086065/7.771444] [ 491/0.569756]
  3   2 200, 0.592383 [0.095815/7.768728] [ 541/0.569756]
  3   2 250, 0.590396 [0.113229/7.764175] [ 591/0.569756]
  3   2 300, 0.582548 [0.098767/7.760459] [ 641/0.569756]
  3   2 350, 0.597152 [0.097528/7.756695] [ 691/0.569756]
Epoch 2 done. Evaluation:
(40631, 50000)
(6731, 10000)
  3   3  50, 0.571406 [0.098020/7.751027] [ 782/0.569756]
  3   3 100, 0.572414 [0.093068/7.751052] [ 832/0.569756]
  3   3 150, 0.615229 [0.086109/7.747087] [ 882/0.569756]
  3   3 200, 0.593611 [0.085828/7.742935] [ 932/0.569756]
  3   3 250, 0.586781 [0.112725/7.743709] [ 982/0.569756]
  3   3 300, 0.590203 [0.100828/7.739788] [1032/0.569756]
  3   3 350, 0.604372 [0.095059/7.735771] [1082/0.569756]
Epoch 3 done. Evaluation:
(40647, 50000)
(7643, 10000)
  3   4  50, 0.580598 [0.093419/7.730277] [1173/0.569756]
  3   4 100, 0.563362 [0.099541/7.730740] [   0/0.563362]
  3   4 150, 0.596597 [0.106129/7.727898] [  50/0.563362]
  3   4 200, 0.607452 [0.098701/7.726165] [ 100/0.563362]
  3   4 250, 0.591105 [0.086860/7.724149] [ 150/0.563362]
  3   4 300, 0.591684 [0.105091/7.722142] [ 200/0.563362]
  3   4 350, 0.599678 [0.100360/7.720450] [ 250/0.563362]
Epoch 4 done. Evaluation:
(40611, 50000)
(6980, 10000)
  3   5  50, 0.582928 [0.107566/7.718283] [ 341/0.563362]
  3   5 100, 0.585075 [0.085873/7.718645] [ 391/0.563362]
  3   5 150, 0.579158 [0.104859/7.719198] [ 441/0.563362]
  3   5 200, 0.591392 [0.080672/7.717592] [ 491/0.563362]
  3   5 250, 0.599934 [0.092095/7.714124] [ 541/0.563362]
  3   5 300, 0.573619 [0.094618/7.712813] [ 591/0.563362]
  3   5 350, 0.603886 [0.092363/7.709963] [ 641/0.563362]
Epoch 5 done. Evaluation:
(40641, 50000)
(7133, 10000)
  3   6  50, 0.554616 [0.102933/7.709464] [   0/0.554616]
  3   6 100, 0.569347 [0.087534/7.709619] [  50/0.554616]
  3   6 150, 0.570991 [0.102655/7.710814] [ 100/0.554616]
  3   6 200, 0.596354 [0.116845/7.709701] [ 150/0.554616]
  3   6 250, 0.604587 [0.115686/7.708617] [ 200/0.554616]
  3   6 300, 0.618025 [0.115144/7.705626] [ 250/0.554616]
  3   6 350, 0.602305 [0.108687/7.703220] [ 300/0.554616]
Epoch 6 done. Evaluation:
(40654, 50000)
(7378, 10000)
  3   7  50, 0.585332 [0.105137/7.701526] [ 391/0.554616]
  3   7 100, 0.578749 [0.102131/7.702809] [ 441/0.554616]
  3   7 150, 0.596847 [0.097272/7.702655] [ 491/0.554616]
  3   7 200, 0.568310 [0.096191/7.702746] [ 541/0.554616]
  3   7 250, 0.605483 [0.119246/7.700331] [ 591/0.554616]
  3   7 300, 0.592012 [0.117517/7.697977] [ 641/0.554616]
  3   7 350, 0.599165 [0.090777/7.696996] [ 691/0.554616]
Epoch 7 done. Evaluation:
(40599, 50000)
(7563, 10000)
  3   8  50, 0.563105 [0.093671/7.699052] [ 782/0.554616]
  3   8 100, 0.557223 [0.105524/7.700538] [ 832/0.554616]
  3   8 150, 0.566548 [0.099026/7.701452] [ 882/0.554616]
  3   8 200, 0.608517 [0.112327/7.700501] [ 932/0.554616]
  3   8 250, 0.587042 [0.094036/7.698838] [ 982/0.554616]
  3   8 300, 0.611802 [0.116417/7.697967] [1032/0.554616]
  3   8 350, 0.619669 [0.107740/7.693645] [1082/0.554616]
Epoch 8 done. Evaluation:
(40597, 50000)
(7544, 10000)
  3   9  50, 0.563701 [0.101330/7.692642] [1173/0.554616]
  3   9 100, 0.574926 [0.101050/7.692805] [1223/0.554616]
  3   9 150, 0.588141 [0.123288/7.694444] [1273/0.554616]
  3   9 200, 0.599149 [0.121901/7.693811] [1323/0.554616]
  3   9 250, 0.585471 [0.102532/7.692264] [1373/0.554616]
  3   9 300, 0.593219 [0.095571/7.691847] [1423/0.554616]
  3   9 350, 0.613704 [0.108393/7.691635] [1473/0.554616]
Epoch 9 done. Evaluation:
(40624, 50000)
(6928, 10000)
  3  10  50, 0.572619 [0.112323/7.694169] [1564/0.554616]
  3  10 100, 0.580582 [0.082234/7.695493] [1614/0.554616]
  3  10 150, 0.571291 [0.102495/7.697311] [1664/0.554616]
  3  10 200, 0.577373 [0.108523/7.698089] [1714/0.554616]
  3  10 250, 0.578003 [0.112457/7.694892] [1764/0.554616]
  3  10 300, 0.612608 [0.094592/7.692422] [1814/0.554616]
  3  10 350, 0.592902 [0.109900/7.691340] [1864/0.554616]
Epoch 10 done. Evaluation:
(40734, 50000)
(7355, 10000)
  3  11  50, 0.548140 [0.102385/7.691301] [   0/0.548140]
  3  11 100, 0.580501 [0.090215/7.693540] [  50/0.548140]
  3  11 150, 0.578147 [0.107714/7.697243] [ 100/0.548140]
  3  11 200, 0.605365 [0.105117/7.697229] [ 150/0.548140]
  3  11 250, 0.607517 [0.106793/7.694175] [ 200/0.548140]
  3  11 300, 0.587451 [0.109785/7.694746] [ 250/0.548140]
  3  11 350, 0.592041 [0.103222/7.696113] [ 300/0.548140]
Epoch 11 done. Evaluation:
(40710, 50000)
(6319, 10000)
  3  12  50, 0.552704 [0.096993/7.697374] [ 391/0.548140]
  3  12 100, 0.590151 [0.114200/7.697781] [ 441/0.548140]
  3  12 150, 0.565509 [0.104131/7.702563] [ 491/0.548140]
  3  12 200, 0.598040 [0.109617/7.703280] [ 541/0.548140]
  3  12 250, 0.605152 [0.102096/7.703109] [ 591/0.548140]
  3  12 300, 0.592654 [0.110876/7.701308] [ 641/0.548140]
  3  12 350, 0.601340 [0.103784/7.698668] [ 691/0.548140]
Epoch 12 done. Evaluation:
(40729, 50000)
(7011, 10000)
  3  13  50, 0.559209 [0.105485/7.699516] [ 782/0.548140]
  3  13 100, 0.577761 [0.093414/7.702428] [ 832/0.548140]
  3  13 150, 0.577421 [0.103358/7.704182] [ 882/0.548140]
  3  13 200, 0.601302 [0.088484/7.706670] [ 932/0.548140]
  3  13 250, 0.588409 [0.107139/7.704844] [ 982/0.548140]
  3  13 300, 0.592390 [0.100164/7.705359] [1032/0.548140]
  3  13 350, 0.580274 [0.088636/7.706368] [1082/0.548140]
Epoch 13 done. Evaluation:
(40759, 50000)
(7524, 10000)
  3  14  50, 0.543516 [0.112417/7.708961] [   0/0.543516]
  3  14 100, 0.613305 [0.100277/7.708903] [  50/0.543516]
  3  14 150, 0.575431 [0.111425/7.710136] [ 100/0.543516]
  3  14 200, 0.574633 [0.114086/7.712029] [ 150/0.543516]
  3  14 250, 0.578908 [0.109658/7.713001] [ 200/0.543516]
  3  14 300, 0.581148 [0.098125/7.712168] [ 250/0.543516]
  3  14 350, 0.599834 [0.095707/7.709723] [ 300/0.543516]
Epoch 14 done. Evaluation:
(40723, 50000)
(7017, 10000)
  3  15  50, 0.570147 [0.126362/7.712592] [ 391/0.543516]
  3  15 100, 0.559622 [0.113678/7.714018] [ 441/0.543516]
  3  15 150, 0.590071 [0.122038/7.716882] [ 491/0.543516]
  3  15 200, 0.583219 [0.111724/7.717287] [ 541/0.543516]
  3  15 250, 0.594970 [0.122488/7.717767] [ 591/0.543516]
  3  15 300, 0.576893 [0.113527/7.717337] [ 641/0.543516]
  3  15 350, 0.576173 [0.121845/7.717791] [ 691/0.543516]
Epoch 15 done. Evaluation:
(40887, 50000)
(7247, 10000)
  3  16  50, 0.591393 [0.093067/7.716039] [ 782/0.543516]
  3  16 100, 0.549910 [0.104186/7.718971] [ 832/0.543516]
  3  16 150, 0.576939 [0.103446/7.721565] [ 882/0.543516]
  3  16 200, 0.589443 [0.106699/7.722591] [ 932/0.543516]
  3  16 250, 0.574789 [0.117666/7.724572] [ 982/0.543516]
  3  16 300, 0.592950 [0.116594/7.724218] [1032/0.543516]
  3  16 350, 0.583254 [0.096648/7.722016] [1082/0.543516]
Epoch 16 done. Evaluation:
(40739, 50000)
(6886, 10000)
  3  17  50, 0.562652 [0.103632/7.724945] [1173/0.543516]
  3  17 100, 0.575261 [0.105097/7.728202] [1223/0.543516]
  3  17 150, 0.574373 [0.091878/7.731255] [1273/0.543516]
  3  17 200, 0.570185 [0.096975/7.731187] [1323/0.543516]
  3  17 250, 0.582388 [0.104312/7.730305] [1373/0.543516]
  3  17 300, 0.606617 [0.098228/7.729073] [1423/0.543516]
  3  17 350, 0.584562 [0.123699/7.730169] [1473/0.543516]
Epoch 17 done. Evaluation:
(40771, 50000)
(7373, 10000)
  3  18  50, 0.556435 [0.117760/7.733300] [1564/0.543516]
  3  18 100, 0.556761 [0.106724/7.736295] [1614/0.543516]
  3  18 150, 0.580260 [0.094125/7.740129] [1664/0.543516]
  3  18 200, 0.581378 [0.107409/7.738842] [1714/0.543516]
  3  18 250, 0.598916 [0.101479/7.737762] [1764/0.543516]
  3  18 300, 0.604869 [0.111024/7.737540] [1814/0.543516]
  3  18 350, 0.586288 [0.089652/7.739106] [1864/0.543516]
Epoch 18 done. Evaluation:
(40772, 50000)
(7270, 10000)
  3  19  50, 0.578005 [0.098983/7.738854] [1955/0.543516]
  3  19 100, 0.560527 [0.106598/7.741402] [2005/0.543516]
  3  19 150, 0.563749 [0.115666/7.743769] [2055/0.543516]
  3  19 200, 0.570995 [0.080157/7.744607] [2105/0.543516]
  3  19 250, 0.565304 [0.118529/7.745575] [2155/0.543516]
  3  19 300, 0.586128 [0.099284/7.745667] [2205/0.543516]
  3  19 350, 0.581247 [0.117101/7.745568] [2255/0.543516]
Epoch 19 done. Evaluation:
(40860, 50000)
(7191, 10000)
  4   0  50, 0.495708 [0.064961/7.739223] [   0/0.495708]
  4   0 100, 0.480397 [0.059614/7.734299] [   0/0.480397]
  4   0 150, 0.473499 [0.051291/7.730262] [   0/0.473499]
  4   0 200, 0.475859 [0.052809/7.726862] [  50/0.473499]
  4   0 250, 0.474618 [0.044624/7.723151] [ 100/0.473499]
  4   0 300, 0.483517 [0.048305/7.719088] [ 150/0.473499]
  4   0 350, 0.470689 [0.055533/7.715621] [   0/0.470689]
Epoch 0 done. Evaluation:
(42734, 50000)
(7892, 10000)
  4   1  50, 0.442967 [0.051937/7.710603] [   0/0.442967]
  4   1 100, 0.440047 [0.063104/7.709503] [   0/0.440047]
  4   1 150, 0.457469 [0.062555/7.707831] [  50/0.440047]
  4   1 200, 0.465144 [0.051101/7.706797] [ 100/0.440047]
  4   1 250, 0.475353 [0.061056/7.704347] [ 150/0.440047]
  4   1 300, 0.457887 [0.053080/7.702106] [ 200/0.440047]
  4   1 350, 0.483373 [0.057428/7.699302] [ 250/0.440047]
Epoch 1 done. Evaluation:
(43039, 50000)
(7776, 10000)
  4   2  50, 0.435612 [0.056749/7.697846] [   0/0.435612]
  4   2 100, 0.446619 [0.059056/7.697109] [  50/0.435612]
  4   2 150, 0.463554 [0.059217/7.695363] [ 100/0.435612]
  4   2 200, 0.465984 [0.059810/7.694036] [ 150/0.435612]
  4   2 250, 0.458842 [0.054266/7.693061] [ 200/0.435612]
  4   2 300, 0.461606 [0.063813/7.691648] [ 250/0.435612]
  4   2 350, 0.472172 [0.068728/7.689896] [ 300/0.435612]
Epoch 2 done. Evaluation:
(43043, 50000)
(7847, 10000)
  4   3  50, 0.445598 [0.063703/7.687803] [ 391/0.435612]
  4   3 100, 0.451881 [0.068267/7.687678] [ 441/0.435612]
  4   3 150, 0.458857 [0.071146/7.688185] [ 491/0.435612]
  4   3 200, 0.447334 [0.071799/7.687980] [ 541/0.435612]
  4   3 250, 0.471458 [0.065934/7.685631] [ 591/0.435612]
  4   3 300, 0.476155 [0.061934/7.684076] [ 641/0.435612]
  4   3 350, 0.482141 [0.069218/7.682497] [ 691/0.435612]
Epoch 3 done. Evaluation:
(43025, 50000)
(7851, 10000)
  4   4  50, 0.431083 [0.062629/7.680606] [   0/0.431083]
  4   4 100, 0.439975 [0.069075/7.681362] [  50/0.431083]
  4   4 150, 0.462410 [0.061047/7.681631] [ 100/0.431083]
  4   4 200, 0.459611 [0.071909/7.681059] [ 150/0.431083]
  4   4 250, 0.467794 [0.065971/7.679932] [ 200/0.431083]
  4   4 300, 0.458401 [0.072435/7.679646] [ 250/0.431083]
  4   4 350, 0.480490 [0.069842/7.677800] [ 300/0.431083]
Epoch 4 done. Evaluation:
(43087, 50000)
(7738, 10000)
  4   5  50, 0.435514 [0.062151/7.676275] [ 391/0.431083]
  4   5 100, 0.435353 [0.060974/7.676323] [ 441/0.431083]
  4   5 150, 0.436238 [0.080428/7.677897] [ 491/0.431083]
  4   5 200, 0.462232 [0.054508/7.676898] [ 541/0.431083]
  4   5 250, 0.475138 [0.073358/7.676887] [ 591/0.431083]
  4   5 300, 0.471614 [0.064754/7.676211] [ 641/0.431083]
  4   5 350, 0.467438 [0.084426/7.675288] [ 691/0.431083]
Epoch 5 done. Evaluation:
(43081, 50000)
(7649, 10000)
  4   6  50, 0.440109 [0.063299/7.674520] [ 782/0.431083]
  4   6 100, 0.435419 [0.074807/7.675968] [ 832/0.431083]
  4   6 150, 0.444812 [0.075445/7.676465] [ 882/0.431083]
  4   6 200, 0.448022 [0.062571/7.676044] [ 932/0.431083]
  4   6 250, 0.468878 [0.065791/7.674788] [ 982/0.431083]
  4   6 300, 0.477011 [0.076540/7.674395] [1032/0.431083]
  4   6 350, 0.475426 [0.084338/7.674544] [1082/0.431083]
Epoch 6 done. Evaluation:
(42999, 50000)
(7641, 10000)
  4   7  50, 0.437191 [0.058544/7.674830] [1173/0.431083]
  4   7 100, 0.447554 [0.070125/7.675093] [1223/0.431083]
  4   7 150, 0.448083 [0.063323/7.675544] [1273/0.431083]
  4   7 200, 0.451899 [0.063096/7.675931] [1323/0.431083]
  4   7 250, 0.451281 [0.068331/7.676234] [1373/0.431083]
  4   7 300, 0.479224 [0.078446/7.674654] [1423/0.431083]
  4   7 350, 0.472280 [0.062548/7.673961] [1473/0.431083]
Epoch 7 done. Evaluation:
(42979, 50000)
(7528, 10000)
  4   8  50, 0.418917 [0.062926/7.673449] [   0/0.418917]
  4   8 100, 0.450461 [0.081058/7.674599] [  50/0.418917]
  4   8 150, 0.462007 [0.061019/7.674503] [ 100/0.418917]
  4   8 200, 0.449285 [0.059780/7.674813] [ 150/0.418917]
  4   8 250, 0.466300 [0.071365/7.675211] [ 200/0.418917]
  4   8 300, 0.451504 [0.069695/7.674255] [ 250/0.418917]
  4   8 350, 0.455048 [0.079078/7.673844] [ 300/0.418917]
Epoch 8 done. Evaluation:
(43170, 50000)
(7863, 10000)
  4   9  50, 0.425519 [0.064736/7.674706] [ 391/0.418917]
  4   9 100, 0.435616 [0.070178/7.676283] [ 441/0.418917]
  4   9 150, 0.446950 [0.064501/7.677083] [ 491/0.418917]
  4   9 200, 0.446380 [0.061395/7.678906] [ 541/0.418917]
  4   9 250, 0.451494 [0.068513/7.680473] [ 591/0.418917]
  4   9 300, 0.448694 [0.060404/7.680129] [ 641/0.418917]
  4   9 350, 0.461852 [0.066521/7.680021] [ 691/0.418917]
Epoch 9 done. Evaluation:
(43143, 50000)
(7849, 10000)
  4  10  50, 0.421795 [0.064466/7.681128] [ 782/0.418917]
  4  10 100, 0.438204 [0.065610/7.682459] [ 832/0.418917]
  4  10 150, 0.445135 [0.077042/7.682734] [ 882/0.418917]
  4  10 200, 0.472420 [0.081031/7.682887] [ 932/0.418917]
  4  10 250, 0.441852 [0.076143/7.683810] [ 982/0.418917]
  4  10 300, 0.470353 [0.055068/7.683930] [1032/0.418917]
  4  10 350, 0.467533 [0.072400/7.684067] [1082/0.418917]
Epoch 10 done. Evaluation:
(43064, 50000)
(7694, 10000)
  4  11  50, 0.443766 [0.083781/7.685877] [1173/0.418917]
  4  11 100, 0.432616 [0.068743/7.687078] [1223/0.418917]
  4  11 150, 0.441750 [0.072167/7.688746] [1273/0.418917]
  4  11 200, 0.450731 [0.066838/7.688861] [1323/0.418917]
  4  11 250, 0.443612 [0.073007/7.688791] [1373/0.418917]
  4  11 300, 0.472564 [0.068976/7.689139] [1423/0.418917]
  4  11 350, 0.450156 [0.075767/7.688583] [1473/0.418917]
Epoch 11 done. Evaluation:
(43128, 50000)
(6807, 10000)
  4  12  50, 0.440199 [0.080754/7.690110] [1564/0.418917]
  4  12 100, 0.425854 [0.077026/7.691529] [1614/0.418917]
  4  12 150, 0.438554 [0.063753/7.692279] [1664/0.418917]
  4  12 200, 0.443377 [0.084579/7.693983] [1714/0.418917]
  4  12 250, 0.441223 [0.077413/7.694596] [1764/0.418917]
  4  12 300, 0.460154 [0.066370/7.695245] [1814/0.418917]
  4  12 350, 0.442728 [0.059750/7.695905] [1864/0.418917]
Epoch 12 done. Evaluation:
(43221, 50000)
(7525, 10000)
  4  13  50, 0.408364 [0.063414/7.696053] [   0/0.408364]
  4  13 100, 0.423692 [0.080444/7.697354] [  50/0.408364]
  4  13 150, 0.445636 [0.065124/7.698676] [ 100/0.408364]
  4  13 200, 0.445288 [0.079003/7.700210] [ 150/0.408364]
  4  13 250, 0.456302 [0.052052/7.700162] [ 200/0.408364]
  4  13 300, 0.458639 [0.075456/7.700776] [ 250/0.408364]
  4  13 350, 0.448176 [0.070510/7.701997] [ 300/0.408364]
Epoch 13 done. Evaluation:
(43206, 50000)
(7798, 10000)
  4  14  50, 0.407090 [0.080428/7.702993] [   0/0.407090]
  4  14 100, 0.419761 [0.067915/7.704303] [  50/0.407090]
  4  14 150, 0.427018 [0.054446/7.705711] [ 100/0.407090]
  4  14 200, 0.433200 [0.070286/7.706941] [ 150/0.407090]
  4  14 250, 0.446899 [0.070854/7.707832] [ 200/0.407090]
  4  14 300, 0.466573 [0.066455/7.707902] [ 250/0.407090]
  4  14 350, 0.457922 [0.088639/7.707878] [ 300/0.407090]
Epoch 14 done. Evaluation:
(43240, 50000)
(7810, 10000)
  4  15  50, 0.422081 [0.085279/7.710861] [ 391/0.407090]
  4  15 100, 0.432435 [0.061460/7.712567] [ 441/0.407090]
  4  15 150, 0.441903 [0.076122/7.714054] [ 491/0.407090]
  4  15 200, 0.432497 [0.061130/7.714998] [ 541/0.407090]
  4  15 250, 0.435720 [0.085663/7.715966] [ 591/0.407090]
  4  15 300, 0.460721 [0.080948/7.717019] [ 641/0.407090]
  4  15 350, 0.476153 [0.081288/7.716402] [ 691/0.407090]
Epoch 15 done. Evaluation:
(43134, 50000)
(7477, 10000)
  4  16  50, 0.419233 [0.071448/7.718110] [ 782/0.407090]
  4  16 100, 0.425096 [0.074263/7.719804] [ 832/0.407090]
  4  16 150, 0.423339 [0.070268/7.720970] [ 882/0.407090]
  4  16 200, 0.454981 [0.085272/7.721759] [ 932/0.407090]
  4  16 250, 0.447253 [0.067194/7.723051] [ 982/0.407090]
  4  16 300, 0.444976 [0.069521/7.722798] [1032/0.407090]
  4  16 350, 0.460742 [0.063858/7.723053] [1082/0.407090]
Epoch 16 done. Evaluation:
(43234, 50000)
(7519, 10000)
  4  17  50, 0.403669 [0.084219/7.724725] [   0/0.403669]
  4  17 100, 0.423985 [0.077048/7.726447] [  50/0.403669]
  4  17 150, 0.432137 [0.066026/7.728724] [ 100/0.403669]
  4  17 200, 0.433040 [0.076419/7.730521] [ 150/0.403669]
  4  17 250, 0.439946 [0.068003/7.731066] [ 200/0.403669]
  4  17 300, 0.454697 [0.072495/7.733352] [ 250/0.403669]
  4  17 350, 0.463473 [0.071007/7.732915] [ 300/0.403669]
Epoch 17 done. Evaluation:
(43349, 50000)
(7674, 10000)
  4  18  50, 0.416719 [0.075280/7.735315] [ 391/0.403669]
  4  18 100, 0.415957 [0.085301/7.737087] [ 441/0.403669]
  4  18 150, 0.429544 [0.074004/7.737638] [ 491/0.403669]
  4  18 200, 0.436628 [0.073503/7.739989] [ 541/0.403669]
  4  18 250, 0.434998 [0.068997/7.741478] [ 591/0.403669]
  4  18 300, 0.448740 [0.082819/7.741403] [ 641/0.403669]
  4  18 350, 0.441754 [0.073388/7.742199] [ 691/0.403669]
Epoch 18 done. Evaluation:
(43350, 50000)
(7572, 10000)
  4  19  50, 0.414356 [0.069543/7.744079] [ 782/0.403669]
  4  19 100, 0.417341 [0.055229/7.745448] [ 832/0.403669]
  4  19 150, 0.424478 [0.077361/7.747599] [ 882/0.403669]
  4  19 200, 0.421569 [0.074784/7.749776] [ 932/0.403669]
  4  19 250, 0.441826 [0.070363/7.751172] [ 982/0.403669]
  4  19 300, 0.436376 [0.081590/7.752149] [1032/0.403669]
  4  19 350, 0.448443 [0.072444/7.752760] [1082/0.403669]
Epoch 19 done. Evaluation:
(43469, 50000)
(7626, 10000)
  5   0  50, 0.346224 [0.030818/7.750734] [   0/0.346224]
  5   0 100, 0.351932 [0.030694/7.748633] [  50/0.346224]
  5   0 150, 0.325306 [0.030396/7.746814] [   0/0.325306]
  5   0 200, 0.329096 [0.030979/7.745208] [  50/0.325306]
  5   0 250, 0.344085 [0.033991/7.743243] [ 100/0.325306]
  5   0 300, 0.344274 [0.030981/7.741880] [ 150/0.325306]
  5   0 350, 0.339542 [0.033706/7.740396] [ 200/0.325306]
Epoch 0 done. Evaluation:
(45331, 50000)
(8176, 10000)
  5   1  50, 0.301465 [0.034426/7.738477] [   0/0.301465]
  5   1 100, 0.303025 [0.037786/7.737752] [  50/0.301465]
  5   1 150, 0.311462 [0.027027/7.737012] [ 100/0.301465]
  5   1 200, 0.313136 [0.028345/7.736437] [ 150/0.301465]
  5   1 250, 0.327878 [0.036630/7.735892] [ 200/0.301465]
  5   1 300, 0.318514 [0.035288/7.735533] [ 250/0.301465]
  5   1 350, 0.314906 [0.035429/7.735082] [ 300/0.301465]
Epoch 1 done. Evaluation:
(45952, 50000)
(8192, 10000)
  5   2  50, 0.290273 [0.025268/7.734618] [   0/0.290273]
  5   2 100, 0.293252 [0.035782/7.733990] [  50/0.290273]
  5   2 150, 0.294601 [0.033191/7.733608] [ 100/0.290273]
  5   2 200, 0.306840 [0.033038/7.733550] [ 150/0.290273]
  5   2 250, 0.305473 [0.036578/7.733203] [ 200/0.290273]
  5   2 300, 0.318312 [0.037555/7.732766] [ 250/0.290273]
  5   2 350, 0.321845 [0.040611/7.732316] [ 300/0.290273]
Epoch 2 done. Evaluation:
(46029, 50000)
(7965, 10000)
  5   3  50, 0.282723 [0.034418/7.731786] [   0/0.282723]
  5   3 100, 0.287273 [0.030962/7.731972] [  50/0.282723]
  5   3 150, 0.285945 [0.040222/7.732212] [ 100/0.282723]
  5   3 200, 0.306241 [0.036955/7.731694] [ 150/0.282723]
  5   3 250, 0.307851 [0.033540/7.731258] [ 200/0.282723]
  5   3 300, 0.328251 [0.033324/7.731004] [ 250/0.282723]
  5   3 350, 0.319569 [0.039848/7.730771] [ 300/0.282723]
Epoch 3 done. Evaluation:
(46047, 50000)
(7925, 10000)
  5   4  50, 0.297274 [0.036321/7.730925] [ 391/0.282723]
  5   4 100, 0.288461 [0.040317/7.731022] [ 441/0.282723]
  5   4 150, 0.290742 [0.033902/7.730990] [ 491/0.282723]
  5   4 200, 0.304515 [0.034632/7.730951] [ 541/0.282723]
  5   4 250, 0.305067 [0.036859/7.731101] [ 591/0.282723]
  5   4 300, 0.305839 [0.035541/7.731083] [ 641/0.282723]
  5   4 350, 0.303933 [0.042593/7.730880] [ 691/0.282723]
Epoch 4 done. Evaluation:
(46048, 50000)
(7945, 10000)
  5   5  50, 0.277931 [0.034071/7.730756] [   0/0.277931]
  5   5 100, 0.289057 [0.042461/7.730574] [  50/0.277931]
  5   5 150, 0.296270 [0.041394/7.730751] [ 100/0.277931]
  5   5 200, 0.311515 [0.044490/7.731090] [ 150/0.277931]
  5   5 250, 0.310182 [0.032593/7.731461] [ 200/0.277931]
  5   5 300, 0.305906 [0.056022/7.731658] [ 250/0.277931]
  5   5 350, 0.329895 [0.038968/7.731390] [ 300/0.277931]
Epoch 5 done. Evaluation:
(45995, 50000)
(7812, 10000)
  5   6  50, 0.284675 [0.039074/7.730997] [ 391/0.277931]
  5   6 100, 0.285149 [0.038338/7.731444] [ 441/0.277931]
  5   6 150, 0.296138 [0.036301/7.731666] [ 491/0.277931]
  5   6 200, 0.314424 [0.037952/7.731388] [ 541/0.277931]
  5   6 250, 0.289500 [0.041809/7.731272] [ 591/0.277931]
  5   6 300, 0.302173 [0.040465/7.731371] [ 641/0.277931]
  5   6 350, 0.317991 [0.041376/7.731203] [ 691/0.277931]
Epoch 6 done. Evaluation:
(45998, 50000)
(7769, 10000)
  5   7  50, 0.278351 [0.038204/7.731583] [ 782/0.277931]
  5   7 100, 0.284773 [0.037219/7.731862] [ 832/0.277931]
  5   7 150, 0.283266 [0.046488/7.731878] [ 882/0.277931]
  5   7 200, 0.293318 [0.042047/7.732366] [ 932/0.277931]
  5   7 250, 0.298515 [0.040109/7.732544] [ 982/0.277931]
  5   7 300, 0.303843 [0.041901/7.732791] [1032/0.277931]
  5   7 350, 0.309721 [0.044078/7.733179] [1082/0.277931]
Epoch 7 done. Evaluation:
(46149, 50000)
(7980, 10000)
  5   8  50, 0.277712 [0.040576/7.733976] [   0/0.277712]
  5   8 100, 0.287295 [0.049131/7.734898] [  50/0.277712]
  5   8 150, 0.285059 [0.041795/7.734814] [ 100/0.277712]
  5   8 200, 0.293229 [0.037973/7.735261] [ 150/0.277712]
  5   8 250, 0.298272 [0.034655/7.735694] [ 200/0.277712]
  5   8 300, 0.304565 [0.052174/7.735970] [ 250/0.277712]
  5   8 350, 0.317071 [0.050507/7.736642] [ 300/0.277712]
Epoch 8 done. Evaluation:
(46020, 50000)
(7996, 10000)
  5   9  50, 0.267346 [0.040279/7.737355] [   0/0.267346]
  5   9 100, 0.275073 [0.041060/7.737681] [  50/0.267346]
  5   9 150, 0.287039 [0.049065/7.738152] [ 100/0.267346]
  5   9 200, 0.294348 [0.040289/7.738554] [ 150/0.267346]
  5   9 250, 0.288529 [0.039494/7.738681] [ 200/0.267346]
  5   9 300, 0.297250 [0.047253/7.739437] [ 250/0.267346]
  5   9 350, 0.299511 [0.049395/7.739978] [ 300/0.267346]
Epoch 9 done. Evaluation:
(46157, 50000)
(7887, 10000)
  5  10  50, 0.270596 [0.048727/7.739845] [ 391/0.267346]
  5  10 100, 0.270328 [0.041354/7.739917] [ 441/0.267346]
  5  10 150, 0.285322 [0.033408/7.740611] [ 491/0.267346]
  5  10 200, 0.286907 [0.043076/7.741840] [ 541/0.267346]
  5  10 250, 0.300310 [0.042014/7.742771] [ 591/0.267346]
  5  10 300, 0.304799 [0.029166/7.743146] [ 641/0.267346]
  5  10 350, 0.300977 [0.045399/7.743100] [ 691/0.267346]
Epoch 10 done. Evaluation:
(46192, 50000)
(7939, 10000)
  5  11  50, 0.267399 [0.045335/7.743328] [ 782/0.267346]
  5  11 100, 0.263886 [0.042644/7.743587] [   0/0.263886]
  5  11 150, 0.270638 [0.049031/7.744145] [  50/0.263886]
  5  11 200, 0.291981 [0.035272/7.744770] [ 100/0.263886]
  5  11 250, 0.296104 [0.038346/7.744940] [ 150/0.263886]
  5  11 300, 0.299372 [0.059514/7.745411] [ 200/0.263886]
  5  11 350, 0.293928 [0.044848/7.745621] [ 250/0.263886]
Epoch 11 done. Evaluation:
(46253, 50000)
(8008, 10000)
  5  12  50, 0.267447 [0.043287/7.745848] [ 341/0.263886]
  5  12 100, 0.285450 [0.050144/7.746766] [ 391/0.263886]
  5  12 150, 0.276572 [0.046269/7.747068] [ 441/0.263886]
  5  12 200, 0.276625 [0.042087/7.747474] [ 491/0.263886]
  5  12 250, 0.297719 [0.051427/7.748566] [ 541/0.263886]
  5  12 300, 0.296147 [0.051631/7.749160] [ 591/0.263886]
  5  12 350, 0.304255 [0.039158/7.749411] [ 641/0.263886]
Epoch 12 done. Evaluation:
(46189, 50000)
(7556, 10000)
  5  13  50, 0.274502 [0.044697/7.750155] [ 732/0.263886]
  5  13 100, 0.265981 [0.045229/7.750630] [ 782/0.263886]
  5  13 150, 0.293947 [0.044795/7.751127] [ 832/0.263886]
  5  13 200, 0.281267 [0.047170/7.751343] [ 882/0.263886]
  5  13 250, 0.284437 [0.051566/7.751489] [ 932/0.263886]
  5  13 300, 0.293187 [0.047385/7.751749] [ 982/0.263886]
  5  13 350, 0.283989 [0.043173/7.751753] [1032/0.263886]
Epoch 13 done. Evaluation:
(46293, 50000)
(7856, 10000)
  5  14  50, 0.256051 [0.046968/7.752605] [   0/0.256051]
  5  14 100, 0.274628 [0.043239/7.753212] [  50/0.256051]
  5  14 150, 0.277840 [0.052093/7.753711] [ 100/0.256051]
  5  14 200, 0.278699 [0.045651/7.754465] [ 150/0.256051]
  5  14 250, 0.284156 [0.037982/7.754781] [ 200/0.256051]
  5  14 300, 0.290666 [0.045971/7.755241] [ 250/0.256051]
  5  14 350, 0.289845 [0.054530/7.755731] [ 300/0.256051]
Epoch 14 done. Evaluation:
(46352, 50000)
(7893, 10000)
  5  15  50, 0.263843 [0.041079/7.756342] [ 391/0.256051]
  5  15 100, 0.267153 [0.051491/7.757134] [ 441/0.256051]
  5  15 150, 0.264786 [0.041222/7.758055] [ 491/0.256051]
  5  15 200, 0.273585 [0.045886/7.758154] [ 541/0.256051]
  5  15 250, 0.287058 [0.056456/7.758722] [ 591/0.256051]
  5  15 300, 0.290513 [0.048309/7.759096] [ 641/0.256051]
  5  15 350, 0.284158 [0.060978/7.759848] [ 691/0.256051]
Epoch 15 done. Evaluation:
(46356, 50000)
(7985, 10000)
  5  16  50, 0.254311 [0.050796/7.760513] [   0/0.254311]
  5  16 100, 0.266484 [0.043295/7.761562] [  50/0.254311]
  5  16 150, 0.270866 [0.044023/7.762281] [ 100/0.254311]
  5  16 200, 0.274950 [0.043676/7.763160] [ 150/0.254311]
  5  16 250, 0.288057 [0.045451/7.763435] [ 200/0.254311]
  5  16 300, 0.284891 [0.054965/7.763970] [ 250/0.254311]
  5  16 350, 0.300268 [0.043869/7.764820] [ 300/0.254311]
Epoch 16 done. Evaluation:
(46319, 50000)
(7903, 10000)
  5  17  50, 0.265123 [0.047203/7.765314] [ 391/0.254311]
  5  17 100, 0.265464 [0.042461/7.765941] [ 441/0.254311]
  5  17 150, 0.279487 [0.037341/7.766903] [ 491/0.254311]
  5  17 200, 0.277484 [0.037926/7.767733] [ 541/0.254311]
  5  17 250, 0.280819 [0.046675/7.768462] [ 591/0.254311]
  5  17 300, 0.275222 [0.037696/7.768699] [ 641/0.254311]
  5  17 350, 0.285042 [0.045137/7.769051] [ 691/0.254311]
Epoch 17 done. Evaluation:
(46404, 50000)
(7982, 10000)
  5  18  50, 0.253554 [0.047389/7.769446] [   0/0.253554]
  5  18 100, 0.261564 [0.045752/7.770022] [  50/0.253554]
  5  18 150, 0.258647 [0.038452/7.770460] [ 100/0.253554]
  5  18 200, 0.283482 [0.045952/7.771216] [ 150/0.253554]
  5  18 250, 0.271029 [0.046739/7.771629] [ 200/0.253554]
  5  18 300, 0.287283 [0.053548/7.772170] [ 250/0.253554]
  5  18 350, 0.289418 [0.045930/7.772593] [ 300/0.253554]
Epoch 18 done. Evaluation:
(46454, 50000)
(7953, 10000)
  5  19  50, 0.251176 [0.047339/7.773618] [   0/0.251176]
  5  19 100, 0.256478 [0.041294/7.774358] [  50/0.251176]
  5  19 150, 0.277161 [0.048214/7.775158] [ 100/0.251176]
  5  19 200, 0.280645 [0.055181/7.776177] [ 150/0.251176]
  5  19 250, 0.273271 [0.038569/7.776304] [ 200/0.251176]
  5  19 300, 0.287707 [0.054966/7.776793] [ 250/0.251176]
  5  19 350, 0.278078 [0.051882/7.777151] [ 300/0.251176]
Epoch 19 done. Evaluation:
(46452, 50000)
(7919, 10000)
  6   0  50, 0.228977 [0.024324/7.776370] [   0/0.228977]
  6   0 100, 0.204707 [0.012256/7.775066] [   0/0.204707]
  6   0 150, 0.209143 [0.013144/7.773736] [  50/0.204707]
  6   0 200, 0.178916 [0.016512/7.772347] [   0/0.178916]
  6   0 250, 0.193671 [0.021223/7.771148] [  50/0.178916]
  6   0 300, 0.194535 [0.016012/7.769850] [ 100/0.178916]
  6   0 350, 0.187675 [0.015474/7.768775] [ 150/0.178916]
Epoch 0 done. Evaluation:
(48065, 50000)
(8237, 10000)
  6   1  50, 0.171737 [0.015589/7.766644] [   0/0.171737]
  6   1 100, 0.175310 [0.016081/7.765463] [  50/0.171737]
  6   1 150, 0.171633 [0.017452/7.764420] [   0/0.171633]
  6   1 200, 0.176047 [0.016658/7.763189] [  50/0.171633]
  6   1 250, 0.177603 [0.017294/7.762170] [ 100/0.171633]
  6   1 300, 0.183086 [0.017644/7.761145] [ 150/0.171633]
  6   1 350, 0.184168 [0.018218/7.760229] [ 200/0.171633]
Epoch 1 done. Evaluation:
(48555, 50000)
(8233, 10000)
  6   2  50, 0.164876 [0.023846/7.758379] [   0/0.164876]
  6   2 100, 0.166689 [0.019063/7.757485] [  50/0.164876]
  6   2 150, 0.162326 [0.017403/7.756487] [   0/0.162326]
  6   2 200, 0.172945 [0.017275/7.755641] [  50/0.162326]
  6   2 250, 0.176309 [0.019127/7.754818] [ 100/0.162326]
  6   2 300, 0.178756 [0.023175/7.753997] [ 150/0.162326]
  6   2 350, 0.173612 [0.021840/7.753041] [ 200/0.162326]
Epoch 2 done. Evaluation:
(48685, 50000)
(8126, 10000)
  6   3  50, 0.153350 [0.017698/7.751199] [   0/0.153350]
  6   3 100, 0.159500 [0.018030/7.750214] [  50/0.153350]
  6   3 150, 0.158787 [0.015748/7.749323] [ 100/0.153350]
  6   3 200, 0.157944 [0.014987/7.748262] [ 150/0.153350]
  6   3 250, 0.157538 [0.020749/7.747325] [ 200/0.153350]
  6   3 300, 0.168247 [0.018958/7.746478] [ 250/0.153350]
  6   3 350, 0.173668 [0.016797/7.745726] [ 300/0.153350]
Epoch 3 done. Evaluation:
(48831, 50000)
(8197, 10000)
  6   4  50, 0.156487 [0.019831/7.744223] [ 391/0.153350]
  6   4 100, 0.162889 [0.015987/7.743476] [ 441/0.153350]
  6   4 150, 0.157850 [0.017518/7.742641] [ 491/0.153350]
  6   4 200, 0.159232 [0.019141/7.741688] [ 541/0.153350]
  6   4 250, 0.156104 [0.015919/7.740804] [ 591/0.153350]
  6   4 300, 0.165991 [0.017495/7.740122] [ 641/0.153350]
  6   4 350, 0.170990 [0.015843/7.739344] [ 691/0.153350]
Epoch 4 done. Evaluation:
(48839, 50000)
(8217, 10000)
  6   5  50, 0.153178 [0.020836/7.737713] [   0/0.153178]
  6   5 100, 0.147883 [0.017193/7.736848] [   0/0.147883]
  6   5 150, 0.156341 [0.019385/7.736008] [  50/0.147883]
  6   5 200, 0.156804 [0.021400/7.735169] [ 100/0.147883]
  6   5 250, 0.164255 [0.022876/7.734377] [ 150/0.147883]
  6   5 300, 0.162890 [0.019823/7.733610] [ 200/0.147883]
  6   5 350, 0.163512 [0.021687/7.732872] [ 250/0.147883]
Epoch 5 done. Evaluation:
(48875, 50000)
(8210, 10000)
  6   6  50, 0.147573 [0.019588/7.731140] [   0/0.147573]
  6   6 100, 0.153455 [0.013228/7.730203] [  50/0.147573]
  6   6 150, 0.152331 [0.024257/7.729330] [ 100/0.147573]
  6   6 200, 0.150684 [0.015385/7.728464] [ 150/0.147573]
  6   6 250, 0.160261 [0.023270/7.727688] [ 200/0.147573]
  6   6 300, 0.164217 [0.020648/7.727156] [ 250/0.147573]
  6   6 350, 0.156765 [0.016877/7.726448] [ 300/0.147573]
Epoch 6 done. Evaluation:
(48931, 50000)
(8091, 10000)
  6   7  50, 0.149569 [0.015785/7.725084] [ 391/0.147573]
  6   7 100, 0.151054 [0.022704/7.724191] [ 441/0.147573]
  6   7 150, 0.148167 [0.015580/7.723403] [ 491/0.147573]
  6   7 200, 0.150181 [0.013633/7.722475] [ 541/0.147573]
  6   7 250, 0.156659 [0.020320/7.721871] [ 591/0.147573]
  6   7 300, 0.160436 [0.021183/7.721352] [ 641/0.147573]
  6   7 350, 0.159085 [0.019814/7.720741] [ 691/0.147573]
Epoch 7 done. Evaluation:
(48931, 50000)
(8187, 10000)
  6   8  50, 0.141892 [0.017323/7.719034] [   0/0.141892]
  6   8 100, 0.147861 [0.013792/7.718366] [  50/0.141892]
  6   8 150, 0.150399 [0.017564/7.717647] [ 100/0.141892]
  6   8 200, 0.151465 [0.019566/7.716837] [ 150/0.141892]
  6   8 250, 0.155944 [0.019491/7.716184] [ 200/0.141892]
  6   8 300, 0.160694 [0.020831/7.715327] [ 250/0.141892]
  6   8 350, 0.159877 [0.020911/7.714652] [ 300/0.141892]
Epoch 8 done. Evaluation:
(48951, 50000)
(8145, 10000)
  6   9  50, 0.137306 [0.016989/7.713361] [   0/0.137306]
  6   9 100, 0.144173 [0.015954/7.712414] [  50/0.137306]
  6   9 150, 0.156043 [0.017635/7.711651] [ 100/0.137306]
  6   9 200, 0.147793 [0.021524/7.711125] [ 150/0.137306]
  6   9 250, 0.149073 [0.021131/7.710432] [ 200/0.137306]
  6   9 300, 0.156840 [0.024367/7.709765] [ 250/0.137306]
  6   9 350, 0.153971 [0.019868/7.709187] [ 300/0.137306]
Epoch 9 done. Evaluation:
(49011, 50000)
(8136, 10000)
  6  10  50, 0.149842 [0.018021/7.707518] [ 391/0.137306]
  6  10 100, 0.140580 [0.017886/7.706610] [ 441/0.137306]
  6  10 150, 0.145169 [0.012899/7.705835] [ 491/0.137306]
  6  10 200, 0.147608 [0.025505/7.705020] [ 541/0.137306]
  6  10 250, 0.157265 [0.022053/7.704523] [ 591/0.137306]
  6  10 300, 0.154513 [0.023219/7.704018] [ 641/0.137306]
  6  10 350, 0.161597 [0.028436/7.703427] [ 691/0.137306]
Epoch 10 done. Evaluation:
(48969, 50000)
(8137, 10000)
  6  11  50, 0.140918 [0.019807/7.702304] [ 782/0.137306]
  6  11 100, 0.140789 [0.018514/7.701511] [ 832/0.137306]
  6  11 150, 0.150511 [0.021848/7.700888] [ 882/0.137306]
  6  11 200, 0.144785 [0.022602/7.700284] [ 932/0.137306]
  6  11 250, 0.147173 [0.019603/7.699540] [ 982/0.137306]
  6  11 300, 0.148942 [0.016028/7.698924] [1032/0.137306]
  6  11 350, 0.162021 [0.013526/7.698474] [1082/0.137306]
Epoch 11 done. Evaluation:
(48997, 50000)
(8162, 10000)
  6  12  50, 0.134441 [0.020060/7.697199] [   0/0.134441]
  6  12 100, 0.142248 [0.013196/7.696413] [  50/0.134441]
  6  12 150, 0.143702 [0.012486/7.695654] [ 100/0.134441]
  6  12 200, 0.146798 [0.023865/7.695192] [ 150/0.134441]
  6  12 250, 0.160394 [0.017461/7.694826] [ 200/0.134441]
  6  12 300, 0.160615 [0.020423/7.694519] [ 250/0.134441]
  6  12 350, 0.155802 [0.024455/7.694034] [ 300/0.134441]
Epoch 12 done. Evaluation:
(48929, 50000)
(8116, 10000)
  6  13  50, 0.146387 [0.021162/7.692936] [ 391/0.134441]
  6  13 100, 0.154336 [0.023291/7.692206] [ 441/0.134441]
  6  13 150, 0.142243 [0.016200/7.691457] [ 491/0.134441]
  6  13 200, 0.148793 [0.020108/7.690867] [ 541/0.134441]
  6  13 250, 0.151766 [0.020872/7.690195] [ 591/0.134441]
  6  13 300, 0.149587 [0.022804/7.689489] [ 641/0.134441]
  6  13 350, 0.153316 [0.021148/7.688973] [ 691/0.134441]
Epoch 13 done. Evaluation:
(48940, 50000)
(8088, 10000)
  6  14  50, 0.146156 [0.023382/7.687771] [ 782/0.134441]
  6  14 100, 0.135583 [0.018531/7.686975] [ 832/0.134441]
  6  14 150, 0.148142 [0.014454/7.686257] [ 882/0.134441]
  6  14 200, 0.149401 [0.022156/7.685734] [ 932/0.134441]
  6  14 250, 0.148630 [0.024396/7.685125] [ 982/0.134441]
  6  14 300, 0.155061 [0.024012/7.684731] [1032/0.134441]
  6  14 350, 0.164726 [0.019294/7.684250] [1082/0.134441]
Epoch 14 done. Evaluation:
(48917, 50000)
(8068, 10000)
  6  15  50, 0.146361 [0.023892/7.683013] [1173/0.134441]
  6  15 100, 0.143897 [0.016732/7.682359] [1223/0.134441]
  6  15 150, 0.144496 [0.024618/7.681647] [1273/0.134441]
  6  15 200, 0.148921 [0.025308/7.681088] [1323/0.134441]
  6  15 250, 0.148913 [0.023406/7.680740] [1373/0.134441]
  6  15 300, 0.146963 [0.028198/7.680089] [1423/0.134441]
  6  15 350, 0.161425 [0.017262/7.679660] [1473/0.134441]
Epoch 15 done. Evaluation:
(48964, 50000)
(8152, 10000)
  6  16  50, 0.142853 [0.019119/7.678788] [1564/0.134441]
  6  16 100, 0.138565 [0.014492/7.678008] [1614/0.134441]
  6  16 150, 0.148404 [0.027123/7.677469] [1664/0.134441]
  6  16 200, 0.145097 [0.019692/7.676909] [1714/0.134441]
  6  16 250, 0.140141 [0.025628/7.676187] [1764/0.134441]
  6  16 300, 0.145874 [0.020938/7.675568] [1814/0.134441]
  6  16 350, 0.154712 [0.015934/7.675022] [1864/0.134441]
Epoch 16 done. Evaluation:
(49023, 50000)
(7905, 10000)
  6  17  50, 0.141587 [0.018023/7.674153] [1955/0.134441]
  6  17 100, 0.141711 [0.018387/7.673422] [2005/0.134441]
  6  17 150, 0.142859 [0.022397/7.672678] [2055/0.134441]
  6  17 200, 0.145554 [0.016266/7.672186] [2105/0.134441]
  6  17 250, 0.152718 [0.027260/7.671860] [2155/0.134441]
  6  17 300, 0.148330 [0.021861/7.671404] [2205/0.134441]
  6  17 350, 0.158627 [0.021635/7.671137] [2255/0.134441]
Epoch 17 done. Evaluation:
(48937, 50000)
(8075, 10000)
  6  18  50, 0.133002 [0.016870/7.669961] [   0/0.133002]
  6  18 100, 0.132339 [0.018856/7.669115] [   0/0.132339]
  6  18 150, 0.141139 [0.020755/7.668343] [  50/0.132339]
  6  18 200, 0.150319 [0.021596/7.668116] [ 100/0.132339]
  6  18 250, 0.143888 [0.024410/7.667777] [ 150/0.132339]
  6  18 300, 0.160244 [0.018740/7.667417] [ 200/0.132339]
  6  18 350, 0.160339 [0.030813/7.667337] [ 250/0.132339]
Epoch 18 done. Evaluation:
(48932, 50000)
(7893, 10000)
  6  19  50, 0.144322 [0.021821/7.666963] [ 341/0.132339]
  6  19 100, 0.133525 [0.023140/7.666075] [ 391/0.132339]
  6  19 150, 0.139563 [0.024518/7.665297] [ 441/0.132339]
  6  19 200, 0.142426 [0.022746/7.664634] [ 491/0.132339]
  6  19 250, 0.143127 [0.017735/7.664203] [ 541/0.132339]
  6  19 300, 0.145239 [0.023874/7.663678] [ 591/0.132339]
  6  19 350, 0.154812 [0.025566/7.663576] [ 641/0.132339]
Epoch 19 done. Evaluation:
(49007, 50000)
(8078, 10000)
