Sequential (
  (conv1_1): Sequential (
    (0): Conv2d(3, 32, kernel_size=(3, 3), stride=(1, 1), padding=(1, 1))
    (1): BatchNorm2d(32, eps=1e-05, momentum=0.1, affine=True)
    (2): ReLU (inplace)
  )
  (conv1_2): Sequential (
    (0): Conv2d(32, 32, kernel_size=(3, 3), stride=(1, 1), padding=(1, 1))
    (1): BatchNorm2d(32, eps=1e-05, momentum=0.1, affine=True)
    (2): ReLU (inplace)
  )
  (pool1): MaxPool2d (size=(2, 2), stride=(2, 2), dilation=(1, 1))
  (conv2_1): Sequential (
    (0): Conv2d(32, 64, kernel_size=(3, 3), stride=(1, 1), padding=(1, 1))
    (1): BatchNorm2d(64, eps=1e-05, momentum=0.1, affine=True)
    (2): ReLU (inplace)
  )
  (conv2_2): Sequential (
    (0): Conv2d(64, 64, kernel_size=(3, 3), stride=(1, 1), padding=(1, 1))
    (1): BatchNorm2d(64, eps=1e-05, momentum=0.1, affine=True)
    (2): ReLU (inplace)
  )
  (pool2): MaxPool2d (size=(2, 2), stride=(2, 2), dilation=(1, 1))
  (conv3_1): Sequential (
    (0): Conv2d(64, 128, kernel_size=(3, 3), stride=(1, 1), padding=(1, 1))
    (1): BatchNorm2d(128, eps=1e-05, momentum=0.1, affine=True)
    (2): ReLU (inplace)
  )
  (conv3_2): Sequential (
    (0): Conv2d(128, 128, kernel_size=(3, 3), stride=(1, 1), padding=(1, 1))
    (1): BatchNorm2d(128, eps=1e-05, momentum=0.1, affine=True)
    (2): ReLU (inplace)
  )
  (pool3): MaxPool2d (size=(2, 2), stride=(2, 2), dilation=(1, 1))
  (conv4_1): Sequential (
    (0): Conv2d(128, 256, kernel_size=(3, 3), stride=(1, 1), padding=(1, 1))
    (1): BatchNorm2d(256, eps=1e-05, momentum=0.1, affine=True)
    (2): ReLU (inplace)
  )
  (conv4_2): Sequential (
    (0): Conv2d(256, 256, kernel_size=(3, 3), stride=(1, 1), padding=(1, 1))
    (1): BatchNorm2d(256, eps=1e-05, momentum=0.1, affine=True)
    (2): ReLU (inplace)
  )
  (pool4): MaxPool2d (size=(2, 2), stride=(2, 2), dilation=(1, 1))
  (conv5_1): Sequential (
    (0): Conv2d(256, 256, kernel_size=(3, 3), stride=(1, 1), padding=(1, 1))
    (1): BatchNorm2d(256, eps=1e-05, momentum=0.1, affine=True)
    (2): ReLU (inplace)
  )
  (conv5_2): Sequential (
    (0): Conv2d(256, 256, kernel_size=(3, 3), stride=(1, 1), padding=(1, 1))
    (1): BatchNorm2d(256, eps=1e-05, momentum=0.1, affine=True)
    (2): ReLU (inplace)
  )
  (pool5): MaxPool2d (size=(2, 2), stride=(2, 2), dilation=(1, 1))
  (fc6): Sequential (
    (0): Conv2d(256, 256, kernel_size=(1, 1), stride=(1, 1))
    (1): BatchNorm2d(256, eps=1e-05, momentum=0.1, affine=True)
    (2): ReLU (inplace)
  )
  (logit): Conv2d(256, 10, kernel_size=(1, 1), stride=(1, 1))
  (flatter): Flatten()
)
{'L1_decay': 0.0008,
 'batch_size': 128,
 'force_name': False,
 'graphfolder': 'logs/axp3_graphs/',
 'learning_rate': 0.1,
 'logfile': 'logs/axp3.log',
 'mode': '',
 'name': 'axp3',
 'num_base': 32,
 'optimizer': 'SGDL1',
 'weight_decay': 0.016}
Decayed training with schedule: [20, 20, 20, 20, 20, 20, 20]
  0   0  50, 1.786236 [0.399694/67.834447] [   0/1.786236]
  0   0 100, 1.443835 [0.379901/63.811363] [   0/1.443835]
  0   0 150, 1.359624 [0.406155/60.130039] [   0/1.359624]
  0   0 200, 1.258626 [0.399297/56.782002] [   0/1.258626]
  0   0 250, 1.157159 [0.446412/53.746035] [   0/1.157159]
  0   0 300, 1.130264 [0.429738/50.994892] [   0/1.130264]
  0   0 350, 1.036177 [0.379827/48.521031] [   0/1.036177]
Epoch 0 done. Evaluation:
(26873, 50000)
(5656, 10000)
  0   1  50, 1.020091 [0.389016/44.659979] [   0/1.020091]
  0   1 100, 1.014082 [0.396850/42.851880] [   0/1.014082]
  0   1 150, 0.991312 [0.377690/41.244680] [   0/0.991312]
  0   1 200, 1.003292 [0.478955/39.814415] [  50/0.991312]
  0   1 250, 0.977585 [0.488163/38.543326] [   0/0.977585]
  0   1 300, 1.011237 [0.444492/37.414629] [  50/0.977585]
  0   1 350, 1.024502 [0.455631/36.415725] [ 100/0.977585]
Epoch 1 done. Evaluation:
(32585, 50000)
(4788, 10000)
  0   2  50, 1.008445 [0.519773/34.888381] [ 191/0.977585]
  0   2 100, 1.024211 [0.404940/34.181695] [ 241/0.977585]
  0   2 150, 1.035681 [0.462321/33.547720] [ 291/0.977585]
  0   2 200, 1.032930 [0.481830/32.983994] [ 341/0.977585]
  0   2 250, 1.051401 [0.474616/32.485864] [ 391/0.977585]
  0   2 300, 1.054615 [0.497554/32.032797] [ 441/0.977585]
  0   2 350, 1.061522 [0.460261/31.621941] [ 491/0.977585]
Epoch 2 done. Evaluation:
(32391, 50000)
(5051, 10000)
  0   3  50, 1.069419 [0.537926/30.979872] [ 582/0.977585]
  0   3 100, 1.049099 [0.414979/30.677447] [ 632/0.977585]
  0   3 150, 1.012365 [0.450042/30.390951] [ 682/0.977585]
  0   3 200, 1.039093 [0.547127/30.135200] [ 732/0.977585]
  0   3 250, 1.038429 [0.473772/29.891891] [ 782/0.977585]
  0   3 300, 1.006955 [0.443170/29.668577] [ 832/0.977585]
  0   3 350, 1.009036 [0.508658/29.450615] [ 882/0.977585]
Epoch 3 done. Evaluation:
(32725, 50000)
(5736, 10000)
  0   4  50, 1.011400 [0.516341/29.092589] [ 973/0.977585]
  0   4 100, 1.005443 [0.439013/28.910844] [1023/0.977585]
  0   4 150, 1.042650 [0.410049/28.754761] [1073/0.977585]
  0   4 200, 0.985927 [0.383394/28.577547] [1123/0.977585]
  0   4 250, 0.980196 [0.432048/28.410598] [1173/0.977585]
  0   4 300, 1.004723 [0.535296/28.257700] [1223/0.977585]
  0   4 350, 0.997710 [0.504994/28.111481] [1273/0.977585]
Epoch 4 done. Evaluation:
(33435, 50000)
(5168, 10000)
  0   5  50, 0.965211 [0.448230/27.851096] [   0/0.965211]
  0   5 100, 0.939472 [0.488607/27.714158] [   0/0.939472]
  0   5 150, 0.992046 [0.531207/27.582220] [  50/0.939472]
  0   5 200, 0.958069 [0.539631/27.444478] [ 100/0.939472]
  0   5 250, 0.954668 [0.359861/27.306746] [ 150/0.939472]
  0   5 300, 0.938045 [0.540852/27.182439] [   0/0.938045]
  0   5 350, 0.950464 [0.425156/27.042455] [  50/0.938045]
Epoch 5 done. Evaluation:
(34043, 50000)
(5585, 10000)
  0   6  50, 0.955035 [0.431649/26.821300] [ 141/0.938045]
  0   6 100, 0.936547 [0.404875/26.695454] [   0/0.936547]
  0   6 150, 0.917785 [0.443546/26.574177] [   0/0.917785]
  0   6 200, 0.924421 [0.476746/26.451875] [  50/0.917785]
  0   6 250, 0.920192 [0.453311/26.326507] [ 100/0.917785]
  0   6 300, 0.934950 [0.542230/26.200921] [ 150/0.917785]
  0   6 350, 0.938771 [0.444623/26.082315] [ 200/0.917785]
Epoch 6 done. Evaluation:
(34706, 50000)
(5896, 10000)
  0   7  50, 0.908632 [0.504712/25.865639] [   0/0.908632]
  0   7 100, 0.933271 [0.478702/25.744131] [  50/0.908632]
  0   7 150, 0.901903 [0.356982/25.626580] [   0/0.901903]
  0   7 200, 0.889960 [0.494000/25.511013] [   0/0.889960]
  0   7 250, 0.895478 [0.391157/25.386448] [  50/0.889960]
  0   7 300, 0.911533 [0.537644/25.294744] [ 100/0.889960]
  0   7 350, 0.893991 [0.436444/25.155039] [ 150/0.889960]
Epoch 7 done. Evaluation:
(35132, 50000)
(4285, 10000)
  0   8  50, 0.881047 [0.413998/24.939643] [   0/0.881047]
  0   8 100, 0.873145 [0.430712/24.826890] [   0/0.873145]
  0   8 150, 0.876308 [0.450690/24.713557] [  50/0.873145]
  0   8 200, 0.882138 [0.414683/24.589074] [ 100/0.873145]
  0   8 250, 0.868310 [0.394866/24.473020] [   0/0.868310]
  0   8 300, 0.883867 [0.485001/24.358054] [  50/0.868310]
  0   8 350, 0.881964 [0.392096/24.242530] [ 100/0.868310]
Epoch 8 done. Evaluation:
(35743, 50000)
(5416, 10000)
  0   9  50, 0.862816 [0.431535/24.032486] [   0/0.862816]
  0   9 100, 0.878321 [0.429454/23.922824] [  50/0.862816]
  0   9 150, 0.861674 [0.377529/23.804527] [   0/0.861674]
  0   9 200, 0.851906 [0.510442/23.692807] [   0/0.851906]
  0   9 250, 0.828092 [0.400190/23.575808] [   0/0.828092]
  0   9 300, 0.881477 [0.461621/23.464894] [  50/0.828092]
  0   9 350, 0.875736 [0.435480/23.351559] [ 100/0.828092]
Epoch 9 done. Evaluation:
(35956, 50000)
(4923, 10000)
  0  10  50, 0.836356 [0.450797/23.150552] [ 191/0.828092]
  0  10 100, 0.843858 [0.433501/23.039959] [ 241/0.828092]
  0  10 150, 0.855334 [0.461412/22.926657] [ 291/0.828092]
  0  10 200, 0.844204 [0.397326/22.819200] [ 341/0.828092]
  0  10 250, 0.873697 [0.363761/22.703421] [ 391/0.828092]
  0  10 300, 0.844976 [0.429869/22.589110] [ 441/0.828092]
  0  10 350, 0.849128 [0.364453/22.470781] [ 491/0.828092]
Epoch 10 done. Evaluation:
(36181, 50000)
(5897, 10000)
  0  11  50, 0.820211 [0.501623/22.270412] [   0/0.820211]
  0  11 100, 0.854191 [0.491840/22.161200] [  50/0.820211]
  0  11 150, 0.832433 [0.439572/22.054058] [ 100/0.820211]
  0  11 200, 0.830356 [0.474960/21.944313] [ 150/0.820211]
  0  11 250, 0.849711 [0.424454/21.830396] [ 200/0.820211]
  0  11 300, 0.812226 [0.430878/21.717513] [   0/0.812226]
  0  11 350, 0.864349 [0.525398/21.608756] [  50/0.812226]
Epoch 11 done. Evaluation:
(36459, 50000)
(5043, 10000)
  0  12  50, 0.849238 [0.391692/21.408136] [ 141/0.812226]
  0  12 100, 0.838969 [0.412129/21.303881] [ 191/0.812226]
  0  12 150, 0.828380 [0.386554/21.193593] [ 241/0.812226]
  0  12 200, 0.840959 [0.380879/21.082496] [ 291/0.812226]
  0  12 250, 0.841706 [0.468482/20.975531] [ 341/0.812226]
  0  12 300, 0.808036 [0.414317/20.859116] [   0/0.808036]
  0  12 350, 0.808537 [0.451982/20.752785] [  50/0.808036]
Epoch 12 done. Evaluation:
(36456, 50000)
(5447, 10000)
  0  13  50, 0.797662 [0.483533/20.567834] [   0/0.797662]
  0  13 100, 0.826431 [0.405088/20.452884] [  50/0.797662]
  0  13 150, 0.809219 [0.386802/20.354997] [ 100/0.797662]
  0  13 200, 0.795159 [0.405458/20.245523] [   0/0.795159]
  0  13 250, 0.808213 [0.433287/20.138526] [  50/0.795159]
  0  13 300, 0.850491 [0.394917/20.028473] [ 100/0.795159]
  0  13 350, 0.795287 [0.415116/19.919711] [ 150/0.795159]
Epoch 13 done. Evaluation:
(36843, 50000)
(6321, 10000)
  0  14  50, 0.807986 [0.411174/19.735068] [ 241/0.795159]
  0  14 100, 0.813231 [0.389362/19.623716] [ 291/0.795159]
  0  14 150, 0.801174 [0.367192/19.531229] [ 341/0.795159]
  0  14 200, 0.811504 [0.408692/19.421403] [ 391/0.795159]
  0  14 250, 0.823344 [0.318251/19.311155] [ 441/0.795159]
  0  14 300, 0.811260 [0.376470/19.201254] [ 491/0.795159]
  0  14 350, 0.801555 [0.370109/19.101726] [ 541/0.795159]
Epoch 14 done. Evaluation:
(36861, 50000)
(5500, 10000)
  0  15  50, 0.783307 [0.457588/18.916794] [   0/0.783307]
  0  15 100, 0.808121 [0.479077/18.813646] [  50/0.783307]
  0  15 150, 0.811419 [0.306465/18.703973] [ 100/0.783307]
  0  15 200, 0.791221 [0.422951/18.605938] [ 150/0.783307]
  0  15 250, 0.803523 [0.368337/18.496960] [ 200/0.783307]
  0  15 300, 0.804391 [0.418012/18.396127] [ 250/0.783307]
  0  15 350, 0.804797 [0.385167/18.296299] [ 300/0.783307]
Epoch 15 done. Evaluation:
(37115, 50000)
(6575, 10000)
  0  16  50, 0.793656 [0.414248/18.118208] [ 391/0.783307]
  0  16 100, 0.801109 [0.453198/18.023057] [ 441/0.783307]
  0  16 150, 0.764687 [0.426573/17.930217] [   0/0.764687]
  0  16 200, 0.783635 [0.320562/17.820038] [  50/0.764687]
  0  16 250, 0.806111 [0.482645/17.724281] [ 100/0.764687]
  0  16 300, 0.805923 [0.508772/17.625545] [ 150/0.764687]
  0  16 350, 0.817376 [0.388826/17.513499] [ 200/0.764687]
Epoch 16 done. Evaluation:
(37152, 50000)
(4098, 10000)
  0  17  50, 0.778997 [0.338907/17.336742] [ 291/0.764687]
  0  17 100, 0.812137 [0.414856/17.233830] [ 341/0.764687]
  0  17 150, 0.786723 [0.387472/17.139175] [ 391/0.764687]
  0  17 200, 0.809759 [0.496991/17.049103] [ 441/0.764687]
  0  17 250, 0.788836 [0.455789/16.952555] [ 491/0.764687]
  0  17 300, 0.794537 [0.384356/16.855503] [ 541/0.764687]
  0  17 350, 0.777493 [0.402604/16.768514] [ 591/0.764687]
Epoch 17 done. Evaluation:
(37221, 50000)
(6883, 10000)
  0  18  50, 0.780843 [0.381222/16.592196] [ 682/0.764687]
  0  18 100, 0.769404 [0.415564/16.507122] [ 732/0.764687]
  0  18 150, 0.767441 [0.458670/16.411613] [ 782/0.764687]
  0  18 200, 0.816530 [0.409133/16.316931] [ 832/0.764687]
  0  18 250, 0.790403 [0.350836/16.211232] [ 882/0.764687]
  0  18 300, 0.785340 [0.422771/16.116866] [ 932/0.764687]
  0  18 350, 0.769807 [0.435356/16.025622] [ 982/0.764687]
Epoch 18 done. Evaluation:
(37330, 50000)
(4681, 10000)
  0  19  50, 0.797843 [0.384307/15.861284] [1073/0.764687]
  0  19 100, 0.784482 [0.411264/15.779463] [1123/0.764687]
  0  19 150, 0.775172 [0.362338/15.678111] [1173/0.764687]
  0  19 200, 0.796282 [0.386829/15.585938] [1223/0.764687]
  0  19 250, 0.788128 [0.354474/15.488819] [1273/0.764687]
  0  19 300, 0.770207 [0.395597/15.395022] [1323/0.764687]
  0  19 350, 0.789501 [0.399298/15.319243] [1373/0.764687]
Epoch 19 done. Evaluation:
(37368, 50000)
(4474, 10000)
  1   0  50, 0.662451 [0.172518/15.161465] [   0/0.662451]
  1   0 100, 0.631558 [0.183033/15.082527] [   0/0.631558]
  1   0 150, 0.648710 [0.166400/15.012274] [  50/0.631558]
  1   0 200, 0.666407 [0.215416/14.939376] [ 100/0.631558]
  1   0 250, 0.661486 [0.191646/14.870951] [ 150/0.631558]
  1   0 300, 0.661019 [0.249042/14.805992] [ 200/0.631558]
  1   0 350, 0.664369 [0.219816/14.745508] [ 250/0.631558]
Epoch 0 done. Evaluation:
(39555, 50000)
(7680, 10000)
  1   1  50, 0.654118 [0.277655/14.638833] [ 341/0.631558]
  1   1 100, 0.656690 [0.225254/14.589139] [ 391/0.631558]
  1   1 150, 0.648194 [0.235457/14.528062] [ 441/0.631558]
  1   1 200, 0.676932 [0.245208/14.468691] [ 491/0.631558]
  1   1 250, 0.675434 [0.219090/14.413204] [ 541/0.631558]
  1   1 300, 0.679607 [0.208006/14.356289] [ 591/0.631558]
  1   1 350, 0.659594 [0.230487/14.302635] [ 641/0.631558]
Epoch 1 done. Evaluation:
(39448, 50000)
(6641, 10000)
  1   2  50, 0.648472 [0.240120/14.208125] [ 732/0.631558]
  1   2 100, 0.646514 [0.215948/14.157347] [ 782/0.631558]
  1   2 150, 0.664469 [0.272887/14.105593] [ 832/0.631558]
  1   2 200, 0.679526 [0.223738/14.057446] [ 882/0.631558]
  1   2 250, 0.674834 [0.216667/14.010631] [ 932/0.631558]
  1   2 300, 0.661015 [0.265198/13.960516] [ 982/0.631558]
  1   2 350, 0.679470 [0.249550/13.910921] [1032/0.631558]
Epoch 2 done. Evaluation:
(39351, 50000)
(6921, 10000)
  1   3  50, 0.640742 [0.297330/13.832694] [1123/0.631558]
  1   3 100, 0.676698 [0.268992/13.785485] [1173/0.631558]
  1   3 150, 0.663257 [0.195970/13.735423] [1223/0.631558]
  1   3 200, 0.659586 [0.267324/13.693109] [1273/0.631558]
  1   3 250, 0.671308 [0.269871/13.639863] [1323/0.631558]
  1   3 300, 0.673396 [0.232171/13.591835] [1373/0.631558]
  1   3 350, 0.676413 [0.199398/13.542692] [1423/0.631558]
Epoch 3 done. Evaluation:
(39375, 50000)
(6030, 10000)
  1   4  50, 0.647197 [0.232969/13.462249] [1514/0.631558]
  1   4 100, 0.665610 [0.228374/13.423201] [1564/0.631558]
  1   4 150, 0.670484 [0.215123/13.378177] [1614/0.631558]
  1   4 200, 0.669420 [0.263117/13.335014] [1664/0.631558]
  1   4 250, 0.689569 [0.211978/13.292170] [1714/0.631558]
  1   4 300, 0.678036 [0.224776/13.245012] [1764/0.631558]
  1   4 350, 0.658462 [0.186317/13.199786] [1814/0.631558]
Epoch 4 done. Evaluation:
(39352, 50000)
(5837, 10000)
  1   5  50, 0.658888 [0.272815/13.124672] [1905/0.631558]
  1   5 100, 0.645214 [0.267042/13.089034] [1955/0.631558]
  1   5 150, 0.682244 [0.224607/13.039424] [2005/0.631558]
  1   5 200, 0.667763 [0.233724/12.996769] [2055/0.631558]
  1   5 250, 0.676432 [0.243875/12.958693] [2105/0.631558]
  1   5 300, 0.675055 [0.216410/12.912267] [2155/0.631558]
  1   5 350, 0.675891 [0.215537/12.873046] [2205/0.631558]
Epoch 5 done. Evaluation:
(39293, 50000)
(7058, 10000)
  1   6  50, 0.661525 [0.213983/12.800480] [2296/0.631558]
  1   6 100, 0.653883 [0.278956/12.767894] [2346/0.631558]
  1   6 150, 0.676078 [0.213789/12.724919] [2396/0.631558]
  1   6 200, 0.671026 [0.247807/12.681126] [2446/0.631558]
  1   6 250, 0.670055 [0.274416/12.642033] [2496/0.631558]
  1   6 300, 0.675083 [0.256882/12.601465] [2546/0.631558]
  1   6 350, 0.676242 [0.252717/12.557350] [2596/0.631558]
Epoch 6 done. Evaluation:
(39396, 50000)
(6594, 10000)
  1   7  50, 0.640791 [0.255949/12.498816] [2687/0.631558]
  1   7 100, 0.659027 [0.261819/12.458248] [2737/0.631558]
  1   7 150, 0.659771 [0.209075/12.421869] [2787/0.631558]
  1   7 200, 0.662594 [0.239942/12.381457] [2837/0.631558]
  1   7 250, 0.671416 [0.290937/12.343498] [2887/0.631558]
  1   7 300, 0.675392 [0.214018/12.305555] [2937/0.631558]
  1   7 350, 0.677903 [0.258839/12.263344] [2987/0.631558]
Epoch 7 done. Evaluation:
(39388, 50000)
(6954, 10000)
  1   8  50, 0.673830 [0.244342/12.203016] [3078/0.631558]
  1   8 100, 0.648875 [0.213419/12.173121] [3128/0.631558]
  1   8 150, 0.662697 [0.240476/12.136890] [3178/0.631558]
  1   8 200, 0.665930 [0.248027/12.100141] [3228/0.631558]
  1   8 250, 0.671249 [0.240729/12.064161] [3278/0.631558]
  1   8 300, 0.668714 [0.234128/12.028339] [3328/0.631558]
  1   8 350, 0.663249 [0.217916/11.996998] [3378/0.631558]
Epoch 8 done. Evaluation:
(39452, 50000)
(7148, 10000)
  1   9  50, 0.652123 [0.231685/11.930591] [3469/0.631558]
  1   9 100, 0.633250 [0.311681/11.907102] [3519/0.631558]
  1   9 150, 0.674260 [0.213405/11.865554] [3569/0.631558]
  1   9 200, 0.655902 [0.278277/11.835794] [3619/0.631558]
  1   9 250, 0.662808 [0.206924/11.804303] [3669/0.631558]
  1   9 300, 0.643437 [0.205487/11.770916] [3719/0.631558]
  1   9 350, 0.660699 [0.195884/11.731304] [3769/0.631558]
Epoch 9 done. Evaluation:
(39581, 50000)
(6955, 10000)
  1  10  50, 0.650661 [0.265481/11.669899] [3860/0.631558]
  1  10 100, 0.657999 [0.253424/11.639182] [3910/0.631558]
  1  10 150, 0.637331 [0.219134/11.608844] [3960/0.631558]
  1  10 200, 0.667374 [0.238276/11.580329] [4010/0.631558]
  1  10 250, 0.674141 [0.197677/11.545999] [4060/0.631558]
  1  10 300, 0.650992 [0.245256/11.518206] [4110/0.631558]
  1  10 350, 0.650777 [0.204696/11.487453] [4160/0.631558]
Epoch 10 done. Evaluation:
(39492, 50000)
(6599, 10000)
  1  11  50, 0.632809 [0.259603/11.425701] [4251/0.631558]
  1  11 100, 0.659911 [0.250795/11.398378] [4301/0.631558]
  1  11 150, 0.653073 [0.227667/11.374690] [4351/0.631558]
  1  11 200, 0.663520 [0.212775/11.344002] [4401/0.631558]
  1  11 250, 0.682980 [0.252026/11.305577] [4451/0.631558]
  1  11 300, 0.648898 [0.240635/11.274396] [4501/0.631558]
  1  11 350, 0.651366 [0.233060/11.245818] [4551/0.631558]
Epoch 11 done. Evaluation:
(39546, 50000)
(6632, 10000)
  1  12  50, 0.664734 [0.260275/11.195142] [4642/0.631558]
  1  12 100, 0.648232 [0.208284/11.162761] [4692/0.631558]
  1  12 150, 0.650879 [0.296910/11.142490] [4742/0.631558]
  1  12 200, 0.656706 [0.222204/11.118013] [4792/0.631558]
  1  12 250, 0.653830 [0.223648/11.091353] [4842/0.631558]
  1  12 300, 0.648678 [0.221968/11.067322] [4892/0.631558]
  1  12 350, 0.646546 [0.246932/11.036156] [4942/0.631558]
Epoch 12 done. Evaluation:
(39673, 50000)
(6484, 10000)
  1  13  50, 0.637574 [0.247366/10.988124] [5033/0.631558]
  1  13 100, 0.664963 [0.286203/10.960436] [5083/0.631558]
  1  13 150, 0.660966 [0.213094/10.932109] [5133/0.631558]
  1  13 200, 0.657482 [0.227485/10.909726] [5183/0.631558]
  1  13 250, 0.645809 [0.216457/10.886216] [5233/0.631558]
  1  13 300, 0.639992 [0.225272/10.861721] [5283/0.631558]
  1  13 350, 0.681131 [0.289933/10.832637] [5333/0.631558]
Epoch 13 done. Evaluation:
(39495, 50000)
(5571, 10000)
  1  14  50, 0.655732 [0.235970/10.792274] [5424/0.631558]
  1  14 100, 0.657186 [0.237140/10.770781] [5474/0.631558]
  1  14 150, 0.674429 [0.220186/10.750073] [5524/0.631558]
  1  14 200, 0.654839 [0.247983/10.727753] [5574/0.631558]
  1  14 250, 0.641734 [0.252162/10.704642] [5624/0.631558]
  1  14 300, 0.666823 [0.263134/10.677610] [5674/0.631558]
  1  14 350, 0.661730 [0.233660/10.651966] [5724/0.631558]
Epoch 14 done. Evaluation:
(39471, 50000)
(6052, 10000)
  1  15  50, 0.638456 [0.272435/10.616596] [5815/0.631558]
  1  15 100, 0.663482 [0.226278/10.602822] [5865/0.631558]
  1  15 150, 0.663868 [0.233958/10.578808] [5915/0.631558]
  1  15 200, 0.666635 [0.247500/10.556293] [5965/0.631558]
  1  15 250, 0.651660 [0.243047/10.539198] [6015/0.631558]
  1  15 300, 0.646913 [0.207672/10.515422] [6065/0.631558]
  1  15 350, 0.651431 [0.252955/10.495219] [6115/0.631558]
Epoch 15 done. Evaluation:
(39652, 50000)
(4550, 10000)
  1  16  50, 0.623419 [0.238711/10.474817] [   0/0.623419]
  1  16 100, 0.639296 [0.268753/10.458575] [  50/0.623419]
  1  16 150, 0.660128 [0.216994/10.434441] [ 100/0.623419]
  1  16 200, 0.658441 [0.247773/10.410023] [ 150/0.623419]
  1  16 250, 0.657491 [0.234259/10.390950] [ 200/0.623419]
  1  16 300, 0.659509 [0.224746/10.369835] [ 250/0.623419]
  1  16 350, 0.665232 [0.208833/10.356217] [ 300/0.623419]
Epoch 16 done. Evaluation:
(39692, 50000)
(6655, 10000)
  1  17  50, 0.654306 [0.227671/10.320803] [ 391/0.623419]
  1  17 100, 0.653194 [0.234454/10.306385] [ 441/0.623419]
  1  17 150, 0.626173 [0.219874/10.297749] [ 491/0.623419]
  1  17 200, 0.650658 [0.215410/10.277378] [ 541/0.623419]
  1  17 250, 0.641452 [0.194702/10.261490] [ 591/0.623419]
  1  17 300, 0.676142 [0.209054/10.254097] [ 641/0.623419]
  1  17 350, 0.655659 [0.242006/10.234218] [ 691/0.623419]
Epoch 17 done. Evaluation:
(39642, 50000)
(6206, 10000)
  1  18  50, 0.634876 [0.204811/10.211651] [ 782/0.623419]
  1  18 100, 0.652542 [0.252584/10.197760] [ 832/0.623419]
  1  18 150, 0.644858 [0.274628/10.188744] [ 882/0.623419]
  1  18 200, 0.634666 [0.205935/10.171213] [ 932/0.623419]
  1  18 250, 0.637073 [0.223498/10.158844] [ 982/0.623419]
  1  18 300, 0.659587 [0.233814/10.139397] [1032/0.623419]
  1  18 350, 0.653883 [0.273736/10.117623] [1082/0.623419]
Epoch 18 done. Evaluation:
(39715, 50000)
(6911, 10000)
  1  19  50, 0.639363 [0.270046/10.101253] [1173/0.623419]
  1  19 100, 0.628014 [0.258250/10.091106] [1223/0.623419]
  1  19 150, 0.650294 [0.252505/10.076789] [1273/0.623419]
  1  19 200, 0.656297 [0.201114/10.057779] [1323/0.623419]
  1  19 250, 0.646533 [0.235939/10.046151] [1373/0.623419]
  1  19 300, 0.653791 [0.252764/10.032839] [1423/0.623419]
  1  19 350, 0.643921 [0.227467/10.014660] [1473/0.623419]
Epoch 19 done. Evaluation:
(39795, 50000)
(6941, 10000)
  2   0  50, 0.573886 [0.131770/9.967902] [   0/0.573886]
  2   0 100, 0.532322 [0.087900/9.942194] [   0/0.532322]
  2   0 150, 0.531926 [0.144891/9.918312] [   0/0.531926]
  2   0 200, 0.544811 [0.103554/9.890738] [  50/0.531926]
  2   0 250, 0.551886 [0.122376/9.868829] [ 100/0.531926]
  2   0 300, 0.551540 [0.100969/9.845765] [ 150/0.531926]
  2   0 350, 0.557146 [0.128223/9.823985] [ 200/0.531926]
Epoch 0 done. Evaluation:
(41535, 50000)
(7726, 10000)
  2   1  50, 0.544109 [0.145718/9.792260] [ 291/0.531926]
  2   1 100, 0.544224 [0.153280/9.776943] [ 341/0.531926]
  2   1 150, 0.553378 [0.143965/9.757800] [ 391/0.531926]
  2   1 200, 0.541725 [0.136254/9.742694] [ 441/0.531926]
  2   1 250, 0.545777 [0.168127/9.728394] [ 491/0.531926]
  2   1 300, 0.558543 [0.149070/9.709219] [ 541/0.531926]
  2   1 350, 0.560497 [0.132429/9.688519] [ 591/0.531926]
Epoch 1 done. Evaluation:
(41359, 50000)
(7877, 10000)
  2   2  50, 0.524894 [0.165854/9.664399] [   0/0.524894]
  2   2 100, 0.536246 [0.132131/9.654463] [  50/0.524894]
  2   2 150, 0.553457 [0.140494/9.639698] [ 100/0.524894]
  2   2 200, 0.555382 [0.140353/9.624114] [ 150/0.524894]
  2   2 250, 0.554801 [0.152187/9.612737] [ 200/0.524894]
  2   2 300, 0.561815 [0.136184/9.597278] [ 250/0.524894]
  2   2 350, 0.561550 [0.138895/9.582101] [ 300/0.524894]
Epoch 2 done. Evaluation:
(41403, 50000)
(7829, 10000)
  2   3  50, 0.544404 [0.141285/9.558546] [ 391/0.524894]
  2   3 100, 0.539969 [0.136598/9.550843] [ 441/0.524894]
  2   3 150, 0.531831 [0.154953/9.541527] [ 491/0.524894]
  2   3 200, 0.567540 [0.161921/9.528780] [ 541/0.524894]
  2   3 250, 0.549356 [0.147829/9.517292] [ 591/0.524894]
  2   3 300, 0.553655 [0.138245/9.505866] [ 641/0.524894]
  2   3 350, 0.585571 [0.163654/9.494783] [ 691/0.524894]
Epoch 3 done. Evaluation:
(41357, 50000)
(7492, 10000)
  2   4  50, 0.539072 [0.107228/9.478003] [ 782/0.524894]
  2   4 100, 0.552740 [0.161131/9.470856] [ 832/0.524894]
  2   4 150, 0.545306 [0.136216/9.459050] [ 882/0.524894]
  2   4 200, 0.544403 [0.150528/9.449646] [ 932/0.524894]
  2   4 250, 0.570522 [0.164686/9.437930] [ 982/0.524894]
  2   4 300, 0.581661 [0.151362/9.423552] [1032/0.524894]
  2   4 350, 0.565393 [0.124979/9.412124] [1082/0.524894]
Epoch 4 done. Evaluation:
(41337, 50000)
(7830, 10000)
  2   5  50, 0.536738 [0.155832/9.397526] [1173/0.524894]
  2   5 100, 0.533563 [0.152284/9.393541] [1223/0.524894]
  2   5 150, 0.556154 [0.144862/9.381987] [1273/0.524894]
  2   5 200, 0.551314 [0.149184/9.375691] [1323/0.524894]
  2   5 250, 0.550394 [0.165080/9.371449] [1373/0.524894]
  2   5 300, 0.567767 [0.148265/9.360425] [1423/0.524894]
  2   5 350, 0.569789 [0.157702/9.351348] [1473/0.524894]
Epoch 5 done. Evaluation:
(41340, 50000)
(7270, 10000)
  2   6  50, 0.534803 [0.149047/9.343247] [1564/0.524894]
  2   6 100, 0.540032 [0.149842/9.340564] [1614/0.524894]
  2   6 150, 0.542278 [0.132255/9.334789] [1664/0.524894]
  2   6 200, 0.550644 [0.129537/9.326829] [1714/0.524894]
  2   6 250, 0.579911 [0.150774/9.318565] [1764/0.524894]
  2   6 300, 0.556080 [0.124074/9.311893] [1814/0.524894]
  2   6 350, 0.563254 [0.162976/9.302012] [1864/0.524894]
Epoch 6 done. Evaluation:
(41320, 50000)
(7715, 10000)
  2   7  50, 0.514596 [0.153268/9.292993] [   0/0.514596]
  2   7 100, 0.537958 [0.165783/9.287543] [  50/0.514596]
  2   7 150, 0.557345 [0.141585/9.280466] [ 100/0.514596]
  2   7 200, 0.551574 [0.155614/9.272902] [ 150/0.514596]
  2   7 250, 0.558118 [0.150331/9.265122] [ 200/0.514596]
  2   7 300, 0.558752 [0.150786/9.254212] [ 250/0.514596]
  2   7 350, 0.553161 [0.172831/9.244024] [ 300/0.514596]
Epoch 7 done. Evaluation:
(41504, 50000)
(7444, 10000)
  2   8  50, 0.539940 [0.163200/9.234718] [ 391/0.514596]
  2   8 100, 0.542416 [0.134420/9.229913] [ 441/0.514596]
  2   8 150, 0.543044 [0.187581/9.224898] [ 491/0.514596]
  2   8 200, 0.528907 [0.174204/9.222552] [ 541/0.514596]
  2   8 250, 0.576690 [0.161304/9.213918] [ 591/0.514596]
  2   8 300, 0.555381 [0.150445/9.206619] [ 641/0.514596]
  2   8 350, 0.562791 [0.165880/9.195579] [ 691/0.514596]
Epoch 8 done. Evaluation:
(41433, 50000)
(7420, 10000)
  2   9  50, 0.509619 [0.164804/9.188315] [   0/0.509619]
  2   9 100, 0.545698 [0.170440/9.184613] [  50/0.509619]
  2   9 150, 0.534169 [0.166675/9.181953] [ 100/0.509619]
  2   9 200, 0.550935 [0.154363/9.175340] [ 150/0.509619]
  2   9 250, 0.566950 [0.163254/9.168360] [ 200/0.509619]
  2   9 300, 0.550701 [0.148872/9.160000] [ 250/0.509619]
  2   9 350, 0.579159 [0.196147/9.149489] [ 300/0.509619]
Epoch 9 done. Evaluation:
(41447, 50000)
(7730, 10000)
  2  10  50, 0.518520 [0.204268/9.144532] [ 391/0.509619]
  2  10 100, 0.553989 [0.116837/9.142068] [ 441/0.509619]
  2  10 150, 0.554461 [0.152099/9.133097] [ 491/0.509619]
  2  10 200, 0.557819 [0.140197/9.124734] [ 541/0.509619]
  2  10 250, 0.555873 [0.162928/9.120263] [ 591/0.509619]
  2  10 300, 0.554841 [0.160346/9.112684] [ 641/0.509619]
  2  10 350, 0.564894 [0.160133/9.104654] [ 691/0.509619]
Epoch 10 done. Evaluation:
(41393, 50000)
(7571, 10000)
  2  11  50, 0.530893 [0.172874/9.095330] [ 782/0.509619]
  2  11 100, 0.544711 [0.140570/9.090640] [ 832/0.509619]
  2  11 150, 0.554649 [0.184189/9.087083] [ 882/0.509619]
  2  11 200, 0.550500 [0.166509/9.083474] [ 932/0.509619]
  2  11 250, 0.545589 [0.113806/9.079755] [ 982/0.509619]
  2  11 300, 0.541449 [0.162695/9.076931] [1032/0.509619]
  2  11 350, 0.555199 [0.172004/9.074791] [1082/0.509619]
Epoch 11 done. Evaluation:
(41342, 50000)
(7450, 10000)
  2  12  50, 0.530406 [0.199398/9.065002] [1173/0.509619]
  2  12 100, 0.552883 [0.175578/9.062728] [1223/0.509619]
  2  12 150, 0.561384 [0.165967/9.059666] [1273/0.509619]
  2  12 200, 0.550905 [0.156559/9.056423] [1323/0.509619]
  2  12 250, 0.559152 [0.174751/9.048265] [1373/0.509619]
  2  12 300, 0.555886 [0.129121/9.040703] [1423/0.509619]
  2  12 350, 0.578476 [0.175797/9.036994] [1473/0.509619]
Epoch 12 done. Evaluation:
(41347, 50000)
(7609, 10000)
  2  13  50, 0.542463 [0.166372/9.026194] [1564/0.509619]
  2  13 100, 0.539483 [0.174048/9.023454] [1614/0.509619]
  2  13 150, 0.551048 [0.159457/9.018711] [1664/0.509619]
  2  13 200, 0.538030 [0.155168/9.018821] [1714/0.509619]
  2  13 250, 0.555234 [0.165239/9.016266] [1764/0.509619]
  2  13 300, 0.549043 [0.169339/9.013461] [1814/0.509619]
  2  13 350, 0.568555 [0.133501/9.012762] [1864/0.509619]
Epoch 13 done. Evaluation:
(41368, 50000)
(7693, 10000)
  2  14  50, 0.528790 [0.165236/9.006439] [1955/0.509619]
  2  14 100, 0.522680 [0.149250/9.005805] [2005/0.509619]
  2  14 150, 0.556485 [0.158344/9.001993] [2055/0.509619]
  2  14 200, 0.554917 [0.142474/8.998093] [2105/0.509619]
  2  14 250, 0.542585 [0.126090/8.995852] [2155/0.509619]
  2  14 300, 0.572734 [0.155001/8.988570] [2205/0.509619]
  2  14 350, 0.553177 [0.150012/8.981531] [2255/0.509619]
Epoch 14 done. Evaluation:
(41401, 50000)
(7005, 10000)
  2  15  50, 0.533171 [0.145308/8.975919] [2346/0.509619]
  2  15 100, 0.554648 [0.170727/8.972536] [2396/0.509619]
  2  15 150, 0.543370 [0.139548/8.970044] [2446/0.509619]
  2  15 200, 0.554074 [0.170162/8.969018] [2496/0.509619]
  2  15 250, 0.548166 [0.149020/8.969201] [2546/0.509619]
  2  15 300, 0.563986 [0.134667/8.966339] [2596/0.509619]
  2  15 350, 0.567837 [0.183748/8.963151] [2646/0.509619]
Epoch 15 done. Evaluation:
(41447, 50000)
(7365, 10000)
  2  16  50, 0.528688 [0.132172/8.957996] [2737/0.509619]
  2  16 100, 0.524763 [0.168180/8.957944] [2787/0.509619]
  2  16 150, 0.544559 [0.177612/8.957843] [2837/0.509619]
  2  16 200, 0.556546 [0.148115/8.957242] [2887/0.509619]
  2  16 250, 0.569331 [0.179806/8.949719] [2937/0.509619]
  2  16 300, 0.555174 [0.163169/8.943097] [2987/0.509619]
  2  16 350, 0.561814 [0.151194/8.938655] [3037/0.509619]
Epoch 16 done. Evaluation:
(41501, 50000)
(7454, 10000)
  2  17  50, 0.510602 [0.141406/8.941063] [3128/0.509619]
  2  17 100, 0.543196 [0.155706/8.934006] [3178/0.509619]
  2  17 150, 0.556357 [0.185587/8.936002] [3228/0.509619]
  2  17 200, 0.564465 [0.160430/8.928486] [3278/0.509619]
  2  17 250, 0.551943 [0.176395/8.926191] [3328/0.509619]
  2  17 300, 0.584392 [0.171692/8.922500] [3378/0.509619]
  2  17 350, 0.551807 [0.160266/8.924794] [3428/0.509619]
Epoch 17 done. Evaluation:
(41317, 50000)
(6000, 10000)
  2  18  50, 0.518642 [0.150448/8.921680] [3519/0.509619]
  2  18 100, 0.534861 [0.141770/8.922462] [3569/0.509619]
  2  18 150, 0.535279 [0.151477/8.924100] [3619/0.509619]
  2  18 200, 0.565132 [0.187979/8.918669] [3669/0.509619]
  2  18 250, 0.550700 [0.149704/8.916355] [3719/0.509619]
  2  18 300, 0.549323 [0.151731/8.914820] [3769/0.509619]
  2  18 350, 0.550424 [0.145845/8.909433] [3819/0.509619]
Epoch 18 done. Evaluation:
(41481, 50000)
(7299, 10000)
  2  19  50, 0.532737 [0.150496/8.907218] [3910/0.509619]
  2  19 100, 0.528686 [0.156822/8.905836] [3960/0.509619]
  2  19 150, 0.543125 [0.146039/8.907731] [4010/0.509619]
  2  19 200, 0.542657 [0.167105/8.904100] [4060/0.509619]
  2  19 250, 0.531927 [0.183767/8.899182] [4110/0.509619]
  2  19 300, 0.541833 [0.156520/8.901396] [4160/0.509619]
  2  19 350, 0.568821 [0.187647/8.893987] [4210/0.509619]
Epoch 19 done. Evaluation:
(41540, 50000)
(7164, 10000)
  3   0  50, 0.463212 [0.082046/8.879961] [   0/0.463212]
  3   0 100, 0.456185 [0.057443/8.867551] [   0/0.456185]
  3   0 150, 0.452497 [0.079658/8.855168] [   0/0.452497]
  3   0 200, 0.463373 [0.082856/8.843659] [  50/0.452497]
  3   0 250, 0.457912 [0.095165/8.833222] [ 100/0.452497]
  3   0 300, 0.460761 [0.082890/8.821799] [ 150/0.452497]
  3   0 350, 0.453318 [0.087125/8.812863] [ 200/0.452497]
Epoch 0 done. Evaluation:
(43068, 50000)
(8157, 10000)
  3   1  50, 0.439658 [0.087989/8.797380] [   0/0.439658]
  3   1 100, 0.430922 [0.108462/8.790592] [   0/0.430922]
  3   1 150, 0.431043 [0.096348/8.784988] [  50/0.430922]
  3   1 200, 0.450569 [0.104032/8.778466] [ 100/0.430922]
  3   1 250, 0.458934 [0.086946/8.769878] [ 150/0.430922]
  3   1 300, 0.440637 [0.098532/8.762709] [ 200/0.430922]
  3   1 350, 0.454474 [0.101546/8.754579] [ 250/0.430922]
Epoch 1 done. Evaluation:
(43332, 50000)
(8187, 10000)
  3   2  50, 0.407382 [0.089828/8.743699] [   0/0.407382]
  3   2 100, 0.440752 [0.082376/8.738783] [  50/0.407382]
  3   2 150, 0.448883 [0.108841/8.733120] [ 100/0.407382]
  3   2 200, 0.461130 [0.098919/8.727274] [ 150/0.407382]
  3   2 250, 0.463736 [0.095330/8.721040] [ 200/0.407382]
  3   2 300, 0.439962 [0.073026/8.714391] [ 250/0.407382]
  3   2 350, 0.443830 [0.097644/8.708946] [ 300/0.407382]
Epoch 2 done. Evaluation:
(43237, 50000)
(8119, 10000)
  3   3  50, 0.405688 [0.081500/8.700376] [   0/0.405688]
  3   3 100, 0.434833 [0.101376/8.698023] [  50/0.405688]
  3   3 150, 0.455665 [0.096596/8.692698] [ 100/0.405688]
  3   3 200, 0.445114 [0.090953/8.690131] [ 150/0.405688]
  3   3 250, 0.457408 [0.101842/8.685042] [ 200/0.405688]
  3   3 300, 0.436905 [0.096086/8.679393] [ 250/0.405688]
  3   3 350, 0.456527 [0.099576/8.673898] [ 300/0.405688]
Epoch 3 done. Evaluation:
(43247, 50000)
(7899, 10000)
  3   4  50, 0.425332 [0.090071/8.667005] [ 391/0.405688]
  3   4 100, 0.422865 [0.116825/8.664393] [ 441/0.405688]
  3   4 150, 0.440174 [0.098295/8.660053] [ 491/0.405688]
  3   4 200, 0.463390 [0.114316/8.655498] [ 541/0.405688]
  3   4 250, 0.461808 [0.113080/8.651048] [ 591/0.405688]
  3   4 300, 0.450049 [0.121844/8.647093] [ 641/0.405688]
  3   4 350, 0.457191 [0.091746/8.642587] [ 691/0.405688]
Epoch 4 done. Evaluation:
(43217, 50000)
(7567, 10000)
  3   5  50, 0.417982 [0.117441/8.638587] [ 782/0.405688]
  3   5 100, 0.434743 [0.097158/8.636416] [ 832/0.405688]
  3   5 150, 0.424611 [0.101114/8.634342] [ 882/0.405688]
  3   5 200, 0.467330 [0.101086/8.631501] [ 932/0.405688]
  3   5 250, 0.458751 [0.102829/8.628560] [ 982/0.405688]
  3   5 300, 0.469535 [0.083809/8.625415] [1032/0.405688]
  3   5 350, 0.454968 [0.106337/8.621298] [1082/0.405688]
Epoch 5 done. Evaluation:
(43200, 50000)
(7768, 10000)
  3   6  50, 0.421334 [0.096611/8.615558] [1173/0.405688]
  3   6 100, 0.452314 [0.109078/8.616096] [1223/0.405688]
  3   6 150, 0.456267 [0.075700/8.612214] [1273/0.405688]
  3   6 200, 0.451154 [0.100995/8.607919] [1323/0.405688]
  3   6 250, 0.442691 [0.094766/8.607187] [1373/0.405688]
  3   6 300, 0.450460 [0.129041/8.603816] [1423/0.405688]
  3   6 350, 0.448838 [0.092556/8.601310] [1473/0.405688]
Epoch 6 done. Evaluation:
(43214, 50000)
(8068, 10000)
  3   7  50, 0.416972 [0.085337/8.599483] [1564/0.405688]
  3   7 100, 0.434910 [0.087004/8.596674] [1614/0.405688]
  3   7 150, 0.455217 [0.096883/8.595394] [1664/0.405688]
  3   7 200, 0.442434 [0.098698/8.594339] [1714/0.405688]
  3   7 250, 0.460626 [0.115448/8.589965] [1764/0.405688]
  3   7 300, 0.455742 [0.085795/8.585164] [1814/0.405688]
  3   7 350, 0.446443 [0.112878/8.580996] [1864/0.405688]
Epoch 7 done. Evaluation:
(43184, 50000)
(8016, 10000)
  3   8  50, 0.427032 [0.100820/8.577904] [1955/0.405688]
  3   8 100, 0.422789 [0.105112/8.576990] [2005/0.405688]
  3   8 150, 0.453550 [0.105141/8.574642] [2055/0.405688]
  3   8 200, 0.445729 [0.115716/8.573284] [2105/0.405688]
  3   8 250, 0.441983 [0.122071/8.571447] [2155/0.405688]
  3   8 300, 0.456997 [0.116900/8.569187] [2205/0.405688]
  3   8 350, 0.463892 [0.109811/8.565049] [2255/0.405688]
Epoch 8 done. Evaluation:
(43279, 50000)
(7938, 10000)
  3   9  50, 0.425663 [0.103490/8.558378] [2346/0.405688]
  3   9 100, 0.434660 [0.111440/8.559687] [2396/0.405688]
  3   9 150, 0.451639 [0.099900/8.559526] [2446/0.405688]
  3   9 200, 0.441089 [0.131529/8.558457] [2496/0.405688]
  3   9 250, 0.440969 [0.119691/8.557210] [2546/0.405688]
  3   9 300, 0.452200 [0.096654/8.555049] [2596/0.405688]
  3   9 350, 0.457057 [0.109030/8.552984] [2646/0.405688]
Epoch 9 done. Evaluation:
(43230, 50000)
(7742, 10000)
  3  10  50, 0.418177 [0.091962/8.549589] [2737/0.405688]
  3  10 100, 0.443035 [0.106343/8.548881] [2787/0.405688]
  3  10 150, 0.436187 [0.092401/8.548410] [2837/0.405688]
  3  10 200, 0.451962 [0.109784/8.546860] [2887/0.405688]
  3  10 250, 0.447682 [0.097397/8.544355] [2937/0.405688]
  3  10 300, 0.464343 [0.097124/8.540647] [2987/0.405688]
  3  10 350, 0.445934 [0.095771/8.538401] [3037/0.405688]
Epoch 10 done. Evaluation:
(43266, 50000)
(7688, 10000)
  3  11  50, 0.419549 [0.081262/8.534675] [3128/0.405688]
  3  11 100, 0.435358 [0.113180/8.534629] [3178/0.405688]
  3  11 150, 0.425404 [0.099602/8.535585] [3228/0.405688]
  3  11 200, 0.442251 [0.104545/8.534062] [3278/0.405688]
  3  11 250, 0.451907 [0.112365/8.531446] [3328/0.405688]
  3  11 300, 0.452306 [0.093005/8.527089] [3378/0.405688]
  3  11 350, 0.430045 [0.104752/8.526898] [3428/0.405688]
Epoch 11 done. Evaluation:
(43355, 50000)
(7915, 10000)
  3  12  50, 0.398456 [0.097359/8.525229] [   0/0.398456]
  3  12 100, 0.430477 [0.106262/8.527402] [  50/0.398456]
  3  12 150, 0.444310 [0.114568/8.527654] [ 100/0.398456]
  3  12 200, 0.451022 [0.111309/8.526623] [ 150/0.398456]
  3  12 250, 0.469940 [0.111495/8.524544] [ 200/0.398456]
  3  12 300, 0.453423 [0.121628/8.520527] [ 250/0.398456]
  3  12 350, 0.447226 [0.102792/8.518807] [ 300/0.398456]
Epoch 12 done. Evaluation:
(43240, 50000)
(7986, 10000)
  3  13  50, 0.394463 [0.110145/8.517125] [   0/0.394463]
  3  13 100, 0.415259 [0.102721/8.518125] [  50/0.394463]
  3  13 150, 0.438818 [0.127110/8.516230] [ 100/0.394463]
  3  13 200, 0.434064 [0.108133/8.514942] [ 150/0.394463]
  3  13 250, 0.473673 [0.126240/8.512593] [ 200/0.394463]
  3  13 300, 0.470611 [0.089055/8.511745] [ 250/0.394463]
  3  13 350, 0.437147 [0.095944/8.510281] [ 300/0.394463]
Epoch 13 done. Evaluation:
(43363, 50000)
(8067, 10000)
  3  14  50, 0.413134 [0.085567/8.506704] [ 391/0.394463]
  3  14 100, 0.426477 [0.102053/8.507254] [ 441/0.394463]
  3  14 150, 0.418751 [0.103252/8.508496] [ 491/0.394463]
  3  14 200, 0.466573 [0.120385/8.507353] [ 541/0.394463]
  3  14 250, 0.445816 [0.123024/8.504958] [ 591/0.394463]
  3  14 300, 0.439878 [0.111655/8.503201] [ 641/0.394463]
  3  14 350, 0.443623 [0.103627/8.499650] [ 691/0.394463]
Epoch 14 done. Evaluation:
(43371, 50000)
(8200, 10000)
  3  15  50, 0.425832 [0.109192/8.500062] [ 782/0.394463]
  3  15 100, 0.439832 [0.099569/8.501141] [ 832/0.394463]
  3  15 150, 0.440234 [0.115656/8.501892] [ 882/0.394463]
  3  15 200, 0.437123 [0.098529/8.501939] [ 932/0.394463]
  3  15 250, 0.451689 [0.095277/8.500820] [ 982/0.394463]
  3  15 300, 0.425280 [0.091932/8.499140] [1032/0.394463]
  3  15 350, 0.455294 [0.111296/8.496649] [1082/0.394463]
Epoch 15 done. Evaluation:
(43320, 50000)
(7352, 10000)
  3  16  50, 0.416636 [0.104257/8.494865] [1173/0.394463]
  3  16 100, 0.431706 [0.091212/8.497278] [1223/0.394463]
  3  16 150, 0.419364 [0.103319/8.498704] [1273/0.394463]
  3  16 200, 0.437987 [0.116612/8.499186] [1323/0.394463]
  3  16 250, 0.454816 [0.115057/8.496898] [1373/0.394463]
  3  16 300, 0.443586 [0.098737/8.495391] [1423/0.394463]
  3  16 350, 0.453864 [0.106735/8.493275] [1473/0.394463]
Epoch 16 done. Evaluation:
(43375, 50000)
(8202, 10000)
  3  17  50, 0.420705 [0.079065/8.493450] [1564/0.394463]
  3  17 100, 0.423877 [0.119977/8.494347] [1614/0.394463]
  3  17 150, 0.441871 [0.084993/8.493167] [1664/0.394463]
  3  17 200, 0.416577 [0.119233/8.493951] [1714/0.394463]
  3  17 250, 0.456420 [0.116243/8.491717] [1764/0.394463]
  3  17 300, 0.461435 [0.110608/8.491448] [1814/0.394463]
  3  17 350, 0.435719 [0.115464/8.490278] [1864/0.394463]
Epoch 17 done. Evaluation:
(43494, 50000)
(7815, 10000)
  3  18  50, 0.419356 [0.091812/8.488424] [1955/0.394463]
  3  18 100, 0.418081 [0.094614/8.489220] [2005/0.394463]
  3  18 150, 0.436572 [0.117617/8.489085] [2055/0.394463]
  3  18 200, 0.443217 [0.104836/8.488052] [2105/0.394463]
  3  18 250, 0.435115 [0.090953/8.486387] [2155/0.394463]
  3  18 300, 0.441232 [0.108891/8.486268] [2205/0.394463]
  3  18 350, 0.458236 [0.110867/8.484212] [2255/0.394463]
Epoch 18 done. Evaluation:
(43359, 50000)
(7808, 10000)
  3  19  50, 0.411371 [0.108781/8.483608] [2346/0.394463]
  3  19 100, 0.426251 [0.104450/8.482343] [2396/0.394463]
  3  19 150, 0.441379 [0.111584/8.483583] [2446/0.394463]
  3  19 200, 0.443293 [0.113187/8.484301] [2496/0.394463]
  3  19 250, 0.444938 [0.103267/8.484280] [2546/0.394463]
  3  19 300, 0.453557 [0.100473/8.484580] [2596/0.394463]
  3  19 350, 0.447401 [0.088736/8.482342] [2646/0.394463]
Epoch 19 done. Evaluation:
(43356, 50000)
(8200, 10000)
  4   0  50, 0.345926 [0.042047/8.475637] [   0/0.345926]
  4   0 100, 0.340168 [0.053617/8.469884] [   0/0.340168]
  4   0 150, 0.347255 [0.057247/8.464402] [  50/0.340168]
  4   0 200, 0.343462 [0.051854/8.459003] [ 100/0.340168]
  4   0 250, 0.348133 [0.049266/8.454005] [ 150/0.340168]
  4   0 300, 0.333989 [0.064193/8.449706] [   0/0.333989]
  4   0 350, 0.352235 [0.040940/8.444683] [  50/0.333989]
Epoch 0 done. Evaluation:
(45191, 50000)
(8320, 10000)
  4   1  50, 0.299152 [0.052969/8.438045] [   0/0.299152]
  4   1 100, 0.322954 [0.066433/8.435239] [  50/0.299152]
  4   1 150, 0.331047 [0.058483/8.432243] [ 100/0.299152]
  4   1 200, 0.329116 [0.046064/8.428845] [ 150/0.299152]
  4   1 250, 0.335284 [0.048242/8.424841] [ 200/0.299152]
  4   1 300, 0.342100 [0.064387/8.420638] [ 250/0.299152]
  4   1 350, 0.323102 [0.067204/8.418143] [ 300/0.299152]
Epoch 1 done. Evaluation:
(45411, 50000)
(8327, 10000)
  4   2  50, 0.331133 [0.064340/8.411463] [ 391/0.299152]
  4   2 100, 0.315940 [0.056060/8.408941] [ 441/0.299152]
  4   2 150, 0.314603 [0.071595/8.406600] [ 491/0.299152]
  4   2 200, 0.327709 [0.050409/8.404415] [ 541/0.299152]
  4   2 250, 0.328417 [0.064120/8.401802] [ 591/0.299152]
  4   2 300, 0.338169 [0.050446/8.399461] [ 641/0.299152]
  4   2 350, 0.327128 [0.060032/8.397279] [ 691/0.299152]
Epoch 2 done. Evaluation:
(45416, 50000)
(8468, 10000)
  4   3  50, 0.305816 [0.059496/8.392293] [ 782/0.299152]
  4   3 100, 0.307491 [0.059198/8.390200] [ 832/0.299152]
  4   3 150, 0.336646 [0.061752/8.388280] [ 882/0.299152]
  4   3 200, 0.314419 [0.054660/8.386329] [ 932/0.299152]
  4   3 250, 0.325342 [0.066502/8.384320] [ 982/0.299152]
  4   3 300, 0.338369 [0.075346/8.381914] [1032/0.299152]
  4   3 350, 0.336868 [0.057228/8.379318] [1082/0.299152]
Epoch 3 done. Evaluation:
(45388, 50000)
(8184, 10000)
  4   4  50, 0.295105 [0.071693/8.375665] [   0/0.295105]
  4   4 100, 0.301519 [0.063675/8.374065] [  50/0.295105]
  4   4 150, 0.324115 [0.060544/8.373035] [ 100/0.295105]
  4   4 200, 0.324191 [0.058153/8.370193] [ 150/0.295105]
  4   4 250, 0.339174 [0.059956/8.367937] [ 200/0.295105]
  4   4 300, 0.326452 [0.061731/8.366802] [ 250/0.295105]
  4   4 350, 0.336715 [0.059962/8.364087] [ 300/0.295105]
Epoch 4 done. Evaluation:
(45485, 50000)
(8314, 10000)
  4   5  50, 0.289235 [0.054082/8.360598] [   0/0.289235]
  4   5 100, 0.314174 [0.054495/8.359025] [  50/0.289235]
  4   5 150, 0.316124 [0.053188/8.357379] [ 100/0.289235]
  4   5 200, 0.336469 [0.072987/8.357015] [ 150/0.289235]
  4   5 250, 0.338634 [0.078447/8.354954] [ 200/0.289235]
  4   5 300, 0.333628 [0.077304/8.352628] [ 250/0.289235]
  4   5 350, 0.330130 [0.052326/8.350669] [ 300/0.289235]
Epoch 5 done. Evaluation:
(45327, 50000)
(8265, 10000)
  4   6  50, 0.297758 [0.063645/8.346497] [ 391/0.289235]
  4   6 100, 0.311596 [0.066720/8.345372] [ 441/0.289235]
  4   6 150, 0.315205 [0.078972/8.344185] [ 491/0.289235]
  4   6 200, 0.315638 [0.067642/8.342341] [ 541/0.289235]
  4   6 250, 0.326868 [0.058415/8.340702] [ 591/0.289235]
  4   6 300, 0.335489 [0.073812/8.339240] [ 641/0.289235]
  4   6 350, 0.341841 [0.058771/8.338131] [ 691/0.289235]
Epoch 6 done. Evaluation:
(45422, 50000)
(8303, 10000)
  4   7  50, 0.306366 [0.059890/8.335673] [ 782/0.289235]
  4   7 100, 0.304524 [0.059232/8.334815] [ 832/0.289235]
  4   7 150, 0.305154 [0.071136/8.334106] [ 882/0.289235]
  4   7 200, 0.313064 [0.063381/8.333038] [ 932/0.289235]
  4   7 250, 0.328787 [0.062287/8.332356] [ 982/0.289235]
  4   7 300, 0.330685 [0.063562/8.331946] [1032/0.289235]
  4   7 350, 0.328596 [0.065815/8.329868] [1082/0.289235]
Epoch 7 done. Evaluation:
(45501, 50000)
(8244, 10000)
  4   8  50, 0.295774 [0.057016/8.328327] [1173/0.289235]
  4   8 100, 0.301228 [0.073345/8.328093] [1223/0.289235]
  4   8 150, 0.326820 [0.078755/8.327305] [1273/0.289235]
  4   8 200, 0.326335 [0.054172/8.326598] [1323/0.289235]
  4   8 250, 0.328235 [0.074092/8.324315] [1373/0.289235]
  4   8 300, 0.332613 [0.071177/8.322757] [1423/0.289235]
  4   8 350, 0.339703 [0.075747/8.322179] [1473/0.289235]
Epoch 8 done. Evaluation:
(45412, 50000)
(8136, 10000)
  4   9  50, 0.306104 [0.072528/8.320951] [1564/0.289235]
  4   9 100, 0.290921 [0.058403/8.320837] [1614/0.289235]
  4   9 150, 0.310115 [0.074149/8.320460] [1664/0.289235]
  4   9 200, 0.331089 [0.064629/8.320288] [1714/0.289235]
  4   9 250, 0.316539 [0.064698/8.319295] [1764/0.289235]
  4   9 300, 0.332659 [0.059463/8.318265] [1814/0.289235]
  4   9 350, 0.326673 [0.057402/8.316510] [1864/0.289235]
Epoch 9 done. Evaluation:
(45493, 50000)
(7933, 10000)
  4  10  50, 0.305282 [0.066383/8.314847] [1955/0.289235]
  4  10 100, 0.311748 [0.076916/8.314732] [2005/0.289235]
  4  10 150, 0.309576 [0.070874/8.313590] [2055/0.289235]
  4  10 200, 0.313072 [0.061993/8.312813] [2105/0.289235]
  4  10 250, 0.307960 [0.078219/8.312161] [2155/0.289235]
  4  10 300, 0.332041 [0.067515/8.311802] [2205/0.289235]
  4  10 350, 0.341531 [0.075921/8.310418] [2255/0.289235]
Epoch 10 done. Evaluation:
(45443, 50000)
(7988, 10000)
  4  11  50, 0.284808 [0.067366/8.308616] [   0/0.284808]
  4  11 100, 0.295469 [0.063454/8.308057] [  50/0.284808]
  4  11 150, 0.326992 [0.072499/8.308080] [ 100/0.284808]
  4  11 200, 0.322072 [0.074220/8.307790] [ 150/0.284808]
  4  11 250, 0.332614 [0.066205/8.306290] [ 200/0.284808]
  4  11 300, 0.322829 [0.070523/8.305768] [ 250/0.284808]
  4  11 350, 0.321227 [0.072788/8.305372] [ 300/0.284808]
Epoch 11 done. Evaluation:
(45508, 50000)
(7932, 10000)
  4  12  50, 0.293231 [0.065086/8.302724] [ 391/0.284808]
  4  12 100, 0.294847 [0.060166/8.302508] [ 441/0.284808]
  4  12 150, 0.320506 [0.077889/8.302758] [ 491/0.284808]
  4  12 200, 0.325456 [0.071936/8.301961] [ 541/0.284808]
  4  12 250, 0.332705 [0.058549/8.302509] [ 591/0.284808]
  4  12 300, 0.331529 [0.066100/8.301056] [ 641/0.284808]
  4  12 350, 0.335708 [0.064145/8.300407] [ 691/0.284808]
Epoch 12 done. Evaluation:
(45408, 50000)
(8077, 10000)
  4  13  50, 0.291562 [0.071566/8.298393] [ 782/0.284808]
  4  13 100, 0.311589 [0.059527/8.298331] [ 832/0.284808]
  4  13 150, 0.300736 [0.058863/8.298325] [ 882/0.284808]
  4  13 200, 0.317980 [0.081305/8.298524] [ 932/0.284808]
  4  13 250, 0.328789 [0.074542/8.298297] [ 982/0.284808]
  4  13 300, 0.330460 [0.059671/8.297135] [1032/0.284808]
  4  13 350, 0.329237 [0.064394/8.296301] [1082/0.284808]
Epoch 13 done. Evaluation:
(45532, 50000)
(8095, 10000)
  4  14  50, 0.290566 [0.064229/8.293463] [1173/0.284808]
  4  14 100, 0.307505 [0.075993/8.293369] [1223/0.284808]
  4  14 150, 0.312478 [0.058049/8.293178] [1273/0.284808]
  4  14 200, 0.315454 [0.049034/8.292274] [1323/0.284808]
  4  14 250, 0.322268 [0.071697/8.291523] [1373/0.284808]
  4  14 300, 0.322424 [0.073626/8.290302] [1423/0.284808]
  4  14 350, 0.336519 [0.074103/8.290044] [1473/0.284808]
Epoch 14 done. Evaluation:
(45472, 50000)
(8310, 10000)
  4  15  50, 0.292347 [0.058733/8.289799] [1564/0.284808]
  4  15 100, 0.296209 [0.065063/8.291547] [1614/0.284808]
  4  15 150, 0.315823 [0.068306/8.291370] [1664/0.284808]
  4  15 200, 0.315139 [0.066420/8.291781] [1714/0.284808]
  4  15 250, 0.309140 [0.078925/8.291696] [1764/0.284808]
  4  15 300, 0.327719 [0.072984/8.291486] [1814/0.284808]
  4  15 350, 0.335618 [0.081730/8.291144] [1864/0.284808]
Epoch 15 done. Evaluation:
(45532, 50000)
(7901, 10000)
  4  16  50, 0.291747 [0.072010/8.290275] [1955/0.284808]
  4  16 100, 0.299092 [0.067298/8.290760] [2005/0.284808]
  4  16 150, 0.315204 [0.082182/8.291184] [2055/0.284808]
  4  16 200, 0.313275 [0.077947/8.290287] [2105/0.284808]
  4  16 250, 0.330815 [0.077918/8.289196] [2155/0.284808]
  4  16 300, 0.336511 [0.082634/8.287955] [2205/0.284808]
  4  16 350, 0.318299 [0.078721/8.287646] [2255/0.284808]
Epoch 16 done. Evaluation:
(45440, 50000)
(8338, 10000)
  4  17  50, 0.279126 [0.058705/8.286433] [   0/0.279126]
  4  17 100, 0.298963 [0.057555/8.286126] [  50/0.279126]
  4  17 150, 0.294983 [0.064473/8.285606] [ 100/0.279126]
  4  17 200, 0.319229 [0.068264/8.284983] [ 150/0.279126]
  4  17 250, 0.329540 [0.080932/8.286130] [ 200/0.279126]
  4  17 300, 0.307935 [0.086624/8.285485] [ 250/0.279126]
  4  17 350, 0.335082 [0.077516/8.284743] [ 300/0.279126]
Epoch 17 done. Evaluation:
(45590, 50000)
(8275, 10000)
  4  18  50, 0.290152 [0.079160/8.283662] [ 391/0.279126]
  4  18 100, 0.300651 [0.073502/8.282439] [ 441/0.279126]
  4  18 150, 0.303838 [0.071306/8.281834] [ 491/0.279126]
  4  18 200, 0.308268 [0.060044/8.281947] [ 541/0.279126]
  4  18 250, 0.324999 [0.068570/8.282534] [ 591/0.279126]
  4  18 300, 0.315321 [0.071180/8.282492] [ 641/0.279126]
  4  18 350, 0.327190 [0.066459/8.282229] [ 691/0.279126]
Epoch 18 done. Evaluation:
(45622, 50000)
(8134, 10000)
  4  19  50, 0.281995 [0.051611/8.281650] [ 782/0.279126]
  4  19 100, 0.299111 [0.069862/8.281077] [ 832/0.279126]
  4  19 150, 0.310012 [0.062684/8.281376] [ 882/0.279126]
  4  19 200, 0.320372 [0.073460/8.280990] [ 932/0.279126]
  4  19 250, 0.313026 [0.087835/8.280962] [ 982/0.279126]
  4  19 300, 0.323854 [0.077189/8.280366] [1032/0.279126]
  4  19 350, 0.322569 [0.075270/8.278724] [1082/0.279126]
Epoch 19 done. Evaluation:
(45674, 50000)
(8028, 10000)
  5   0  50, 0.252646 [0.020686/8.274416] [   0/0.252646]
  5   0 100, 0.235042 [0.032811/8.271197] [   0/0.235042]
  5   0 150, 0.225057 [0.036868/8.268505] [   0/0.225057]
  5   0 200, 0.227909 [0.035439/8.265774] [  50/0.225057]
  5   0 250, 0.218764 [0.033808/8.263123] [   0/0.218764]
  5   0 300, 0.216408 [0.025346/8.260499] [   0/0.216408]
  5   0 350, 0.230631 [0.030858/8.258162] [  50/0.216408]
Epoch 0 done. Evaluation:
(47290, 50000)
(8461, 10000)
  5   1  50, 0.194015 [0.036943/8.253476] [   0/0.194015]
  5   1 100, 0.191417 [0.028030/8.251188] [   0/0.191417]
  5   1 150, 0.197517 [0.029823/8.249140] [  50/0.191417]
  5   1 200, 0.195312 [0.028778/8.247062] [ 100/0.191417]
  5   1 250, 0.203996 [0.041119/8.244823] [ 150/0.191417]
  5   1 300, 0.209850 [0.035758/8.243070] [ 200/0.191417]
  5   1 350, 0.214138 [0.033536/8.241542] [ 250/0.191417]
Epoch 1 done. Evaluation:
(47822, 50000)
(8430, 10000)
  5   2  50, 0.196707 [0.033823/8.238400] [ 341/0.191417]
  5   2 100, 0.196891 [0.026967/8.236856] [ 391/0.191417]
  5   2 150, 0.188824 [0.029151/8.235075] [   0/0.188824]
  5   2 200, 0.190651 [0.035758/8.233226] [  50/0.188824]
  5   2 250, 0.201430 [0.029569/8.231836] [ 100/0.188824]
  5   2 300, 0.194173 [0.034931/8.229760] [ 150/0.188824]
  5   2 350, 0.200210 [0.026022/8.227830] [ 200/0.188824]
Epoch 2 done. Evaluation:
(47962, 50000)
(8465, 10000)
  5   3  50, 0.182020 [0.039946/8.224877] [   0/0.182020]
  5   3 100, 0.169976 [0.032180/8.222736] [   0/0.169976]
  5   3 150, 0.189369 [0.035502/8.221131] [  50/0.169976]
  5   3 200, 0.207257 [0.031588/8.219614] [ 100/0.169976]
  5   3 250, 0.196118 [0.029389/8.218221] [ 150/0.169976]
  5   3 300, 0.192189 [0.040678/8.216719] [ 200/0.169976]
  5   3 350, 0.200537 [0.043137/8.214784] [ 250/0.169976]
Epoch 3 done. Evaluation:
(47957, 50000)
(8316, 10000)
  5   4  50, 0.186521 [0.025904/8.211447] [ 341/0.169976]
  5   4 100, 0.181614 [0.022837/8.209727] [ 391/0.169976]
  5   4 150, 0.182476 [0.035075/8.208104] [ 441/0.169976]
  5   4 200, 0.182107 [0.030148/8.206303] [ 491/0.169976]
  5   4 250, 0.201327 [0.027622/8.204934] [ 541/0.169976]
  5   4 300, 0.200090 [0.037178/8.203570] [ 591/0.169976]
  5   4 350, 0.195953 [0.030740/8.202041] [ 641/0.169976]
Epoch 4 done. Evaluation:
(47893, 50000)
(8477, 10000)
  5   5  50, 0.175624 [0.030406/8.199545] [ 732/0.169976]
  5   5 100, 0.177881 [0.031076/8.198018] [ 782/0.169976]
  5   5 150, 0.180909 [0.028734/8.196431] [ 832/0.169976]
  5   5 200, 0.192873 [0.042747/8.195344] [ 882/0.169976]
  5   5 250, 0.186641 [0.038012/8.193911] [ 932/0.169976]
  5   5 300, 0.188146 [0.040894/8.192636] [ 982/0.169976]
  5   5 350, 0.193841 [0.040126/8.191108] [1032/0.169976]
Epoch 5 done. Evaluation:
(48021, 50000)
(8460, 10000)
  5   6  50, 0.182529 [0.038032/8.188260] [1123/0.169976]
  5   6 100, 0.178690 [0.033823/8.186779] [1173/0.169976]
  5   6 150, 0.179525 [0.028477/8.185423] [1223/0.169976]
  5   6 200, 0.186340 [0.038854/8.184115] [1273/0.169976]
  5   6 250, 0.182246 [0.034924/8.182475] [1323/0.169976]
  5   6 300, 0.184212 [0.034214/8.181032] [1373/0.169976]
  5   6 350, 0.198883 [0.037200/8.179647] [1423/0.169976]
Epoch 6 done. Evaluation:
(47992, 50000)
(8436, 10000)
  5   7  50, 0.179221 [0.031936/8.177616] [1514/0.169976]
  5   7 100, 0.179981 [0.033702/8.176413] [1564/0.169976]
  5   7 150, 0.184901 [0.028828/8.174943] [1614/0.169976]
  5   7 200, 0.205906 [0.057357/8.174055] [1664/0.169976]
  5   7 250, 0.194067 [0.040631/8.172932] [1714/0.169976]
  5   7 300, 0.180869 [0.047132/8.171281] [1764/0.169976]
  5   7 350, 0.199070 [0.038098/8.169768] [1814/0.169976]
Epoch 7 done. Evaluation:
(47929, 50000)
(8433, 10000)
  5   8  50, 0.178762 [0.030305/8.167350] [1905/0.169976]
  5   8 100, 0.177969 [0.042612/8.165781] [1955/0.169976]
  5   8 150, 0.181985 [0.040079/8.164391] [2005/0.169976]
  5   8 200, 0.196522 [0.047010/8.163336] [2055/0.169976]
  5   8 250, 0.194468 [0.039966/8.161850] [2105/0.169976]
  5   8 300, 0.196496 [0.047894/8.161019] [2155/0.169976]
  5   8 350, 0.198728 [0.041427/8.160275] [2205/0.169976]
Epoch 8 done. Evaluation:
(47836, 50000)
(8389, 10000)
  5   9  50, 0.159862 [0.030383/8.158247] [   0/0.159862]
  5   9 100, 0.171936 [0.047633/8.156780] [  50/0.159862]
  5   9 150, 0.182888 [0.033977/8.155358] [ 100/0.159862]
  5   9 200, 0.199237 [0.056082/8.154405] [ 150/0.159862]
  5   9 250, 0.204816 [0.038796/8.154152] [ 200/0.159862]
  5   9 300, 0.200216 [0.036938/8.153458] [ 250/0.159862]
  5   9 350, 0.202521 [0.034884/8.152427] [ 300/0.159862]
Epoch 9 done. Evaluation:
(47853, 50000)
(8384, 10000)
  5  10  50, 0.172971 [0.027104/8.150302] [ 391/0.159862]
  5  10 100, 0.172755 [0.032543/8.149111] [ 441/0.159862]
  5  10 150, 0.179377 [0.040697/8.147913] [ 491/0.159862]
  5  10 200, 0.191508 [0.038977/8.146692] [ 541/0.159862]
  5  10 250, 0.191774 [0.038544/8.145646] [ 591/0.159862]
  5  10 300, 0.191357 [0.036970/8.145136] [ 641/0.159862]
  5  10 350, 0.211761 [0.050477/8.144279] [ 691/0.159862]
Epoch 10 done. Evaluation:
(47900, 50000)
(8379, 10000)
  5  11  50, 0.186250 [0.037216/8.142661] [ 782/0.159862]
  5  11 100, 0.188816 [0.034743/8.142183] [ 832/0.159862]
  5  11 150, 0.187405 [0.039911/8.141067] [ 882/0.159862]
  5  11 200, 0.179330 [0.038437/8.139984] [ 932/0.159862]
  5  11 250, 0.188189 [0.040498/8.138853] [ 982/0.159862]
  5  11 300, 0.206874 [0.040492/8.137881] [1032/0.159862]
  5  11 350, 0.201034 [0.051099/8.136808] [1082/0.159862]
Epoch 11 done. Evaluation:
(47810, 50000)
(8326, 10000)
  5  12  50, 0.184196 [0.046808/8.134871] [1173/0.159862]
  5  12 100, 0.166577 [0.043536/8.133120] [1223/0.159862]
  5  12 150, 0.182338 [0.031086/8.131888] [1273/0.159862]
  5  12 200, 0.181126 [0.047056/8.130694] [1323/0.159862]
  5  12 250, 0.198780 [0.049242/8.130026] [1373/0.159862]
  5  12 300, 0.196893 [0.056539/8.129214] [1423/0.159862]
  5  12 350, 0.193363 [0.035627/8.128542] [1473/0.159862]
Epoch 12 done. Evaluation:
(47831, 50000)
(8402, 10000)
  5  13  50, 0.174367 [0.040000/8.126715] [1564/0.159862]
  5  13 100, 0.178805 [0.032045/8.125636] [1614/0.159862]
  5  13 150, 0.191764 [0.034408/8.124672] [1664/0.159862]
  5  13 200, 0.183750 [0.041727/8.123676] [1714/0.159862]
  5  13 250, 0.191085 [0.036193/8.122875] [1764/0.159862]
  5  13 300, 0.191932 [0.041409/8.121798] [1814/0.159862]
  5  13 350, 0.190661 [0.051322/8.121008] [1864/0.159862]
Epoch 13 done. Evaluation:
(47890, 50000)
(8413, 10000)
  5  14  50, 0.174179 [0.045275/8.118712] [1955/0.159862]
  5  14 100, 0.181626 [0.052977/8.117698] [2005/0.159862]
  5  14 150, 0.178707 [0.040324/8.116571] [2055/0.159862]
  5  14 200, 0.188201 [0.034288/8.115674] [2105/0.159862]
  5  14 250, 0.194478 [0.037803/8.114980] [2155/0.159862]
  5  14 300, 0.213118 [0.050046/8.114677] [2205/0.159862]
  5  14 350, 0.202763 [0.039024/8.113832] [2255/0.159862]
Epoch 14 done. Evaluation:
(47822, 50000)
(8064, 10000)
  5  15  50, 0.175047 [0.038267/8.112019] [2346/0.159862]
  5  15 100, 0.172173 [0.039738/8.111107] [2396/0.159862]
  5  15 150, 0.187903 [0.038319/8.110285] [2446/0.159862]
  5  15 200, 0.185952 [0.040522/8.109355] [2496/0.159862]
  5  15 250, 0.192195 [0.046902/8.108813] [2546/0.159862]
  5  15 300, 0.194284 [0.045455/8.107966] [2596/0.159862]
  5  15 350, 0.199869 [0.040308/8.107313] [2646/0.159862]
Epoch 15 done. Evaluation:
(47760, 50000)
(8231, 10000)
  5  16  50, 0.169704 [0.036814/8.105983] [2737/0.159862]
  5  16 100, 0.174737 [0.040229/8.104453] [2787/0.159862]
  5  16 150, 0.180262 [0.042378/8.103722] [2837/0.159862]
  5  16 200, 0.184760 [0.045202/8.102714] [2887/0.159862]
  5  16 250, 0.192912 [0.039348/8.102372] [2937/0.159862]
  5  16 300, 0.203669 [0.045730/8.102190] [2987/0.159862]
  5  16 350, 0.208962 [0.055166/8.102208] [3037/0.159862]
Epoch 16 done. Evaluation:
(47850, 50000)
(8329, 10000)
  5  17  50, 0.177033 [0.038586/8.100999] [3128/0.159862]
  5  17 100, 0.161840 [0.031422/8.099254] [3178/0.159862]
  5  17 150, 0.184287 [0.054512/8.098259] [3228/0.159862]
  5  17 200, 0.195540 [0.040712/8.097601] [3278/0.159862]
  5  17 250, 0.202027 [0.041956/8.096987] [3328/0.159862]
  5  17 300, 0.199727 [0.041371/8.096595] [3378/0.159862]
  5  17 350, 0.211516 [0.051254/8.096092] [3428/0.159862]
Epoch 17 done. Evaluation:
(47773, 50000)
(8386, 10000)
  5  18  50, 0.181286 [0.045272/8.094089] [3519/0.159862]
  5  18 100, 0.179524 [0.035152/8.092861] [3569/0.159862]
  5  18 150, 0.170024 [0.047444/8.091713] [3619/0.159862]
  5  18 200, 0.194164 [0.036089/8.090831] [3669/0.159862]
  5  18 250, 0.178909 [0.045839/8.089942] [3719/0.159862]
  5  18 300, 0.202429 [0.037667/8.089607] [3769/0.159862]
  5  18 350, 0.197433 [0.054088/8.089249] [3819/0.159862]
Epoch 18 done. Evaluation:
(47856, 50000)
(8126, 10000)
  5  19  50, 0.180405 [0.048958/8.088025] [3910/0.159862]
  5  19 100, 0.180973 [0.048243/8.086871] [3960/0.159862]
  5  19 150, 0.181592 [0.045528/8.085752] [4010/0.159862]
  5  19 200, 0.200798 [0.042404/8.085346] [4060/0.159862]
  5  19 250, 0.192887 [0.033576/8.084706] [4110/0.159862]
  5  19 300, 0.189332 [0.040176/8.084025] [4160/0.159862]
  5  19 350, 0.201594 [0.042624/8.083312] [4210/0.159862]
Epoch 19 done. Evaluation:
(47746, 50000)
(8110, 10000)
  6   0  50, 0.158629 [0.013684/8.081516] [   0/0.158629]
  6   0 100, 0.148453 [0.017822/8.079753] [   0/0.148453]
  6   0 150, 0.138966 [0.019230/8.077904] [   0/0.138966]
  6   0 200, 0.139656 [0.014849/8.076100] [  50/0.138966]
  6   0 250, 0.128974 [0.015304/8.074133] [   0/0.128974]
  6   0 300, 0.126921 [0.015856/8.072142] [   0/0.126921]
  6   0 350, 0.129147 [0.014531/8.070199] [  50/0.126921]
Epoch 0 done. Evaluation:
(48898, 50000)
(8606, 10000)
  6   1  50, 0.112205 [0.008671/8.066550] [   0/0.112205]
  6   1 100, 0.114970 [0.013473/8.064518] [  50/0.112205]
  6   1 150, 0.111648 [0.008970/8.062429] [   0/0.111648]
  6   1 200, 0.117282 [0.015576/8.060399] [  50/0.111648]
  6   1 250, 0.124042 [0.012351/8.058563] [ 100/0.111648]
  6   1 300, 0.113688 [0.009592/8.056618] [ 150/0.111648]
  6   1 350, 0.111577 [0.009588/8.054728] [   0/0.111577]
Epoch 1 done. Evaluation:
(49339, 50000)
(8537, 10000)
  6   2  50, 0.099550 [0.011611/8.051145] [   0/0.099550]
  6   2 100, 0.105621 [0.010490/8.049022] [  50/0.099550]
  6   2 150, 0.105991 [0.008130/8.047113] [ 100/0.099550]
  6   2 200, 0.104538 [0.009043/8.045080] [ 150/0.099550]
  6   2 250, 0.106524 [0.013231/8.043196] [ 200/0.099550]
  6   2 300, 0.111274 [0.011004/8.041293] [ 250/0.099550]
  6   2 350, 0.107401 [0.015303/8.039469] [ 300/0.099550]
Epoch 2 done. Evaluation:
(49510, 50000)
(8558, 10000)
  6   3  50, 0.105070 [0.011357/8.035831] [ 391/0.099550]
  6   3 100, 0.099099 [0.012474/8.033811] [   0/0.099099]
  6   3 150, 0.101534 [0.020721/8.031866] [  50/0.099099]
  6   3 200, 0.103933 [0.010603/8.029846] [ 100/0.099099]
  6   3 250, 0.109622 [0.011627/8.028079] [ 150/0.099099]
  6   3 300, 0.109860 [0.016190/8.026347] [ 200/0.099099]
  6   3 350, 0.113955 [0.009332/8.024668] [ 250/0.099099]
Epoch 3 done. Evaluation:
(49502, 50000)
(8540, 10000)
  6   4  50, 0.099857 [0.014336/8.021319] [ 341/0.099099]
  6   4 100, 0.101097 [0.014382/8.019401] [ 391/0.099099]
  6   4 150, 0.102626 [0.014992/8.017568] [ 441/0.099099]
  6   4 200, 0.103385 [0.016494/8.015810] [ 491/0.099099]
  6   4 250, 0.102375 [0.012078/8.013899] [ 541/0.099099]
  6   4 300, 0.101395 [0.016610/8.012033] [ 591/0.099099]
  6   4 350, 0.107712 [0.011264/8.010341] [ 641/0.099099]
Epoch 4 done. Evaluation:
(49560, 50000)
(8547, 10000)
  6   5  50, 0.094064 [0.013631/8.006891] [   0/0.094064]
  6   5 100, 0.102999 [0.010574/8.005112] [  50/0.094064]
  6   5 150, 0.102100 [0.007091/8.003341] [ 100/0.094064]
  6   5 200, 0.105256 [0.017424/8.001680] [ 150/0.094064]
  6   5 250, 0.099960 [0.009094/7.999960] [ 200/0.094064]
  6   5 300, 0.104640 [0.016067/7.998166] [ 250/0.094064]
  6   5 350, 0.103736 [0.013091/7.996482] [ 300/0.094064]
Epoch 5 done. Evaluation:
(49565, 50000)
(8499, 10000)
  6   6  50, 0.095435 [0.010538/7.993300] [ 391/0.094064]
  6   6 100, 0.100737 [0.017887/7.991532] [ 441/0.094064]
  6   6 150, 0.100257 [0.009815/7.989744] [ 491/0.094064]
  6   6 200, 0.104107 [0.013672/7.988055] [ 541/0.094064]
  6   6 250, 0.101514 [0.014420/7.986382] [ 591/0.094064]
  6   6 300, 0.103876 [0.013349/7.984723] [ 641/0.094064]
  6   6 350, 0.100890 [0.010200/7.982976] [ 691/0.094064]
Epoch 6 done. Evaluation:
(49586, 50000)
(8544, 10000)
  6   7  50, 0.094574 [0.010027/7.979689] [ 782/0.094064]
  6   7 100, 0.093112 [0.014881/7.977680] [   0/0.093112]
  6   7 150, 0.097004 [0.009517/7.975811] [  50/0.093112]
  6   7 200, 0.094802 [0.018233/7.974004] [ 100/0.093112]
  6   7 250, 0.100678 [0.012380/7.972246] [ 150/0.093112]
  6   7 300, 0.100537 [0.015459/7.970560] [ 200/0.093112]
  6   7 350, 0.100681 [0.017095/7.968948] [ 250/0.093112]
Epoch 7 done. Evaluation:
(49603, 50000)
(8517, 10000)
  6   8  50, 0.092555 [0.009266/7.965906] [   0/0.092555]
  6   8 100, 0.095545 [0.011342/7.964128] [  50/0.092555]
  6   8 150, 0.094403 [0.014449/7.962353] [ 100/0.092555]
  6   8 200, 0.098419 [0.015629/7.960590] [ 150/0.092555]
  6   8 250, 0.099519 [0.014402/7.958985] [ 200/0.092555]
  6   8 300, 0.106706 [0.009518/7.957527] [ 250/0.092555]
  6   8 350, 0.103708 [0.018812/7.956068] [ 300/0.092555]
Epoch 8 done. Evaluation:
(49638, 50000)
(8486, 10000)
  6   9  50, 0.091940 [0.014158/7.952891] [   0/0.091940]
  6   9 100, 0.092282 [0.014137/7.951053] [  50/0.091940]
  6   9 150, 0.100342 [0.013454/7.949456] [ 100/0.091940]
  6   9 200, 0.100889 [0.020631/7.947829] [ 150/0.091940]
  6   9 250, 0.101909 [0.015290/7.946268] [ 200/0.091940]
  6   9 300, 0.098432 [0.018373/7.944648] [ 250/0.091940]
  6   9 350, 0.110416 [0.015087/7.943336] [ 300/0.091940]
Epoch 9 done. Evaluation:
(49615, 50000)
(8480, 10000)
  6  10  50, 0.094734 [0.009938/7.940367] [ 391/0.091940]
  6  10 100, 0.094747 [0.015412/7.938621] [ 441/0.091940]
  6  10 150, 0.093607 [0.009085/7.936896] [ 491/0.091940]
  6  10 200, 0.100962 [0.021057/7.935333] [ 541/0.091940]
  6  10 250, 0.093549 [0.014323/7.933568] [ 591/0.091940]
  6  10 300, 0.100997 [0.021616/7.931994] [ 641/0.091940]
  6  10 350, 0.103268 [0.016739/7.930635] [ 691/0.091940]
Epoch 10 done. Evaluation:
(49609, 50000)
(8521, 10000)
  6  11  50, 0.093322 [0.013117/7.927809] [ 782/0.091940]
  6  11 100, 0.093869 [0.015313/7.926078] [ 832/0.091940]
  6  11 150, 0.093228 [0.015962/7.924305] [ 882/0.091940]
  6  11 200, 0.093997 [0.012743/7.922691] [ 932/0.091940]
  6  11 250, 0.102228 [0.012258/7.921171] [ 982/0.091940]
  6  11 300, 0.098940 [0.013488/7.919683] [1032/0.091940]
  6  11 350, 0.100105 [0.013335/7.918121] [1082/0.091940]
Epoch 11 done. Evaluation:
(49636, 50000)
(8518, 10000)
  6  12  50, 0.093874 [0.014289/7.915301] [1173/0.091940]
  6  12 100, 0.095170 [0.011818/7.913642] [1223/0.091940]
  6  12 150, 0.096735 [0.016349/7.911954] [1273/0.091940]
  6  12 200, 0.098143 [0.014917/7.910377] [1323/0.091940]
  6  12 250, 0.097792 [0.017127/7.908865] [1373/0.091940]
  6  12 300, 0.102967 [0.014930/7.907494] [1423/0.091940]
  6  12 350, 0.107536 [0.019686/7.906321] [1473/0.091940]
Epoch 12 done. Evaluation:
(49587, 50000)
(8555, 10000)
  6  13  50, 0.095227 [0.014214/7.903623] [1564/0.091940]
  6  13 100, 0.099388 [0.016669/7.902139] [1614/0.091940]
  6  13 150, 0.099604 [0.015131/7.900630] [1664/0.091940]
  6  13 200, 0.097176 [0.015578/7.899046] [1714/0.091940]
  6  13 250, 0.103474 [0.013472/7.897707] [1764/0.091940]
  6  13 300, 0.098941 [0.018660/7.896232] [1814/0.091940]
  6  13 350, 0.107511 [0.015467/7.895061] [1864/0.091940]
Epoch 13 done. Evaluation:
(49572, 50000)
(8506, 10000)
  6  14  50, 0.098172 [0.017333/7.892439] [1955/0.091940]
  6  14 100, 0.096967 [0.012853/7.890926] [2005/0.091940]
  6  14 150, 0.098541 [0.014062/7.889453] [2055/0.091940]
  6  14 200, 0.100361 [0.016036/7.888154] [2105/0.091940]
  6  14 250, 0.101188 [0.022111/7.886703] [2155/0.091940]
  6  14 300, 0.102890 [0.013252/7.885274] [2205/0.091940]
  6  14 350, 0.105231 [0.012278/7.884058] [2255/0.091940]
Epoch 14 done. Evaluation:
(49554, 50000)
(8436, 10000)
  6  15  50, 0.096733 [0.012001/7.881502] [2346/0.091940]
  6  15 100, 0.097714 [0.018734/7.880121] [2396/0.091940]
  6  15 150, 0.098237 [0.012209/7.878641] [2446/0.091940]
  6  15 200, 0.096181 [0.013799/7.877091] [2496/0.091940]
  6  15 250, 0.099310 [0.023945/7.875678] [2546/0.091940]
  6  15 300, 0.104560 [0.011366/7.874520] [2596/0.091940]
  6  15 350, 0.111125 [0.019568/7.873504] [2646/0.091940]
Epoch 15 done. Evaluation:
(49536, 50000)
(8493, 10000)
  6  16  50, 0.098881 [0.012921/7.871407] [2737/0.091940]
  6  16 100, 0.096938 [0.011181/7.869923] [2787/0.091940]
  6  16 150, 0.094008 [0.012836/7.868330] [2837/0.091940]
  6  16 200, 0.090832 [0.009592/7.866643] [   0/0.090832]
  6  16 250, 0.102596 [0.016304/7.865414] [  50/0.090832]
  6  16 300, 0.099329 [0.019572/7.864204] [ 100/0.090832]
  6  16 350, 0.106342 [0.016047/7.862988] [ 150/0.090832]
Epoch 16 done. Evaluation:
(49563, 50000)
(8437, 10000)
  6  17  50, 0.102524 [0.020052/7.861106] [ 241/0.090832]
  6  17 100, 0.095798 [0.018988/7.859693] [ 291/0.090832]
  6  17 150, 0.097490 [0.010409/7.858320] [ 341/0.090832]
  6  17 200, 0.102205 [0.012174/7.857120] [ 391/0.090832]
  6  17 250, 0.097876 [0.014455/7.855583] [ 441/0.090832]
  6  17 300, 0.101250 [0.015980/7.854264] [ 491/0.090832]
  6  17 350, 0.110551 [0.015395/7.853331] [ 541/0.090832]
Epoch 17 done. Evaluation:
(49515, 50000)
(8354, 10000)
  6  18  50, 0.096936 [0.017415/7.851109] [ 632/0.090832]
  6  18 100, 0.096591 [0.017696/7.849687] [ 682/0.090832]
  6  18 150, 0.098210 [0.015858/7.848347] [ 732/0.090832]
  6  18 200, 0.097732 [0.011285/7.847044] [ 782/0.090832]
  6  18 250, 0.100190 [0.012925/7.845848] [ 832/0.090832]
  6  18 300, 0.104244 [0.017981/7.844772] [ 882/0.090832]
  6  18 350, 0.105308 [0.020227/7.843705] [ 932/0.090832]
Epoch 18 done. Evaluation:
(49551, 50000)
(8494, 10000)
  6  19  50, 0.099759 [0.024449/7.841464] [1023/0.090832]
  6  19 100, 0.100591 [0.016948/7.840163] [1073/0.090832]
  6  19 150, 0.097841 [0.009335/7.838769] [1123/0.090832]
  6  19 200, 0.108071 [0.012659/7.837773] [1173/0.090832]
  6  19 250, 0.104808 [0.022281/7.836658] [1223/0.090832]
  6  19 300, 0.101574 [0.011909/7.835427] [1273/0.090832]
  6  19 350, 0.103529 [0.019007/7.834365] [1323/0.090832]
Epoch 19 done. Evaluation:
(49501, 50000)
(8479, 10000)
