Sequential (
  (conv1_1): Sequential (
    (0): Conv2d(3, 32, kernel_size=(3, 3), stride=(1, 1), padding=(1, 1))
    (1): BatchNorm2d(32, eps=1e-05, momentum=0.1, affine=True)
    (2): ReLU (inplace)
  )
  (conv1_2): Sequential (
    (0): Conv2d(32, 32, kernel_size=(3, 3), stride=(1, 1), padding=(1, 1))
    (1): BatchNorm2d(32, eps=1e-05, momentum=0.1, affine=True)
    (2): ReLU (inplace)
  )
  (pool1): MaxPool2d (size=(2, 2), stride=(2, 2), dilation=(1, 1))
  (conv2_1): Sequential (
    (0): Conv2d(32, 64, kernel_size=(3, 3), stride=(1, 1), padding=(1, 1))
    (1): BatchNorm2d(64, eps=1e-05, momentum=0.1, affine=True)
    (2): ReLU (inplace)
  )
  (conv2_2): Sequential (
    (0): Conv2d(64, 64, kernel_size=(3, 3), stride=(1, 1), padding=(1, 1))
    (1): BatchNorm2d(64, eps=1e-05, momentum=0.1, affine=True)
    (2): ReLU (inplace)
  )
  (pool2): MaxPool2d (size=(2, 2), stride=(2, 2), dilation=(1, 1))
  (conv3_1): Sequential (
    (0): Conv2d(64, 128, kernel_size=(3, 3), stride=(1, 1), padding=(1, 1))
    (1): BatchNorm2d(128, eps=1e-05, momentum=0.1, affine=True)
    (2): ReLU (inplace)
  )
  (conv3_2): Sequential (
    (0): Conv2d(128, 128, kernel_size=(3, 3), stride=(1, 1), padding=(1, 1))
    (1): BatchNorm2d(128, eps=1e-05, momentum=0.1, affine=True)
    (2): ReLU (inplace)
  )
  (pool3): MaxPool2d (size=(2, 2), stride=(2, 2), dilation=(1, 1))
  (conv4_1): Sequential (
    (0): Conv2d(128, 256, kernel_size=(3, 3), stride=(1, 1), padding=(1, 1))
    (1): BatchNorm2d(256, eps=1e-05, momentum=0.1, affine=True)
    (2): ReLU (inplace)
  )
  (conv4_2): Sequential (
    (0): Conv2d(256, 256, kernel_size=(3, 3), stride=(1, 1), padding=(1, 1))
    (1): BatchNorm2d(256, eps=1e-05, momentum=0.1, affine=True)
    (2): ReLU (inplace)
  )
  (pool4): MaxPool2d (size=(2, 2), stride=(2, 2), dilation=(1, 1))
  (conv5_1): Sequential (
    (0): Conv2d(256, 256, kernel_size=(3, 3), stride=(1, 1), padding=(1, 1))
    (1): BatchNorm2d(256, eps=1e-05, momentum=0.1, affine=True)
    (2): ReLU (inplace)
  )
  (conv5_2): Sequential (
    (0): Conv2d(256, 256, kernel_size=(3, 3), stride=(1, 1), padding=(1, 1))
    (1): BatchNorm2d(256, eps=1e-05, momentum=0.1, affine=True)
    (2): ReLU (inplace)
  )
  (pool5): MaxPool2d (size=(2, 2), stride=(2, 2), dilation=(1, 1))
  (fc6): Sequential (
    (0): Conv2d(256, 256, kernel_size=(1, 1), stride=(1, 1))
    (1): BatchNorm2d(256, eps=1e-05, momentum=0.1, affine=True)
    (2): ReLU (inplace)
  )
  (logit): Conv2d(256, 10, kernel_size=(1, 1), stride=(1, 1))
  (flatter): Flatten()
)
{'L1_decay': 8e-05,
 'batch_size': 128,
 'force_name': False,
 'graphfolder': 'logs/axp4_graphs/',
 'learning_rate': 0.1,
 'logfile': 'logs/axp4.log',
 'mode': '',
 'name': 'axp4',
 'num_base': 32,
 'optimizer': 'SGDL1',
 'weight_decay': 0.016}
Decayed training with schedule: [20, 20, 20, 20, 20, 20, 20]
  0   0  50, 1.821888 [0.380492/69.608082] [   0/1.821888]
  0   0 100, 1.494746 [0.353079/67.297545] [   0/1.494746]
  0   0 150, 1.350565 [0.280766/65.239669] [   0/1.350565]
  0   0 200, 1.257020 [0.315450/63.408806] [   0/1.257020]
  0   0 250, 1.162948 [0.324404/61.781509] [   0/1.162948]
  0   0 300, 1.146091 [0.346610/60.330959] [   0/1.146091]
  0   0 350, 1.112586 [0.254391/59.040962] [   0/1.112586]
Epoch 0 done. Evaluation:
(26474, 50000)
(5618, 10000)
  0   1  50, 0.990145 [0.302793/57.049314] [   0/0.990145]
  0   1 100, 0.951761 [0.275608/56.121475] [   0/0.951761]
  0   1 150, 0.949748 [0.243818/55.289750] [   0/0.949748]
  0   1 200, 0.945740 [0.298706/54.542043] [   0/0.945740]
  0   1 250, 0.903973 [0.280880/53.870969] [   0/0.903973]
  0   1 300, 0.903172 [0.326163/53.265204] [   0/0.903172]
  0   1 350, 0.878789 [0.275247/52.712852] [   0/0.878789]
Epoch 1 done. Evaluation:
(34104, 50000)
(6567, 10000)
  0   2  50, 0.814447 [0.272663/51.837852] [   0/0.814447]
  0   2 100, 0.783027 [0.250949/51.413747] [   0/0.783027]
  0   2 150, 0.805127 [0.321716/51.021676] [  50/0.783027]
  0   2 200, 0.774541 [0.310423/50.658882] [   0/0.774541]
  0   2 250, 0.779146 [0.277637/50.318639] [  50/0.774541]
  0   2 300, 0.779025 [0.289880/49.999152] [ 100/0.774541]
  0   2 350, 0.747497 [0.239455/49.699517] [   0/0.747497]
Epoch 2 done. Evaluation:
(37085, 50000)
(7042, 10000)
  0   3  50, 0.658035 [0.305154/49.202680] [   0/0.658035]
  0   3 100, 0.688969 [0.300772/48.947759] [  50/0.658035]
  0   3 150, 0.709024 [0.286127/48.703389] [ 100/0.658035]
  0   3 200, 0.695001 [0.365799/48.468094] [ 150/0.658035]
  0   3 250, 0.689613 [0.334154/48.239901] [ 200/0.658035]
  0   3 300, 0.690074 [0.253049/48.017835] [ 250/0.658035]
  0   3 350, 0.719574 [0.311875/47.803034] [ 300/0.658035]
Epoch 3 done. Evaluation:
(38695, 50000)
(6940, 10000)
  0   4  50, 0.625234 [0.307660/47.435108] [   0/0.625234]
  0   4 100, 0.635884 [0.303532/47.241784] [  50/0.625234]
  0   4 150, 0.635061 [0.325246/47.053376] [ 100/0.625234]
  0   4 200, 0.642558 [0.269577/46.865356] [ 150/0.625234]
  0   4 250, 0.627326 [0.300835/46.684057] [ 200/0.625234]
  0   4 300, 0.640775 [0.259453/46.502381] [ 250/0.625234]
  0   4 350, 0.621824 [0.289659/46.326316] [   0/0.621824]
Epoch 4 done. Evaluation:
(39943, 50000)
(6838, 10000)
  0   5  50, 0.592653 [0.280159/46.017837] [   0/0.592653]
  0   5 100, 0.578982 [0.216617/45.853638] [   0/0.578982]
  0   5 150, 0.614436 [0.363287/45.691259] [  50/0.578982]
  0   5 200, 0.598547 [0.374257/45.527947] [ 100/0.578982]
  0   5 250, 0.598978 [0.277873/45.367981] [ 150/0.578982]
  0   5 300, 0.571779 [0.282814/45.211804] [   0/0.571779]
  0   5 350, 0.617325 [0.312037/45.055174] [  50/0.571779]
Epoch 5 done. Evaluation:
(40671, 50000)
(6394, 10000)
  0   6  50, 0.537488 [0.295717/44.780696] [   0/0.537488]
  0   6 100, 0.552697 [0.270842/44.632631] [  50/0.537488]
  0   6 150, 0.550741 [0.349288/44.488922] [ 100/0.537488]
  0   6 200, 0.567853 [0.366681/44.344199] [ 150/0.537488]
  0   6 250, 0.564434 [0.296191/44.200593] [ 200/0.537488]
  0   6 300, 0.568444 [0.329014/44.058551] [ 250/0.537488]
  0   6 350, 0.566604 [0.332980/43.917552] [ 300/0.537488]
Epoch 6 done. Evaluation:
(41308, 50000)
(7249, 10000)
  0   7  50, 0.513502 [0.341787/43.671373] [   0/0.513502]
  0   7 100, 0.519940 [0.351350/43.538906] [  50/0.513502]
  0   7 150, 0.535777 [0.306998/43.412335] [ 100/0.513502]
  0   7 200, 0.518990 [0.385162/43.281616] [ 150/0.513502]
  0   7 250, 0.517643 [0.274123/43.154365] [ 200/0.513502]
  0   7 300, 0.528574 [0.305449/43.026891] [ 250/0.513502]
  0   7 350, 0.535877 [0.336458/42.898268] [ 300/0.513502]
Epoch 7 done. Evaluation:
(41830, 50000)
(7607, 10000)
  0   8  50, 0.498052 [0.306635/42.672862] [   0/0.498052]
  0   8 100, 0.483870 [0.333787/42.557482] [   0/0.483870]
  0   8 150, 0.505185 [0.256983/42.438715] [  50/0.483870]
  0   8 200, 0.518162 [0.331057/42.320917] [ 100/0.483870]
  0   8 250, 0.519230 [0.296521/42.205079] [ 150/0.483870]
  0   8 300, 0.511583 [0.323456/42.091502] [ 200/0.483870]
  0   8 350, 0.501870 [0.387532/41.975356] [ 250/0.483870]
Epoch 8 done. Evaluation:
(42280, 50000)
(7169, 10000)
  0   9  50, 0.458459 [0.341252/41.773537] [   0/0.458459]
  0   9 100, 0.475574 [0.239983/41.669346] [  50/0.458459]
  0   9 150, 0.478706 [0.299060/41.567077] [ 100/0.458459]
  0   9 200, 0.480133 [0.344313/41.461732] [ 150/0.458459]
  0   9 250, 0.506372 [0.364481/41.354651] [ 200/0.458459]
  0   9 300, 0.490797 [0.311199/41.250040] [ 250/0.458459]
  0   9 350, 0.497798 [0.313151/41.147753] [ 300/0.458459]
Epoch 9 done. Evaluation:
(42598, 50000)
(5006, 10000)
  0  10  50, 0.457597 [0.412581/40.972057] [   0/0.457597]
  0  10 100, 0.444680 [0.307992/40.877538] [   0/0.444680]
  0  10 150, 0.462910 [0.278911/40.778758] [  50/0.444680]
  0  10 200, 0.473889 [0.333618/40.686118] [ 100/0.444680]
  0  10 250, 0.472630 [0.354312/40.590126] [ 150/0.444680]
  0  10 300, 0.487360 [0.285146/40.499209] [ 200/0.444680]
  0  10 350, 0.494428 [0.340290/40.407096] [ 250/0.444680]
Epoch 10 done. Evaluation:
(42835, 50000)
(7921, 10000)
  0  11  50, 0.450356 [0.292462/40.245708] [ 341/0.444680]
  0  11 100, 0.428966 [0.332166/40.158057] [   0/0.428966]
  0  11 150, 0.461912 [0.393406/40.071747] [  50/0.428966]
  0  11 200, 0.446596 [0.343172/39.987385] [ 100/0.428966]
  0  11 250, 0.455898 [0.337691/39.902856] [ 150/0.428966]
  0  11 300, 0.476079 [0.390684/39.819255] [ 200/0.428966]
  0  11 350, 0.480005 [0.365137/39.733944] [ 250/0.428966]
Epoch 11 done. Evaluation:
(43122, 50000)
(7297, 10000)
  0  12  50, 0.429905 [0.314117/39.588808] [ 341/0.428966]
  0  12 100, 0.443723 [0.344795/39.511282] [ 391/0.428966]
  0  12 150, 0.428169 [0.359666/39.435729] [   0/0.428169]
  0  12 200, 0.467865 [0.386757/39.359080] [  50/0.428169]
  0  12 250, 0.456094 [0.350530/39.280888] [ 100/0.428169]
  0  12 300, 0.471375 [0.321988/39.204060] [ 150/0.428169]
  0  12 350, 0.460310 [0.290704/39.130402] [ 200/0.428169]
Epoch 12 done. Evaluation:
(43189, 50000)
(7474, 10000)
  0  13  50, 0.390231 [0.396981/38.996175] [   0/0.390231]
  0  13 100, 0.422244 [0.369666/38.928533] [  50/0.390231]
  0  13 150, 0.433873 [0.270679/38.858392] [ 100/0.390231]
  0  13 200, 0.457669 [0.285737/38.792789] [ 150/0.390231]
  0  13 250, 0.437193 [0.296632/38.723113] [ 200/0.390231]
  0  13 300, 0.456090 [0.317417/38.653566] [ 250/0.390231]
  0  13 350, 0.465589 [0.312669/38.587704] [ 300/0.390231]
Epoch 13 done. Evaluation:
(43396, 50000)
(7645, 10000)
  0  14  50, 0.399720 [0.421802/38.464981] [ 391/0.390231]
  0  14 100, 0.411729 [0.300254/38.403639] [ 441/0.390231]
  0  14 150, 0.432360 [0.437825/38.339316] [ 491/0.390231]
  0  14 200, 0.460730 [0.374578/38.275974] [ 541/0.390231]
  0  14 250, 0.441128 [0.390931/38.218439] [ 591/0.390231]
  0  14 300, 0.426613 [0.367144/38.157803] [ 641/0.390231]
  0  14 350, 0.457539 [0.271665/38.097558] [ 691/0.390231]
Epoch 14 done. Evaluation:
(43531, 50000)
(7639, 10000)
  0  15  50, 0.398432 [0.340807/37.986141] [ 782/0.390231]
  0  15 100, 0.415113 [0.258749/37.931183] [ 832/0.390231]
  0  15 150, 0.408729 [0.344095/37.877283] [ 882/0.390231]
  0  15 200, 0.430381 [0.388169/37.820452] [ 932/0.390231]
  0  15 250, 0.441172 [0.365499/37.767172] [ 982/0.390231]
  0  15 300, 0.455307 [0.330657/37.714510] [1032/0.390231]
  0  15 350, 0.442952 [0.390562/37.656971] [1082/0.390231]
Epoch 15 done. Evaluation:
(43686, 50000)
(7660, 10000)
  0  16  50, 0.372839 [0.381140/37.557080] [   0/0.372839]
  0  16 100, 0.410184 [0.400898/37.508521] [  50/0.372839]
  0  16 150, 0.414736 [0.368192/37.455142] [ 100/0.372839]
  0  16 200, 0.413717 [0.314919/37.409551] [ 150/0.372839]
  0  16 250, 0.437235 [0.324982/37.358220] [ 200/0.372839]
  0  16 300, 0.447341 [0.331666/37.308182] [ 250/0.372839]
  0  16 350, 0.449856 [0.344173/37.257595] [ 300/0.372839]
Epoch 16 done. Evaluation:
(43739, 50000)
(7672, 10000)
  0  17  50, 0.376261 [0.319047/37.174085] [ 391/0.372839]
  0  17 100, 0.410400 [0.295648/37.124709] [ 441/0.372839]
  0  17 150, 0.385793 [0.297141/37.081543] [ 491/0.372839]
  0  17 200, 0.403668 [0.373584/37.031761] [ 541/0.372839]
  0  17 250, 0.424266 [0.362659/36.990151] [ 591/0.372839]
  0  17 300, 0.434670 [0.333898/36.948102] [ 641/0.372839]
  0  17 350, 0.433264 [0.330533/36.898638] [ 691/0.372839]
Epoch 17 done. Evaluation:
(43911, 50000)
(7491, 10000)
  0  18  50, 0.361431 [0.402399/36.814715] [   0/0.361431]
  0  18 100, 0.380964 [0.387079/36.776027] [  50/0.361431]
  0  18 150, 0.412916 [0.252296/36.733735] [ 100/0.361431]
  0  18 200, 0.409904 [0.282387/36.696236] [ 150/0.361431]
  0  18 250, 0.413066 [0.350790/36.655195] [ 200/0.361431]
  0  18 300, 0.427176 [0.329189/36.614449] [ 250/0.361431]
  0  18 350, 0.434088 [0.300006/36.568487] [ 300/0.361431]
Epoch 18 done. Evaluation:
(43980, 50000)
(8209, 10000)
  0  19  50, 0.379816 [0.372716/36.496060] [ 391/0.361431]
  0  19 100, 0.397641 [0.324917/36.460308] [ 441/0.361431]
  0  19 150, 0.387632 [0.345347/36.423520] [ 491/0.361431]
  0  19 200, 0.393508 [0.365770/36.383674] [ 541/0.361431]
  0  19 250, 0.399904 [0.379774/36.346430] [ 591/0.361431]
  0  19 300, 0.428131 [0.386324/36.307591] [ 641/0.361431]
  0  19 350, 0.416580 [0.390276/36.265865] [ 691/0.361431]
Epoch 19 done. Evaluation:
(44053, 50000)
(7535, 10000)
  1   0  50, 0.317916 [0.157001/36.195313] [   0/0.317916]
  1   0 100, 0.286619 [0.189598/36.157976] [   0/0.286619]
  1   0 150, 0.275941 [0.203947/36.122259] [   0/0.275941]
  1   0 200, 0.288622 [0.175701/36.088044] [  50/0.275941]
  1   0 250, 0.291579 [0.187633/36.055456] [ 100/0.275941]
  1   0 300, 0.297913 [0.251689/36.023751] [ 150/0.275941]
  1   0 350, 0.304346 [0.211128/35.993145] [ 200/0.275941]
Epoch 0 done. Evaluation:
(46082, 50000)
(7518, 10000)
  1   1  50, 0.258357 [0.125481/35.935625] [   0/0.258357]
  1   1 100, 0.266314 [0.214618/35.906964] [  50/0.258357]
  1   1 150, 0.254138 [0.188683/35.878095] [   0/0.254138]
  1   1 200, 0.277272 [0.190857/35.850619] [  50/0.254138]
  1   1 250, 0.282696 [0.227980/35.825796] [ 100/0.254138]
  1   1 300, 0.280977 [0.230872/35.799909] [ 150/0.254138]
  1   1 350, 0.289419 [0.200511/35.773971] [ 200/0.254138]
Epoch 1 done. Evaluation:
(46417, 50000)
(7993, 10000)
  1   2  50, 0.251430 [0.255086/35.726993] [   0/0.251430]
  1   2 100, 0.252848 [0.203100/35.702464] [  50/0.251430]
  1   2 150, 0.253857 [0.283287/35.676975] [ 100/0.251430]
  1   2 200, 0.285099 [0.174270/35.654641] [ 150/0.251430]
  1   2 250, 0.272798 [0.178557/35.630923] [ 200/0.251430]
  1   2 300, 0.287243 [0.213537/35.608498] [ 250/0.251430]
  1   2 350, 0.282621 [0.207237/35.585291] [ 300/0.251430]
Epoch 2 done. Evaluation:
(46373, 50000)
(7541, 10000)
  1   3  50, 0.256350 [0.214831/35.543706] [ 391/0.251430]
  1   3 100, 0.232024 [0.186144/35.520694] [   0/0.232024]
  1   3 150, 0.264091 [0.252415/35.498277] [  50/0.232024]
  1   3 200, 0.266190 [0.159442/35.475967] [ 100/0.232024]
  1   3 250, 0.272966 [0.143884/35.453827] [ 150/0.232024]
  1   3 300, 0.290270 [0.252011/35.434132] [ 200/0.232024]
  1   3 350, 0.262549 [0.211347/35.412870] [ 250/0.232024]
Epoch 3 done. Evaluation:
(46505, 50000)
(6968, 10000)
  1   4  50, 0.246323 [0.152975/35.376788] [ 341/0.232024]
  1   4 100, 0.254690 [0.204905/35.358177] [ 391/0.232024]
  1   4 150, 0.269048 [0.173356/35.337377] [ 441/0.232024]
  1   4 200, 0.279825 [0.184350/35.317415] [ 491/0.232024]
  1   4 250, 0.263138 [0.203418/35.297349] [ 541/0.232024]
  1   4 300, 0.279252 [0.248310/35.277341] [ 591/0.232024]
  1   4 350, 0.276071 [0.274534/35.259821] [ 641/0.232024]
Epoch 4 done. Evaluation:
(46432, 50000)
(7429, 10000)
  1   5  50, 0.252039 [0.167650/35.223373] [ 732/0.232024]
  1   5 100, 0.258529 [0.214796/35.204141] [ 782/0.232024]
  1   5 150, 0.251270 [0.198331/35.186002] [ 832/0.232024]
  1   5 200, 0.280305 [0.240635/35.170253] [ 882/0.232024]
  1   5 250, 0.283246 [0.214933/35.153923] [ 932/0.232024]
  1   5 300, 0.257228 [0.261169/35.134999] [ 982/0.232024]
  1   5 350, 0.285789 [0.212433/35.116445] [1032/0.232024]
Epoch 5 done. Evaluation:
(46455, 50000)
(7955, 10000)
  1   6  50, 0.231279 [0.333281/35.081754] [   0/0.231279]
  1   6 100, 0.244580 [0.256913/35.063040] [  50/0.231279]
  1   6 150, 0.261708 [0.238103/35.047405] [ 100/0.231279]
  1   6 200, 0.270916 [0.284270/35.030584] [ 150/0.231279]
  1   6 250, 0.269940 [0.252020/35.014987] [ 200/0.231279]
  1   6 300, 0.275587 [0.238030/35.000236] [ 250/0.231279]
  1   6 350, 0.290445 [0.194204/34.983539] [ 300/0.231279]
Epoch 6 done. Evaluation:
(46505, 50000)
(7646, 10000)
  1   7  50, 0.249522 [0.187505/34.951642] [ 391/0.231279]
  1   7 100, 0.245250 [0.189101/34.933184] [ 441/0.231279]
  1   7 150, 0.244023 [0.216280/34.916509] [ 491/0.231279]
  1   7 200, 0.262972 [0.184858/34.899789] [ 541/0.231279]
  1   7 250, 0.278362 [0.250304/34.884470] [ 591/0.231279]
  1   7 300, 0.265840 [0.221976/34.867229] [ 641/0.231279]
  1   7 350, 0.296511 [0.197016/34.850777] [ 691/0.231279]
Epoch 7 done. Evaluation:
(46496, 50000)
(8139, 10000)
  1   8  50, 0.236652 [0.198063/34.818898] [ 782/0.231279]
  1   8 100, 0.245873 [0.204130/34.801930] [ 832/0.231279]
  1   8 150, 0.252866 [0.261577/34.788488] [ 882/0.231279]
  1   8 200, 0.279983 [0.183471/34.776816] [ 932/0.231279]
  1   8 250, 0.281732 [0.216036/34.762725] [ 982/0.231279]
  1   8 300, 0.266908 [0.271859/34.750808] [1032/0.231279]
  1   8 350, 0.281479 [0.209306/34.734706] [1082/0.231279]
Epoch 8 done. Evaluation:
(46518, 50000)
(7817, 10000)
  1   9  50, 0.231034 [0.207640/34.703767] [   0/0.231034]
  1   9 100, 0.254212 [0.252222/34.689494] [  50/0.231034]
  1   9 150, 0.247833 [0.213777/34.675122] [ 100/0.231034]
  1   9 200, 0.253117 [0.258548/34.661017] [ 150/0.231034]
  1   9 250, 0.257766 [0.255526/34.645632] [ 200/0.231034]
  1   9 300, 0.273681 [0.236218/34.631503] [ 250/0.231034]
  1   9 350, 0.293527 [0.193842/34.617857] [ 300/0.231034]
Epoch 9 done. Evaluation:
(46546, 50000)
(7984, 10000)
  1  10  50, 0.231136 [0.217842/34.591165] [ 391/0.231034]
  1  10 100, 0.249920 [0.217722/34.579498] [ 441/0.231034]
  1  10 150, 0.252417 [0.202265/34.566896] [ 491/0.231034]
  1  10 200, 0.252675 [0.259330/34.554061] [ 541/0.231034]
  1  10 250, 0.265990 [0.212130/34.538620] [ 591/0.231034]
  1  10 300, 0.269834 [0.257753/34.526398] [ 641/0.231034]
  1  10 350, 0.267396 [0.219197/34.511577] [ 691/0.231034]
Epoch 10 done. Evaluation:
(46567, 50000)
(7820, 10000)
  1  11  50, 0.241726 [0.208546/34.483463] [ 782/0.231034]
  1  11 100, 0.225270 [0.227911/34.466963] [   0/0.225270]
  1  11 150, 0.263170 [0.280095/34.456743] [  50/0.225270]
  1  11 200, 0.260906 [0.240275/34.443023] [ 100/0.225270]
  1  11 250, 0.277084 [0.269131/34.429612] [ 150/0.225270]
  1  11 300, 0.264609 [0.305832/34.415849] [ 200/0.225270]
  1  11 350, 0.278534 [0.253463/34.403590] [ 250/0.225270]
Epoch 11 done. Evaluation:
(46575, 50000)
(8138, 10000)
  1  12  50, 0.225689 [0.219475/34.372473] [ 341/0.225270]
  1  12 100, 0.236384 [0.179273/34.360182] [ 391/0.225270]
  1  12 150, 0.243222 [0.237495/34.348260] [ 441/0.225270]
  1  12 200, 0.264763 [0.240817/34.336295] [ 491/0.225270]
  1  12 250, 0.259304 [0.251046/34.320789] [ 541/0.225270]
  1  12 300, 0.278502 [0.234466/34.309627] [ 591/0.225270]
  1  12 350, 0.276600 [0.228336/34.300745] [ 641/0.225270]
Epoch 12 done. Evaluation:
(46622, 50000)
(8045, 10000)
  1  13  50, 0.236229 [0.234524/34.273664] [ 732/0.225270]
  1  13 100, 0.226385 [0.172290/34.258858] [ 782/0.225270]
  1  13 150, 0.245921 [0.262669/34.248168] [ 832/0.225270]
  1  13 200, 0.265051 [0.257943/34.238987] [ 882/0.225270]
  1  13 250, 0.273487 [0.216072/34.225617] [ 932/0.225270]
  1  13 300, 0.279178 [0.242578/34.214063] [ 982/0.225270]
  1  13 350, 0.263353 [0.234701/34.198772] [1032/0.225270]
Epoch 13 done. Evaluation:
(46618, 50000)
(7362, 10000)
  1  14  50, 0.251991 [0.246977/34.181938] [1123/0.225270]
  1  14 100, 0.236584 [0.281074/34.167283] [1173/0.225270]
  1  14 150, 0.252698 [0.227922/34.154952] [1223/0.225270]
  1  14 200, 0.253960 [0.224507/34.143517] [1273/0.225270]
  1  14 250, 0.269587 [0.231434/34.133976] [1323/0.225270]
  1  14 300, 0.262417 [0.240867/34.122840] [1373/0.225270]
  1  14 350, 0.265339 [0.257273/34.111078] [1423/0.225270]
Epoch 14 done. Evaluation:
(46618, 50000)
(7985, 10000)
  1  15  50, 0.232764 [0.312352/34.090148] [1514/0.225270]
  1  15 100, 0.246219 [0.237505/34.078211] [1564/0.225270]
  1  15 150, 0.234415 [0.252360/34.064915] [1614/0.225270]
  1  15 200, 0.262554 [0.230181/34.051862] [1664/0.225270]
  1  15 250, 0.257538 [0.232035/34.041422] [1714/0.225270]
  1  15 300, 0.259532 [0.305576/34.032898] [1764/0.225270]
  1  15 350, 0.267521 [0.291890/34.024291] [1814/0.225270]
Epoch 15 done. Evaluation:
(46672, 50000)
(8348, 10000)
  1  16  50, 0.225650 [0.215891/34.004833] [1905/0.225270]
  1  16 100, 0.236689 [0.162652/33.991770] [1955/0.225270]
  1  16 150, 0.241689 [0.261764/33.980367] [2005/0.225270]
  1  16 200, 0.243640 [0.255736/33.969124] [2055/0.225270]
  1  16 250, 0.256407 [0.280246/33.961097] [2105/0.225270]
  1  16 300, 0.243775 [0.202518/33.948050] [2155/0.225270]
  1  16 350, 0.289271 [0.216552/33.938114] [2205/0.225270]
Epoch 16 done. Evaluation:
(46725, 50000)
(8391, 10000)
  1  17  50, 0.219265 [0.256991/33.914777] [   0/0.219265]
  1  17 100, 0.240869 [0.185783/33.904934] [  50/0.219265]
  1  17 150, 0.252694 [0.222676/33.895617] [ 100/0.219265]
  1  17 200, 0.246398 [0.252720/33.884485] [ 150/0.219265]
  1  17 250, 0.256344 [0.229065/33.873658] [ 200/0.219265]
  1  17 300, 0.253505 [0.283766/33.862565] [ 250/0.219265]
  1  17 350, 0.273854 [0.218847/33.853158] [ 300/0.219265]
Epoch 17 done. Evaluation:
(46791, 50000)
(7267, 10000)
  1  18  50, 0.213763 [0.211484/33.829703] [   0/0.213763]
  1  18 100, 0.238763 [0.240504/33.820389] [  50/0.213763]
  1  18 150, 0.249576 [0.190572/33.808642] [ 100/0.213763]
  1  18 200, 0.246111 [0.184733/33.797792] [ 150/0.213763]
  1  18 250, 0.251813 [0.178653/33.789287] [ 200/0.213763]
  1  18 300, 0.252078 [0.311652/33.781266] [ 250/0.213763]
  1  18 350, 0.271633 [0.161908/33.773017] [ 300/0.213763]
Epoch 18 done. Evaluation:
(46749, 50000)
(7894, 10000)
  1  19  50, 0.219573 [0.283071/33.751945] [ 391/0.213763]
  1  19 100, 0.216625 [0.244103/33.741826] [ 441/0.213763]
  1  19 150, 0.238575 [0.229208/33.731932] [ 491/0.213763]
  1  19 200, 0.261125 [0.256296/33.721215] [ 541/0.213763]
  1  19 250, 0.240579 [0.246459/33.711748] [ 591/0.213763]
  1  19 300, 0.232858 [0.255586/33.699050] [ 641/0.213763]
  1  19 350, 0.267184 [0.201886/33.687851] [ 691/0.213763]
Epoch 19 done. Evaluation:
(46855, 50000)
(8043, 10000)
  2   0  50, 0.182545 [0.073031/33.665017] [   0/0.182545]
  2   0 100, 0.155184 [0.094863/33.649104] [   0/0.155184]
  2   0 150, 0.168226 [0.085581/33.633428] [  50/0.155184]
  2   0 200, 0.159217 [0.075786/33.618398] [ 100/0.155184]
  2   0 250, 0.158570 [0.105409/33.603266] [ 150/0.155184]
  2   0 300, 0.151763 [0.144586/33.588473] [   0/0.151763]
  2   0 350, 0.169143 [0.112963/33.575088] [  50/0.151763]
Epoch 0 done. Evaluation:
(48363, 50000)
(8481, 10000)
  2   1  50, 0.135394 [0.093491/33.546988] [   0/0.135394]
  2   1 100, 0.132775 [0.048045/33.531738] [   0/0.132775]
  2   1 150, 0.128705 [0.153560/33.516089] [   0/0.128705]
  2   1 200, 0.132437 [0.115406/33.501350] [  50/0.128705]
  2   1 250, 0.128820 [0.092839/33.485883] [ 100/0.128705]
  2   1 300, 0.133478 [0.103463/33.472705] [ 150/0.128705]
  2   1 350, 0.141365 [0.171381/33.459938] [ 200/0.128705]
Epoch 1 done. Evaluation:
(48780, 50000)
(8440, 10000)
  2   2  50, 0.134635 [0.113428/33.435511] [ 291/0.128705]
  2   2 100, 0.120750 [0.057388/33.420098] [   0/0.120750]
  2   2 150, 0.131159 [0.116913/33.407781] [  50/0.120750]
  2   2 200, 0.132151 [0.169030/33.394844] [ 100/0.120750]
  2   2 250, 0.140024 [0.085631/33.382709] [ 150/0.120750]
  2   2 300, 0.131385 [0.120837/33.369522] [ 200/0.120750]
  2   2 350, 0.130346 [0.063741/33.356965] [ 250/0.120750]
Epoch 2 done. Evaluation:
(48785, 50000)
(8297, 10000)
  2   3  50, 0.129697 [0.109896/33.336195] [ 341/0.120750]
  2   3 100, 0.118188 [0.174175/33.323873] [   0/0.118188]
  2   3 150, 0.138935 [0.118393/33.313929] [  50/0.118188]
  2   3 200, 0.129818 [0.109200/33.301966] [ 100/0.118188]
  2   3 250, 0.135015 [0.068248/33.290361] [ 150/0.118188]
  2   3 300, 0.153992 [0.128328/33.280987] [ 200/0.118188]
  2   3 350, 0.146058 [0.104078/33.270140] [ 250/0.118188]
Epoch 3 done. Evaluation:
(48679, 50000)
(8436, 10000)
  2   4  50, 0.124236 [0.101406/33.248419] [ 341/0.118188]
  2   4 100, 0.128174 [0.128917/33.236607] [ 391/0.118188]
  2   4 150, 0.135435 [0.084865/33.226132] [ 441/0.118188]
  2   4 200, 0.143510 [0.106253/33.215529] [ 491/0.118188]
  2   4 250, 0.132867 [0.132036/33.204999] [ 541/0.118188]
  2   4 300, 0.146548 [0.114256/33.194653] [ 591/0.118188]
  2   4 350, 0.140476 [0.074064/33.184493] [ 641/0.118188]
Epoch 4 done. Evaluation:
(48700, 50000)
(8091, 10000)
  2   5  50, 0.134927 [0.161899/33.166993] [ 732/0.118188]
  2   5 100, 0.120776 [0.106189/33.155017] [ 782/0.118188]
  2   5 150, 0.125847 [0.123049/33.143813] [ 832/0.118188]
  2   5 200, 0.142683 [0.105851/33.134861] [ 882/0.118188]
  2   5 250, 0.140034 [0.135002/33.125142] [ 932/0.118188]
  2   5 300, 0.157700 [0.109326/33.117207] [ 982/0.118188]
  2   5 350, 0.142992 [0.121641/33.109176] [1032/0.118188]
Epoch 5 done. Evaluation:
(48652, 50000)
(8347, 10000)
  2   6  50, 0.139901 [0.113574/33.091328] [1123/0.118188]
  2   6 100, 0.130925 [0.109744/33.080284] [1173/0.118188]
  2   6 150, 0.123231 [0.124993/33.069645] [1223/0.118188]
  2   6 200, 0.152242 [0.090509/33.062464] [1273/0.118188]
  2   6 250, 0.139327 [0.120116/33.054315] [1323/0.118188]
  2   6 300, 0.163036 [0.112084/33.047401] [1373/0.118188]
  2   6 350, 0.145473 [0.159924/33.039064] [1423/0.118188]
Epoch 6 done. Evaluation:
(48619, 50000)
(8335, 10000)
  2   7  50, 0.132064 [0.084550/33.022077] [1514/0.118188]
  2   7 100, 0.131352 [0.133299/33.011894] [1564/0.118188]
  2   7 150, 0.151929 [0.177564/33.004938] [1614/0.118188]
  2   7 200, 0.146841 [0.138002/32.996414] [1664/0.118188]
  2   7 250, 0.149761 [0.031434/32.987920] [1714/0.118188]
  2   7 300, 0.135409 [0.094935/32.979126] [1764/0.118188]
  2   7 350, 0.160325 [0.186226/32.973485] [1814/0.118188]
Epoch 7 done. Evaluation:
(48562, 50000)
(8314, 10000)
  2   8  50, 0.128235 [0.084676/32.957109] [1905/0.118188]
  2   8 100, 0.133542 [0.144052/32.947814] [1955/0.118188]
  2   8 150, 0.139337 [0.146632/32.939504] [2005/0.118188]
  2   8 200, 0.139847 [0.075046/32.931091] [2055/0.118188]
  2   8 250, 0.138398 [0.112669/32.922534] [2105/0.118188]
  2   8 300, 0.151013 [0.160727/32.915284] [2155/0.118188]
  2   8 350, 0.164251 [0.077025/32.909247] [2205/0.118188]
Epoch 8 done. Evaluation:
(48490, 50000)
(8425, 10000)
  2   9  50, 0.125735 [0.126658/32.894658] [2296/0.118188]
  2   9 100, 0.142327 [0.128300/32.886992] [2346/0.118188]
  2   9 150, 0.144145 [0.085290/32.879032] [2396/0.118188]
  2   9 200, 0.139678 [0.132623/32.869693] [2446/0.118188]
  2   9 250, 0.153278 [0.073521/32.862042] [2496/0.118188]
  2   9 300, 0.171731 [0.160062/32.855471] [2546/0.118188]
  2   9 350, 0.161711 [0.166170/32.848778] [2596/0.118188]
Epoch 9 done. Evaluation:
(48469, 50000)
(7994, 10000)
  2  10  50, 0.133424 [0.245198/32.835686] [2687/0.118188]
  2  10 100, 0.146402 [0.153969/32.828241] [2737/0.118188]
  2  10 150, 0.142313 [0.125303/32.819508] [2787/0.118188]
  2  10 200, 0.146470 [0.113517/32.812650] [2837/0.118188]
  2  10 250, 0.155377 [0.132812/32.806892] [2887/0.118188]
  2  10 300, 0.156775 [0.157890/32.801250] [2937/0.118188]
  2  10 350, 0.161741 [0.144110/32.795807] [2987/0.118188]
Epoch 10 done. Evaluation:
(48420, 50000)
(8152, 10000)
  2  11  50, 0.135343 [0.129455/32.780798] [3078/0.118188]
  2  11 100, 0.155217 [0.187658/32.773530] [3128/0.118188]
  2  11 150, 0.143920 [0.129705/32.766909] [3178/0.118188]
  2  11 200, 0.152825 [0.165713/32.760836] [3228/0.118188]
  2  11 250, 0.160117 [0.123658/32.754515] [3278/0.118188]
  2  11 300, 0.152943 [0.217382/32.748059] [3328/0.118188]
  2  11 350, 0.162996 [0.155579/32.740866] [3378/0.118188]
Epoch 11 done. Evaluation:
(48403, 50000)
(8285, 10000)
  2  12  50, 0.132882 [0.128045/32.726149] [3469/0.118188]
  2  12 100, 0.144425 [0.162846/32.719235] [3519/0.118188]
  2  12 150, 0.146964 [0.097670/32.712846] [3569/0.118188]
  2  12 200, 0.164940 [0.196486/32.705994] [3619/0.118188]
  2  12 250, 0.155742 [0.128826/32.700067] [3669/0.118188]
  2  12 300, 0.156526 [0.168516/32.693227] [3719/0.118188]
  2  12 350, 0.164929 [0.142233/32.688261] [3769/0.118188]
Epoch 12 done. Evaluation:
(48417, 50000)
(8373, 10000)
  2  13  50, 0.141050 [0.101546/32.676706] [3860/0.118188]
  2  13 100, 0.128786 [0.088560/32.667514] [3910/0.118188]
  2  13 150, 0.140524 [0.130534/32.658954] [3960/0.118188]
  2  13 200, 0.146004 [0.115180/32.652911] [4010/0.118188]
  2  13 250, 0.152798 [0.141494/32.646830] [4060/0.118188]
  2  13 300, 0.153502 [0.162212/32.639823] [4110/0.118188]
  2  13 350, 0.164751 [0.202009/32.634128] [4160/0.118188]
Epoch 13 done. Evaluation:
(48454, 50000)
(8247, 10000)
  2  14  50, 0.144091 [0.181385/32.623380] [4251/0.118188]
  2  14 100, 0.142053 [0.142286/32.614772] [4301/0.118188]
  2  14 150, 0.136371 [0.143561/32.608294] [4351/0.118188]
  2  14 200, 0.150595 [0.125872/32.601912] [4401/0.118188]
  2  14 250, 0.144524 [0.083483/32.594232] [4451/0.118188]
  2  14 300, 0.159452 [0.138029/32.588778] [4501/0.118188]
  2  14 350, 0.163322 [0.102932/32.582771] [4551/0.118188]
Epoch 14 done. Evaluation:
(48468, 50000)
(7969, 10000)
  2  15  50, 0.136234 [0.108382/32.570636] [4642/0.118188]
  2  15 100, 0.141144 [0.110865/32.563285] [4692/0.118188]
  2  15 150, 0.137527 [0.149412/32.557320] [4742/0.118188]
  2  15 200, 0.153865 [0.132088/32.551425] [4792/0.118188]
  2  15 250, 0.152382 [0.173167/32.545493] [4842/0.118188]
  2  15 300, 0.151452 [0.143004/32.538799] [4892/0.118188]
  2  15 350, 0.179854 [0.147398/32.534318] [4942/0.118188]
Epoch 15 done. Evaluation:
(48358, 50000)
(8262, 10000)
  2  16  50, 0.145404 [0.142963/32.523269] [5033/0.118188]
  2  16 100, 0.140679 [0.091790/32.516165] [5083/0.118188]
  2  16 150, 0.161423 [0.175937/32.511278] [5133/0.118188]
  2  16 200, 0.155481 [0.110508/32.505367] [5183/0.118188]
  2  16 250, 0.153149 [0.088855/32.498086] [5233/0.118188]
  2  16 300, 0.156868 [0.164567/32.491951] [5283/0.118188]
  2  16 350, 0.156948 [0.130914/32.486100] [5333/0.118188]
Epoch 16 done. Evaluation:
(48432, 50000)
(8263, 10000)
  2  17  50, 0.141486 [0.228367/32.472254] [5424/0.118188]
  2  17 100, 0.146106 [0.110721/32.465618] [5474/0.118188]
  2  17 150, 0.130621 [0.147085/32.457337] [5524/0.118188]
  2  17 200, 0.145001 [0.107832/32.451041] [5574/0.118188]
  2  17 250, 0.162533 [0.186736/32.444821] [5624/0.118188]
  2  17 300, 0.161816 [0.124599/32.440035] [5674/0.118188]
  2  17 350, 0.175112 [0.168210/32.436184] [5724/0.118188]
Epoch 17 done. Evaluation:
(48385, 50000)
(7530, 10000)
  2  18  50, 0.144598 [0.189192/32.424826] [5815/0.118188]
  2  18 100, 0.144765 [0.150016/32.418616] [5865/0.118188]
  2  18 150, 0.147102 [0.186609/32.412958] [5915/0.118188]
  2  18 200, 0.153952 [0.087145/32.406607] [5965/0.118188]
  2  18 250, 0.163321 [0.156888/32.403478] [6015/0.118188]
  2  18 300, 0.159524 [0.133151/32.398981] [6065/0.118188]
  2  18 350, 0.160778 [0.197536/32.394186] [6115/0.118188]
Epoch 18 done. Evaluation:
(48349, 50000)
(7986, 10000)
  2  19  50, 0.151378 [0.103666/32.384657] [6206/0.118188]
  2  19 100, 0.142175 [0.153572/32.377096] [6256/0.118188]
  2  19 150, 0.154035 [0.189462/32.370204] [6306/0.118188]
  2  19 200, 0.142263 [0.168965/32.364991] [6356/0.118188]
  2  19 250, 0.168540 [0.130660/32.360168] [6406/0.118188]
  2  19 300, 0.162045 [0.125038/32.353985] [6456/0.118188]
  2  19 350, 0.144762 [0.171392/32.347874] [6506/0.118188]
Epoch 19 done. Evaluation:
(48433, 50000)
(8084, 10000)
  3   0  50, 0.113881 [0.063439/32.336077] [   0/0.113881]
  3   0 100, 0.106891 [0.064919/32.328096] [   0/0.106891]
  3   0 150, 0.102961 [0.085332/32.320157] [   0/0.102961]
  3   0 200, 0.100068 [0.045590/32.312153] [   0/0.100068]
  3   0 250, 0.088763 [0.037897/32.303562] [   0/0.088763]
  3   0 300, 0.096789 [0.048359/32.295573] [  50/0.088763]
  3   0 350, 0.101384 [0.057515/32.288008] [ 100/0.088763]
Epoch 0 done. Evaluation:
(49298, 50000)
(8632, 10000)
  3   1  50, 0.079374 [0.014528/32.272839] [   0/0.079374]
  3   1 100, 0.082357 [0.022404/32.264180] [  50/0.079374]
  3   1 150, 0.081949 [0.024313/32.255450] [ 100/0.079374]
  3   1 200, 0.080201 [0.038829/32.246994] [ 150/0.079374]
  3   1 250, 0.081186 [0.046765/32.238476] [ 200/0.079374]
  3   1 300, 0.084450 [0.044918/32.230201] [ 250/0.079374]
  3   1 350, 0.076978 [0.016741/32.221802] [   0/0.076978]
Epoch 1 done. Evaluation:
(49653, 50000)
(7951, 10000)
  3   2  50, 0.081789 [0.029516/32.206972] [  91/0.076978]
  3   2 100, 0.071926 [0.032602/32.198065] [   0/0.071926]
  3   2 150, 0.070954 [0.009480/32.189300] [   0/0.070954]
  3   2 200, 0.071264 [0.014186/32.180462] [  50/0.070954]
  3   2 250, 0.069608 [0.015910/32.171579] [   0/0.069608]
  3   2 300, 0.071859 [0.027577/32.162970] [  50/0.069608]
  3   2 350, 0.072105 [0.027481/32.154623] [ 100/0.069608]
Epoch 2 done. Evaluation:
(49798, 50000)
(8700, 10000)
  3   3  50, 0.071318 [0.012482/32.139225] [ 191/0.069608]
  3   3 100, 0.065098 [0.014271/32.130442] [   0/0.065098]
  3   3 150, 0.069106 [0.014278/32.121850] [  50/0.065098]
  3   3 200, 0.065714 [0.026494/32.113217] [ 100/0.065098]
  3   3 250, 0.068258 [0.043049/32.104621] [ 150/0.065098]
  3   3 300, 0.071497 [0.057070/32.096648] [ 200/0.065098]
  3   3 350, 0.070414 [0.027390/32.088020] [ 250/0.065098]
Epoch 3 done. Evaluation:
(49847, 50000)
(8584, 10000)
  3   4  50, 0.065803 [0.027658/32.072881] [ 341/0.065098]
  3   4 100, 0.065448 [0.014532/32.064179] [ 391/0.065098]
  3   4 150, 0.063608 [0.007747/32.055656] [   0/0.063608]
  3   4 200, 0.068046 [0.036090/32.047084] [  50/0.063608]
  3   4 250, 0.065187 [0.014581/32.038589] [ 100/0.063608]
  3   4 300, 0.067742 [0.014128/32.030513] [ 150/0.063608]
  3   4 350, 0.061699 [0.048525/32.021952] [   0/0.061699]
Epoch 4 done. Evaluation:
(49892, 50000)
(8592, 10000)
  3   5  50, 0.060883 [0.011970/32.006574] [   0/0.060883]
  3   5 100, 0.062735 [0.029871/31.997812] [  50/0.060883]
  3   5 150, 0.066003 [0.007493/31.989621] [ 100/0.060883]
  3   5 200, 0.061433 [0.017413/31.981155] [ 150/0.060883]
  3   5 250, 0.066536 [0.055561/31.973154] [ 200/0.060883]
  3   5 300, 0.065999 [0.027232/31.965190] [ 250/0.060883]
  3   5 350, 0.066192 [0.011204/31.957044] [ 300/0.060883]
Epoch 5 done. Evaluation:
(49904, 50000)
(8646, 10000)
  3   6  50, 0.067923 [0.014295/31.942984] [ 391/0.060883]
  3   6 100, 0.064195 [0.016093/31.934955] [ 441/0.060883]
  3   6 150, 0.063382 [0.044292/31.926961] [ 491/0.060883]
  3   6 200, 0.064987 [0.019778/31.918842] [ 541/0.060883]
  3   6 250, 0.062425 [0.028774/31.910664] [ 591/0.060883]
  3   6 300, 0.066177 [0.021820/31.902714] [ 641/0.060883]
  3   6 350, 0.064970 [0.019959/31.895050] [ 691/0.060883]
Epoch 6 done. Evaluation:
(49912, 50000)
(8611, 10000)
  3   7  50, 0.066642 [0.033960/31.881142] [ 782/0.060883]
  3   7 100, 0.064867 [0.025126/31.873339] [ 832/0.060883]
  3   7 150, 0.066753 [0.066093/31.866250] [ 882/0.060883]
  3   7 200, 0.064837 [0.059020/31.858712] [ 932/0.060883]
  3   7 250, 0.068399 [0.009557/31.850939] [ 982/0.060883]
  3   7 300, 0.064816 [0.031062/31.843214] [1032/0.060883]
  3   7 350, 0.066318 [0.062501/31.836144] [1082/0.060883]
Epoch 7 done. Evaluation:
(49896, 50000)
(7945, 10000)
  3   8  50, 0.077305 [0.042437/31.824082] [1173/0.060883]
  3   8 100, 0.061211 [0.013989/31.815969] [1223/0.060883]
  3   8 150, 0.069204 [0.016570/31.809008] [1273/0.060883]
  3   8 200, 0.067475 [0.023667/31.801866] [1323/0.060883]
  3   8 250, 0.071347 [0.041521/31.795344] [1373/0.060883]
  3   8 300, 0.072761 [0.067282/31.789004] [1423/0.060883]
  3   8 350, 0.072333 [0.042775/31.782732] [1473/0.060883]
Epoch 8 done. Evaluation:
(49807, 50000)
(8265, 10000)
  3   9  50, 0.075037 [0.053273/31.771690] [1564/0.060883]
  3   9 100, 0.074896 [0.047766/31.766097] [1614/0.060883]
  3   9 150, 0.074877 [0.013575/31.760478] [1664/0.060883]
  3   9 200, 0.075752 [0.081924/31.754558] [1714/0.060883]
  3   9 250, 0.079985 [0.018476/31.749037] [1764/0.060883]
  3   9 300, 0.079668 [0.047008/31.743519] [1814/0.060883]
  3   9 350, 0.092451 [0.103378/31.739449] [1864/0.060883]
Epoch 9 done. Evaluation:
(49662, 50000)
(8588, 10000)
  3  10  50, 0.082722 [0.032147/31.730559] [1955/0.060883]
  3  10 100, 0.086642 [0.017600/31.725605] [2005/0.060883]
  3  10 150, 0.083244 [0.108209/31.720315] [2055/0.060883]
  3  10 200, 0.086084 [0.071310/31.715432] [2105/0.060883]
  3  10 250, 0.090724 [0.102338/31.711186] [2155/0.060883]
  3  10 300, 0.092352 [0.128498/31.707048] [2205/0.060883]
  3  10 350, 0.098161 [0.058202/31.702819] [2255/0.060883]
Epoch 10 done. Evaluation:
(49497, 50000)
(8529, 10000)
  3  11  50, 0.092184 [0.037668/31.695115] [2346/0.060883]
  3  11 100, 0.077724 [0.045242/31.689041] [2396/0.060883]
  3  11 150, 0.087813 [0.116287/31.684013] [2446/0.060883]
  3  11 200, 0.088070 [0.059283/31.679292] [2496/0.060883]
  3  11 250, 0.092757 [0.097444/31.675119] [2546/0.060883]
  3  11 300, 0.101676 [0.091922/31.671610] [2596/0.060883]
  3  11 350, 0.093356 [0.062513/31.667251] [2646/0.060883]
Epoch 11 done. Evaluation:
(49438, 50000)
(8486, 10000)
  3  12  50, 0.098140 [0.042592/31.661052] [2737/0.060883]
  3  12 100, 0.100240 [0.095579/31.657023] [2787/0.060883]
  3  12 150, 0.092906 [0.107168/31.652798] [2837/0.060883]
  3  12 200, 0.104293 [0.115874/31.649020] [2887/0.060883]
  3  12 250, 0.109890 [0.084013/31.645110] [2937/0.060883]
  3  12 300, 0.103347 [0.084751/31.641145] [2987/0.060883]
  3  12 350, 0.105298 [0.061163/31.637943] [3037/0.060883]
Epoch 12 done. Evaluation:
(49305, 50000)
(8363, 10000)
  3  13  50, 0.103483 [0.053195/31.630319] [3128/0.060883]
  3  13 100, 0.088664 [0.079841/31.625498] [3178/0.060883]
  3  13 150, 0.091694 [0.094691/31.620415] [3228/0.060883]
  3  13 200, 0.096125 [0.073575/31.615733] [3278/0.060883]
  3  13 250, 0.106256 [0.031208/31.612602] [3328/0.060883]
  3  13 300, 0.098253 [0.067455/31.608508] [3378/0.060883]
  3  13 350, 0.098334 [0.108809/31.604421] [3428/0.060883]
Epoch 13 done. Evaluation:
(49328, 50000)
(8108, 10000)
  3  14  50, 0.099501 [0.124242/31.597870] [3519/0.060883]
  3  14 100, 0.096008 [0.109538/31.593154] [3569/0.060883]
  3  14 150, 0.096504 [0.046530/31.589650] [3619/0.060883]
  3  14 200, 0.103026 [0.066425/31.586247] [3669/0.060883]
  3  14 250, 0.102283 [0.051588/31.582105] [3719/0.060883]
  3  14 300, 0.102656 [0.077179/31.577608] [3769/0.060883]
  3  14 350, 0.101526 [0.071181/31.573622] [3819/0.060883]
Epoch 14 done. Evaluation:
(49274, 50000)
(8138, 10000)
  3  15  50, 0.089092 [0.068089/31.565949] [3910/0.060883]
  3  15 100, 0.089632 [0.061537/31.561159] [3960/0.060883]
  3  15 150, 0.098444 [0.039301/31.557234] [4010/0.060883]
  3  15 200, 0.099676 [0.085533/31.553693] [4060/0.060883]
  3  15 250, 0.116069 [0.093427/31.550962] [4110/0.060883]
  3  15 300, 0.113361 [0.021478/31.547711] [4160/0.060883]
  3  15 350, 0.101152 [0.109290/31.543993] [4210/0.060883]
Epoch 15 done. Evaluation:
(49257, 50000)
(8052, 10000)
  3  16  50, 0.095517 [0.102646/31.537009] [4301/0.060883]
  3  16 100, 0.088358 [0.060207/31.531561] [4351/0.060883]
  3  16 150, 0.093772 [0.105197/31.527180] [4401/0.060883]
  3  16 200, 0.102541 [0.057353/31.522973] [4451/0.060883]
  3  16 250, 0.116154 [0.080293/31.519777] [4501/0.060883]
  3  16 300, 0.105024 [0.085137/31.516529] [4551/0.060883]
  3  16 350, 0.100912 [0.038381/31.512546] [4601/0.060883]
Epoch 16 done. Evaluation:
(49286, 50000)
(8463, 10000)
  3  17  50, 0.088038 [0.070601/31.504894] [4692/0.060883]
  3  17 100, 0.088707 [0.050651/31.500038] [4742/0.060883]
  3  17 150, 0.094376 [0.057946/31.495667] [4792/0.060883]
  3  17 200, 0.093678 [0.052072/31.491279] [4842/0.060883]
  3  17 250, 0.095094 [0.098833/31.486764] [4892/0.060883]
  3  17 300, 0.096075 [0.098036/31.482339] [4942/0.060883]
  3  17 350, 0.108289 [0.114026/31.478907] [4992/0.060883]
Epoch 17 done. Evaluation:
(49365, 50000)
(8330, 10000)
  3  18  50, 0.094017 [0.046062/31.471638] [5083/0.060883]
  3  18 100, 0.104036 [0.104139/31.468129] [5133/0.060883]
  3  18 150, 0.105337 [0.114736/31.464453] [5183/0.060883]
  3  18 200, 0.104407 [0.064322/31.460490] [5233/0.060883]
  3  18 250, 0.100832 [0.051273/31.456899] [5283/0.060883]
  3  18 300, 0.097705 [0.043693/31.452226] [5333/0.060883]
  3  18 350, 0.108401 [0.076325/31.448843] [5383/0.060883]
Epoch 18 done. Evaluation:
(49252, 50000)
(8388, 10000)
  3  19  50, 0.091751 [0.069116/31.441098] [5474/0.060883]
  3  19 100, 0.099581 [0.054176/31.436541] [5524/0.060883]
  3  19 150, 0.100282 [0.058526/31.432846] [5574/0.060883]
  3  19 200, 0.098613 [0.097757/31.428582] [5624/0.060883]
  3  19 250, 0.102066 [0.044243/31.424739] [5674/0.060883]
  3  19 300, 0.106308 [0.091000/31.421662] [5724/0.060883]
  3  19 350, 0.093488 [0.022761/31.416972] [5774/0.060883]
Epoch 19 done. Evaluation:
(49298, 50000)
(8431, 10000)
  4   0  50, 0.081204 [0.022791/31.410812] [5865/0.060883]
  4   0 100, 0.073621 [0.031486/31.407003] [5915/0.060883]
  4   0 150, 0.071717 [0.008428/31.403049] [5965/0.060883]
  4   0 200, 0.071840 [0.029416/31.399206] [6015/0.060883]
  4   0 250, 0.072105 [0.022085/31.395302] [6065/0.060883]
  4   0 300, 0.067492 [0.031502/31.391367] [6115/0.060883]
  4   0 350, 0.069454 [0.013349/31.387404] [6165/0.060883]
Epoch 0 done. Evaluation:
(49784, 50000)
(8681, 10000)
  4   1  50, 0.062689 [0.009279/31.379958] [6256/0.060883]
  4   1 100, 0.063581 [0.015606/31.375884] [6306/0.060883]
  4   1 150, 0.066160 [0.015965/31.371960] [6356/0.060883]
  4   1 200, 0.066503 [0.013847/31.367963] [6406/0.060883]
  4   1 250, 0.065448 [0.016691/31.363857] [6456/0.060883]
  4   1 300, 0.063895 [0.023282/31.359855] [6506/0.060883]
  4   1 350, 0.062609 [0.005490/31.355846] [6556/0.060883]
Epoch 1 done. Evaluation:
(49897, 50000)
(8677, 10000)
  4   2  50, 0.061750 [0.015191/31.348325] [6647/0.060883]
  4   2 100, 0.061875 [0.010050/31.344265] [6697/0.060883]
  4   2 150, 0.060390 [0.005156/31.340216] [   0/0.060390]
  4   2 200, 0.061544 [0.007132/31.336209] [  50/0.060390]
  4   2 250, 0.061403 [0.029679/31.332245] [ 100/0.060390]
  4   2 300, 0.058643 [0.018936/31.328101] [   0/0.058643]
  4   2 350, 0.062664 [0.005523/31.324280] [  50/0.058643]
Epoch 2 done. Evaluation:
(49946, 50000)
(8669, 10000)
  4   3  50, 0.058224 [0.002091/31.316912] [   0/0.058224]
  4   3 100, 0.059010 [0.014797/31.312773] [  50/0.058224]
  4   3 150, 0.056869 [0.008346/31.308589] [   0/0.056869]
  4   3 200, 0.057956 [0.005803/31.304480] [  50/0.056869]
  4   3 250, 0.057613 [0.003779/31.300378] [ 100/0.056869]
  4   3 300, 0.058395 [0.016175/31.296333] [ 150/0.056869]
  4   3 350, 0.057698 [0.005506/31.292332] [ 200/0.056869]
Epoch 3 done. Evaluation:
(49974, 50000)
(8715, 10000)
  4   4  50, 0.058264 [0.003929/31.285040] [ 291/0.056869]
  4   4 100, 0.055592 [0.007034/31.280949] [   0/0.055592]
  4   4 150, 0.058836 [0.002574/31.277062] [  50/0.055592]
  4   4 200, 0.059312 [0.011028/31.273204] [ 100/0.055592]
  4   4 250, 0.058042 [0.012456/31.269233] [ 150/0.055592]
  4   4 300, 0.058777 [0.007446/31.265250] [ 200/0.055592]
  4   4 350, 0.057891 [0.006833/31.261307] [ 250/0.055592]
Epoch 4 done. Evaluation:
(49980, 50000)
(8695, 10000)
  4   5  50, 0.058536 [0.007215/31.254262] [ 341/0.055592]
  4   5 100, 0.059568 [0.013645/31.250463] [ 391/0.055592]
  4   5 150, 0.061493 [0.002904/31.246711] [ 441/0.055592]
  4   5 200, 0.060639 [0.012482/31.242951] [ 491/0.055592]
  4   5 250, 0.058502 [0.007595/31.239133] [ 541/0.055592]
  4   5 300, 0.060166 [0.011891/31.235355] [ 591/0.055592]
  4   5 350, 0.059443 [0.006637/31.231616] [ 641/0.055592]
Epoch 5 done. Evaluation:
(49972, 50000)
(8703, 10000)
  4   6  50, 0.057897 [0.010740/31.224650] [ 732/0.055592]
  4   6 100, 0.059769 [0.003887/31.220921] [ 782/0.055592]
  4   6 150, 0.058342 [0.007533/31.217094] [ 832/0.055592]
  4   6 200, 0.059398 [0.002921/31.213369] [ 882/0.055592]
  4   6 250, 0.058462 [0.016517/31.209586] [ 932/0.055592]
  4   6 300, 0.057970 [0.004500/31.205759] [ 982/0.055592]
  4   6 350, 0.059457 [0.005600/31.202038] [1032/0.055592]
Epoch 6 done. Evaluation:
(49972, 50000)
(8673, 10000)
  4   7  50, 0.060480 [0.004705/31.195452] [1123/0.055592]
  4   7 100, 0.055467 [0.003863/31.191650] [   0/0.055467]
  4   7 150, 0.058436 [0.005678/31.187890] [  50/0.055467]
  4   7 200, 0.062203 [0.004488/31.184369] [ 100/0.055467]
  4   7 250, 0.059933 [0.007825/31.180766] [ 150/0.055467]
  4   7 300, 0.058412 [0.004891/31.177106] [ 200/0.055467]
  4   7 350, 0.058844 [0.014789/31.173458] [ 250/0.055467]
Epoch 7 done. Evaluation:
(49982, 50000)
(8688, 10000)
  4   8  50, 0.056989 [0.004268/31.166782] [ 341/0.055467]
  4   8 100, 0.057944 [0.004641/31.163147] [ 391/0.055467]
  4   8 150, 0.057873 [0.002796/31.159435] [ 441/0.055467]
  4   8 200, 0.060678 [0.002262/31.155963] [ 491/0.055467]
  4   8 250, 0.056560 [0.002589/31.152261] [ 541/0.055467]
  4   8 300, 0.058828 [0.013076/31.148615] [ 591/0.055467]
  4   8 350, 0.058223 [0.015508/31.145009] [ 641/0.055467]
Epoch 8 done. Evaluation:
(49976, 50000)
(8671, 10000)
  4   9  50, 0.058238 [0.003579/31.138658] [ 732/0.055467]
  4   9 100, 0.057811 [0.009040/31.135120] [ 782/0.055467]
  4   9 150, 0.059511 [0.005018/31.131611] [ 832/0.055467]
  4   9 200, 0.057627 [0.005615/31.128037] [ 882/0.055467]
  4   9 250, 0.058190 [0.004917/31.124505] [ 932/0.055467]
  4   9 300, 0.058955 [0.005553/31.120972] [ 982/0.055467]
  4   9 350, 0.058051 [0.009232/31.117482] [1032/0.055467]
Epoch 9 done. Evaluation:
(49980, 50000)
(8618, 10000)
  4  10  50, 0.058341 [0.011900/31.111270] [1123/0.055467]
  4  10 100, 0.057919 [0.005198/31.107704] [1173/0.055467]
  4  10 150, 0.058959 [0.003656/31.104230] [1223/0.055467]
  4  10 200, 0.061222 [0.005888/31.100864] [1273/0.055467]
  4  10 250, 0.057976 [0.003640/31.097346] [1323/0.055467]
  4  10 300, 0.059274 [0.005442/31.093889] [1373/0.055467]
  4  10 350, 0.060212 [0.006697/31.090438] [1423/0.055467]
Epoch 10 done. Evaluation:
(49980, 50000)
(8651, 10000)
  4  11  50, 0.058351 [0.008239/31.084147] [1514/0.055467]
  4  11 100, 0.057921 [0.003702/31.080709] [1564/0.055467]
  4  11 150, 0.056695 [0.009267/31.077171] [1614/0.055467]
  4  11 200, 0.058709 [0.008190/31.073693] [1664/0.055467]
  4  11 250, 0.061603 [0.004941/31.070457] [1714/0.055467]
  4  11 300, 0.059607 [0.014266/31.067133] [1764/0.055467]
  4  11 350, 0.058297 [0.004893/31.063706] [1814/0.055467]
Epoch 11 done. Evaluation:
(49984, 50000)
(8640, 10000)
  4  12  50, 0.057353 [0.005194/31.057551] [1905/0.055467]
  4  12 100, 0.057968 [0.003634/31.054094] [1955/0.055467]
  4  12 150, 0.057987 [0.004220/31.050647] [2005/0.055467]
  4  12 200, 0.059315 [0.007605/31.047298] [2055/0.055467]
  4  12 250, 0.060610 [0.006772/31.043986] [2105/0.055467]
  4  12 300, 0.057106 [0.006225/31.040573] [2155/0.055467]
  4  12 350, 0.058700 [0.003759/31.037202] [2205/0.055467]
Epoch 12 done. Evaluation:
(49986, 50000)
(8633, 10000)
  4  13  50, 0.061402 [0.012356/31.031359] [2296/0.055467]
  4  13 100, 0.057100 [0.006021/31.027970] [2346/0.055467]
  4  13 150, 0.059441 [0.008646/31.024674] [2396/0.055467]
  4  13 200, 0.060338 [0.007285/31.021343] [2446/0.055467]
  4  13 250, 0.057966 [0.010780/31.017989] [2496/0.055467]
  4  13 300, 0.059466 [0.007108/31.014700] [2546/0.055467]
  4  13 350, 0.059008 [0.004528/31.011421] [2596/0.055467]
Epoch 13 done. Evaluation:
(49980, 50000)
(8658, 10000)
  4  14  50, 0.057001 [0.004868/31.005276] [2687/0.055467]
  4  14 100, 0.059236 [0.022031/31.001942] [2737/0.055467]
  4  14 150, 0.059453 [0.005857/30.998645] [2787/0.055467]
  4  14 200, 0.057833 [0.004779/30.995318] [2837/0.055467]
  4  14 250, 0.059932 [0.007865/30.992100] [2887/0.055467]
  4  14 300, 0.059423 [0.021295/30.988863] [2937/0.055467]
  4  14 350, 0.058598 [0.003976/30.985609] [2987/0.055467]
Epoch 14 done. Evaluation:
(49983, 50000)
(8638, 10000)
  4  15  50, 0.058356 [0.004457/30.979647] [3078/0.055467]
  4  15 100, 0.058288 [0.010867/30.976350] [3128/0.055467]
  4  15 150, 0.058481 [0.006107/30.973058] [3178/0.055467]
  4  15 200, 0.058551 [0.015422/30.969799] [3228/0.055467]
  4  15 250, 0.059086 [0.012923/30.966609] [3278/0.055467]
  4  15 300, 0.061012 [0.007939/30.963541] [3328/0.055467]
  4  15 350, 0.060421 [0.007610/30.960407] [3378/0.055467]
Epoch 15 done. Evaluation:
(49984, 50000)
(8624, 10000)
  4  16  50, 0.061048 [0.019325/30.954663] [3469/0.055467]
  4  16 100, 0.060592 [0.004569/30.951464] [3519/0.055467]
  4  16 150, 0.060117 [0.013579/30.948360] [3569/0.055467]
  4  16 200, 0.059779 [0.013344/30.945198] [3619/0.055467]
  4  16 250, 0.059155 [0.013176/30.942010] [3669/0.055467]
  4  16 300, 0.060801 [0.004650/30.938960] [3719/0.055467]
  4  16 350, 0.058592 [0.010281/30.935753] [3769/0.055467]
Epoch 16 done. Evaluation:
(49985, 50000)
(8630, 10000)
  4  17  50, 0.057878 [0.027913/30.929878] [3860/0.055467]
  4  17 100, 0.059619 [0.004262/30.926751] [3910/0.055467]
  4  17 150, 0.059636 [0.040530/30.923650] [3960/0.055467]
  4  17 200, 0.058561 [0.007719/30.920421] [4010/0.055467]
  4  17 250, 0.061777 [0.023437/30.917313] [4060/0.055467]
  4  17 300, 0.059582 [0.019409/30.914211] [4110/0.055467]
  4  17 350, 0.062700 [0.008028/30.911249] [4160/0.055467]
Epoch 17 done. Evaluation:
(49971, 50000)
(8615, 10000)
  4  18  50, 0.057226 [0.005564/30.905408] [4251/0.055467]
  4  18 100, 0.060086 [0.005197/30.902268] [4301/0.055467]
  4  18 150, 0.059783 [0.014767/30.899205] [4351/0.055467]
  4  18 200, 0.067834 [0.010020/30.896622] [4401/0.055467]
  4  18 250, 0.061965 [0.008987/30.893705] [4451/0.055467]
  4  18 300, 0.062065 [0.005820/30.890608] [4501/0.055467]
  4  18 350, 0.059273 [0.010592/30.887496] [4551/0.055467]
Epoch 18 done. Evaluation:
(49967, 50000)
(8602, 10000)
  4  19  50, 0.057536 [0.030070/30.881827] [4642/0.055467]
  4  19 100, 0.058049 [0.013334/30.878624] [4692/0.055467]
  4  19 150, 0.059999 [0.017933/30.875475] [4742/0.055467]
  4  19 200, 0.058622 [0.021786/30.872338] [4792/0.055467]
  4  19 250, 0.061773 [0.009137/30.869424] [4842/0.055467]
  4  19 300, 0.063091 [0.006551/30.866569] [4892/0.055467]
  4  19 350, 0.061907 [0.010733/30.863623] [4942/0.055467]
Epoch 19 done. Evaluation:
(49966, 50000)
(8595, 10000)
  5   0  50, 0.057102 [0.003412/30.859905] [5033/0.055467]
  5   0 100, 0.058098 [0.006675/30.858286] [5083/0.055467]
  5   0 150, 0.060367 [0.002552/30.856736] [5133/0.055467]
  5   0 200, 0.057486 [0.015693/30.855114] [5183/0.055467]
  5   0 250, 0.057857 [0.003932/30.853504] [5233/0.055467]
  5   0 300, 0.061532 [0.004185/30.851922] [5283/0.055467]
  5   0 350, 0.057235 [0.002578/30.850266] [5333/0.055467]
Epoch 0 done. Evaluation:
(49981, 50000)
(8624, 10000)
  5   1  50, 0.058516 [0.004224/30.847373] [5424/0.055467]
  5   1 100, 0.058383 [0.013420/30.845742] [5474/0.055467]
  5   1 150, 0.057899 [0.005301/30.844133] [5524/0.055467]
  5   1 200, 0.058648 [0.006209/30.842518] [5574/0.055467]
  5   1 250, 0.055298 [0.002216/30.840841] [   0/0.055298]
  5   1 300, 0.059494 [0.009907/30.839241] [  50/0.055298]
  5   1 350, 0.058225 [0.006364/30.837658] [ 100/0.055298]
Epoch 1 done. Evaluation:
(49983, 50000)
(8607, 10000)
  5   2  50, 0.055676 [0.003283/30.834703] [ 191/0.055298]
  5   2 100, 0.057669 [0.005507/30.833104] [ 241/0.055298]
  5   2 150, 0.060707 [0.003951/30.831585] [ 291/0.055298]
  5   2 200, 0.059275 [0.005083/30.830007] [ 341/0.055298]
  5   2 250, 0.055900 [0.006977/30.828366] [ 391/0.055298]
  5   2 300, 0.057821 [0.006446/30.826767] [ 441/0.055298]
  5   2 350, 0.058491 [0.004077/30.825123] [ 491/0.055298]
Epoch 2 done. Evaluation:
(49983, 50000)
(8622, 10000)
  5   3  50, 0.058524 [0.002786/30.822247] [ 582/0.055298]
  5   3 100, 0.058220 [0.009059/30.820663] [ 632/0.055298]
  5   3 150, 0.059048 [0.002505/30.819106] [ 682/0.055298]
  5   3 200, 0.056808 [0.005099/30.817502] [ 732/0.055298]
  5   3 250, 0.058811 [0.002203/30.815948] [ 782/0.055298]
  5   3 300, 0.055398 [0.003150/30.814315] [ 832/0.055298]
  5   3 350, 0.057824 [0.001936/30.812723] [ 882/0.055298]
Epoch 3 done. Evaluation:
(49993, 50000)
(8624, 10000)
  5   4  50, 0.056139 [0.002140/30.809799] [ 973/0.055298]
  5   4 100, 0.058108 [0.003084/30.808196] [1023/0.055298]
  5   4 150, 0.057225 [0.004657/30.806573] [1073/0.055298]
  5   4 200, 0.060391 [0.002767/30.805064] [1123/0.055298]
  5   4 250, 0.057275 [0.003330/30.803491] [1173/0.055298]
  5   4 300, 0.059127 [0.003359/30.801942] [1223/0.055298]
  5   4 350, 0.060507 [0.003613/30.800429] [1273/0.055298]
Epoch 4 done. Evaluation:
(49985, 50000)
(8608, 10000)
  5   5  50, 0.058993 [0.003026/30.797573] [1364/0.055298]
  5   5 100, 0.058228 [0.003811/30.796029] [1414/0.055298]
  5   5 150, 0.059825 [0.010319/30.794504] [1464/0.055298]
  5   5 200, 0.056861 [0.005033/30.792909] [1514/0.055298]
  5   5 250, 0.059969 [0.009705/30.791420] [1564/0.055298]
  5   5 300, 0.058095 [0.007353/30.789867] [1614/0.055298]
  5   5 350, 0.058260 [0.003368/30.788318] [1664/0.055298]
Epoch 5 done. Evaluation:
(49983, 50000)
(8600, 10000)
  5   6  50, 0.057495 [0.003694/30.785505] [1755/0.055298]
  5   6 100, 0.057962 [0.003402/30.783933] [1805/0.055298]
  5   6 150, 0.057295 [0.004164/30.782366] [1855/0.055298]
  5   6 200, 0.058978 [0.006940/30.780848] [1905/0.055298]
  5   6 250, 0.058408 [0.004140/30.779293] [1955/0.055298]
  5   6 300, 0.058154 [0.003907/30.777761] [2005/0.055298]
  5   6 350, 0.057688 [0.002115/30.776214] [2055/0.055298]
Epoch 6 done. Evaluation:
(49990, 50000)
(8579, 10000)
  5   7  50, 0.058558 [0.009666/30.773337] [2146/0.055298]
  5   7 100, 0.057060 [0.004823/30.771742] [2196/0.055298]
  5   7 150, 0.056105 [0.003249/30.770156] [2246/0.055298]
  5   7 200, 0.059171 [0.004560/30.768651] [2296/0.055298]
  5   7 250, 0.056930 [0.002272/30.767087] [2346/0.055298]
  5   7 300, 0.057726 [0.006225/30.765541] [2396/0.055298]
  5   7 350, 0.058494 [0.002906/30.764007] [2446/0.055298]
Epoch 7 done. Evaluation:
(49988, 50000)
(8602, 10000)
  5   8  50, 0.059117 [0.005106/30.761256] [2537/0.055298]
  5   8 100, 0.057893 [0.011025/30.759717] [2587/0.055298]
  5   8 150, 0.057952 [0.002392/30.758164] [2637/0.055298]
  5   8 200, 0.059661 [0.003942/30.756659] [2687/0.055298]
  5   8 250, 0.057721 [0.003902/30.755123] [2737/0.055298]
  5   8 300, 0.057160 [0.006349/30.753570] [2787/0.055298]
  5   8 350, 0.057216 [0.005946/30.752006] [2837/0.055298]
Epoch 8 done. Evaluation:
(49991, 50000)
(8612, 10000)
  5   9  50, 0.058675 [0.006755/30.749254] [2928/0.055298]
  5   9 100, 0.059276 [0.004948/30.747755] [2978/0.055298]
  5   9 150, 0.059636 [0.005871/30.746230] [3028/0.055298]
  5   9 200, 0.060956 [0.005965/30.744791] [3078/0.055298]
  5   9 250, 0.059369 [0.004161/30.743323] [3128/0.055298]
  5   9 300, 0.058960 [0.005757/30.741836] [3178/0.055298]
  5   9 350, 0.057593 [0.002857/30.740309] [3228/0.055298]
Epoch 9 done. Evaluation:
(49989, 50000)
(8511, 10000)
  5  10  50, 0.061155 [0.003610/30.737630] [3319/0.055298]
  5  10 100, 0.058994 [0.004762/30.736126] [3369/0.055298]
  5  10 150, 0.059626 [0.004909/30.734652] [3419/0.055298]
  5  10 200, 0.059444 [0.009117/30.733138] [3469/0.055298]
  5  10 250, 0.059295 [0.004186/30.731659] [3519/0.055298]
  5  10 300, 0.056585 [0.008447/30.730108] [3569/0.055298]
  5  10 350, 0.060243 [0.002886/30.728677] [3619/0.055298]
Epoch 10 done. Evaluation:
(49984, 50000)
(8605, 10000)
  5  11  50, 0.056052 [0.002133/30.725852] [3710/0.055298]
  5  11 100, 0.057833 [0.003505/30.724316] [3760/0.055298]
  5  11 150, 0.058506 [0.002898/30.722780] [3810/0.055298]
  5  11 200, 0.057671 [0.003784/30.721262] [3860/0.055298]
  5  11 250, 0.059579 [0.008140/30.719807] [3910/0.055298]
  5  11 300, 0.059941 [0.014352/30.718357] [3960/0.055298]
  5  11 350, 0.060113 [0.008005/30.716875] [4010/0.055298]
Epoch 11 done. Evaluation:
(49986, 50000)
(8584, 10000)
  5  12  50, 0.058130 [0.002681/30.714158] [4101/0.055298]
  5  12 100, 0.057561 [0.004812/30.712638] [4151/0.055298]
  5  12 150, 0.060865 [0.004596/30.711198] [4201/0.055298]
  5  12 200, 0.057913 [0.006091/30.709671] [4251/0.055298]
  5  12 250, 0.058167 [0.004909/30.708147] [4301/0.055298]
  5  12 300, 0.060806 [0.007270/30.706690] [4351/0.055298]
  5  12 350, 0.059929 [0.009708/30.705229] [4401/0.055298]
Epoch 12 done. Evaluation:
(49989, 50000)
(8555, 10000)
  5  13  50, 0.057758 [0.005432/30.702453] [4492/0.055298]
  5  13 100, 0.068912 [0.008832/30.701224] [4542/0.055298]
  5  13 150, 0.059111 [0.003748/30.699764] [4592/0.055298]
  5  13 200, 0.061666 [0.003753/30.698374] [4642/0.055298]
  5  13 250, 0.059940 [0.003876/30.696939] [4692/0.055298]
  5  13 300, 0.059318 [0.006444/30.695489] [4742/0.055298]
  5  13 350, 0.060083 [0.005180/30.694042] [4792/0.055298]
Epoch 13 done. Evaluation:
(49974, 50000)
(8578, 10000)
  5  14  50, 0.059787 [0.004869/30.691413] [4883/0.055298]
  5  14 100, 0.059026 [0.005501/30.689955] [4933/0.055298]
  5  14 150, 0.058459 [0.004069/30.688474] [4983/0.055298]
  5  14 200, 0.060586 [0.002016/30.687045] [5033/0.055298]
  5  14 250, 0.060193 [0.011508/30.685625] [5083/0.055298]
  5  14 300, 0.059720 [0.005258/30.684194] [5133/0.055298]
  5  14 350, 0.059316 [0.006535/30.682742] [5183/0.055298]
Epoch 14 done. Evaluation:
(49986, 50000)
(8302, 10000)
  5  15  50, 0.060188 [0.004782/30.680224] [5274/0.055298]
  5  15 100, 0.058126 [0.002984/30.678738] [5324/0.055298]
  5  15 150, 0.058380 [0.004808/30.677244] [5374/0.055298]
  5  15 200, 0.058512 [0.002234/30.675772] [5424/0.055298]
  5  15 250, 0.057032 [0.014537/30.674261] [5474/0.055298]
  5  15 300, 0.059496 [0.005059/30.672774] [5524/0.055298]
  5  15 350, 0.057506 [0.004370/30.671277] [5574/0.055298]
Epoch 15 done. Evaluation:
(49988, 50000)
(8486, 10000)
  5  16  50, 0.059429 [0.005298/30.668616] [5665/0.055298]
  5  16 100, 0.060575 [0.007216/30.667217] [5715/0.055298]
  5  16 150, 0.057277 [0.003675/30.665698] [5765/0.055298]
  5  16 200, 0.058359 [0.002851/30.664217] [5815/0.055298]
  5  16 250, 0.060030 [0.009315/30.662768] [5865/0.055298]
  5  16 300, 0.056494 [0.005986/30.661238] [5915/0.055298]
  5  16 350, 0.058500 [0.007856/30.659748] [5965/0.055298]
Epoch 16 done. Evaluation:
(49991, 50000)
(8573, 10000)
  5  17  50, 0.057445 [0.003016/30.657045] [6056/0.055298]
  5  17 100, 0.059018 [0.008883/30.655591] [6106/0.055298]
  5  17 150, 0.059259 [0.004573/30.654138] [6156/0.055298]
  5  17 200, 0.056939 [0.009775/30.652606] [6206/0.055298]
  5  17 250, 0.057493 [0.005452/30.651091] [6256/0.055298]
  5  17 300, 0.057656 [0.005552/30.649592] [6306/0.055298]
  5  17 350, 0.059441 [0.008202/30.648169] [6356/0.055298]
Epoch 17 done. Evaluation:
(49995, 50000)
(8541, 10000)
  5  18  50, 0.058144 [0.003127/30.645480] [6447/0.055298]
  5  18 100, 0.059213 [0.002617/30.644002] [6497/0.055298]
  5  18 150, 0.059241 [0.005158/30.642539] [6547/0.055298]
  5  18 200, 0.058499 [0.007590/30.641069] [6597/0.055298]
  5  18 250, 0.057252 [0.004284/30.639578] [6647/0.055298]
  5  18 300, 0.059281 [0.006401/30.638144] [6697/0.055298]
  5  18 350, 0.059297 [0.003151/30.636730] [6747/0.055298]
Epoch 18 done. Evaluation:
(49988, 50000)
(8554, 10000)
  5  19  50, 0.058402 [0.004216/30.634175] [6838/0.055298]
  5  19 100, 0.057867 [0.005404/30.632703] [6888/0.055298]
  5  19 150, 0.058540 [0.003485/30.631250] [6938/0.055298]
  5  19 200, 0.058417 [0.004372/30.629778] [6988/0.055298]
  5  19 250, 0.060498 [0.009318/30.628380] [7038/0.055298]
  5  19 300, 0.058159 [0.014826/30.626907] [7088/0.055298]
  5  19 350, 0.058840 [0.006399/30.625467] [7138/0.055298]
Epoch 19 done. Evaluation:
(49992, 50000)
(8576, 10000)
  6   0  50, 0.057066 [0.001420/30.623500] [7229/0.055298]
  6   0 100, 0.056909 [0.002204/30.622732] [7279/0.055298]
  6   0 150, 0.058080 [0.001712/30.621961] [7329/0.055298]
  6   0 200, 0.056104 [0.001729/30.621192] [7379/0.055298]
  6   0 250, 0.058209 [0.001813/30.620447] [7429/0.055298]
  6   0 300, 0.059029 [0.001504/30.619714] [7479/0.055298]
  6   0 350, 0.057674 [0.001059/30.618946] [7529/0.055298]
Epoch 0 done. Evaluation:
(49989, 50000)
(8591, 10000)
  6   1  50, 0.055913 [0.001672/30.617538] [7620/0.055298]
  6   1 100, 0.057557 [0.001795/30.616786] [7670/0.055298]
  6   1 150, 0.057215 [0.006269/30.616037] [7720/0.055298]
  6   1 200, 0.055992 [0.001691/30.615254] [7770/0.055298]
  6   1 250, 0.058400 [0.002861/30.614522] [7820/0.055298]
  6   1 300, 0.056590 [0.002165/30.613758] [7870/0.055298]
  6   1 350, 0.054984 [0.001300/30.612974] [   0/0.054984]
Epoch 1 done. Evaluation:
(49994, 50000)
(8576, 10000)
  6   2  50, 0.057675 [0.002557/30.611598] [  91/0.054984]
  6   2 100, 0.056381 [0.001879/30.610839] [ 141/0.054984]
  6   2 150, 0.057182 [0.002025/30.610067] [ 191/0.054984]
  6   2 200, 0.057325 [0.002312/30.609316] [ 241/0.054984]
  6   2 250, 0.056867 [0.004844/30.608546] [ 291/0.054984]
  6   2 300, 0.056870 [0.002460/30.607788] [ 341/0.054984]
  6   2 350, 0.057509 [0.001425/30.607042] [ 391/0.054984]
Epoch 2 done. Evaluation:
(49988, 50000)
(8570, 10000)
  6   3  50, 0.057893 [0.002509/30.605683] [ 482/0.054984]
  6   3 100, 0.059766 [0.001302/30.604975] [ 532/0.054984]
  6   3 150, 0.056386 [0.002785/30.604219] [ 582/0.054984]
  6   3 200, 0.055881 [0.001613/30.603454] [ 632/0.054984]
  6   3 250, 0.057929 [0.008122/30.602717] [ 682/0.054984]
  6   3 300, 0.058354 [0.002007/30.601986] [ 732/0.054984]
  6   3 350, 0.057827 [0.001757/30.601240] [ 782/0.054984]
Epoch 3 done. Evaluation:
(49994, 50000)
(8589, 10000)
  6   4  50, 0.057852 [0.002234/30.599900] [ 873/0.054984]
  6   4 100, 0.056858 [0.001261/30.599151] [ 923/0.054984]
  6   4 150, 0.056961 [0.002919/30.598405] [ 973/0.054984]
  6   4 200, 0.059198 [0.001914/30.597668] [1023/0.054984]
  6   4 250, 0.054914 [0.003286/30.596889] [   0/0.054914]
  6   4 300, 0.057356 [0.001795/30.596142] [  50/0.054914]
  6   4 350, 0.056372 [0.001309/30.595390] [ 100/0.054914]
Epoch 4 done. Evaluation:
(49992, 50000)
(8580, 10000)
  6   5  50, 0.058649 [0.002030/30.594044] [ 191/0.054914]
  6   5 100, 0.056222 [0.002537/30.593292] [ 241/0.054914]
  6   5 150, 0.056765 [0.001726/30.592545] [ 291/0.054914]
  6   5 200, 0.055463 [0.002086/30.591779] [ 341/0.054914]
  6   5 250, 0.055625 [0.001054/30.591015] [ 391/0.054914]
  6   5 300, 0.058974 [0.004308/30.590295] [ 441/0.054914]
  6   5 350, 0.057782 [0.001835/30.589565] [ 491/0.054914]
Epoch 5 done. Evaluation:
(49995, 50000)
(8573, 10000)
  6   6  50, 0.057496 [0.001531/30.588226] [ 582/0.054914]
  6   6 100, 0.057673 [0.002281/30.587478] [ 632/0.054914]
  6   6 150, 0.060033 [0.004377/30.586776] [ 682/0.054914]
  6   6 200, 0.057205 [0.000928/30.586024] [ 732/0.054914]
  6   6 250, 0.058322 [0.001326/30.585293] [ 782/0.054914]
  6   6 300, 0.057403 [0.001940/30.584557] [ 832/0.054914]
  6   6 350, 0.057919 [0.001426/30.583828] [ 882/0.054914]
Epoch 6 done. Evaluation:
(49990, 50000)
(8561, 10000)
  6   7  50, 0.055941 [0.001212/30.582492] [ 973/0.054914]
  6   7 100, 0.059093 [0.001609/30.581772] [1023/0.054914]
  6   7 150, 0.057728 [0.002247/30.581042] [1073/0.054914]
  6   7 200, 0.058018 [0.001608/30.580312] [1123/0.054914]
  6   7 250, 0.058630 [0.001716/30.579583] [1173/0.054914]
  6   7 300, 0.057803 [0.003195/30.578842] [1223/0.054914]
  6   7 350, 0.058428 [0.002095/30.578112] [1273/0.054914]
Epoch 7 done. Evaluation:
(49991, 50000)
(8565, 10000)
  6   8  50, 0.056241 [0.002155/30.576794] [1364/0.054914]
  6   8 100, 0.057107 [0.002726/30.576048] [1414/0.054914]
  6   8 150, 0.055613 [0.002666/30.575284] [1464/0.054914]
  6   8 200, 0.056885 [0.001621/30.574546] [1514/0.054914]
  6   8 250, 0.055908 [0.004667/30.573798] [1564/0.054914]
  6   8 300, 0.056705 [0.002631/30.573060] [1614/0.054914]
  6   8 350, 0.058009 [0.002197/30.572318] [1664/0.054914]
Epoch 8 done. Evaluation:
(49993, 50000)
(8561, 10000)
  6   9  50, 0.058472 [0.001860/30.571002] [1755/0.054914]
  6   9 100, 0.058290 [0.003681/30.570281] [1805/0.054914]
  6   9 150, 0.057134 [0.002421/30.569541] [1855/0.054914]
  6   9 200, 0.059070 [0.003693/30.568838] [1905/0.054914]
  6   9 250, 0.057800 [0.002996/30.568114] [1955/0.054914]
  6   9 300, 0.057735 [0.002263/30.567387] [2005/0.054914]
  6   9 350, 0.056930 [0.004133/30.566650] [2055/0.054914]
Epoch 9 done. Evaluation:
(49991, 50000)
(8567, 10000)
  6  10  50, 0.057293 [0.007251/30.565326] [2146/0.054914]
  6  10 100, 0.055870 [0.002440/30.564572] [2196/0.054914]
  6  10 150, 0.057373 [0.002233/30.563839] [2246/0.054914]
  6  10 200, 0.057264 [0.002390/30.563112] [2296/0.054914]
  6  10 250, 0.057451 [0.017004/30.562376] [2346/0.054914]
  6  10 300, 0.059708 [0.006350/30.561680] [2396/0.054914]
  6  10 350, 0.060489 [0.002210/30.560984] [2446/0.054914]
Epoch 10 done. Evaluation:
(49991, 50000)
(8563, 10000)
  6  11  50, 0.059298 [0.004171/30.559694] [2537/0.054914]
  6  11 100, 0.056806 [0.001793/30.558955] [2587/0.054914]
  6  11 150, 0.056131 [0.001782/30.558211] [2637/0.054914]
  6  11 200, 0.056181 [0.002709/30.557460] [2687/0.054914]
  6  11 250, 0.056349 [0.001430/30.556718] [2737/0.054914]
  6  11 300, 0.057087 [0.001673/30.555983] [2787/0.054914]
  6  11 350, 0.058697 [0.003288/30.555275] [2837/0.054914]
Epoch 11 done. Evaluation:
(49995, 50000)
(8574, 10000)
  6  12  50, 0.055370 [0.001452/30.553932] [2928/0.054914]
  6  12 100, 0.059626 [0.005856/30.553217] [2978/0.054914]
  6  12 150, 0.055862 [0.002981/30.552457] [3028/0.054914]
  6  12 200, 0.056052 [0.002034/30.551698] [3078/0.054914]
  6  12 250, 0.056468 [0.002391/30.550957] [3128/0.054914]
  6  12 300, 0.055767 [0.003694/30.550206] [3178/0.054914]
  6  12 350, 0.057466 [0.003233/30.549483] [3228/0.054914]
Epoch 12 done. Evaluation:
(49992, 50000)
(8562, 10000)
  6  13  50, 0.056693 [0.002632/30.548158] [3319/0.054914]
  6  13 100, 0.055469 [0.001737/30.547402] [3369/0.054914]
  6  13 150, 0.056468 [0.003360/30.546663] [3419/0.054914]
  6  13 200, 0.057632 [0.003316/30.545926] [3469/0.054914]
  6  13 250, 0.058892 [0.001644/30.545233] [3519/0.054914]
  6  13 300, 0.057497 [0.002533/30.544508] [3569/0.054914]
  6  13 350, 0.056900 [0.002610/30.543777] [3619/0.054914]
Epoch 13 done. Evaluation:
(49989, 50000)
(8561, 10000)
  6  14  50, 0.057175 [0.001786/30.542492] [3710/0.054914]
  6  14 100, 0.057848 [0.002650/30.541755] [3760/0.054914]
  6  14 150, 0.057913 [0.005373/30.541032] [3810/0.054914]
  6  14 200, 0.057066 [0.001741/30.540307] [3860/0.054914]
  6  14 250, 0.055466 [0.002662/30.539546] [3910/0.054914]
  6  14 300, 0.056796 [0.001585/30.538807] [3960/0.054914]
  6  14 350, 0.057614 [0.003237/30.538084] [4010/0.054914]
Epoch 14 done. Evaluation:
(49989, 50000)
(8557, 10000)
  6  15  50, 0.057068 [0.002627/30.536776] [4101/0.054914]
  6  15 100, 0.057779 [0.002352/30.536049] [4151/0.054914]
  6  15 150, 0.059992 [0.003660/30.535359] [4201/0.054914]
  6  15 200, 0.058438 [0.001888/30.534639] [4251/0.054914]
  6  15 250, 0.059412 [0.003534/30.533952] [4301/0.054914]
  6  15 300, 0.059418 [0.002512/30.533257] [4351/0.054914]
  6  15 350, 0.057222 [0.001879/30.532537] [4401/0.054914]
Epoch 15 done. Evaluation:
(49990, 50000)
(8565, 10000)
  6  16  50, 0.058325 [0.002686/30.531270] [4492/0.054914]
  6  16 100, 0.057209 [0.003644/30.530548] [4542/0.054914]
  6  16 150, 0.058913 [0.003606/30.529845] [4592/0.054914]
  6  16 200, 0.058792 [0.002799/30.529145] [4642/0.054914]
  6  16 250, 0.056835 [0.001490/30.528417] [4692/0.054914]
  6  16 300, 0.057032 [0.001443/30.527689] [4742/0.054914]
  6  16 350, 0.056774 [0.002877/30.526962] [4792/0.054914]
Epoch 16 done. Evaluation:
(49995, 50000)
(8541, 10000)
  6  17  50, 0.057880 [0.001756/30.525665] [4883/0.054914]
  6  17 100, 0.057309 [0.001862/30.524937] [4933/0.054914]
  6  17 150, 0.058164 [0.003026/30.524230] [4983/0.054914]
  6  17 200, 0.057777 [0.002083/30.523515] [5033/0.054914]
  6  17 250, 0.057174 [0.006176/30.522793] [5083/0.054914]
  6  17 300, 0.058095 [0.003172/30.522080] [5133/0.054914]
  6  17 350, 0.058906 [0.001821/30.521375] [5183/0.054914]
Epoch 17 done. Evaluation:
(49992, 50000)
(8560, 10000)
  6  18  50, 0.057602 [0.001558/30.520088] [5274/0.054914]
  6  18 100, 0.058743 [0.004661/30.519382] [5324/0.054914]
  6  18 150, 0.056372 [0.001577/30.518649] [5374/0.054914]
  6  18 200, 0.060095 [0.002979/30.517965] [5424/0.054914]
  6  18 250, 0.055909 [0.002625/30.517227] [5474/0.054914]
  6  18 300, 0.056462 [0.002392/30.516492] [5524/0.054914]
  6  18 350, 0.057701 [0.002842/30.515778] [5574/0.054914]
Epoch 18 done. Evaluation:
(49994, 50000)
(8544, 10000)
  6  19  50, 0.057728 [0.003114/30.514484] [5665/0.054914]
  6  19 100, 0.056501 [0.001819/30.513748] [5715/0.054914]
  6  19 150, 0.057053 [0.001086/30.513024] [5765/0.054914]
  6  19 200, 0.058188 [0.001065/30.512317] [5815/0.054914]
  6  19 250, 0.058938 [0.002389/30.511618] [5865/0.054914]
  6  19 300, 0.057515 [0.001851/30.510897] [5915/0.054914]
  6  19 350, 0.057095 [0.003974/30.510175] [5965/0.054914]
Epoch 19 done. Evaluation:
(49994, 50000)
(8542, 10000)
