Sequential (
  (conv1_1): Sequential (
    (0): Conv2d(3, 32, kernel_size=(3, 3), stride=(1, 1), padding=(1, 1))
    (1): BatchNorm2d(32, eps=1e-05, momentum=0.1, affine=True)
    (2): ReLU (inplace)
  )
  (conv1_2): Sequential (
    (0): Conv2d(32, 32, kernel_size=(3, 3), stride=(1, 1), padding=(1, 1))
    (1): BatchNorm2d(32, eps=1e-05, momentum=0.1, affine=True)
    (2): ReLU (inplace)
  )
  (pool1): MaxPool2d (size=(2, 2), stride=(2, 2), dilation=(1, 1))
  (conv2_1): Sequential (
    (0): Conv2d(32, 64, kernel_size=(3, 3), stride=(1, 1), padding=(1, 1))
    (1): BatchNorm2d(64, eps=1e-05, momentum=0.1, affine=True)
    (2): ReLU (inplace)
  )
  (conv2_2): Sequential (
    (0): Conv2d(64, 64, kernel_size=(3, 3), stride=(1, 1), padding=(1, 1))
    (1): BatchNorm2d(64, eps=1e-05, momentum=0.1, affine=True)
    (2): ReLU (inplace)
  )
  (pool2): MaxPool2d (size=(2, 2), stride=(2, 2), dilation=(1, 1))
  (conv3_1): Sequential (
    (0): Conv2d(64, 128, kernel_size=(3, 3), stride=(1, 1), padding=(1, 1))
    (1): BatchNorm2d(128, eps=1e-05, momentum=0.1, affine=True)
    (2): ReLU (inplace)
  )
  (conv3_2): Sequential (
    (0): Conv2d(128, 128, kernel_size=(3, 3), stride=(1, 1), padding=(1, 1))
    (1): BatchNorm2d(128, eps=1e-05, momentum=0.1, affine=True)
    (2): ReLU (inplace)
  )
  (pool3): MaxPool2d (size=(2, 2), stride=(2, 2), dilation=(1, 1))
  (conv4_1): Sequential (
    (0): Conv2d(128, 256, kernel_size=(3, 3), stride=(1, 1), padding=(1, 1))
    (1): BatchNorm2d(256, eps=1e-05, momentum=0.1, affine=True)
    (2): ReLU (inplace)
  )
  (conv4_2): Sequential (
    (0): Conv2d(256, 256, kernel_size=(3, 3), stride=(1, 1), padding=(1, 1))
    (1): BatchNorm2d(256, eps=1e-05, momentum=0.1, affine=True)
    (2): ReLU (inplace)
  )
  (pool4): MaxPool2d (size=(2, 2), stride=(2, 2), dilation=(1, 1))
  (conv5_1): Sequential (
    (0): Conv2d(256, 256, kernel_size=(3, 3), stride=(1, 1), padding=(1, 1))
    (1): BatchNorm2d(256, eps=1e-05, momentum=0.1, affine=True)
    (2): ReLU (inplace)
  )
  (conv5_2): Sequential (
    (0): Conv2d(256, 256, kernel_size=(3, 3), stride=(1, 1), padding=(1, 1))
    (1): BatchNorm2d(256, eps=1e-05, momentum=0.1, affine=True)
    (2): ReLU (inplace)
  )
  (pool5): MaxPool2d (size=(2, 2), stride=(2, 2), dilation=(1, 1))
  (fc6): Sequential (
    (0): Conv2d(256, 256, kernel_size=(1, 1), stride=(1, 1))
    (1): BatchNorm2d(256, eps=1e-05, momentum=0.1, affine=True)
    (2): ReLU (inplace)
  )
  (logit): Conv2d(256, 10, kernel_size=(1, 1), stride=(1, 1))
  (flatter): Flatten()
)
{'L1_decay': 0.00032,
 'batch_size': 128,
 'force_name': False,
 'graphfolder': 'logs/axp5_graphs/',
 'learning_rate': 0.1,
 'logfile': 'logs/axp5.log',
 'mode': '',
 'name': 'axp5',
 'num_base': 32,
 'optimizer': 'SGDL1',
 'weight_decay': 0.016}
Decayed training with schedule: [20, 20, 20, 20, 20, 20, 20]
  0   0  50, 1.792480 [0.384974/68.974945] [   0/1.792480]
  0   0 100, 1.446488 [0.373006/66.046966] [   0/1.446488]
  0   0 150, 1.329326 [0.341655/63.366375] [   0/1.329326]
  0   0 200, 1.216469 [0.365365/60.911276] [   0/1.216469]
  0   0 250, 1.154556 [0.318504/58.660976] [   0/1.154556]
  0   0 300, 1.103661 [0.305591/56.595307] [   0/1.103661]
  0   0 350, 1.034583 [0.332015/54.705593] [   0/1.034583]
Epoch 0 done. Evaluation:
(27230, 50000)
(6007, 10000)
  0   1  50, 0.957166 [0.324267/51.657586] [   0/0.957166]
  0   1 100, 0.940466 [0.316979/50.179000] [   0/0.940466]
  0   1 150, 0.904212 [0.299397/48.822174] [   0/0.904212]
  0   1 200, 0.913217 [0.322588/47.567815] [  50/0.904212]
  0   1 250, 0.902088 [0.340923/46.414077] [   0/0.902088]
  0   1 300, 0.876897 [0.357216/45.355673] [   0/0.876897]
  0   1 350, 0.875460 [0.311128/44.376021] [   0/0.875460]
Epoch 1 done. Evaluation:
(34482, 50000)
(4934, 10000)
  0   2  50, 0.832589 [0.379121/42.789977] [   0/0.832589]
  0   2 100, 0.841468 [0.323118/42.009951] [  50/0.832589]
  0   2 150, 0.802162 [0.321040/41.288618] [   0/0.802162]
  0   2 200, 0.806519 [0.359031/40.618108] [  50/0.802162]
  0   2 250, 0.804083 [0.325012/39.994770] [ 100/0.802162]
  0   2 300, 0.819997 [0.366967/39.417063] [ 150/0.802162]
  0   2 350, 0.803059 [0.318189/38.875002] [ 200/0.802162]
Epoch 2 done. Evaluation:
(36491, 50000)
(5273, 10000)
  0   3  50, 0.771677 [0.330132/37.993775] [   0/0.771677]
  0   3 100, 0.779281 [0.369706/37.551556] [  50/0.771677]
  0   3 150, 0.786387 [0.348459/37.139629] [ 100/0.771677]
  0   3 200, 0.788047 [0.408037/36.753790] [ 150/0.771677]
  0   3 250, 0.788501 [0.364532/36.388677] [ 200/0.771677]
  0   3 300, 0.788649 [0.303758/36.044221] [ 250/0.771677]
  0   3 350, 0.789361 [0.331351/35.722241] [ 300/0.771677]
Epoch 3 done. Evaluation:
(37176, 50000)
(5097, 10000)
  0   4  50, 0.743207 [0.342330/35.199705] [   0/0.743207]
  0   4 100, 0.778041 [0.406739/34.934581] [  50/0.743207]
  0   4 150, 0.784334 [0.469426/34.673588] [ 100/0.743207]
  0   4 200, 0.772358 [0.391942/34.431186] [ 150/0.743207]
  0   4 250, 0.792838 [0.350849/34.203927] [ 200/0.743207]
  0   4 300, 0.782746 [0.389244/33.983469] [ 250/0.743207]
  0   4 350, 0.799955 [0.372156/33.775116] [ 300/0.743207]
Epoch 4 done. Evaluation:
(37401, 50000)
(6605, 10000)
  0   5  50, 0.750434 [0.442001/33.434241] [ 391/0.743207]
  0   5 100, 0.768666 [0.393111/33.256155] [ 441/0.743207]
  0   5 150, 0.759265 [0.431653/33.089448] [ 491/0.743207]
  0   5 200, 0.773837 [0.402881/32.925009] [ 541/0.743207]
  0   5 250, 0.770376 [0.471585/32.771476] [ 591/0.743207]
  0   5 300, 0.762439 [0.417086/32.622281] [ 641/0.743207]
  0   5 350, 0.767896 [0.332245/32.481035] [ 691/0.743207]
Epoch 5 done. Evaluation:
(37641, 50000)
(5347, 10000)
  0   6  50, 0.747123 [0.475227/32.243673] [ 782/0.743207]
  0   6 100, 0.752699 [0.391578/32.117470] [ 832/0.743207]
  0   6 150, 0.754067 [0.382981/31.993049] [ 882/0.743207]
  0   6 200, 0.777450 [0.397319/31.878177] [ 932/0.743207]
  0   6 250, 0.737712 [0.383801/31.761998] [   0/0.737712]
  0   6 300, 0.784380 [0.379621/31.654658] [  50/0.737712]
  0   6 350, 0.762629 [0.419523/31.548245] [ 100/0.737712]
Epoch 6 done. Evaluation:
(37863, 50000)
(5673, 10000)
  0   7  50, 0.752001 [0.432913/31.370571] [ 191/0.737712]
  0   7 100, 0.738063 [0.402349/31.277297] [ 241/0.737712]
  0   7 150, 0.758873 [0.441124/31.176921] [ 291/0.737712]
  0   7 200, 0.738380 [0.412498/31.086337] [ 341/0.737712]
  0   7 250, 0.749999 [0.434556/30.998589] [ 391/0.737712]
  0   7 300, 0.749885 [0.433526/30.904587] [ 441/0.737712]
  0   7 350, 0.771305 [0.394646/30.826781] [ 491/0.737712]
Epoch 7 done. Evaluation:
(37898, 50000)
(4601, 10000)
  0   8  50, 0.715476 [0.387863/30.689441] [   0/0.715476]
  0   8 100, 0.719930 [0.302556/30.605788] [  50/0.715476]
  0   8 150, 0.726843 [0.344451/30.533071] [ 100/0.715476]
  0   8 200, 0.751249 [0.516157/30.455788] [ 150/0.715476]
  0   8 250, 0.725134 [0.411438/30.381694] [ 200/0.715476]
  0   8 300, 0.775641 [0.453744/30.307230] [ 250/0.715476]
  0   8 350, 0.752543 [0.435669/30.240440] [ 300/0.715476]
Epoch 8 done. Evaluation:
(38262, 50000)
(5070, 10000)
  0   9  50, 0.720477 [0.380325/30.125310] [ 391/0.715476]
  0   9 100, 0.715872 [0.381325/30.058850] [ 441/0.715476]
  0   9 150, 0.710948 [0.363991/29.987099] [   0/0.710948]
  0   9 200, 0.715421 [0.381191/29.923801] [  50/0.710948]
  0   9 250, 0.714027 [0.388069/29.860306] [ 100/0.710948]
  0   9 300, 0.728995 [0.359905/29.799099] [ 150/0.710948]
  0   9 350, 0.708380 [0.359875/29.732741] [   0/0.708380]
Epoch 9 done. Evaluation:
(38524, 50000)
(6101, 10000)
  0  10  50, 0.684925 [0.434837/29.626878] [   0/0.684925]
  0  10 100, 0.712623 [0.483266/29.576264] [  50/0.684925]
  0  10 150, 0.724903 [0.431000/29.517573] [ 100/0.684925]
  0  10 200, 0.711017 [0.359741/29.458136] [ 150/0.684925]
  0  10 250, 0.722544 [0.417925/29.400168] [ 200/0.684925]
  0  10 300, 0.725489 [0.452165/29.342017] [ 250/0.684925]
  0  10 350, 0.724405 [0.324270/29.288350] [ 300/0.684925]
Epoch 10 done. Evaluation:
(38583, 50000)
(6780, 10000)
  0  11  50, 0.665868 [0.459576/29.194464] [   0/0.665868]
  0  11 100, 0.705009 [0.387727/29.138892] [  50/0.665868]
  0  11 150, 0.686312 [0.424113/29.084163] [ 100/0.665868]
  0  11 200, 0.703691 [0.438659/29.031029] [ 150/0.665868]
  0  11 250, 0.712515 [0.405075/28.975502] [ 200/0.665868]
  0  11 300, 0.689931 [0.344856/28.924375] [ 250/0.665868]
  0  11 350, 0.692314 [0.407579/28.869679] [ 300/0.665868]
Epoch 11 done. Evaluation:
(39006, 50000)
(6615, 10000)
  0  12  50, 0.677603 [0.388947/28.780916] [ 391/0.665868]
  0  12 100, 0.692067 [0.338451/28.738179] [ 441/0.665868]
  0  12 150, 0.685569 [0.380433/28.687952] [ 491/0.665868]
  0  12 200, 0.684742 [0.371849/28.631917] [ 541/0.665868]
  0  12 250, 0.688071 [0.463540/28.579216] [ 591/0.665868]
  0  12 300, 0.680865 [0.322295/28.529221] [ 641/0.665868]
  0  12 350, 0.708063 [0.327653/28.475333] [ 691/0.665868]
Epoch 12 done. Evaluation:
(39130, 50000)
(6760, 10000)
  0  13  50, 0.671830 [0.332026/28.394663] [ 782/0.665868]
  0  13 100, 0.667436 [0.362374/28.342986] [ 832/0.665868]
  0  13 150, 0.653877 [0.371038/28.298945] [   0/0.653877]
  0  13 200, 0.659493 [0.412139/28.250850] [  50/0.653877]
  0  13 250, 0.662214 [0.415613/28.197518] [ 100/0.653877]
  0  13 300, 0.695543 [0.426656/28.151346] [ 150/0.653877]
  0  13 350, 0.684081 [0.383688/28.098669] [ 200/0.653877]
Epoch 13 done. Evaluation:
(39458, 50000)
(6786, 10000)
  0  14  50, 0.665182 [0.390333/28.020629] [ 291/0.653877]
  0  14 100, 0.654920 [0.345861/27.969219] [ 341/0.653877]
  0  14 150, 0.666032 [0.395307/27.927099] [ 391/0.653877]
  0  14 200, 0.661509 [0.385391/27.877985] [ 441/0.653877]
  0  14 250, 0.668891 [0.365346/27.830115] [ 491/0.653877]
  0  14 300, 0.664867 [0.393406/27.781841] [ 541/0.653877]
  0  14 350, 0.664888 [0.410121/27.740656] [ 591/0.653877]
Epoch 14 done. Evaluation:
(39564, 50000)
(6585, 10000)
  0  15  50, 0.630949 [0.347884/27.656267] [   0/0.630949]
  0  15 100, 0.656384 [0.326167/27.614266] [  50/0.630949]
  0  15 150, 0.682110 [0.442356/27.569638] [ 100/0.630949]
  0  15 200, 0.650231 [0.352276/27.520851] [ 150/0.630949]
  0  15 250, 0.671210 [0.471126/27.477944] [ 200/0.630949]
  0  15 300, 0.652199 [0.354984/27.433012] [ 250/0.630949]
  0  15 350, 0.646861 [0.430959/27.387068] [ 300/0.630949]
Epoch 15 done. Evaluation:
(39661, 50000)
(5602, 10000)
  0  16  50, 0.618957 [0.389166/27.309178] [   0/0.618957]
  0  16 100, 0.638016 [0.368115/27.266043] [  50/0.618957]
  0  16 150, 0.627160 [0.446186/27.220274] [ 100/0.618957]
  0  16 200, 0.646768 [0.344757/27.176634] [ 150/0.618957]
  0  16 250, 0.631468 [0.405473/27.126685] [ 200/0.618957]
  0  16 300, 0.666430 [0.342821/27.073034] [ 250/0.618957]
  0  16 350, 0.659502 [0.330503/27.022197] [ 300/0.618957]
Epoch 16 done. Evaluation:
(39881, 50000)
(6633, 10000)
  0  17  50, 0.621297 [0.320744/26.939017] [ 391/0.618957]
  0  17 100, 0.646652 [0.381065/26.899606] [ 441/0.618957]
  0  17 150, 0.656643 [0.412058/26.856390] [ 491/0.618957]
  0  17 200, 0.651280 [0.350105/26.812927] [ 541/0.618957]
  0  17 250, 0.631359 [0.394896/26.766795] [ 591/0.618957]
  0  17 300, 0.648068 [0.382295/26.722148] [ 641/0.618957]
  0  17 350, 0.645959 [0.342509/26.679136] [ 691/0.618957]
Epoch 17 done. Evaluation:
(39908, 50000)
(7103, 10000)
  0  18  50, 0.632450 [0.323755/26.600587] [ 782/0.618957]
  0  18 100, 0.614545 [0.408727/26.551830] [   0/0.614545]
  0  18 150, 0.638880 [0.408694/26.508858] [  50/0.614545]
  0  18 200, 0.632533 [0.360252/26.469045] [ 100/0.614545]
  0  18 250, 0.642915 [0.425939/26.425201] [ 150/0.614545]
  0  18 300, 0.643289 [0.370969/26.376084] [ 200/0.614545]
  0  18 350, 0.628726 [0.335317/26.329464] [ 250/0.614545]
Epoch 18 done. Evaluation:
(40176, 50000)
(4636, 10000)
  0  19  50, 0.618723 [0.389639/26.261494] [ 341/0.614545]
  0  19 100, 0.618449 [0.300451/26.219014] [ 391/0.614545]
  0  19 150, 0.654261 [0.323079/26.173184] [ 441/0.614545]
  0  19 200, 0.632054 [0.376754/26.130140] [ 491/0.614545]
  0  19 250, 0.621184 [0.421154/26.086237] [ 541/0.614545]
  0  19 300, 0.641252 [0.376115/26.036376] [ 591/0.614545]
  0  19 350, 0.619122 [0.373033/25.986881] [ 641/0.614545]
Epoch 19 done. Evaluation:
(40113, 50000)
(7267, 10000)
  1   0  50, 0.516949 [0.200870/25.903651] [   0/0.516949]
  1   0 100, 0.500332 [0.222968/25.861343] [   0/0.500332]
  1   0 150, 0.517832 [0.229669/25.820247] [  50/0.500332]
  1   0 200, 0.506945 [0.202525/25.780725] [ 100/0.500332]
  1   0 250, 0.508501 [0.218261/25.742043] [ 150/0.500332]
  1   0 300, 0.500000 [0.236643/25.707718] [   0/0.500000]
  1   0 350, 0.521169 [0.173419/25.671059] [  50/0.500000]
Epoch 0 done. Evaluation:
(42221, 50000)
(7657, 10000)
  1   1  50, 0.469491 [0.225312/25.616076] [   0/0.469491]
  1   1 100, 0.500432 [0.229524/25.585353] [  50/0.469491]
  1   1 150, 0.504887 [0.183565/25.555257] [ 100/0.469491]
  1   1 200, 0.522326 [0.206233/25.524167] [ 150/0.469491]
  1   1 250, 0.507622 [0.222816/25.493009] [ 200/0.469491]
  1   1 300, 0.520477 [0.244670/25.462376] [ 250/0.469491]
  1   1 350, 0.525329 [0.220406/25.432481] [ 300/0.469491]
Epoch 1 done. Evaluation:
(42141, 50000)
(7840, 10000)
  1   2  50, 0.480627 [0.194282/25.380365] [ 391/0.469491]
  1   2 100, 0.489649 [0.225040/25.355598] [ 441/0.469491]
  1   2 150, 0.505436 [0.239127/25.330638] [ 491/0.469491]
  1   2 200, 0.517220 [0.209875/25.303190] [ 541/0.469491]
  1   2 250, 0.539250 [0.215088/25.274996] [ 591/0.469491]
  1   2 300, 0.499154 [0.239718/25.245597] [ 641/0.469491]
  1   2 350, 0.539564 [0.246166/25.216355] [ 691/0.469491]
Epoch 2 done. Evaluation:
(42155, 50000)
(7761, 10000)
  1   3  50, 0.488444 [0.191406/25.170527] [ 782/0.469491]
  1   3 100, 0.502063 [0.218700/25.147623] [ 832/0.469491]
  1   3 150, 0.498188 [0.232417/25.121730] [ 882/0.469491]
  1   3 200, 0.522357 [0.258940/25.098073] [ 932/0.469491]
  1   3 250, 0.531059 [0.207206/25.070671] [ 982/0.469491]
  1   3 300, 0.542813 [0.215689/25.039958] [1032/0.469491]
  1   3 350, 0.527553 [0.224927/25.013876] [1082/0.469491]
Epoch 3 done. Evaluation:
(42046, 50000)
(7589, 10000)
  1   4  50, 0.507659 [0.279286/24.969224] [1173/0.469491]
  1   4 100, 0.505969 [0.237847/24.949536] [1223/0.469491]
  1   4 150, 0.507756 [0.254956/24.927365] [1273/0.469491]
  1   4 200, 0.528064 [0.210606/24.900293] [1323/0.469491]
  1   4 250, 0.537663 [0.185892/24.875257] [1373/0.469491]
  1   4 300, 0.516990 [0.241055/24.849909] [1423/0.469491]
  1   4 350, 0.509733 [0.228054/24.822731] [1473/0.469491]
Epoch 4 done. Evaluation:
(42097, 50000)
(7500, 10000)
  1   5  50, 0.508723 [0.234250/24.779996] [1564/0.469491]
  1   5 100, 0.495622 [0.214012/24.755775] [1614/0.469491]
  1   5 150, 0.510543 [0.233459/24.732855] [1664/0.469491]
  1   5 200, 0.507051 [0.223739/24.709006] [1714/0.469491]
  1   5 250, 0.526890 [0.294527/24.682417] [1764/0.469491]
  1   5 300, 0.514871 [0.235159/24.660591] [1814/0.469491]
  1   5 350, 0.519895 [0.246529/24.634231] [1864/0.469491]
Epoch 5 done. Evaluation:
(42092, 50000)
(7596, 10000)
  1   6  50, 0.505514 [0.208742/24.592327] [1955/0.469491]
  1   6 100, 0.500672 [0.205766/24.569299] [2005/0.469491]
  1   6 150, 0.500279 [0.214923/24.544133] [2055/0.469491]
  1   6 200, 0.508945 [0.269302/24.520783] [2105/0.469491]
  1   6 250, 0.516781 [0.217520/24.496257] [2155/0.469491]
  1   6 300, 0.517933 [0.226767/24.470656] [2205/0.469491]
  1   6 350, 0.499397 [0.248169/24.447510] [2255/0.469491]
Epoch 6 done. Evaluation:
(42255, 50000)
(7586, 10000)
  1   7  50, 0.489065 [0.246020/24.408203] [2346/0.469491]
  1   7 100, 0.480720 [0.197288/24.382710] [2396/0.469491]
  1   7 150, 0.515792 [0.244371/24.361652] [2446/0.469491]
  1   7 200, 0.534061 [0.252545/24.336706] [2496/0.469491]
  1   7 250, 0.502905 [0.234802/24.309525] [2546/0.469491]
  1   7 300, 0.518876 [0.225996/24.285646] [2596/0.469491]
  1   7 350, 0.507535 [0.284997/24.263703] [2646/0.469491]
Epoch 7 done. Evaluation:
(42319, 50000)
(7445, 10000)
  1   8  50, 0.484965 [0.246369/24.221575] [2737/0.469491]
  1   8 100, 0.488878 [0.233307/24.203209] [2787/0.469491]
  1   8 150, 0.516345 [0.205951/24.182233] [2837/0.469491]
  1   8 200, 0.530871 [0.265687/24.160812] [2887/0.469491]
  1   8 250, 0.511458 [0.204170/24.135557] [2937/0.469491]
  1   8 300, 0.509420 [0.271696/24.110914] [2987/0.469491]
  1   8 350, 0.505460 [0.241210/24.088864] [3037/0.469491]
Epoch 8 done. Evaluation:
(42257, 50000)
(7732, 10000)
  1   9  50, 0.477119 [0.214241/24.048967] [3128/0.469491]
  1   9 100, 0.514667 [0.319039/24.025645] [3178/0.469491]
  1   9 150, 0.493267 [0.218048/24.002526] [3228/0.469491]
  1   9 200, 0.509525 [0.225089/23.983084] [3278/0.469491]
  1   9 250, 0.503978 [0.228516/23.959457] [3328/0.469491]
  1   9 300, 0.504527 [0.248863/23.938088] [3378/0.469491]
  1   9 350, 0.492796 [0.259536/23.915421] [3428/0.469491]
Epoch 9 done. Evaluation:
(42390, 50000)
(7462, 10000)
  1  10  50, 0.503834 [0.243537/23.875887] [3519/0.469491]
  1  10 100, 0.487346 [0.238286/23.854460] [3569/0.469491]
  1  10 150, 0.500230 [0.197230/23.833662] [3619/0.469491]
  1  10 200, 0.496466 [0.241192/23.810210] [3669/0.469491]
  1  10 250, 0.506967 [0.229633/23.788435] [3719/0.469491]
  1  10 300, 0.505101 [0.236810/23.764247] [3769/0.469491]
  1  10 350, 0.512450 [0.252925/23.741679] [3819/0.469491]
Epoch 10 done. Evaluation:
(42349, 50000)
(7312, 10000)
  1  11  50, 0.478520 [0.276853/23.700049] [3910/0.469491]
  1  11 100, 0.492787 [0.246076/23.678092] [3960/0.469491]
  1  11 150, 0.485964 [0.232174/23.658909] [4010/0.469491]
  1  11 200, 0.519193 [0.235890/23.633064] [4060/0.469491]
  1  11 250, 0.490437 [0.273339/23.613643] [4110/0.469491]
  1  11 300, 0.515274 [0.219926/23.588841] [4160/0.469491]
  1  11 350, 0.513503 [0.231727/23.566149] [4210/0.469491]
Epoch 11 done. Evaluation:
(42453, 50000)
(7412, 10000)
  1  12  50, 0.470184 [0.228361/23.526806] [4301/0.469491]
  1  12 100, 0.487367 [0.247436/23.506610] [4351/0.469491]
  1  12 150, 0.488959 [0.266167/23.482981] [4401/0.469491]
  1  12 200, 0.495691 [0.237497/23.461624] [4451/0.469491]
  1  12 250, 0.490716 [0.251185/23.439655] [4501/0.469491]
  1  12 300, 0.500264 [0.257545/23.415691] [4551/0.469491]
  1  12 350, 0.517392 [0.234112/23.391430] [4601/0.469491]
Epoch 12 done. Evaluation:
(42530, 50000)
(6077, 10000)
  1  13  50, 0.473749 [0.247942/23.352138] [4692/0.469491]
  1  13 100, 0.476869 [0.253214/23.330744] [4742/0.469491]
  1  13 150, 0.481150 [0.233026/23.311940] [4792/0.469491]
  1  13 200, 0.502425 [0.270082/23.289973] [4842/0.469491]
  1  13 250, 0.501115 [0.228131/23.262262] [4892/0.469491]
  1  13 300, 0.499691 [0.266519/23.239653] [4942/0.469491]
  1  13 350, 0.484710 [0.223961/23.216618] [4992/0.469491]
Epoch 13 done. Evaluation:
(42495, 50000)
(5965, 10000)
  1  14  50, 0.465440 [0.193120/23.179284] [   0/0.465440]
  1  14 100, 0.478854 [0.240854/23.157444] [  50/0.465440]
  1  14 150, 0.486202 [0.222139/23.135773] [ 100/0.465440]
  1  14 200, 0.491440 [0.239422/23.114024] [ 150/0.465440]
  1  14 250, 0.494320 [0.279804/23.089661] [ 200/0.465440]
  1  14 300, 0.487977 [0.247917/23.070463] [ 250/0.465440]
  1  14 350, 0.528045 [0.240081/23.046715] [ 300/0.465440]
Epoch 14 done. Evaluation:
(42428, 50000)
(7277, 10000)
  1  15  50, 0.466050 [0.258431/23.009771] [ 391/0.465440]
  1  15 100, 0.508168 [0.189106/22.989320] [ 441/0.465440]
  1  15 150, 0.492166 [0.281525/22.966639] [ 491/0.465440]
  1  15 200, 0.490468 [0.242724/22.945127] [ 541/0.465440]
  1  15 250, 0.494293 [0.201535/22.921627] [ 591/0.465440]
  1  15 300, 0.488395 [0.231822/22.895517] [ 641/0.465440]
  1  15 350, 0.506329 [0.248243/22.874044] [ 691/0.465440]
Epoch 15 done. Evaluation:
(42638, 50000)
(7569, 10000)
  1  16  50, 0.478395 [0.240537/22.840390] [ 782/0.465440]
  1  16 100, 0.492153 [0.265136/22.822716] [ 832/0.465440]
  1  16 150, 0.485277 [0.246536/22.802895] [ 882/0.465440]
  1  16 200, 0.481769 [0.242922/22.783060] [ 932/0.465440]
  1  16 250, 0.491514 [0.270111/22.758864] [ 982/0.465440]
  1  16 300, 0.502189 [0.239388/22.736008] [1032/0.465440]
  1  16 350, 0.494135 [0.186999/22.711510] [1082/0.465440]
Epoch 16 done. Evaluation:
(42535, 50000)
(7157, 10000)
  1  17  50, 0.448302 [0.224065/22.669923] [   0/0.448302]
  1  17 100, 0.479666 [0.222287/22.650734] [  50/0.448302]
  1  17 150, 0.492415 [0.269034/22.631308] [ 100/0.448302]
  1  17 200, 0.489782 [0.273309/22.611536] [ 150/0.448302]
  1  17 250, 0.496971 [0.243491/22.590895] [ 200/0.448302]
  1  17 300, 0.510298 [0.220837/22.567016] [ 250/0.448302]
  1  17 350, 0.489219 [0.214048/22.545192] [ 300/0.448302]
Epoch 17 done. Evaluation:
(42620, 50000)
(7162, 10000)
  1  18  50, 0.465705 [0.213068/22.506885] [ 391/0.448302]
  1  18 100, 0.468154 [0.289667/22.486337] [ 441/0.448302]
  1  18 150, 0.473428 [0.242077/22.465389] [ 491/0.448302]
  1  18 200, 0.490358 [0.256411/22.441687] [ 541/0.448302]
  1  18 250, 0.495762 [0.241956/22.420289] [ 591/0.448302]
  1  18 300, 0.476567 [0.295498/22.401506] [ 641/0.448302]
  1  18 350, 0.505313 [0.267569/22.378867] [ 691/0.448302]
Epoch 18 done. Evaluation:
(42649, 50000)
(7797, 10000)
  1  19  50, 0.462828 [0.217582/22.343517] [ 782/0.448302]
  1  19 100, 0.488901 [0.225929/22.321721] [ 832/0.448302]
  1  19 150, 0.475340 [0.203397/22.299332] [ 882/0.448302]
  1  19 200, 0.494638 [0.228302/22.277728] [ 932/0.448302]
  1  19 250, 0.486569 [0.271204/22.256000] [ 982/0.448302]
  1  19 300, 0.502460 [0.215972/22.233849] [1032/0.448302]
  1  19 350, 0.485805 [0.217339/22.211476] [1082/0.448302]
Epoch 19 done. Evaluation:
(42666, 50000)
(7927, 10000)
  2   0  50, 0.407590 [0.114225/22.172910] [   0/0.407590]
  2   0 100, 0.372763 [0.129695/22.150459] [   0/0.372763]
  2   0 150, 0.369731 [0.131548/22.130208] [   0/0.369731]
  2   0 200, 0.382291 [0.113544/22.108209] [  50/0.369731]
  2   0 250, 0.401646 [0.118739/22.087200] [ 100/0.369731]
  2   0 300, 0.372325 [0.110736/22.067245] [ 150/0.369731]
  2   0 350, 0.385490 [0.117383/22.046939] [ 200/0.369731]
Epoch 0 done. Evaluation:
(44504, 50000)
(8438, 10000)
  2   1  50, 0.353924 [0.148062/22.017372] [   0/0.353924]
  2   1 100, 0.378992 [0.161802/22.000164] [  50/0.353924]
  2   1 150, 0.373980 [0.137236/21.982840] [ 100/0.353924]
  2   1 200, 0.376185 [0.101297/21.966304] [ 150/0.353924]
  2   1 250, 0.373614 [0.162246/21.950217] [ 200/0.353924]
  2   1 300, 0.402792 [0.159086/21.932630] [ 250/0.353924]
  2   1 350, 0.384577 [0.156682/21.915262] [ 300/0.353924]
Epoch 1 done. Evaluation:
(44465, 50000)
(8260, 10000)
  2   2  50, 0.349434 [0.136861/21.888033] [   0/0.349434]
  2   2 100, 0.377486 [0.161544/21.871820] [  50/0.349434]
  2   2 150, 0.381526 [0.124028/21.855954] [ 100/0.349434]
  2   2 200, 0.374524 [0.148779/21.842670] [ 150/0.349434]
  2   2 250, 0.392313 [0.131226/21.827267] [ 200/0.349434]
  2   2 300, 0.393178 [0.135059/21.811509] [ 250/0.349434]
  2   2 350, 0.387684 [0.145164/21.797652] [ 300/0.349434]
Epoch 2 done. Evaluation:
(44404, 50000)
(8191, 10000)
  2   3  50, 0.369264 [0.117274/21.772354] [ 391/0.349434]
  2   3 100, 0.378318 [0.163688/21.758996] [ 441/0.349434]
  2   3 150, 0.389181 [0.161237/21.745782] [ 491/0.349434]
  2   3 200, 0.380790 [0.142640/21.731918] [ 541/0.349434]
  2   3 250, 0.375738 [0.125388/21.717717] [ 591/0.349434]
  2   3 300, 0.375613 [0.114570/21.703042] [ 641/0.349434]
  2   3 350, 0.396920 [0.159926/21.687662] [ 691/0.349434]
Epoch 3 done. Evaluation:
(44412, 50000)
(8045, 10000)
  2   4  50, 0.375981 [0.174617/21.664220] [ 782/0.349434]
  2   4 100, 0.381878 [0.121832/21.650114] [ 832/0.349434]
  2   4 150, 0.374963 [0.140331/21.637385] [ 882/0.349434]
  2   4 200, 0.370243 [0.137348/21.623924] [ 932/0.349434]
  2   4 250, 0.391332 [0.185822/21.610456] [ 982/0.349434]
  2   4 300, 0.402321 [0.184874/21.596497] [1032/0.349434]
  2   4 350, 0.372190 [0.149464/21.583108] [1082/0.349434]
Epoch 4 done. Evaluation:
(44421, 50000)
(8375, 10000)
  2   5  50, 0.367519 [0.126522/21.558727] [1173/0.349434]
  2   5 100, 0.358568 [0.159842/21.546656] [1223/0.349434]
  2   5 150, 0.382868 [0.131429/21.533035] [1273/0.349434]
  2   5 200, 0.383027 [0.166795/21.520714] [1323/0.349434]
  2   5 250, 0.408205 [0.164440/21.507109] [1373/0.349434]
  2   5 300, 0.393951 [0.172884/21.492309] [1423/0.349434]
  2   5 350, 0.392274 [0.155058/21.480830] [1473/0.349434]
Epoch 5 done. Evaluation:
(44403, 50000)
(7708, 10000)
  2   6  50, 0.367579 [0.167787/21.457473] [1564/0.349434]
  2   6 100, 0.382970 [0.165103/21.447433] [1614/0.349434]
  2   6 150, 0.393976 [0.162983/21.435945] [1664/0.349434]
  2   6 200, 0.375426 [0.183882/21.424019] [1714/0.349434]
  2   6 250, 0.388382 [0.147395/21.410920] [1764/0.349434]
  2   6 300, 0.355216 [0.133986/21.400217] [1814/0.349434]
  2   6 350, 0.380188 [0.150895/21.386518] [1864/0.349434]
Epoch 6 done. Evaluation:
(44431, 50000)
(7951, 10000)
  2   7  50, 0.379415 [0.132241/21.364235] [1955/0.349434]
  2   7 100, 0.377584 [0.153728/21.351260] [2005/0.349434]
  2   7 150, 0.351314 [0.206392/21.339576] [2055/0.349434]
  2   7 200, 0.395532 [0.141002/21.326828] [2105/0.349434]
  2   7 250, 0.374616 [0.124135/21.313779] [2155/0.349434]
  2   7 300, 0.381754 [0.169764/21.300754] [2205/0.349434]
  2   7 350, 0.410218 [0.164212/21.286443] [2255/0.349434]
Epoch 7 done. Evaluation:
(44403, 50000)
(8361, 10000)
  2   8  50, 0.346213 [0.139573/21.264755] [   0/0.346213]
  2   8 100, 0.372714 [0.158868/21.253256] [  50/0.346213]
  2   8 150, 0.363356 [0.146541/21.240704] [ 100/0.346213]
  2   8 200, 0.374713 [0.169343/21.228921] [ 150/0.346213]
  2   8 250, 0.379938 [0.147917/21.215618] [ 200/0.346213]
  2   8 300, 0.410298 [0.138162/21.202093] [ 250/0.346213]
  2   8 350, 0.410850 [0.157110/21.189099] [ 300/0.346213]
Epoch 8 done. Evaluation:
(44453, 50000)
(7954, 10000)
  2   9  50, 0.346027 [0.157384/21.168407] [   0/0.346027]
  2   9 100, 0.367274 [0.131260/21.158144] [  50/0.346027]
  2   9 150, 0.367727 [0.182322/21.145366] [ 100/0.346027]
  2   9 200, 0.393928 [0.151983/21.134681] [ 150/0.346027]
  2   9 250, 0.414807 [0.189940/21.123422] [ 200/0.346027]
  2   9 300, 0.383797 [0.138679/21.111401] [ 250/0.346027]
  2   9 350, 0.393079 [0.132055/21.098720] [ 300/0.346027]
Epoch 9 done. Evaluation:
(44413, 50000)
(7956, 10000)
  2  10  50, 0.347369 [0.185421/21.076391] [ 391/0.346027]
  2  10 100, 0.364676 [0.188872/21.064808] [ 441/0.346027]
  2  10 150, 0.366237 [0.186646/21.053280] [ 491/0.346027]
  2  10 200, 0.389411 [0.145797/21.042519] [ 541/0.346027]
  2  10 250, 0.398201 [0.209387/21.030333] [ 591/0.346027]
  2  10 300, 0.408268 [0.135660/21.019010] [ 641/0.346027]
  2  10 350, 0.387890 [0.114181/21.006651] [ 691/0.346027]
Epoch 10 done. Evaluation:
(44466, 50000)
(8225, 10000)
  2  11  50, 0.364168 [0.144232/20.981570] [ 782/0.346027]
  2  11 100, 0.359105 [0.156403/20.970110] [ 832/0.346027]
  2  11 150, 0.380058 [0.149700/20.958225] [ 882/0.346027]
  2  11 200, 0.390671 [0.165466/20.947104] [ 932/0.346027]
  2  11 250, 0.378534 [0.143200/20.936078] [ 982/0.346027]
  2  11 300, 0.387458 [0.192321/20.925619] [1032/0.346027]
  2  11 350, 0.395106 [0.161256/20.911398] [1082/0.346027]
Epoch 11 done. Evaluation:
(44433, 50000)
(8323, 10000)
  2  12  50, 0.356071 [0.157728/20.891767] [1173/0.346027]
  2  12 100, 0.360469 [0.161905/20.879995] [1223/0.346027]
  2  12 150, 0.385700 [0.166215/20.869339] [1273/0.346027]
  2  12 200, 0.359700 [0.147612/20.859458] [1323/0.346027]
  2  12 250, 0.374935 [0.173568/20.849518] [1373/0.346027]
  2  12 300, 0.411152 [0.153213/20.836869] [1423/0.346027]
  2  12 350, 0.392517 [0.162204/20.824029] [1473/0.346027]
Epoch 12 done. Evaluation:
(44418, 50000)
(8002, 10000)
  2  13  50, 0.353697 [0.143700/20.803844] [1564/0.346027]
  2  13 100, 0.372040 [0.156050/20.794344] [1614/0.346027]
  2  13 150, 0.362775 [0.163362/20.782169] [1664/0.346027]
  2  13 200, 0.372913 [0.184181/20.772737] [1714/0.346027]
  2  13 250, 0.385665 [0.212069/20.762056] [1764/0.346027]
  2  13 300, 0.382127 [0.160353/20.748090] [1814/0.346027]
  2  13 350, 0.396741 [0.181228/20.736475] [1864/0.346027]
Epoch 13 done. Evaluation:
(44558, 50000)
(8309, 10000)
  2  14  50, 0.347495 [0.171152/20.715684] [1955/0.346027]
  2  14 100, 0.356964 [0.163079/20.704830] [2005/0.346027]
  2  14 150, 0.381924 [0.136702/20.695497] [2055/0.346027]
  2  14 200, 0.390328 [0.183849/20.683824] [2105/0.346027]
  2  14 250, 0.382886 [0.113373/20.670591] [2155/0.346027]
  2  14 300, 0.385856 [0.130389/20.658307] [2205/0.346027]
  2  14 350, 0.389521 [0.153850/20.644489] [2255/0.346027]
Epoch 14 done. Evaluation:
(44534, 50000)
(7546, 10000)
  2  15  50, 0.354749 [0.164878/20.623796] [2346/0.346027]
  2  15 100, 0.368994 [0.154729/20.612752] [2396/0.346027]
  2  15 150, 0.369022 [0.146488/20.602233] [2446/0.346027]
  2  15 200, 0.370829 [0.174365/20.592218] [2496/0.346027]
  2  15 250, 0.385819 [0.130496/20.579659] [2546/0.346027]
  2  15 300, 0.382949 [0.143066/20.569326] [2596/0.346027]
  2  15 350, 0.377366 [0.145479/20.557298] [2646/0.346027]
Epoch 15 done. Evaluation:
(44500, 50000)
(7571, 10000)
  2  16  50, 0.357967 [0.174997/20.535086] [2737/0.346027]
  2  16 100, 0.367766 [0.094799/20.523354] [2787/0.346027]
  2  16 150, 0.375994 [0.126336/20.514488] [2837/0.346027]
  2  16 200, 0.383130 [0.114895/20.503533] [2887/0.346027]
  2  16 250, 0.376392 [0.143966/20.491392] [2937/0.346027]
  2  16 300, 0.371126 [0.133519/20.478349] [2987/0.346027]
  2  16 350, 0.403882 [0.117649/20.467985] [3037/0.346027]
Epoch 16 done. Evaluation:
(44564, 50000)
(7755, 10000)
  2  17  50, 0.340331 [0.158593/20.446637] [   0/0.340331]
  2  17 100, 0.353503 [0.165906/20.437247] [  50/0.340331]
  2  17 150, 0.362614 [0.163292/20.426461] [ 100/0.340331]
  2  17 200, 0.358618 [0.150301/20.415731] [ 150/0.340331]
  2  17 250, 0.379881 [0.174094/20.403470] [ 200/0.340331]
  2  17 300, 0.403534 [0.144190/20.392487] [ 250/0.340331]
  2  17 350, 0.385168 [0.119636/20.381041] [ 300/0.340331]
Epoch 17 done. Evaluation:
(44628, 50000)
(7622, 10000)
  2  18  50, 0.347941 [0.129570/20.361565] [ 391/0.340331]
  2  18 100, 0.364797 [0.147863/20.352446] [ 441/0.340331]
  2  18 150, 0.381996 [0.135238/20.342680] [ 491/0.340331]
  2  18 200, 0.358255 [0.151231/20.330599] [ 541/0.340331]
  2  18 250, 0.403528 [0.156135/20.319584] [ 591/0.340331]
  2  18 300, 0.389746 [0.156738/20.310151] [ 641/0.340331]
  2  18 350, 0.378243 [0.145318/20.297323] [ 691/0.340331]
Epoch 18 done. Evaluation:
(44530, 50000)
(8022, 10000)
  2  19  50, 0.348233 [0.155110/20.278215] [ 782/0.340331]
  2  19 100, 0.362553 [0.150712/20.267006] [ 832/0.340331]
  2  19 150, 0.347746 [0.155229/20.256231] [ 882/0.340331]
  2  19 200, 0.374256 [0.171093/20.245461] [ 932/0.340331]
  2  19 250, 0.361995 [0.114177/20.233388] [ 982/0.340331]
  2  19 300, 0.400868 [0.158144/20.222482] [1032/0.340331]
  2  19 350, 0.382310 [0.160697/20.210864] [1082/0.340331]
Epoch 19 done. Evaluation:
(44607, 50000)
(7732, 10000)
  3   0  50, 0.300931 [0.059313/20.189495] [   0/0.300931]
  3   0 100, 0.283532 [0.066637/20.178112] [   0/0.283532]
  3   0 150, 0.288573 [0.087714/20.167042] [  50/0.283532]
  3   0 200, 0.279205 [0.069279/20.156569] [   0/0.279205]
  3   0 250, 0.285460 [0.083471/20.145258] [  50/0.279205]
  3   0 300, 0.291256 [0.090291/20.135167] [ 100/0.279205]
  3   0 350, 0.295228 [0.083558/20.125336] [ 150/0.279205]
Epoch 0 done. Evaluation:
(46125, 50000)
(8598, 10000)
  3   1  50, 0.247023 [0.077220/20.108004] [   0/0.247023]
  3   1 100, 0.250290 [0.084123/20.098841] [  50/0.247023]
  3   1 150, 0.263176 [0.094791/20.089457] [ 100/0.247023]
  3   1 200, 0.276158 [0.059975/20.079961] [ 150/0.247023]
  3   1 250, 0.272018 [0.081613/20.071097] [ 200/0.247023]
  3   1 300, 0.289500 [0.107444/20.062252] [ 250/0.247023]
  3   1 350, 0.281535 [0.084289/20.053227] [ 300/0.247023]
Epoch 1 done. Evaluation:
(46399, 50000)
(8277, 10000)
  3   2  50, 0.246611 [0.090164/20.037312] [   0/0.246611]
  3   2 100, 0.250065 [0.073062/20.028515] [  50/0.246611]
  3   2 150, 0.264491 [0.077255/20.019752] [ 100/0.246611]
  3   2 200, 0.277193 [0.085102/20.010668] [ 150/0.246611]
  3   2 250, 0.291143 [0.093740/20.001712] [ 200/0.246611]
  3   2 300, 0.285589 [0.105334/19.992893] [ 250/0.246611]
  3   2 350, 0.291952 [0.092973/19.983592] [ 300/0.246611]
Epoch 2 done. Evaluation:
(46382, 50000)
(8499, 10000)
  3   3  50, 0.242118 [0.110338/19.968867] [   0/0.242118]
  3   3 100, 0.266200 [0.082248/19.960882] [  50/0.242118]
  3   3 150, 0.266207 [0.117921/19.953547] [ 100/0.242118]
  3   3 200, 0.267222 [0.078167/19.945689] [ 150/0.242118]
  3   3 250, 0.270482 [0.104864/19.937397] [ 200/0.242118]
  3   3 300, 0.302317 [0.100190/19.929394] [ 250/0.242118]
  3   3 350, 0.293194 [0.090579/19.920655] [ 300/0.242118]
Epoch 3 done. Evaluation:
(46337, 50000)
(8549, 10000)
  3   4  50, 0.254404 [0.113794/19.906138] [ 391/0.242118]
  3   4 100, 0.255842 [0.116301/19.898700] [ 441/0.242118]
  3   4 150, 0.274524 [0.105059/19.892226] [ 491/0.242118]
  3   4 200, 0.263051 [0.061482/19.884336] [ 541/0.242118]
  3   4 250, 0.291243 [0.103994/19.876278] [ 591/0.242118]
  3   4 300, 0.273857 [0.115245/19.868990] [ 641/0.242118]
  3   4 350, 0.287037 [0.112213/19.861571] [ 691/0.242118]
Epoch 4 done. Evaluation:
(46371, 50000)
(8047, 10000)
  3   5  50, 0.261986 [0.078231/19.848839] [ 782/0.242118]
  3   5 100, 0.270901 [0.100712/19.841590] [ 832/0.242118]
  3   5 150, 0.255849 [0.085885/19.834207] [ 882/0.242118]
  3   5 200, 0.266295 [0.113259/19.827225] [ 932/0.242118]
  3   5 250, 0.289978 [0.100086/19.820729] [ 982/0.242118]
  3   5 300, 0.266467 [0.094655/19.814310] [1032/0.242118]
  3   5 350, 0.302791 [0.110329/19.807682] [1082/0.242118]
Epoch 5 done. Evaluation:
(46289, 50000)
(8530, 10000)
  3   6  50, 0.252579 [0.100474/19.794473] [1173/0.242118]
  3   6 100, 0.258723 [0.085319/19.786798] [1223/0.242118]
  3   6 150, 0.259397 [0.111352/19.779724] [1273/0.242118]
  3   6 200, 0.253130 [0.102442/19.772978] [1323/0.242118]
  3   6 250, 0.292831 [0.097563/19.766533] [1373/0.242118]
  3   6 300, 0.310909 [0.125760/19.760257] [1423/0.242118]
  3   6 350, 0.285155 [0.083855/19.752639] [1473/0.242118]
Epoch 6 done. Evaluation:
(46280, 50000)
(8374, 10000)
  3   7  50, 0.250381 [0.110893/19.739161] [1564/0.242118]
  3   7 100, 0.255467 [0.128530/19.732818] [1614/0.242118]
  3   7 150, 0.274181 [0.106863/19.726217] [1664/0.242118]
  3   7 200, 0.259536 [0.081777/19.719892] [1714/0.242118]
  3   7 250, 0.284252 [0.095564/19.713732] [1764/0.242118]
  3   7 300, 0.299086 [0.077014/19.706271] [1814/0.242118]
  3   7 350, 0.299231 [0.102481/19.699800] [1864/0.242118]
Epoch 7 done. Evaluation:
(46359, 50000)
(8050, 10000)
  3   8  50, 0.258373 [0.086557/19.689139] [1955/0.242118]
  3   8 100, 0.244918 [0.088842/19.682453] [2005/0.242118]
  3   8 150, 0.283484 [0.096282/19.674756] [2055/0.242118]
  3   8 200, 0.268556 [0.096195/19.668104] [2105/0.242118]
  3   8 250, 0.288663 [0.101989/19.662279] [2155/0.242118]
  3   8 300, 0.298298 [0.121591/19.655115] [2205/0.242118]
  3   8 350, 0.289055 [0.085969/19.647176] [2255/0.242118]
Epoch 8 done. Evaluation:
(46256, 50000)
(8381, 10000)
  3   9  50, 0.250060 [0.083628/19.633695] [2346/0.242118]
  3   9 100, 0.267622 [0.109682/19.627032] [2396/0.242118]
  3   9 150, 0.258343 [0.097743/19.620894] [2446/0.242118]
  3   9 200, 0.276938 [0.084946/19.615302] [2496/0.242118]
  3   9 250, 0.285493 [0.098626/19.609791] [2546/0.242118]
  3   9 300, 0.274935 [0.103362/19.603230] [2596/0.242118]
  3   9 350, 0.289797 [0.080218/19.596813] [2646/0.242118]
Epoch 9 done. Evaluation:
(46311, 50000)
(8216, 10000)
  3  10  50, 0.236125 [0.070538/19.584648] [   0/0.236125]
  3  10 100, 0.263336 [0.080748/19.578504] [  50/0.236125]
  3  10 150, 0.275036 [0.108401/19.572188] [ 100/0.236125]
  3  10 200, 0.283602 [0.107953/19.566413] [ 150/0.236125]
  3  10 250, 0.277922 [0.093066/19.559939] [ 200/0.236125]
  3  10 300, 0.276117 [0.107103/19.554409] [ 250/0.236125]
  3  10 350, 0.285434 [0.090588/19.547418] [ 300/0.236125]
Epoch 10 done. Evaluation:
(46314, 50000)
(8291, 10000)
  3  11  50, 0.243075 [0.102546/19.535432] [ 391/0.236125]
  3  11 100, 0.264336 [0.097576/19.529595] [ 441/0.236125]
  3  11 150, 0.277626 [0.076380/19.524456] [ 491/0.236125]
  3  11 200, 0.291849 [0.090591/19.517936] [ 541/0.236125]
  3  11 250, 0.291682 [0.114484/19.511458] [ 591/0.236125]
  3  11 300, 0.290181 [0.090923/19.504700] [ 641/0.236125]
  3  11 350, 0.282216 [0.103864/19.497704] [ 691/0.236125]
Epoch 11 done. Evaluation:
(46191, 50000)
(8299, 10000)
  3  12  50, 0.248134 [0.091603/19.487174] [ 782/0.236125]
  3  12 100, 0.271025 [0.105364/19.481332] [ 832/0.236125]
  3  12 150, 0.271949 [0.119341/19.474829] [ 882/0.236125]
  3  12 200, 0.275011 [0.114785/19.468249] [ 932/0.236125]
  3  12 250, 0.263075 [0.083327/19.462026] [ 982/0.236125]
  3  12 300, 0.284241 [0.104611/19.456580] [1032/0.236125]
  3  12 350, 0.274099 [0.078385/19.450987] [1082/0.236125]
Epoch 12 done. Evaluation:
(46295, 50000)
(8273, 10000)
  3  13  50, 0.250476 [0.127736/19.439616] [1173/0.236125]
  3  13 100, 0.265015 [0.107372/19.433734] [1223/0.236125]
  3  13 150, 0.282964 [0.102548/19.427627] [1273/0.236125]
  3  13 200, 0.272135 [0.097279/19.421835] [1323/0.236125]
  3  13 250, 0.279097 [0.094794/19.416065] [1373/0.236125]
  3  13 300, 0.282140 [0.107556/19.409199] [1423/0.236125]
  3  13 350, 0.269385 [0.080591/19.402875] [1473/0.236125]
Epoch 13 done. Evaluation:
(46226, 50000)
(8488, 10000)
  3  14  50, 0.242493 [0.098699/19.391104] [1564/0.236125]
  3  14 100, 0.252112 [0.091674/19.383931] [1614/0.236125]
  3  14 150, 0.254372 [0.111209/19.377945] [1664/0.236125]
  3  14 200, 0.265096 [0.122708/19.372336] [1714/0.236125]
  3  14 250, 0.276532 [0.118847/19.365830] [1764/0.236125]
  3  14 300, 0.288096 [0.079391/19.358919] [1814/0.236125]
  3  14 350, 0.276417 [0.105637/19.352186] [1864/0.236125]
Epoch 14 done. Evaluation:
(46372, 50000)
(8086, 10000)
  3  15  50, 0.241199 [0.095651/19.339828] [1955/0.236125]
  3  15 100, 0.264180 [0.087282/19.334112] [2005/0.236125]
  3  15 150, 0.276612 [0.120641/19.328620] [2055/0.236125]
  3  15 200, 0.268358 [0.103708/19.322863] [2105/0.236125]
  3  15 250, 0.273126 [0.104902/19.317309] [2155/0.236125]
  3  15 300, 0.294690 [0.095606/19.310545] [2205/0.236125]
  3  15 350, 0.286693 [0.093823/19.305082] [2255/0.236125]
Epoch 15 done. Evaluation:
(46305, 50000)
(8411, 10000)
  3  16  50, 0.254045 [0.112309/19.293899] [2346/0.236125]
  3  16 100, 0.249825 [0.107583/19.288191] [2396/0.236125]
  3  16 150, 0.265172 [0.113730/19.282316] [2446/0.236125]
  3  16 200, 0.268551 [0.102277/19.276489] [2496/0.236125]
  3  16 250, 0.280668 [0.110684/19.271585] [2546/0.236125]
  3  16 300, 0.291304 [0.103042/19.266026] [2596/0.236125]
  3  16 350, 0.275907 [0.099006/19.259513] [2646/0.236125]
Epoch 16 done. Evaluation:
(46364, 50000)
(8512, 10000)
  3  17  50, 0.246214 [0.128816/19.247112] [2737/0.236125]
  3  17 100, 0.252494 [0.082204/19.240192] [2787/0.236125]
  3  17 150, 0.263027 [0.093650/19.234084] [2837/0.236125]
  3  17 200, 0.275053 [0.075637/19.227371] [2887/0.236125]
  3  17 250, 0.279801 [0.114199/19.221553] [2937/0.236125]
  3  17 300, 0.288905 [0.091223/19.216099] [2987/0.236125]
  3  17 350, 0.288037 [0.101927/19.209825] [3037/0.236125]
Epoch 17 done. Evaluation:
(46321, 50000)
(8430, 10000)
  3  18  50, 0.254244 [0.082504/19.199511] [3128/0.236125]
  3  18 100, 0.249193 [0.117183/19.194483] [3178/0.236125]
  3  18 150, 0.270792 [0.137814/19.189492] [3228/0.236125]
  3  18 200, 0.266328 [0.095182/19.182453] [3278/0.236125]
  3  18 250, 0.269756 [0.093901/19.176374] [3328/0.236125]
  3  18 300, 0.291140 [0.111239/19.170115] [3378/0.236125]
  3  18 350, 0.276755 [0.106084/19.164446] [3428/0.236125]
Epoch 18 done. Evaluation:
(46331, 50000)
(8367, 10000)
  3  19  50, 0.274462 [0.095438/19.154541] [3519/0.236125]
  3  19 100, 0.256549 [0.107454/19.148596] [3569/0.236125]
  3  19 150, 0.263623 [0.104999/19.142954] [3619/0.236125]
  3  19 200, 0.258659 [0.119381/19.136936] [3669/0.236125]
  3  19 250, 0.279970 [0.114238/19.130393] [3719/0.236125]
  3  19 300, 0.285363 [0.091156/19.123761] [3769/0.236125]
  3  19 350, 0.279222 [0.107754/19.118101] [3819/0.236125]
Epoch 19 done. Evaluation:
(46302, 50000)
(8035, 10000)
  4   0  50, 0.228788 [0.030502/19.107694] [   0/0.228788]
  4   0 100, 0.206629 [0.039895/19.101672] [   0/0.206629]
  4   0 150, 0.198461 [0.044612/19.095951] [   0/0.198461]
  4   0 200, 0.197169 [0.032225/19.090297] [   0/0.197169]
  4   0 250, 0.192485 [0.039809/19.084791] [   0/0.192485]
  4   0 300, 0.190670 [0.052650/19.079703] [   0/0.190670]
  4   0 350, 0.185880 [0.056772/19.074333] [   0/0.185880]
Epoch 0 done. Evaluation:
(47686, 50000)
(8668, 10000)
  4   1  50, 0.152755 [0.035478/19.064044] [   0/0.152755]
  4   1 100, 0.162308 [0.034595/19.058665] [  50/0.152755]
  4   1 150, 0.175324 [0.037787/19.053737] [ 100/0.152755]
  4   1 200, 0.184932 [0.053542/19.048816] [ 150/0.152755]
  4   1 250, 0.178952 [0.054954/19.043973] [ 200/0.152755]
  4   1 300, 0.177400 [0.051642/19.038834] [ 250/0.152755]
  4   1 350, 0.183162 [0.038869/19.033919] [ 300/0.152755]
Epoch 1 done. Evaluation:
(48112, 50000)
(8643, 10000)
  4   2  50, 0.158398 [0.039568/19.024792] [ 391/0.152755]
  4   2 100, 0.157902 [0.035377/19.019725] [ 441/0.152755]
  4   2 150, 0.160209 [0.040505/19.014690] [ 491/0.152755]
  4   2 200, 0.155319 [0.045588/19.009619] [ 541/0.152755]
  4   2 250, 0.167497 [0.057697/19.004785] [ 591/0.152755]
  4   2 300, 0.177450 [0.062700/18.999948] [ 641/0.152755]
  4   2 350, 0.184703 [0.047635/18.995073] [ 691/0.152755]
Epoch 2 done. Evaluation:
(48297, 50000)
(8590, 10000)
  4   3  50, 0.154245 [0.048784/18.986243] [ 782/0.152755]
  4   3 100, 0.167797 [0.045142/18.981531] [ 832/0.152755]
  4   3 150, 0.160676 [0.034952/18.976419] [ 882/0.152755]
  4   3 200, 0.157981 [0.047937/18.971549] [ 932/0.152755]
  4   3 250, 0.158654 [0.023639/18.966860] [ 982/0.152755]
  4   3 300, 0.165865 [0.050061/18.962435] [1032/0.152755]
  4   3 350, 0.189877 [0.052334/18.958198] [1082/0.152755]
Epoch 3 done. Evaluation:
(48235, 50000)
(8576, 10000)
  4   4  50, 0.165085 [0.049814/18.949631] [1173/0.152755]
  4   4 100, 0.159491 [0.061431/18.944698] [1223/0.152755]
  4   4 150, 0.167430 [0.054349/18.939827] [1273/0.152755]
  4   4 200, 0.163378 [0.066069/18.935197] [1323/0.152755]
  4   4 250, 0.163787 [0.044805/18.930341] [1373/0.152755]
  4   4 300, 0.174472 [0.046032/18.926162] [1423/0.152755]
  4   4 350, 0.185206 [0.064625/18.921685] [1473/0.152755]
Epoch 4 done. Evaluation:
(48179, 50000)
(8254, 10000)
  4   5  50, 0.162183 [0.059657/18.913770] [1564/0.152755]
  4   5 100, 0.173865 [0.061777/18.909218] [1614/0.152755]
  4   5 150, 0.161052 [0.075984/18.904833] [1664/0.152755]
  4   5 200, 0.160824 [0.071158/18.900381] [1714/0.152755]
  4   5 250, 0.178481 [0.055729/18.896425] [1764/0.152755]
  4   5 300, 0.175961 [0.054046/18.892187] [1814/0.152755]
  4   5 350, 0.183894 [0.064705/18.887985] [1864/0.152755]
Epoch 5 done. Evaluation:
(48088, 50000)
(8269, 10000)
  4   6  50, 0.157237 [0.056404/18.879968] [1955/0.152755]
  4   6 100, 0.162346 [0.036700/18.875629] [2005/0.152755]
  4   6 150, 0.155542 [0.049160/18.870825] [2055/0.152755]
  4   6 200, 0.166494 [0.055203/18.866092] [2105/0.152755]
  4   6 250, 0.164803 [0.085508/18.861976] [2155/0.152755]
  4   6 300, 0.170457 [0.040272/18.857468] [2205/0.152755]
  4   6 350, 0.179394 [0.067952/18.853633] [2255/0.152755]
Epoch 6 done. Evaluation:
(48177, 50000)
(8400, 10000)
  4   7  50, 0.152071 [0.055914/18.845804] [   0/0.152071]
  4   7 100, 0.160837 [0.048007/18.841675] [  50/0.152071]
  4   7 150, 0.163378 [0.077697/18.837909] [ 100/0.152071]
  4   7 200, 0.162173 [0.044963/18.833245] [ 150/0.152071]
  4   7 250, 0.180051 [0.064302/18.829466] [ 200/0.152071]
  4   7 300, 0.177971 [0.065571/18.825538] [ 250/0.152071]
  4   7 350, 0.179403 [0.066392/18.821156] [ 300/0.152071]
Epoch 7 done. Evaluation:
(48094, 50000)
(8487, 10000)
  4   8  50, 0.150673 [0.033059/18.813627] [   0/0.150673]
  4   8 100, 0.154122 [0.051735/18.809273] [  50/0.150673]
  4   8 150, 0.168640 [0.058480/18.804941] [ 100/0.150673]
  4   8 200, 0.174505 [0.055265/18.800900] [ 150/0.150673]
  4   8 250, 0.169936 [0.054207/18.796837] [ 200/0.150673]
  4   8 300, 0.180905 [0.047257/18.792630] [ 250/0.150673]
  4   8 350, 0.174391 [0.054085/18.788938] [ 300/0.150673]
Epoch 8 done. Evaluation:
(48120, 50000)
(8593, 10000)
  4   9  50, 0.151744 [0.071967/18.781607] [ 391/0.150673]
  4   9 100, 0.162653 [0.046625/18.777518] [ 441/0.150673]
  4   9 150, 0.159578 [0.055150/18.773556] [ 491/0.150673]
  4   9 200, 0.172276 [0.073049/18.769673] [ 541/0.150673]
  4   9 250, 0.190818 [0.068158/18.765991] [ 591/0.150673]
  4   9 300, 0.170477 [0.073156/18.761842] [ 641/0.150673]
  4   9 350, 0.182319 [0.050925/18.758524] [ 691/0.150673]
Epoch 9 done. Evaluation:
(48085, 50000)
(8395, 10000)
  4  10  50, 0.155830 [0.036785/18.751019] [ 782/0.150673]
  4  10 100, 0.152320 [0.081732/18.747149] [ 832/0.150673]
  4  10 150, 0.170184 [0.059504/18.743098] [ 882/0.150673]
  4  10 200, 0.165483 [0.074584/18.738493] [ 932/0.150673]
  4  10 250, 0.173529 [0.047798/18.734854] [ 982/0.150673]
  4  10 300, 0.185452 [0.057660/18.731019] [1032/0.150673]
  4  10 350, 0.185109 [0.067956/18.727747] [1082/0.150673]
Epoch 10 done. Evaluation:
(48104, 50000)
(8350, 10000)
  4  11  50, 0.157849 [0.042047/18.719922] [1173/0.150673]
  4  11 100, 0.166380 [0.067104/18.715895] [1223/0.150673]
  4  11 150, 0.166897 [0.053217/18.712113] [1273/0.150673]
  4  11 200, 0.176415 [0.038934/18.708416] [1323/0.150673]
  4  11 250, 0.169576 [0.047979/18.704656] [1373/0.150673]
  4  11 300, 0.186677 [0.073921/18.700674] [1423/0.150673]
  4  11 350, 0.178558 [0.054417/18.697300] [1473/0.150673]
Epoch 11 done. Evaluation:
(48002, 50000)
(8504, 10000)
  4  12  50, 0.169948 [0.064504/18.690524] [1564/0.150673]
  4  12 100, 0.174003 [0.052959/18.687240] [1614/0.150673]
  4  12 150, 0.157317 [0.057065/18.682813] [1664/0.150673]
  4  12 200, 0.175944 [0.045569/18.678864] [1714/0.150673]
  4  12 250, 0.176047 [0.048060/18.674784] [1764/0.150673]
  4  12 300, 0.180737 [0.055755/18.671147] [1814/0.150673]
  4  12 350, 0.187520 [0.068476/18.667528] [1864/0.150673]
Epoch 12 done. Evaluation:
(47967, 50000)
(8450, 10000)
  4  13  50, 0.168989 [0.067499/18.661208] [1955/0.150673]
  4  13 100, 0.171260 [0.051649/18.657404] [2005/0.150673]
  4  13 150, 0.152080 [0.056749/18.653449] [2055/0.150673]
  4  13 200, 0.172898 [0.049691/18.650064] [2105/0.150673]
  4  13 250, 0.179457 [0.052531/18.646169] [2155/0.150673]
  4  13 300, 0.173084 [0.077950/18.642936] [2205/0.150673]
  4  13 350, 0.193586 [0.069194/18.639756] [2255/0.150673]
Epoch 13 done. Evaluation:
(48003, 50000)
(8362, 10000)
  4  14  50, 0.175135 [0.058065/18.633133] [2346/0.150673]
  4  14 100, 0.159180 [0.060166/18.629337] [2396/0.150673]
  4  14 150, 0.175355 [0.061873/18.625329] [2446/0.150673]
  4  14 200, 0.168591 [0.038940/18.621189] [2496/0.150673]
  4  14 250, 0.175691 [0.082139/18.617807] [2546/0.150673]
  4  14 300, 0.185547 [0.067452/18.614552] [2596/0.150673]
  4  14 350, 0.176966 [0.070971/18.610908] [2646/0.150673]
Epoch 14 done. Evaluation:
(47982, 50000)
(8584, 10000)
  4  15  50, 0.163691 [0.054292/18.604016] [2737/0.150673]
  4  15 100, 0.165072 [0.048909/18.600413] [2787/0.150673]
  4  15 150, 0.176125 [0.076803/18.596946] [2837/0.150673]
  4  15 200, 0.171400 [0.056228/18.593240] [2887/0.150673]
  4  15 250, 0.172705 [0.076726/18.589579] [2937/0.150673]
  4  15 300, 0.182975 [0.041761/18.586458] [2987/0.150673]
  4  15 350, 0.185450 [0.048060/18.583024] [3037/0.150673]
Epoch 15 done. Evaluation:
(47976, 50000)
(8408, 10000)
  4  16  50, 0.171046 [0.065924/18.576847] [3128/0.150673]
  4  16 100, 0.173113 [0.062565/18.573168] [3178/0.150673]
  4  16 150, 0.173472 [0.087515/18.570159] [3228/0.150673]
  4  16 200, 0.174487 [0.060888/18.566821] [3278/0.150673]
  4  16 250, 0.180890 [0.073274/18.563273] [3328/0.150673]
  4  16 300, 0.174253 [0.063438/18.559497] [3378/0.150673]
  4  16 350, 0.197478 [0.065782/18.556746] [3428/0.150673]
Epoch 16 done. Evaluation:
(47949, 50000)
(8549, 10000)
  4  17  50, 0.156240 [0.049514/18.549874] [3519/0.150673]
  4  17 100, 0.168379 [0.046569/18.546338] [3569/0.150673]
  4  17 150, 0.175987 [0.058429/18.542652] [3619/0.150673]
  4  17 200, 0.172344 [0.063717/18.538939] [3669/0.150673]
  4  17 250, 0.178564 [0.068633/18.535454] [3719/0.150673]
  4  17 300, 0.177515 [0.075101/18.532036] [3769/0.150673]
  4  17 350, 0.179961 [0.059341/18.528414] [3819/0.150673]
Epoch 17 done. Evaluation:
(47964, 50000)
(8512, 10000)
  4  18  50, 0.162391 [0.037155/18.521831] [3910/0.150673]
  4  18 100, 0.171731 [0.073468/18.518306] [3960/0.150673]
  4  18 150, 0.175633 [0.036240/18.514642] [4010/0.150673]
  4  18 200, 0.165175 [0.064393/18.510452] [4060/0.150673]
  4  18 250, 0.185584 [0.066106/18.507408] [4110/0.150673]
  4  18 300, 0.182655 [0.079115/18.504535] [4160/0.150673]
  4  18 350, 0.195090 [0.059976/18.501563] [4210/0.150673]
Epoch 18 done. Evaluation:
(47944, 50000)
(8350, 10000)
  4  19  50, 0.166691 [0.062095/18.495071] [4301/0.150673]
  4  19 100, 0.158390 [0.059441/18.491172] [4351/0.150673]
  4  19 150, 0.173600 [0.053605/18.488078] [4401/0.150673]
  4  19 200, 0.174905 [0.058732/18.484990] [4451/0.150673]
  4  19 250, 0.176499 [0.073867/18.481881] [4501/0.150673]
  4  19 300, 0.189649 [0.054515/18.478256] [4551/0.150673]
  4  19 350, 0.193819 [0.075341/18.474790] [4601/0.150673]
Epoch 19 done. Evaluation:
(47917, 50000)
(8379, 10000)
  5   0  50, 0.135991 [0.024616/18.468508] [   0/0.135991]
  5   0 100, 0.125002 [0.016678/18.465292] [   0/0.125002]
  5   0 150, 0.127363 [0.017175/18.462095] [  50/0.125002]
  5   0 200, 0.124259 [0.010971/18.458822] [   0/0.124259]
  5   0 250, 0.115770 [0.028077/18.455713] [   0/0.115770]
  5   0 300, 0.116860 [0.013321/18.452506] [  50/0.115770]
  5   0 350, 0.115807 [0.021113/18.449339] [ 100/0.115770]
Epoch 0 done. Evaluation:
(49004, 50000)
(8744, 10000)
  5   1  50, 0.105899 [0.017150/18.443509] [   0/0.105899]
  5   1 100, 0.097022 [0.012541/18.440186] [   0/0.097022]
  5   1 150, 0.101093 [0.011843/18.436869] [  50/0.097022]
  5   1 200, 0.101670 [0.028500/18.433626] [ 100/0.097022]
  5   1 250, 0.103248 [0.020635/18.430399] [ 150/0.097022]
  5   1 300, 0.103612 [0.025932/18.427318] [ 200/0.097022]
  5   1 350, 0.108454 [0.032406/18.424338] [ 250/0.097022]
Epoch 1 done. Evaluation:
(49386, 50000)
(8761, 10000)
  5   2  50, 0.094252 [0.013303/18.418631] [   0/0.094252]
  5   2 100, 0.098360 [0.017279/18.415450] [  50/0.094252]
  5   2 150, 0.094318 [0.027719/18.412235] [ 100/0.094252]
  5   2 200, 0.094168 [0.025388/18.409075] [   0/0.094168]
  5   2 250, 0.091531 [0.006830/18.405785] [   0/0.091531]
  5   2 300, 0.096595 [0.022981/18.402645] [  50/0.091531]
  5   2 350, 0.103466 [0.018832/18.399419] [ 100/0.091531]
Epoch 2 done. Evaluation:
(49529, 50000)
(8738, 10000)
  5   3  50, 0.090636 [0.022901/18.393556] [   0/0.090636]
  5   3 100, 0.087878 [0.019116/18.390302] [   0/0.087878]
  5   3 150, 0.090531 [0.014497/18.387104] [  50/0.087878]
  5   3 200, 0.087804 [0.019377/18.383817] [   0/0.087804]
  5   3 250, 0.092912 [0.019612/18.380591] [  50/0.087804]
  5   3 300, 0.096543 [0.019220/18.377470] [ 100/0.087804]
  5   3 350, 0.097470 [0.018873/18.374491] [ 150/0.087804]
Epoch 3 done. Evaluation:
(49568, 50000)
(8739, 10000)
  5   4  50, 0.088201 [0.024041/18.368951] [ 241/0.087804]
  5   4 100, 0.090379 [0.005860/18.365815] [ 291/0.087804]
  5   4 150, 0.086903 [0.020777/18.362587] [   0/0.086903]
  5   4 200, 0.087872 [0.015200/18.359407] [  50/0.086903]
  5   4 250, 0.089042 [0.018799/18.356281] [ 100/0.086903]
  5   4 300, 0.089548 [0.024836/18.352905] [ 150/0.086903]
  5   4 350, 0.090214 [0.026262/18.349826] [ 200/0.086903]
Epoch 4 done. Evaluation:
(49619, 50000)
(8784, 10000)
  5   5  50, 0.082260 [0.014800/18.344065] [   0/0.082260]
  5   5 100, 0.085410 [0.037277/18.340984] [  50/0.082260]
  5   5 150, 0.090887 [0.019625/18.337901] [ 100/0.082260]
  5   5 200, 0.077887 [0.009085/18.334593] [   0/0.077887]
  5   5 250, 0.092860 [0.015611/18.331407] [  50/0.077887]
  5   5 300, 0.095458 [0.017890/18.328538] [ 100/0.077887]
  5   5 350, 0.095153 [0.024738/18.325613] [ 150/0.077887]
Epoch 5 done. Evaluation:
(49608, 50000)
(8704, 10000)
  5   6  50, 0.084859 [0.018161/18.320107] [ 241/0.077887]
  5   6 100, 0.087443 [0.013357/18.317129] [ 291/0.077887]
  5   6 150, 0.087181 [0.030017/18.314073] [ 341/0.077887]
  5   6 200, 0.091790 [0.035133/18.311158] [ 391/0.077887]
  5   6 250, 0.098394 [0.013652/18.308376] [ 441/0.077887]
  5   6 300, 0.090843 [0.025201/18.305481] [ 491/0.077887]
  5   6 350, 0.091606 [0.027371/18.302612] [ 541/0.077887]
Epoch 6 done. Evaluation:
(49583, 50000)
(8724, 10000)
  5   7  50, 0.081968 [0.009658/18.297089] [ 632/0.077887]
  5   7 100, 0.091750 [0.029728/18.294254] [ 682/0.077887]
  5   7 150, 0.087435 [0.011915/18.291328] [ 732/0.077887]
  5   7 200, 0.090313 [0.024738/18.288463] [ 782/0.077887]
  5   7 250, 0.090650 [0.020817/18.285714] [ 832/0.077887]
  5   7 300, 0.097925 [0.019959/18.282986] [ 882/0.077887]
  5   7 350, 0.097462 [0.020237/18.280220] [ 932/0.077887]
Epoch 7 done. Evaluation:
(49529, 50000)
(8640, 10000)
  5   8  50, 0.091243 [0.021888/18.275483] [1023/0.077887]
  5   8 100, 0.085417 [0.012174/18.272525] [1073/0.077887]
  5   8 150, 0.089492 [0.027466/18.269514] [1123/0.077887]
  5   8 200, 0.091157 [0.042042/18.266641] [1173/0.077887]
  5   8 250, 0.089384 [0.019648/18.263743] [1223/0.077887]
  5   8 300, 0.093785 [0.038932/18.260999] [1273/0.077887]
  5   8 350, 0.098496 [0.030923/18.258337] [1323/0.077887]
Epoch 8 done. Evaluation:
(49527, 50000)
(8772, 10000)
  5   9  50, 0.092653 [0.034051/18.253216] [1414/0.077887]
  5   9 100, 0.097983 [0.028384/18.250592] [1464/0.077887]
  5   9 150, 0.097613 [0.020651/18.247841] [1514/0.077887]
  5   9 200, 0.092049 [0.029908/18.245064] [1564/0.077887]
  5   9 250, 0.091002 [0.027001/18.242366] [1614/0.077887]
  5   9 300, 0.094097 [0.013151/18.239633] [1664/0.077887]
  5   9 350, 0.100805 [0.015818/18.237125] [1714/0.077887]
Epoch 9 done. Evaluation:
(49428, 50000)
(8653, 10000)
  5  10  50, 0.093558 [0.029123/18.232373] [1805/0.077887]
  5  10 100, 0.094811 [0.030081/18.229711] [1855/0.077887]
  5  10 150, 0.092623 [0.014564/18.227039] [1905/0.077887]
  5  10 200, 0.092916 [0.017303/18.224418] [1955/0.077887]
  5  10 250, 0.092360 [0.020842/18.221674] [2005/0.077887]
  5  10 300, 0.092663 [0.028054/18.218920] [2055/0.077887]
  5  10 350, 0.101755 [0.027776/18.216372] [2105/0.077887]
Epoch 10 done. Evaluation:
(49421, 50000)
(8742, 10000)
  5  11  50, 0.091042 [0.020230/18.211556] [2196/0.077887]
  5  11 100, 0.089004 [0.051638/18.208792] [2246/0.077887]
  5  11 150, 0.091536 [0.019923/18.206123] [2296/0.077887]
  5  11 200, 0.090411 [0.018130/18.203397] [2346/0.077887]
  5  11 250, 0.102525 [0.026755/18.201097] [2396/0.077887]
  5  11 300, 0.100517 [0.024942/18.198564] [2446/0.077887]
  5  11 350, 0.110768 [0.032530/18.196387] [2496/0.077887]
Epoch 11 done. Evaluation:
(49426, 50000)
(8649, 10000)
  5  12  50, 0.093307 [0.020006/18.191783] [2587/0.077887]
  5  12 100, 0.098271 [0.025770/18.189192] [2637/0.077887]
  5  12 150, 0.091299 [0.026145/18.186422] [2687/0.077887]
  5  12 200, 0.100237 [0.047798/18.183978] [2737/0.077887]
  5  12 250, 0.095496 [0.008375/18.181422] [2787/0.077887]
  5  12 300, 0.100954 [0.025526/18.178947] [2837/0.077887]
  5  12 350, 0.104875 [0.028282/18.176741] [2887/0.077887]
Epoch 12 done. Evaluation:
(49394, 50000)
(8696, 10000)
  5  13  50, 0.094690 [0.028096/18.172394] [2978/0.077887]
  5  13 100, 0.103154 [0.031110/18.169997] [3028/0.077887]
  5  13 150, 0.103733 [0.030991/18.167776] [3078/0.077887]
  5  13 200, 0.099843 [0.035785/18.165291] [3128/0.077887]
  5  13 250, 0.100676 [0.038238/18.162855] [3178/0.077887]
  5  13 300, 0.107433 [0.014221/18.160488] [3228/0.077887]
  5  13 350, 0.117733 [0.059091/18.158628] [3278/0.077887]
Epoch 13 done. Evaluation:
(49249, 50000)
(8667, 10000)
  5  14  50, 0.093919 [0.009933/18.154095] [3369/0.077887]
  5  14 100, 0.103004 [0.027759/18.151797] [3419/0.077887]
  5  14 150, 0.097101 [0.024913/18.149185] [3469/0.077887]
  5  14 200, 0.101644 [0.035951/18.146755] [3519/0.077887]
  5  14 250, 0.100106 [0.036553/18.144257] [3569/0.077887]
  5  14 300, 0.103116 [0.027321/18.141830] [3619/0.077887]
  5  14 350, 0.120912 [0.031350/18.140117] [3669/0.077887]
Epoch 14 done. Evaluation:
(49277, 50000)
(8586, 10000)
  5  15  50, 0.110345 [0.038282/18.136418] [3760/0.077887]
  5  15 100, 0.105141 [0.033615/18.134240] [3810/0.077887]
  5  15 150, 0.102129 [0.027571/18.131869] [3860/0.077887]
  5  15 200, 0.104226 [0.020288/18.129599] [3910/0.077887]
  5  15 250, 0.107431 [0.020516/18.127205] [3960/0.077887]
  5  15 300, 0.107541 [0.041837/18.125098] [4010/0.077887]
  5  15 350, 0.112242 [0.038352/18.123088] [4060/0.077887]
Epoch 15 done. Evaluation:
(49208, 50000)
(8675, 10000)
  5  16  50, 0.097160 [0.010031/18.118766] [4151/0.077887]
  5  16 100, 0.094629 [0.030069/18.116075] [4201/0.077887]
  5  16 150, 0.097955 [0.021948/18.113634] [4251/0.077887]
  5  16 200, 0.111105 [0.057106/18.111451] [4301/0.077887]
  5  16 250, 0.112979 [0.017490/18.109317] [4351/0.077887]
  5  16 300, 0.110808 [0.033279/18.107158] [4401/0.077887]
  5  16 350, 0.124221 [0.039950/18.105425] [4451/0.077887]
Epoch 16 done. Evaluation:
(49205, 50000)
(8622, 10000)
  5  17  50, 0.102662 [0.031494/18.101510] [4542/0.077887]
  5  17 100, 0.106655 [0.015807/18.099246] [4592/0.077887]
  5  17 150, 0.095662 [0.017329/18.096737] [4642/0.077887]
  5  17 200, 0.099852 [0.038395/18.094422] [4692/0.077887]
  5  17 250, 0.114312 [0.030269/18.092449] [4742/0.077887]
  5  17 300, 0.108498 [0.026428/18.090309] [4792/0.077887]
  5  17 350, 0.105720 [0.031756/18.087997] [4842/0.077887]
Epoch 17 done. Evaluation:
(49244, 50000)
(8570, 10000)
  5  18  50, 0.108286 [0.025486/18.083894] [4933/0.077887]
  5  18 100, 0.098279 [0.034444/18.081363] [4983/0.077887]
  5  18 150, 0.109162 [0.029116/18.079116] [5033/0.077887]
  5  18 200, 0.102932 [0.032407/18.076718] [5083/0.077887]
  5  18 250, 0.107949 [0.034407/18.074673] [5133/0.077887]
  5  18 300, 0.120370 [0.038337/18.072890] [5183/0.077887]
  5  18 350, 0.119849 [0.034954/18.070993] [5233/0.077887]
Epoch 18 done. Evaluation:
(49125, 50000)
(8345, 10000)
  5  19  50, 0.108481 [0.030574/18.067389] [5324/0.077887]
  5  19 100, 0.105007 [0.032883/18.065069] [5374/0.077887]
  5  19 150, 0.110412 [0.025880/18.062952] [5424/0.077887]
  5  19 200, 0.105432 [0.045083/18.060747] [5474/0.077887]
  5  19 250, 0.119870 [0.032315/18.058640] [5524/0.077887]
  5  19 300, 0.115590 [0.032865/18.056553] [5574/0.077887]
  5  19 350, 0.109216 [0.033632/18.054425] [5624/0.077887]
Epoch 19 done. Evaluation:
(49108, 50000)
(8629, 10000)
  6   0  50, 0.095845 [0.009669/18.051632] [5715/0.077887]
  6   0 100, 0.086238 [0.007321/18.049997] [5765/0.077887]
  6   0 150, 0.085757 [0.006740/18.048347] [5815/0.077887]
  6   0 200, 0.086262 [0.013142/18.046739] [5865/0.077887]
  6   0 250, 0.083548 [0.008834/18.045151] [5915/0.077887]
  6   0 300, 0.081506 [0.006213/18.043514] [5965/0.077887]
  6   0 350, 0.083669 [0.006267/18.041884] [6015/0.077887]
Epoch 0 done. Evaluation:
(49630, 50000)
(8765, 10000)
  6   1  50, 0.072704 [0.011266/18.038791] [   0/0.072704]
  6   1 100, 0.078752 [0.006604/18.037118] [  50/0.072704]
  6   1 150, 0.074528 [0.008491/18.035410] [ 100/0.072704]
  6   1 200, 0.078266 [0.008799/18.033690] [ 150/0.072704]
  6   1 250, 0.076842 [0.006387/18.032034] [ 200/0.072704]
  6   1 300, 0.073649 [0.006169/18.030353] [ 250/0.072704]
  6   1 350, 0.071515 [0.011832/18.028639] [   0/0.071515]
Epoch 1 done. Evaluation:
(49768, 50000)
(8799, 10000)
  6   2  50, 0.068187 [0.007755/18.025517] [   0/0.068187]
  6   2 100, 0.068163 [0.007190/18.023747] [   0/0.068163]
  6   2 150, 0.066306 [0.006051/18.021970] [   0/0.066306]
  6   2 200, 0.068979 [0.006716/18.020238] [  50/0.066306]
  6   2 250, 0.072004 [0.015217/18.018526] [ 100/0.066306]
  6   2 300, 0.071838 [0.003133/18.016829] [ 150/0.066306]
  6   2 350, 0.071682 [0.006157/18.015130] [ 200/0.066306]
Epoch 2 done. Evaluation:
(49857, 50000)
(8788, 10000)
  6   3  50, 0.071072 [0.002788/18.012071] [ 291/0.066306]
  6   3 100, 0.072404 [0.010086/18.010399] [ 341/0.066306]
  6   3 150, 0.069863 [0.008804/18.008716] [ 391/0.066306]
  6   3 200, 0.066195 [0.005641/18.006963] [   0/0.066195]
  6   3 250, 0.069304 [0.008175/18.005264] [  50/0.066195]
  6   3 300, 0.069007 [0.004735/18.003599] [ 100/0.066195]
  6   3 350, 0.065144 [0.008533/18.001890] [   0/0.065144]
Epoch 3 done. Evaluation:
(49889, 50000)
(8781, 10000)
  6   4  50, 0.065954 [0.004231/17.998750] [  91/0.065144]
  6   4 100, 0.064724 [0.007804/17.996976] [   0/0.064724]
  6   4 150, 0.068331 [0.004009/17.995276] [  50/0.064724]
  6   4 200, 0.066039 [0.004123/17.993571] [ 100/0.064724]
  6   4 250, 0.067900 [0.004049/17.991876] [ 150/0.064724]
  6   4 300, 0.069093 [0.011489/17.990198] [ 200/0.064724]
  6   4 350, 0.067361 [0.006373/17.988532] [ 250/0.064724]
Epoch 4 done. Evaluation:
(49898, 50000)
(8757, 10000)
  6   5  50, 0.067211 [0.005550/17.985421] [ 341/0.064724]
  6   5 100, 0.065721 [0.005650/17.983733] [ 391/0.064724]
  6   5 150, 0.066107 [0.006242/17.982032] [ 441/0.064724]
  6   5 200, 0.065776 [0.007191/17.980335] [ 491/0.064724]
  6   5 250, 0.067994 [0.008210/17.978682] [ 541/0.064724]
  6   5 300, 0.066816 [0.004673/17.977015] [ 591/0.064724]
  6   5 350, 0.067446 [0.008520/17.975363] [ 641/0.064724]
Epoch 5 done. Evaluation:
(49908, 50000)
(8772, 10000)
  6   6  50, 0.065568 [0.004667/17.972333] [ 732/0.064724]
  6   6 100, 0.065073 [0.008020/17.970652] [ 782/0.064724]
  6   6 150, 0.064953 [0.008902/17.968952] [ 832/0.064724]
  6   6 200, 0.064978 [0.003615/17.967243] [ 882/0.064724]
  6   6 250, 0.066422 [0.004624/17.965584] [ 932/0.064724]
  6   6 300, 0.069800 [0.006977/17.963999] [ 982/0.064724]
  6   6 350, 0.067895 [0.004582/17.962329] [1032/0.064724]
Epoch 6 done. Evaluation:
(49906, 50000)
(8746, 10000)
  6   7  50, 0.066135 [0.005016/17.959366] [1123/0.064724]
  6   7 100, 0.064779 [0.003229/17.957710] [1173/0.064724]
  6   7 150, 0.067863 [0.006403/17.956061] [1223/0.064724]
  6   7 200, 0.069463 [0.003253/17.954475] [1273/0.064724]
  6   7 250, 0.065042 [0.008434/17.952855] [1323/0.064724]
  6   7 300, 0.066998 [0.006585/17.951209] [1373/0.064724]
  6   7 350, 0.069633 [0.006136/17.949600] [1423/0.064724]
Epoch 7 done. Evaluation:
(49907, 50000)
(8714, 10000)
  6   8  50, 0.066727 [0.009251/17.946709] [1514/0.064724]
  6   8 100, 0.067679 [0.006164/17.945130] [1564/0.064724]
  6   8 150, 0.065920 [0.002504/17.943497] [1614/0.064724]
  6   8 200, 0.065908 [0.008258/17.941855] [1664/0.064724]
  6   8 250, 0.066180 [0.003578/17.940226] [1714/0.064724]
  6   8 300, 0.065953 [0.004367/17.938601] [1764/0.064724]
  6   8 350, 0.065306 [0.006433/17.936969] [1814/0.064724]
Epoch 8 done. Evaluation:
(49914, 50000)
(8762, 10000)
  6   9  50, 0.065493 [0.008301/17.934088] [1905/0.064724]
  6   9 100, 0.069393 [0.010113/17.932533] [1955/0.064724]
  6   9 150, 0.066700 [0.007476/17.930914] [2005/0.064724]
  6   9 200, 0.065236 [0.002667/17.929289] [2055/0.064724]
  6   9 250, 0.064916 [0.005134/17.927663] [2105/0.064724]
  6   9 300, 0.065326 [0.005311/17.926047] [2155/0.064724]
  6   9 350, 0.068249 [0.007818/17.924498] [2205/0.064724]
Epoch 9 done. Evaluation:
(49914, 50000)
(8760, 10000)
  6  10  50, 0.066101 [0.004393/17.921611] [2296/0.064724]
  6  10 100, 0.066556 [0.003854/17.920031] [2346/0.064724]
  6  10 150, 0.067163 [0.009221/17.918482] [2396/0.064724]
  6  10 200, 0.069973 [0.005425/17.916951] [2446/0.064724]
  6  10 250, 0.071185 [0.006266/17.915457] [2496/0.064724]
  6  10 300, 0.073629 [0.012120/17.914027] [2546/0.064724]
  6  10 350, 0.070117 [0.008360/17.912509] [2596/0.064724]
Epoch 10 done. Evaluation:
(49882, 50000)
(8756, 10000)
  6  11  50, 0.066739 [0.005898/17.909738] [2687/0.064724]
  6  11 100, 0.067152 [0.004362/17.908160] [2737/0.064724]
  6  11 150, 0.069210 [0.006410/17.906635] [2787/0.064724]
  6  11 200, 0.065265 [0.005434/17.905040] [2837/0.064724]
  6  11 250, 0.064601 [0.004093/17.903428] [   0/0.064601]
  6  11 300, 0.067274 [0.006432/17.901904] [  50/0.064601]
  6  11 350, 0.069590 [0.008490/17.900395] [ 100/0.064601]
Epoch 11 done. Evaluation:
(49919, 50000)
(8727, 10000)
  6  12  50, 0.067820 [0.006825/17.897630] [ 191/0.064601]
  6  12 100, 0.066985 [0.007639/17.896084] [ 241/0.064601]
  6  12 150, 0.067541 [0.006431/17.894560] [ 291/0.064601]
  6  12 200, 0.069060 [0.003589/17.893069] [ 341/0.064601]
  6  12 250, 0.065781 [0.006470/17.891517] [ 391/0.064601]
  6  12 300, 0.068696 [0.003346/17.890020] [ 441/0.064601]
  6  12 350, 0.067757 [0.005707/17.888451] [ 491/0.064601]
Epoch 12 done. Evaluation:
(49916, 50000)
(8733, 10000)
  6  13  50, 0.066285 [0.007305/17.885687] [ 582/0.064601]
  6  13 100, 0.065929 [0.006367/17.884135] [ 632/0.064601]
  6  13 150, 0.065916 [0.005885/17.882581] [ 682/0.064601]
  6  13 200, 0.067660 [0.008230/17.881079] [ 732/0.064601]
  6  13 250, 0.064849 [0.005393/17.879523] [ 782/0.064601]
  6  13 300, 0.069310 [0.003359/17.878030] [ 832/0.064601]
  6  13 350, 0.071374 [0.008873/17.876564] [ 882/0.064601]
Epoch 13 done. Evaluation:
(49900, 50000)
(8703, 10000)
  6  14  50, 0.070170 [0.006935/17.873862] [ 973/0.064601]
  6  14 100, 0.067696 [0.006344/17.872350] [1023/0.064601]
  6  14 150, 0.066302 [0.005862/17.870799] [1073/0.064601]
  6  14 200, 0.066748 [0.004909/17.869276] [1123/0.064601]
  6  14 250, 0.069475 [0.004918/17.867791] [1173/0.064601]
  6  14 300, 0.067246 [0.006904/17.866275] [1223/0.064601]
  6  14 350, 0.069306 [0.012816/17.864803] [1273/0.064601]
Epoch 14 done. Evaluation:
(49895, 50000)
(8693, 10000)
  6  15  50, 0.067882 [0.007844/17.862119] [1364/0.064601]
  6  15 100, 0.066209 [0.005468/17.860586] [1414/0.064601]
  6  15 150, 0.068599 [0.011580/17.859130] [1464/0.064601]
  6  15 200, 0.066095 [0.005046/17.857611] [1514/0.064601]
  6  15 250, 0.071829 [0.005422/17.856168] [1564/0.064601]
  6  15 300, 0.068145 [0.008036/17.854692] [1614/0.064601]
  6  15 350, 0.067635 [0.005943/17.853233] [1664/0.064601]
Epoch 15 done. Evaluation:
(49903, 50000)
(8709, 10000)
  6  16  50, 0.068422 [0.004887/17.850545] [1755/0.064601]
  6  16 100, 0.069290 [0.007990/17.849072] [1805/0.064601]
  6  16 150, 0.069536 [0.006444/17.847609] [1855/0.064601]
  6  16 200, 0.065174 [0.004375/17.846084] [1905/0.064601]
  6  16 250, 0.066587 [0.019267/17.844597] [1955/0.064601]
  6  16 300, 0.069112 [0.011870/17.843171] [2005/0.064601]
  6  16 350, 0.070875 [0.009003/17.841761] [2055/0.064601]
Epoch 16 done. Evaluation:
(49902, 50000)
(8703, 10000)
  6  17  50, 0.065326 [0.016074/17.839087] [2146/0.064601]
  6  17 100, 0.065234 [0.006039/17.837555] [2196/0.064601]
  6  17 150, 0.065306 [0.009784/17.836014] [2246/0.064601]
  6  17 200, 0.067381 [0.006160/17.834542] [2296/0.064601]
  6  17 250, 0.068397 [0.010836/17.833098] [2346/0.064601]
  6  17 300, 0.067827 [0.012192/17.831637] [2396/0.064601]
  6  17 350, 0.069239 [0.004799/17.830202] [2446/0.064601]
Epoch 17 done. Evaluation:
(49908, 50000)
(8712, 10000)
  6  18  50, 0.066860 [0.010155/17.827545] [2537/0.064601]
  6  18 100, 0.066874 [0.005646/17.826076] [2587/0.064601]
  6  18 150, 0.063932 [0.013280/17.824529] [   0/0.063932]
  6  18 200, 0.067582 [0.011885/17.823057] [  50/0.063932]
  6  18 250, 0.066347 [0.007404/17.821568] [ 100/0.063932]
  6  18 300, 0.068071 [0.005989/17.820110] [ 150/0.063932]
  6  18 350, 0.069438 [0.008868/17.818709] [ 200/0.063932]
Epoch 18 done. Evaluation:
(49920, 50000)
(8716, 10000)
  6  19  50, 0.071836 [0.007465/17.816239] [ 291/0.063932]
  6  19 100, 0.067998 [0.011480/17.814799] [ 341/0.063932]
  6  19 150, 0.067308 [0.004819/17.813361] [ 391/0.063932]
  6  19 200, 0.066316 [0.013405/17.811880] [ 441/0.063932]
  6  19 250, 0.063888 [0.004818/17.810352] [   0/0.063888]
  6  19 300, 0.065781 [0.006928/17.808860] [  50/0.063888]
  6  19 350, 0.069468 [0.007485/17.807455] [ 100/0.063888]
Epoch 19 done. Evaluation:
(49908, 50000)
(8717, 10000)
