Sequential (
  (conv1_1): Sequential (
    (0): Conv2d(3, 32, kernel_size=(3, 3), stride=(1, 1), padding=(1, 1))
    (1): BatchNorm2d(32, eps=1e-05, momentum=0.1, affine=True)
    (2): ReLU (inplace)
  )
  (conv1_2): Sequential (
    (0): Conv2d(32, 32, kernel_size=(3, 3), stride=(1, 1), padding=(1, 1))
    (1): BatchNorm2d(32, eps=1e-05, momentum=0.1, affine=True)
    (2): ReLU (inplace)
  )
  (pool1): MaxPool2d (size=(2, 2), stride=(2, 2), dilation=(1, 1))
  (conv2_1): Sequential (
    (0): Conv2d(32, 64, kernel_size=(3, 3), stride=(1, 1), padding=(1, 1))
    (1): BatchNorm2d(64, eps=1e-05, momentum=0.1, affine=True)
    (2): ReLU (inplace)
  )
  (conv2_2): Sequential (
    (0): Conv2d(64, 64, kernel_size=(3, 3), stride=(1, 1), padding=(1, 1))
    (1): BatchNorm2d(64, eps=1e-05, momentum=0.1, affine=True)
    (2): ReLU (inplace)
  )
  (pool2): MaxPool2d (size=(2, 2), stride=(2, 2), dilation=(1, 1))
  (conv3_1): Sequential (
    (0): Conv2d(64, 128, kernel_size=(3, 3), stride=(1, 1), padding=(1, 1))
    (1): BatchNorm2d(128, eps=1e-05, momentum=0.1, affine=True)
    (2): ReLU (inplace)
  )
  (conv3_2): Sequential (
    (0): Conv2d(128, 128, kernel_size=(3, 3), stride=(1, 1), padding=(1, 1))
    (1): BatchNorm2d(128, eps=1e-05, momentum=0.1, affine=True)
    (2): ReLU (inplace)
  )
  (pool3): MaxPool2d (size=(2, 2), stride=(2, 2), dilation=(1, 1))
  (conv4_1): Sequential (
    (0): Conv2d(128, 256, kernel_size=(3, 3), stride=(1, 1), padding=(1, 1))
    (1): BatchNorm2d(256, eps=1e-05, momentum=0.1, affine=True)
    (2): ReLU (inplace)
  )
  (conv4_2): Sequential (
    (0): Conv2d(256, 256, kernel_size=(3, 3), stride=(1, 1), padding=(1, 1))
    (1): BatchNorm2d(256, eps=1e-05, momentum=0.1, affine=True)
    (2): ReLU (inplace)
  )
  (pool4): MaxPool2d (size=(2, 2), stride=(2, 2), dilation=(1, 1))
  (conv5_1): Sequential (
    (0): Conv2d(256, 256, kernel_size=(3, 3), stride=(1, 1), padding=(1, 1))
    (1): BatchNorm2d(256, eps=1e-05, momentum=0.1, affine=True)
    (2): ReLU (inplace)
  )
  (conv5_2): Sequential (
    (0): Conv2d(256, 256, kernel_size=(3, 3), stride=(1, 1), padding=(1, 1))
    (1): BatchNorm2d(256, eps=1e-05, momentum=0.1, affine=True)
    (2): ReLU (inplace)
  )
  (pool5): MaxPool2d (size=(2, 2), stride=(2, 2), dilation=(1, 1))
  (fc6): Sequential (
    (0): Conv2d(256, 256, kernel_size=(1, 1), stride=(1, 1))
    (1): BatchNorm2d(256, eps=1e-05, momentum=0.1, affine=True)
    (2): ReLU (inplace)
  )
  (logit): Conv2d(256, 10, kernel_size=(1, 1), stride=(1, 1))
  (flatter): Flatten()
)
{'L1_decay': 0.00064,
 'batch_size': 128,
 'force_name': False,
 'graphfolder': 'logs/axp6_graphs/',
 'learning_rate': 0.1,
 'logfile': 'logs/axp6.log',
 'mode': '',
 'name': 'axp6',
 'num_base': 32,
 'optimizer': 'SGDL1',
 'weight_decay': 0.016}
Decayed training with schedule: [20, 20, 20, 20, 20, 20, 20, 20]
  0   0  50, 1.806764 [0.428336/68.132643] [   0/1.806764]
  0   0 100, 1.487755 [0.355233/64.453427] [   0/1.487755]
  0   0 150, 1.349371 [0.369844/61.070183] [   0/1.349371]
  0   0 200, 1.262320 [0.366957/57.968491] [   0/1.262320]
  0   0 250, 1.210280 [0.346358/55.131611] [   0/1.210280]
  0   0 300, 1.182758 [0.342498/52.539936] [   0/1.182758]
  0   0 350, 1.115413 [0.374774/50.186623] [   0/1.115413]
Epoch 0 done. Evaluation:
(26262, 50000)
(5266, 10000)
  0   1  50, 0.997635 [0.497361/46.458778] [   0/0.997635]
  0   1 100, 1.009880 [0.370363/44.678920] [  50/0.997635]
  0   1 150, 1.005676 [0.373330/43.077099] [ 100/0.997635]
  0   1 200, 0.982999 [0.430569/41.637265] [   0/0.982999]
  0   1 250, 0.978144 [0.414456/40.342968] [   0/0.978144]
  0   1 300, 0.957871 [0.460805/39.182922] [   0/0.957871]
  0   1 350, 0.974210 [0.490526/38.141480] [  50/0.957871]
Epoch 1 done. Evaluation:
(33004, 50000)
(4551, 10000)
  0   2  50, 0.941345 [0.446304/36.526960] [   0/0.941345]
  0   2 100, 0.962408 [0.477488/35.768214] [  50/0.941345]
  0   2 150, 0.961185 [0.453899/35.091836] [ 100/0.941345]
  0   2 200, 0.935329 [0.419737/34.483718] [   0/0.935329]
  0   2 250, 1.000156 [0.403323/33.932958] [  50/0.935329]
  0   2 300, 0.993307 [0.517343/33.439437] [ 100/0.935329]
  0   2 350, 0.940401 [0.441666/32.990253] [ 150/0.935329]
Epoch 2 done. Evaluation:
(33846, 50000)
(5873, 10000)
  0   3  50, 0.972209 [0.414741/32.294356] [ 241/0.935329]
  0   3 100, 0.965752 [0.382081/31.957571] [ 291/0.935329]
  0   3 150, 0.952017 [0.421917/31.653363] [ 341/0.935329]
  0   3 200, 0.977359 [0.400378/31.365096] [ 391/0.935329]
  0   3 250, 0.985994 [0.495056/31.109715] [ 441/0.935329]
  0   3 300, 0.973546 [0.425206/30.873771] [ 491/0.935329]
  0   3 350, 0.958931 [0.430598/30.652942] [ 541/0.935329]
Epoch 3 done. Evaluation:
(33899, 50000)
(4765, 10000)
  0   4  50, 0.962036 [0.540896/30.292040] [ 632/0.935329]
  0   4 100, 0.918997 [0.386167/30.103914] [   0/0.918997]
  0   4 150, 0.967189 [0.425425/29.935896] [  50/0.918997]
  0   4 200, 0.947049 [0.470815/29.773182] [ 100/0.918997]
  0   4 250, 0.936728 [0.382426/29.613373] [ 150/0.918997]
  0   4 300, 0.946454 [0.422399/29.462855] [ 200/0.918997]
  0   4 350, 0.935728 [0.494533/29.326152] [ 250/0.918997]
Epoch 4 done. Evaluation:
(34372, 50000)
(5491, 10000)
  0   5  50, 0.932180 [0.426827/29.083275] [ 341/0.918997]
  0   5 100, 0.949369 [0.444984/28.954562] [ 391/0.918997]
  0   5 150, 0.930489 [0.379473/28.833179] [ 441/0.918997]
  0   5 200, 0.939295 [0.460139/28.716184] [ 491/0.918997]
  0   5 250, 0.911551 [0.497876/28.596477] [   0/0.911551]
  0   5 300, 0.908175 [0.476664/28.482016] [   0/0.908175]
  0   5 350, 0.920453 [0.716625/28.375374] [  50/0.908175]
Epoch 5 done. Evaluation:
(34816, 50000)
(5325, 10000)
  0   6  50, 0.901558 [0.511707/28.181254] [   0/0.901558]
  0   6 100, 0.895188 [0.445097/28.072289] [   0/0.895188]
  0   6 150, 0.874730 [0.503426/27.957699] [   0/0.874730]
  0   6 200, 0.850987 [0.497976/27.855123] [   0/0.850987]
  0   6 250, 0.881412 [0.465179/27.755154] [  50/0.850987]
  0   6 300, 0.885811 [0.507727/27.653632] [ 100/0.850987]
  0   6 350, 0.900287 [0.459607/27.547398] [ 150/0.850987]
Epoch 6 done. Evaluation:
(35615, 50000)
(5536, 10000)
  0   7  50, 0.878240 [0.444794/27.369195] [ 241/0.850987]
  0   7 100, 0.841423 [0.487353/27.267771] [   0/0.841423]
  0   7 150, 0.863517 [0.471084/27.173321] [  50/0.841423]
  0   7 200, 0.860943 [0.424010/27.069503] [ 100/0.841423]
  0   7 250, 0.871353 [0.458442/26.972923] [ 150/0.841423]
  0   7 300, 0.854526 [0.401333/26.874216] [ 200/0.841423]
  0   7 350, 0.848556 [0.481667/26.782884] [ 250/0.841423]
Epoch 7 done. Evaluation:
(36083, 50000)
(4197, 10000)
  0   8  50, 0.863646 [0.412969/26.611053] [ 341/0.841423]
  0   8 100, 0.835581 [0.436717/26.513079] [   0/0.835581]
  0   8 150, 0.829163 [0.421337/26.416447] [   0/0.829163]
  0   8 200, 0.835518 [0.424267/26.321366] [  50/0.829163]
  0   8 250, 0.853585 [0.506000/26.226537] [ 100/0.829163]
  0   8 300, 0.821913 [0.451717/26.134906] [   0/0.821913]
  0   8 350, 0.835891 [0.354835/26.038005] [  50/0.821913]
Epoch 8 done. Evaluation:
(36480, 50000)
(5438, 10000)
  0   9  50, 0.841965 [0.474378/25.867617] [ 141/0.821913]
  0   9 100, 0.820466 [0.463688/25.772240] [   0/0.820466]
  0   9 150, 0.812828 [0.397825/25.683634] [   0/0.812828]
  0   9 200, 0.815050 [0.530484/25.586923] [  50/0.812828]
  0   9 250, 0.821033 [0.429914/25.491767] [ 100/0.812828]
  0   9 300, 0.822948 [0.440769/25.403935] [ 150/0.812828]
  0   9 350, 0.838938 [0.378847/25.305085] [ 200/0.812828]
Epoch 9 done. Evaluation:
(36688, 50000)
(5113, 10000)
  0  10  50, 0.814048 [0.461669/25.138984] [ 291/0.812828]
  0  10 100, 0.815272 [0.434622/25.049419] [ 341/0.812828]
  0  10 150, 0.808851 [0.395400/24.955899] [   0/0.808851]
  0  10 200, 0.793883 [0.378693/24.861616] [   0/0.793883]
  0  10 250, 0.794114 [0.384834/24.768388] [  50/0.793883]
  0  10 300, 0.806742 [0.389147/24.684223] [ 100/0.793883]
  0  10 350, 0.800268 [0.410356/24.598039] [ 150/0.793883]
Epoch 10 done. Evaluation:
(36940, 50000)
(4195, 10000)
  0  11  50, 0.789909 [0.465803/24.436287] [   0/0.789909]
  0  11 100, 0.806506 [0.441436/24.343188] [  50/0.789909]
  0  11 150, 0.801222 [0.377472/24.249878] [ 100/0.789909]
  0  11 200, 0.806469 [0.399936/24.160956] [ 150/0.789909]
  0  11 250, 0.789283 [0.416111/24.068276] [   0/0.789283]
  0  11 300, 0.779524 [0.398061/23.984122] [   0/0.779524]
  0  11 350, 0.811663 [0.474022/23.890467] [  50/0.779524]
Epoch 11 done. Evaluation:
(37105, 50000)
(6670, 10000)
  0  12  50, 0.797103 [0.420446/23.733750] [ 141/0.779524]
  0  12 100, 0.771057 [0.419183/23.639843] [   0/0.771057]
  0  12 150, 0.789503 [0.475192/23.549009] [  50/0.771057]
  0  12 200, 0.810066 [0.470833/23.457232] [ 100/0.771057]
  0  12 250, 0.800484 [0.443574/23.371017] [ 150/0.771057]
  0  12 300, 0.770405 [0.417318/23.279647] [   0/0.770405]
  0  12 350, 0.777931 [0.416154/23.193573] [  50/0.770405]
Epoch 12 done. Evaluation:
(37334, 50000)
(5508, 10000)
  0  13  50, 0.766488 [0.433470/23.034176] [   0/0.766488]
  0  13 100, 0.790248 [0.350358/22.954748] [  50/0.766488]
  0  13 150, 0.793680 [0.422055/22.872712] [ 100/0.766488]
  0  13 200, 0.763202 [0.365448/22.782539] [   0/0.763202]
  0  13 250, 0.765615 [0.422161/22.689563] [  50/0.763202]
  0  13 300, 0.778345 [0.358293/22.595523] [ 100/0.763202]
  0  13 350, 0.754791 [0.387555/22.510556] [   0/0.754791]
Epoch 13 done. Evaluation:
(37562, 50000)
(6271, 10000)
  0  14  50, 0.762283 [0.404759/22.353064] [  91/0.754791]
  0  14 100, 0.756030 [0.400334/22.273805] [ 141/0.754791]
  0  14 150, 0.761323 [0.409578/22.185152] [ 191/0.754791]
  0  14 200, 0.773720 [0.358030/22.091477] [ 241/0.754791]
  0  14 250, 0.768537 [0.396929/21.998609] [ 291/0.754791]
  0  14 300, 0.749221 [0.359612/21.913829] [   0/0.749221]
  0  14 350, 0.769846 [0.420672/21.829092] [  50/0.749221]
Epoch 14 done. Evaluation:
(37686, 50000)
(6143, 10000)
  0  15  50, 0.741919 [0.364520/21.670465] [   0/0.741919]
  0  15 100, 0.751784 [0.371020/21.587045] [  50/0.741919]
  0  15 150, 0.767580 [0.374227/21.499012] [ 100/0.741919]
  0  15 200, 0.748171 [0.475191/21.415684] [ 150/0.741919]
  0  15 250, 0.780622 [0.311879/21.330107] [ 200/0.741919]
  0  15 300, 0.760889 [0.381263/21.241311] [ 250/0.741919]
  0  15 350, 0.766524 [0.458088/21.149549] [ 300/0.741919]
Epoch 15 done. Evaluation:
(37799, 50000)
(2393, 10000)
  0  16  50, 0.729622 [0.403981/21.002999] [   0/0.729622]
  0  16 100, 0.761452 [0.409589/20.924367] [  50/0.729622]
  0  16 150, 0.748440 [0.432009/20.844695] [ 100/0.729622]
  0  16 200, 0.763822 [0.382130/20.754124] [ 150/0.729622]
  0  16 250, 0.754045 [0.375626/20.671582] [ 200/0.729622]
  0  16 300, 0.745151 [0.441236/20.591220] [ 250/0.729622]
  0  16 350, 0.755103 [0.410829/20.508213] [ 300/0.729622]
Epoch 16 done. Evaluation:
(37889, 50000)
(6775, 10000)
  0  17  50, 0.740270 [0.336391/20.352151] [ 391/0.729622]
  0  17 100, 0.742711 [0.403806/20.270918] [ 441/0.729622]
  0  17 150, 0.750032 [0.397593/20.186665] [ 491/0.729622]
  0  17 200, 0.752572 [0.468195/20.102755] [ 541/0.729622]
  0  17 250, 0.731858 [0.381134/20.011050] [ 591/0.729622]
  0  17 300, 0.762500 [0.362365/19.927625] [ 641/0.729622]
  0  17 350, 0.730652 [0.410549/19.847218] [ 691/0.729622]
Epoch 17 done. Evaluation:
(38052, 50000)
(6730, 10000)
  0  18  50, 0.728095 [0.334754/19.701974] [   0/0.728095]
  0  18 100, 0.763915 [0.418622/19.618949] [  50/0.728095]
  0  18 150, 0.736143 [0.374630/19.540090] [ 100/0.728095]
  0  18 200, 0.739708 [0.293974/19.461523] [ 150/0.728095]
  0  18 250, 0.740171 [0.433854/19.370550] [ 200/0.728095]
  0  18 300, 0.750418 [0.312031/19.291746] [ 250/0.728095]
  0  18 350, 0.756539 [0.424610/19.211127] [ 300/0.728095]
Epoch 18 done. Evaluation:
(38156, 50000)
(5396, 10000)
  0  19  50, 0.732272 [0.448287/19.066825] [ 391/0.728095]
  0  19 100, 0.749139 [0.388442/18.988721] [ 441/0.728095]
  0  19 150, 0.744956 [0.429529/18.907562] [ 491/0.728095]
  0  19 200, 0.720155 [0.436245/18.829734] [   0/0.720155]
  0  19 250, 0.732497 [0.410922/18.739713] [  50/0.720155]
  0  19 300, 0.737453 [0.440787/18.663452] [ 100/0.720155]
  0  19 350, 0.741627 [0.424498/18.582705] [ 150/0.720155]
Epoch 19 done. Evaluation:
(38190, 50000)
(5974, 10000)
  1   0  50, 0.665705 [0.190609/18.434961] [   0/0.665705]
  1   0 100, 0.594610 [0.204590/18.368710] [   0/0.594610]
  1   0 150, 0.613696 [0.193309/18.306557] [  50/0.594610]
  1   0 200, 0.600504 [0.251866/18.245827] [ 100/0.594610]
  1   0 250, 0.630896 [0.194777/18.185275] [ 150/0.594610]
  1   0 300, 0.617498 [0.216801/18.129519] [ 200/0.594610]
  1   0 350, 0.609187 [0.210910/18.073493] [ 250/0.594610]
Epoch 0 done. Evaluation:
(40340, 50000)
(6920, 10000)
  1   1  50, 0.606425 [0.235926/17.979838] [ 341/0.594610]
  1   1 100, 0.608228 [0.244871/17.924927] [ 391/0.594610]
  1   1 150, 0.629955 [0.219699/17.873474] [ 441/0.594610]
  1   1 200, 0.627525 [0.232016/17.819494] [ 491/0.594610]
  1   1 250, 0.623011 [0.223858/17.771085] [ 541/0.594610]
  1   1 300, 0.641355 [0.240014/17.719289] [ 591/0.594610]
  1   1 350, 0.636821 [0.244352/17.665209] [ 641/0.594610]
Epoch 1 done. Evaluation:
(40096, 50000)
(7167, 10000)
  1   2  50, 0.614095 [0.244345/17.579446] [ 732/0.594610]
  1   2 100, 0.611247 [0.229353/17.537452] [ 782/0.594610]
  1   2 150, 0.628818 [0.254093/17.486213] [ 832/0.594610]
  1   2 200, 0.631061 [0.252682/17.436990] [ 882/0.594610]
  1   2 250, 0.626151 [0.271800/17.391538] [ 932/0.594610]
  1   2 300, 0.611026 [0.264335/17.348167] [ 982/0.594610]
  1   2 350, 0.639934 [0.232059/17.300947] [1032/0.594610]
Epoch 2 done. Evaluation:
(40134, 50000)
(6151, 10000)
  1   3  50, 0.644210 [0.285671/17.224709] [1123/0.594610]
  1   3 100, 0.620690 [0.262505/17.181683] [1173/0.594610]
  1   3 150, 0.612481 [0.301205/17.139606] [1223/0.594610]
  1   3 200, 0.644499 [0.238320/17.091457] [1273/0.594610]
  1   3 250, 0.630285 [0.227701/17.049861] [1323/0.594610]
  1   3 300, 0.636054 [0.246211/17.001982] [1373/0.594610]
  1   3 350, 0.629677 [0.244783/16.954376] [1423/0.594610]
Epoch 3 done. Evaluation:
(40129, 50000)
(5576, 10000)
  1   4  50, 0.627095 [0.232649/16.885320] [1514/0.594610]
  1   4 100, 0.622714 [0.219156/16.842336] [1564/0.594610]
  1   4 150, 0.625476 [0.264880/16.801813] [1614/0.594610]
  1   4 200, 0.645627 [0.235772/16.757938] [1664/0.594610]
  1   4 250, 0.641066 [0.222696/16.707970] [1714/0.594610]
  1   4 300, 0.621932 [0.239717/16.672056] [1764/0.594610]
  1   4 350, 0.644779 [0.258843/16.625240] [1814/0.594610]
Epoch 4 done. Evaluation:
(39975, 50000)
(7242, 10000)
  1   5  50, 0.619128 [0.243609/16.551828] [1905/0.594610]
  1   5 100, 0.618335 [0.274271/16.513861] [1955/0.594610]
  1   5 150, 0.601183 [0.264974/16.476024] [2005/0.594610]
  1   5 200, 0.633795 [0.247409/16.435403] [2055/0.594610]
  1   5 250, 0.645498 [0.233099/16.389794] [2105/0.594610]
  1   5 300, 0.631730 [0.232151/16.345805] [2155/0.594610]
  1   5 350, 0.608966 [0.208749/16.306317] [2205/0.594610]
Epoch 5 done. Evaluation:
(40213, 50000)
(7019, 10000)
  1   6  50, 0.626031 [0.233596/16.228285] [2296/0.594610]
  1   6 100, 0.642080 [0.220895/16.188940] [2346/0.594610]
  1   6 150, 0.625234 [0.245988/16.151470] [2396/0.594610]
  1   6 200, 0.626616 [0.212677/16.110862] [2446/0.594610]
  1   6 250, 0.608570 [0.248829/16.072050] [2496/0.594610]
  1   6 300, 0.620576 [0.241175/16.034311] [2546/0.594610]
  1   6 350, 0.653116 [0.238681/15.990526] [2596/0.594610]
Epoch 6 done. Evaluation:
(40032, 50000)
(7821, 10000)
  1   7  50, 0.604321 [0.256509/15.924353] [2687/0.594610]
  1   7 100, 0.631380 [0.226296/15.885684] [2737/0.594610]
  1   7 150, 0.620643 [0.230110/15.845057] [2787/0.594610]
  1   7 200, 0.635912 [0.235429/15.802939] [2837/0.594610]
  1   7 250, 0.636584 [0.273121/15.764190] [2887/0.594610]
  1   7 300, 0.616898 [0.215828/15.721824] [2937/0.594610]
  1   7 350, 0.617443 [0.212505/15.684646] [2987/0.594610]
Epoch 7 done. Evaluation:
(40171, 50000)
(7373, 10000)
  1   8  50, 0.619687 [0.250601/15.616755] [3078/0.594610]
  1   8 100, 0.621947 [0.216899/15.574819] [3128/0.594610]
  1   8 150, 0.637814 [0.242713/15.533799] [3178/0.594610]
  1   8 200, 0.626066 [0.277604/15.493927] [3228/0.594610]
  1   8 250, 0.629929 [0.242528/15.455269] [3278/0.594610]
  1   8 300, 0.612701 [0.287337/15.416018] [3328/0.594610]
  1   8 350, 0.625811 [0.239021/15.379454] [3378/0.594610]
Epoch 8 done. Evaluation:
(40023, 50000)
(6563, 10000)
  1   9  50, 0.620379 [0.254710/15.312532] [3469/0.594610]
  1   9 100, 0.630142 [0.221506/15.274945] [3519/0.594610]
  1   9 150, 0.612601 [0.184550/15.236720] [3569/0.594610]
  1   9 200, 0.631139 [0.260037/15.198598] [3619/0.594610]
  1   9 250, 0.618867 [0.262355/15.163350] [3669/0.594610]
  1   9 300, 0.620314 [0.224806/15.126078] [3719/0.594610]
  1   9 350, 0.634049 [0.238656/15.089121] [3769/0.594610]
Epoch 9 done. Evaluation:
(40145, 50000)
(7315, 10000)
  1  10  50, 0.625407 [0.241465/15.018489] [3860/0.594610]
  1  10 100, 0.614176 [0.269590/14.981856] [3910/0.594610]
  1  10 150, 0.594766 [0.222812/14.944698] [3960/0.594610]
  1  10 200, 0.614002 [0.223800/14.906249] [4010/0.594610]
  1  10 250, 0.644350 [0.204100/14.867108] [4060/0.594610]
  1  10 300, 0.628994 [0.232968/14.832153] [4110/0.594610]
  1  10 350, 0.621318 [0.223056/14.796043] [4160/0.594610]
Epoch 10 done. Evaluation:
(40246, 50000)
(7416, 10000)
  1  11  50, 0.607321 [0.180208/14.733016] [4251/0.594610]
  1  11 100, 0.621143 [0.263734/14.697871] [4301/0.594610]
  1  11 150, 0.608605 [0.264184/14.660803] [4351/0.594610]
  1  11 200, 0.624394 [0.205848/14.629101] [4401/0.594610]
  1  11 250, 0.617876 [0.213023/14.598951] [4451/0.594610]
  1  11 300, 0.624939 [0.223908/14.564501] [4501/0.594610]
  1  11 350, 0.596923 [0.238965/14.526422] [4551/0.594610]
Epoch 11 done. Evaluation:
(40344, 50000)
(7050, 10000)
  1  12  50, 0.606490 [0.209807/14.463967] [4642/0.594610]
  1  12 100, 0.620358 [0.203628/14.434788] [4692/0.594610]
  1  12 150, 0.612363 [0.214799/14.401427] [4742/0.594610]
  1  12 200, 0.622151 [0.229556/14.363399] [4792/0.594610]
  1  12 250, 0.618056 [0.206110/14.328495] [4842/0.594610]
  1  12 300, 0.603576 [0.236572/14.289893] [4892/0.594610]
  1  12 350, 0.629345 [0.224190/14.249769] [4942/0.594610]
Epoch 12 done. Evaluation:
(40331, 50000)
(6936, 10000)
  1  13  50, 0.619326 [0.220071/14.189206] [5033/0.594610]
  1  13 100, 0.610211 [0.232311/14.157609] [5083/0.594610]
  1  13 150, 0.608685 [0.227946/14.126325] [5133/0.594610]
  1  13 200, 0.604939 [0.234883/14.095916] [5183/0.594610]
  1  13 250, 0.607089 [0.226458/14.063699] [5233/0.594610]
  1  13 300, 0.622761 [0.238916/14.026917] [5283/0.594610]
  1  13 350, 0.606322 [0.250106/13.995142] [5333/0.594610]
Epoch 13 done. Evaluation:
(40337, 50000)
(6086, 10000)
  1  14  50, 0.578429 [0.252912/13.933115] [   0/0.578429]
  1  14 100, 0.610795 [0.252680/13.899474] [  50/0.578429]
  1  14 150, 0.613174 [0.289977/13.869723] [ 100/0.578429]
  1  14 200, 0.640143 [0.232104/13.834033] [ 150/0.578429]
  1  14 250, 0.613432 [0.229867/13.800478] [ 200/0.578429]
  1  14 300, 0.597056 [0.234607/13.764267] [ 250/0.578429]
  1  14 350, 0.621212 [0.195881/13.728713] [ 300/0.578429]
Epoch 14 done. Evaluation:
(40359, 50000)
(4980, 10000)
  1  15  50, 0.604796 [0.212471/13.674745] [ 391/0.578429]
  1  15 100, 0.602622 [0.213312/13.641694] [ 441/0.578429]
  1  15 150, 0.617477 [0.285126/13.613196] [ 491/0.578429]
  1  15 200, 0.615710 [0.263314/13.578707] [ 541/0.578429]
  1  15 250, 0.614296 [0.243644/13.544488] [ 591/0.578429]
  1  15 300, 0.619246 [0.263812/13.512173] [ 641/0.578429]
  1  15 350, 0.601720 [0.249355/13.478410] [ 691/0.578429]
Epoch 15 done. Evaluation:
(40444, 50000)
(7456, 10000)
  1  16  50, 0.585253 [0.234689/13.418505] [ 782/0.578429]
  1  16 100, 0.604603 [0.239039/13.391463] [ 832/0.578429]
  1  16 150, 0.605975 [0.256585/13.366147] [ 882/0.578429]
  1  16 200, 0.610244 [0.213852/13.336403] [ 932/0.578429]
  1  16 250, 0.610977 [0.276505/13.304344] [ 982/0.578429]
  1  16 300, 0.624780 [0.232465/13.276639] [1032/0.578429]
  1  16 350, 0.617579 [0.213512/13.236253] [1082/0.578429]
Epoch 16 done. Evaluation:
(40438, 50000)
(6949, 10000)
  1  17  50, 0.590764 [0.288199/13.180118] [1173/0.578429]
  1  17 100, 0.585382 [0.274218/13.154129] [1223/0.578429]
  1  17 150, 0.616525 [0.245030/13.126212] [1273/0.578429]
  1  17 200, 0.606640 [0.246728/13.100119] [1323/0.578429]
  1  17 250, 0.623479 [0.252195/13.068163] [1373/0.578429]
  1  17 300, 0.612846 [0.219027/13.038080] [1423/0.578429]
  1  17 350, 0.615940 [0.219266/12.998600] [1473/0.578429]
Epoch 17 done. Evaluation:
(40472, 50000)
(6876, 10000)
  1  18  50, 0.593794 [0.266252/12.954309] [1564/0.578429]
  1  18 100, 0.606271 [0.307564/12.924495] [1614/0.578429]
  1  18 150, 0.614296 [0.224626/12.889847] [1664/0.578429]
  1  18 200, 0.597969 [0.303291/12.864099] [1714/0.578429]
  1  18 250, 0.612098 [0.247713/12.840405] [1764/0.578429]
  1  18 300, 0.600875 [0.160501/12.811684] [1814/0.578429]
  1  18 350, 0.620143 [0.260995/12.782384] [1864/0.578429]
Epoch 18 done. Evaluation:
(40479, 50000)
(7082, 10000)
  1  19  50, 0.586438 [0.238649/12.737339] [1955/0.578429]
  1  19 100, 0.587608 [0.266471/12.716564] [2005/0.578429]
  1  19 150, 0.626188 [0.250978/12.679763] [2055/0.578429]
  1  19 200, 0.598028 [0.254174/12.651659] [2105/0.578429]
  1  19 250, 0.600196 [0.243620/12.619500] [2155/0.578429]
  1  19 300, 0.600030 [0.184962/12.593656] [2205/0.578429]
  1  19 350, 0.628125 [0.289480/12.557085] [2255/0.578429]
Epoch 19 done. Evaluation:
(40536, 50000)
(7306, 10000)
  2   0  50, 0.511946 [0.118485/12.504147] [   0/0.511946]
  2   0 100, 0.509110 [0.114127/12.473051] [   0/0.509110]
  2   0 150, 0.501894 [0.118238/12.444504] [   0/0.501894]
  2   0 200, 0.513505 [0.120608/12.413415] [  50/0.501894]
  2   0 250, 0.519276 [0.143449/12.385916] [ 100/0.501894]
  2   0 300, 0.500981 [0.149485/12.358535] [   0/0.500981]
  2   0 350, 0.499523 [0.141712/12.331945] [   0/0.499523]
Epoch 0 done. Evaluation:
(42179, 50000)
(8112, 10000)
  2   1  50, 0.481260 [0.111585/12.287849] [   0/0.481260]
  2   1 100, 0.490791 [0.130151/12.265294] [  50/0.481260]
  2   1 150, 0.505658 [0.140206/12.243215] [ 100/0.481260]
  2   1 200, 0.525209 [0.121695/12.219110] [ 150/0.481260]
  2   1 250, 0.526700 [0.138537/12.196292] [ 200/0.481260]
  2   1 300, 0.506244 [0.113693/12.173152] [ 250/0.481260]
  2   1 350, 0.498260 [0.154494/12.153850] [ 300/0.481260]
Epoch 1 done. Evaluation:
(42190, 50000)
(8012, 10000)
  2   2  50, 0.490842 [0.134739/12.112892] [ 391/0.481260]
  2   2 100, 0.501604 [0.152609/12.091963] [ 441/0.481260]
  2   2 150, 0.504313 [0.161877/12.072530] [ 491/0.481260]
  2   2 200, 0.506377 [0.144130/12.052391] [ 541/0.481260]
  2   2 250, 0.521563 [0.122492/12.032531] [ 591/0.481260]
  2   2 300, 0.515405 [0.155699/12.013485] [ 641/0.481260]
  2   2 350, 0.510229 [0.156126/11.994637] [ 691/0.481260]
Epoch 2 done. Evaluation:
(42158, 50000)
(7646, 10000)
  2   3  50, 0.476281 [0.135365/11.964981] [   0/0.476281]
  2   3 100, 0.473135 [0.159111/11.946024] [   0/0.473135]
  2   3 150, 0.502281 [0.138207/11.928551] [  50/0.473135]
  2   3 200, 0.501986 [0.153433/11.912883] [ 100/0.473135]
  2   3 250, 0.546866 [0.146163/11.892483] [ 150/0.473135]
  2   3 300, 0.533787 [0.146234/11.872036] [ 200/0.473135]
  2   3 350, 0.521836 [0.136571/11.853958] [ 250/0.473135]
Epoch 3 done. Evaluation:
(42119, 50000)
(7850, 10000)
  2   4  50, 0.497955 [0.161895/11.820919] [ 341/0.473135]
  2   4 100, 0.498763 [0.157411/11.804854] [ 391/0.473135]
  2   4 150, 0.505028 [0.151233/11.788357] [ 441/0.473135]
  2   4 200, 0.516217 [0.150247/11.773080] [ 491/0.473135]
  2   4 250, 0.512840 [0.141022/11.753840] [ 541/0.473135]
  2   4 300, 0.528224 [0.130336/11.735139] [ 591/0.473135]
  2   4 350, 0.542931 [0.135485/11.716034] [ 641/0.473135]
Epoch 4 done. Evaluation:
(42061, 50000)
(7779, 10000)
  2   5  50, 0.496160 [0.149975/11.688979] [ 732/0.473135]
  2   5 100, 0.493842 [0.157445/11.676231] [ 782/0.473135]
  2   5 150, 0.519011 [0.136669/11.659649] [ 832/0.473135]
  2   5 200, 0.510638 [0.152565/11.644399] [ 882/0.473135]
  2   5 250, 0.525076 [0.154881/11.625528] [ 932/0.473135]
  2   5 300, 0.525284 [0.145723/11.606780] [ 982/0.473135]
  2   5 350, 0.508625 [0.135257/11.594196] [1032/0.473135]
Epoch 5 done. Evaluation:
(42206, 50000)
(7622, 10000)
  2   6  50, 0.492668 [0.153295/11.566408] [1123/0.473135]
  2   6 100, 0.495648 [0.130845/11.551478] [1173/0.473135]
  2   6 150, 0.497717 [0.128790/11.538651] [1223/0.473135]
  2   6 200, 0.499849 [0.158570/11.524544] [1273/0.473135]
  2   6 250, 0.508810 [0.161908/11.508181] [1323/0.473135]
  2   6 300, 0.521524 [0.149178/11.489948] [1373/0.473135]
  2   6 350, 0.527552 [0.173552/11.472856] [1423/0.473135]
Epoch 6 done. Evaluation:
(42153, 50000)
(7849, 10000)
  2   7  50, 0.506904 [0.151619/11.445626] [1514/0.473135]
  2   7 100, 0.500112 [0.163640/11.433098] [1564/0.473135]
  2   7 150, 0.495257 [0.146588/11.419175] [1614/0.473135]
  2   7 200, 0.500837 [0.142105/11.407607] [1664/0.473135]
  2   7 250, 0.524439 [0.147064/11.393944] [1714/0.473135]
  2   7 300, 0.506567 [0.175791/11.378656] [1764/0.473135]
  2   7 350, 0.525673 [0.164463/11.363451] [1814/0.473135]
Epoch 7 done. Evaluation:
(42143, 50000)
(7831, 10000)
  2   8  50, 0.491733 [0.119592/11.338713] [1905/0.473135]
  2   8 100, 0.494279 [0.155328/11.327852] [1955/0.473135]
  2   8 150, 0.519135 [0.173550/11.314588] [2005/0.473135]
  2   8 200, 0.520966 [0.169978/11.301676] [2055/0.473135]
  2   8 250, 0.518530 [0.128475/11.287646] [2105/0.473135]
  2   8 300, 0.506803 [0.127696/11.271488] [2155/0.473135]
  2   8 350, 0.502472 [0.143554/11.256779] [2205/0.473135]
Epoch 8 done. Evaluation:
(42182, 50000)
(8022, 10000)
  2   9  50, 0.490848 [0.147322/11.232444] [2296/0.473135]
  2   9 100, 0.492442 [0.172914/11.219816] [2346/0.473135]
  2   9 150, 0.519650 [0.171740/11.206490] [2396/0.473135]
  2   9 200, 0.501630 [0.163309/11.193492] [2446/0.473135]
  2   9 250, 0.528471 [0.154621/11.179261] [2496/0.473135]
  2   9 300, 0.524970 [0.159520/11.165358] [2546/0.473135]
  2   9 350, 0.516204 [0.128432/11.150441] [2596/0.473135]
Epoch 9 done. Evaluation:
(42098, 50000)
(7107, 10000)
  2  10  50, 0.490558 [0.154408/11.126283] [2687/0.473135]
  2  10 100, 0.507534 [0.169185/11.116497] [2737/0.473135]
  2  10 150, 0.487815 [0.140825/11.101592] [2787/0.473135]
  2  10 200, 0.531996 [0.139018/11.088304] [2837/0.473135]
  2  10 250, 0.510165 [0.158352/11.076501] [2887/0.473135]
  2  10 300, 0.525558 [0.152272/11.064177] [2937/0.473135]
  2  10 350, 0.526530 [0.126245/11.049026] [2987/0.473135]
Epoch 10 done. Evaluation:
(42113, 50000)
(6901, 10000)
  2  11  50, 0.488705 [0.150637/11.031068] [3078/0.473135]
  2  11 100, 0.505984 [0.172317/11.023307] [3128/0.473135]
  2  11 150, 0.514336 [0.168444/11.009549] [3178/0.473135]
  2  11 200, 0.508894 [0.201073/10.996536] [3228/0.473135]
  2  11 250, 0.509842 [0.165197/10.984264] [3278/0.473135]
  2  11 300, 0.516057 [0.137750/10.971315] [3328/0.473135]
  2  11 350, 0.519382 [0.159918/10.957801] [3378/0.473135]
Epoch 11 done. Evaluation:
(42114, 50000)
(7646, 10000)
  2  12  50, 0.499707 [0.148197/10.937250] [3469/0.473135]
  2  12 100, 0.501981 [0.132666/10.926519] [3519/0.473135]
  2  12 150, 0.514048 [0.147781/10.915244] [3569/0.473135]
  2  12 200, 0.519529 [0.137960/10.903227] [3619/0.473135]
  2  12 250, 0.534362 [0.134249/10.888704] [3669/0.473135]
  2  12 300, 0.509919 [0.181470/10.875572] [3719/0.473135]
  2  12 350, 0.508226 [0.170667/10.863834] [3769/0.473135]
Epoch 12 done. Evaluation:
(42080, 50000)
(7961, 10000)
  2  13  50, 0.490800 [0.146224/10.843369] [3860/0.473135]
  2  13 100, 0.491987 [0.137149/10.835329] [3910/0.473135]
  2  13 150, 0.510925 [0.168487/10.826567] [3960/0.473135]
  2  13 200, 0.503130 [0.143125/10.814813] [4010/0.473135]
  2  13 250, 0.535675 [0.143188/10.802527] [4060/0.473135]
  2  13 300, 0.520637 [0.161826/10.792990] [4110/0.473135]
  2  13 350, 0.505288 [0.156744/10.780843] [4160/0.473135]
Epoch 13 done. Evaluation:
(42107, 50000)
(6943, 10000)
  2  14  50, 0.473587 [0.163166/10.760297] [4251/0.473135]
  2  14 100, 0.525156 [0.188210/10.750737] [4301/0.473135]
  2  14 150, 0.497404 [0.155039/10.740582] [4351/0.473135]
  2  14 200, 0.513264 [0.164924/10.730576] [4401/0.473135]
  2  14 250, 0.525035 [0.162890/10.718590] [4451/0.473135]
  2  14 300, 0.503710 [0.160529/10.706717] [4501/0.473135]
  2  14 350, 0.494724 [0.154128/10.695735] [4551/0.473135]
Epoch 14 done. Evaluation:
(42289, 50000)
(7560, 10000)
  2  15  50, 0.482300 [0.137124/10.678052] [4642/0.473135]
  2  15 100, 0.500165 [0.170150/10.669585] [4692/0.473135]
  2  15 150, 0.500264 [0.166492/10.656322] [4742/0.473135]
  2  15 200, 0.491326 [0.135232/10.644325] [4792/0.473135]
  2  15 250, 0.524571 [0.174420/10.631973] [4842/0.473135]
  2  15 300, 0.516294 [0.160179/10.624120] [4892/0.473135]
  2  15 350, 0.519527 [0.147148/10.615986] [4942/0.473135]
Epoch 15 done. Evaluation:
(42181, 50000)
(7957, 10000)
  2  16  50, 0.489698 [0.145632/10.599707] [5033/0.473135]
  2  16 100, 0.487599 [0.160598/10.595081] [5083/0.473135]
  2  16 150, 0.505478 [0.163519/10.585478] [5133/0.473135]
  2  16 200, 0.495742 [0.161235/10.573177] [5183/0.473135]
  2  16 250, 0.493305 [0.140855/10.564603] [5233/0.473135]
  2  16 300, 0.517137 [0.131535/10.549224] [5283/0.473135]
  2  16 350, 0.528914 [0.162944/10.538381] [5333/0.473135]
Epoch 16 done. Evaluation:
(42258, 50000)
(7725, 10000)
  2  17  50, 0.492473 [0.184047/10.524563] [5424/0.473135]
  2  17 100, 0.484364 [0.144251/10.517824] [5474/0.473135]
  2  17 150, 0.519989 [0.141757/10.509817] [5524/0.473135]
  2  17 200, 0.510373 [0.152187/10.499778] [5574/0.473135]
  2  17 250, 0.499785 [0.163720/10.486801] [5624/0.473135]
  2  17 300, 0.511920 [0.163468/10.474692] [5674/0.473135]
  2  17 350, 0.497799 [0.135782/10.461678] [5724/0.473135]
Epoch 17 done. Evaluation:
(42274, 50000)
(7481, 10000)
  2  18  50, 0.478424 [0.167775/10.451833] [5815/0.473135]
  2  18 100, 0.488669 [0.151108/10.444934] [5865/0.473135]
  2  18 150, 0.505776 [0.145563/10.434446] [5915/0.473135]
  2  18 200, 0.504890 [0.134297/10.426377] [5965/0.473135]
  2  18 250, 0.488923 [0.143465/10.415290] [6015/0.473135]
  2  18 300, 0.505113 [0.149029/10.403636] [6065/0.473135]
  2  18 350, 0.499287 [0.151426/10.391123] [6115/0.473135]
Epoch 18 done. Evaluation:
(42364, 50000)
(7033, 10000)
  2  19  50, 0.493216 [0.160554/10.373116] [6206/0.473135]
  2  19 100, 0.490827 [0.141307/10.366622] [6256/0.473135]
  2  19 150, 0.467390 [0.120400/10.360493] [   0/0.467390]
  2  19 200, 0.489046 [0.174671/10.351539] [  50/0.467390]
  2  19 250, 0.506166 [0.155441/10.340819] [ 100/0.467390]
  2  19 300, 0.528104 [0.135112/10.330581] [ 150/0.467390]
  2  19 350, 0.514562 [0.171160/10.319760] [ 200/0.467390]
Epoch 19 done. Evaluation:
(42359, 50000)
(7703, 10000)
  3   0  50, 0.416460 [0.103046/10.296807] [   0/0.416460]
  3   0 100, 0.400119 [0.077607/10.283959] [   0/0.400119]
  3   0 150, 0.414638 [0.063724/10.270537] [  50/0.400119]
  3   0 200, 0.412806 [0.077067/10.258357] [ 100/0.400119]
  3   0 250, 0.438178 [0.087621/10.244315] [ 150/0.400119]
  3   0 300, 0.401931 [0.097636/10.232826] [ 200/0.400119]
  3   0 350, 0.429357 [0.099233/10.219844] [ 250/0.400119]
Epoch 0 done. Evaluation:
(43817, 50000)
(8220, 10000)
  3   1  50, 0.381274 [0.060932/10.200716] [   0/0.381274]
  3   1 100, 0.407962 [0.077000/10.190125] [  50/0.381274]
  3   1 150, 0.405790 [0.083261/10.181203] [ 100/0.381274]
  3   1 200, 0.406137 [0.067518/10.170604] [ 150/0.381274]
  3   1 250, 0.391934 [0.094105/10.161268] [ 200/0.381274]
  3   1 300, 0.434325 [0.090437/10.149816] [ 250/0.381274]
  3   1 350, 0.425814 [0.078651/10.139620] [ 300/0.381274]
Epoch 1 done. Evaluation:
(43959, 50000)
(8172, 10000)
  3   2  50, 0.372305 [0.096856/10.125962] [   0/0.372305]
  3   2 100, 0.394924 [0.085558/10.118114] [  50/0.372305]
  3   2 150, 0.401551 [0.090798/10.109511] [ 100/0.372305]
  3   2 200, 0.403584 [0.086316/10.102794] [ 150/0.372305]
  3   2 250, 0.404046 [0.090552/10.095139] [ 200/0.372305]
  3   2 300, 0.434743 [0.078766/10.086197] [ 250/0.372305]
  3   2 350, 0.447282 [0.097310/10.075365] [ 300/0.372305]
Epoch 2 done. Evaluation:
(43922, 50000)
(7652, 10000)
  3   3  50, 0.383084 [0.081066/10.062954] [ 391/0.372305]
  3   3 100, 0.401299 [0.096350/10.055588] [ 441/0.372305]
  3   3 150, 0.409084 [0.109677/10.048453] [ 491/0.372305]
  3   3 200, 0.406409 [0.098695/10.040055] [ 541/0.372305]
  3   3 250, 0.411031 [0.082548/10.033221] [ 591/0.372305]
  3   3 300, 0.428242 [0.078107/10.025408] [ 641/0.372305]
  3   3 350, 0.437636 [0.101500/10.017081] [ 691/0.372305]
Epoch 3 done. Evaluation:
(43812, 50000)
(8332, 10000)
  3   4  50, 0.379066 [0.097420/10.003305] [ 782/0.372305]
  3   4 100, 0.385856 [0.087334/9.999006] [ 832/0.372305]
  3   4 150, 0.423312 [0.101425/9.991624] [ 882/0.372305]
  3   4 200, 0.409158 [0.078534/9.984365] [ 932/0.372305]
  3   4 250, 0.409867 [0.088991/9.977318] [ 982/0.372305]
  3   4 300, 0.429196 [0.106824/9.969720] [1032/0.372305]
  3   4 350, 0.420175 [0.096561/9.963032] [1082/0.372305]
Epoch 4 done. Evaluation:
(43870, 50000)
(8052, 10000)
  3   5  50, 0.407519 [0.095839/9.949885] [1173/0.372305]
  3   5 100, 0.407296 [0.106045/9.944046] [1223/0.372305]
  3   5 150, 0.392551 [0.093139/9.939062] [1273/0.372305]
  3   5 200, 0.390102 [0.084561/9.933033] [1323/0.372305]
  3   5 250, 0.414592 [0.102645/9.926857] [1373/0.372305]
  3   5 300, 0.416919 [0.083368/9.920007] [1423/0.372305]
  3   5 350, 0.423278 [0.102488/9.912230] [1473/0.372305]
Epoch 5 done. Evaluation:
(43958, 50000)
(8141, 10000)
  3   6  50, 0.416819 [0.098217/9.902867] [1564/0.372305]
  3   6 100, 0.394756 [0.113134/9.898104] [1614/0.372305]
  3   6 150, 0.410417 [0.108488/9.892271] [1664/0.372305]
  3   6 200, 0.404250 [0.107802/9.886946] [1714/0.372305]
  3   6 250, 0.414137 [0.082525/9.882500] [1764/0.372305]
  3   6 300, 0.411412 [0.093729/9.874912] [1814/0.372305]
  3   6 350, 0.418577 [0.095521/9.868980] [1864/0.372305]
Epoch 6 done. Evaluation:
(43879, 50000)
(8128, 10000)
  3   7  50, 0.396635 [0.089684/9.858698] [1955/0.372305]
  3   7 100, 0.388761 [0.107863/9.853565] [2005/0.372305]
  3   7 150, 0.409309 [0.080487/9.849612] [2055/0.372305]
  3   7 200, 0.385149 [0.097107/9.844794] [2105/0.372305]
  3   7 250, 0.416481 [0.108206/9.840797] [2155/0.372305]
  3   7 300, 0.415171 [0.119965/9.835566] [2205/0.372305]
  3   7 350, 0.417176 [0.104620/9.828918] [2255/0.372305]
Epoch 7 done. Evaluation:
(43883, 50000)
(7878, 10000)
  3   8  50, 0.390164 [0.093254/9.819739] [2346/0.372305]
  3   8 100, 0.390103 [0.092432/9.813774] [2396/0.372305]
  3   8 150, 0.394970 [0.096436/9.808268] [2446/0.372305]
  3   8 200, 0.407727 [0.091114/9.803625] [2496/0.372305]
  3   8 250, 0.407696 [0.099060/9.799119] [2546/0.372305]
  3   8 300, 0.402197 [0.099231/9.794896] [2596/0.372305]
  3   8 350, 0.422963 [0.099029/9.787892] [2646/0.372305]
Epoch 8 done. Evaluation:
(44088, 50000)
(7895, 10000)
  3   9  50, 0.379436 [0.104224/9.781000] [2737/0.372305]
  3   9 100, 0.407742 [0.110913/9.776045] [2787/0.372305]
  3   9 150, 0.415710 [0.078296/9.771369] [2837/0.372305]
  3   9 200, 0.411601 [0.120388/9.767172] [2887/0.372305]
  3   9 250, 0.403306 [0.098906/9.760895] [2937/0.372305]
  3   9 300, 0.416726 [0.115348/9.754143] [2987/0.372305]
  3   9 350, 0.414477 [0.091478/9.747907] [3037/0.372305]
Epoch 9 done. Evaluation:
(43960, 50000)
(8301, 10000)
  3  10  50, 0.391905 [0.110331/9.740572] [3128/0.372305]
  3  10 100, 0.388855 [0.095055/9.736581] [3178/0.372305]
  3  10 150, 0.411026 [0.095825/9.731445] [3228/0.372305]
  3  10 200, 0.407015 [0.104496/9.728121] [3278/0.372305]
  3  10 250, 0.413452 [0.127134/9.723104] [3328/0.372305]
  3  10 300, 0.420029 [0.127129/9.718341] [3378/0.372305]
  3  10 350, 0.397564 [0.101167/9.713494] [3428/0.372305]
Epoch 10 done. Evaluation:
(44000, 50000)
(8247, 10000)
  3  11  50, 0.374141 [0.085951/9.706284] [3519/0.372305]
  3  11 100, 0.393826 [0.096308/9.702139] [3569/0.372305]
  3  11 150, 0.389416 [0.087269/9.698353] [3619/0.372305]
  3  11 200, 0.402320 [0.083841/9.694761] [3669/0.372305]
  3  11 250, 0.419437 [0.100781/9.690072] [3719/0.372305]
  3  11 300, 0.414440 [0.102471/9.684928] [3769/0.372305]
  3  11 350, 0.434310 [0.096160/9.680170] [3819/0.372305]
Epoch 11 done. Evaluation:
(43990, 50000)
(7997, 10000)
  3  12  50, 0.378550 [0.096979/9.674301] [3910/0.372305]
  3  12 100, 0.374322 [0.092571/9.670293] [3960/0.372305]
  3  12 150, 0.392369 [0.104163/9.666501] [4010/0.372305]
  3  12 200, 0.409166 [0.114756/9.664065] [4060/0.372305]
  3  12 250, 0.428378 [0.078770/9.658780] [4110/0.372305]
  3  12 300, 0.425959 [0.084854/9.652956] [4160/0.372305]
  3  12 350, 0.426003 [0.095167/9.646949] [4210/0.372305]
Epoch 12 done. Evaluation:
(43961, 50000)
(8157, 10000)
  3  13  50, 0.405662 [0.101201/9.638079] [4301/0.372305]
  3  13 100, 0.381205 [0.106815/9.634864] [4351/0.372305]
  3  13 150, 0.403768 [0.104612/9.631319] [4401/0.372305]
  3  13 200, 0.401106 [0.099790/9.628182] [4451/0.372305]
  3  13 250, 0.407478 [0.104630/9.625467] [4501/0.372305]
  3  13 300, 0.424828 [0.105603/9.621786] [4551/0.372305]
  3  13 350, 0.431492 [0.098234/9.616385] [4601/0.372305]
Epoch 13 done. Evaluation:
(43879, 50000)
(8141, 10000)
  3  14  50, 0.395249 [0.085924/9.606807] [4692/0.372305]
  3  14 100, 0.386784 [0.085870/9.604283] [4742/0.372305]
  3  14 150, 0.390374 [0.096522/9.601598] [4792/0.372305]
  3  14 200, 0.404617 [0.125815/9.598934] [4842/0.372305]
  3  14 250, 0.405064 [0.096016/9.593310] [4892/0.372305]
  3  14 300, 0.405072 [0.107248/9.587999] [4942/0.372305]
  3  14 350, 0.412564 [0.088083/9.582008] [4992/0.372305]
Epoch 14 done. Evaluation:
(44034, 50000)
(7619, 10000)
  3  15  50, 0.378650 [0.102636/9.575787] [5083/0.372305]
  3  15 100, 0.374605 [0.115541/9.574091] [5133/0.372305]
  3  15 150, 0.394813 [0.109178/9.570373] [5183/0.372305]
  3  15 200, 0.415722 [0.104654/9.564885] [5233/0.372305]
  3  15 250, 0.418565 [0.115100/9.561445] [5283/0.372305]
  3  15 300, 0.412980 [0.126231/9.556833] [5333/0.372305]
  3  15 350, 0.427015 [0.098190/9.554549] [5383/0.372305]
Epoch 15 done. Evaluation:
(44021, 50000)
(8191, 10000)
  3  16  50, 0.382586 [0.120888/9.548826] [5474/0.372305]
  3  16 100, 0.403304 [0.118588/9.545933] [5524/0.372305]
  3  16 150, 0.403169 [0.077532/9.541108] [5574/0.372305]
  3  16 200, 0.378905 [0.103713/9.538776] [5624/0.372305]
  3  16 250, 0.418443 [0.097539/9.535352] [5674/0.372305]
  3  16 300, 0.426468 [0.089793/9.529196] [5724/0.372305]
  3  16 350, 0.422109 [0.112134/9.523393] [5774/0.372305]
Epoch 16 done. Evaluation:
(43916, 50000)
(8214, 10000)
  3  17  50, 0.386318 [0.115937/9.518967] [5865/0.372305]
  3  17 100, 0.402957 [0.080830/9.515132] [5915/0.372305]
  3  17 150, 0.394663 [0.097462/9.511777] [5965/0.372305]
  3  17 200, 0.389498 [0.097363/9.507011] [6015/0.372305]
  3  17 250, 0.410765 [0.111600/9.506145] [6065/0.372305]
  3  17 300, 0.411370 [0.121372/9.503703] [6115/0.372305]
  3  17 350, 0.414117 [0.096644/9.499814] [6165/0.372305]
Epoch 17 done. Evaluation:
(43972, 50000)
(7948, 10000)
  3  18  50, 0.363764 [0.091315/9.494725] [   0/0.363764]
  3  18 100, 0.398809 [0.105794/9.491444] [  50/0.363764]
  3  18 150, 0.393158 [0.082910/9.487181] [ 100/0.363764]
  3  18 200, 0.392770 [0.090045/9.483220] [ 150/0.363764]
  3  18 250, 0.398369 [0.088154/9.479958] [ 200/0.363764]
  3  18 300, 0.396978 [0.083601/9.476396] [ 250/0.363764]
  3  18 350, 0.430996 [0.111300/9.473777] [ 300/0.363764]
Epoch 18 done. Evaluation:
(44080, 50000)
(8004, 10000)
  3  19  50, 0.395016 [0.113721/9.471938] [ 391/0.363764]
  3  19 100, 0.372611 [0.095188/9.470411] [ 441/0.363764]
  3  19 150, 0.397902 [0.107698/9.467121] [ 491/0.363764]
  3  19 200, 0.392510 [0.115634/9.463620] [ 541/0.363764]
  3  19 250, 0.407111 [0.092532/9.461136] [ 591/0.363764]
  3  19 300, 0.407855 [0.105561/9.456303] [ 641/0.363764]
  3  19 350, 0.409394 [0.095940/9.451742] [ 691/0.363764]
Epoch 19 done. Evaluation:
(44126, 50000)
(8058, 10000)
  4   0  50, 0.349297 [0.042215/9.440140] [   0/0.349297]
  4   0 100, 0.315332 [0.049620/9.434636] [   0/0.315332]
  4   0 150, 0.311701 [0.046405/9.428704] [   0/0.311701]
  4   0 200, 0.316140 [0.050045/9.423041] [  50/0.311701]
  4   0 250, 0.324087 [0.054318/9.416817] [ 100/0.311701]
  4   0 300, 0.336175 [0.041232/9.411267] [ 150/0.311701]
  4   0 350, 0.310543 [0.056310/9.406228] [   0/0.310543]
Epoch 0 done. Evaluation:
(45587, 50000)
(8642, 10000)
  4   1  50, 0.295449 [0.043820/9.397601] [   0/0.295449]
  4   1 100, 0.280048 [0.061797/9.394113] [   0/0.280048]
  4   1 150, 0.303792 [0.050008/9.389692] [  50/0.280048]
  4   1 200, 0.298947 [0.058718/9.385665] [ 100/0.280048]
  4   1 250, 0.295753 [0.056242/9.381584] [ 150/0.280048]
  4   1 300, 0.305835 [0.060127/9.377295] [ 200/0.280048]
  4   1 350, 0.304612 [0.055244/9.372372] [ 250/0.280048]
Epoch 1 done. Evaluation:
(45950, 50000)
(8392, 10000)
  4   2  50, 0.282756 [0.062600/9.365128] [ 341/0.280048]
  4   2 100, 0.282143 [0.066337/9.362146] [ 391/0.280048]
  4   2 150, 0.293454 [0.055809/9.358468] [ 441/0.280048]
  4   2 200, 0.296186 [0.058359/9.354261] [ 491/0.280048]
  4   2 250, 0.296960 [0.049269/9.350492] [ 541/0.280048]
  4   2 300, 0.310856 [0.060271/9.346108] [ 591/0.280048]
  4   2 350, 0.315611 [0.061846/9.342798] [ 641/0.280048]
Epoch 2 done. Evaluation:
(45918, 50000)
(8347, 10000)
  4   3  50, 0.276799 [0.051506/9.336129] [   0/0.276799]
  4   3 100, 0.279412 [0.067771/9.332738] [  50/0.276799]
  4   3 150, 0.298815 [0.049151/9.328649] [ 100/0.276799]
  4   3 200, 0.302682 [0.069573/9.325822] [ 150/0.276799]
  4   3 250, 0.300740 [0.042959/9.322054] [ 200/0.276799]
  4   3 300, 0.316578 [0.063428/9.318558] [ 250/0.276799]
  4   3 350, 0.313846 [0.055616/9.315289] [ 300/0.276799]
Epoch 3 done. Evaluation:
(45924, 50000)
(8518, 10000)
  4   4  50, 0.282555 [0.054157/9.308569] [ 391/0.276799]
  4   4 100, 0.284363 [0.052406/9.305451] [ 441/0.276799]
  4   4 150, 0.299847 [0.049656/9.301981] [ 491/0.276799]
  4   4 200, 0.299414 [0.067505/9.298478] [ 541/0.276799]
  4   4 250, 0.316611 [0.072549/9.294428] [ 591/0.276799]
  4   4 300, 0.312704 [0.061126/9.290209] [ 641/0.276799]
  4   4 350, 0.310969 [0.071777/9.286685] [ 691/0.276799]
Epoch 4 done. Evaluation:
(45844, 50000)
(8378, 10000)
  4   5  50, 0.283594 [0.076557/9.281720] [ 782/0.276799]
  4   5 100, 0.291845 [0.068847/9.278612] [ 832/0.276799]
  4   5 150, 0.276974 [0.056026/9.275789] [ 882/0.276799]
  4   5 200, 0.280333 [0.047106/9.272988] [ 932/0.276799]
  4   5 250, 0.292647 [0.060204/9.271004] [ 982/0.276799]
  4   5 300, 0.310527 [0.062863/9.267481] [1032/0.276799]
  4   5 350, 0.317684 [0.066390/9.263766] [1082/0.276799]
Epoch 5 done. Evaluation:
(45917, 50000)
(8443, 10000)
  4   6  50, 0.271692 [0.063633/9.258082] [   0/0.271692]
  4   6 100, 0.277787 [0.061865/9.255436] [  50/0.271692]
  4   6 150, 0.292995 [0.064911/9.252781] [ 100/0.271692]
  4   6 200, 0.290121 [0.066231/9.249660] [ 150/0.271692]
  4   6 250, 0.308535 [0.078508/9.247286] [ 200/0.271692]
  4   6 300, 0.308253 [0.069227/9.244388] [ 250/0.271692]
  4   6 350, 0.313205 [0.058930/9.240865] [ 300/0.271692]
Epoch 6 done. Evaluation:
(45969, 50000)
(8346, 10000)
  4   7  50, 0.286020 [0.058085/9.235276] [ 391/0.271692]
  4   7 100, 0.285842 [0.065885/9.233525] [ 441/0.271692]
  4   7 150, 0.306622 [0.067419/9.230879] [ 491/0.271692]
  4   7 200, 0.291294 [0.057800/9.228094] [ 541/0.271692]
  4   7 250, 0.306544 [0.059607/9.225274] [ 591/0.271692]
  4   7 300, 0.305998 [0.087537/9.222208] [ 641/0.271692]
  4   7 350, 0.303442 [0.051008/9.219814] [ 691/0.271692]
Epoch 7 done. Evaluation:
(45854, 50000)
(8367, 10000)
  4   8  50, 0.273955 [0.062785/9.214481] [ 782/0.271692]
  4   8 100, 0.281880 [0.063274/9.212062] [ 832/0.271692]
  4   8 150, 0.293401 [0.060781/9.208992] [ 882/0.271692]
  4   8 200, 0.287188 [0.063397/9.206925] [ 932/0.271692]
  4   8 250, 0.298811 [0.079267/9.205569] [ 982/0.271692]
  4   8 300, 0.292854 [0.059386/9.203075] [1032/0.271692]
  4   8 350, 0.319457 [0.055572/9.199900] [1082/0.271692]
Epoch 8 done. Evaluation:
(45906, 50000)
(8076, 10000)
  4   9  50, 0.262415 [0.064850/9.196144] [   0/0.262415]
  4   9 100, 0.283689 [0.046006/9.193677] [  50/0.262415]
  4   9 150, 0.298817 [0.076780/9.191547] [ 100/0.262415]
  4   9 200, 0.290970 [0.085572/9.188532] [ 150/0.262415]
  4   9 250, 0.322251 [0.066949/9.185638] [ 200/0.262415]
  4   9 300, 0.325449 [0.049110/9.182490] [ 250/0.262415]
  4   9 350, 0.307662 [0.063858/9.179735] [ 300/0.262415]
Epoch 9 done. Evaluation:
(45806, 50000)
(8520, 10000)
  4  10  50, 0.292670 [0.071714/9.175022] [ 391/0.262415]
  4  10 100, 0.284571 [0.049214/9.173829] [ 441/0.262415]
  4  10 150, 0.283114 [0.060739/9.172174] [ 491/0.262415]
  4  10 200, 0.303611 [0.052837/9.171116] [ 541/0.262415]
  4  10 250, 0.304240 [0.074800/9.169300] [ 591/0.262415]
  4  10 300, 0.319638 [0.061659/9.166199] [ 641/0.262415]
  4  10 350, 0.306803 [0.065788/9.163425] [ 691/0.262415]
Epoch 10 done. Evaluation:
(45812, 50000)
(8179, 10000)
  4  11  50, 0.283189 [0.062866/9.159308] [ 782/0.262415]
  4  11 100, 0.274404 [0.053306/9.157185] [ 832/0.262415]
  4  11 150, 0.282241 [0.038524/9.155119] [ 882/0.262415]
  4  11 200, 0.303441 [0.074483/9.153328] [ 932/0.262415]
  4  11 250, 0.302113 [0.070820/9.151448] [ 982/0.262415]
  4  11 300, 0.312470 [0.054622/9.149263] [1032/0.262415]
  4  11 350, 0.301773 [0.074294/9.147076] [1082/0.262415]
Epoch 11 done. Evaluation:
(45862, 50000)
(8123, 10000)
  4  12  50, 0.274859 [0.068621/9.141914] [1173/0.262415]
  4  12 100, 0.281229 [0.080810/9.140307] [1223/0.262415]
  4  12 150, 0.296817 [0.063943/9.137837] [1273/0.262415]
  4  12 200, 0.297526 [0.082785/9.135771] [1323/0.262415]
  4  12 250, 0.298232 [0.041224/9.135188] [1373/0.262415]
  4  12 300, 0.324078 [0.073810/9.133536] [1423/0.262415]
  4  12 350, 0.300893 [0.059771/9.130856] [1473/0.262415]
Epoch 12 done. Evaluation:
(45797, 50000)
(8495, 10000)
  4  13  50, 0.264354 [0.051472/9.126399] [1564/0.262415]
  4  13 100, 0.272353 [0.071300/9.124868] [1614/0.262415]
  4  13 150, 0.285391 [0.088734/9.123163] [1664/0.262415]
  4  13 200, 0.292566 [0.066449/9.121625] [1714/0.262415]
  4  13 250, 0.302104 [0.071045/9.120295] [1764/0.262415]
  4  13 300, 0.306308 [0.069261/9.118149] [1814/0.262415]
  4  13 350, 0.307587 [0.055851/9.116095] [1864/0.262415]
Epoch 13 done. Evaluation:
(45934, 50000)
(8267, 10000)
  4  14  50, 0.272514 [0.073685/9.113079] [1955/0.262415]
  4  14 100, 0.283397 [0.071761/9.110668] [2005/0.262415]
  4  14 150, 0.284880 [0.075336/9.109093] [2055/0.262415]
  4  14 200, 0.296352 [0.071547/9.107855] [2105/0.262415]
  4  14 250, 0.308244 [0.076857/9.107115] [2155/0.262415]
  4  14 300, 0.283908 [0.081345/9.105303] [2205/0.262415]
  4  14 350, 0.305550 [0.083774/9.103533] [2255/0.262415]
Epoch 14 done. Evaluation:
(46011, 50000)
(8270, 10000)
  4  15  50, 0.285439 [0.056487/9.100542] [2346/0.262415]
  4  15 100, 0.282859 [0.051482/9.099092] [2396/0.262415]
  4  15 150, 0.281458 [0.062449/9.098194] [2446/0.262415]
  4  15 200, 0.290875 [0.062376/9.096487] [2496/0.262415]
  4  15 250, 0.291218 [0.049693/9.094265] [2546/0.262415]
  4  15 300, 0.313571 [0.075320/9.092047] [2596/0.262415]
  4  15 350, 0.304992 [0.058751/9.090023] [2646/0.262415]
Epoch 15 done. Evaluation:
(45883, 50000)
(8352, 10000)
  4  16  50, 0.257303 [0.062129/9.087537] [   0/0.257303]
  4  16 100, 0.282806 [0.061017/9.086341] [  50/0.257303]
  4  16 150, 0.281460 [0.059116/9.084765] [ 100/0.257303]
  4  16 200, 0.290179 [0.067171/9.083087] [ 150/0.257303]
  4  16 250, 0.296673 [0.066626/9.081072] [ 200/0.257303]
  4  16 300, 0.295834 [0.070512/9.079223] [ 250/0.257303]
  4  16 350, 0.303380 [0.061375/9.077158] [ 300/0.257303]
Epoch 16 done. Evaluation:
(45966, 50000)
(8458, 10000)
  4  17  50, 0.271789 [0.074298/9.074309] [ 391/0.257303]
  4  17 100, 0.290348 [0.067313/9.073016] [ 441/0.257303]
  4  17 150, 0.293897 [0.082288/9.072290] [ 491/0.257303]
  4  17 200, 0.292047 [0.088847/9.071277] [ 541/0.257303]
  4  17 250, 0.289459 [0.068567/9.069527] [ 591/0.257303]
  4  17 300, 0.304832 [0.071565/9.068251] [ 641/0.257303]
  4  17 350, 0.319866 [0.048392/9.066453] [ 691/0.257303]
Epoch 17 done. Evaluation:
(45899, 50000)
(8255, 10000)
  4  18  50, 0.270862 [0.064442/9.062547] [ 782/0.257303]
  4  18 100, 0.282514 [0.054168/9.061503] [ 832/0.257303]
  4  18 150, 0.274407 [0.068075/9.060703] [ 882/0.257303]
  4  18 200, 0.296856 [0.068241/9.059290] [ 932/0.257303]
  4  18 250, 0.299828 [0.077854/9.057072] [ 982/0.257303]
  4  18 300, 0.307014 [0.073082/9.055142] [1032/0.257303]
  4  18 350, 0.292927 [0.073890/9.052802] [1082/0.257303]
Epoch 18 done. Evaluation:
(45899, 50000)
(8305, 10000)
  4  19  50, 0.274696 [0.063276/9.050596] [1173/0.257303]
  4  19 100, 0.272768 [0.071323/9.048371] [1223/0.257303]
  4  19 150, 0.277507 [0.062063/9.047086] [1273/0.257303]
  4  19 200, 0.300425 [0.077289/9.046910] [1323/0.257303]
  4  19 250, 0.298586 [0.076802/9.045233] [1373/0.257303]
  4  19 300, 0.298600 [0.062078/9.044385] [1423/0.257303]
  4  19 350, 0.308327 [0.072893/9.043169] [1473/0.257303]
Epoch 19 done. Evaluation:
(45905, 50000)
(8313, 10000)
  5   0  50, 0.237554 [0.022484/9.037717] [   0/0.237554]
  5   0 100, 0.207807 [0.030342/9.034582] [   0/0.207807]
  5   0 150, 0.216468 [0.032217/9.031408] [  50/0.207807]
  5   0 200, 0.215539 [0.027760/9.028249] [ 100/0.207807]
  5   0 250, 0.211463 [0.033140/9.025232] [ 150/0.207807]
  5   0 300, 0.211648 [0.032488/9.022150] [ 200/0.207807]
  5   0 350, 0.210347 [0.020756/9.019254] [ 250/0.207807]
Epoch 0 done. Evaluation:
(47476, 50000)
(8649, 10000)
  5   1  50, 0.185455 [0.032808/9.014236] [   0/0.185455]
  5   1 100, 0.197443 [0.021076/9.011725] [  50/0.185455]
  5   1 150, 0.194739 [0.038276/9.009216] [ 100/0.185455]
  5   1 200, 0.187873 [0.027943/9.006907] [ 150/0.185455]
  5   1 250, 0.189963 [0.028424/9.004446] [ 200/0.185455]
  5   1 300, 0.187577 [0.029686/9.002047] [ 250/0.185455]
  5   1 350, 0.203450 [0.031415/8.999363] [ 300/0.185455]
Epoch 1 done. Evaluation:
(47899, 50000)
(8522, 10000)
  5   2  50, 0.185036 [0.029467/8.994695] [   0/0.185036]
  5   2 100, 0.185925 [0.023396/8.991977] [  50/0.185036]
  5   2 150, 0.176284 [0.026929/8.989716] [   0/0.176284]
  5   2 200, 0.175372 [0.040678/8.987419] [   0/0.175372]
  5   2 250, 0.195728 [0.033550/8.985119] [  50/0.175372]
  5   2 300, 0.185140 [0.034324/8.982806] [ 100/0.175372]
  5   2 350, 0.196713 [0.040002/8.980756] [ 150/0.175372]
Epoch 2 done. Evaluation:
(48005, 50000)
(8508, 10000)
  5   3  50, 0.182500 [0.040401/8.976991] [ 241/0.175372]
  5   3 100, 0.172165 [0.026388/8.974671] [   0/0.172165]
  5   3 150, 0.183122 [0.035483/8.972518] [  50/0.172165]
  5   3 200, 0.181471 [0.042388/8.970337] [ 100/0.172165]
  5   3 250, 0.190517 [0.033003/8.968080] [ 150/0.172165]
  5   3 300, 0.194072 [0.027357/8.965767] [ 200/0.172165]
  5   3 350, 0.200280 [0.040209/8.963394] [ 250/0.172165]
Epoch 3 done. Evaluation:
(47998, 50000)
(8571, 10000)
  5   4  50, 0.162920 [0.037030/8.959280] [   0/0.162920]
  5   4 100, 0.172243 [0.034117/8.957525] [  50/0.162920]
  5   4 150, 0.188181 [0.029999/8.955834] [ 100/0.162920]
  5   4 200, 0.182914 [0.037832/8.953954] [ 150/0.162920]
  5   4 250, 0.181075 [0.027385/8.951883] [ 200/0.162920]
  5   4 300, 0.189918 [0.022872/8.950122] [ 250/0.162920]
  5   4 350, 0.206361 [0.026400/8.947936] [ 300/0.162920]
Epoch 4 done. Evaluation:
(48015, 50000)
(8588, 10000)
  5   5  50, 0.166216 [0.029417/8.944104] [ 391/0.162920]
  5   5 100, 0.159739 [0.028267/8.941651] [   0/0.159739]
  5   5 150, 0.172133 [0.039549/8.939570] [  50/0.159739]
  5   5 200, 0.165758 [0.023535/8.937240] [ 100/0.159739]
  5   5 250, 0.191179 [0.039817/8.935575] [ 150/0.159739]
  5   5 300, 0.190165 [0.040420/8.933654] [ 200/0.159739]
  5   5 350, 0.198634 [0.033882/8.932075] [ 250/0.159739]
Epoch 5 done. Evaluation:
(48078, 50000)
(8456, 10000)
  5   6  50, 0.170065 [0.039787/8.928271] [ 341/0.159739]
  5   6 100, 0.171241 [0.027923/8.926403] [ 391/0.159739]
  5   6 150, 0.180761 [0.032676/8.924485] [ 441/0.159739]
  5   6 200, 0.176019 [0.036728/8.922451] [ 491/0.159739]
  5   6 250, 0.179450 [0.036110/8.920736] [ 541/0.159739]
  5   6 300, 0.186255 [0.036710/8.919064] [ 591/0.159739]
  5   6 350, 0.185971 [0.034257/8.917346] [ 641/0.159739]
Epoch 6 done. Evaluation:
(48051, 50000)
(8574, 10000)
  5   7  50, 0.162271 [0.034183/8.913788] [ 732/0.159739]
  5   7 100, 0.170764 [0.033259/8.911864] [ 782/0.159739]
  5   7 150, 0.180098 [0.035686/8.910065] [ 832/0.159739]
  5   7 200, 0.171435 [0.048679/8.907837] [ 882/0.159739]
  5   7 250, 0.190026 [0.041022/8.906224] [ 932/0.159739]
  5   7 300, 0.189372 [0.033265/8.905003] [ 982/0.159739]
  5   7 350, 0.198572 [0.034298/8.903165] [1032/0.159739]
Epoch 7 done. Evaluation:
(47987, 50000)
(8462, 10000)
  5   8  50, 0.164156 [0.038418/8.899678] [1123/0.159739]
  5   8 100, 0.166633 [0.034686/8.897511] [1173/0.159739]
  5   8 150, 0.175134 [0.029715/8.895502] [1223/0.159739]
  5   8 200, 0.183918 [0.032330/8.893934] [1273/0.159739]
  5   8 250, 0.190129 [0.042604/8.892489] [1323/0.159739]
  5   8 300, 0.188268 [0.035216/8.890812] [1373/0.159739]
  5   8 350, 0.192164 [0.038705/8.889299] [1423/0.159739]
Epoch 8 done. Evaluation:
(48026, 50000)
(8503, 10000)
  5   9  50, 0.165240 [0.035385/8.886336] [1514/0.159739]
  5   9 100, 0.162343 [0.025229/8.884308] [1564/0.159739]
  5   9 150, 0.185327 [0.039795/8.883044] [1614/0.159739]
  5   9 200, 0.172544 [0.045080/8.881612] [1664/0.159739]
  5   9 250, 0.189792 [0.037721/8.879869] [1714/0.159739]
  5   9 300, 0.203125 [0.036740/8.878097] [1764/0.159739]
  5   9 350, 0.193357 [0.034204/8.876155] [1814/0.159739]
Epoch 9 done. Evaluation:
(47916, 50000)
(8570, 10000)
  5  10  50, 0.171751 [0.037286/8.872705] [1905/0.159739]
  5  10 100, 0.177532 [0.057511/8.871198] [1955/0.159739]
  5  10 150, 0.179004 [0.030883/8.869549] [2005/0.159739]
  5  10 200, 0.173408 [0.045941/8.867695] [2055/0.159739]
  5  10 250, 0.183375 [0.032540/8.865905] [2105/0.159739]
  5  10 300, 0.187046 [0.040541/8.864346] [2155/0.159739]
  5  10 350, 0.180121 [0.034887/8.862503] [2205/0.159739]
Epoch 10 done. Evaluation:
(48001, 50000)
(8353, 10000)
  5  11  50, 0.179867 [0.038145/8.859836] [2296/0.159739]
  5  11 100, 0.166925 [0.028428/8.857978] [2346/0.159739]
  5  11 150, 0.178338 [0.043367/8.856430] [2396/0.159739]
  5  11 200, 0.179279 [0.035003/8.855117] [2446/0.159739]
  5  11 250, 0.174393 [0.037312/8.853142] [2496/0.159739]
  5  11 300, 0.193443 [0.042608/8.851666] [2546/0.159739]
  5  11 350, 0.190105 [0.047256/8.850058] [2596/0.159739]
Epoch 11 done. Evaluation:
(48017, 50000)
(8447, 10000)
  5  12  50, 0.168521 [0.044623/8.847251] [2687/0.159739]
  5  12 100, 0.173561 [0.034815/8.845376] [2737/0.159739]
  5  12 150, 0.171594 [0.045100/8.843368] [2787/0.159739]
  5  12 200, 0.178946 [0.031699/8.841924] [2837/0.159739]
  5  12 250, 0.189982 [0.051002/8.840882] [2887/0.159739]
  5  12 300, 0.202396 [0.040473/8.839775] [2937/0.159739]
  5  12 350, 0.205463 [0.045540/8.838454] [2987/0.159739]
Epoch 12 done. Evaluation:
(47838, 50000)
(8368, 10000)
  5  13  50, 0.165094 [0.031636/8.835934] [3078/0.159739]
  5  13 100, 0.176001 [0.034275/8.834140] [3128/0.159739]
  5  13 150, 0.171940 [0.052034/8.832413] [3178/0.159739]
  5  13 200, 0.172891 [0.050007/8.830656] [3228/0.159739]
  5  13 250, 0.187769 [0.037494/8.829402] [3278/0.159739]
  5  13 300, 0.189476 [0.043237/8.828075] [3328/0.159739]
  5  13 350, 0.188410 [0.026806/8.826370] [3378/0.159739]
Epoch 13 done. Evaluation:
(48000, 50000)
(8419, 10000)
  5  14  50, 0.162713 [0.035222/8.823204] [3469/0.159739]
  5  14 100, 0.166900 [0.044175/8.821748] [3519/0.159739]
  5  14 150, 0.172620 [0.043133/8.819918] [3569/0.159739]
  5  14 200, 0.189738 [0.040069/8.818553] [3619/0.159739]
  5  14 250, 0.192000 [0.038181/8.817900] [3669/0.159739]
  5  14 300, 0.194281 [0.040277/8.816583] [3719/0.159739]
  5  14 350, 0.205754 [0.039432/8.815587] [3769/0.159739]
Epoch 14 done. Evaluation:
(47791, 50000)
(8413, 10000)
  5  15  50, 0.168274 [0.031043/8.813272] [3860/0.159739]
  5  15 100, 0.175460 [0.042863/8.811437] [3910/0.159739]
  5  15 150, 0.172332 [0.040399/8.810014] [3960/0.159739]
  5  15 200, 0.179622 [0.046706/8.808444] [4010/0.159739]
  5  15 250, 0.190882 [0.034332/8.807115] [4060/0.159739]
  5  15 300, 0.179403 [0.040195/8.805531] [4110/0.159739]
  5  15 350, 0.198364 [0.038723/8.804258] [4160/0.159739]
Epoch 15 done. Evaluation:
(47900, 50000)
(8419, 10000)
  5  16  50, 0.161400 [0.045781/8.801870] [4251/0.159739]
  5  16 100, 0.170038 [0.064380/8.800240] [4301/0.159739]
  5  16 150, 0.183067 [0.042067/8.799121] [4351/0.159739]
  5  16 200, 0.193495 [0.036482/8.797885] [4401/0.159739]
  5  16 250, 0.186330 [0.038925/8.796522] [4451/0.159739]
  5  16 300, 0.196501 [0.040723/8.795306] [4501/0.159739]
  5  16 350, 0.194296 [0.040858/8.794071] [4551/0.159739]
Epoch 16 done. Evaluation:
(47893, 50000)
(8415, 10000)
  5  17  50, 0.169832 [0.039960/8.791827] [4642/0.159739]
  5  17 100, 0.179152 [0.030780/8.790436] [4692/0.159739]
  5  17 150, 0.180651 [0.041090/8.789251] [4742/0.159739]
  5  17 200, 0.175092 [0.031231/8.788119] [4792/0.159739]
  5  17 250, 0.187921 [0.048984/8.787421] [4842/0.159739]
  5  17 300, 0.199262 [0.036160/8.786516] [4892/0.159739]
  5  17 350, 0.192094 [0.038137/8.785284] [4942/0.159739]
Epoch 17 done. Evaluation:
(47882, 50000)
(8247, 10000)
  5  18  50, 0.168468 [0.040106/8.782622] [5033/0.159739]
  5  18 100, 0.165984 [0.042656/8.781197] [5083/0.159739]
  5  18 150, 0.180946 [0.041197/8.779670] [5133/0.159739]
  5  18 200, 0.183748 [0.040355/8.778283] [5183/0.159739]
  5  18 250, 0.191006 [0.039566/8.777562] [5233/0.159739]
  5  18 300, 0.193348 [0.059037/8.776400] [5283/0.159739]
  5  18 350, 0.194765 [0.043561/8.775277] [5333/0.159739]
Epoch 18 done. Evaluation:
(47869, 50000)
(8464, 10000)
  5  19  50, 0.178527 [0.027941/8.773199] [5424/0.159739]
  5  19 100, 0.166416 [0.022466/8.771697] [5474/0.159739]
  5  19 150, 0.174921 [0.048791/8.770102] [5524/0.159739]
  5  19 200, 0.181144 [0.030263/8.768582] [5574/0.159739]
  5  19 250, 0.184643 [0.051103/8.767292] [5624/0.159739]
  5  19 300, 0.195702 [0.047729/8.766546] [5674/0.159739]
  5  19 350, 0.195169 [0.042862/8.765390] [5724/0.159739]
Epoch 19 done. Evaluation:
(47901, 50000)
(8399, 10000)
  6   0  50, 0.150088 [0.020586/8.762702] [   0/0.150088]
  6   0 100, 0.141383 [0.014023/8.760789] [   0/0.141383]
  6   0 150, 0.130773 [0.012149/8.758930] [   0/0.130773]
  6   0 200, 0.138394 [0.021638/8.757033] [  50/0.130773]
  6   0 250, 0.131902 [0.018114/8.755257] [ 100/0.130773]
  6   0 300, 0.130055 [0.023657/8.753326] [   0/0.130055]
  6   0 350, 0.131866 [0.016516/8.751430] [  50/0.130055]
Epoch 0 done. Evaluation:
(48888, 50000)
(8656, 10000)
  6   1  50, 0.111634 [0.015938/8.747871] [   0/0.111634]
  6   1 100, 0.116509 [0.015017/8.745912] [  50/0.111634]
  6   1 150, 0.117848 [0.013957/8.744078] [ 100/0.111634]
  6   1 200, 0.116176 [0.008219/8.742163] [ 150/0.111634]
  6   1 250, 0.117029 [0.014642/8.740170] [ 200/0.111634]
  6   1 300, 0.119184 [0.020328/8.738296] [ 250/0.111634]
  6   1 350, 0.112921 [0.019907/8.736374] [ 300/0.111634]
Epoch 1 done. Evaluation:
(49268, 50000)
(8663, 10000)
  6   2  50, 0.100286 [0.017126/8.732610] [   0/0.100286]
  6   2 100, 0.103408 [0.013646/8.730613] [  50/0.100286]
  6   2 150, 0.105582 [0.019456/8.728650] [ 100/0.100286]
  6   2 200, 0.104198 [0.011238/8.726648] [ 150/0.100286]
  6   2 250, 0.109310 [0.014913/8.724808] [ 200/0.100286]
  6   2 300, 0.110276 [0.019870/8.723006] [ 250/0.100286]
  6   2 350, 0.109161 [0.008496/8.721194] [ 300/0.100286]
Epoch 2 done. Evaluation:
(49424, 50000)
(8628, 10000)
  6   3  50, 0.100770 [0.012015/8.717870] [ 391/0.100286]
  6   3 100, 0.106536 [0.009918/8.716022] [ 441/0.100286]
  6   3 150, 0.101318 [0.010112/8.714067] [ 491/0.100286]
  6   3 200, 0.103458 [0.018120/8.712143] [ 541/0.100286]
  6   3 250, 0.107975 [0.007501/8.710322] [ 591/0.100286]
  6   3 300, 0.105391 [0.009451/8.708451] [ 641/0.100286]
  6   3 350, 0.106440 [0.017163/8.706594] [ 691/0.100286]
Epoch 3 done. Evaluation:
(49457, 50000)
(8642, 10000)
  6   4  50, 0.104801 [0.014370/8.703202] [ 782/0.100286]
  6   4 100, 0.100078 [0.013883/8.701307] [   0/0.100078]
  6   4 150, 0.100809 [0.014666/8.699438] [  50/0.100078]
  6   4 200, 0.099033 [0.010762/8.697447] [   0/0.099033]
  6   4 250, 0.108422 [0.007088/8.695654] [  50/0.099033]
  6   4 300, 0.104891 [0.008021/8.693871] [ 100/0.099033]
  6   4 350, 0.102262 [0.010836/8.692039] [ 150/0.099033]
Epoch 4 done. Evaluation:
(49507, 50000)
(8610, 10000)
  6   5  50, 0.095774 [0.008339/8.688631] [   0/0.095774]
  6   5 100, 0.098227 [0.013693/8.686721] [  50/0.095774]
  6   5 150, 0.096650 [0.013331/8.684726] [ 100/0.095774]
  6   5 200, 0.100507 [0.016390/8.682942] [ 150/0.095774]
  6   5 250, 0.099609 [0.012680/8.681026] [ 200/0.095774]
  6   5 300, 0.103757 [0.014926/8.679129] [ 250/0.095774]
  6   5 350, 0.102645 [0.013641/8.677346] [ 300/0.095774]
Epoch 5 done. Evaluation:
(49536, 50000)
(8643, 10000)
  6   6  50, 0.095517 [0.008703/8.673931] [   0/0.095517]
  6   6 100, 0.100268 [0.012447/8.672013] [  50/0.095517]
  6   6 150, 0.102572 [0.008480/8.670194] [ 100/0.095517]
  6   6 200, 0.094225 [0.012089/8.668303] [   0/0.094225]
  6   6 250, 0.097689 [0.007813/8.666563] [  50/0.094225]
  6   6 300, 0.108831 [0.020094/8.665002] [ 100/0.094225]
  6   6 350, 0.105114 [0.012041/8.663376] [ 150/0.094225]
Epoch 6 done. Evaluation:
(49522, 50000)
(8634, 10000)
  6   7  50, 0.096216 [0.018115/8.660135] [ 241/0.094225]
  6   7 100, 0.096031 [0.014806/8.658252] [ 291/0.094225]
  6   7 150, 0.097913 [0.017576/8.656414] [ 341/0.094225]
  6   7 200, 0.100677 [0.017038/8.654570] [ 391/0.094225]
  6   7 250, 0.099886 [0.015078/8.652850] [ 441/0.094225]
  6   7 300, 0.098538 [0.014740/8.651085] [ 491/0.094225]
  6   7 350, 0.109719 [0.013896/8.649487] [ 541/0.094225]
Epoch 7 done. Evaluation:
(49512, 50000)
(8662, 10000)
  6   8  50, 0.094952 [0.007612/8.646451] [ 632/0.094225]
  6   8 100, 0.098632 [0.016752/8.644758] [ 682/0.094225]
  6   8 150, 0.100410 [0.022352/8.643052] [ 732/0.094225]
  6   8 200, 0.096123 [0.015168/8.641245] [ 782/0.094225]
  6   8 250, 0.106101 [0.016311/8.639736] [ 832/0.094225]
  6   8 300, 0.100469 [0.012931/8.638065] [ 882/0.094225]
  6   8 350, 0.105089 [0.012024/8.636522] [ 932/0.094225]
Epoch 8 done. Evaluation:
(49539, 50000)
(8626, 10000)
  6   9  50, 0.095358 [0.009234/8.633496] [1023/0.094225]
  6   9 100, 0.094041 [0.014753/8.631646] [   0/0.094041]
  6   9 150, 0.099676 [0.014461/8.629870] [  50/0.094041]
  6   9 200, 0.096901 [0.014362/8.628040] [ 100/0.094041]
  6   9 250, 0.101310 [0.011397/8.626400] [ 150/0.094041]
  6   9 300, 0.103972 [0.013509/8.624888] [ 200/0.094041]
  6   9 350, 0.099665 [0.016577/8.623289] [ 250/0.094041]
Epoch 9 done. Evaluation:
(49559, 50000)
(8633, 10000)
  6  10  50, 0.090992 [0.014626/8.620250] [   0/0.090992]
  6  10 100, 0.097068 [0.009687/8.618624] [  50/0.090992]
  6  10 150, 0.099435 [0.013896/8.616973] [ 100/0.090992]
  6  10 200, 0.099870 [0.014058/8.615332] [ 150/0.090992]
  6  10 250, 0.100144 [0.014212/8.613828] [ 200/0.090992]
  6  10 300, 0.105926 [0.015533/8.612416] [ 250/0.090992]
  6  10 350, 0.100942 [0.011963/8.610854] [ 300/0.090992]
Epoch 10 done. Evaluation:
(49498, 50000)
(8624, 10000)
  6  11  50, 0.097998 [0.013239/8.608075] [ 391/0.090992]
  6  11 100, 0.098004 [0.015533/8.606365] [ 441/0.090992]
  6  11 150, 0.097498 [0.016461/8.604700] [ 491/0.090992]
  6  11 200, 0.098485 [0.009272/8.603008] [ 541/0.090992]
  6  11 250, 0.099315 [0.011149/8.601370] [ 591/0.090992]
  6  11 300, 0.103698 [0.012633/8.599942] [ 641/0.090992]
  6  11 350, 0.104299 [0.007625/8.598488] [ 691/0.090992]
Epoch 11 done. Evaluation:
(49511, 50000)
(8599, 10000)
  6  12  50, 0.098894 [0.017430/8.595755] [ 782/0.090992]
  6  12 100, 0.100225 [0.017921/8.594110] [ 832/0.090992]
  6  12 150, 0.098658 [0.018197/8.592498] [ 882/0.090992]
  6  12 200, 0.098189 [0.012989/8.590899] [ 932/0.090992]
  6  12 250, 0.101021 [0.009468/8.589400] [ 982/0.090992]
  6  12 300, 0.101510 [0.012657/8.587914] [1032/0.090992]
  6  12 350, 0.101016 [0.016622/8.586367] [1082/0.090992]
Epoch 12 done. Evaluation:
(49503, 50000)
(8569, 10000)
  6  13  50, 0.093985 [0.020695/8.583277] [1173/0.090992]
  6  13 100, 0.093966 [0.013054/8.581591] [1223/0.090992]
  6  13 150, 0.097405 [0.010704/8.579955] [1273/0.090992]
  6  13 200, 0.098934 [0.017328/8.578459] [1323/0.090992]
  6  13 250, 0.103556 [0.009226/8.577003] [1373/0.090992]
  6  13 300, 0.103998 [0.017889/8.575591] [1423/0.090992]
  6  13 350, 0.104225 [0.020538/8.574072] [1473/0.090992]
Epoch 13 done. Evaluation:
(49512, 50000)
(8551, 10000)
  6  14  50, 0.095004 [0.012330/8.571310] [1564/0.090992]
  6  14 100, 0.097824 [0.017566/8.569777] [1614/0.090992]
  6  14 150, 0.096787 [0.010360/8.568158] [1664/0.090992]
  6  14 200, 0.098489 [0.012307/8.566498] [1714/0.090992]
  6  14 250, 0.103289 [0.017425/8.565107] [1764/0.090992]
  6  14 300, 0.101445 [0.015274/8.563576] [1814/0.090992]
  6  14 350, 0.100480 [0.017010/8.562165] [1864/0.090992]
Epoch 14 done. Evaluation:
(49498, 50000)
(8541, 10000)
  6  15  50, 0.098781 [0.015123/8.559635] [1955/0.090992]
  6  15 100, 0.092957 [0.015165/8.557909] [2005/0.090992]
  6  15 150, 0.096740 [0.013173/8.556251] [2055/0.090992]
  6  15 200, 0.102110 [0.017332/8.554858] [2105/0.090992]
  6  15 250, 0.106778 [0.019921/8.553659] [2155/0.090992]
  6  15 300, 0.102313 [0.016422/8.552219] [2205/0.090992]
  6  15 350, 0.107347 [0.016343/8.550935] [2255/0.090992]
Epoch 15 done. Evaluation:
(49441, 50000)
(8538, 10000)
  6  16  50, 0.096920 [0.012961/8.548315] [2346/0.090992]
  6  16 100, 0.096035 [0.016803/8.546677] [2396/0.090992]
  6  16 150, 0.098566 [0.022891/8.545115] [2446/0.090992]
  6  16 200, 0.102513 [0.014951/8.543642] [2496/0.090992]
  6  16 250, 0.111079 [0.012559/8.542407] [2546/0.090992]
  6  16 300, 0.105604 [0.024424/8.541161] [2596/0.090992]
  6  16 350, 0.112731 [0.022109/8.540056] [2646/0.090992]
Epoch 16 done. Evaluation:
(49423, 50000)
(8539, 10000)
  6  17  50, 0.098179 [0.022443/8.537685] [2737/0.090992]
  6  17 100, 0.102824 [0.019402/8.536362] [2787/0.090992]
  6  17 150, 0.097741 [0.017766/8.534820] [2837/0.090992]
  6  17 200, 0.100661 [0.024083/8.533494] [2887/0.090992]
  6  17 250, 0.110783 [0.014143/8.532404] [2937/0.090992]
  6  17 300, 0.103637 [0.017377/8.531053] [2987/0.090992]
  6  17 350, 0.108623 [0.014708/8.529972] [3037/0.090992]
Epoch 17 done. Evaluation:
(49401, 50000)
(8526, 10000)
  6  18  50, 0.097713 [0.012045/8.527480] [3128/0.090992]
  6  18 100, 0.094358 [0.017254/8.525796] [3178/0.090992]
  6  18 150, 0.102640 [0.015985/8.524394] [3228/0.090992]
  6  18 200, 0.105593 [0.031595/8.523192] [3278/0.090992]
  6  18 250, 0.104796 [0.019960/8.521815] [3328/0.090992]
  6  18 300, 0.099315 [0.014691/8.520352] [3378/0.090992]
  6  18 350, 0.109246 [0.016751/8.519079] [3428/0.090992]
Epoch 18 done. Evaluation:
(49433, 50000)
(8583, 10000)
  6  19  50, 0.091137 [0.011781/8.516396] [3519/0.090992]
  6  19 100, 0.098574 [0.021986/8.514862] [3569/0.090992]
  6  19 150, 0.100718 [0.026041/8.513428] [3619/0.090992]
  6  19 200, 0.101960 [0.019284/8.512062] [3669/0.090992]
  6  19 250, 0.101060 [0.012301/8.510736] [3719/0.090992]
  6  19 300, 0.106327 [0.020327/8.509527] [3769/0.090992]
  6  19 350, 0.108097 [0.030617/8.508309] [3819/0.090992]
Epoch 19 done. Evaluation:
(49435, 50000)
(8568, 10000)
  7   0  50, 0.091741 [0.009424/8.506309] [3910/0.090992]
  7   0 100, 0.086233 [0.006457/8.505265] [   0/0.086233]
  7   0 150, 0.086687 [0.009383/8.504204] [  50/0.086233]
  7   0 200, 0.081765 [0.005377/8.503106] [   0/0.081765]
  7   0 250, 0.083512 [0.006356/8.502046] [  50/0.081765]
  7   0 300, 0.085253 [0.006491/8.501008] [ 100/0.081765]
  7   0 350, 0.079868 [0.004743/8.499898] [   0/0.079868]
Epoch 0 done. Evaluation:
(49749, 50000)
(8630, 10000)
  7   1  50, 0.078764 [0.004561/8.497985] [   0/0.078764]
  7   1 100, 0.079706 [0.005039/8.496845] [  50/0.078764]
  7   1 150, 0.079549 [0.005389/8.495769] [ 100/0.078764]
  7   1 200, 0.075677 [0.003105/8.494625] [   0/0.075677]
  7   1 250, 0.074388 [0.005453/8.493446] [   0/0.074388]
  7   1 300, 0.078654 [0.004452/8.492362] [  50/0.074388]
  7   1 350, 0.077527 [0.003613/8.491249] [ 100/0.074388]
Epoch 1 done. Evaluation:
(49844, 50000)
(8651, 10000)
  7   2  50, 0.074237 [0.006138/8.489232] [   0/0.074237]
  7   2 100, 0.076858 [0.004935/8.488120] [  50/0.074237]
  7   2 150, 0.077412 [0.007871/8.487057] [ 100/0.074237]
  7   2 200, 0.073830 [0.005364/8.485919] [   0/0.073830]
  7   2 250, 0.075668 [0.006477/8.484806] [  50/0.073830]
  7   2 300, 0.079078 [0.007026/8.483708] [ 100/0.073830]
  7   2 350, 0.075075 [0.006124/8.482599] [ 150/0.073830]
Epoch 2 done. Evaluation:
(49865, 50000)
(8629, 10000)
  7   3  50, 0.074509 [0.004140/8.480610] [ 241/0.073830]
  7   3 100, 0.074925 [0.003567/8.479489] [ 291/0.073830]
  7   3 150, 0.076240 [0.006746/8.478388] [ 341/0.073830]
  7   3 200, 0.076210 [0.003359/8.477313] [ 391/0.073830]
  7   3 250, 0.079901 [0.007328/8.476241] [ 441/0.073830]
  7   3 300, 0.076696 [0.003288/8.475157] [ 491/0.073830]
  7   3 350, 0.076884 [0.007505/8.474073] [ 541/0.073830]
Epoch 3 done. Evaluation:
(49842, 50000)
(8620, 10000)
  7   4  50, 0.074173 [0.005637/8.472126] [ 632/0.073830]
  7   4 100, 0.074693 [0.007842/8.471048] [ 682/0.073830]
  7   4 150, 0.072945 [0.005020/8.469929] [   0/0.072945]
  7   4 200, 0.077877 [0.004000/8.468822] [  50/0.072945]
  7   4 250, 0.078076 [0.005746/8.467784] [ 100/0.072945]
  7   4 300, 0.072930 [0.006831/8.466661] [   0/0.072930]
  7   4 350, 0.074176 [0.003875/8.465562] [  50/0.072930]
Epoch 4 done. Evaluation:
(49880, 50000)
(8660, 10000)
  7   5  50, 0.076687 [0.004159/8.463634] [ 141/0.072930]
  7   5 100, 0.072286 [0.005226/8.462465] [   0/0.072286]
  7   5 150, 0.074370 [0.003185/8.461357] [  50/0.072286]
  7   5 200, 0.074967 [0.006187/8.460263] [ 100/0.072286]
  7   5 250, 0.076944 [0.008311/8.459209] [ 150/0.072286]
  7   5 300, 0.074840 [0.004997/8.458144] [ 200/0.072286]
  7   5 350, 0.075364 [0.003893/8.457109] [ 250/0.072286]
Epoch 5 done. Evaluation:
(49867, 50000)
(8648, 10000)
  7   6  50, 0.073226 [0.003088/8.455085] [ 341/0.072286]
  7   6 100, 0.074844 [0.007636/8.454002] [ 391/0.072286]
  7   6 150, 0.075415 [0.006928/8.452974] [ 441/0.072286]
  7   6 200, 0.075644 [0.004987/8.451917] [ 491/0.072286]
  7   6 250, 0.075679 [0.003226/8.450887] [ 541/0.072286]
  7   6 300, 0.074226 [0.004331/8.449842] [ 591/0.072286]
  7   6 350, 0.077006 [0.007776/8.448805] [ 641/0.072286]
Epoch 6 done. Evaluation:
(49880, 50000)
(8642, 10000)
  7   7  50, 0.075475 [0.006390/8.446927] [ 732/0.072286]
  7   7 100, 0.075236 [0.004492/8.445900] [ 782/0.072286]
  7   7 150, 0.075134 [0.002773/8.444848] [ 832/0.072286]
  7   7 200, 0.074606 [0.003658/8.443811] [ 882/0.072286]
  7   7 250, 0.074426 [0.004397/8.442745] [ 932/0.072286]
  7   7 300, 0.071658 [0.003444/8.441644] [   0/0.071658]
  7   7 350, 0.076329 [0.007089/8.440637] [  50/0.071658]
Epoch 7 done. Evaluation:
(49897, 50000)
(8650, 10000)
  7   8  50, 0.073485 [0.003889/8.438755] [ 141/0.071658]
  7   8 100, 0.074042 [0.004962/8.437707] [ 191/0.071658]
  7   8 150, 0.076551 [0.003054/8.436701] [ 241/0.071658]
  7   8 200, 0.074293 [0.005363/8.435653] [ 291/0.071658]
  7   8 250, 0.078160 [0.007933/8.434682] [ 341/0.071658]
  7   8 300, 0.073104 [0.005789/8.433618] [ 391/0.071658]
  7   8 350, 0.077592 [0.007119/8.432626] [ 441/0.071658]
Epoch 8 done. Evaluation:
(49881, 50000)
(8618, 10000)
  7   9  50, 0.070708 [0.004982/8.430739] [   0/0.070708]
  7   9 100, 0.073390 [0.003081/8.429665] [  50/0.070708]
  7   9 150, 0.077159 [0.005628/8.428648] [ 100/0.070708]
  7   9 200, 0.072020 [0.006747/8.427582] [ 150/0.070708]
  7   9 250, 0.077134 [0.007121/8.426603] [ 200/0.070708]
  7   9 300, 0.077675 [0.004666/8.425608] [ 250/0.070708]
  7   9 350, 0.076588 [0.007148/8.424628] [ 300/0.070708]
Epoch 9 done. Evaluation:
(49886, 50000)
(8641, 10000)
  7  10  50, 0.076056 [0.006201/8.422814] [ 391/0.070708]
  7  10 100, 0.074769 [0.005157/8.421807] [ 441/0.070708]
  7  10 150, 0.073875 [0.004298/8.420781] [ 491/0.070708]
  7  10 200, 0.072702 [0.005642/8.419722] [ 541/0.070708]
  7  10 250, 0.074461 [0.010573/8.418682] [ 591/0.070708]
  7  10 300, 0.075299 [0.010889/8.417694] [ 641/0.070708]
  7  10 350, 0.078157 [0.006875/8.416741] [ 691/0.070708]
Epoch 10 done. Evaluation:
(49884, 50000)
(8630, 10000)
  7  11  50, 0.075430 [0.004543/8.414957] [ 782/0.070708]
  7  11 100, 0.071924 [0.007100/8.413886] [ 832/0.070708]
  7  11 150, 0.074866 [0.004809/8.412900] [ 882/0.070708]
  7  11 200, 0.076844 [0.003716/8.411919] [ 932/0.070708]
  7  11 250, 0.074993 [0.003615/8.410916] [ 982/0.070708]
  7  11 300, 0.075303 [0.006654/8.409931] [1032/0.070708]
  7  11 350, 0.076771 [0.007260/8.408969] [1082/0.070708]
Epoch 11 done. Evaluation:
(49892, 50000)
(8624, 10000)
  7  12  50, 0.072556 [0.007461/8.407099] [1173/0.070708]
  7  12 100, 0.072209 [0.004602/8.406082] [1223/0.070708]
  7  12 150, 0.072289 [0.005982/8.405072] [1273/0.070708]
  7  12 200, 0.075286 [0.006552/8.404121] [1323/0.070708]
  7  12 250, 0.074721 [0.003732/8.403151] [1373/0.070708]
  7  12 300, 0.073856 [0.003585/8.402154] [1423/0.070708]
  7  12 350, 0.075188 [0.004292/8.401158] [1473/0.070708]
Epoch 12 done. Evaluation:
(49909, 50000)
(8610, 10000)
  7  13  50, 0.070390 [0.007195/8.399301] [   0/0.070390]
  7  13 100, 0.074071 [0.004620/8.398300] [  50/0.070390]
  7  13 150, 0.071695 [0.004957/8.397276] [ 100/0.070390]
  7  13 200, 0.073224 [0.004762/8.396279] [ 150/0.070390]
  7  13 250, 0.076164 [0.006199/8.395323] [ 200/0.070390]
  7  13 300, 0.081181 [0.003604/8.394445] [ 250/0.070390]
  7  13 350, 0.079600 [0.007552/8.393574] [ 300/0.070390]
Epoch 13 done. Evaluation:
(49899, 50000)
(8626, 10000)
  7  14  50, 0.072594 [0.004046/8.391767] [ 391/0.070390]
  7  14 100, 0.075216 [0.005240/8.390807] [ 441/0.070390]
  7  14 150, 0.074644 [0.008489/8.389829] [ 491/0.070390]
  7  14 200, 0.076110 [0.003387/8.388867] [ 541/0.070390]
  7  14 250, 0.074965 [0.007774/8.387909] [ 591/0.070390]
  7  14 300, 0.078253 [0.004860/8.386971] [ 641/0.070390]
  7  14 350, 0.073967 [0.006644/8.385983] [ 691/0.070390]
Epoch 14 done. Evaluation:
(49870, 50000)
(8604, 10000)
  7  15  50, 0.070881 [0.003815/8.384214] [ 782/0.070390]
  7  15 100, 0.074625 [0.006335/8.383246] [ 832/0.070390]
  7  15 150, 0.073235 [0.003672/8.382257] [ 882/0.070390]
  7  15 200, 0.075626 [0.004892/8.381326] [ 932/0.070390]
  7  15 250, 0.072900 [0.006001/8.380345] [ 982/0.070390]
  7  15 300, 0.075907 [0.003898/8.379418] [1032/0.070390]
  7  15 350, 0.074741 [0.004500/8.378449] [1082/0.070390]
Epoch 15 done. Evaluation:
(49902, 50000)
(8626, 10000)
  7  16  50, 0.071907 [0.003872/8.376673] [1173/0.070390]
  7  16 100, 0.073586 [0.008917/8.375673] [1223/0.070390]
  7  16 150, 0.073818 [0.006962/8.374684] [1273/0.070390]
  7  16 200, 0.071938 [0.007600/8.373676] [1323/0.070390]
  7  16 250, 0.075068 [0.006958/8.372735] [1373/0.070390]
  7  16 300, 0.076053 [0.006076/8.371800] [1423/0.070390]
  7  16 350, 0.075524 [0.008085/8.370864] [1473/0.070390]
Epoch 16 done. Evaluation:
(49890, 50000)
(8594, 10000)
  7  17  50, 0.072832 [0.005752/8.369140] [1564/0.070390]
  7  17 100, 0.071733 [0.004843/8.368141] [1614/0.070390]
  7  17 150, 0.074161 [0.008184/8.367190] [1664/0.070390]
  7  17 200, 0.073805 [0.003792/8.366189] [1714/0.070390]
  7  17 250, 0.075965 [0.005650/8.365283] [1764/0.070390]
  7  17 300, 0.074953 [0.007465/8.364344] [1814/0.070390]
  7  17 350, 0.075007 [0.005787/8.363418] [1864/0.070390]
Epoch 17 done. Evaluation:
(49911, 50000)
(8625, 10000)
  7  18  50, 0.074602 [0.003089/8.361783] [1955/0.070390]
  7  18 100, 0.073260 [0.004608/8.360836] [2005/0.070390]
  7  18 150, 0.071510 [0.005084/8.359821] [2055/0.070390]
  7  18 200, 0.077849 [0.004477/8.358946] [2105/0.070390]
  7  18 250, 0.073780 [0.005170/8.357981] [2155/0.070390]
  7  18 300, 0.075148 [0.004755/8.357061] [2205/0.070390]
  7  18 350, 0.075330 [0.006367/8.356131] [2255/0.070390]
Epoch 18 done. Evaluation:
(49888, 50000)
(8593, 10000)
  7  19  50, 0.073218 [0.003750/8.354441] [2346/0.070390]
  7  19 100, 0.070920 [0.005459/8.353426] [2396/0.070390]
  7  19 150, 0.075644 [0.004943/8.352502] [2446/0.070390]
  7  19 200, 0.071960 [0.004410/8.351535] [2496/0.070390]
  7  19 250, 0.073535 [0.005009/8.350569] [2546/0.070390]
  7  19 300, 0.073336 [0.003890/8.349620] [2596/0.070390]
  7  19 350, 0.075227 [0.008267/8.348673] [2646/0.070390]
Epoch 19 done. Evaluation:
(49894, 50000)
(8628, 10000)
