Sequential (
  (conv1_1): Sequential (
    (0): Conv2d(3, 32, kernel_size=(3, 3), stride=(1, 1), padding=(1, 1))
    (1): BatchNorm2d(32, eps=1e-05, momentum=0.1, affine=True)
    (2): ReLU (inplace)
  )
  (conv1_2): Sequential (
    (0): Conv2d(32, 32, kernel_size=(3, 3), stride=(1, 1), padding=(1, 1))
    (1): BatchNorm2d(32, eps=1e-05, momentum=0.1, affine=True)
    (2): ReLU (inplace)
  )
  (pool1): MaxPool2d (size=(2, 2), stride=(2, 2), dilation=(1, 1))
  (conv2_1): Sequential (
    (0): Conv2d(32, 64, kernel_size=(3, 3), stride=(1, 1), padding=(1, 1))
    (1): BatchNorm2d(64, eps=1e-05, momentum=0.1, affine=True)
    (2): ReLU (inplace)
  )
  (conv2_2): Sequential (
    (0): Conv2d(64, 64, kernel_size=(3, 3), stride=(1, 1), padding=(1, 1))
    (1): BatchNorm2d(64, eps=1e-05, momentum=0.1, affine=True)
    (2): ReLU (inplace)
  )
  (pool2): MaxPool2d (size=(2, 2), stride=(2, 2), dilation=(1, 1))
  (conv3_1): Sequential (
    (0): Conv2d(64, 128, kernel_size=(3, 3), stride=(1, 1), padding=(1, 1))
    (1): BatchNorm2d(128, eps=1e-05, momentum=0.1, affine=True)
    (2): ReLU (inplace)
  )
  (conv3_2): Sequential (
    (0): Conv2d(128, 128, kernel_size=(3, 3), stride=(1, 1), padding=(1, 1))
    (1): BatchNorm2d(128, eps=1e-05, momentum=0.1, affine=True)
    (2): ReLU (inplace)
  )
  (pool3): MaxPool2d (size=(2, 2), stride=(2, 2), dilation=(1, 1))
  (conv4_1): Sequential (
    (0): Conv2d(128, 256, kernel_size=(3, 3), stride=(1, 1), padding=(1, 1))
    (1): BatchNorm2d(256, eps=1e-05, momentum=0.1, affine=True)
    (2): ReLU (inplace)
  )
  (conv4_2): Sequential (
    (0): Conv2d(256, 256, kernel_size=(3, 3), stride=(1, 1), padding=(1, 1))
    (1): BatchNorm2d(256, eps=1e-05, momentum=0.1, affine=True)
    (2): ReLU (inplace)
  )
  (pool4): MaxPool2d (size=(2, 2), stride=(2, 2), dilation=(1, 1))
  (conv5_1): Sequential (
    (0): Conv2d(256, 256, kernel_size=(3, 3), stride=(1, 1), padding=(1, 1))
    (1): BatchNorm2d(256, eps=1e-05, momentum=0.1, affine=True)
    (2): ReLU (inplace)
  )
  (conv5_2): Sequential (
    (0): Conv2d(256, 256, kernel_size=(3, 3), stride=(1, 1), padding=(1, 1))
    (1): BatchNorm2d(256, eps=1e-05, momentum=0.1, affine=True)
    (2): ReLU (inplace)
  )
  (pool5): MaxPool2d (size=(2, 2), stride=(2, 2), dilation=(1, 1))
  (fc6): Sequential (
    (0): Conv2d(256, 256, kernel_size=(1, 1), stride=(1, 1))
    (1): BatchNorm2d(256, eps=1e-05, momentum=0.1, affine=True)
    (2): ReLU (inplace)
  )
  (logit): Conv2d(256, 10, kernel_size=(1, 1), stride=(1, 1))
  (flatter): Flatten()
)
{'L1_decay': 0.0001,
 'batch_size': 128,
 'force_name': False,
 'graphfolder': 'logs/bxp1_graphs/',
 'learning_rate': 0.1,
 'logfile': 'logs/bxp1.log',
 'mode': '',
 'name': 'bxp1',
 'num_base': 32,
 'optimizer': 'SGDL1A',
 'weight_decay': 0.0005}
Decayed training with schedule: [20, 20, 20, 20, 20, 20, 20, 20]
  0   0  50, 1.772163 [0.426912/71.755097] [   0/1.772163]
  0   0 100, 1.431937 [0.399436/71.324857] [   0/1.431937]
  0   0 150, 1.289875 [0.382877/70.893768] [   0/1.289875]
  0   0 200, 1.205991 [0.381472/70.466446] [   0/1.205991]
  0   0 250, 1.131176 [0.330240/70.043106] [   0/1.131176]
  0   0 300, 1.033978 [0.357360/69.626762] [   0/1.033978]
  0   0 350, 1.022090 [0.335876/69.209256] [   0/1.022090]
Epoch 0 done. Evaluation:
(27637, 50000)
(5341, 10000)
  0   1  50, 0.879237 [0.324879/68.467030] [   0/0.879237]
  0   1 100, 0.863757 [0.345005/68.067181] [   0/0.863757]
  0   1 150, 0.853753 [0.342011/67.670538] [   0/0.853753]
  0   1 200, 0.830995 [0.356669/67.276034] [   0/0.830995]
  0   1 250, 0.801267 [0.297746/66.886316] [   0/0.801267]
  0   1 300, 0.786482 [0.317292/66.502098] [   0/0.786482]
  0   1 350, 0.760808 [0.297104/66.120503] [   0/0.760808]
Epoch 1 done. Evaluation:
(35468, 50000)
(6681, 10000)
  0   2  50, 0.697040 [0.371223/65.443526] [   0/0.697040]
  0   2 100, 0.702888 [0.349022/65.080484] [  50/0.697040]
  0   2 150, 0.660868 [0.322154/64.720694] [   0/0.660868]
  0   2 200, 0.670456 [0.316790/64.366536] [  50/0.660868]
  0   2 250, 0.655286 [0.327670/64.016725] [   0/0.655286]
  0   2 300, 0.688877 [0.308691/63.669087] [  50/0.655286]
  0   2 350, 0.602171 [0.295325/63.328433] [   0/0.602171]
Epoch 2 done. Evaluation:
(38229, 50000)
(7246, 10000)
  0   3  50, 0.588504 [0.333967/62.716029] [   0/0.588504]
  0   3 100, 0.610533 [0.359528/62.389024] [  50/0.588504]
  0   3 150, 0.581872 [0.328304/62.068507] [   0/0.581872]
  0   3 200, 0.585692 [0.333600/61.750845] [  50/0.581872]
  0   3 250, 0.593486 [0.350648/61.439344] [ 100/0.581872]
  0   3 300, 0.579620 [0.282082/61.128379] [   0/0.579620]
  0   3 350, 0.567891 [0.354194/60.822339] [   0/0.567891]
Epoch 3 done. Evaluation:
(39767, 50000)
(7174, 10000)
  0   4  50, 0.506157 [0.273960/60.282213] [   0/0.506157]
  0   4 100, 0.516817 [0.369900/59.994592] [  50/0.506157]
  0   4 150, 0.522571 [0.377756/59.708169] [ 100/0.506157]
  0   4 200, 0.540202 [0.293706/59.427229] [ 150/0.506157]
  0   4 250, 0.535996 [0.352554/59.149799] [ 200/0.506157]
  0   4 300, 0.543000 [0.352297/58.874735] [ 250/0.506157]
  0   4 350, 0.535177 [0.334757/58.603965] [ 300/0.506157]
Epoch 4 done. Evaluation:
(40670, 50000)
(7150, 10000)
  0   5  50, 0.452980 [0.340440/58.126472] [   0/0.452980]
  0   5 100, 0.491136 [0.408189/57.871800] [  50/0.452980]
  0   5 150, 0.519105 [0.396428/57.622672] [ 100/0.452980]
  0   5 200, 0.501402 [0.352816/57.371070] [ 150/0.452980]
  0   5 250, 0.491566 [0.355577/57.125149] [ 200/0.452980]
  0   5 300, 0.502442 [0.373787/56.882495] [ 250/0.452980]
  0   5 350, 0.490670 [0.358380/56.642689] [ 300/0.452980]
Epoch 5 done. Evaluation:
(41373, 50000)
(7471, 10000)
  0   6  50, 0.439184 [0.422306/56.220312] [   0/0.439184]
  0   6 100, 0.465282 [0.470912/55.998368] [  50/0.439184]
  0   6 150, 0.478243 [0.345468/55.777704] [ 100/0.439184]
  0   6 200, 0.465293 [0.354571/55.561937] [ 150/0.439184]
  0   6 250, 0.475339 [0.371094/55.349221] [ 200/0.439184]
  0   6 300, 0.481127 [0.354366/55.138040] [ 250/0.439184]
  0   6 350, 0.458428 [0.331752/54.927894] [ 300/0.439184]
Epoch 6 done. Evaluation:
(41861, 50000)
(7816, 10000)
  0   7  50, 0.432726 [0.446014/54.558329] [   0/0.432726]
  0   7 100, 0.437817 [0.409853/54.362152] [  50/0.432726]
  0   7 150, 0.410908 [0.325080/54.165619] [   0/0.410908]
  0   7 200, 0.456718 [0.388577/53.974538] [  50/0.410908]
  0   7 250, 0.461896 [0.387429/53.786603] [ 100/0.410908]
  0   7 300, 0.479611 [0.384648/53.601038] [ 150/0.410908]
  0   7 350, 0.464692 [0.381158/53.419907] [ 200/0.410908]
Epoch 7 done. Evaluation:
(42153, 50000)
(7836, 10000)
  0   8  50, 0.397626 [0.380504/53.096308] [   0/0.397626]
  0   8 100, 0.417252 [0.364509/52.927484] [  50/0.397626]
  0   8 150, 0.412324 [0.356118/52.756251] [ 100/0.397626]
  0   8 200, 0.447964 [0.426865/52.592195] [ 150/0.397626]
  0   8 250, 0.433763 [0.391685/52.428956] [ 200/0.397626]
  0   8 300, 0.445711 [0.427046/52.265964] [ 250/0.397626]
  0   8 350, 0.437651 [0.342124/52.105199] [ 300/0.397626]
Epoch 8 done. Evaluation:
(42457, 50000)
(7622, 10000)
  0   9  50, 0.377926 [0.396104/51.821190] [   0/0.377926]
  0   9 100, 0.399286 [0.261020/51.669252] [  50/0.377926]
  0   9 150, 0.425576 [0.367068/51.522964] [ 100/0.377926]
  0   9 200, 0.427480 [0.394300/51.376920] [ 150/0.377926]
  0   9 250, 0.411061 [0.402964/51.233501] [ 200/0.377926]
  0   9 300, 0.430399 [0.342892/51.092831] [ 250/0.377926]
  0   9 350, 0.458079 [0.362092/50.950516] [ 300/0.377926]
Epoch 9 done. Evaluation:
(42702, 50000)
(7789, 10000)
  0  10  50, 0.363728 [0.436879/50.698918] [   0/0.363728]
  0  10 100, 0.397049 [0.355362/50.566610] [  50/0.363728]
  0  10 150, 0.419872 [0.394551/50.439125] [ 100/0.363728]
  0  10 200, 0.419905 [0.389164/50.311824] [ 150/0.363728]
  0  10 250, 0.413087 [0.415891/50.180217] [ 200/0.363728]
  0  10 300, 0.428133 [0.342391/50.051532] [ 250/0.363728]
  0  10 350, 0.419151 [0.330734/49.926545] [ 300/0.363728]
Epoch 10 done. Evaluation:
(42923, 50000)
(7841, 10000)
  0  11  50, 0.386467 [0.452928/49.706891] [ 391/0.363728]
  0  11 100, 0.393794 [0.389643/49.591826] [ 441/0.363728]
  0  11 150, 0.396400 [0.361495/49.477951] [ 491/0.363728]
  0  11 200, 0.409262 [0.332012/49.364302] [ 541/0.363728]
  0  11 250, 0.395193 [0.308667/49.251279] [ 591/0.363728]
  0  11 300, 0.423484 [0.324934/49.142795] [ 641/0.363728]
  0  11 350, 0.419208 [0.337805/49.029934] [ 691/0.363728]
Epoch 11 done. Evaluation:
(42953, 50000)
(7256, 10000)
  0  12  50, 0.357664 [0.431267/48.833950] [   0/0.357664]
  0  12 100, 0.384929 [0.378790/48.730761] [  50/0.357664]
  0  12 150, 0.402304 [0.400530/48.632984] [ 100/0.357664]
  0  12 200, 0.391919 [0.347287/48.537127] [ 150/0.357664]
  0  12 250, 0.401506 [0.398702/48.435599] [ 200/0.357664]
  0  12 300, 0.415550 [0.428477/48.335266] [ 250/0.357664]
  0  12 350, 0.421825 [0.378441/48.236688] [ 300/0.357664]
Epoch 12 done. Evaluation:
(43071, 50000)
(6841, 10000)
  0  13  50, 0.368008 [0.442516/48.059489] [ 391/0.357664]
  0  13 100, 0.370376 [0.352336/47.966077] [ 441/0.357664]
  0  13 150, 0.387078 [0.303591/47.877394] [ 491/0.357664]
  0  13 200, 0.380201 [0.395134/47.788490] [ 541/0.357664]
  0  13 250, 0.390550 [0.443039/47.700052] [ 591/0.357664]
  0  13 300, 0.414781 [0.388040/47.611032] [ 641/0.357664]
  0  13 350, 0.408529 [0.408320/47.525219] [ 691/0.357664]
Epoch 13 done. Evaluation:
(43300, 50000)
(7946, 10000)
  0  14  50, 0.340879 [0.390577/47.364166] [   0/0.340879]
  0  14 100, 0.367969 [0.386851/47.285144] [  50/0.340879]
  0  14 150, 0.386583 [0.406118/47.205525] [ 100/0.340879]
  0  14 200, 0.387155 [0.390584/47.127296] [ 150/0.340879]
  0  14 250, 0.390963 [0.517535/47.049105] [ 200/0.340879]
  0  14 300, 0.412208 [0.481166/46.967923] [ 250/0.340879]
  0  14 350, 0.401338 [0.350563/46.887048] [ 300/0.340879]
Epoch 14 done. Evaluation:
(43243, 50000)
(6924, 10000)
  0  15  50, 0.351006 [0.385098/46.747724] [ 391/0.340879]
  0  15 100, 0.354559 [0.368170/46.675068] [ 441/0.340879]
  0  15 150, 0.387244 [0.408151/46.606155] [ 491/0.340879]
  0  15 200, 0.392973 [0.329202/46.537345] [ 541/0.340879]
  0  15 250, 0.389204 [0.420212/46.465562] [ 591/0.340879]
  0  15 300, 0.424060 [0.295284/46.392592] [ 641/0.340879]
  0  15 350, 0.380590 [0.361492/46.319614] [ 691/0.340879]
Epoch 15 done. Evaluation:
(43414, 50000)
(8150, 10000)
  0  16  50, 0.348893 [0.397593/46.191159] [ 782/0.340879]
  0  16 100, 0.362024 [0.448256/46.132324] [ 832/0.340879]
  0  16 150, 0.376975 [0.350604/46.068475] [ 882/0.340879]
  0  16 200, 0.373346 [0.442157/46.004111] [ 932/0.340879]
  0  16 250, 0.392430 [0.387598/45.941260] [ 982/0.340879]
  0  16 300, 0.374247 [0.368302/45.868520] [1032/0.340879]
  0  16 350, 0.396565 [0.437961/45.804120] [1082/0.340879]
Epoch 16 done. Evaluation:
(43537, 50000)
(7580, 10000)
  0  17  50, 0.339892 [0.432182/45.694298] [   0/0.339892]
  0  17 100, 0.362959 [0.335752/45.637165] [  50/0.339892]
  0  17 150, 0.342259 [0.376410/45.575627] [ 100/0.339892]
  0  17 200, 0.368912 [0.375515/45.517420] [ 150/0.339892]
  0  17 250, 0.388946 [0.328532/45.461242] [ 200/0.339892]
  0  17 300, 0.373872 [0.398264/45.397214] [ 250/0.339892]
  0  17 350, 0.375991 [0.364359/45.337942] [ 300/0.339892]
Epoch 17 done. Evaluation:
(43572, 50000)
(7864, 10000)
  0  18  50, 0.353483 [0.413483/45.237432] [ 391/0.339892]
  0  18 100, 0.348545 [0.370675/45.186130] [ 441/0.339892]
  0  18 150, 0.364796 [0.371340/45.133500] [ 491/0.339892]
  0  18 200, 0.355701 [0.335687/45.076363] [ 541/0.339892]
  0  18 250, 0.356225 [0.379085/45.018402] [ 591/0.339892]
  0  18 300, 0.395961 [0.440804/44.967861] [ 641/0.339892]
  0  18 350, 0.403263 [0.380652/44.916770] [ 691/0.339892]
Epoch 18 done. Evaluation:
(43622, 50000)
(7343, 10000)
  0  19  50, 0.321777 [0.362661/44.829604] [   0/0.321777]
  0  19 100, 0.356072 [0.476730/44.778941] [  50/0.321777]
  0  19 150, 0.368399 [0.366688/44.726485] [ 100/0.321777]
  0  19 200, 0.349360 [0.360046/44.676054] [ 150/0.321777]
  0  19 250, 0.373870 [0.411085/44.624516] [ 200/0.321777]
  0  19 300, 0.364098 [0.432618/44.573315] [ 250/0.321777]
  0  19 350, 0.393419 [0.347588/44.522880] [ 300/0.321777]
Epoch 19 done. Evaluation:
(43761, 50000)
(7333, 10000)
  1   0  50, 0.241322 [0.165816/44.441404] [   0/0.241322]
  1   0 100, 0.232463 [0.226006/44.398137] [   0/0.232463]
  1   0 150, 0.226175 [0.184063/44.357090] [   0/0.226175]
  1   0 200, 0.231355 [0.233224/44.317384] [  50/0.226175]
  1   0 250, 0.226892 [0.130899/44.278591] [ 100/0.226175]
  1   0 300, 0.238158 [0.189313/44.241539] [ 150/0.226175]
  1   0 350, 0.250200 [0.172367/44.204960] [ 200/0.226175]
Epoch 0 done. Evaluation:
(46014, 50000)
(8250, 10000)
  1   1  50, 0.195811 [0.199004/44.141679] [   0/0.195811]
  1   1 100, 0.193137 [0.222446/44.107370] [   0/0.193137]
  1   1 150, 0.226310 [0.239644/44.074545] [  50/0.193137]
  1   1 200, 0.222046 [0.201387/44.042881] [ 100/0.193137]
  1   1 250, 0.218759 [0.181982/44.011653] [ 150/0.193137]
  1   1 300, 0.225044 [0.240298/43.982003] [ 200/0.193137]
  1   1 350, 0.238659 [0.261139/43.952078] [ 250/0.193137]
Epoch 1 done. Evaluation:
(46172, 50000)
(8311, 10000)
  1   2  50, 0.196553 [0.274548/43.896821] [ 341/0.193137]
  1   2 100, 0.188177 [0.192597/43.866924] [   0/0.188177]
  1   2 150, 0.216181 [0.247551/43.840438] [  50/0.188177]
  1   2 200, 0.237615 [0.266564/43.813597] [ 100/0.188177]
  1   2 250, 0.246548 [0.201821/43.788303] [ 150/0.188177]
  1   2 300, 0.241129 [0.202355/43.760645] [ 200/0.188177]
  1   2 350, 0.244113 [0.259514/43.733830] [ 250/0.188177]
Epoch 2 done. Evaluation:
(46109, 50000)
(8149, 10000)
  1   3  50, 0.188509 [0.152236/43.682093] [ 341/0.188177]
  1   3 100, 0.203061 [0.248515/43.655441] [ 391/0.188177]
  1   3 150, 0.232275 [0.176737/43.632354] [ 441/0.188177]
  1   3 200, 0.228755 [0.238338/43.608447] [ 491/0.188177]
  1   3 250, 0.231211 [0.268669/43.583074] [ 541/0.188177]
  1   3 300, 0.254657 [0.232445/43.559211] [ 591/0.188177]
  1   3 350, 0.242745 [0.256241/43.532509] [ 641/0.188177]
Epoch 3 done. Evaluation:
(46163, 50000)
(7760, 10000)
  1   4  50, 0.202259 [0.192087/43.488179] [ 732/0.188177]
  1   4 100, 0.214595 [0.252490/43.464066] [ 782/0.188177]
  1   4 150, 0.216619 [0.253900/43.439327] [ 832/0.188177]
  1   4 200, 0.220828 [0.278014/43.415909] [ 882/0.188177]
  1   4 250, 0.254509 [0.257173/43.394244] [ 932/0.188177]
  1   4 300, 0.255193 [0.216547/43.370655] [ 982/0.188177]
  1   4 350, 0.261578 [0.242867/43.349978] [1032/0.188177]
Epoch 4 done. Evaluation:
(45975, 50000)
(8136, 10000)
  1   5  50, 0.192462 [0.223288/43.303650] [1123/0.188177]
  1   5 100, 0.204068 [0.268998/43.280948] [1173/0.188177]
  1   5 150, 0.204645 [0.256288/43.258915] [1223/0.188177]
  1   5 200, 0.225824 [0.252079/43.237493] [1273/0.188177]
  1   5 250, 0.247808 [0.187585/43.216364] [1323/0.188177]
  1   5 300, 0.238293 [0.242404/43.193202] [1373/0.188177]
  1   5 350, 0.240560 [0.238441/43.172739] [1423/0.188177]
Epoch 5 done. Evaluation:
(46101, 50000)
(8106, 10000)
  1   6  50, 0.190058 [0.148254/43.131564] [1514/0.188177]
  1   6 100, 0.199060 [0.243000/43.109585] [1564/0.188177]
  1   6 150, 0.219020 [0.261441/43.089365] [1614/0.188177]
  1   6 200, 0.232229 [0.295243/43.069259] [1664/0.188177]
  1   6 250, 0.246107 [0.197781/43.048086] [1714/0.188177]
  1   6 300, 0.257202 [0.222891/43.030005] [1764/0.188177]
  1   6 350, 0.234129 [0.249224/43.008576] [1814/0.188177]
Epoch 6 done. Evaluation:
(46094, 50000)
(7879, 10000)
  1   7  50, 0.198829 [0.262608/42.973183] [1905/0.188177]
  1   7 100, 0.205487 [0.274858/42.955364] [1955/0.188177]
  1   7 150, 0.212135 [0.273895/42.936402] [2005/0.188177]
  1   7 200, 0.209326 [0.205134/42.914727] [2055/0.188177]
  1   7 250, 0.235861 [0.264271/42.895294] [2105/0.188177]
  1   7 300, 0.240395 [0.225136/42.875390] [2155/0.188177]
  1   7 350, 0.232248 [0.271151/42.855373] [2205/0.188177]
Epoch 7 done. Evaluation:
(46184, 50000)
(8203, 10000)
  1   8  50, 0.196030 [0.239561/42.817510] [2296/0.188177]
  1   8 100, 0.218097 [0.288984/42.797596] [2346/0.188177]
  1   8 150, 0.216080 [0.229920/42.780071] [2396/0.188177]
  1   8 200, 0.222654 [0.278446/42.762476] [2446/0.188177]
  1   8 250, 0.239464 [0.226248/42.744046] [2496/0.188177]
  1   8 300, 0.240101 [0.250295/42.726225] [2546/0.188177]
  1   8 350, 0.249394 [0.206636/42.707174] [2596/0.188177]
Epoch 8 done. Evaluation:
(46044, 50000)
(8290, 10000)
  1   9  50, 0.206719 [0.179001/42.668930] [2687/0.188177]
  1   9 100, 0.202503 [0.347667/42.650289] [2737/0.188177]
  1   9 150, 0.234774 [0.289152/42.634562] [2787/0.188177]
  1   9 200, 0.234182 [0.255189/42.615300] [2837/0.188177]
  1   9 250, 0.224503 [0.329064/42.596833] [2887/0.188177]
  1   9 300, 0.216281 [0.245953/42.577758] [2937/0.188177]
  1   9 350, 0.242758 [0.263466/42.559969] [2987/0.188177]
Epoch 9 done. Evaluation:
(46058, 50000)
(7941, 10000)
  1  10  50, 0.195513 [0.198366/42.524825] [3078/0.188177]
  1  10 100, 0.207471 [0.222295/42.505723] [3128/0.188177]
  1  10 150, 0.200375 [0.145779/42.487400] [3178/0.188177]
  1  10 200, 0.217957 [0.261790/42.469475] [3228/0.188177]
  1  10 250, 0.216716 [0.251054/42.451988] [3278/0.188177]
  1  10 300, 0.235345 [0.202703/42.436697] [3328/0.188177]
  1  10 350, 0.231382 [0.292936/42.418351] [3378/0.188177]
Epoch 10 done. Evaluation:
(46314, 50000)
(7786, 10000)
  1  11  50, 0.177717 [0.212407/42.381799] [   0/0.177717]
  1  11 100, 0.196627 [0.194043/42.364426] [  50/0.177717]
  1  11 150, 0.224816 [0.290583/42.350014] [ 100/0.177717]
  1  11 200, 0.233147 [0.230335/42.335948] [ 150/0.177717]
  1  11 250, 0.223223 [0.231186/42.321748] [ 200/0.177717]
  1  11 300, 0.219219 [0.257034/42.306265] [ 250/0.177717]
  1  11 350, 0.237931 [0.236945/42.290733] [ 300/0.177717]
Epoch 11 done. Evaluation:
(46235, 50000)
(8022, 10000)
  1  12  50, 0.185792 [0.275914/42.253548] [ 391/0.177717]
  1  12 100, 0.183922 [0.231621/42.234526] [ 441/0.177717]
  1  12 150, 0.220298 [0.220144/42.217910] [ 491/0.177717]
  1  12 200, 0.237537 [0.235220/42.202538] [ 541/0.177717]
  1  12 250, 0.230743 [0.201623/42.187601] [ 591/0.177717]
  1  12 300, 0.228337 [0.265215/42.172775] [ 641/0.177717]
  1  12 350, 0.230253 [0.248137/42.153698] [ 691/0.177717]
Epoch 12 done. Evaluation:
(46225, 50000)
(7745, 10000)
  1  13  50, 0.174663 [0.204494/42.123226] [   0/0.174663]
  1  13 100, 0.200454 [0.234075/42.107645] [  50/0.174663]
  1  13 150, 0.225842 [0.289382/42.094903] [ 100/0.174663]
  1  13 200, 0.223356 [0.241691/42.081336] [ 150/0.174663]
  1  13 250, 0.225496 [0.211913/42.064369] [ 200/0.174663]
  1  13 300, 0.235140 [0.233391/42.048410] [ 250/0.174663]
  1  13 350, 0.210340 [0.187030/42.030276] [ 300/0.174663]
Epoch 13 done. Evaluation:
(46213, 50000)
(8094, 10000)
  1  14  50, 0.168958 [0.237240/41.994671] [   0/0.168958]
  1  14 100, 0.195989 [0.235866/41.979493] [  50/0.168958]
  1  14 150, 0.200410 [0.252971/41.963177] [ 100/0.168958]
  1  14 200, 0.223102 [0.243298/41.952166] [ 150/0.168958]
  1  14 250, 0.238187 [0.316012/41.937129] [ 200/0.168958]
  1  14 300, 0.224699 [0.197249/41.921613] [ 250/0.168958]
  1  14 350, 0.224637 [0.203379/41.905916] [ 300/0.168958]
Epoch 14 done. Evaluation:
(46271, 50000)
(7651, 10000)
  1  15  50, 0.182060 [0.187499/41.876662] [ 391/0.168958]
  1  15 100, 0.170125 [0.287254/41.858881] [ 441/0.168958]
  1  15 150, 0.200593 [0.299850/41.844225] [ 491/0.168958]
  1  15 200, 0.221410 [0.251593/41.829920] [ 541/0.168958]
  1  15 250, 0.212253 [0.252383/41.816619] [ 591/0.168958]
  1  15 300, 0.227253 [0.277558/41.803063] [ 641/0.168958]
  1  15 350, 0.238278 [0.255590/41.788712] [ 691/0.168958]
Epoch 15 done. Evaluation:
(46340, 50000)
(7876, 10000)
  1  16  50, 0.178758 [0.243354/41.757525] [ 782/0.168958]
  1  16 100, 0.193527 [0.255504/41.740155] [ 832/0.168958]
  1  16 150, 0.209881 [0.234480/41.725633] [ 882/0.168958]
  1  16 200, 0.211637 [0.324892/41.712584] [ 932/0.168958]
  1  16 250, 0.215220 [0.266910/41.698775] [ 982/0.168958]
  1  16 300, 0.217590 [0.229821/41.685313] [1032/0.168958]
  1  16 350, 0.239820 [0.299285/41.670784] [1082/0.168958]
Epoch 16 done. Evaluation:
(46375, 50000)
(8304, 10000)
  1  17  50, 0.196936 [0.237853/41.643782] [1173/0.168958]
  1  17 100, 0.184319 [0.220233/41.627483] [1223/0.168958]
  1  17 150, 0.232057 [0.312290/41.618126] [1273/0.168958]
  1  17 200, 0.197325 [0.282040/41.602133] [1323/0.168958]
  1  17 250, 0.204411 [0.244128/41.586458] [1373/0.168958]
  1  17 300, 0.225203 [0.191731/41.571831] [1423/0.168958]
  1  17 350, 0.207807 [0.293583/41.559347] [1473/0.168958]
Epoch 17 done. Evaluation:
(46362, 50000)
(7658, 10000)
  1  18  50, 0.170801 [0.244273/41.530729] [1564/0.168958]
  1  18 100, 0.198134 [0.255364/41.517799] [1614/0.168958]
  1  18 150, 0.210568 [0.233641/41.502607] [1664/0.168958]
  1  18 200, 0.199449 [0.231175/41.488147] [1714/0.168958]
  1  18 250, 0.202071 [0.299596/41.474684] [1764/0.168958]
  1  18 300, 0.221655 [0.229441/41.462628] [1814/0.168958]
  1  18 350, 0.225665 [0.284814/41.450147] [1864/0.168958]
Epoch 18 done. Evaluation:
(46397, 50000)
(8413, 10000)
  1  19  50, 0.172162 [0.187612/41.422583] [1955/0.168958]
  1  19 100, 0.185387 [0.195521/41.404692] [2005/0.168958]
  1  19 150, 0.165180 [0.242336/41.388139] [   0/0.165180]
  1  19 200, 0.209128 [0.217200/41.375333] [  50/0.165180]
  1  19 250, 0.229402 [0.215253/41.364964] [ 100/0.165180]
  1  19 300, 0.208793 [0.255627/41.354012] [ 150/0.165180]
  1  19 350, 0.227449 [0.235280/41.342672] [ 200/0.165180]
Epoch 19 done. Evaluation:
(46473, 50000)
(8095, 10000)
  2   0  50, 0.125052 [0.058496/41.315503] [   0/0.125052]
  2   0 100, 0.113917 [0.114070/41.297382] [   0/0.113917]
  2   0 150, 0.094347 [0.077890/41.279125] [   0/0.094347]
  2   0 200, 0.107557 [0.085932/41.261642] [  50/0.094347]
  2   0 250, 0.100809 [0.098093/41.244614] [ 100/0.094347]
  2   0 300, 0.105040 [0.086212/41.228057] [ 150/0.094347]
  2   0 350, 0.105577 [0.096651/41.211651] [ 200/0.094347]
Epoch 0 done. Evaluation:
(48224, 50000)
(8650, 10000)
  2   1  50, 0.069998 [0.094790/41.181195] [   0/0.069998]
  2   1 100, 0.077406 [0.190065/41.164644] [  50/0.069998]
  2   1 150, 0.070948 [0.071062/41.147754] [ 100/0.069998]
  2   1 200, 0.072767 [0.128710/41.130873] [ 150/0.069998]
  2   1 250, 0.075257 [0.061671/41.115141] [ 200/0.069998]
  2   1 300, 0.084512 [0.114599/41.099299] [ 250/0.069998]
  2   1 350, 0.075992 [0.150319/41.083999] [ 300/0.069998]
Epoch 1 done. Evaluation:
(48741, 50000)
(8186, 10000)
  2   2  50, 0.063183 [0.111147/41.055769] [   0/0.063183]
  2   2 100, 0.068723 [0.093986/41.040487] [  50/0.063183]
  2   2 150, 0.065397 [0.099372/41.024812] [ 100/0.063183]
  2   2 200, 0.070446 [0.138144/41.009863] [ 150/0.063183]
  2   2 250, 0.071480 [0.071780/40.995245] [ 200/0.063183]
  2   2 300, 0.076533 [0.084590/40.981043] [ 250/0.063183]
  2   2 350, 0.080897 [0.108083/40.967808] [ 300/0.063183]
Epoch 2 done. Evaluation:
(48814, 50000)
(8646, 10000)
  2   3  50, 0.070225 [0.096370/40.942682] [ 391/0.063183]
  2   3 100, 0.062837 [0.085656/40.928164] [   0/0.062837]
  2   3 150, 0.064075 [0.158094/40.914099] [  50/0.062837]
  2   3 200, 0.081504 [0.148573/40.902164] [ 100/0.062837]
  2   3 250, 0.089787 [0.166545/40.890216] [ 150/0.062837]
  2   3 300, 0.091791 [0.074235/40.878668] [ 200/0.062837]
  2   3 350, 0.088224 [0.084107/40.867082] [ 250/0.062837]
Epoch 3 done. Evaluation:
(48648, 50000)
(8512, 10000)
  2   4  50, 0.078889 [0.100841/40.845093] [ 341/0.062837]
  2   4 100, 0.082098 [0.150127/40.832916] [ 391/0.062837]
  2   4 150, 0.081445 [0.132089/40.821363] [ 441/0.062837]
  2   4 200, 0.083935 [0.142322/40.809970] [ 491/0.062837]
  2   4 250, 0.080908 [0.075902/40.797856] [ 541/0.062837]
  2   4 300, 0.095413 [0.219387/40.787584] [ 591/0.062837]
  2   4 350, 0.098968 [0.165887/40.777171] [ 641/0.062837]
Epoch 4 done. Evaluation:
(48530, 50000)
(8030, 10000)
  2   5  50, 0.086827 [0.172774/40.757840] [ 732/0.062837]
  2   5 100, 0.084562 [0.147572/40.746350] [ 782/0.062837]
  2   5 150, 0.087677 [0.197259/40.735906] [ 832/0.062837]
  2   5 200, 0.094926 [0.146259/40.726513] [ 882/0.062837]
  2   5 250, 0.098970 [0.188974/40.718369] [ 932/0.062837]
  2   5 300, 0.119293 [0.209825/40.710188] [ 982/0.062837]
  2   5 350, 0.102783 [0.191628/40.700994] [1032/0.062837]
Epoch 5 done. Evaluation:
(48301, 50000)
(8410, 10000)
  2   6  50, 0.086062 [0.185742/40.682957] [1123/0.062837]
  2   6 100, 0.090482 [0.143734/40.672416] [1173/0.062837]
  2   6 150, 0.085760 [0.179698/40.662511] [1223/0.062837]
  2   6 200, 0.096860 [0.177279/40.653074] [1273/0.062837]
  2   6 250, 0.102519 [0.227934/40.644003] [1323/0.062837]
  2   6 300, 0.107789 [0.136851/40.634946] [1373/0.062837]
  2   6 350, 0.105739 [0.114381/40.625356] [1423/0.062837]
Epoch 6 done. Evaluation:
(48299, 50000)
(8519, 10000)
  2   7  50, 0.076934 [0.136006/40.606966] [1514/0.062837]
  2   7 100, 0.087778 [0.158105/40.596409] [1564/0.062837]
  2   7 150, 0.092886 [0.127521/40.586594] [1614/0.062837]
  2   7 200, 0.091840 [0.182886/40.576674] [1664/0.062837]
  2   7 250, 0.103704 [0.117670/40.567426] [1714/0.062837]
  2   7 300, 0.095666 [0.136848/40.557705] [1764/0.062837]
  2   7 350, 0.101997 [0.149791/40.549227] [1814/0.062837]
Epoch 7 done. Evaluation:
(48322, 50000)
(8200, 10000)
  2   8  50, 0.095484 [0.118716/40.534395] [1905/0.062837]
  2   8 100, 0.090322 [0.125178/40.524019] [1955/0.062837]
  2   8 150, 0.082148 [0.112105/40.513203] [2005/0.062837]
  2   8 200, 0.093201 [0.174069/40.505093] [2055/0.062837]
  2   8 250, 0.106277 [0.105563/40.497033] [2105/0.062837]
  2   8 300, 0.120053 [0.185290/40.490391] [2155/0.062837]
  2   8 350, 0.117438 [0.084598/40.482912] [2205/0.062837]
Epoch 8 done. Evaluation:
(48206, 50000)
(7894, 10000)
  2   9  50, 0.093935 [0.100608/40.467952] [2296/0.062837]
  2   9 100, 0.088592 [0.177298/40.457983] [2346/0.062837]
  2   9 150, 0.091529 [0.185425/40.448839] [2396/0.062837]
  2   9 200, 0.102426 [0.185074/40.440633] [2446/0.062837]
  2   9 250, 0.111482 [0.208134/40.433669] [2496/0.062837]
  2   9 300, 0.120840 [0.119623/40.427531] [2546/0.062837]
  2   9 350, 0.120982 [0.177405/40.420279] [2596/0.062837]
Epoch 9 done. Evaluation:
(48141, 50000)
(8355, 10000)
  2  10  50, 0.093302 [0.185329/40.404761] [2687/0.062837]
  2  10 100, 0.088493 [0.166956/40.394344] [2737/0.062837]
  2  10 150, 0.093945 [0.127517/40.384973] [2787/0.062837]
  2  10 200, 0.103699 [0.133061/40.376597] [2837/0.062837]
  2  10 250, 0.112392 [0.083251/40.368635] [2887/0.062837]
  2  10 300, 0.142525 [0.199331/40.362337] [2937/0.062837]
  2  10 350, 0.103169 [0.142274/40.353361] [2987/0.062837]
Epoch 10 done. Evaluation:
(48149, 50000)
(8529, 10000)
  2  11  50, 0.087155 [0.139881/40.338055] [3078/0.062837]
  2  11 100, 0.095418 [0.199131/40.328566] [3128/0.062837]
  2  11 150, 0.093076 [0.145640/40.318830] [3178/0.062837]
  2  11 200, 0.111410 [0.219554/40.311956] [3228/0.062837]
  2  11 250, 0.111096 [0.125764/40.304569] [3278/0.062837]
  2  11 300, 0.115395 [0.131036/40.297176] [3328/0.062837]
  2  11 350, 0.115666 [0.135506/40.289222] [3378/0.062837]
Epoch 11 done. Evaluation:
(48209, 50000)
(8216, 10000)
  2  12  50, 0.098489 [0.119785/40.273257] [3469/0.062837]
  2  12 100, 0.101943 [0.117723/40.264557] [3519/0.062837]
  2  12 150, 0.100994 [0.164211/40.256162] [3569/0.062837]
  2  12 200, 0.107389 [0.123529/40.249967] [3619/0.062837]
  2  12 250, 0.108863 [0.165174/40.242193] [3669/0.062837]
  2  12 300, 0.119914 [0.172911/40.235695] [3719/0.062837]
  2  12 350, 0.097327 [0.152412/40.226229] [3769/0.062837]
Epoch 12 done. Evaluation:
(48167, 50000)
(8240, 10000)
  2  13  50, 0.093962 [0.202077/40.212714] [3860/0.062837]
  2  13 100, 0.098228 [0.141622/40.204337] [3910/0.062837]
  2  13 150, 0.093270 [0.144771/40.194818] [3960/0.062837]
  2  13 200, 0.109504 [0.158299/40.189124] [4010/0.062837]
  2  13 250, 0.130375 [0.107496/40.183537] [4060/0.062837]
  2  13 300, 0.122882 [0.194939/40.176263] [4110/0.062837]
  2  13 350, 0.122608 [0.236782/40.170409] [4160/0.062837]
Epoch 13 done. Evaluation:
(48099, 50000)
(8350, 10000)
  2  14  50, 0.086090 [0.097724/40.154241] [4251/0.062837]
  2  14 100, 0.091214 [0.178734/40.145448] [4301/0.062837]
  2  14 150, 0.100303 [0.145341/40.136948] [4351/0.062837]
  2  14 200, 0.107647 [0.144945/40.129577] [4401/0.062837]
  2  14 250, 0.114924 [0.142775/40.123244] [4451/0.062837]
  2  14 300, 0.111595 [0.199813/40.114893] [4501/0.062837]
  2  14 350, 0.131540 [0.142620/40.109028] [4551/0.062837]
Epoch 14 done. Evaluation:
(48152, 50000)
(8155, 10000)
  2  15  50, 0.098595 [0.160796/40.094541] [4642/0.062837]
  2  15 100, 0.101882 [0.166355/40.085468] [4692/0.062837]
  2  15 150, 0.104102 [0.126334/40.077558] [4742/0.062837]
  2  15 200, 0.108500 [0.202667/40.070740] [4792/0.062837]
  2  15 250, 0.120032 [0.127827/40.064301] [4842/0.062837]
  2  15 300, 0.121053 [0.238622/40.057282] [4892/0.062837]
  2  15 350, 0.107830 [0.133133/40.049023] [4942/0.062837]
Epoch 15 done. Evaluation:
(48060, 50000)
(8103, 10000)
  2  16  50, 0.088131 [0.121183/40.035314] [5033/0.062837]
  2  16 100, 0.083009 [0.141517/40.025332] [5083/0.062837]
  2  16 150, 0.094758 [0.116146/40.017438] [5133/0.062837]
  2  16 200, 0.094797 [0.155959/40.008931] [5183/0.062837]
  2  16 250, 0.113375 [0.172494/40.001969] [5233/0.062837]
  2  16 300, 0.113724 [0.157085/39.994567] [5283/0.062837]
  2  16 350, 0.105251 [0.126772/39.986863] [5333/0.062837]
Epoch 16 done. Evaluation:
(48246, 50000)
(8393, 10000)
  2  17  50, 0.087215 [0.129095/39.972262] [5424/0.062837]
  2  17 100, 0.087398 [0.177184/39.962972] [5474/0.062837]
  2  17 150, 0.087143 [0.213817/39.953028] [5524/0.062837]
  2  17 200, 0.106046 [0.143774/39.945519] [5574/0.062837]
  2  17 250, 0.124668 [0.118795/39.940322] [5624/0.062837]
  2  17 300, 0.124032 [0.177956/39.935225] [5674/0.062837]
  2  17 350, 0.120446 [0.190025/39.928360] [5724/0.062837]
Epoch 17 done. Evaluation:
(48131, 50000)
(8254, 10000)
  2  18  50, 0.101288 [0.141700/39.917325] [5815/0.062837]
  2  18 100, 0.085149 [0.135047/39.908724] [5865/0.062837]
  2  18 150, 0.104256 [0.200437/39.900774] [5915/0.062837]
  2  18 200, 0.110873 [0.094984/39.893780] [5965/0.062837]
  2  18 250, 0.113274 [0.138059/39.887108] [6015/0.062837]
  2  18 300, 0.119490 [0.145158/39.880433] [6065/0.062837]
  2  18 350, 0.139153 [0.141267/39.875970] [6115/0.062837]
Epoch 18 done. Evaluation:
(48116, 50000)
(8483, 10000)
  2  19  50, 0.080522 [0.119035/39.859621] [6206/0.062837]
  2  19 100, 0.079413 [0.136566/39.849830] [6256/0.062837]
  2  19 150, 0.111972 [0.128991/39.843085] [6306/0.062837]
  2  19 200, 0.107754 [0.166802/39.836418] [6356/0.062837]
  2  19 250, 0.121783 [0.177237/39.830677] [6406/0.062837]
  2  19 300, 0.124651 [0.170571/39.825432] [6456/0.062837]
  2  19 350, 0.117089 [0.160015/39.818712] [6506/0.062837]
Epoch 19 done. Evaluation:
(48138, 50000)
(7922, 10000)
  3   0  50, 0.070409 [0.014318/39.805646] [6597/0.062837]
  3   0 100, 0.051403 [0.032008/39.797055] [   0/0.051403]
  3   0 150, 0.049001 [0.101352/39.788484] [   0/0.049001]
  3   0 200, 0.047719 [0.044655/39.779782] [   0/0.047719]
  3   0 250, 0.041106 [0.040716/39.771083] [   0/0.041106]
  3   0 300, 0.041112 [0.063664/39.762340] [  50/0.041106]
  3   0 350, 0.037433 [0.066398/39.753771] [   0/0.037433]
Epoch 0 done. Evaluation:
(49292, 50000)
(8666, 10000)
  3   1  50, 0.024169 [0.016198/39.737539] [   0/0.024169]
  3   1 100, 0.025445 [0.024114/39.728562] [  50/0.024169]
  3   1 150, 0.025690 [0.027205/39.719509] [ 100/0.024169]
  3   1 200, 0.023358 [0.034920/39.710532] [   0/0.023358]
  3   1 250, 0.023989 [0.016852/39.701495] [  50/0.023358]
  3   1 300, 0.024787 [0.058048/39.692803] [ 100/0.023358]
  3   1 350, 0.022096 [0.041291/39.683800] [   0/0.022096]
Epoch 1 done. Evaluation:
(49664, 50000)
(8799, 10000)
  3   2  50, 0.016668 [0.011029/39.667872] [   0/0.016668]
  3   2 100, 0.018109 [0.072716/39.658979] [  50/0.016668]
  3   2 150, 0.019315 [0.021056/39.650183] [ 100/0.016668]
  3   2 200, 0.018346 [0.034074/39.641342] [ 150/0.016668]
  3   2 250, 0.015169 [0.057340/39.632165] [   0/0.015169]
  3   2 300, 0.016750 [0.023839/39.623358] [  50/0.015169]
  3   2 350, 0.020360 [0.034996/39.614799] [ 100/0.015169]
Epoch 2 done. Evaluation:
(49788, 50000)
(8766, 10000)
  3   3  50, 0.012007 [0.020225/39.598575] [   0/0.012007]
  3   3 100, 0.011740 [0.026174/39.589539] [   0/0.011740]
  3   3 150, 0.014335 [0.016432/39.580836] [  50/0.011740]
  3   3 200, 0.012424 [0.010343/39.572007] [ 100/0.011740]
  3   3 250, 0.014115 [0.011471/39.563314] [ 150/0.011740]
  3   3 300, 0.011972 [0.052401/39.554467] [ 200/0.011740]
  3   3 350, 0.015779 [0.008242/39.545991] [ 250/0.011740]
Epoch 3 done. Evaluation:
(49861, 50000)
(8761, 10000)
  3   4  50, 0.011494 [0.007300/39.530361] [   0/0.011494]
  3   4 100, 0.013263 [0.030589/39.521757] [  50/0.011494]
  3   4 150, 0.011542 [0.014792/39.513146] [ 100/0.011494]
  3   4 200, 0.011217 [0.007503/39.504444] [   0/0.011217]
  3   4 250, 0.014163 [0.010328/39.496066] [  50/0.011217]
  3   4 300, 0.010179 [0.036446/39.487364] [   0/0.010179]
  3   4 350, 0.011553 [0.022741/39.478821] [  50/0.010179]
Epoch 4 done. Evaluation:
(49877, 50000)
(8798, 10000)
  3   5  50, 0.009750 [0.026803/39.463441] [   0/0.009750]
  3   5 100, 0.008178 [0.026532/39.454745] [   0/0.008178]
  3   5 150, 0.008868 [0.053887/39.446161] [  50/0.008178]
  3   5 200, 0.011016 [0.055462/39.437744] [ 100/0.008178]
  3   5 250, 0.010857 [0.042787/39.429397] [ 150/0.008178]
  3   5 300, 0.015028 [0.006942/39.421382] [ 200/0.008178]
  3   5 350, 0.011607 [0.019721/39.413217] [ 250/0.008178]
Epoch 5 done. Evaluation:
(49899, 50000)
(8729, 10000)
  3   6  50, 0.012305 [0.033105/39.398417] [ 341/0.008178]
  3   6 100, 0.009687 [0.014561/39.390171] [ 391/0.008178]
  3   6 150, 0.011402 [0.015479/39.382055] [ 441/0.008178]
  3   6 200, 0.012833 [0.021786/39.374221] [ 491/0.008178]
  3   6 250, 0.010454 [0.005073/39.366045] [ 541/0.008178]
  3   6 300, 0.012752 [0.042109/39.358076] [ 591/0.008178]
  3   6 350, 0.012308 [0.017978/39.350164] [ 641/0.008178]
Epoch 6 done. Evaluation:
(49886, 50000)
(8770, 10000)
  3   7  50, 0.011932 [0.016360/39.335719] [ 732/0.008178]
  3   7 100, 0.009567 [0.010148/39.327593] [ 782/0.008178]
  3   7 150, 0.010152 [0.025780/39.319654] [ 832/0.008178]
  3   7 200, 0.010283 [0.012468/39.311751] [ 882/0.008178]
  3   7 250, 0.016016 [0.015220/39.304325] [ 932/0.008178]
  3   7 300, 0.015815 [0.042388/39.297044] [ 982/0.008178]
  3   7 350, 0.017193 [0.041771/39.289976] [1032/0.008178]
Epoch 7 done. Evaluation:
(49863, 50000)
(8595, 10000)
  3   8  50, 0.013134 [0.014365/39.276275] [1123/0.008178]
  3   8 100, 0.009515 [0.017090/39.268303] [1173/0.008178]
  3   8 150, 0.017165 [0.016871/39.261412] [1223/0.008178]
  3   8 200, 0.019434 [0.017749/39.254437] [1273/0.008178]
  3   8 250, 0.019261 [0.004603/39.248062] [1323/0.008178]
  3   8 300, 0.028351 [0.108645/39.242239] [1373/0.008178]
  3   8 350, 0.033400 [0.064173/39.236731] [1423/0.008178]
Epoch 8 done. Evaluation:
(49695, 50000)
(8384, 10000)
  3   9  50, 0.025219 [0.107731/39.226133] [1514/0.008178]
  3   9 100, 0.019554 [0.028798/39.219259] [1564/0.008178]
  3   9 150, 0.027997 [0.083693/39.213401] [1614/0.008178]
  3   9 200, 0.027629 [0.008216/39.207363] [1664/0.008178]
  3   9 250, 0.033926 [0.055774/39.201843] [1714/0.008178]
  3   9 300, 0.041734 [0.068700/39.197414] [1764/0.008178]
  3   9 350, 0.041496 [0.078705/39.192692] [1814/0.008178]
Epoch 9 done. Evaluation:
(49477, 50000)
(8503, 10000)
  3  10  50, 0.035547 [0.038564/39.183831] [1905/0.008178]
  3  10 100, 0.036353 [0.069666/39.178247] [1955/0.008178]
  3  10 150, 0.036907 [0.087702/39.172803] [2005/0.008178]
  3  10 200, 0.038971 [0.028447/39.167628] [2055/0.008178]
  3  10 250, 0.039764 [0.089621/39.162409] [2105/0.008178]
  3  10 300, 0.052979 [0.069666/39.158545] [2155/0.008178]
  3  10 350, 0.060280 [0.131929/39.154930] [2205/0.008178]
Epoch 10 done. Evaluation:
(49245, 50000)
(8407, 10000)
  3  11  50, 0.047091 [0.088442/39.147275] [2296/0.008178]
  3  11 100, 0.049749 [0.084746/39.142376] [2346/0.008178]
  3  11 150, 0.042194 [0.094172/39.137516] [2396/0.008178]
  3  11 200, 0.055232 [0.067281/39.133487] [2446/0.008178]
  3  11 250, 0.053224 [0.071957/39.128823] [2496/0.008178]
  3  11 300, 0.049392 [0.098878/39.124135] [2546/0.008178]
  3  11 350, 0.060620 [0.059584/39.120495] [2596/0.008178]
Epoch 11 done. Evaluation:
(49119, 50000)
(8586, 10000)
  3  12  50, 0.050688 [0.069791/39.113362] [2687/0.008178]
  3  12 100, 0.055446 [0.085439/39.108931] [2737/0.008178]
  3  12 150, 0.053054 [0.094713/39.104580] [2787/0.008178]
  3  12 200, 0.056501 [0.081467/39.100125] [2837/0.008178]
  3  12 250, 0.063075 [0.110640/39.096843] [2887/0.008178]
  3  12 300, 0.069251 [0.063561/39.093291] [2937/0.008178]
  3  12 350, 0.079782 [0.094533/39.090842] [2987/0.008178]
Epoch 12 done. Evaluation:
(48933, 50000)
(8573, 10000)
  3  13  50, 0.045844 [0.140815/39.082521] [3078/0.008178]
  3  13 100, 0.055354 [0.120561/39.078057] [3128/0.008178]
  3  13 150, 0.078851 [0.073276/39.075125] [3178/0.008178]
  3  13 200, 0.058788 [0.075302/39.070901] [3228/0.008178]
  3  13 250, 0.059440 [0.094174/39.066649] [3278/0.008178]
  3  13 300, 0.060980 [0.082605/39.062769] [3328/0.008178]
  3  13 350, 0.064575 [0.071811/39.058671] [3378/0.008178]
Epoch 13 done. Evaluation:
(48976, 50000)
(8469, 10000)
  3  14  50, 0.049258 [0.131464/39.049209] [3469/0.008178]
  3  14 100, 0.049879 [0.107051/39.044330] [3519/0.008178]
  3  14 150, 0.051043 [0.089813/39.039657] [3569/0.008178]
  3  14 200, 0.049294 [0.046657/39.034460] [3619/0.008178]
  3  14 250, 0.063022 [0.069856/39.030459] [3669/0.008178]
  3  14 300, 0.051389 [0.115410/39.025737] [3719/0.008178]
  3  14 350, 0.060256 [0.043254/39.021880] [3769/0.008178]
Epoch 14 done. Evaluation:
(49120, 50000)
(8635, 10000)
  3  15  50, 0.036263 [0.054561/39.011579] [3860/0.008178]
  3  15 100, 0.048670 [0.114832/39.006817] [3910/0.008178]
  3  15 150, 0.045855 [0.033531/39.001762] [3960/0.008178]
  3  15 200, 0.041909 [0.114213/38.996487] [4010/0.008178]
  3  15 250, 0.048643 [0.148124/38.991750] [4060/0.008178]
  3  15 300, 0.061002 [0.059255/38.987689] [4110/0.008178]
  3  15 350, 0.052465 [0.081283/38.983387] [4160/0.008178]
Epoch 15 done. Evaluation:
(49180, 50000)
(8420, 10000)
  3  16  50, 0.050424 [0.090974/38.975747] [4251/0.008178]
  3  16 100, 0.054691 [0.163181/38.971746] [4301/0.008178]
  3  16 150, 0.049230 [0.089139/38.967190] [4351/0.008178]
  3  16 200, 0.047694 [0.042131/38.962546] [4401/0.008178]
  3  16 250, 0.060228 [0.070536/38.958716] [4451/0.008178]
  3  16 300, 0.068382 [0.110218/38.955507] [4501/0.008178]
  3  16 350, 0.059512 [0.064251/38.951518] [4551/0.008178]
Epoch 16 done. Evaluation:
(49037, 50000)
(8496, 10000)
  3  17  50, 0.056685 [0.100154/38.943632] [4642/0.008178]
  3  17 100, 0.051771 [0.107997/38.939221] [4692/0.008178]
  3  17 150, 0.056083 [0.099561/38.935051] [4742/0.008178]
  3  17 200, 0.046709 [0.050187/38.930234] [4792/0.008178]
  3  17 250, 0.055511 [0.088875/38.925863] [4842/0.008178]
  3  17 300, 0.061299 [0.106302/38.922283] [4892/0.008178]
  3  17 350, 0.068664 [0.152636/38.918936] [4942/0.008178]
Epoch 17 done. Evaluation:
(48958, 50000)
(8272, 10000)
  3  18  50, 0.059078 [0.070459/38.912672] [5033/0.008178]
  3  18 100, 0.056830 [0.127363/38.908603] [5083/0.008178]
  3  18 150, 0.049469 [0.110979/38.903633] [5133/0.008178]
  3  18 200, 0.054597 [0.108656/38.899383] [5183/0.008178]
  3  18 250, 0.067197 [0.118088/38.895502] [5233/0.008178]
  3  18 300, 0.058935 [0.077650/38.891119] [5283/0.008178]
  3  18 350, 0.060874 [0.092694/38.887188] [5333/0.008178]
Epoch 18 done. Evaluation:
(49013, 50000)
(8451, 10000)
  3  19  50, 0.044247 [0.057967/38.878359] [5424/0.008178]
  3  19 100, 0.045541 [0.102632/38.873326] [5474/0.008178]
  3  19 150, 0.048270 [0.064804/38.868857] [5524/0.008178]
  3  19 200, 0.055013 [0.110255/38.864904] [5574/0.008178]
  3  19 250, 0.053710 [0.114664/38.860623] [5624/0.008178]
  3  19 300, 0.068206 [0.058960/38.857235] [5674/0.008178]
  3  19 350, 0.060276 [0.088896/38.853314] [5724/0.008178]
Epoch 19 done. Evaluation:
(49042, 50000)
(8428, 10000)
  4   0  50, 0.043025 [0.049497/38.846820] [5815/0.008178]
  4   0 100, 0.031039 [0.037144/38.842959] [5865/0.008178]
  4   0 150, 0.027347 [0.042695/38.839054] [5915/0.008178]
  4   0 200, 0.024122 [0.019843/38.835055] [5965/0.008178]
  4   0 250, 0.024495 [0.033576/38.831079] [6015/0.008178]
  4   0 300, 0.022178 [0.025137/38.827154] [6065/0.008178]
  4   0 350, 0.018314 [0.044582/38.823167] [6115/0.008178]
Epoch 0 done. Evaluation:
(49596, 50000)
(8751, 10000)
  4   1  50, 0.014500 [0.015059/38.815734] [6206/0.008178]
  4   1 100, 0.015076 [0.019318/38.811637] [6256/0.008178]
  4   1 150, 0.014621 [0.011180/38.807539] [6306/0.008178]
  4   1 200, 0.012128 [0.024530/38.803420] [6356/0.008178]
  4   1 250, 0.012968 [0.019230/38.799316] [6406/0.008178]
  4   1 300, 0.014046 [0.010370/38.795230] [6456/0.008178]
  4   1 350, 0.011347 [0.001738/38.791075] [6506/0.008178]
Epoch 1 done. Evaluation:
(49819, 50000)
(8755, 10000)
  4   2  50, 0.008191 [0.036758/38.783597] [6597/0.008178]
  4   2 100, 0.007816 [0.025131/38.779359] [   0/0.007816]
  4   2 150, 0.008697 [0.008842/38.775179] [  50/0.007816]
  4   2 200, 0.007194 [0.004666/38.770978] [   0/0.007194]
  4   2 250, 0.006726 [0.005667/38.766787] [   0/0.006726]
  4   2 300, 0.007133 [0.003481/38.762624] [  50/0.006726]
  4   2 350, 0.008059 [0.012416/38.758490] [ 100/0.006726]
Epoch 2 done. Evaluation:
(49929, 50000)
(8806, 10000)
  4   3  50, 0.005290 [0.008649/38.750957] [   0/0.005290]
  4   3 100, 0.006881 [0.002563/38.746842] [  50/0.005290]
  4   3 150, 0.005232 [0.002378/38.742674] [   0/0.005232]
  4   3 200, 0.006404 [0.003605/38.738554] [  50/0.005232]
  4   3 250, 0.006714 [0.020797/38.734426] [ 100/0.005232]
  4   3 300, 0.004970 [0.011080/38.730280] [   0/0.004970]
  4   3 350, 0.005560 [0.002113/38.726174] [  50/0.004970]
Epoch 3 done. Evaluation:
(49969, 50000)
(8771, 10000)
  4   4  50, 0.006411 [0.018781/38.718815] [ 141/0.004970]
  4   4 100, 0.004607 [0.004821/38.714701] [   0/0.004607]
  4   4 150, 0.004275 [0.004330/38.710572] [   0/0.004275]
  4   4 200, 0.005967 [0.009634/38.706537] [  50/0.004275]
  4   4 250, 0.008139 [0.033208/38.702594] [ 100/0.004275]
  4   4 300, 0.005787 [0.012532/38.698559] [ 150/0.004275]
  4   4 350, 0.006036 [0.006703/38.694560] [ 200/0.004275]
Epoch 4 done. Evaluation:
(49955, 50000)
(8811, 10000)
  4   5  50, 0.003714 [0.007610/38.687182] [   0/0.003714]
  4   5 100, 0.004184 [0.001629/38.683130] [  50/0.003714]
  4   5 150, 0.003957 [0.002995/38.679085] [ 100/0.003714]
  4   5 200, 0.004652 [0.003656/38.675069] [ 150/0.003714]
  4   5 250, 0.004726 [0.004723/38.671070] [ 200/0.003714]
  4   5 300, 0.004946 [0.002593/38.667091] [ 250/0.003714]
  4   5 350, 0.004689 [0.007992/38.663115] [ 300/0.003714]
Epoch 5 done. Evaluation:
(49982, 50000)
(8800, 10000)
  4   6  50, 0.004217 [0.007394/38.655892] [ 391/0.003714]
  4   6 100, 0.004194 [0.002248/38.651913] [ 441/0.003714]
  4   6 150, 0.004710 [0.011986/38.647953] [ 491/0.003714]
  4   6 200, 0.004019 [0.001990/38.643991] [ 541/0.003714]
  4   6 250, 0.003444 [0.009993/38.640011] [   0/0.003444]
  4   6 300, 0.004791 [0.004978/38.636104] [  50/0.003444]
  4   6 350, 0.003833 [0.003725/38.632160] [ 100/0.003444]
Epoch 6 done. Evaluation:
(49986, 50000)
(8818, 10000)
  4   7  50, 0.004359 [0.002424/38.625080] [ 191/0.003444]
  4   7 100, 0.003369 [0.006494/38.621134] [   0/0.003369]
  4   7 150, 0.003708 [0.004382/38.617212] [  50/0.003369]
  4   7 200, 0.003896 [0.002261/38.613306] [ 100/0.003369]
  4   7 250, 0.004231 [0.001490/38.609431] [ 150/0.003369]
  4   7 300, 0.003894 [0.036976/38.605537] [ 200/0.003369]
  4   7 350, 0.004012 [0.002402/38.601672] [ 250/0.003369]
Epoch 7 done. Evaluation:
(49985, 50000)
(8807, 10000)
  4   8  50, 0.003579 [0.002792/38.594687] [ 341/0.003369]
  4   8 100, 0.005296 [0.003835/38.590904] [ 391/0.003369]
  4   8 150, 0.005263 [0.003949/38.587109] [ 441/0.003369]
  4   8 200, 0.004111 [0.004193/38.583275] [ 491/0.003369]
  4   8 250, 0.003675 [0.002837/38.579425] [ 541/0.003369]
  4   8 300, 0.004090 [0.006540/38.575610] [ 591/0.003369]
  4   8 350, 0.004345 [0.011468/38.571816] [ 641/0.003369]
Epoch 8 done. Evaluation:
(49988, 50000)
(8800, 10000)
  4   9  50, 0.005704 [0.005069/38.564996] [ 732/0.003369]
  4   9 100, 0.004843 [0.008239/38.561219] [ 782/0.003369]
  4   9 150, 0.003591 [0.003972/38.557405] [ 832/0.003369]
  4   9 200, 0.004516 [0.004053/38.553659] [ 882/0.003369]
  4   9 250, 0.005609 [0.002806/38.549947] [ 932/0.003369]
  4   9 300, 0.005573 [0.007009/38.546252] [ 982/0.003369]
  4   9 350, 0.006054 [0.011924/38.542569] [1032/0.003369]
Epoch 9 done. Evaluation:
(49970, 50000)
(8790, 10000)
  4  10  50, 0.004613 [0.005363/38.535843] [1123/0.003369]
  4  10 100, 0.004029 [0.009345/38.532081] [1173/0.003369]
  4  10 150, 0.003851 [0.004806/38.528320] [1223/0.003369]
  4  10 200, 0.004465 [0.008103/38.524610] [1273/0.003369]
  4  10 250, 0.004041 [0.009793/38.520884] [1323/0.003369]
  4  10 300, 0.004622 [0.001688/38.517189] [1373/0.003369]
  4  10 350, 0.003892 [0.003514/38.513460] [1423/0.003369]
Epoch 10 done. Evaluation:
(49991, 50000)
(8787, 10000)
  4  11  50, 0.004633 [0.003420/38.506752] [1514/0.003369]
  4  11 100, 0.004081 [0.004515/38.503051] [1564/0.003369]
  4  11 150, 0.004375 [0.006621/38.499381] [1614/0.003369]
  4  11 200, 0.005173 [0.004015/38.495758] [1664/0.003369]
  4  11 250, 0.003836 [0.043530/38.492072] [1714/0.003369]
  4  11 300, 0.004786 [0.003708/38.488427] [1764/0.003369]
  4  11 350, 0.004284 [0.012248/38.484761] [1814/0.003369]
Epoch 11 done. Evaluation:
(49983, 50000)
(8776, 10000)
  4  12  50, 0.004665 [0.003917/38.478204] [1905/0.003369]
  4  12 100, 0.004129 [0.002732/38.474551] [1955/0.003369]
  4  12 150, 0.005111 [0.004086/38.470950] [2005/0.003369]
  4  12 200, 0.004698 [0.003559/38.467338] [2055/0.003369]
  4  12 250, 0.005006 [0.013918/38.463740] [2105/0.003369]
  4  12 300, 0.006321 [0.028915/38.460226] [2155/0.003369]
  4  12 350, 0.005865 [0.020784/38.456649] [2205/0.003369]
Epoch 12 done. Evaluation:
(49979, 50000)
(8778, 10000)
  4  13  50, 0.003950 [0.003330/38.450028] [2296/0.003369]
  4  13 100, 0.004186 [0.015956/38.446414] [2346/0.003369]
  4  13 150, 0.003918 [0.002694/38.442793] [2396/0.003369]
  4  13 200, 0.006063 [0.013603/38.439273] [2446/0.003369]
  4  13 250, 0.004011 [0.005652/38.435669] [2496/0.003369]
  4  13 300, 0.005943 [0.011117/38.432155] [2546/0.003369]
  4  13 350, 0.004917 [0.010054/38.428607] [2596/0.003369]
Epoch 13 done. Evaluation:
(49983, 50000)
(8786, 10000)
  4  14  50, 0.005047 [0.002651/38.422162] [2687/0.003369]
  4  14 100, 0.005019 [0.012192/38.418636] [2737/0.003369]
  4  14 150, 0.005171 [0.007065/38.415121] [2787/0.003369]
  4  14 200, 0.005311 [0.003711/38.411607] [2837/0.003369]
  4  14 250, 0.005436 [0.017217/38.408102] [2887/0.003369]
  4  14 300, 0.005079 [0.002686/38.404593] [2937/0.003369]
  4  14 350, 0.004834 [0.003909/38.401075] [2987/0.003369]
Epoch 14 done. Evaluation:
(49983, 50000)
(8780, 10000)
  4  15  50, 0.005589 [0.001860/38.394737] [3078/0.003369]
  4  15 100, 0.005647 [0.014398/38.391252] [3128/0.003369]
  4  15 150, 0.007188 [0.028350/38.387881] [3178/0.003369]
  4  15 200, 0.004976 [0.008322/38.384369] [3228/0.003369]
  4  15 250, 0.005288 [0.006021/38.380886] [3278/0.003369]
  4  15 300, 0.006576 [0.015397/38.377480] [3328/0.003369]
  4  15 350, 0.005828 [0.005101/38.374043] [3378/0.003369]
Epoch 15 done. Evaluation:
(49963, 50000)
(8745, 10000)
  4  16  50, 0.006375 [0.016063/38.367934] [3469/0.003369]
  4  16 100, 0.005255 [0.003483/38.364470] [3519/0.003369]
  4  16 150, 0.008158 [0.007540/38.361213] [3569/0.003369]
  4  16 200, 0.008191 [0.015047/38.357927] [3619/0.003369]
  4  16 250, 0.007778 [0.006594/38.354571] [3669/0.003369]
  4  16 300, 0.007274 [0.006001/38.351235] [3719/0.003369]
  4  16 350, 0.005091 [0.003114/38.347779] [3769/0.003369]
Epoch 16 done. Evaluation:
(49950, 50000)
(8768, 10000)
  4  17  50, 0.005985 [0.014931/38.341575] [3860/0.003369]
  4  17 100, 0.007417 [0.005486/38.338281] [3910/0.003369]
  4  17 150, 0.005602 [0.006586/38.334850] [3960/0.003369]
  4  17 200, 0.007782 [0.037708/38.331548] [4010/0.003369]
  4  17 250, 0.007953 [0.002215/38.328325] [4060/0.003369]
  4  17 300, 0.007029 [0.006640/38.324992] [4110/0.003369]
  4  17 350, 0.007605 [0.015051/38.321719] [4160/0.003369]
Epoch 17 done. Evaluation:
(49950, 50000)
(8723, 10000)
  4  18  50, 0.005990 [0.003159/38.315607] [4251/0.003369]
  4  18 100, 0.009820 [0.024289/38.312525] [4301/0.003369]
  4  18 150, 0.008509 [0.067907/38.309330] [4351/0.003369]
  4  18 200, 0.008873 [0.057274/38.306184] [4401/0.003369]
  4  18 250, 0.008454 [0.005546/38.302995] [4451/0.003369]
  4  18 300, 0.012509 [0.067143/38.300074] [4501/0.003369]
  4  18 350, 0.012887 [0.014787/38.297166] [4551/0.003369]
Epoch 18 done. Evaluation:
(49900, 50000)
(8748, 10000)
  4  19  50, 0.009544 [0.015741/38.291403] [4642/0.003369]
  4  19 100, 0.010146 [0.031949/38.288281] [4692/0.003369]
  4  19 150, 0.012341 [0.014970/38.285328] [4742/0.003369]
  4  19 200, 0.015004 [0.023186/38.282499] [4792/0.003369]
  4  19 250, 0.012597 [0.037914/38.279604] [4842/0.003369]
  4  19 300, 0.019584 [0.055557/38.277125] [4892/0.003369]
  4  19 350, 0.023998 [0.038350/38.275033] [4942/0.003369]
Epoch 19 done. Evaluation:
(49775, 50000)
(8644, 10000)
  5   0  50, 0.020445 [0.015822/38.271781] [5033/0.003369]
  5   0 100, 0.014469 [0.004775/38.270148] [5083/0.003369]
  5   0 150, 0.012178 [0.006175/38.268497] [5133/0.003369]
  5   0 200, 0.010274 [0.016904/38.266807] [5183/0.003369]
  5   0 250, 0.011392 [0.007819/38.265149] [5233/0.003369]
  5   0 300, 0.009880 [0.013473/38.263472] [5283/0.003369]
  5   0 350, 0.008463 [0.018632/38.261769] [5333/0.003369]
Epoch 0 done. Evaluation:
(49848, 50000)
(8758, 10000)
  5   1  50, 0.008355 [0.008637/38.258683] [5424/0.003369]
  5   1 100, 0.007146 [0.013335/38.256943] [5474/0.003369]
  5   1 150, 0.006609 [0.018953/38.255195] [5524/0.003369]
  5   1 200, 0.006318 [0.004183/38.253442] [5574/0.003369]
  5   1 250, 0.005736 [0.003427/38.251692] [5624/0.003369]
  5   1 300, 0.008118 [0.003365/38.249978] [5674/0.003369]
  5   1 350, 0.006420 [0.008010/38.248248] [5724/0.003369]
Epoch 1 done. Evaluation:
(49939, 50000)
(8728, 10000)
  5   2  50, 0.005806 [0.003078/38.245104] [5815/0.003369]
  5   2 100, 0.006441 [0.002699/38.243388] [5865/0.003369]
  5   2 150, 0.005607 [0.003605/38.241646] [5915/0.003369]
  5   2 200, 0.005118 [0.012728/38.239901] [5965/0.003369]
  5   2 250, 0.006297 [0.013256/38.238185] [6015/0.003369]
  5   2 300, 0.006177 [0.001712/38.236458] [6065/0.003369]
  5   2 350, 0.004771 [0.003303/38.234710] [6115/0.003369]
Epoch 2 done. Evaluation:
(49972, 50000)
(8753, 10000)
  5   3  50, 0.004663 [0.006424/38.231522] [6206/0.003369]
  5   3 100, 0.004408 [0.002012/38.229781] [6256/0.003369]
  5   3 150, 0.004671 [0.013186/38.228043] [6306/0.003369]
  5   3 200, 0.005402 [0.002766/38.226327] [6356/0.003369]
  5   3 250, 0.004190 [0.001389/38.224582] [6406/0.003369]
  5   3 300, 0.004663 [0.003057/38.222847] [6456/0.003369]
  5   3 350, 0.005242 [0.015227/38.221130] [6506/0.003369]
Epoch 3 done. Evaluation:
(49974, 50000)
(8748, 10000)
  5   4  50, 0.003176 [0.001599/38.217962] [   0/0.003176]
  5   4 100, 0.003744 [0.001293/38.216217] [  50/0.003176]
  5   4 150, 0.003894 [0.005446/38.214482] [ 100/0.003176]
  5   4 200, 0.005007 [0.001295/38.212764] [ 150/0.003176]
  5   4 250, 0.004476 [0.006420/38.211041] [ 200/0.003176]
  5   4 300, 0.004729 [0.004486/38.209323] [ 250/0.003176]
  5   4 350, 0.004021 [0.001562/38.207607] [ 300/0.003176]
Epoch 4 done. Evaluation:
(49983, 50000)
(8760, 10000)
  5   5  50, 0.004186 [0.002886/38.204491] [ 391/0.003176]
  5   5 100, 0.003560 [0.000974/38.202760] [ 441/0.003176]
  5   5 150, 0.003665 [0.001238/38.201029] [ 491/0.003176]
  5   5 200, 0.004231 [0.021407/38.199323] [ 541/0.003176]
  5   5 250, 0.004967 [0.001548/38.197616] [ 591/0.003176]
  5   5 300, 0.004211 [0.002150/38.195910] [ 641/0.003176]
  5   5 350, 0.004695 [0.003715/38.194211] [ 691/0.003176]
Epoch 5 done. Evaluation:
(49984, 50000)
(8760, 10000)
  5   6  50, 0.003875 [0.008191/38.191094] [ 782/0.003176]
  5   6 100, 0.004011 [0.002323/38.189385] [ 832/0.003176]
  5   6 150, 0.003167 [0.005400/38.187661] [   0/0.003167]
  5   6 200, 0.003355 [0.003855/38.185946] [  50/0.003167]
  5   6 250, 0.004221 [0.003205/38.184251] [ 100/0.003167]
  5   6 300, 0.003478 [0.008393/38.182540] [ 150/0.003167]
  5   6 350, 0.004161 [0.002475/38.180852] [ 200/0.003167]
Epoch 6 done. Evaluation:
(49993, 50000)
(8747, 10000)
  5   7  50, 0.003996 [0.001133/38.177766] [ 291/0.003167]
  5   7 100, 0.003720 [0.001419/38.176070] [ 341/0.003167]
  5   7 150, 0.004196 [0.003179/38.174387] [ 391/0.003167]
  5   7 200, 0.004133 [0.005629/38.172697] [ 441/0.003167]
  5   7 250, 0.004188 [0.005990/38.171013] [ 491/0.003167]
  5   7 300, 0.004400 [0.006394/38.169337] [ 541/0.003167]
  5   7 350, 0.003044 [0.000843/38.167627] [   0/0.003044]
Epoch 7 done. Evaluation:
(49990, 50000)
(8758, 10000)
  5   8  50, 0.003672 [0.002866/38.164556] [  91/0.003044]
  5   8 100, 0.004206 [0.001063/38.162876] [ 141/0.003044]
  5   8 150, 0.003509 [0.003303/38.161185] [ 191/0.003044]
  5   8 200, 0.003713 [0.002351/38.159499] [ 241/0.003044]
  5   8 250, 0.004122 [0.009791/38.157823] [ 291/0.003044]
  5   8 300, 0.003921 [0.001581/38.156146] [ 341/0.003044]
  5   8 350, 0.003907 [0.005811/38.154473] [ 391/0.003044]
Epoch 8 done. Evaluation:
(49994, 50000)
(8740, 10000)
  5   9  50, 0.004296 [0.007590/38.151430] [ 482/0.003044]
  5   9 100, 0.004013 [0.003332/38.149759] [ 532/0.003044]
  5   9 150, 0.004004 [0.004336/38.148090] [ 582/0.003044]
  5   9 200, 0.003976 [0.023892/38.146421] [ 632/0.003044]
  5   9 250, 0.005283 [0.005424/38.144775] [ 682/0.003044]
  5   9 300, 0.004580 [0.002262/38.143115] [ 732/0.003044]
  5   9 350, 0.005014 [0.004666/38.141464] [ 782/0.003044]
Epoch 9 done. Evaluation:
(49983, 50000)
(8757, 10000)
  5  10  50, 0.003419 [0.001833/38.138415] [ 873/0.003044]
  5  10 100, 0.003732 [0.001998/38.136745] [ 923/0.003044]
  5  10 150, 0.004004 [0.006410/38.135080] [ 973/0.003044]
  5  10 200, 0.004455 [0.002100/38.133433] [1023/0.003044]
  5  10 250, 0.003868 [0.001550/38.131768] [1073/0.003044]
  5  10 300, 0.004294 [0.003923/38.130119] [1123/0.003044]
  5  10 350, 0.003945 [0.005213/38.128456] [1173/0.003044]
Epoch 10 done. Evaluation:
(49992, 50000)
(8745, 10000)
  5  11  50, 0.004139 [0.010801/38.125447] [1264/0.003044]
  5  11 100, 0.003641 [0.003753/38.123777] [1314/0.003044]
  5  11 150, 0.003976 [0.002399/38.122122] [1364/0.003044]
  5  11 200, 0.004076 [0.007470/38.120473] [1414/0.003044]
  5  11 250, 0.004213 [0.003342/38.118828] [1464/0.003044]
  5  11 300, 0.003625 [0.007870/38.117166] [1514/0.003044]
  5  11 350, 0.005040 [0.004033/38.115543] [1564/0.003044]
Epoch 11 done. Evaluation:
(49986, 50000)
(8743, 10000)
  5  12  50, 0.004022 [0.001346/38.112550] [1655/0.003044]
  5  12 100, 0.004129 [0.003915/38.110906] [1705/0.003044]
  5  12 150, 0.004404 [0.001299/38.109271] [1755/0.003044]
  5  12 200, 0.005527 [0.007341/38.107662] [1805/0.003044]
  5  12 250, 0.004662 [0.002240/38.106033] [1855/0.003044]
  5  12 300, 0.004815 [0.005002/38.104405] [1905/0.003044]
  5  12 350, 0.004532 [0.004206/38.102776] [1955/0.003044]
Epoch 12 done. Evaluation:
(49986, 50000)
(8725, 10000)
  5  13  50, 0.004513 [0.002606/38.099819] [2046/0.003044]
  5  13 100, 0.004620 [0.013148/38.098194] [2096/0.003044]
  5  13 150, 0.004846 [0.004461/38.096574] [2146/0.003044]
  5  13 200, 0.004871 [0.004418/38.094958] [2196/0.003044]
  5  13 250, 0.004547 [0.007547/38.093329] [2246/0.003044]
  5  13 300, 0.004789 [0.001504/38.091699] [2296/0.003044]
  5  13 350, 0.004176 [0.005213/38.090065] [2346/0.003044]
Epoch 13 done. Evaluation:
(49990, 50000)
(8726, 10000)
  5  14  50, 0.003338 [0.002116/38.087077] [2437/0.003044]
  5  14 100, 0.004435 [0.002541/38.085450] [2487/0.003044]
  5  14 150, 0.004001 [0.001740/38.083809] [2537/0.003044]
  5  14 200, 0.005027 [0.002620/38.082206] [2587/0.003044]
  5  14 250, 0.004336 [0.006047/38.080578] [2637/0.003044]
  5  14 300, 0.004754 [0.002202/38.078962] [2687/0.003044]
  5  14 350, 0.004923 [0.006002/38.077354] [2737/0.003044]
Epoch 14 done. Evaluation:
(49988, 50000)
(8713, 10000)
  5  15  50, 0.006020 [0.007767/38.074465] [2828/0.003044]
  5  15 100, 0.006055 [0.014697/38.072877] [2878/0.003044]
  5  15 150, 0.005275 [0.011449/38.071279] [2928/0.003044]
  5  15 200, 0.004754 [0.003205/38.069674] [2978/0.003044]
  5  15 250, 0.005042 [0.005375/38.068068] [3028/0.003044]
  5  15 300, 0.005458 [0.001893/38.066475] [3078/0.003044]
  5  15 350, 0.004886 [0.004685/38.064867] [3128/0.003044]
Epoch 15 done. Evaluation:
(49979, 50000)
(8737, 10000)
  5  16  50, 0.004762 [0.002652/38.061933] [3219/0.003044]
  5  16 100, 0.004830 [0.003469/38.060330] [3269/0.003044]
  5  16 150, 0.005154 [0.010037/38.058735] [3319/0.003044]
  5  16 200, 0.006122 [0.011766/38.057163] [3369/0.003044]
  5  16 250, 0.004908 [0.006617/38.055558] [3419/0.003044]
  5  16 300, 0.005124 [0.005394/38.053961] [3469/0.003044]
  5  16 350, 0.005029 [0.001424/38.052356] [3519/0.003044]
Epoch 16 done. Evaluation:
(49979, 50000)
(8681, 10000)
  5  17  50, 0.004340 [0.005956/38.049445] [3610/0.003044]
  5  17 100, 0.004050 [0.001789/38.047820] [3660/0.003044]
  5  17 150, 0.005154 [0.007729/38.046233] [3710/0.003044]
  5  17 200, 0.005816 [0.003497/38.044665] [3760/0.003044]
  5  17 250, 0.004596 [0.003949/38.043053] [3810/0.003044]
  5  17 300, 0.005463 [0.011107/38.041472] [3860/0.003044]
  5  17 350, 0.004690 [0.003421/38.039872] [3910/0.003044]
Epoch 17 done. Evaluation:
(49979, 50000)
(8713, 10000)
  5  18  50, 0.005160 [0.005143/38.036983] [4001/0.003044]
  5  18 100, 0.005274 [0.001105/38.035402] [4051/0.003044]
  5  18 150, 0.006544 [0.002192/38.033840] [4101/0.003044]
  5  18 200, 0.005131 [0.005730/38.032250] [4151/0.003044]
  5  18 250, 0.004729 [0.001375/38.030655] [4201/0.003044]
  5  18 300, 0.004629 [0.007770/38.029052] [4251/0.003044]
  5  18 350, 0.004940 [0.006220/38.027460] [4301/0.003044]
Epoch 18 done. Evaluation:
(49968, 50000)
(8739, 10000)
  5  19  50, 0.004510 [0.003551/38.024558] [4392/0.003044]
  5  19 100, 0.005263 [0.002530/38.022986] [4442/0.003044]
  5  19 150, 0.004933 [0.005227/38.021405] [4492/0.003044]
  5  19 200, 0.005628 [0.004372/38.019835] [4542/0.003044]
  5  19 250, 0.007807 [0.006330/38.018327] [4592/0.003044]
  5  19 300, 0.005214 [0.005178/38.016743] [4642/0.003044]
  5  19 350, 0.005335 [0.001989/38.015166] [4692/0.003044]
Epoch 19 done. Evaluation:
(49969, 50000)
(8712, 10000)
  6   0  50, 0.005544 [0.000991/38.013055] [4783/0.003044]
  6   0 100, 0.004365 [0.001695/38.012240] [4833/0.003044]
  6   0 150, 0.005627 [0.006024/38.011435] [4883/0.003044]
  6   0 200, 0.004705 [0.002083/38.010622] [4933/0.003044]
  6   0 250, 0.004404 [0.000654/38.009808] [4983/0.003044]
  6   0 300, 0.004314 [0.002087/38.008995] [5033/0.003044]
  6   0 350, 0.005814 [0.007485/38.008193] [5083/0.003044]
Epoch 0 done. Evaluation:
(49980, 50000)
(8721, 10000)
  6   1  50, 0.003918 [0.002004/38.006711] [5174/0.003044]
  6   1 100, 0.004458 [0.001637/38.005895] [5224/0.003044]
  6   1 150, 0.003543 [0.003218/38.005073] [5274/0.003044]
  6   1 200, 0.006438 [0.006889/38.004276] [5324/0.003044]
  6   1 250, 0.003756 [0.002846/38.003457] [5374/0.003044]
  6   1 300, 0.004364 [0.001792/38.002649] [5424/0.003044]
  6   1 350, 0.003594 [0.001174/38.001829] [5474/0.003044]
Epoch 1 done. Evaluation:
(49978, 50000)
(8737, 10000)
  6   2  50, 0.003508 [0.001448/38.000354] [5565/0.003044]
  6   2 100, 0.003573 [0.000726/37.999535] [5615/0.003044]
  6   2 150, 0.003969 [0.000996/37.998721] [5665/0.003044]
  6   2 200, 0.004532 [0.009771/37.997914] [5715/0.003044]
  6   2 250, 0.004411 [0.007967/37.997107] [5765/0.003044]
  6   2 300, 0.003291 [0.000656/37.996288] [5815/0.003044]
  6   2 350, 0.003536 [0.001586/37.995473] [5865/0.003044]
Epoch 2 done. Evaluation:
(49992, 50000)
(8707, 10000)
  6   3  50, 0.003360 [0.001586/37.993996] [5956/0.003044]
  6   3 100, 0.003691 [0.001023/37.993180] [6006/0.003044]
  6   3 150, 0.004561 [0.002773/37.992370] [6056/0.003044]
  6   3 200, 0.003381 [0.004013/37.991555] [6106/0.003044]
  6   3 250, 0.004310 [0.007248/37.990746] [6156/0.003044]
  6   3 300, 0.003952 [0.002194/37.989939] [6206/0.003044]
  6   3 350, 0.004202 [0.005699/37.989134] [6256/0.003044]
Epoch 3 done. Evaluation:
(49991, 50000)
(8711, 10000)
  6   4  50, 0.004081 [0.000923/37.987661] [6347/0.003044]
  6   4 100, 0.004018 [0.001476/37.986854] [6397/0.003044]
  6   4 150, 0.004250 [0.008356/37.986051] [6447/0.003044]
  6   4 200, 0.004261 [0.001292/37.985246] [6497/0.003044]
  6   4 250, 0.003831 [0.002247/37.984437] [6547/0.003044]
  6   4 300, 0.004098 [0.012212/37.983630] [6597/0.003044]
  6   4 350, 0.003824 [0.007267/37.982823] [6647/0.003044]
Epoch 4 done. Evaluation:
(49988, 50000)
(8713, 10000)
  6   5  50, 0.004552 [0.000787/37.981369] [6738/0.003044]
  6   5 100, 0.003717 [0.000715/37.980561] [6788/0.003044]
  6   5 150, 0.003442 [0.003587/37.979750] [6838/0.003044]
  6   5 200, 0.004303 [0.000683/37.978950] [6888/0.003044]
  6   5 250, 0.004334 [0.001674/37.978149] [6938/0.003044]
  6   5 300, 0.004191 [0.001807/37.977349] [6988/0.003044]
  6   5 350, 0.003733 [0.001882/37.976543] [7038/0.003044]
Epoch 5 done. Evaluation:
(49996, 50000)
(8715, 10000)
  6   6  50, 0.003424 [0.001397/37.975077] [7129/0.003044]
  6   6 100, 0.004101 [0.004485/37.974276] [7179/0.003044]
  6   6 150, 0.003518 [0.001549/37.973468] [7229/0.003044]
  6   6 200, 0.004498 [0.000926/37.972672] [7279/0.003044]
  6   6 250, 0.004007 [0.002179/37.971869] [7329/0.003044]
  6   6 300, 0.004412 [0.003787/37.971070] [7379/0.003044]
  6   6 350, 0.004131 [0.002546/37.970267] [7429/0.003044]
Epoch 6 done. Evaluation:
(49989, 50000)
(8666, 10000)
  6   7  50, 0.004362 [0.001022/37.968820] [7520/0.003044]
  6   7 100, 0.003481 [0.000779/37.968012] [7570/0.003044]
  6   7 150, 0.004355 [0.006129/37.967214] [7620/0.003044]
  6   7 200, 0.004578 [0.001810/37.966419] [7670/0.003044]
  6   7 250, 0.004282 [0.001217/37.965619] [7720/0.003044]
  6   7 300, 0.004608 [0.000755/37.964824] [7770/0.003044]
  6   7 350, 0.004209 [0.001630/37.964025] [7820/0.003044]
Epoch 7 done. Evaluation:
(49988, 50000)
(8715, 10000)
  6   8  50, 0.003786 [0.002426/37.962567] [7911/0.003044]
  6   8 100, 0.003689 [0.005657/37.961763] [7961/0.003044]
  6   8 150, 0.004554 [0.000822/37.960966] [8011/0.003044]
  6   8 200, 0.003631 [0.001555/37.960161] [8061/0.003044]
  6   8 250, 0.003497 [0.001553/37.959357] [8111/0.003044]
  6   8 300, 0.004023 [0.001918/37.958559] [8161/0.003044]
  6   8 350, 0.004368 [0.002780/37.957762] [8211/0.003044]
Epoch 8 done. Evaluation:
(49993, 50000)
(8707, 10000)
  6   9  50, 0.004617 [0.002348/37.956315] [8302/0.003044]
  6   9 100, 0.004665 [0.004597/37.955522] [8352/0.003044]
  6   9 150, 0.003756 [0.011176/37.954720] [8402/0.003044]
  6   9 200, 0.003721 [0.004464/37.953919] [8452/0.003044]
  6   9 250, 0.004239 [0.000641/37.953125] [8502/0.003044]
  6   9 300, 0.003338 [0.001747/37.952323] [8552/0.003044]
  6   9 350, 0.003996 [0.003639/37.951527] [8602/0.003044]
Epoch 9 done. Evaluation:
(49994, 50000)
(8701, 10000)
  6  10  50, 0.004893 [0.005438/37.950097] [8693/0.003044]
  6  10 100, 0.003803 [0.002716/37.949296] [8743/0.003044]
  6  10 150, 0.003421 [0.001575/37.948492] [8793/0.003044]
  6  10 200, 0.004883 [0.008777/37.947703] [8843/0.003044]
  6  10 250, 0.004767 [0.003125/37.946909] [8893/0.003044]
  6  10 300, 0.004221 [0.006223/37.946116] [8943/0.003044]
  6  10 350, 0.004071 [0.005761/37.945322] [8993/0.003044]
Epoch 10 done. Evaluation:
(49988, 50000)
(8711, 10000)
  6  11  50, 0.004065 [0.005217/37.943871] [9084/0.003044]
  6  11 100, 0.004371 [0.003332/37.943078] [9134/0.003044]
  6  11 150, 0.005505 [0.001323/37.942296] [9184/0.003044]
  6  11 200, 0.003755 [0.001445/37.941497] [9234/0.003044]
  6  11 250, 0.004823 [0.000889/37.940711] [9284/0.003044]
  6  11 300, 0.005082 [0.006399/37.939926] [9334/0.003044]
  6  11 350, 0.004904 [0.003819/37.939137] [9384/0.003044]
Epoch 11 done. Evaluation:
(49982, 50000)
(8699, 10000)
  6  12  50, 0.004561 [0.000649/37.937711] [9475/0.003044]
  6  12 100, 0.004332 [0.000718/37.936919] [9525/0.003044]
  6  12 150, 0.004086 [0.000949/37.936124] [9575/0.003044]
  6  12 200, 0.004077 [0.001304/37.935330] [9625/0.003044]
  6  12 250, 0.004388 [0.007243/37.934540] [9675/0.003044]
  6  12 300, 0.003913 [0.000925/37.933747] [9725/0.003044]
  6  12 350, 0.004515 [0.004239/37.932958] [9775/0.003044]
Epoch 12 done. Evaluation:
(49991, 50000)
(8699, 10000)
  6  13  50, 0.003907 [0.008012/37.931507] [9866/0.003044]
  6  13 100, 0.003850 [0.002389/37.930711] [9916/0.003044]
  6  13 150, 0.004007 [0.002425/37.929920] [9966/0.003044]
  6  13 200, 0.003824 [0.002747/37.929127] [10016/0.003044]
  6  13 250, 0.004102 [0.004070/37.928335] [10066/0.003044]
  6  13 300, 0.004448 [0.002443/37.927546] [10116/0.003044]
  6  13 350, 0.003903 [0.001477/37.926752] [10166/0.003044]
Epoch 13 done. Evaluation:
(49989, 50000)
(8686, 10000)
  6  14  50, 0.003957 [0.000540/37.925319] [10257/0.003044]
  6  14 100, 0.003727 [0.001035/37.924523] [10307/0.003044]
  6  14 150, 0.003765 [0.001699/37.923729] [10357/0.003044]
  6  14 200, 0.004353 [0.003710/37.922942] [10407/0.003044]
  6  14 250, 0.003744 [0.001901/37.922148] [10457/0.003044]
  6  14 300, 0.003478 [0.000992/37.921351] [10507/0.003044]
  6  14 350, 0.003670 [0.001735/37.920558] [10557/0.003044]
Epoch 14 done. Evaluation:
(49992, 50000)
(8693, 10000)
  6  15  50, 0.004829 [0.001135/37.919129] [10648/0.003044]
  6  15 100, 0.003493 [0.001289/37.918333] [10698/0.003044]
  6  15 150, 0.004478 [0.001165/37.917546] [10748/0.003044]
  6  15 200, 0.004253 [0.002292/37.916756] [10798/0.003044]
  6  15 250, 0.004339 [0.000886/37.915973] [10848/0.003044]
  6  15 300, 0.004467 [0.002799/37.915187] [10898/0.003044]
  6  15 350, 0.004620 [0.000932/37.914404] [10948/0.003044]
Epoch 15 done. Evaluation:
(49984, 50000)
(8698, 10000)
  6  16  50, 0.003690 [0.008368/37.912966] [11039/0.003044]
  6  16 100, 0.004056 [0.002315/37.912177] [11089/0.003044]
  6  16 150, 0.003723 [0.001776/37.911384] [11139/0.003044]
  6  16 200, 0.004541 [0.001768/37.910601] [11189/0.003044]
  6  16 250, 0.004286 [0.001980/37.909816] [11239/0.003044]
  6  16 300, 0.003421 [0.002753/37.909022] [11289/0.003044]
  6  16 350, 0.004413 [0.002033/37.908243] [11339/0.003044]
Epoch 16 done. Evaluation:
(49991, 50000)
(8674, 10000)
  6  17  50, 0.004291 [0.003440/37.906819] [11430/0.003044]
  6  17 100, 0.004108 [0.003534/37.906033] [11480/0.003044]
  6  17 150, 0.003997 [0.004733/37.905243] [11530/0.003044]
  6  17 200, 0.004467 [0.011433/37.904461] [11580/0.003044]
  6  17 250, 0.004144 [0.001747/37.903677] [11630/0.003044]
  6  17 300, 0.004533 [0.002093/37.902896] [11680/0.003044]
  6  17 350, 0.004861 [0.001144/37.902117] [11730/0.003044]
Epoch 17 done. Evaluation:
(49984, 50000)
(8682, 10000)
  6  18  50, 0.003679 [0.001333/37.900691] [11821/0.003044]
  6  18 100, 0.003901 [0.001049/37.899903] [11871/0.003044]
  6  18 150, 0.004005 [0.001269/37.899117] [11921/0.003044]
  6  18 200, 0.004335 [0.001705/37.898335] [11971/0.003044]
  6  18 250, 0.004757 [0.004669/37.897556] [12021/0.003044]
  6  18 300, 0.004206 [0.002763/37.896772] [12071/0.003044]
  6  18 350, 0.004736 [0.000589/37.895993] [12121/0.003044]
Epoch 18 done. Evaluation:
(49989, 50000)
(8684, 10000)
  6  19  50, 0.004390 [0.002903/37.894573] [12212/0.003044]
  6  19 100, 0.004102 [0.004331/37.893789] [12262/0.003044]
  6  19 150, 0.005101 [0.001522/37.893015] [12312/0.003044]
  6  19 200, 0.004072 [0.001256/37.892230] [12362/0.003044]
  6  19 250, 0.003614 [0.003903/37.891440] [12412/0.003044]
  6  19 300, 0.004410 [0.001982/37.890658] [12462/0.003044]
  6  19 350, 0.004721 [0.003791/37.889880] [12512/0.003044]
Epoch 19 done. Evaluation:
(49990, 50000)
(8697, 10000)
  7   0  50, 0.003666 [0.002873/37.888856] [12603/0.003044]
  7   0 100, 0.003224 [0.001149/37.888468] [12653/0.003044]
  7   0 150, 0.004049 [0.000914/37.888081] [12703/0.003044]
  7   0 200, 0.003959 [0.002396/37.887695] [12753/0.003044]
  7   0 250, 0.004619 [0.000394/37.887313] [12803/0.003044]
  7   0 300, 0.004726 [0.000787/37.886927] [12853/0.003044]
  7   0 350, 0.004354 [0.001226/37.886544] [12903/0.003044]
Epoch 0 done. Evaluation:
(49986, 50000)
(8695, 10000)
  7   1  50, 0.004111 [0.000439/37.885844] [12994/0.003044]
  7   1 100, 0.004814 [0.000536/37.885460] [13044/0.003044]
  7   1 150, 0.003960 [0.000483/37.885076] [13094/0.003044]
  7   1 200, 0.004511 [0.000562/37.884691] [13144/0.003044]
  7   1 250, 0.003572 [0.000494/37.884304] [13194/0.003044]
  7   1 300, 0.003827 [0.000823/37.883917] [13244/0.003044]
  7   1 350, 0.004416 [0.002130/37.883534] [13294/0.003044]
Epoch 1 done. Evaluation:
(49985, 50000)
(8665, 10000)
  7   2  50, 0.004294 [0.000746/37.882836] [13385/0.003044]
  7   2 100, 0.003869 [0.000737/37.882451] [13435/0.003044]
  7   2 150, 0.004501 [0.003554/37.882068] [13485/0.003044]
  7   2 200, 0.003123 [0.001310/37.881680] [13535/0.003044]
  7   2 250, 0.003396 [0.001238/37.881292] [13585/0.003044]
  7   2 300, 0.004404 [0.000670/37.880910] [13635/0.003044]
  7   2 350, 0.004057 [0.002526/37.880526] [13685/0.003044]
Epoch 2 done. Evaluation:
(49994, 50000)
(8697, 10000)
  7   3  50, 0.004118 [0.002072/37.879832] [13776/0.003044]
  7   3 100, 0.004574 [0.008130/37.879448] [13826/0.003044]
  7   3 150, 0.003980 [0.003582/37.879064] [13876/0.003044]
  7   3 200, 0.004119 [0.000734/37.878681] [13926/0.003044]
  7   3 250, 0.004129 [0.001262/37.878298] [13976/0.003044]
  7   3 300, 0.003974 [0.000981/37.877914] [14026/0.003044]
  7   3 350, 0.004591 [0.001590/37.877532] [14076/0.003044]
Epoch 3 done. Evaluation:
(49990, 50000)
(8683, 10000)
  7   4  50, 0.003770 [0.001221/37.876833] [14167/0.003044]
  7   4 100, 0.004086 [0.001264/37.876448] [14217/0.003044]
  7   4 150, 0.003566 [0.001328/37.876063] [14267/0.003044]
  7   4 200, 0.004706 [0.002187/37.875680] [14317/0.003044]
  7   4 250, 0.004538 [0.000982/37.875300] [14367/0.003044]
  7   4 300, 0.003355 [0.001552/37.874913] [14417/0.003044]
  7   4 350, 0.003794 [0.001756/37.874529] [14467/0.003044]
Epoch 4 done. Evaluation:
(49989, 50000)
(8701, 10000)
  7   5  50, 0.003936 [0.000833/37.873833] [14558/0.003044]
  7   5 100, 0.004180 [0.000878/37.873451] [14608/0.003044]
  7   5 150, 0.004930 [0.000671/37.873071] [14658/0.003044]
  7   5 200, 0.004002 [0.000506/37.872686] [14708/0.003044]
  7   5 250, 0.004246 [0.000760/37.872302] [14758/0.003044]
  7   5 300, 0.004457 [0.002088/37.871921] [14808/0.003044]
  7   5 350, 0.003926 [0.001394/37.871538] [14858/0.003044]
Epoch 5 done. Evaluation:
(49986, 50000)
(8696, 10000)
  7   6  50, 0.003792 [0.001690/37.870840] [14949/0.003044]
  7   6 100, 0.005216 [0.005743/37.870460] [14999/0.003044]
  7   6 150, 0.003922 [0.002612/37.870074] [15049/0.003044]
  7   6 200, 0.004076 [0.000602/37.869693] [15099/0.003044]
  7   6 250, 0.004043 [0.001198/37.869310] [15149/0.003044]
  7   6 300, 0.003999 [0.001799/37.868928] [15199/0.003044]
  7   6 350, 0.003713 [0.000693/37.868544] [15249/0.003044]
Epoch 6 done. Evaluation:
(49987, 50000)
(8682, 10000)
  7   7  50, 0.003669 [0.002820/37.867849] [15340/0.003044]
  7   7 100, 0.004026 [0.000783/37.867467] [15390/0.003044]
  7   7 150, 0.003650 [0.000656/37.867082] [15440/0.003044]
  7   7 200, 0.004045 [0.000488/37.866699] [15490/0.003044]
  7   7 250, 0.004060 [0.000540/37.866317] [15540/0.003044]
  7   7 300, 0.004175 [0.000243/37.865937] [15590/0.003044]
  7   7 350, 0.004242 [0.000912/37.865555] [15640/0.003044]
Epoch 7 done. Evaluation:
(49996, 50000)
(8660, 10000)
  7   8  50, 0.003349 [0.002228/37.864857] [15731/0.003044]
  7   8 100, 0.004117 [0.000962/37.864476] [15781/0.003044]
  7   8 150, 0.004122 [0.001427/37.864094] [15831/0.003044]
  7   8 200, 0.004250 [0.000331/37.863713] [15881/0.003044]
  7   8 250, 0.004052 [0.000848/37.863331] [15931/0.003044]
  7   8 300, 0.004293 [0.001416/37.862951] [15981/0.003044]
  7   8 350, 0.004176 [0.000836/37.862570] [16031/0.003044]
Epoch 8 done. Evaluation:
(49995, 50000)
(8686, 10000)
  7   9  50, 0.003501 [0.002024/37.861877] [16122/0.003044]
  7   9 100, 0.004184 [0.000736/37.861496] [16172/0.003044]
  7   9 150, 0.004045 [0.000412/37.861114] [16222/0.003044]
  7   9 200, 0.003936 [0.000996/37.860732] [16272/0.003044]
  7   9 250, 0.003712 [0.000482/37.860349] [16322/0.003044]
  7   9 300, 0.003994 [0.000900/37.859968] [16372/0.003044]
  7   9 350, 0.003822 [0.001164/37.859587] [16422/0.003044]
Epoch 9 done. Evaluation:
(49992, 50000)
(8679, 10000)
  7  10  50, 0.003674 [0.001873/37.858893] [16513/0.003044]
  7  10 100, 0.004614 [0.001026/37.858515] [16563/0.003044]
  7  10 150, 0.003565 [0.002221/37.858131] [16613/0.003044]
  7  10 200, 0.003899 [0.000645/37.857749] [16663/0.003044]
  7  10 250, 0.004308 [0.000686/37.857368] [16713/0.003044]
  7  10 300, 0.004251 [0.000474/37.856988] [16763/0.003044]
  7  10 350, 0.005702 [0.000402/37.856609] [16813/0.003044]
Epoch 10 done. Evaluation:
(49990, 50000)
(8678, 10000)
  7  11  50, 0.004658 [0.001768/37.855914] [16904/0.003044]
  7  11 100, 0.004441 [0.002311/37.855533] [16954/0.003044]
  7  11 150, 0.004606 [0.001075/37.855155] [17004/0.003044]
  7  11 200, 0.003744 [0.001191/37.854772] [17054/0.003044]
  7  11 250, 0.004531 [0.000958/37.854392] [17104/0.003044]
  7  11 300, 0.003846 [0.000851/37.854009] [17154/0.003044]
  7  11 350, 0.004998 [0.003124/37.853631] [17204/0.003044]
Epoch 11 done. Evaluation:
(49980, 50000)
(8691, 10000)
  7  12  50, 0.004204 [0.001202/37.852941] [17295/0.003044]
  7  12 100, 0.003771 [0.000691/37.852559] [17345/0.003044]
  7  12 150, 0.003861 [0.000678/37.852178] [17395/0.003044]
  7  12 200, 0.004747 [0.002155/37.851798] [17445/0.003044]
  7  12 250, 0.005353 [0.001770/37.851423] [17495/0.003044]
  7  12 300, 0.003402 [0.001305/37.851040] [17545/0.003044]
  7  12 350, 0.003941 [0.000857/37.850658] [17595/0.003044]
Epoch 12 done. Evaluation:
(49990, 50000)
(8668, 10000)
  7  13  50, 0.004474 [0.000913/37.849968] [17686/0.003044]
  7  13 100, 0.004135 [0.000524/37.849588] [17736/0.003044]
  7  13 150, 0.004403 [0.001609/37.849210] [17786/0.003044]
  7  13 200, 0.003758 [0.001418/37.848828] [17836/0.003044]
  7  13 250, 0.003737 [0.001048/37.848447] [17886/0.003044]
  7  13 300, 0.004669 [0.000834/37.848067] [17936/0.003044]
  7  13 350, 0.005055 [0.001132/37.847690] [17986/0.003044]
Epoch 13 done. Evaluation:
(49991, 50000)
(8694, 10000)
  7  14  50, 0.004030 [0.000519/37.846998] [18077/0.003044]
  7  14 100, 0.003454 [0.000393/37.846615] [18127/0.003044]
  7  14 150, 0.004169 [0.001519/37.846238] [18177/0.003044]
  7  14 200, 0.003576 [0.000724/37.845856] [18227/0.003044]
  7  14 250, 0.003942 [0.000327/37.845473] [18277/0.003044]
  7  14 300, 0.004030 [0.001710/37.845093] [18327/0.003044]
  7  14 350, 0.004245 [0.001995/37.844716] [18377/0.003044]
Epoch 14 done. Evaluation:
(49994, 50000)
(8672, 10000)
  7  15  50, 0.003688 [0.000782/37.844027] [18468/0.003044]
  7  15 100, 0.004010 [0.001011/37.843648] [18518/0.003044]
  7  15 150, 0.003897 [0.002502/37.843267] [18568/0.003044]
  7  15 200, 0.003768 [0.000546/37.842887] [18618/0.003044]
  7  15 250, 0.004429 [0.001765/37.842507] [18668/0.003044]
  7  15 300, 0.004255 [0.000705/37.842129] [18718/0.003044]
  7  15 350, 0.004053 [0.002141/37.841750] [18768/0.003044]
Epoch 15 done. Evaluation:
(49996, 50000)
(8686, 10000)
  7  16  50, 0.004198 [0.000529/37.841060] [18859/0.003044]
  7  16 100, 0.004619 [0.001550/37.840682] [18909/0.003044]
  7  16 150, 0.003969 [0.001804/37.840302] [18959/0.003044]
  7  16 200, 0.003341 [0.001078/37.839920] [19009/0.003044]
  7  16 250, 0.003971 [0.000890/37.839540] [19059/0.003044]
  7  16 300, 0.004717 [0.000289/37.839162] [19109/0.003044]
  7  16 350, 0.003697 [0.001354/37.838779] [19159/0.003044]
Epoch 16 done. Evaluation:
(49991, 50000)
(8686, 10000)
  7  17  50, 0.003633 [0.001502/37.838088] [19250/0.003044]
  7  17 100, 0.004747 [0.000877/37.837709] [19300/0.003044]
  7  17 150, 0.004165 [0.000685/37.837331] [19350/0.003044]
  7  17 200, 0.003763 [0.000751/37.836950] [19400/0.003044]
  7  17 250, 0.003342 [0.000547/37.836568] [19450/0.003044]
  7  17 300, 0.004002 [0.000903/37.836188] [19500/0.003044]
  7  17 350, 0.004868 [0.000381/37.835810] [19550/0.003044]
Epoch 17 done. Evaluation:
(49990, 50000)
(8689, 10000)
  7  18  50, 0.003440 [0.001214/37.835120] [19641/0.003044]
  7  18 100, 0.003766 [0.000524/37.834738] [19691/0.003044]
  7  18 150, 0.003479 [0.000712/37.834358] [19741/0.003044]
  7  18 200, 0.003886 [0.001233/37.833979] [19791/0.003044]
  7  18 250, 0.004321 [0.001052/37.833600] [19841/0.003044]
  7  18 300, 0.003449 [0.002694/37.833218] [19891/0.003044]
  7  18 350, 0.003831 [0.001945/37.832840] [19941/0.003044]
Epoch 18 done. Evaluation:
(49995, 50000)
(8674, 10000)
  7  19  50, 0.004133 [0.000487/37.832148] [20032/0.003044]
  7  19 100, 0.003683 [0.000788/37.831768] [20082/0.003044]
  7  19 150, 0.004466 [0.000906/37.831392] [20132/0.003044]
  7  19 200, 0.004362 [0.002781/37.831013] [20182/0.003044]
  7  19 250, 0.003894 [0.001092/37.830633] [20232/0.003044]
  7  19 300, 0.005335 [0.005966/37.830260] [20282/0.003044]
  7  19 350, 0.003898 [0.001118/37.829882] [20332/0.003044]
Epoch 19 done. Evaluation:
(49992, 50000)
(8678, 10000)
  8   0  50, 0.003629 [0.000430/37.829369] [20423/0.003044]
  8   0 100, 0.004237 [0.001584/37.829169] [20473/0.003044]
  8   0 150, 0.003744 [0.000542/37.828971] [20523/0.003044]
  8   0 200, 0.004471 [0.000536/37.828769] [20573/0.003044]
  8   0 250, 0.003850 [0.000994/37.828567] [20623/0.003044]
  8   0 300, 0.004836 [0.000253/37.828369] [20673/0.003044]
  8   0 350, 0.004905 [0.000509/37.828171] [20723/0.003044]
Epoch 0 done. Evaluation:
(49991, 50000)
(8689, 10000)
  8   1  50, 0.003497 [0.000265/37.827806] [20814/0.003044]
  8   1 100, 0.003824 [0.000584/37.827606] [20864/0.003044]
  8   1 150, 0.005331 [0.000819/37.827408] [20914/0.003044]
  8   1 200, 0.003584 [0.001934/37.827207] [20964/0.003044]
  8   1 250, 0.003738 [0.000210/37.827006] [21014/0.003044]
  8   1 300, 0.003549 [0.000266/37.826805] [21064/0.003044]
  8   1 350, 0.003855 [0.001092/37.826605] [21114/0.003044]
Epoch 1 done. Evaluation:
(49996, 50000)
(8673, 10000)
  8   2  50, 0.003891 [0.001105/37.826242] [21205/0.003044]
  8   2 100, 0.003630 [0.000717/37.826043] [21255/0.003044]
  8   2 150, 0.004467 [0.000359/37.825842] [21305/0.003044]
  8   2 200, 0.003618 [0.000483/37.825641] [21355/0.003044]
  8   2 250, 0.003946 [0.001344/37.825443] [21405/0.003044]
  8   2 300, 0.004468 [0.000917/37.825242] [21455/0.003044]
  8   2 350, 0.003970 [0.000443/37.825042] [21505/0.003044]
Epoch 2 done. Evaluation:
(49989, 50000)
(8681, 10000)
  8   3  50, 0.004286 [0.000438/37.824682] [21596/0.003044]
  8   3 100, 0.004029 [0.001359/37.824482] [21646/0.003044]
  8   3 150, 0.004041 [0.000741/37.824283] [21696/0.003044]
  8   3 200, 0.003777 [0.000442/37.824082] [21746/0.003044]
  8   3 250, 0.003883 [0.000854/37.823882] [21796/0.003044]
  8   3 300, 0.003462 [0.000343/37.823680] [21846/0.003044]
  8   3 350, 0.004358 [0.000466/37.823481] [21896/0.003044]
Epoch 3 done. Evaluation:
(49994, 50000)
(8677, 10000)
  8   4  50, 0.004123 [0.000749/37.823119] [21987/0.003044]
  8   4 100, 0.003552 [0.000362/37.822918] [22037/0.003044]
  8   4 150, 0.004466 [0.000444/37.822719] [22087/0.003044]
  8   4 200, 0.004598 [0.000794/37.822520] [22137/0.003044]
  8   4 250, 0.004254 [0.002971/37.822320] [22187/0.003044]
  8   4 300, 0.004365 [0.000324/37.822122] [22237/0.003044]
  8   4 350, 0.004061 [0.000869/37.821921] [22287/0.003044]
Epoch 4 done. Evaluation:
(49989, 50000)
(8669, 10000)
  8   5  50, 0.005023 [0.000176/37.821560] [22378/0.003044]
  8   5 100, 0.004299 [0.001208/37.821362] [22428/0.003044]
  8   5 150, 0.003940 [0.000211/37.821162] [22478/0.003044]
  8   5 200, 0.004416 [0.001119/37.820964] [22528/0.003044]
  8   5 250, 0.003882 [0.000433/37.820763] [22578/0.003044]
  8   5 300, 0.004394 [0.002275/37.820564] [22628/0.003044]
  8   5 350, 0.003898 [0.000527/37.820364] [22678/0.003044]
Epoch 5 done. Evaluation:
(49986, 50000)
(8690, 10000)
  8   6  50, 0.004338 [0.000309/37.820002] [22769/0.003044]
  8   6 100, 0.003955 [0.000709/37.819801] [22819/0.003044]
  8   6 150, 0.004229 [0.000233/37.819603] [22869/0.003044]
  8   6 200, 0.004212 [0.002398/37.819404] [22919/0.003044]
  8   6 250, 0.003892 [0.000790/37.819206] [22969/0.003044]
  8   6 300, 0.004352 [0.000422/37.819007] [23019/0.003044]
  8   6 350, 0.004438 [0.001713/37.818809] [23069/0.003044]
Epoch 6 done. Evaluation:
(49992, 50000)
(8677, 10000)
  8   7  50, 0.003789 [0.000966/37.818446] [23160/0.003044]
  8   7 100, 0.004213 [0.000395/37.818246] [23210/0.003044]
  8   7 150, 0.004316 [0.000596/37.818048] [23260/0.003044]
  8   7 200, 0.004157 [0.001350/37.817849] [23310/0.003044]
  8   7 250, 0.004314 [0.000420/37.817651] [23360/0.003044]
  8   7 300, 0.004796 [0.000560/37.817453] [23410/0.003044]
  8   7 350, 0.003823 [0.000749/37.817254] [23460/0.003044]
Epoch 7 done. Evaluation:
(49989, 50000)
(8676, 10000)
  8   8  50, 0.003546 [0.000517/37.816892] [23551/0.003044]
  8   8 100, 0.003785 [0.000982/37.816693] [23601/0.003044]
  8   8 150, 0.003521 [0.000570/37.816492] [23651/0.003044]
  8   8 200, 0.003965 [0.000173/37.816293] [23701/0.003044]
  8   8 250, 0.003906 [0.000646/37.816093] [23751/0.003044]
  8   8 300, 0.003967 [0.000730/37.815893] [23801/0.003044]
  8   8 350, 0.003688 [0.000215/37.815694] [23851/0.003044]
Epoch 8 done. Evaluation:
(49998, 50000)
(8683, 10000)
  8   9  50, 0.004109 [0.000332/37.815331] [23942/0.003044]
  8   9 100, 0.004627 [0.000546/37.815134] [23992/0.003044]
  8   9 150, 0.003171 [0.000448/37.814932] [24042/0.003044]
  8   9 200, 0.004385 [0.000614/37.814734] [24092/0.003044]
  8   9 250, 0.003928 [0.000651/37.814535] [24142/0.003044]
  8   9 300, 0.004808 [0.000687/37.814336] [24192/0.003044]
  8   9 350, 0.003626 [0.000422/37.814136] [24242/0.003044]
Epoch 9 done. Evaluation:
(49992, 50000)
(8683, 10000)
  8  10  50, 0.003907 [0.000237/37.813776] [24333/0.003044]
  8  10 100, 0.003737 [0.000470/37.813575] [24383/0.003044]
  8  10 150, 0.003379 [0.000185/37.813373] [24433/0.003044]
  8  10 200, 0.004413 [0.000350/37.813175] [24483/0.003044]
  8  10 250, 0.003817 [0.001205/37.812975] [24533/0.003044]
  8  10 300, 0.004011 [0.001100/37.812778] [24583/0.003044]
  8  10 350, 0.004226 [0.000623/37.812578] [24633/0.003044]
Epoch 10 done. Evaluation:
(49993, 50000)
(8684, 10000)
  8  11  50, 0.004312 [0.001064/37.812218] [24724/0.003044]
  8  11 100, 0.004478 [0.000295/37.812019] [24774/0.003044]
  8  11 150, 0.003542 [0.000675/37.811819] [24824/0.003044]
  8  11 200, 0.003387 [0.000347/37.811619] [24874/0.003044]
  8  11 250, 0.004620 [0.002491/37.811421] [24924/0.003044]
  8  11 300, 0.003682 [0.000534/37.811223] [24974/0.003044]
  8  11 350, 0.003731 [0.000412/37.811023] [25024/0.003044]
Epoch 11 done. Evaluation:
(49995, 50000)
(8676, 10000)
  8  12  50, 0.004422 [0.000333/37.810662] [25115/0.003044]
  8  12 100, 0.003904 [0.000257/37.810462] [25165/0.003044]
  8  12 150, 0.003305 [0.000470/37.810260] [25215/0.003044]
  8  12 200, 0.004782 [0.000584/37.810062] [25265/0.003044]
  8  12 250, 0.004360 [0.000606/37.809865] [25315/0.003044]
  8  12 300, 0.004519 [0.002340/37.809667] [25365/0.003044]
  8  12 350, 0.004137 [0.000564/37.809466] [25415/0.003044]
Epoch 12 done. Evaluation:
(49990, 50000)
(8676, 10000)
  8  13  50, 0.003850 [0.001486/37.809103] [25506/0.003044]
  8  13 100, 0.004365 [0.001091/37.808905] [25556/0.003044]
  8  13 150, 0.003322 [0.000402/37.808706] [25606/0.003044]
  8  13 200, 0.003770 [0.000533/37.808507] [25656/0.003044]
  8  13 250, 0.004738 [0.000694/37.808310] [25706/0.003044]
  8  13 300, 0.003745 [0.000461/37.808110] [25756/0.003044]
  8  13 350, 0.003334 [0.000313/37.807909] [25806/0.003044]
Epoch 13 done. Evaluation:
(49995, 50000)
(8669, 10000)
  8  14  50, 0.004844 [0.000334/37.807549] [25897/0.003044]
  8  14 100, 0.004294 [0.000528/37.807352] [25947/0.003044]
  8  14 150, 0.004055 [0.000455/37.807150] [25997/0.003044]
  8  14 200, 0.004699 [0.000279/37.806954] [26047/0.003044]
  8  14 250, 0.004044 [0.000526/37.806756] [26097/0.003044]
  8  14 300, 0.003757 [0.000585/37.806556] [26147/0.003044]
  8  14 350, 0.003999 [0.000897/37.806357] [26197/0.003044]
Epoch 14 done. Evaluation:
(49988, 50000)
(8669, 10000)
  8  15  50, 0.003889 [0.000250/37.805995] [26288/0.003044]
  8  15 100, 0.004225 [0.000534/37.805798] [26338/0.003044]
  8  15 150, 0.004515 [0.000275/37.805600] [26388/0.003044]
  8  15 200, 0.003583 [0.000495/37.805399] [26438/0.003044]
  8  15 250, 0.003794 [0.000212/37.805201] [26488/0.003044]
  8  15 300, 0.004293 [0.000402/37.805000] [26538/0.003044]
  8  15 350, 0.004383 [0.003894/37.804803] [26588/0.003044]
Epoch 15 done. Evaluation:
(49989, 50000)
(8666, 10000)
  8  16  50, 0.004194 [0.002591/37.804442] [26679/0.003044]
  8  16 100, 0.003587 [0.000497/37.804242] [26729/0.003044]
  8  16 150, 0.004114 [0.000804/37.804042] [26779/0.003044]
  8  16 200, 0.003735 [0.000375/37.803843] [26829/0.003044]
  8  16 250, 0.004272 [0.000627/37.803644] [26879/0.003044]
  8  16 300, 0.004022 [0.003445/37.803445] [26929/0.003044]
  8  16 350, 0.003941 [0.001636/37.803247] [26979/0.003044]
Epoch 16 done. Evaluation:
(49990, 50000)
(8659, 10000)
  8  17  50, 0.003841 [0.000226/37.802884] [27070/0.003044]
  8  17 100, 0.004214 [0.000447/37.802685] [27120/0.003044]
  8  17 150, 0.004225 [0.001222/37.802489] [27170/0.003044]
  8  17 200, 0.003808 [0.002054/37.802289] [27220/0.003044]
  8  17 250, 0.004133 [0.000655/37.802090] [27270/0.003044]
  8  17 300, 0.003530 [0.000741/37.801890] [27320/0.003044]
  8  17 350, 0.003824 [0.000691/37.801692] [27370/0.003044]
Epoch 17 done. Evaluation:
(49996, 50000)
(8670, 10000)
  8  18  50, 0.003882 [0.000301/37.801330] [27461/0.003044]
  8  18 100, 0.004522 [0.000205/37.801130] [27511/0.003044]
  8  18 150, 0.003738 [0.000504/37.800932] [27561/0.003044]
  8  18 200, 0.003667 [0.000169/37.800732] [27611/0.003044]
  8  18 250, 0.003681 [0.000300/37.800534] [27661/0.003044]
  8  18 300, 0.003692 [0.000289/37.800333] [27711/0.003044]
  8  18 350, 0.004252 [0.003586/37.800134] [27761/0.003044]
Epoch 18 done. Evaluation:
(49989, 50000)
(8675, 10000)
  8  19  50, 0.004024 [0.000236/37.799771] [27852/0.003044]
  8  19 100, 0.004126 [0.000204/37.799574] [27902/0.003044]
  8  19 150, 0.004104 [0.000271/37.799376] [27952/0.003044]
  8  19 200, 0.003519 [0.000363/37.799175] [28002/0.003044]
  8  19 250, 0.003985 [0.000239/37.798977] [28052/0.003044]
  8  19 300, 0.003579 [0.000871/37.798779] [28102/0.003044]
  8  19 350, 0.004626 [0.000621/37.798581] [28152/0.003044]
Epoch 19 done. Evaluation:
(49993, 50000)
(8669, 10000)
