Sequential (
  (conv1_1): Sequential (
    (0): Conv2d(3, 32, kernel_size=(3, 3), stride=(1, 1), padding=(1, 1))
    (1): BatchNorm2d(32, eps=1e-05, momentum=0.1, affine=True)
    (2): ReLU (inplace)
  )
  (conv1_2): Sequential (
    (0): Conv2d(32, 32, kernel_size=(3, 3), stride=(1, 1), padding=(1, 1))
    (1): BatchNorm2d(32, eps=1e-05, momentum=0.1, affine=True)
    (2): ReLU (inplace)
  )
  (pool1): MaxPool2d (size=(2, 2), stride=(2, 2), dilation=(1, 1))
  (conv2_1): Sequential (
    (0): Conv2d(32, 64, kernel_size=(3, 3), stride=(1, 1), padding=(1, 1))
    (1): BatchNorm2d(64, eps=1e-05, momentum=0.1, affine=True)
    (2): ReLU (inplace)
  )
  (conv2_2): Sequential (
    (0): Conv2d(64, 64, kernel_size=(3, 3), stride=(1, 1), padding=(1, 1))
    (1): BatchNorm2d(64, eps=1e-05, momentum=0.1, affine=True)
    (2): ReLU (inplace)
  )
  (pool2): MaxPool2d (size=(2, 2), stride=(2, 2), dilation=(1, 1))
  (conv3_1): Sequential (
    (0): Conv2d(64, 128, kernel_size=(3, 3), stride=(1, 1), padding=(1, 1))
    (1): BatchNorm2d(128, eps=1e-05, momentum=0.1, affine=True)
    (2): ReLU (inplace)
  )
  (conv3_2): Sequential (
    (0): Conv2d(128, 128, kernel_size=(3, 3), stride=(1, 1), padding=(1, 1))
    (1): BatchNorm2d(128, eps=1e-05, momentum=0.1, affine=True)
    (2): ReLU (inplace)
  )
  (pool3): MaxPool2d (size=(2, 2), stride=(2, 2), dilation=(1, 1))
  (conv4_1): Sequential (
    (0): Conv2d(128, 256, kernel_size=(3, 3), stride=(1, 1), padding=(1, 1))
    (1): BatchNorm2d(256, eps=1e-05, momentum=0.1, affine=True)
    (2): ReLU (inplace)
  )
  (conv4_2): Sequential (
    (0): Conv2d(256, 256, kernel_size=(3, 3), stride=(1, 1), padding=(1, 1))
    (1): BatchNorm2d(256, eps=1e-05, momentum=0.1, affine=True)
    (2): ReLU (inplace)
  )
  (pool4): MaxPool2d (size=(2, 2), stride=(2, 2), dilation=(1, 1))
  (conv5_1): Sequential (
    (0): Conv2d(256, 256, kernel_size=(3, 3), stride=(1, 1), padding=(1, 1))
    (1): BatchNorm2d(256, eps=1e-05, momentum=0.1, affine=True)
    (2): ReLU (inplace)
  )
  (conv5_2): Sequential (
    (0): Conv2d(256, 256, kernel_size=(3, 3), stride=(1, 1), padding=(1, 1))
    (1): BatchNorm2d(256, eps=1e-05, momentum=0.1, affine=True)
    (2): ReLU (inplace)
  )
  (pool5): MaxPool2d (size=(2, 2), stride=(2, 2), dilation=(1, 1))
  (fc6): Sequential (
    (0): Conv2d(256, 256, kernel_size=(1, 1), stride=(1, 1))
    (1): BatchNorm2d(256, eps=1e-05, momentum=0.1, affine=True)
    (2): ReLU (inplace)
  )
  (logit): Conv2d(256, 10, kernel_size=(1, 1), stride=(1, 1))
  (flatter): Flatten()
)
{'L1_decay': 0.0002,
 'batch_size': 128,
 'force_name': False,
 'graphfolder': 'logs/bxp2_graphs/',
 'learning_rate': 0.1,
 'logfile': 'logs/bxp2.log',
 'mode': '',
 'name': 'bxp2',
 'num_base': 32,
 'optimizer': 'SGDL1A',
 'weight_decay': 0.0005}
Decayed training with schedule: [20, 20, 20, 20, 20, 20, 20, 20]
  0   0  50, 1.836197 [0.439167/71.284885] [   0/1.836197]
  0   0 100, 1.489535 [0.398506/70.388132] [   0/1.489535]
  0   0 150, 1.344798 [0.323053/69.507213] [   0/1.344798]
  0   0 200, 1.229707 [0.378428/68.649186] [   0/1.229707]
  0   0 250, 1.185621 [0.362653/67.808641] [   0/1.185621]
  0   0 300, 1.108156 [0.325300/66.987726] [   0/1.108156]
  0   0 350, 1.047024 [0.342860/66.186946] [   0/1.047024]
Epoch 0 done. Evaluation:
(26800, 50000)
(5320, 10000)
  0   1  50, 0.923759 [0.390772/64.780655] [   0/0.923759]
  0   1 100, 0.885144 [0.406788/64.035226] [   0/0.885144]
  0   1 150, 0.910725 [0.318780/63.305632] [  50/0.885144]
  0   1 200, 0.892814 [0.335331/62.596895] [ 100/0.885144]
  0   1 250, 0.853150 [0.333925/61.904356] [   0/0.853150]
  0   1 300, 0.836544 [0.324144/61.233829] [   0/0.836544]
  0   1 350, 0.797572 [0.355380/60.580169] [   0/0.797572]
Epoch 1 done. Evaluation:
(34722, 50000)
(6177, 10000)
  0   2  50, 0.739324 [0.387462/59.441541] [   0/0.739324]
  0   2 100, 0.741726 [0.358957/58.845546] [  50/0.739324]
  0   2 150, 0.750833 [0.379928/58.262279] [ 100/0.739324]
  0   2 200, 0.742072 [0.361975/57.696856] [ 150/0.739324]
  0   2 250, 0.733494 [0.345042/57.147876] [   0/0.733494]
  0   2 300, 0.700975 [0.410599/56.616928] [   0/0.700975]
  0   2 350, 0.715455 [0.363935/56.100788] [  50/0.700975]
Epoch 2 done. Evaluation:
(37032, 50000)
(6727, 10000)
  0   3  50, 0.641570 [0.340867/55.202866] [   0/0.641570]
  0   3 100, 0.652872 [0.418135/54.734734] [  50/0.641570]
  0   3 150, 0.687754 [0.384794/54.279518] [ 100/0.641570]
  0   3 200, 0.663325 [0.427053/53.837073] [ 150/0.641570]
  0   3 250, 0.657309 [0.326752/53.407231] [ 200/0.641570]
  0   3 300, 0.685069 [0.366440/52.988269] [ 250/0.641570]
  0   3 350, 0.649552 [0.417863/52.590040] [ 300/0.641570]
Epoch 3 done. Evaluation:
(38296, 50000)
(4860, 10000)
  0   4  50, 0.638600 [0.423971/51.894640] [   0/0.638600]
  0   4 100, 0.621818 [0.379225/51.532252] [   0/0.621818]
  0   4 150, 0.637089 [0.365379/51.182963] [  50/0.621818]
  0   4 200, 0.627658 [0.360088/50.839203] [ 100/0.621818]
  0   4 250, 0.630277 [0.359210/50.504836] [ 150/0.621818]
  0   4 300, 0.646890 [0.486424/50.181524] [ 200/0.621818]
  0   4 350, 0.648277 [0.447576/49.870421] [ 250/0.621818]
Epoch 4 done. Evaluation:
(38922, 50000)
(7344, 10000)
  0   5  50, 0.594428 [0.405337/49.334589] [   0/0.594428]
  0   5 100, 0.611826 [0.466047/49.050883] [  50/0.594428]
  0   5 150, 0.596366 [0.453410/48.780196] [ 100/0.594428]
  0   5 200, 0.616659 [0.376028/48.517011] [ 150/0.594428]
  0   5 250, 0.599682 [0.367938/48.257856] [ 200/0.594428]
  0   5 300, 0.629933 [0.490458/48.009581] [ 250/0.594428]
  0   5 350, 0.622394 [0.399330/47.764948] [ 300/0.594428]
Epoch 5 done. Evaluation:
(39428, 50000)
(6412, 10000)
  0   6  50, 0.592633 [0.422320/47.345974] [   0/0.592633]
  0   6 100, 0.594275 [0.421400/47.129984] [  50/0.592633]
  0   6 150, 0.598355 [0.410861/46.915190] [ 100/0.592633]
  0   6 200, 0.623380 [0.381576/46.706747] [ 150/0.592633]
  0   6 250, 0.598357 [0.461300/46.503755] [ 200/0.592633]
  0   6 300, 0.611955 [0.361427/46.304181] [ 250/0.592633]
  0   6 350, 0.602798 [0.451065/46.110875] [ 300/0.592633]
Epoch 6 done. Evaluation:
(39472, 50000)
(7114, 10000)
  0   7  50, 0.576533 [0.441450/45.779244] [   0/0.576533]
  0   7 100, 0.608306 [0.413173/45.609717] [  50/0.576533]
  0   7 150, 0.595166 [0.453487/45.439061] [ 100/0.576533]
  0   7 200, 0.609801 [0.399771/45.271758] [ 150/0.576533]
  0   7 250, 0.594216 [0.476718/45.109259] [ 200/0.576533]
  0   7 300, 0.597268 [0.329717/44.950454] [ 250/0.576533]
  0   7 350, 0.617755 [0.376615/44.792250] [ 300/0.576533]
Epoch 7 done. Evaluation:
(39559, 50000)
(6905, 10000)
  0   8  50, 0.562610 [0.367979/44.521854] [   0/0.562610]
  0   8 100, 0.594202 [0.434866/44.380530] [  50/0.562610]
  0   8 150, 0.582209 [0.453269/44.244737] [ 100/0.562610]
  0   8 200, 0.593426 [0.386742/44.108145] [ 150/0.562610]
  0   8 250, 0.587688 [0.455636/43.976088] [ 200/0.562610]
  0   8 300, 0.602737 [0.299778/43.845004] [ 250/0.562610]
  0   8 350, 0.575571 [0.397769/43.716053] [ 300/0.562610]
Epoch 8 done. Evaluation:
(39870, 50000)
(6318, 10000)
  0   9  50, 0.582869 [0.421080/43.501818] [ 391/0.562610]
  0   9 100, 0.552650 [0.377717/43.386545] [   0/0.552650]
  0   9 150, 0.583145 [0.414696/43.271423] [  50/0.552650]
  0   9 200, 0.585811 [0.346244/43.155053] [ 100/0.552650]
  0   9 250, 0.604726 [0.412030/43.044730] [ 150/0.552650]
  0   9 300, 0.604497 [0.413303/42.933623] [ 200/0.552650]
  0   9 350, 0.582235 [0.448062/42.823764] [ 250/0.552650]
Epoch 9 done. Evaluation:
(39984, 50000)
(5529, 10000)
  0  10  50, 0.575703 [0.402746/42.633260] [ 341/0.552650]
  0  10 100, 0.558724 [0.420405/42.532346] [ 391/0.552650]
  0  10 150, 0.573798 [0.336267/42.434907] [ 441/0.552650]
  0  10 200, 0.575753 [0.441729/42.339477] [ 491/0.552650]
  0  10 250, 0.553869 [0.404063/42.238456] [ 541/0.552650]
  0  10 300, 0.611251 [0.421204/42.148601] [ 591/0.552650]
  0  10 350, 0.585602 [0.400542/42.056878] [ 641/0.552650]
Epoch 10 done. Evaluation:
(40238, 50000)
(6887, 10000)
  0  11  50, 0.543117 [0.435320/41.894182] [   0/0.543117]
  0  11 100, 0.551135 [0.370852/41.812184] [  50/0.543117]
  0  11 150, 0.585621 [0.407651/41.727456] [ 100/0.543117]
  0  11 200, 0.547790 [0.483675/41.642328] [ 150/0.543117]
  0  11 250, 0.576737 [0.423628/41.558102] [ 200/0.543117]
  0  11 300, 0.561154 [0.427039/41.475802] [ 250/0.543117]
  0  11 350, 0.568911 [0.408476/41.393289] [ 300/0.543117]
Epoch 11 done. Evaluation:
(40312, 50000)
(7246, 10000)
  0  12  50, 0.519412 [0.400941/41.251476] [   0/0.519412]
  0  12 100, 0.530325 [0.401323/41.173293] [  50/0.519412]
  0  12 150, 0.557993 [0.441204/41.099522] [ 100/0.519412]
  0  12 200, 0.542977 [0.433180/41.024806] [ 150/0.519412]
  0  12 250, 0.566633 [0.489496/40.956872] [ 200/0.519412]
  0  12 300, 0.569091 [0.376395/40.885587] [ 250/0.519412]
  0  12 350, 0.575737 [0.475648/40.811721] [ 300/0.519412]
Epoch 12 done. Evaluation:
(40610, 50000)
(5242, 10000)
  0  13  50, 0.532984 [0.473402/40.685883] [ 391/0.519412]
  0  13 100, 0.501192 [0.399721/40.613037] [   0/0.501192]
  0  13 150, 0.541341 [0.411174/40.550807] [  50/0.501192]
  0  13 200, 0.566783 [0.438797/40.486700] [ 100/0.501192]
  0  13 250, 0.551156 [0.420282/40.418498] [ 150/0.501192]
  0  13 300, 0.553261 [0.468963/40.354575] [ 200/0.501192]
  0  13 350, 0.554976 [0.448042/40.293747] [ 250/0.501192]
Epoch 13 done. Evaluation:
(40719, 50000)
(7364, 10000)
  0  14  50, 0.491660 [0.366041/40.176578] [   0/0.491660]
  0  14 100, 0.519588 [0.302487/40.118388] [  50/0.491660]
  0  14 150, 0.557899 [0.407042/40.054418] [ 100/0.491660]
  0  14 200, 0.556948 [0.401726/39.992676] [ 150/0.491660]
  0  14 250, 0.511210 [0.349335/39.939388] [ 200/0.491660]
  0  14 300, 0.558600 [0.477889/39.882394] [ 250/0.491660]
  0  14 350, 0.534718 [0.383637/39.822784] [ 300/0.491660]
Epoch 14 done. Evaluation:
(40889, 50000)
(6995, 10000)
  0  15  50, 0.504668 [0.392631/39.713567] [ 391/0.491660]
  0  15 100, 0.532599 [0.387805/39.661185] [ 441/0.491660]
  0  15 150, 0.537880 [0.395166/39.601980] [ 491/0.491660]
  0  15 200, 0.502553 [0.422052/39.551056] [ 541/0.491660]
  0  15 250, 0.529096 [0.365668/39.496081] [ 591/0.491660]
  0  15 300, 0.521701 [0.428985/39.442840] [ 641/0.491660]
  0  15 350, 0.527918 [0.349901/39.380966] [ 691/0.491660]
Epoch 15 done. Evaluation:
(41215, 50000)
(7187, 10000)
  0  16  50, 0.510118 [0.333341/39.287758] [ 782/0.491660]
  0  16 100, 0.524534 [0.401638/39.237359] [ 832/0.491660]
  0  16 150, 0.497716 [0.405029/39.189796] [ 882/0.491660]
  0  16 200, 0.514009 [0.372043/39.139200] [ 932/0.491660]
  0  16 250, 0.518594 [0.390392/39.089148] [ 982/0.491660]
  0  16 300, 0.486622 [0.293588/39.029915] [   0/0.486622]
  0  16 350, 0.543071 [0.375175/38.978605] [  50/0.486622]
Epoch 16 done. Evaluation:
(41221, 50000)
(7212, 10000)
  0  17  50, 0.485732 [0.449920/38.892991] [   0/0.485732]
  0  17 100, 0.500902 [0.342735/38.841834] [  50/0.485732]
  0  17 150, 0.519105 [0.314341/38.793811] [ 100/0.485732]
  0  17 200, 0.517702 [0.401933/38.746338] [ 150/0.485732]
  0  17 250, 0.534537 [0.413568/38.696850] [ 200/0.485732]
  0  17 300, 0.499423 [0.372835/38.650059] [ 250/0.485732]
  0  17 350, 0.531377 [0.342412/38.602337] [ 300/0.485732]
Epoch 17 done. Evaluation:
(41232, 50000)
(7575, 10000)
  0  18  50, 0.489883 [0.428259/38.515643] [ 391/0.485732]
  0  18 100, 0.507119 [0.449609/38.475782] [ 441/0.485732]
  0  18 150, 0.506565 [0.396332/38.429747] [ 491/0.485732]
  0  18 200, 0.512831 [0.413347/38.388691] [ 541/0.485732]
  0  18 250, 0.522218 [0.396472/38.346109] [ 591/0.485732]
  0  18 300, 0.521953 [0.446895/38.297728] [ 641/0.485732]
  0  18 350, 0.513485 [0.351442/38.254947] [ 691/0.485732]
Epoch 18 done. Evaluation:
(41408, 50000)
(7005, 10000)
  0  19  50, 0.480088 [0.391049/38.173723] [   0/0.480088]
  0  19 100, 0.483588 [0.371418/38.132048] [  50/0.480088]
  0  19 150, 0.493091 [0.408190/38.094507] [ 100/0.480088]
  0  19 200, 0.496944 [0.360171/38.049327] [ 150/0.480088]
  0  19 250, 0.514092 [0.353240/38.005487] [ 200/0.480088]
  0  19 300, 0.504250 [0.306986/37.958236] [ 250/0.480088]
  0  19 350, 0.514825 [0.445683/37.912013] [ 300/0.480088]
Epoch 19 done. Evaluation:
(41539, 50000)
(7490, 10000)
  1   0  50, 0.388544 [0.202820/37.835910] [   0/0.388544]
  1   0 100, 0.350576 [0.214058/37.795995] [   0/0.350576]
  1   0 150, 0.351257 [0.175284/37.756946] [  50/0.350576]
  1   0 200, 0.358534 [0.196132/37.720311] [ 100/0.350576]
  1   0 250, 0.377999 [0.190254/37.684749] [ 150/0.350576]
  1   0 300, 0.367067 [0.190443/37.650705] [ 200/0.350576]
  1   0 350, 0.390476 [0.230068/37.618349] [ 250/0.350576]
Epoch 0 done. Evaluation:
(43773, 50000)
(8237, 10000)
  1   1  50, 0.337222 [0.205984/37.560793] [   0/0.337222]
  1   1 100, 0.361017 [0.246811/37.531932] [  50/0.337222]
  1   1 150, 0.362837 [0.204422/37.502094] [ 100/0.337222]
  1   1 200, 0.388223 [0.236034/37.473545] [ 150/0.337222]
  1   1 250, 0.381922 [0.198391/37.445855] [ 200/0.337222]
  1   1 300, 0.376357 [0.249935/37.419574] [ 250/0.337222]
  1   1 350, 0.378538 [0.242477/37.391570] [ 300/0.337222]
Epoch 1 done. Evaluation:
(43716, 50000)
(7943, 10000)
  1   2  50, 0.321524 [0.191256/37.346248] [   0/0.321524]
  1   2 100, 0.366639 [0.187220/37.322232] [  50/0.321524]
  1   2 150, 0.367052 [0.294217/37.297775] [ 100/0.321524]
  1   2 200, 0.386043 [0.318959/37.274314] [ 150/0.321524]
  1   2 250, 0.377154 [0.216997/37.247174] [ 200/0.321524]
  1   2 300, 0.389684 [0.234414/37.221070] [ 250/0.321524]
  1   2 350, 0.390477 [0.225711/37.195653] [ 300/0.321524]
Epoch 2 done. Evaluation:
(43578, 50000)
(7913, 10000)
  1   3  50, 0.340497 [0.178573/37.149958] [ 391/0.321524]
  1   3 100, 0.364227 [0.231595/37.126349] [ 441/0.321524]
  1   3 150, 0.373923 [0.230784/37.102195] [ 491/0.321524]
  1   3 200, 0.370697 [0.243637/37.079407] [ 541/0.321524]
  1   3 250, 0.393444 [0.242764/37.055241] [ 591/0.321524]
  1   3 300, 0.395630 [0.286582/37.032095] [ 641/0.321524]
  1   3 350, 0.393359 [0.215495/37.007134] [ 691/0.321524]
Epoch 3 done. Evaluation:
(43576, 50000)
(7919, 10000)
  1   4  50, 0.357615 [0.220463/36.962979] [ 782/0.321524]
  1   4 100, 0.355779 [0.292114/36.940760] [ 832/0.321524]
  1   4 150, 0.365088 [0.198637/36.919105] [ 882/0.321524]
  1   4 200, 0.371386 [0.238181/36.896108] [ 932/0.321524]
  1   4 250, 0.377962 [0.214775/36.874606] [ 982/0.321524]
  1   4 300, 0.390107 [0.216220/36.849798] [1032/0.321524]
  1   4 350, 0.401998 [0.251853/36.825458] [1082/0.321524]
Epoch 4 done. Evaluation:
(43632, 50000)
(8010, 10000)
  1   5  50, 0.343170 [0.246275/36.783154] [1173/0.321524]
  1   5 100, 0.358474 [0.197331/36.760622] [1223/0.321524]
  1   5 150, 0.359467 [0.265702/36.740214] [1273/0.321524]
  1   5 200, 0.382650 [0.216242/36.720348] [1323/0.321524]
  1   5 250, 0.370844 [0.258002/36.699056] [1373/0.321524]
  1   5 300, 0.390605 [0.338454/36.677903] [1423/0.321524]
  1   5 350, 0.397634 [0.229511/36.655002] [1473/0.321524]
Epoch 5 done. Evaluation:
(43611, 50000)
(7691, 10000)
  1   6  50, 0.361922 [0.233271/36.619345] [1564/0.321524]
  1   6 100, 0.356285 [0.186678/36.598950] [1614/0.321524]
  1   6 150, 0.363228 [0.243946/36.579363] [1664/0.321524]
  1   6 200, 0.379077 [0.232421/36.557152] [1714/0.321524]
  1   6 250, 0.373327 [0.200544/36.534318] [1764/0.321524]
  1   6 300, 0.370283 [0.312026/36.513197] [1814/0.321524]
  1   6 350, 0.403295 [0.276187/36.494240] [1864/0.321524]
Epoch 6 done. Evaluation:
(43667, 50000)
(8016, 10000)
  1   7  50, 0.332757 [0.242173/36.453222] [1955/0.321524]
  1   7 100, 0.346031 [0.252591/36.433333] [2005/0.321524]
  1   7 150, 0.372832 [0.269554/36.415944] [2055/0.321524]
  1   7 200, 0.395973 [0.254881/36.397216] [2105/0.321524]
  1   7 250, 0.386187 [0.283661/36.376117] [2155/0.321524]
  1   7 300, 0.408558 [0.261340/36.354956] [2205/0.321524]
  1   7 350, 0.343880 [0.240061/36.331322] [2255/0.321524]
Epoch 7 done. Evaluation:
(43647, 50000)
(8008, 10000)
  1   8  50, 0.322211 [0.227388/36.294614] [2346/0.321524]
  1   8 100, 0.364765 [0.214361/36.276295] [2396/0.321524]
  1   8 150, 0.365306 [0.225470/36.259549] [2446/0.321524]
  1   8 200, 0.370822 [0.227982/36.236271] [2496/0.321524]
  1   8 250, 0.379549 [0.262025/36.215422] [2546/0.321524]
  1   8 300, 0.366876 [0.215519/36.193796] [2596/0.321524]
  1   8 350, 0.385117 [0.241214/36.173032] [2646/0.321524]
Epoch 8 done. Evaluation:
(43833, 50000)
(7539, 10000)
  1   9  50, 0.336836 [0.240481/36.135757] [2737/0.321524]
  1   9 100, 0.361486 [0.219144/36.117802] [2787/0.321524]
  1   9 150, 0.362363 [0.310317/36.097735] [2837/0.321524]
  1   9 200, 0.367950 [0.240474/36.079254] [2887/0.321524]
  1   9 250, 0.373600 [0.275978/36.061163] [2937/0.321524]
  1   9 300, 0.350237 [0.268363/36.041805] [2987/0.321524]
  1   9 350, 0.379365 [0.312911/36.021929] [3037/0.321524]
Epoch 9 done. Evaluation:
(43781, 50000)
(8050, 10000)
  1  10  50, 0.338303 [0.278784/35.985591] [3128/0.321524]
  1  10 100, 0.347960 [0.267058/35.965344] [3178/0.321524]
  1  10 150, 0.358275 [0.225560/35.944872] [3228/0.321524]
  1  10 200, 0.350636 [0.262300/35.925202] [3278/0.321524]
  1  10 250, 0.376909 [0.258320/35.905533] [3328/0.321524]
  1  10 300, 0.365840 [0.223170/35.885057] [3378/0.321524]
  1  10 350, 0.375353 [0.281704/35.867046] [3428/0.321524]
Epoch 10 done. Evaluation:
(43907, 50000)
(7934, 10000)
  1  11  50, 0.331186 [0.229945/35.829665] [3519/0.321524]
  1  11 100, 0.331128 [0.254396/35.811370] [3569/0.321524]
  1  11 150, 0.357084 [0.287494/35.793124] [3619/0.321524]
  1  11 200, 0.369270 [0.263819/35.774457] [3669/0.321524]
  1  11 250, 0.357142 [0.176845/35.753948] [3719/0.321524]
  1  11 300, 0.399631 [0.269528/35.734123] [3769/0.321524]
  1  11 350, 0.356004 [0.213935/35.713617] [3819/0.321524]
Epoch 11 done. Evaluation:
(43873, 50000)
(7831, 10000)
  1  12  50, 0.332775 [0.243239/35.682217] [3910/0.321524]
  1  12 100, 0.342756 [0.260060/35.664754] [3960/0.321524]
  1  12 150, 0.341861 [0.277449/35.645878] [4010/0.321524]
  1  12 200, 0.355470 [0.301983/35.626116] [4060/0.321524]
  1  12 250, 0.364576 [0.247885/35.605795] [4110/0.321524]
  1  12 300, 0.372991 [0.312981/35.590019] [4160/0.321524]
  1  12 350, 0.376712 [0.252124/35.570270] [4210/0.321524]
Epoch 12 done. Evaluation:
(44004, 50000)
(7592, 10000)
  1  13  50, 0.330237 [0.244482/35.534143] [4301/0.321524]
  1  13 100, 0.318178 [0.292966/35.514520] [   0/0.318178]
  1  13 150, 0.338936 [0.267348/35.499240] [  50/0.318178]
  1  13 200, 0.369148 [0.245821/35.483552] [ 100/0.318178]
  1  13 250, 0.344289 [0.280077/35.462553] [ 150/0.318178]
  1  13 300, 0.347068 [0.192941/35.443745] [ 200/0.318178]
  1  13 350, 0.374858 [0.264291/35.425037] [ 250/0.318178]
Epoch 13 done. Evaluation:
(44135, 50000)
(7390, 10000)
  1  14  50, 0.335958 [0.236981/35.392350] [ 341/0.318178]
  1  14 100, 0.340950 [0.240478/35.374004] [ 391/0.318178]
  1  14 150, 0.353641 [0.279776/35.355331] [ 441/0.318178]
  1  14 200, 0.356574 [0.301873/35.337434] [ 491/0.318178]
  1  14 250, 0.357187 [0.184210/35.319517] [ 541/0.318178]
  1  14 300, 0.356499 [0.266863/35.299619] [ 591/0.318178]
  1  14 350, 0.369231 [0.215003/35.280879] [ 641/0.318178]
Epoch 14 done. Evaluation:
(43996, 50000)
(7836, 10000)
  1  15  50, 0.307913 [0.255679/35.246075] [   0/0.307913]
  1  15 100, 0.343036 [0.324708/35.230807] [  50/0.307913]
  1  15 150, 0.338421 [0.286961/35.214035] [ 100/0.307913]
  1  15 200, 0.370099 [0.237591/35.196703] [ 150/0.307913]
  1  15 250, 0.350709 [0.234392/35.176213] [ 200/0.307913]
  1  15 300, 0.349579 [0.294676/35.157090] [ 250/0.307913]
  1  15 350, 0.356986 [0.196656/35.134592] [ 300/0.307913]
Epoch 15 done. Evaluation:
(44054, 50000)
(7834, 10000)
  1  16  50, 0.315636 [0.299020/35.100461] [ 391/0.307913]
  1  16 100, 0.339363 [0.301053/35.083093] [ 441/0.307913]
  1  16 150, 0.341605 [0.201780/35.066340] [ 491/0.307913]
  1  16 200, 0.343105 [0.181886/35.049172] [ 541/0.307913]
  1  16 250, 0.343140 [0.313977/35.030865] [ 591/0.307913]
  1  16 300, 0.348824 [0.240095/35.011881] [ 641/0.307913]
  1  16 350, 0.378219 [0.289593/34.994181] [ 691/0.307913]
Epoch 16 done. Evaluation:
(44104, 50000)
(7837, 10000)
  1  17  50, 0.314334 [0.275488/34.959322] [ 782/0.307913]
  1  17 100, 0.337919 [0.332760/34.940469] [ 832/0.307913]
  1  17 150, 0.355338 [0.247733/34.925260] [ 882/0.307913]
  1  17 200, 0.321479 [0.291068/34.908837] [ 932/0.307913]
  1  17 250, 0.356397 [0.188522/34.890640] [ 982/0.307913]
  1  17 300, 0.352040 [0.281478/34.873843] [1032/0.307913]
  1  17 350, 0.356180 [0.233292/34.855604] [1082/0.307913]
Epoch 17 done. Evaluation:
(44137, 50000)
(8142, 10000)
  1  18  50, 0.306011 [0.236522/34.820850] [   0/0.306011]
  1  18 100, 0.338538 [0.250728/34.803749] [  50/0.306011]
  1  18 150, 0.330450 [0.225770/34.785528] [ 100/0.306011]
  1  18 200, 0.363014 [0.248898/34.766237] [ 150/0.306011]
  1  18 250, 0.351988 [0.265634/34.747139] [ 200/0.306011]
  1  18 300, 0.344608 [0.272448/34.727603] [ 250/0.306011]
  1  18 350, 0.366818 [0.251843/34.710390] [ 300/0.306011]
Epoch 18 done. Evaluation:
(44099, 50000)
(8102, 10000)
  1  19  50, 0.305782 [0.243051/34.677259] [   0/0.305782]
  1  19 100, 0.322289 [0.195762/34.659447] [  50/0.305782]
  1  19 150, 0.329707 [0.241979/34.640110] [ 100/0.305782]
  1  19 200, 0.348049 [0.279629/34.624259] [ 150/0.305782]
  1  19 250, 0.344566 [0.279015/34.605748] [ 200/0.305782]
  1  19 300, 0.344783 [0.276206/34.584683] [ 250/0.305782]
  1  19 350, 0.354696 [0.267332/34.566407] [ 300/0.305782]
Epoch 19 done. Evaluation:
(44259, 50000)
(8285, 10000)
  2   0  50, 0.240805 [0.105046/34.531998] [   0/0.240805]
  2   0 100, 0.221744 [0.129779/34.512910] [   0/0.221744]
  2   0 150, 0.231677 [0.124609/34.494862] [  50/0.221744]
  2   0 200, 0.232574 [0.110271/34.477298] [ 100/0.221744]
  2   0 250, 0.230723 [0.080840/34.460555] [ 150/0.221744]
  2   0 300, 0.240000 [0.168852/34.444000] [ 200/0.221744]
  2   0 350, 0.234260 [0.111577/34.427833] [ 250/0.221744]
Epoch 0 done. Evaluation:
(46158, 50000)
(8458, 10000)
  2   1  50, 0.199625 [0.115574/34.397590] [   0/0.199625]
  2   1 100, 0.213018 [0.140314/34.382295] [  50/0.199625]
  2   1 150, 0.218342 [0.107246/34.367115] [ 100/0.199625]
  2   1 200, 0.215060 [0.121262/34.352099] [ 150/0.199625]
  2   1 250, 0.224571 [0.173037/34.337736] [ 200/0.199625]
  2   1 300, 0.225687 [0.116848/34.323559] [ 250/0.199625]
  2   1 350, 0.241149 [0.125419/34.309271] [ 300/0.199625]
Epoch 1 done. Evaluation:
(46235, 50000)
(8305, 10000)
  2   2  50, 0.211084 [0.091229/34.286127] [ 391/0.199625]
  2   2 100, 0.202443 [0.117496/34.272910] [ 441/0.199625]
  2   2 150, 0.216695 [0.118642/34.259099] [ 491/0.199625]
  2   2 200, 0.220096 [0.148722/34.246023] [ 541/0.199625]
  2   2 250, 0.214476 [0.160159/34.232426] [ 591/0.199625]
  2   2 300, 0.247881 [0.132481/34.219962] [ 641/0.199625]
  2   2 350, 0.241476 [0.135689/34.207381] [ 691/0.199625]
Epoch 2 done. Evaluation:
(46212, 50000)
(8404, 10000)
  2   3  50, 0.207791 [0.155100/34.183740] [ 782/0.199625]
  2   3 100, 0.209376 [0.151284/34.171582] [ 832/0.199625]
  2   3 150, 0.209658 [0.195658/34.159729] [ 882/0.199625]
  2   3 200, 0.230749 [0.146342/34.148206] [ 932/0.199625]
  2   3 250, 0.225067 [0.130545/34.135798] [ 982/0.199625]
  2   3 300, 0.236392 [0.134909/34.123615] [1032/0.199625]
  2   3 350, 0.238721 [0.181594/34.112902] [1082/0.199625]
Epoch 3 done. Evaluation:
(46158, 50000)
(8472, 10000)
  2   4  50, 0.214015 [0.137901/34.091316] [1173/0.199625]
  2   4 100, 0.225002 [0.175442/34.079139] [1223/0.199625]
  2   4 150, 0.213688 [0.157084/34.066635] [1273/0.199625]
  2   4 200, 0.225013 [0.194435/34.056229] [1323/0.199625]
  2   4 250, 0.240921 [0.209370/34.046164] [1373/0.199625]
  2   4 300, 0.239106 [0.122855/34.035507] [1423/0.199625]
  2   4 350, 0.238229 [0.174997/34.023652] [1473/0.199625]
Epoch 4 done. Evaluation:
(46131, 50000)
(8444, 10000)
  2   5  50, 0.211310 [0.123540/34.003638] [1564/0.199625]
  2   5 100, 0.223774 [0.120190/33.993600] [1614/0.199625]
  2   5 150, 0.227938 [0.175126/33.983671] [1664/0.199625]
  2   5 200, 0.243745 [0.148631/33.972338] [1714/0.199625]
  2   5 250, 0.244164 [0.153828/33.961995] [1764/0.199625]
  2   5 300, 0.252928 [0.162625/33.951142] [1814/0.199625]
  2   5 350, 0.253112 [0.178530/33.940332] [1864/0.199625]
Epoch 5 done. Evaluation:
(45942, 50000)
(8028, 10000)
  2   6  50, 0.200437 [0.149105/33.918797] [1955/0.199625]
  2   6 100, 0.217005 [0.147629/33.907701] [2005/0.199625]
  2   6 150, 0.224655 [0.121798/33.897712] [2055/0.199625]
  2   6 200, 0.242193 [0.165864/33.887650] [2105/0.199625]
  2   6 250, 0.230539 [0.118351/33.875671] [2155/0.199625]
  2   6 300, 0.253400 [0.153724/33.865209] [2205/0.199625]
  2   6 350, 0.246778 [0.189277/33.854655] [2255/0.199625]
Epoch 6 done. Evaluation:
(46057, 50000)
(8094, 10000)
  2   7  50, 0.201925 [0.145254/33.835493] [2346/0.199625]
  2   7 100, 0.236360 [0.196981/33.825725] [2396/0.199625]
  2   7 150, 0.231878 [0.156564/33.815199] [2446/0.199625]
  2   7 200, 0.219279 [0.189468/33.804191] [2496/0.199625]
  2   7 250, 0.258026 [0.147197/33.794223] [2546/0.199625]
  2   7 300, 0.245758 [0.174955/33.784166] [2596/0.199625]
  2   7 350, 0.243218 [0.142242/33.774184] [2646/0.199625]
Epoch 7 done. Evaluation:
(46022, 50000)
(8336, 10000)
  2   8  50, 0.221680 [0.160235/33.753637] [2737/0.199625]
  2   8 100, 0.210608 [0.163288/33.742522] [2787/0.199625]
  2   8 150, 0.235320 [0.112144/33.733068] [2837/0.199625]
  2   8 200, 0.231993 [0.203214/33.722904] [2887/0.199625]
  2   8 250, 0.240691 [0.141398/33.712433] [2937/0.199625]
  2   8 300, 0.240451 [0.219565/33.702829] [2987/0.199625]
  2   8 350, 0.249476 [0.190049/33.693911] [3037/0.199625]
Epoch 8 done. Evaluation:
(45995, 50000)
(8393, 10000)
  2   9  50, 0.202762 [0.183584/33.673765] [3128/0.199625]
  2   9 100, 0.226958 [0.148758/33.663017] [3178/0.199625]
  2   9 150, 0.225521 [0.163092/33.652047] [3228/0.199625]
  2   9 200, 0.236542 [0.160700/33.643025] [3278/0.199625]
  2   9 250, 0.228026 [0.160340/33.634625] [3328/0.199625]
  2   9 300, 0.253841 [0.141196/33.624991] [3378/0.199625]
  2   9 350, 0.248439 [0.190253/33.614235] [3428/0.199625]
Epoch 9 done. Evaluation:
(46048, 50000)
(8490, 10000)
  2  10  50, 0.188729 [0.181863/33.593913] [   0/0.188729]
  2  10 100, 0.198893 [0.125125/33.583664] [  50/0.188729]
  2  10 150, 0.219700 [0.182050/33.574082] [ 100/0.188729]
  2  10 200, 0.233028 [0.198713/33.564851] [ 150/0.188729]
  2  10 250, 0.253511 [0.154760/33.555723] [ 200/0.188729]
  2  10 300, 0.257542 [0.183112/33.546851] [ 250/0.188729]
  2  10 350, 0.238306 [0.153676/33.537067] [ 300/0.188729]
Epoch 10 done. Evaluation:
(45984, 50000)
(8492, 10000)
  2  11  50, 0.220419 [0.127121/33.519159] [ 391/0.188729]
  2  11 100, 0.231054 [0.169239/33.510107] [ 441/0.188729]
  2  11 150, 0.218341 [0.194606/33.500505] [ 491/0.188729]
  2  11 200, 0.232617 [0.170769/33.490663] [ 541/0.188729]
  2  11 250, 0.234429 [0.152707/33.481148] [ 591/0.188729]
  2  11 300, 0.219995 [0.180446/33.469093] [ 641/0.188729]
  2  11 350, 0.245268 [0.212127/33.458969] [ 691/0.188729]
Epoch 11 done. Evaluation:
(46050, 50000)
(8360, 10000)
  2  12  50, 0.212034 [0.154290/33.441136] [ 782/0.188729]
  2  12 100, 0.215076 [0.120897/33.432181] [ 832/0.188729]
  2  12 150, 0.241115 [0.222575/33.423311] [ 882/0.188729]
  2  12 200, 0.223051 [0.175392/33.412033] [ 932/0.188729]
  2  12 250, 0.235410 [0.129687/33.402555] [ 982/0.188729]
  2  12 300, 0.261575 [0.194638/33.393349] [1032/0.188729]
  2  12 350, 0.246048 [0.124690/33.384112] [1082/0.188729]
Epoch 12 done. Evaluation:
(46016, 50000)
(8465, 10000)
  2  13  50, 0.194837 [0.176165/33.365223] [1173/0.188729]
  2  13 100, 0.218857 [0.148805/33.354764] [1223/0.188729]
  2  13 150, 0.232797 [0.145848/33.345132] [1273/0.188729]
  2  13 200, 0.239055 [0.128361/33.336545] [1323/0.188729]
  2  13 250, 0.230236 [0.246415/33.327610] [1373/0.188729]
  2  13 300, 0.233135 [0.171997/33.317482] [1423/0.188729]
  2  13 350, 0.268815 [0.154979/33.308873] [1473/0.188729]
Epoch 13 done. Evaluation:
(46028, 50000)
(8076, 10000)
  2  14  50, 0.202104 [0.118093/33.289982] [1564/0.188729]
  2  14 100, 0.225960 [0.176214/33.280534] [1614/0.188729]
  2  14 150, 0.230119 [0.143935/33.272096] [1664/0.188729]
  2  14 200, 0.232015 [0.134200/33.262235] [1714/0.188729]
  2  14 250, 0.236148 [0.168035/33.252655] [1764/0.188729]
  2  14 300, 0.243821 [0.189235/33.242228] [1814/0.188729]
  2  14 350, 0.255341 [0.168226/33.233109] [1864/0.188729]
Epoch 14 done. Evaluation:
(45966, 50000)
(8533, 10000)
  2  15  50, 0.193638 [0.149200/33.214514] [1955/0.188729]
  2  15 100, 0.210672 [0.123525/33.204692] [2005/0.188729]
  2  15 150, 0.221295 [0.153173/33.195843] [2055/0.188729]
  2  15 200, 0.231514 [0.156360/33.187005] [2105/0.188729]
  2  15 250, 0.242310 [0.180430/33.180661] [2155/0.188729]
  2  15 300, 0.240165 [0.188359/33.171187] [2205/0.188729]
  2  15 350, 0.228380 [0.137655/33.161360] [2255/0.188729]
Epoch 15 done. Evaluation:
(46114, 50000)
(7918, 10000)
  2  16  50, 0.216223 [0.212430/33.142647] [2346/0.188729]
  2  16 100, 0.211862 [0.183327/33.133329] [2396/0.188729]
  2  16 150, 0.224786 [0.111703/33.124411] [2446/0.188729]
  2  16 200, 0.240783 [0.154542/33.116889] [2496/0.188729]
  2  16 250, 0.247408 [0.137892/33.109070] [2546/0.188729]
  2  16 300, 0.243634 [0.121038/33.098547] [2596/0.188729]
  2  16 350, 0.247383 [0.165343/33.089440] [2646/0.188729]
Epoch 16 done. Evaluation:
(46049, 50000)
(8186, 10000)
  2  17  50, 0.193370 [0.148921/33.069228] [2737/0.188729]
  2  17 100, 0.221758 [0.128190/33.059959] [2787/0.188729]
  2  17 150, 0.210135 [0.119734/33.050368] [2837/0.188729]
  2  17 200, 0.222041 [0.189705/33.040186] [2887/0.188729]
  2  17 250, 0.222977 [0.184132/33.031419] [2937/0.188729]
  2  17 300, 0.248693 [0.201454/33.024386] [2987/0.188729]
  2  17 350, 0.239076 [0.161668/33.015498] [3037/0.188729]
Epoch 17 done. Evaluation:
(46161, 50000)
(8382, 10000)
  2  18  50, 0.195820 [0.105882/32.995292] [3128/0.188729]
  2  18 100, 0.201384 [0.157069/32.985925] [3178/0.188729]
  2  18 150, 0.224162 [0.168517/32.976828] [3228/0.188729]
  2  18 200, 0.235426 [0.147065/32.968267] [3278/0.188729]
  2  18 250, 0.213842 [0.189376/32.958034] [3328/0.188729]
  2  18 300, 0.242891 [0.212548/32.949589] [3378/0.188729]
  2  18 350, 0.272514 [0.196322/32.939881] [3428/0.188729]
Epoch 18 done. Evaluation:
(46108, 50000)
(8089, 10000)
  2  19  50, 0.191162 [0.130254/32.921891] [3519/0.188729]
  2  19 100, 0.190664 [0.119573/32.912712] [3569/0.188729]
  2  19 150, 0.214282 [0.223247/32.905215] [3619/0.188729]
  2  19 200, 0.246205 [0.151168/32.896158] [3669/0.188729]
  2  19 250, 0.224312 [0.221778/32.886789] [3719/0.188729]
  2  19 300, 0.232849 [0.242819/32.879273] [3769/0.188729]
  2  19 350, 0.233557 [0.155972/32.870086] [3819/0.188729]
Epoch 19 done. Evaluation:
(46238, 50000)
(8193, 10000)
  3   0  50, 0.170582 [0.076091/32.853164] [   0/0.170582]
  3   0 100, 0.151677 [0.055746/32.843171] [   0/0.151677]
  3   0 150, 0.132653 [0.112963/32.833170] [   0/0.132653]
  3   0 200, 0.125335 [0.078663/32.823648] [   0/0.125335]
  3   0 250, 0.136527 [0.085030/32.814069] [  50/0.125335]
  3   0 300, 0.133006 [0.071143/32.804831] [ 100/0.125335]
  3   0 350, 0.145292 [0.077165/32.796175] [ 150/0.125335]
Epoch 0 done. Evaluation:
(47658, 50000)
(8618, 10000)
  3   1  50, 0.103420 [0.061318/32.779540] [   0/0.103420]
  3   1 100, 0.108978 [0.084374/32.770452] [  50/0.103420]
  3   1 150, 0.101476 [0.081753/32.761256] [   0/0.101476]
  3   1 200, 0.115803 [0.056458/32.752673] [  50/0.101476]
  3   1 250, 0.127734 [0.090230/32.744435] [ 100/0.101476]
  3   1 300, 0.132233 [0.099435/32.736037] [ 150/0.101476]
  3   1 350, 0.131332 [0.066071/32.727681] [ 200/0.101476]
Epoch 1 done. Evaluation:
(48048, 50000)
(8589, 10000)
  3   2  50, 0.092986 [0.049079/32.712045] [   0/0.092986]
  3   2 100, 0.111829 [0.095711/32.704129] [  50/0.092986]
  3   2 150, 0.093649 [0.073968/32.695542] [ 100/0.092986]
  3   2 200, 0.106286 [0.123608/32.687713] [ 150/0.092986]
  3   2 250, 0.112604 [0.095864/32.680155] [ 200/0.092986]
  3   2 300, 0.123371 [0.096790/32.672827] [ 250/0.092986]
  3   2 350, 0.128424 [0.086911/32.665313] [ 300/0.092986]
Epoch 2 done. Evaluation:
(48182, 50000)
(8548, 10000)
  3   3  50, 0.093324 [0.081262/32.650850] [ 391/0.092986]
  3   3 100, 0.102374 [0.094131/32.643334] [ 441/0.092986]
  3   3 150, 0.105260 [0.104509/32.636304] [ 491/0.092986]
  3   3 200, 0.115716 [0.040133/32.629009] [ 541/0.092986]
  3   3 250, 0.119990 [0.087324/32.621831] [ 591/0.092986]
  3   3 300, 0.116495 [0.103785/32.614990] [ 641/0.092986]
  3   3 350, 0.125361 [0.060221/32.607931] [ 691/0.092986]
Epoch 3 done. Evaluation:
(48144, 50000)
(8573, 10000)
  3   4  50, 0.100168 [0.084202/32.594595] [ 782/0.092986]
  3   4 100, 0.095512 [0.060477/32.586783] [ 832/0.092986]
  3   4 150, 0.108559 [0.063245/32.580009] [ 882/0.092986]
  3   4 200, 0.119187 [0.054165/32.573077] [ 932/0.092986]
  3   4 250, 0.138675 [0.079399/32.567001] [ 982/0.092986]
  3   4 300, 0.131250 [0.118783/32.560505] [1032/0.092986]
  3   4 350, 0.136374 [0.073741/32.553723] [1082/0.092986]
Epoch 4 done. Evaluation:
(47999, 50000)
(8440, 10000)
  3   5  50, 0.103331 [0.057877/32.540945] [1173/0.092986]
  3   5 100, 0.108793 [0.087038/32.534170] [1223/0.092986]
  3   5 150, 0.123113 [0.110861/32.528203] [1273/0.092986]
  3   5 200, 0.133237 [0.108981/32.522368] [1323/0.092986]
  3   5 250, 0.129481 [0.097329/32.516430] [1373/0.092986]
  3   5 300, 0.139117 [0.105514/32.510205] [1423/0.092986]
  3   5 350, 0.114979 [0.083518/32.503466] [1473/0.092986]
Epoch 5 done. Evaluation:
(47927, 50000)
(8615, 10000)
  3   6  50, 0.108695 [0.077857/32.491542] [1564/0.092986]
  3   6 100, 0.111857 [0.078926/32.484821] [1614/0.092986]
  3   6 150, 0.121150 [0.096296/32.478389] [1664/0.092986]
  3   6 200, 0.138335 [0.137456/32.473076] [1714/0.092986]
  3   6 250, 0.146753 [0.114178/32.467230] [1764/0.092986]
  3   6 300, 0.154403 [0.088715/32.461837] [1814/0.092986]
  3   6 350, 0.130514 [0.074133/32.455703] [1864/0.092986]
Epoch 6 done. Evaluation:
(47773, 50000)
(8490, 10000)
  3   7  50, 0.100434 [0.108609/32.444093] [1955/0.092986]
  3   7 100, 0.098437 [0.134237/32.436946] [2005/0.092986]
  3   7 150, 0.131002 [0.106595/32.430601] [2055/0.092986]
  3   7 200, 0.130598 [0.066566/32.424699] [2105/0.092986]
  3   7 250, 0.144398 [0.098194/32.419860] [2155/0.092986]
  3   7 300, 0.129888 [0.090825/32.413420] [2205/0.092986]
  3   7 350, 0.145249 [0.108703/32.407698] [2255/0.092986]
Epoch 7 done. Evaluation:
(47840, 50000)
(8306, 10000)
  3   8  50, 0.107577 [0.095168/32.396628] [2346/0.092986]
  3   8 100, 0.104209 [0.064620/32.389802] [2396/0.092986]
  3   8 150, 0.118069 [0.066947/32.383777] [2446/0.092986]
  3   8 200, 0.134169 [0.101306/32.378754] [2496/0.092986]
  3   8 250, 0.129949 [0.105704/32.372726] [2546/0.092986]
  3   8 300, 0.141498 [0.101137/32.367237] [2596/0.092986]
  3   8 350, 0.152965 [0.095695/32.361891] [2646/0.092986]
Epoch 8 done. Evaluation:
(47795, 50000)
(8501, 10000)
  3   9  50, 0.106907 [0.099659/32.351362] [2737/0.092986]
  3   9 100, 0.126996 [0.099606/32.345704] [2787/0.092986]
  3   9 150, 0.129997 [0.134503/32.340210] [2837/0.092986]
  3   9 200, 0.129120 [0.121297/32.334618] [2887/0.092986]
  3   9 250, 0.146463 [0.103812/32.329069] [2937/0.092986]
  3   9 300, 0.143133 [0.096330/32.323309] [2987/0.092986]
  3   9 350, 0.163896 [0.129633/32.317965] [3037/0.092986]
Epoch 9 done. Evaluation:
(47669, 50000)
(8594, 10000)
  3  10  50, 0.114573 [0.093614/32.306273] [3128/0.092986]
  3  10 100, 0.121185 [0.086938/32.299936] [3178/0.092986]
  3  10 150, 0.131851 [0.074479/32.294435] [3228/0.092986]
  3  10 200, 0.128114 [0.108934/32.288781] [3278/0.092986]
  3  10 250, 0.138707 [0.123139/32.283274] [3328/0.092986]
  3  10 300, 0.146281 [0.086445/32.277794] [3378/0.092986]
  3  10 350, 0.156373 [0.087425/32.273228] [3428/0.092986]
Epoch 10 done. Evaluation:
(47684, 50000)
(8390, 10000)
  3  11  50, 0.117769 [0.108441/32.262866] [3519/0.092986]
  3  11 100, 0.118154 [0.076385/32.256734] [3569/0.092986]
  3  11 150, 0.113202 [0.155278/32.251015] [3619/0.092986]
  3  11 200, 0.152293 [0.100715/32.246123] [3669/0.092986]
  3  11 250, 0.141569 [0.104041/32.240304] [3719/0.092986]
  3  11 300, 0.151087 [0.117210/32.235189] [3769/0.092986]
  3  11 350, 0.137499 [0.096994/32.229901] [3819/0.092986]
Epoch 11 done. Evaluation:
(47711, 50000)
(8569, 10000)
  3  12  50, 0.108203 [0.116436/32.219601] [3910/0.092986]
  3  12 100, 0.125530 [0.094105/32.214132] [3960/0.092986]
  3  12 150, 0.126536 [0.081156/32.208445] [4010/0.092986]
  3  12 200, 0.141656 [0.140767/32.203234] [4060/0.092986]
  3  12 250, 0.135505 [0.078712/32.198042] [4110/0.092986]
  3  12 300, 0.143002 [0.112961/32.193232] [4160/0.092986]
  3  12 350, 0.151180 [0.125351/32.188316] [4210/0.092986]
Epoch 12 done. Evaluation:
(47699, 50000)
(8164, 10000)
  3  13  50, 0.110636 [0.119794/32.177979] [4301/0.092986]
  3  13 100, 0.114362 [0.081184/32.171826] [4351/0.092986]
  3  13 150, 0.135459 [0.055462/32.166505] [4401/0.092986]
  3  13 200, 0.142814 [0.087484/32.161730] [4451/0.092986]
  3  13 250, 0.139750 [0.097280/32.156484] [4501/0.092986]
  3  13 300, 0.138496 [0.104862/32.151233] [4551/0.092986]
  3  13 350, 0.156874 [0.112544/32.146699] [4601/0.092986]
Epoch 13 done. Evaluation:
(47710, 50000)
(8534, 10000)
  3  14  50, 0.116859 [0.109805/32.135576] [4692/0.092986]
  3  14 100, 0.123465 [0.080621/32.129600] [4742/0.092986]
  3  14 150, 0.133039 [0.079187/32.123933] [4792/0.092986]
  3  14 200, 0.125026 [0.114323/32.118298] [4842/0.092986]
  3  14 250, 0.142287 [0.125201/32.113454] [4892/0.092986]
  3  14 300, 0.142382 [0.072800/32.108322] [4942/0.092986]
  3  14 350, 0.149385 [0.109085/32.103531] [4992/0.092986]
Epoch 14 done. Evaluation:
(47712, 50000)
(8546, 10000)
  3  15  50, 0.109466 [0.109528/32.092617] [5083/0.092986]
  3  15 100, 0.134785 [0.106555/32.087007] [5133/0.092986]
  3  15 150, 0.134162 [0.085274/32.081957] [5183/0.092986]
  3  15 200, 0.146910 [0.088290/32.077259] [5233/0.092986]
  3  15 250, 0.139732 [0.118975/32.071857] [5283/0.092986]
  3  15 300, 0.145666 [0.095611/32.066882] [5333/0.092986]
  3  15 350, 0.149732 [0.108833/32.061801] [5383/0.092986]
Epoch 15 done. Evaluation:
(47569, 50000)
(8121, 10000)
  3  16  50, 0.125294 [0.062120/32.052275] [5474/0.092986]
  3  16 100, 0.119691 [0.097497/32.046267] [5524/0.092986]
  3  16 150, 0.113830 [0.114254/32.040441] [5574/0.092986]
  3  16 200, 0.128592 [0.094639/32.034227] [5624/0.092986]
  3  16 250, 0.137979 [0.115150/32.029652] [5674/0.092986]
  3  16 300, 0.148184 [0.130542/32.024676] [5724/0.092986]
  3  16 350, 0.162360 [0.112223/32.020195] [5774/0.092986]
Epoch 16 done. Evaluation:
(47749, 50000)
(8273, 10000)
  3  17  50, 0.123566 [0.104441/32.009975] [5865/0.092986]
  3  17 100, 0.122669 [0.093947/32.004510] [5915/0.092986]
  3  17 150, 0.131522 [0.047190/31.999519] [5965/0.092986]
  3  17 200, 0.135252 [0.084955/31.994323] [6015/0.092986]
  3  17 250, 0.139524 [0.103231/31.988813] [6065/0.092986]
  3  17 300, 0.136183 [0.097832/31.983555] [6115/0.092986]
  3  17 350, 0.152354 [0.084849/31.978853] [6165/0.092986]
Epoch 17 done. Evaluation:
(47697, 50000)
(8481, 10000)
  3  18  50, 0.115983 [0.094975/31.968782] [6256/0.092986]
  3  18 100, 0.120274 [0.104693/31.962825] [6306/0.092986]
  3  18 150, 0.132808 [0.089903/31.958173] [6356/0.092986]
  3  18 200, 0.137894 [0.138333/31.953792] [6406/0.092986]
  3  18 250, 0.137732 [0.100928/31.948705] [6456/0.092986]
  3  18 300, 0.139900 [0.122803/31.944221] [6506/0.092986]
  3  18 350, 0.175727 [0.114297/31.940513] [6556/0.092986]
Epoch 18 done. Evaluation:
(47645, 50000)
(8559, 10000)
  3  19  50, 0.114081 [0.106742/31.929235] [6647/0.092986]
  3  19 100, 0.113198 [0.081314/31.923656] [6697/0.092986]
  3  19 150, 0.143910 [0.127775/31.919024] [6747/0.092986]
  3  19 200, 0.121044 [0.108519/31.913212] [6797/0.092986]
  3  19 250, 0.141329 [0.094980/31.907966] [6847/0.092986]
  3  19 300, 0.144919 [0.125880/31.903461] [6897/0.092986]
  3  19 350, 0.151895 [0.132870/31.899159] [6947/0.092986]
Epoch 19 done. Evaluation:
(47703, 50000)
(8498, 10000)
  4   0  50, 0.087699 [0.030878/31.890097] [   0/0.087699]
  4   0 100, 0.085069 [0.021321/31.884984] [   0/0.085069]
  4   0 150, 0.077074 [0.053990/31.880027] [   0/0.077074]
  4   0 200, 0.071587 [0.023565/31.874981] [   0/0.071587]
  4   0 250, 0.069065 [0.036003/31.869958] [   0/0.069065]
  4   0 300, 0.075625 [0.052128/31.865099] [  50/0.069065]
  4   0 350, 0.075932 [0.057564/31.860429] [ 100/0.069065]
Epoch 0 done. Evaluation:
(48788, 50000)
(8763, 10000)
  4   1  50, 0.049951 [0.026450/31.851358] [   0/0.049951]
  4   1 100, 0.044950 [0.012716/31.846168] [   0/0.044950]
  4   1 150, 0.051148 [0.031198/31.841174] [  50/0.044950]
  4   1 200, 0.049236 [0.056745/31.836113] [ 100/0.044950]
  4   1 250, 0.054637 [0.013889/31.831326] [ 150/0.044950]
  4   1 300, 0.053449 [0.032653/31.826469] [ 200/0.044950]
  4   1 350, 0.048758 [0.019489/31.821565] [ 250/0.044950]
Epoch 1 done. Evaluation:
(49277, 50000)
(8704, 10000)
  4   2  50, 0.040395 [0.040630/31.812550] [   0/0.040395]
  4   2 100, 0.050416 [0.056228/31.807700] [  50/0.040395]
  4   2 150, 0.046329 [0.029531/31.802866] [ 100/0.040395]
  4   2 200, 0.045200 [0.026747/31.798074] [ 150/0.040395]
  4   2 250, 0.038233 [0.036316/31.793101] [   0/0.038233]
  4   2 300, 0.042069 [0.043383/31.788317] [  50/0.038233]
  4   2 350, 0.052469 [0.045525/31.783775] [ 100/0.038233]
Epoch 2 done. Evaluation:
(49331, 50000)
(8696, 10000)
  4   3  50, 0.039651 [0.011420/31.775050] [ 191/0.038233]
  4   3 100, 0.035336 [0.076168/31.770129] [   0/0.035336]
  4   3 150, 0.044289 [0.028825/31.765437] [  50/0.035336]
  4   3 200, 0.040028 [0.038177/31.760715] [ 100/0.035336]
  4   3 250, 0.044368 [0.058788/31.756146] [ 150/0.035336]
  4   3 300, 0.047164 [0.036045/31.751581] [ 200/0.035336]
  4   3 350, 0.047741 [0.041252/31.747046] [ 250/0.035336]
Epoch 3 done. Evaluation:
(49391, 50000)
(8754, 10000)
  4   4  50, 0.035709 [0.031384/31.738538] [ 341/0.035336]
  4   4 100, 0.044229 [0.023634/31.733905] [ 391/0.035336]
  4   4 150, 0.044326 [0.037191/31.729451] [ 441/0.035336]
  4   4 200, 0.042729 [0.024285/31.725042] [ 491/0.035336]
  4   4 250, 0.038200 [0.035323/31.720524] [ 541/0.035336]
  4   4 300, 0.046516 [0.033095/31.716126] [ 591/0.035336]
  4   4 350, 0.047603 [0.072837/31.711999] [ 641/0.035336]
Epoch 4 done. Evaluation:
(49342, 50000)
(8540, 10000)
  4   5  50, 0.037705 [0.029461/31.704385] [ 732/0.035336]
  4   5 100, 0.047548 [0.027943/31.700005] [ 782/0.035336]
  4   5 150, 0.038776 [0.031942/31.695625] [ 832/0.035336]
  4   5 200, 0.046489 [0.026066/31.691519] [ 882/0.035336]
  4   5 250, 0.046050 [0.050744/31.687245] [ 932/0.035336]
  4   5 300, 0.044519 [0.034733/31.683056] [ 982/0.035336]
  4   5 350, 0.051546 [0.043034/31.679074] [1032/0.035336]
Epoch 5 done. Evaluation:
(49310, 50000)
(8651, 10000)
  4   6  50, 0.043146 [0.049275/31.671738] [1123/0.035336]
  4   6 100, 0.039894 [0.043049/31.667372] [1173/0.035336]
  4   6 150, 0.047145 [0.022492/31.663204] [1223/0.035336]
  4   6 200, 0.050109 [0.057068/31.659154] [1273/0.035336]
  4   6 250, 0.061114 [0.049446/31.655451] [1323/0.035336]
  4   6 300, 0.055050 [0.045992/31.651723] [1373/0.035336]
  4   6 350, 0.062394 [0.050529/31.648110] [1423/0.035336]
Epoch 6 done. Evaluation:
(49203, 50000)
(8560, 10000)
  4   7  50, 0.057557 [0.047389/31.641107] [1514/0.035336]
  4   7 100, 0.056154 [0.049804/31.637444] [1564/0.035336]
  4   7 150, 0.057164 [0.044130/31.633744] [1614/0.035336]
  4   7 200, 0.058729 [0.039555/31.629938] [1664/0.035336]
  4   7 250, 0.051096 [0.058140/31.626057] [1714/0.035336]
  4   7 300, 0.057492 [0.050555/31.622321] [1764/0.035336]
  4   7 350, 0.065133 [0.052750/31.619026] [1814/0.035336]
Epoch 7 done. Evaluation:
(49065, 50000)
(8591, 10000)
  4   8  50, 0.043535 [0.060556/31.611853] [1905/0.035336]
  4   8 100, 0.054852 [0.076969/31.607989] [1955/0.035336]
  4   8 150, 0.058566 [0.055493/31.604442] [2005/0.035336]
  4   8 200, 0.059766 [0.073709/31.600843] [2055/0.035336]
  4   8 250, 0.051789 [0.042825/31.596869] [2105/0.035336]
  4   8 300, 0.064308 [0.044257/31.593427] [2155/0.035336]
  4   8 350, 0.058339 [0.049820/31.589739] [2205/0.035336]
Epoch 8 done. Evaluation:
(49087, 50000)
(8649, 10000)
  4   9  50, 0.058707 [0.048985/31.583242] [2296/0.035336]
  4   9 100, 0.065225 [0.037601/31.579842] [2346/0.035336]
  4   9 150, 0.055356 [0.066611/31.576113] [2396/0.035336]
  4   9 200, 0.057515 [0.048349/31.572502] [2446/0.035336]
  4   9 250, 0.056093 [0.061853/31.568931] [2496/0.035336]
  4   9 300, 0.067308 [0.058519/31.565555] [2546/0.035336]
  4   9 350, 0.068083 [0.112487/31.562216] [2596/0.035336]
Epoch 9 done. Evaluation:
(48998, 50000)
(8593, 10000)
  4  10  50, 0.057452 [0.042556/31.555609] [2687/0.035336]
  4  10 100, 0.054598 [0.063288/31.551636] [2737/0.035336]
  4  10 150, 0.055303 [0.044709/31.547778] [2787/0.035336]
  4  10 200, 0.066121 [0.040540/31.544628] [2837/0.035336]
  4  10 250, 0.071149 [0.045887/31.541340] [2887/0.035336]
  4  10 300, 0.064427 [0.025356/31.538012] [2937/0.035336]
  4  10 350, 0.058663 [0.041345/31.534393] [2987/0.035336]
Epoch 10 done. Evaluation:
(49002, 50000)
(8618, 10000)
  4  11  50, 0.054740 [0.017651/31.528319] [3078/0.035336]
  4  11 100, 0.059101 [0.063296/31.524750] [3128/0.035336]
  4  11 150, 0.065831 [0.056576/31.521403] [3178/0.035336]
  4  11 200, 0.058676 [0.062105/31.517764] [3228/0.035336]
  4  11 250, 0.071671 [0.047717/31.514630] [3278/0.035336]
  4  11 300, 0.060933 [0.027085/31.511231] [3328/0.035336]
  4  11 350, 0.079577 [0.041394/31.508160] [3378/0.035336]
Epoch 11 done. Evaluation:
(48894, 50000)
(8639, 10000)
  4  12  50, 0.056388 [0.022544/31.501992] [3469/0.035336]
  4  12 100, 0.065609 [0.055539/31.498783] [3519/0.035336]
  4  12 150, 0.062115 [0.028126/31.495449] [3569/0.035336]
  4  12 200, 0.068950 [0.083577/31.492199] [3619/0.035336]
  4  12 250, 0.071020 [0.079125/31.488923] [3669/0.035336]
  4  12 300, 0.084350 [0.071316/31.486069] [3719/0.035336]
  4  12 350, 0.071160 [0.056865/31.482954] [3769/0.035336]
Epoch 12 done. Evaluation:
(48870, 50000)
(8526, 10000)
  4  13  50, 0.060133 [0.042344/31.476377] [3860/0.035336]
  4  13 100, 0.058865 [0.033827/31.472699] [3910/0.035336]
  4  13 150, 0.062155 [0.065973/31.469440] [3960/0.035336]
  4  13 200, 0.056801 [0.054349/31.465844] [4010/0.035336]
  4  13 250, 0.069399 [0.071219/31.462780] [4060/0.035336]
  4  13 300, 0.081645 [0.100233/31.459903] [4110/0.035336]
  4  13 350, 0.076827 [0.076546/31.456925] [4160/0.035336]
Epoch 13 done. Evaluation:
(48877, 50000)
(8523, 10000)
  4  14  50, 0.061156 [0.044589/31.451089] [4251/0.035336]
  4  14 100, 0.072715 [0.070030/31.447862] [4301/0.035336]
  4  14 150, 0.063434 [0.068905/31.444326] [4351/0.035336]
  4  14 200, 0.064722 [0.057455/31.440661] [4401/0.035336]
  4  14 250, 0.070282 [0.065596/31.437395] [4451/0.035336]
  4  14 300, 0.068512 [0.058876/31.434051] [4501/0.035336]
  4  14 350, 0.071285 [0.035822/31.430779] [4551/0.035336]
Epoch 14 done. Evaluation:
(48901, 50000)
(8584, 10000)
  4  15  50, 0.057749 [0.030323/31.424383] [4642/0.035336]
  4  15 100, 0.068696 [0.048446/31.421225] [4692/0.035336]
  4  15 150, 0.071589 [0.074034/31.418027] [4742/0.035336]
  4  15 200, 0.076988 [0.042043/31.415096] [4792/0.035336]
  4  15 250, 0.081450 [0.054996/31.412095] [4842/0.035336]
  4  15 300, 0.076080 [0.034396/31.409092] [4892/0.035336]
  4  15 350, 0.079742 [0.083218/31.406153] [4942/0.035336]
Epoch 15 done. Evaluation:
(48757, 50000)
(8618, 10000)
  4  16  50, 0.059901 [0.047803/31.400263] [5033/0.035336]
  4  16 100, 0.073731 [0.041123/31.397002] [5083/0.035336]
  4  16 150, 0.059820 [0.048545/31.393452] [5133/0.035336]
  4  16 200, 0.064077 [0.047672/31.389900] [5183/0.035336]
  4  16 250, 0.071782 [0.038646/31.386844] [5233/0.035336]
  4  16 300, 0.076270 [0.052954/31.383746] [5283/0.035336]
  4  16 350, 0.080972 [0.088029/31.381068] [5333/0.035336]
Epoch 16 done. Evaluation:
(48837, 50000)
(8526, 10000)
  4  17  50, 0.060163 [0.053140/31.375195] [5424/0.035336]
  4  17 100, 0.059985 [0.046638/31.371828] [5474/0.035336]
  4  17 150, 0.063898 [0.029507/31.368519] [5524/0.035336]
  4  17 200, 0.069563 [0.040070/31.365344] [5574/0.035336]
  4  17 250, 0.084256 [0.075104/31.362697] [5624/0.035336]
  4  17 300, 0.071387 [0.043828/31.359790] [5674/0.035336]
  4  17 350, 0.084379 [0.067649/31.357054] [5724/0.035336]
Epoch 17 done. Evaluation:
(48739, 50000)
(8358, 10000)
  4  18  50, 0.064261 [0.058938/31.351509] [5815/0.035336]
  4  18 100, 0.062873 [0.045283/31.348081] [5865/0.035336]
  4  18 150, 0.069839 [0.063395/31.345090] [5915/0.035336]
  4  18 200, 0.064029 [0.061568/31.341584] [5965/0.035336]
  4  18 250, 0.067760 [0.046581/31.338446] [6015/0.035336]
  4  18 300, 0.076771 [0.075290/31.335650] [6065/0.035336]
  4  18 350, 0.085169 [0.062358/31.333231] [6115/0.035336]
Epoch 18 done. Evaluation:
(48763, 50000)
(8374, 10000)
  4  19  50, 0.066644 [0.019300/31.327957] [6206/0.035336]
  4  19 100, 0.074480 [0.076642/31.324933] [6256/0.035336]
  4  19 150, 0.064194 [0.045818/31.321555] [6306/0.035336]
  4  19 200, 0.070510 [0.060162/31.318172] [6356/0.035336]
  4  19 250, 0.075488 [0.085844/31.315173] [6406/0.035336]
  4  19 300, 0.084464 [0.054670/31.312196] [6456/0.035336]
  4  19 350, 0.079596 [0.068226/31.308977] [6506/0.035336]
Epoch 19 done. Evaluation:
(48705, 50000)
(8501, 10000)
  5   0  50, 0.049884 [0.028096/31.304661] [6597/0.035336]
  5   0 100, 0.040794 [0.026679/31.302199] [6647/0.035336]
  5   0 150, 0.039177 [0.016457/31.299739] [6697/0.035336]
  5   0 200, 0.034849 [0.034441/31.297236] [   0/0.034849]
  5   0 250, 0.034410 [0.037742/31.294774] [   0/0.034410]
  5   0 300, 0.034425 [0.007958/31.292330] [  50/0.034410]
  5   0 350, 0.039971 [0.031595/31.289906] [ 100/0.034410]
Epoch 0 done. Evaluation:
(49422, 50000)
(8748, 10000)
  5   1  50, 0.028960 [0.031798/31.285372] [   0/0.028960]
  5   1 100, 0.027177 [0.022558/31.282844] [   0/0.027177]
  5   1 150, 0.028334 [0.025686/31.280282] [  50/0.027177]
  5   1 200, 0.023678 [0.011666/31.277740] [   0/0.023678]
  5   1 250, 0.022064 [0.007622/31.275196] [   0/0.022064]
  5   1 300, 0.024682 [0.012130/31.272673] [  50/0.022064]
  5   1 350, 0.026350 [0.018485/31.270160] [ 100/0.022064]
Epoch 1 done. Evaluation:
(49649, 50000)
(8730, 10000)
  5   2  50, 0.016694 [0.005210/31.265486] [   0/0.016694]
  5   2 100, 0.018984 [0.020161/31.262935] [  50/0.016694]
  5   2 150, 0.015841 [0.014404/31.260329] [   0/0.015841]
  5   2 200, 0.016666 [0.020175/31.257782] [  50/0.015841]
  5   2 250, 0.018981 [0.002507/31.255205] [ 100/0.015841]
  5   2 300, 0.021186 [0.005625/31.252644] [ 150/0.015841]
  5   2 350, 0.022038 [0.013430/31.250174] [ 200/0.015841]
Epoch 2 done. Evaluation:
(49784, 50000)
(8789, 10000)
  5   3  50, 0.013964 [0.022101/31.245550] [   0/0.013964]
  5   3 100, 0.017786 [0.026828/31.242992] [  50/0.013964]
  5   3 150, 0.016125 [0.010867/31.240445] [ 100/0.013964]
  5   3 200, 0.017349 [0.019762/31.237941] [ 150/0.013964]
  5   3 250, 0.017657 [0.013684/31.235406] [ 200/0.013964]
  5   3 300, 0.017996 [0.023674/31.232899] [ 250/0.013964]
  5   3 350, 0.021837 [0.025521/31.230470] [ 300/0.013964]
Epoch 3 done. Evaluation:
(49815, 50000)
(8776, 10000)
  5   4  50, 0.015892 [0.012362/31.225915] [ 391/0.013964]
  5   4 100, 0.014355 [0.006522/31.223371] [ 441/0.013964]
  5   4 150, 0.013522 [0.008443/31.220803] [   0/0.013522]
  5   4 200, 0.015545 [0.020615/31.218280] [  50/0.013522]
  5   4 250, 0.015656 [0.023403/31.215772] [ 100/0.013522]
  5   4 300, 0.018498 [0.005329/31.213305] [ 150/0.013522]
  5   4 350, 0.016817 [0.007414/31.210869] [ 200/0.013522]
Epoch 4 done. Evaluation:
(49840, 50000)
(8769, 10000)
  5   5  50, 0.014468 [0.008877/31.206384] [ 291/0.013522]
  5   5 100, 0.013858 [0.014066/31.203887] [ 341/0.013522]
  5   5 150, 0.012113 [0.005095/31.201355] [   0/0.012113]
  5   5 200, 0.012581 [0.017225/31.198832] [  50/0.012113]
  5   5 250, 0.012319 [0.001995/31.196333] [ 100/0.012113]
  5   5 300, 0.012129 [0.004512/31.193854] [ 150/0.012113]
  5   5 350, 0.014954 [0.006987/31.191408] [ 200/0.012113]
Epoch 5 done. Evaluation:
(49871, 50000)
(8788, 10000)
  5   6  50, 0.011681 [0.011819/31.186889] [   0/0.011681]
  5   6 100, 0.014835 [0.006788/31.184426] [  50/0.011681]
  5   6 150, 0.012528 [0.004687/31.181935] [ 100/0.011681]
  5   6 200, 0.014547 [0.025470/31.179508] [ 150/0.011681]
  5   6 250, 0.015227 [0.020148/31.177101] [ 200/0.011681]
  5   6 300, 0.015180 [0.004692/31.174666] [ 250/0.011681]
  5   6 350, 0.016127 [0.022983/31.172290] [ 300/0.011681]
Epoch 6 done. Evaluation:
(49865, 50000)
(8756, 10000)
  5   7  50, 0.011900 [0.012047/31.167877] [ 391/0.011681]
  5   7 100, 0.015531 [0.027480/31.165458] [ 441/0.011681]
  5   7 150, 0.012296 [0.009244/31.163023] [ 491/0.011681]
  5   7 200, 0.013427 [0.013159/31.160601] [ 541/0.011681]
  5   7 250, 0.014393 [0.019244/31.158236] [ 591/0.011681]
  5   7 300, 0.016405 [0.006165/31.155883] [ 641/0.011681]
  5   7 350, 0.012166 [0.013302/31.153428] [ 691/0.011681]
Epoch 7 done. Evaluation:
(49866, 50000)
(8759, 10000)
  5   8  50, 0.015168 [0.006400/31.149076] [ 782/0.011681]
  5   8 100, 0.014943 [0.010574/31.146723] [ 832/0.011681]
  5   8 150, 0.014411 [0.002205/31.144341] [ 882/0.011681]
  5   8 200, 0.015123 [0.015300/31.141965] [ 932/0.011681]
  5   8 250, 0.012706 [0.008753/31.139532] [ 982/0.011681]
  5   8 300, 0.014717 [0.003826/31.137189] [1032/0.011681]
  5   8 350, 0.015829 [0.024071/31.134844] [1082/0.011681]
Epoch 8 done. Evaluation:
(49854, 50000)
(8723, 10000)
  5   9  50, 0.014875 [0.006570/31.130611] [1173/0.011681]
  5   9 100, 0.013300 [0.006378/31.128234] [1223/0.011681]
  5   9 150, 0.013804 [0.010091/31.125902] [1273/0.011681]
  5   9 200, 0.015004 [0.013695/31.123530] [1323/0.011681]
  5   9 250, 0.016577 [0.003989/31.121225] [1373/0.011681]
  5   9 300, 0.016039 [0.010467/31.118949] [1423/0.011681]
  5   9 350, 0.014221 [0.010155/31.116629] [1473/0.011681]
Epoch 9 done. Evaluation:
(49838, 50000)
(8732, 10000)
  5  10  50, 0.014570 [0.004716/31.112394] [1564/0.011681]
  5  10 100, 0.013944 [0.010505/31.110053] [1614/0.011681]
  5  10 150, 0.015792 [0.027570/31.107783] [1664/0.011681]
  5  10 200, 0.016827 [0.005912/31.105489] [1714/0.011681]
  5  10 250, 0.016485 [0.025818/31.103247] [1764/0.011681]
  5  10 300, 0.016414 [0.032215/31.101013] [1814/0.011681]
  5  10 350, 0.016062 [0.019186/31.098762] [1864/0.011681]
Epoch 10 done. Evaluation:
(49821, 50000)
(8734, 10000)
  5  11  50, 0.013641 [0.010841/31.094589] [1955/0.011681]
  5  11 100, 0.012066 [0.011869/31.092238] [2005/0.011681]
  5  11 150, 0.018211 [0.004411/31.090093] [2055/0.011681]
  5  11 200, 0.018976 [0.031004/31.087949] [2105/0.011681]
  5  11 250, 0.023765 [0.012503/31.085925] [2155/0.011681]
  5  11 300, 0.018240 [0.020427/31.083744] [2205/0.011681]
  5  11 350, 0.017852 [0.026661/31.081526] [2255/0.011681]
Epoch 11 done. Evaluation:
(49758, 50000)
(8711, 10000)
  5  12  50, 0.017894 [0.017876/31.077711] [2346/0.011681]
  5  12 100, 0.021853 [0.032177/31.075601] [2396/0.011681]
  5  12 150, 0.020323 [0.037376/31.073529] [2446/0.011681]
  5  12 200, 0.021777 [0.015735/31.071387] [2496/0.011681]
  5  12 250, 0.023127 [0.029916/31.069256] [2546/0.011681]
  5  12 300, 0.020740 [0.018151/31.067169] [2596/0.011681]
  5  12 350, 0.027731 [0.022497/31.065226] [2646/0.011681]
Epoch 12 done. Evaluation:
(49695, 50000)
(8628, 10000)
  5  13  50, 0.019191 [0.016294/31.061601] [2737/0.011681]
  5  13 100, 0.026505 [0.037741/31.059654] [2787/0.011681]
  5  13 150, 0.022227 [0.031049/31.057556] [2837/0.011681]
  5  13 200, 0.023884 [0.018622/31.055508] [2887/0.011681]
  5  13 250, 0.028454 [0.017677/31.053610] [2937/0.011681]
  5  13 300, 0.030020 [0.027191/31.051690] [2987/0.011681]
  5  13 350, 0.029629 [0.020530/31.049806] [3037/0.011681]
Epoch 13 done. Evaluation:
(49613, 50000)
(8684, 10000)
  5  14  50, 0.022903 [0.019592/31.046154] [3128/0.011681]
  5  14 100, 0.023666 [0.032982/31.044125] [3178/0.011681]
  5  14 150, 0.025511 [0.031421/31.042110] [3228/0.011681]
  5  14 200, 0.028559 [0.018096/31.040172] [3278/0.011681]
  5  14 250, 0.037294 [0.029016/31.038446] [3328/0.011681]
  5  14 300, 0.033337 [0.039708/31.036609] [3378/0.011681]
  5  14 350, 0.026348 [0.011434/31.034640] [3428/0.011681]
Epoch 14 done. Evaluation:
(49580, 50000)
(8691, 10000)
  5  15  50, 0.026211 [0.030461/31.031029] [3519/0.011681]
  5  15 100, 0.027669 [0.021763/31.029088] [3569/0.011681]
  5  15 150, 0.026651 [0.016906/31.027012] [3619/0.011681]
  5  15 200, 0.033364 [0.030516/31.025201] [3669/0.011681]
  5  15 250, 0.031863 [0.010034/31.023335] [3719/0.011681]
  5  15 300, 0.029813 [0.029940/31.021446] [3769/0.011681]
  5  15 350, 0.032557 [0.021723/31.019470] [3819/0.011681]
Epoch 15 done. Evaluation:
(49541, 50000)
(8653, 10000)
  5  16  50, 0.026152 [0.034188/31.015958] [3910/0.011681]
  5  16 100, 0.027450 [0.014655/31.013946] [3960/0.011681]
  5  16 150, 0.025301 [0.026888/31.011948] [4010/0.011681]
  5  16 200, 0.035713 [0.028448/31.010153] [4060/0.011681]
  5  16 250, 0.033227 [0.048782/31.008363] [4110/0.011681]
  5  16 300, 0.025801 [0.017260/31.006327] [4160/0.011681]
  5  16 350, 0.031275 [0.016495/31.004472] [4210/0.011681]
Epoch 16 done. Evaluation:
(49544, 50000)
(8640, 10000)
  5  17  50, 0.027573 [0.004467/31.001040] [4301/0.011681]
  5  17 100, 0.029266 [0.012157/30.999136] [4351/0.011681]
  5  17 150, 0.029350 [0.015878/30.997236] [4401/0.011681]
  5  17 200, 0.030828 [0.023739/30.995311] [4451/0.011681]
  5  17 250, 0.030810 [0.029381/30.993482] [4501/0.011681]
  5  17 300, 0.038192 [0.016294/30.991741] [4551/0.011681]
  5  17 350, 0.039408 [0.038681/30.990051] [4601/0.011681]
Epoch 17 done. Evaluation:
(49483, 50000)
(8557, 10000)
  5  18  50, 0.025853 [0.020551/30.986588] [4692/0.011681]
  5  18 100, 0.027531 [0.034698/30.984668] [4742/0.011681]
  5  18 150, 0.037037 [0.009707/30.982876] [4792/0.011681]
  5  18 200, 0.035925 [0.048966/30.981184] [4842/0.011681]
  5  18 250, 0.039787 [0.039753/30.979472] [4892/0.011681]
  5  18 300, 0.036810 [0.030971/30.977614] [4942/0.011681]
  5  18 350, 0.034116 [0.012310/30.975866] [4992/0.011681]
Epoch 18 done. Evaluation:
(49427, 50000)
(8565, 10000)
  5  19  50, 0.032566 [0.032255/30.972621] [5083/0.011681]
  5  19 100, 0.027957 [0.033780/30.970646] [5133/0.011681]
  5  19 150, 0.029203 [0.025590/30.968672] [5183/0.011681]
  5  19 200, 0.039963 [0.040922/30.966950] [5233/0.011681]
  5  19 250, 0.040532 [0.061920/30.965246] [5283/0.011681]
  5  19 300, 0.046248 [0.042937/30.963789] [5333/0.011681]
  5  19 350, 0.045915 [0.047943/30.962317] [5383/0.011681]
Epoch 19 done. Evaluation:
(49382, 50000)
(8631, 10000)
  6   0  50, 0.029755 [0.017285/30.959879] [5474/0.011681]
  6   0 100, 0.024187 [0.017850/30.958719] [5524/0.011681]
  6   0 150, 0.024263 [0.004701/30.957525] [5574/0.011681]
  6   0 200, 0.020429 [0.004114/30.956348] [5624/0.011681]
  6   0 250, 0.022790 [0.004249/30.955160] [5674/0.011681]
  6   0 300, 0.022436 [0.006499/30.953981] [5724/0.011681]
  6   0 350, 0.015270 [0.016386/30.952780] [5774/0.011681]
Epoch 0 done. Evaluation:
(49690, 50000)
(8738, 10000)
  6   1  50, 0.013064 [0.007421/30.950590] [5865/0.011681]
  6   1 100, 0.016737 [0.007403/30.949370] [5915/0.011681]
  6   1 150, 0.015010 [0.003159/30.948163] [5965/0.011681]
  6   1 200, 0.014329 [0.004289/30.946952] [6015/0.011681]
  6   1 250, 0.012231 [0.003807/30.945730] [6065/0.011681]
  6   1 300, 0.013283 [0.003240/30.944516] [6115/0.011681]
  6   1 350, 0.015636 [0.025533/30.943298] [6165/0.011681]
Epoch 1 done. Evaluation:
(49819, 50000)
(8725, 10000)
  6   2  50, 0.009150 [0.008602/30.941075] [   0/0.009150]
  6   2 100, 0.008558 [0.008037/30.939829] [   0/0.008558]
  6   2 150, 0.011377 [0.007436/30.938610] [  50/0.008558]
  6   2 200, 0.010061 [0.010007/30.937385] [ 100/0.008558]
  6   2 250, 0.009243 [0.012482/30.936160] [ 150/0.008558]
  6   2 300, 0.011920 [0.000969/30.934960] [ 200/0.008558]
  6   2 350, 0.010898 [0.001525/30.933756] [ 250/0.008558]
Epoch 2 done. Evaluation:
(49902, 50000)
(8741, 10000)
  6   3  50, 0.009186 [0.004498/30.931543] [ 341/0.008558]
  6   3 100, 0.011012 [0.002268/30.930337] [ 391/0.008558]
  6   3 150, 0.008257 [0.015896/30.929108] [   0/0.008257]
  6   3 200, 0.008649 [0.009857/30.927875] [  50/0.008257]
  6   3 250, 0.009547 [0.013250/30.926660] [ 100/0.008257]
  6   3 300, 0.009519 [0.003050/30.925443] [ 150/0.008257]
  6   3 350, 0.010087 [0.003847/30.924249] [ 200/0.008257]
Epoch 3 done. Evaluation:
(49925, 50000)
(8745, 10000)
  6   4  50, 0.008474 [0.007139/30.922042] [ 291/0.008257]
  6   4 100, 0.008691 [0.001975/30.920806] [ 341/0.008257]
  6   4 150, 0.006917 [0.013753/30.919581] [   0/0.006917]
  6   4 200, 0.007048 [0.001584/30.918349] [  50/0.006917]
  6   4 250, 0.007418 [0.004220/30.917125] [ 100/0.006917]
  6   4 300, 0.007510 [0.002565/30.915901] [ 150/0.006917]
  6   4 350, 0.008512 [0.002548/30.914694] [ 200/0.006917]
Epoch 4 done. Evaluation:
(49956, 50000)
(8749, 10000)
  6   5  50, 0.007473 [0.003472/30.912484] [ 291/0.006917]
  6   5 100, 0.008092 [0.002213/30.911282] [ 341/0.006917]
  6   5 150, 0.008191 [0.001679/30.910063] [ 391/0.006917]
  6   5 200, 0.007439 [0.007287/30.908852] [ 441/0.006917]
  6   5 250, 0.006626 [0.010908/30.907633] [   0/0.006626]
  6   5 300, 0.005657 [0.005530/30.906405] [   0/0.005657]
  6   5 350, 0.007897 [0.004456/30.905190] [  50/0.005657]
Epoch 5 done. Evaluation:
(49955, 50000)
(8757, 10000)
  6   6  50, 0.007145 [0.008092/30.903005] [ 141/0.005657]
  6   6 100, 0.007013 [0.003049/30.901790] [ 191/0.005657]
  6   6 150, 0.008597 [0.002994/30.900604] [ 241/0.005657]
  6   6 200, 0.006798 [0.001509/30.899392] [ 291/0.005657]
  6   6 250, 0.008597 [0.013497/30.898194] [ 341/0.005657]
  6   6 300, 0.009783 [0.001656/30.897025] [ 391/0.005657]
  6   6 350, 0.008341 [0.012159/30.895840] [ 441/0.005657]
Epoch 6 done. Evaluation:
(49934, 50000)
(8750, 10000)
  6   7  50, 0.007061 [0.003325/30.893668] [ 532/0.005657]
  6   7 100, 0.007549 [0.002209/30.892471] [ 582/0.005657]
  6   7 150, 0.006404 [0.008793/30.891271] [ 632/0.005657]
  6   7 200, 0.006686 [0.005807/30.890067] [ 682/0.005657]
  6   7 250, 0.007656 [0.001830/30.888877] [ 732/0.005657]
  6   7 300, 0.008927 [0.001893/30.887687] [ 782/0.005657]
  6   7 350, 0.010471 [0.011717/30.886535] [ 832/0.005657]
Epoch 7 done. Evaluation:
(49949, 50000)
(8733, 10000)
  6   8  50, 0.007329 [0.004485/30.884362] [ 923/0.005657]
  6   8 100, 0.009084 [0.008376/30.883177] [ 973/0.005657]
  6   8 150, 0.009599 [0.001529/30.882010] [1023/0.005657]
  6   8 200, 0.006918 [0.002160/30.880819] [1073/0.005657]
  6   8 250, 0.006848 [0.002906/30.879633] [1123/0.005657]
  6   8 300, 0.007435 [0.008679/30.878454] [1173/0.005657]
  6   8 350, 0.007910 [0.009770/30.877271] [1223/0.005657]
Epoch 8 done. Evaluation:
(49932, 50000)
(8723, 10000)
  6   9  50, 0.008386 [0.004329/30.875143] [1314/0.005657]
  6   9 100, 0.007897 [0.004981/30.873962] [1364/0.005657]
  6   9 150, 0.006613 [0.003229/30.872773] [1414/0.005657]
  6   9 200, 0.007477 [0.009586/30.871601] [1464/0.005657]
  6   9 250, 0.009007 [0.003498/30.870429] [1514/0.005657]
  6   9 300, 0.006693 [0.001407/30.869251] [1564/0.005657]
  6   9 350, 0.009551 [0.003370/30.868102] [1614/0.005657]
Epoch 9 done. Evaluation:
(49945, 50000)
(8729, 10000)
  6  10  50, 0.006542 [0.004510/30.865956] [1705/0.005657]
  6  10 100, 0.007122 [0.006481/30.864787] [1755/0.005657]
  6  10 150, 0.007116 [0.008205/30.863600] [1805/0.005657]
  6  10 200, 0.006911 [0.008102/30.862415] [1855/0.005657]
  6  10 250, 0.007939 [0.002039/30.861259] [1905/0.005657]
  6  10 300, 0.007725 [0.005740/30.860103] [1955/0.005657]
  6  10 350, 0.007730 [0.008483/30.858937] [2005/0.005657]
Epoch 10 done. Evaluation:
(49949, 50000)
(8750, 10000)
  6  11  50, 0.006199 [0.002295/30.856790] [2096/0.005657]
  6  11 100, 0.006258 [0.002330/30.855604] [2146/0.005657]
  6  11 150, 0.006977 [0.001930/30.854438] [2196/0.005657]
  6  11 200, 0.005857 [0.000849/30.853258] [2246/0.005657]
  6  11 250, 0.008412 [0.002235/30.852102] [2296/0.005657]
  6  11 300, 0.006935 [0.002793/30.850933] [2346/0.005657]
  6  11 350, 0.007973 [0.006045/30.849780] [2396/0.005657]
Epoch 11 done. Evaluation:
(49952, 50000)
(8705, 10000)
  6  12  50, 0.008106 [0.002098/30.847717] [2487/0.005657]
  6  12 100, 0.008671 [0.003550/30.846574] [2537/0.005657]
  6  12 150, 0.008043 [0.002657/30.845421] [2587/0.005657]
  6  12 200, 0.007996 [0.008473/30.844258] [2637/0.005657]
  6  12 250, 0.008210 [0.002327/30.843103] [2687/0.005657]
  6  12 300, 0.008923 [0.004440/30.841958] [2737/0.005657]
  6  12 350, 0.009241 [0.005822/30.840822] [2787/0.005657]
Epoch 12 done. Evaluation:
(49931, 50000)
(8696, 10000)
  6  13  50, 0.008646 [0.003628/30.838758] [2878/0.005657]
  6  13 100, 0.007102 [0.010083/30.837603] [2928/0.005657]
  6  13 150, 0.008906 [0.020716/30.836462] [2978/0.005657]
  6  13 200, 0.007896 [0.005274/30.835314] [3028/0.005657]
  6  13 250, 0.008778 [0.010020/30.834175] [3078/0.005657]
  6  13 300, 0.009111 [0.010712/30.833043] [3128/0.005657]
  6  13 350, 0.008044 [0.003857/30.831906] [3178/0.005657]
Epoch 13 done. Evaluation:
(49932, 50000)
(8708, 10000)
  6  14  50, 0.006445 [0.008024/30.829824] [3269/0.005657]
  6  14 100, 0.009068 [0.002451/30.828688] [3319/0.005657]
  6  14 150, 0.010497 [0.001246/30.827579] [3369/0.005657]
  6  14 200, 0.007997 [0.004048/30.826423] [3419/0.005657]
  6  14 250, 0.006873 [0.008613/30.825274] [3469/0.005657]
  6  14 300, 0.008387 [0.002009/30.824146] [3519/0.005657]
  6  14 350, 0.008337 [0.009789/30.823015] [3569/0.005657]
Epoch 14 done. Evaluation:
(49936, 50000)
(8712, 10000)
  6  15  50, 0.008018 [0.003818/30.820947] [3660/0.005657]
  6  15 100, 0.009641 [0.009948/30.819817] [3710/0.005657]
  6  15 150, 0.006260 [0.009808/30.818662] [3760/0.005657]
  6  15 200, 0.008437 [0.019524/30.817543] [3810/0.005657]
  6  15 250, 0.009812 [0.012271/30.816438] [3860/0.005657]
  6  15 300, 0.008361 [0.002647/30.815297] [3910/0.005657]
  6  15 350, 0.009477 [0.005346/30.814187] [3960/0.005657]
Epoch 15 done. Evaluation:
(49930, 50000)
(8684, 10000)
  6  16  50, 0.009517 [0.004864/30.812176] [4051/0.005657]
  6  16 100, 0.007704 [0.003977/30.811041] [4101/0.005657]
  6  16 150, 0.008125 [0.002782/30.809918] [4151/0.005657]
  6  16 200, 0.009158 [0.001072/30.808796] [4201/0.005657]
  6  16 250, 0.009957 [0.014229/30.807697] [4251/0.005657]
  6  16 300, 0.007953 [0.006801/30.806566] [4301/0.005657]
  6  16 350, 0.009714 [0.002471/30.805456] [4351/0.005657]
Epoch 16 done. Evaluation:
(49926, 50000)
(8685, 10000)
  6  17  50, 0.012012 [0.002759/30.803463] [4442/0.005657]
  6  17 100, 0.009898 [0.005875/30.802356] [4492/0.005657]
  6  17 150, 0.011070 [0.003483/30.801264] [4542/0.005657]
  6  17 200, 0.012960 [0.004162/30.800180] [4592/0.005657]
  6  17 250, 0.010656 [0.012585/30.799083] [4642/0.005657]
  6  17 300, 0.010825 [0.011618/30.797996] [4692/0.005657]
  6  17 350, 0.013957 [0.020967/30.796956] [4742/0.005657]
Epoch 17 done. Evaluation:
(49868, 50000)
(8716, 10000)
  6  18  50, 0.008734 [0.003008/30.794952] [4833/0.005657]
  6  18 100, 0.010684 [0.002877/30.793826] [4883/0.005657]
  6  18 150, 0.008830 [0.011999/30.792700] [4933/0.005657]
  6  18 200, 0.010043 [0.003010/30.791589] [4983/0.005657]
  6  18 250, 0.011652 [0.004370/30.790524] [5033/0.005657]
  6  18 300, 0.015096 [0.014112/30.789486] [5083/0.005657]
  6  18 350, 0.012162 [0.011865/30.788396] [5133/0.005657]
Epoch 18 done. Evaluation:
(49893, 50000)
(8680, 10000)
  6  19  50, 0.010563 [0.004253/30.786418] [5224/0.005657]
  6  19 100, 0.008850 [0.005436/30.785310] [5274/0.005657]
  6  19 150, 0.009693 [0.023073/30.784226] [5324/0.005657]
  6  19 200, 0.010428 [0.002619/30.783121] [5374/0.005657]
  6  19 250, 0.013057 [0.017433/30.782068] [5424/0.005657]
  6  19 300, 0.011730 [0.004401/30.781010] [5474/0.005657]
  6  19 350, 0.012234 [0.006669/30.779963] [5524/0.005657]
Epoch 19 done. Evaluation:
(49866, 50000)
(8692, 10000)
  7   0  50, 0.008277 [0.005289/30.778514] [5615/0.005657]
  7   0 100, 0.009678 [0.001293/30.777923] [5665/0.005657]
  7   0 150, 0.008840 [0.000906/30.777332] [5715/0.005657]
  7   0 200, 0.008007 [0.001324/30.776734] [5765/0.005657]
  7   0 250, 0.008053 [0.003228/30.776141] [5815/0.005657]
  7   0 300, 0.008719 [0.002231/30.775547] [5865/0.005657]
  7   0 350, 0.007642 [0.003316/30.774946] [5915/0.005657]
Epoch 0 done. Evaluation:
(49916, 50000)
(8707, 10000)
  7   1  50, 0.009185 [0.006696/30.773872] [6006/0.005657]
  7   1 100, 0.006919 [0.011411/30.773273] [6056/0.005657]
  7   1 150, 0.007286 [0.001953/30.772675] [6106/0.005657]
  7   1 200, 0.007244 [0.001448/30.772075] [6156/0.005657]
  7   1 250, 0.007213 [0.003686/30.771476] [6206/0.005657]
  7   1 300, 0.007796 [0.011053/30.770875] [6256/0.005657]
  7   1 350, 0.007145 [0.003277/30.770278] [6306/0.005657]
Epoch 1 done. Evaluation:
(49932, 50000)
(8705, 10000)
  7   2  50, 0.005627 [0.002037/30.769193] [   0/0.005627]
  7   2 100, 0.006886 [0.000615/30.768597] [  50/0.005627]
  7   2 150, 0.005831 [0.009431/30.768000] [ 100/0.005627]
  7   2 200, 0.006521 [0.002698/30.767404] [ 150/0.005627]
  7   2 250, 0.006220 [0.003720/30.766805] [ 200/0.005627]
  7   2 300, 0.005440 [0.000987/30.766199] [   0/0.005440]
  7   2 350, 0.006441 [0.001660/30.765600] [  50/0.005440]
Epoch 2 done. Evaluation:
(49964, 50000)
(8689, 10000)
  7   3  50, 0.006823 [0.004265/30.764507] [ 141/0.005440]
  7   3 100, 0.006064 [0.002078/30.763907] [ 191/0.005440]
  7   3 150, 0.005941 [0.007782/30.763310] [ 241/0.005440]
  7   3 200, 0.007383 [0.003041/30.762719] [ 291/0.005440]
  7   3 250, 0.007339 [0.005289/30.762127] [ 341/0.005440]
  7   3 300, 0.005901 [0.000839/30.761531] [ 391/0.005440]
  7   3 350, 0.006797 [0.001216/30.760941] [ 441/0.005440]
Epoch 3 done. Evaluation:
(49951, 50000)
(8707, 10000)
  7   4  50, 0.005749 [0.000537/30.759854] [ 532/0.005440]
  7   4 100, 0.005931 [0.001767/30.759257] [ 582/0.005440]
  7   4 150, 0.006803 [0.003008/30.758670] [ 632/0.005440]
  7   4 200, 0.007763 [0.001182/30.758084] [ 682/0.005440]
  7   4 250, 0.005400 [0.000878/30.757486] [   0/0.005400]
  7   4 300, 0.006059 [0.001550/30.756891] [  50/0.005400]
  7   4 350, 0.005365 [0.011632/30.756295] [   0/0.005365]
Epoch 4 done. Evaluation:
(49958, 50000)
(8686, 10000)
  7   5  50, 0.005456 [0.001115/30.755217] [  91/0.005365]
  7   5 100, 0.006124 [0.000539/30.754619] [ 141/0.005365]
  7   5 150, 0.005468 [0.000461/30.754021] [ 191/0.005365]
  7   5 200, 0.005112 [0.002365/30.753424] [   0/0.005112]
  7   5 250, 0.005357 [0.002534/30.752827] [  50/0.005112]
  7   5 300, 0.006308 [0.001523/30.752234] [ 100/0.005112]
  7   5 350, 0.005035 [0.001220/30.751637] [   0/0.005035]
Epoch 5 done. Evaluation:
(49970, 50000)
(8700, 10000)
  7   6  50, 0.007781 [0.000831/30.750566] [  91/0.005035]
  7   6 100, 0.004531 [0.000737/30.749966] [   0/0.004531]
  7   6 150, 0.006758 [0.007993/30.749375] [  50/0.004531]
  7   6 200, 0.006560 [0.005868/30.748787] [ 100/0.004531]
  7   6 250, 0.005658 [0.002129/30.748193] [ 150/0.004531]
  7   6 300, 0.006298 [0.000515/30.747603] [ 200/0.004531]
  7   6 350, 0.007099 [0.001891/30.747020] [ 250/0.004531]
Epoch 6 done. Evaluation:
(49953, 50000)
(8677, 10000)
  7   7  50, 0.004873 [0.000928/30.745945] [ 341/0.004531]
  7   7 100, 0.006290 [0.001299/30.745355] [ 391/0.004531]
  7   7 150, 0.005382 [0.007912/30.744762] [ 441/0.004531]
  7   7 200, 0.005736 [0.002929/30.744167] [ 491/0.004531]
  7   7 250, 0.005905 [0.000566/30.743574] [ 541/0.004531]
  7   7 300, 0.004926 [0.004034/30.742981] [ 591/0.004531]
  7   7 350, 0.006784 [0.000321/30.742395] [ 641/0.004531]
Epoch 7 done. Evaluation:
(49964, 50000)
(8692, 10000)
  7   8  50, 0.007173 [0.000431/30.741331] [ 732/0.004531]
  7   8 100, 0.005147 [0.000528/30.740740] [ 782/0.004531]
  7   8 150, 0.005381 [0.006107/30.740147] [ 832/0.004531]
  7   8 200, 0.005413 [0.002611/30.739556] [ 882/0.004531]
  7   8 250, 0.005395 [0.001365/30.738968] [ 932/0.004531]
  7   8 300, 0.005301 [0.001493/30.738377] [ 982/0.004531]
  7   8 350, 0.005088 [0.001670/30.737786] [1032/0.004531]
Epoch 8 done. Evaluation:
(49968, 50000)
(8703, 10000)
  7   9  50, 0.005174 [0.003738/30.736705] [1123/0.004531]
  7   9 100, 0.005700 [0.001275/30.736117] [1173/0.004531]
  7   9 150, 0.006505 [0.001282/30.735534] [1223/0.004531]
  7   9 200, 0.005691 [0.002429/30.734945] [1273/0.004531]
  7   9 250, 0.005556 [0.000728/30.734357] [1323/0.004531]
  7   9 300, 0.005186 [0.006827/30.733769] [1373/0.004531]
  7   9 350, 0.006544 [0.001114/30.733183] [1423/0.004531]
Epoch 9 done. Evaluation:
(49966, 50000)
(8680, 10000)
  7  10  50, 0.007961 [0.001975/30.732128] [1514/0.004531]
  7  10 100, 0.005733 [0.000406/30.731538] [1564/0.004531]
  7  10 150, 0.004467 [0.000583/30.730943] [   0/0.004467]
  7  10 200, 0.004624 [0.001564/30.730352] [  50/0.004467]
  7  10 250, 0.004971 [0.000340/30.729760] [ 100/0.004467]
  7  10 300, 0.005804 [0.009808/30.729179] [ 150/0.004467]
  7  10 350, 0.006311 [0.002790/30.728592] [ 200/0.004467]
Epoch 10 done. Evaluation:
(49976, 50000)
(8698, 10000)
  7  11  50, 0.004983 [0.001888/30.727526] [ 291/0.004467]
  7  11 100, 0.005546 [0.001106/30.726937] [ 341/0.004467]
  7  11 150, 0.006592 [0.002901/30.726355] [ 391/0.004467]
  7  11 200, 0.005270 [0.001246/30.725767] [ 441/0.004467]
  7  11 250, 0.005605 [0.000641/30.725177] [ 491/0.004467]
  7  11 300, 0.006960 [0.001809/30.724599] [ 541/0.004467]
  7  11 350, 0.008708 [0.000967/30.724028] [ 591/0.004467]
Epoch 11 done. Evaluation:
(49962, 50000)
(8674, 10000)
  7  12  50, 0.005282 [0.000709/30.722962] [ 682/0.004467]
  7  12 100, 0.005059 [0.002180/30.722372] [ 732/0.004467]
  7  12 150, 0.006676 [0.000678/30.721788] [ 782/0.004467]
  7  12 200, 0.006850 [0.002341/30.721212] [ 832/0.004467]
  7  12 250, 0.005780 [0.001008/30.720626] [ 882/0.004467]
  7  12 300, 0.008528 [0.000836/30.720058] [ 932/0.004467]
  7  12 350, 0.007813 [0.007743/30.719484] [ 982/0.004467]
Epoch 12 done. Evaluation:
(49946, 50000)
(8697, 10000)
  7  13  50, 0.006123 [0.004418/30.718423] [1073/0.004467]
  7  13 100, 0.006177 [0.000871/30.717838] [1123/0.004467]
  7  13 150, 0.005706 [0.002392/30.717257] [1173/0.004467]
  7  13 200, 0.005240 [0.002698/30.716670] [1223/0.004467]
  7  13 250, 0.007493 [0.001547/30.716096] [1273/0.004467]
  7  13 300, 0.005206 [0.001323/30.715509] [1323/0.004467]
  7  13 350, 0.007206 [0.000943/30.714931] [1373/0.004467]
Epoch 13 done. Evaluation:
(49957, 50000)
(8667, 10000)
  7  14  50, 0.004317 [0.000522/30.713862] [   0/0.004317]
  7  14 100, 0.005869 [0.009313/30.713281] [  50/0.004317]
  7  14 150, 0.005285 [0.001125/30.712694] [ 100/0.004317]
  7  14 200, 0.006260 [0.000515/30.712113] [ 150/0.004317]
  7  14 250, 0.005321 [0.001397/30.711528] [ 200/0.004317]
  7  14 300, 0.006396 [0.001802/30.710954] [ 250/0.004317]
  7  14 350, 0.004775 [0.001931/30.710365] [ 300/0.004317]
Epoch 14 done. Evaluation:
(49960, 50000)
(8663, 10000)
  7  15  50, 0.005867 [0.006031/30.709322] [ 391/0.004317]
  7  15 100, 0.006160 [0.006912/30.708744] [ 441/0.004317]
  7  15 150, 0.004853 [0.000902/30.708156] [ 491/0.004317]
  7  15 200, 0.006005 [0.000482/30.707574] [ 541/0.004317]
  7  15 250, 0.006207 [0.001914/30.706992] [ 591/0.004317]
  7  15 300, 0.004665 [0.003545/30.706400] [ 641/0.004317]
  7  15 350, 0.006999 [0.000992/30.705826] [ 691/0.004317]
Epoch 15 done. Evaluation:
(49962, 50000)
(8663, 10000)
  7  16  50, 0.005703 [0.004358/30.704776] [ 782/0.004317]
  7  16 100, 0.005159 [0.000848/30.704193] [ 832/0.004317]
  7  16 150, 0.005738 [0.003191/30.703617] [ 882/0.004317]
  7  16 200, 0.006021 [0.000976/30.703038] [ 932/0.004317]
  7  16 250, 0.005791 [0.000725/30.702460] [ 982/0.004317]
  7  16 300, 0.005827 [0.001474/30.701878] [1032/0.004317]
  7  16 350, 0.006883 [0.004522/30.701306] [1082/0.004317]
Epoch 16 done. Evaluation:
(49959, 50000)
(8675, 10000)
  7  17  50, 0.007212 [0.001956/30.700271] [1173/0.004317]
  7  17 100, 0.006711 [0.000520/30.699697] [1223/0.004317]
  7  17 150, 0.008110 [0.001193/30.699130] [1273/0.004317]
  7  17 200, 0.005928 [0.001099/30.698551] [1323/0.004317]
  7  17 250, 0.005419 [0.000448/30.697971] [1373/0.004317]
  7  17 300, 0.006255 [0.003415/30.697394] [1423/0.004317]
  7  17 350, 0.007248 [0.001284/30.696824] [1473/0.004317]
Epoch 17 done. Evaluation:
(49942, 50000)
(8686, 10000)
  7  18  50, 0.007268 [0.001590/30.695799] [1564/0.004317]
  7  18 100, 0.005629 [0.003175/30.695216] [1614/0.004317]
  7  18 150, 0.006247 [0.004137/30.694637] [1664/0.004317]
  7  18 200, 0.006924 [0.001480/30.694064] [1714/0.004317]
  7  18 250, 0.005820 [0.001386/30.693488] [1764/0.004317]
  7  18 300, 0.006100 [0.002246/30.692909] [1814/0.004317]
  7  18 350, 0.006805 [0.008275/30.692341] [1864/0.004317]
Epoch 18 done. Evaluation:
(49959, 50000)
(8664, 10000)
  7  19  50, 0.007087 [0.001492/30.691292] [1955/0.004317]
  7  19 100, 0.006719 [0.004956/30.690716] [2005/0.004317]
  7  19 150, 0.006133 [0.001661/30.690140] [2055/0.004317]
  7  19 200, 0.005319 [0.000833/30.689564] [2105/0.004317]
  7  19 250, 0.006123 [0.000608/30.688990] [2155/0.004317]
  7  19 300, 0.007983 [0.000886/30.688424] [2205/0.004317]
  7  19 350, 0.007320 [0.001590/30.687853] [2255/0.004317]
Epoch 19 done. Evaluation:
(49956, 50000)
(8686, 10000)
  8   0  50, 0.006499 [0.001411/30.687111] [2346/0.004317]
  8   0 100, 0.005396 [0.001379/30.686839] [2396/0.004317]
  8   0 150, 0.005891 [0.000234/30.686568] [2446/0.004317]
  8   0 200, 0.005414 [0.000391/30.686297] [2496/0.004317]
  8   0 250, 0.005827 [0.001124/30.686024] [2546/0.004317]
  8   0 300, 0.005206 [0.001761/30.685750] [2596/0.004317]
  8   0 350, 0.005261 [0.000692/30.685479] [2646/0.004317]
Epoch 0 done. Evaluation:
(49956, 50000)
(8692, 10000)
  8   1  50, 0.005625 [0.001163/30.684989] [2737/0.004317]
  8   1 100, 0.003831 [0.000767/30.684713] [   0/0.003831]
  8   1 150, 0.004922 [0.000891/30.684441] [  50/0.003831]
  8   1 200, 0.005200 [0.005855/30.684170] [ 100/0.003831]
  8   1 250, 0.004587 [0.005910/30.683898] [ 150/0.003831]
  8   1 300, 0.005142 [0.000253/30.683626] [ 200/0.003831]
  8   1 350, 0.005672 [0.004576/30.683356] [ 250/0.003831]
Epoch 1 done. Evaluation:
(49972, 50000)
(8702, 10000)
  8   2  50, 0.005005 [0.000441/30.682863] [ 341/0.003831]
  8   2 100, 0.007802 [0.000772/30.682591] [ 391/0.003831]
  8   2 150, 0.005226 [0.001064/30.682318] [ 441/0.003831]
  8   2 200, 0.004168 [0.000659/30.682046] [ 491/0.003831]
  8   2 250, 0.004650 [0.000176/30.681774] [ 541/0.003831]
  8   2 300, 0.005126 [0.004388/30.681501] [ 591/0.003831]
  8   2 350, 0.005693 [0.000342/30.681232] [ 641/0.003831]
Epoch 2 done. Evaluation:
(49966, 50000)
(8680, 10000)
  8   3  50, 0.004948 [0.001921/30.680735] [ 732/0.003831]
  8   3 100, 0.003946 [0.000506/30.680462] [ 782/0.003831]
  8   3 150, 0.003926 [0.000324/30.680189] [ 832/0.003831]
  8   3 200, 0.005277 [0.002233/30.679919] [ 882/0.003831]
  8   3 250, 0.005025 [0.001193/30.679647] [ 932/0.003831]
  8   3 300, 0.005467 [0.003635/30.679376] [ 982/0.003831]
  8   3 350, 0.005073 [0.000580/30.679104] [1032/0.003831]
Epoch 3 done. Evaluation:
(49977, 50000)
(8689, 10000)
  8   4  50, 0.005375 [0.000256/30.678611] [1123/0.003831]
  8   4 100, 0.004823 [0.000454/30.678341] [1173/0.003831]
  8   4 150, 0.006376 [0.000856/30.678071] [1223/0.003831]
  8   4 200, 0.005454 [0.005838/30.677802] [1273/0.003831]
  8   4 250, 0.005682 [0.000663/30.677533] [1323/0.003831]
  8   4 300, 0.004865 [0.002158/30.677261] [1373/0.003831]
  8   4 350, 0.004533 [0.002378/30.676990] [1423/0.003831]
Epoch 4 done. Evaluation:
(49966, 50000)
(8691, 10000)
  8   5  50, 0.004923 [0.000515/30.676495] [1514/0.003831]
  8   5 100, 0.006717 [0.000799/30.676228] [1564/0.003831]
  8   5 150, 0.004648 [0.000533/30.675957] [1614/0.003831]
  8   5 200, 0.006124 [0.000333/30.675687] [1664/0.003831]
  8   5 250, 0.004532 [0.000392/30.675416] [1714/0.003831]
  8   5 300, 0.005972 [0.000376/30.675147] [1764/0.003831]
  8   5 350, 0.007047 [0.000348/30.674880] [1814/0.003831]
Epoch 5 done. Evaluation:
(49957, 50000)
(8681, 10000)
  8   6  50, 0.004143 [0.001898/30.674388] [1905/0.003831]
  8   6 100, 0.004340 [0.000544/30.674117] [1955/0.003831]
  8   6 150, 0.005246 [0.000512/30.673846] [2005/0.003831]
  8   6 200, 0.005429 [0.000734/30.673578] [2055/0.003831]
  8   6 250, 0.005788 [0.000191/30.673310] [2105/0.003831]
  8   6 300, 0.005436 [0.002828/30.673040] [2155/0.003831]
  8   6 350, 0.004484 [0.001044/30.672769] [2205/0.003831]
Epoch 6 done. Evaluation:
(49976, 50000)
(8688, 10000)
  8   7  50, 0.005038 [0.001431/30.672281] [2296/0.003831]
  8   7 100, 0.005778 [0.001026/30.672014] [2346/0.003831]
  8   7 150, 0.004437 [0.000385/30.671743] [2396/0.003831]
  8   7 200, 0.004107 [0.004260/30.671471] [2446/0.003831]
  8   7 250, 0.005947 [0.000192/30.671201] [2496/0.003831]
  8   7 300, 0.004114 [0.000656/30.670930] [2546/0.003831]
  8   7 350, 0.005208 [0.001022/30.670658] [2596/0.003831]
Epoch 7 done. Evaluation:
(49968, 50000)
(8677, 10000)
  8   8  50, 0.004414 [0.001392/30.670168] [2687/0.003831]
  8   8 100, 0.004714 [0.001489/30.669897] [2737/0.003831]
  8   8 150, 0.004594 [0.000174/30.669627] [2787/0.003831]
  8   8 200, 0.004501 [0.002961/30.669355] [2837/0.003831]
  8   8 250, 0.005855 [0.000341/30.669087] [2887/0.003831]
  8   8 300, 0.004312 [0.003383/30.668816] [2937/0.003831]
  8   8 350, 0.004968 [0.002926/30.668548] [2987/0.003831]
Epoch 8 done. Evaluation:
(49974, 50000)
(8674, 10000)
  8   9  50, 0.003903 [0.002352/30.668056] [3078/0.003831]
  8   9 100, 0.005144 [0.000469/30.667786] [3128/0.003831]
  8   9 150, 0.005658 [0.000688/30.667518] [3178/0.003831]
  8   9 200, 0.005119 [0.000678/30.667248] [3228/0.003831]
  8   9 250, 0.004998 [0.000831/30.666979] [3278/0.003831]
  8   9 300, 0.005649 [0.001129/30.666711] [3328/0.003831]
  8   9 350, 0.005526 [0.001958/30.666443] [3378/0.003831]
Epoch 9 done. Evaluation:
(49968, 50000)
(8665, 10000)
  8  10  50, 0.006550 [0.004426/30.665955] [3469/0.003831]
  8  10 100, 0.004795 [0.000818/30.665684] [3519/0.003831]
  8  10 150, 0.004599 [0.000411/30.665415] [3569/0.003831]
  8  10 200, 0.004778 [0.002165/30.665145] [3619/0.003831]
  8  10 250, 0.004892 [0.001792/30.664875] [3669/0.003831]
  8  10 300, 0.005061 [0.000731/30.664608] [3719/0.003831]
  8  10 350, 0.004891 [0.000245/30.664337] [3769/0.003831]
Epoch 10 done. Evaluation:
(49971, 50000)
(8674, 10000)
  8  11  50, 0.005015 [0.000211/30.663849] [3860/0.003831]
  8  11 100, 0.004294 [0.002362/30.663579] [3910/0.003831]
  8  11 150, 0.005793 [0.000386/30.663310] [3960/0.003831]
  8  11 200, 0.005222 [0.000429/30.663044] [4010/0.003831]
  8  11 250, 0.004020 [0.000313/30.662772] [4060/0.003831]
  8  11 300, 0.007003 [0.006325/30.662506] [4110/0.003831]
  8  11 350, 0.005344 [0.000283/30.662238] [4160/0.003831]
Epoch 11 done. Evaluation:
(49962, 50000)
(8662, 10000)
  8  12  50, 0.005189 [0.000466/30.661749] [4251/0.003831]
  8  12 100, 0.005077 [0.000544/30.661481] [4301/0.003831]
  8  12 150, 0.004923 [0.000287/30.661213] [4351/0.003831]
  8  12 200, 0.004507 [0.000347/30.660943] [4401/0.003831]
  8  12 250, 0.005383 [0.000616/30.660674] [4451/0.003831]
  8  12 300, 0.007545 [0.000446/30.660407] [4501/0.003831]
  8  12 350, 0.006076 [0.002290/30.660140] [4551/0.003831]
Epoch 12 done. Evaluation:
(49960, 50000)
(8674, 10000)
  8  13  50, 0.006461 [0.003169/30.659653] [4642/0.003831]
  8  13 100, 0.004358 [0.000277/30.659383] [4692/0.003831]
  8  13 150, 0.004610 [0.000695/30.659114] [4742/0.003831]
  8  13 200, 0.005040 [0.001825/30.658845] [4792/0.003831]
  8  13 250, 0.004909 [0.000321/30.658577] [4842/0.003831]
  8  13 300, 0.004413 [0.000630/30.658306] [4892/0.003831]
  8  13 350, 0.004975 [0.000631/30.658038] [4942/0.003831]
Epoch 13 done. Evaluation:
(49972, 50000)
(8663, 10000)
  8  14  50, 0.004523 [0.000278/30.657548] [5033/0.003831]
  8  14 100, 0.004964 [0.000852/30.657280] [5083/0.003831]
  8  14 150, 0.006085 [0.002141/30.657013] [5133/0.003831]
  8  14 200, 0.003954 [0.000838/30.656744] [5183/0.003831]
  8  14 250, 0.005615 [0.000348/30.656477] [5233/0.003831]
  8  14 300, 0.005282 [0.001177/30.656210] [5283/0.003831]
  8  14 350, 0.006466 [0.000195/30.655946] [5333/0.003831]
Epoch 14 done. Evaluation:
(49976, 50000)
(8670, 10000)
  8  15  50, 0.005194 [0.002353/30.655458] [5424/0.003831]
  8  15 100, 0.004311 [0.000413/30.655188] [5474/0.003831]
  8  15 150, 0.005286 [0.000382/30.654922] [5524/0.003831]
  8  15 200, 0.006188 [0.004318/30.654657] [5574/0.003831]
  8  15 250, 0.004408 [0.000721/30.654387] [5624/0.003831]
  8  15 300, 0.005368 [0.001269/30.654120] [5674/0.003831]
  8  15 350, 0.004773 [0.000674/30.653852] [5724/0.003831]
Epoch 15 done. Evaluation:
(49964, 50000)
(8666, 10000)
  8  16  50, 0.004738 [0.000380/30.653366] [5815/0.003831]
  8  16 100, 0.004877 [0.004046/30.653098] [5865/0.003831]
  8  16 150, 0.005642 [0.000194/30.652831] [5915/0.003831]
  8  16 200, 0.005855 [0.001101/30.652564] [5965/0.003831]
  8  16 250, 0.006284 [0.000270/30.652300] [6015/0.003831]
  8  16 300, 0.006509 [0.000457/30.652034] [6065/0.003831]
  8  16 350, 0.006452 [0.000343/30.651770] [6115/0.003831]
Epoch 16 done. Evaluation:
(49962, 50000)
(8667, 10000)
  8  17  50, 0.006567 [0.002488/30.651285] [6206/0.003831]
  8  17 100, 0.005322 [0.001227/30.651018] [6256/0.003831]
  8  17 150, 0.004377 [0.004320/30.650749] [6306/0.003831]
  8  17 200, 0.005592 [0.001893/30.650482] [6356/0.003831]
  8  17 250, 0.004506 [0.001022/30.650213] [6406/0.003831]
  8  17 300, 0.006496 [0.000153/30.649947] [6456/0.003831]
  8  17 350, 0.007120 [0.001598/30.649683] [6506/0.003831]
Epoch 17 done. Evaluation:
(49960, 50000)
(8660, 10000)
  8  18  50, 0.004695 [0.000405/30.649197] [6597/0.003831]
  8  18 100, 0.006226 [0.000733/30.648933] [6647/0.003831]
  8  18 150, 0.004599 [0.001427/30.648665] [6697/0.003831]
  8  18 200, 0.005287 [0.000679/30.648397] [6747/0.003831]
  8  18 250, 0.004002 [0.000484/30.648129] [6797/0.003831]
  8  18 300, 0.006167 [0.003553/30.647864] [6847/0.003831]
  8  18 350, 0.005279 [0.001002/30.647596] [6897/0.003831]
Epoch 18 done. Evaluation:
(49971, 50000)
(8669, 10000)
  8  19  50, 0.004892 [0.002072/30.647110] [6988/0.003831]
  8  19 100, 0.004938 [0.001878/30.646843] [7038/0.003831]
  8  19 150, 0.005971 [0.000229/30.646576] [7088/0.003831]
  8  19 200, 0.004159 [0.000755/30.646308] [7138/0.003831]
  8  19 250, 0.006054 [0.000914/30.646041] [7188/0.003831]
  8  19 300, 0.005946 [0.001214/30.645775] [7238/0.003831]
  8  19 350, 0.005863 [0.000657/30.645510] [7288/0.003831]
Epoch 19 done. Evaluation:
(49970, 50000)
(8671, 10000)
