Sequential (
  (conv1_1): Sequential (
    (0): Conv2d(3, 32, kernel_size=(3, 3), stride=(1, 1), padding=(1, 1))
    (1): BatchNorm2d(32, eps=1e-05, momentum=0.1, affine=True)
    (2): ReLU (inplace)
  )
  (conv1_2): Sequential (
    (0): Conv2d(32, 32, kernel_size=(3, 3), stride=(1, 1), padding=(1, 1))
    (1): BatchNorm2d(32, eps=1e-05, momentum=0.1, affine=True)
    (2): ReLU (inplace)
  )
  (pool1): MaxPool2d (size=(2, 2), stride=(2, 2), dilation=(1, 1))
  (conv2_1): Sequential (
    (0): Conv2d(32, 64, kernel_size=(3, 3), stride=(1, 1), padding=(1, 1))
    (1): BatchNorm2d(64, eps=1e-05, momentum=0.1, affine=True)
    (2): ReLU (inplace)
  )
  (conv2_2): Sequential (
    (0): Conv2d(64, 64, kernel_size=(3, 3), stride=(1, 1), padding=(1, 1))
    (1): BatchNorm2d(64, eps=1e-05, momentum=0.1, affine=True)
    (2): ReLU (inplace)
  )
  (pool2): MaxPool2d (size=(2, 2), stride=(2, 2), dilation=(1, 1))
  (conv3_1): Sequential (
    (0): Conv2d(64, 128, kernel_size=(3, 3), stride=(1, 1), padding=(1, 1))
    (1): BatchNorm2d(128, eps=1e-05, momentum=0.1, affine=True)
    (2): ReLU (inplace)
  )
  (conv3_2): Sequential (
    (0): Conv2d(128, 128, kernel_size=(3, 3), stride=(1, 1), padding=(1, 1))
    (1): BatchNorm2d(128, eps=1e-05, momentum=0.1, affine=True)
    (2): ReLU (inplace)
  )
  (pool3): MaxPool2d (size=(2, 2), stride=(2, 2), dilation=(1, 1))
  (conv4_1): Sequential (
    (0): Conv2d(128, 256, kernel_size=(3, 3), stride=(1, 1), padding=(1, 1))
    (1): BatchNorm2d(256, eps=1e-05, momentum=0.1, affine=True)
    (2): ReLU (inplace)
  )
  (conv4_2): Sequential (
    (0): Conv2d(256, 256, kernel_size=(3, 3), stride=(1, 1), padding=(1, 1))
    (1): BatchNorm2d(256, eps=1e-05, momentum=0.1, affine=True)
    (2): ReLU (inplace)
  )
  (pool4): MaxPool2d (size=(2, 2), stride=(2, 2), dilation=(1, 1))
  (conv5_1): Sequential (
    (0): Conv2d(256, 256, kernel_size=(3, 3), stride=(1, 1), padding=(1, 1))
    (1): BatchNorm2d(256, eps=1e-05, momentum=0.1, affine=True)
    (2): ReLU (inplace)
  )
  (conv5_2): Sequential (
    (0): Conv2d(256, 256, kernel_size=(3, 3), stride=(1, 1), padding=(1, 1))
    (1): BatchNorm2d(256, eps=1e-05, momentum=0.1, affine=True)
    (2): ReLU (inplace)
  )
  (pool5): MaxPool2d (size=(2, 2), stride=(2, 2), dilation=(1, 1))
  (fc6): Sequential (
    (0): Conv2d(256, 256, kernel_size=(1, 1), stride=(1, 1))
    (1): BatchNorm2d(256, eps=1e-05, momentum=0.1, affine=True)
    (2): ReLU (inplace)
  )
  (logit): Conv2d(256, 10, kernel_size=(1, 1), stride=(1, 1))
  (flatter): Flatten()
)
{'L1_decay': 5e-06,
 'batch_size': 128,
 'force_name': True,
 'graphfolder': 'logs/cxp1_graphs/',
 'learning_rate': 0.1,
 'logfile': 'logs/cxp1.log',
 'mode': '',
 'name': 'cxp1',
 'num_base': 32,
 'optimizer': 'SGD_var_dup',
 'weight_decay': 5e-06}
Decayed training with schedule: [20, 20, 20, 20, 20, 20, 20, 20, 20, 20]
  0   0  50, 1.803006 [0.413806/72.201734] [   0/1.803006]
  0   0 100, 1.478847 [0.368507/72.213085] [   0/1.478847]
  0   0 150, 1.332164 [0.326172/72.220838] [   0/1.332164]
  0   0 200, 1.271303 [0.368914/72.226072] [   0/1.271303]
  0   0 250, 1.186409 [0.370385/72.236409] [   0/1.186409]
  0   0 300, 1.138361 [0.331292/72.245026] [   0/1.138361]
  0   0 350, 1.081508 [0.294259/72.252452] [   0/1.081508]
Epoch 0 done. Evaluation:
(26562, 50000)
(6019, 10000)
  0   1  50, 0.938324 [0.342099/72.266650] [   0/0.938324]
  0   1 100, 0.921614 [0.334733/72.274003] [   0/0.921614]
  0   1 150, 0.888069 [0.347179/72.281641] [   0/0.888069]
  0   1 200, 0.864376 [0.361296/72.288412] [   0/0.864376]
  0   1 250, 0.847816 [0.256669/72.293051] [   0/0.847816]
  0   1 300, 0.842356 [0.327756/72.295539] [   0/0.842356]
  0   1 350, 0.813353 [0.276977/72.297526] [   0/0.813353]
Epoch 1 done. Evaluation:
(34628, 50000)
(7034, 10000)
  0   2  50, 0.705314 [0.326137/72.304992] [   0/0.705314]
  0   2 100, 0.705272 [0.279137/72.309371] [   0/0.705272]
  0   2 150, 0.691625 [0.301955/72.312665] [   0/0.691625]
  0   2 200, 0.692176 [0.283394/72.315273] [  50/0.691625]
  0   2 250, 0.687892 [0.304321/72.316987] [   0/0.687892]
  0   2 300, 0.686305 [0.274465/72.316384] [   0/0.686305]
  0   2 350, 0.680808 [0.282423/72.315280] [   0/0.680808]
Epoch 2 done. Evaluation:
(37883, 50000)
(7186, 10000)
  0   3  50, 0.598053 [0.326395/72.319170] [   0/0.598053]
  0   3 100, 0.592359 [0.301585/72.323469] [   0/0.592359]
  0   3 150, 0.570492 [0.264895/72.327719] [   0/0.570492]
  0   3 200, 0.602351 [0.350443/72.332433] [  50/0.570492]
  0   3 250, 0.579836 [0.310386/72.335316] [ 100/0.570492]
  0   3 300, 0.577411 [0.325354/72.337508] [ 150/0.570492]
  0   3 350, 0.601206 [0.284745/72.338513] [ 200/0.570492]
Epoch 3 done. Evaluation:
(39852, 50000)
(6599, 10000)
  0   4  50, 0.482683 [0.261660/72.344649] [   0/0.482683]
  0   4 100, 0.503262 [0.281755/72.348335] [  50/0.482683]
  0   4 150, 0.491702 [0.296050/72.353507] [ 100/0.482683]
  0   4 200, 0.536229 [0.306242/72.356337] [ 150/0.482683]
  0   4 250, 0.497195 [0.242382/72.358951] [ 200/0.482683]
  0   4 300, 0.503908 [0.293698/72.361569] [ 250/0.482683]
  0   4 350, 0.511424 [0.253163/72.364999] [ 300/0.482683]
Epoch 4 done. Evaluation:
(41147, 50000)
(7655, 10000)
  0   5  50, 0.442764 [0.330521/72.371878] [   0/0.442764]
  0   5 100, 0.432493 [0.339040/72.378459] [   0/0.432493]
  0   5 150, 0.436032 [0.303971/72.384160] [  50/0.432493]
  0   5 200, 0.444574 [0.332285/72.389615] [ 100/0.432493]
  0   5 250, 0.459515 [0.303095/72.394927] [ 150/0.432493]
  0   5 300, 0.435629 [0.356471/72.399910] [ 200/0.432493]
  0   5 350, 0.439809 [0.270188/72.405914] [ 250/0.432493]
Epoch 5 done. Evaluation:
(42266, 50000)
(7799, 10000)
  0   6  50, 0.358146 [0.239211/72.416785] [   0/0.358146]
  0   6 100, 0.375264 [0.294301/72.424572] [  50/0.358146]
  0   6 150, 0.371942 [0.349680/72.432638] [ 100/0.358146]
  0   6 200, 0.413822 [0.260276/72.438701] [ 150/0.358146]
  0   6 250, 0.389451 [0.266451/72.445104] [ 200/0.358146]
  0   6 300, 0.410520 [0.255756/72.451675] [ 250/0.358146]
  0   6 350, 0.404947 [0.388727/72.457891] [ 300/0.358146]
Epoch 6 done. Evaluation:
(43265, 50000)
(7582, 10000)
  0   7  50, 0.315793 [0.334828/72.470770] [   0/0.315793]
  0   7 100, 0.313317 [0.285237/72.478675] [   0/0.313317]
  0   7 150, 0.324595 [0.386335/72.487581] [  50/0.313317]
  0   7 200, 0.350422 [0.296254/72.495930] [ 100/0.313317]
  0   7 250, 0.345995 [0.344516/72.504582] [ 150/0.313317]
  0   7 300, 0.361489 [0.351683/72.513636] [ 200/0.313317]
  0   7 350, 0.349923 [0.313307/72.521254] [ 250/0.313317]
Epoch 7 done. Evaluation:
(44098, 50000)
(7982, 10000)
  0   8  50, 0.289091 [0.308329/72.534790] [   0/0.289091]
  0   8 100, 0.278009 [0.283100/72.544715] [   0/0.278009]
  0   8 150, 0.287118 [0.369384/72.553874] [  50/0.278009]
  0   8 200, 0.302568 [0.250468/72.563712] [ 100/0.278009]
  0   8 250, 0.312879 [0.375484/72.574786] [ 150/0.278009]
  0   8 300, 0.295308 [0.360067/72.584972] [ 200/0.278009]
  0   8 350, 0.341808 [0.339046/72.595002] [ 250/0.278009]
Epoch 8 done. Evaluation:
(44780, 50000)
(7870, 10000)
  0   9  50, 0.247123 [0.267813/72.609747] [   0/0.247123]
  0   9 100, 0.263946 [0.262352/72.618868] [  50/0.247123]
  0   9 150, 0.261492 [0.377642/72.627907] [ 100/0.247123]
  0   9 200, 0.265797 [0.277982/72.637678] [ 150/0.247123]
  0   9 250, 0.273069 [0.357833/72.647736] [ 200/0.247123]
  0   9 300, 0.272673 [0.378600/72.657752] [ 250/0.247123]
  0   9 350, 0.287658 [0.365009/72.668134] [ 300/0.247123]
Epoch 9 done. Evaluation:
(45381, 50000)
(7939, 10000)
  0  10  50, 0.207326 [0.314497/72.682722] [   0/0.207326]
  0  10 100, 0.220183 [0.347209/72.689693] [  50/0.207326]
  0  10 150, 0.250857 [0.260370/72.699159] [ 100/0.207326]
  0  10 200, 0.253059 [0.276356/72.711287] [ 150/0.207326]
  0  10 250, 0.261959 [0.312907/72.722909] [ 200/0.207326]
  0  10 300, 0.243148 [0.375412/72.732906] [ 250/0.207326]
  0  10 350, 0.251555 [0.341955/72.741878] [ 300/0.207326]
Epoch 10 done. Evaluation:
(45817, 50000)
(7720, 10000)
  0  11  50, 0.202053 [0.231096/72.759510] [   0/0.202053]
  0  11 100, 0.194810 [0.250445/72.767565] [   0/0.194810]
  0  11 150, 0.213739 [0.327690/72.778500] [  50/0.194810]
  0  11 200, 0.215971 [0.252137/72.789259] [ 100/0.194810]
  0  11 250, 0.219174 [0.292236/72.800776] [ 150/0.194810]
  0  11 300, 0.218709 [0.288330/72.809720] [ 200/0.194810]
  0  11 350, 0.216598 [0.356779/72.819164] [ 250/0.194810]
Epoch 11 done. Evaluation:
(46251, 50000)
(7693, 10000)
  0  12  50, 0.169219 [0.251146/72.832949] [   0/0.169219]
  0  12 100, 0.177036 [0.334589/72.839044] [  50/0.169219]
  0  12 150, 0.167727 [0.432721/72.847352] [   0/0.167727]
  0  12 200, 0.188837 [0.298106/72.857550] [  50/0.167727]
  0  12 250, 0.200404 [0.362585/72.866859] [ 100/0.167727]
  0  12 300, 0.207935 [0.282352/72.876802] [ 150/0.167727]
  0  12 350, 0.182411 [0.309089/72.885193] [ 200/0.167727]
Epoch 12 done. Evaluation:
(46776, 50000)
(7853, 10000)
  0  13  50, 0.154114 [0.254985/72.901620] [   0/0.154114]
  0  13 100, 0.133347 [0.302175/72.905062] [   0/0.133347]
  0  13 150, 0.175751 [0.413336/72.914879] [  50/0.133347]
  0  13 200, 0.178062 [0.289225/72.924563] [ 100/0.133347]
  0  13 250, 0.184910 [0.308637/72.934771] [ 150/0.133347]
  0  13 300, 0.182702 [0.422454/72.946295] [ 200/0.133347]
  0  13 350, 0.187229 [0.351279/72.955467] [ 250/0.133347]
Epoch 13 done. Evaluation:
(47058, 50000)
(7844, 10000)
  0  14  50, 0.131562 [0.254452/72.968143] [   0/0.131562]
  0  14 100, 0.131578 [0.237586/72.972460] [  50/0.131562]
  0  14 150, 0.149445 [0.278273/72.979363] [ 100/0.131562]
  0  14 200, 0.132016 [0.328078/72.983807] [ 150/0.131562]
  0  14 250, 0.166389 [0.354805/72.995436] [ 200/0.131562]
  0  14 300, 0.150418 [0.361813/73.004034] [ 250/0.131562]
  0  14 350, 0.184533 [0.315369/73.015500] [ 300/0.131562]
Epoch 14 done. Evaluation:
(47439, 50000)
(8010, 10000)
  0  15  50, 0.116522 [0.206423/73.023089] [   0/0.116522]
  0  15 100, 0.110836 [0.302811/73.024495] [   0/0.110836]
  0  15 150, 0.122983 [0.255348/73.028842] [  50/0.110836]
  0  15 200, 0.136235 [0.266265/73.035587] [ 100/0.110836]
  0  15 250, 0.132346 [0.319204/73.042424] [ 150/0.110836]
  0  15 300, 0.147282 [0.380681/73.052591] [ 200/0.110836]
  0  15 350, 0.153402 [0.297290/73.063328] [ 250/0.110836]
Epoch 15 done. Evaluation:
(47691, 50000)
(7977, 10000)
  0  16  50, 0.101439 [0.287381/73.072245] [   0/0.101439]
  0  16 100, 0.112599 [0.318141/73.077105] [  50/0.101439]
  0  16 150, 0.131181 [0.282273/73.084548] [ 100/0.101439]
  0  16 200, 0.136894 [0.417323/73.091382] [ 150/0.101439]
  0  16 250, 0.153093 [0.325270/73.101856] [ 200/0.101439]
  0  16 300, 0.131990 [0.381504/73.109559] [ 250/0.101439]
  0  16 350, 0.119806 [0.225230/73.112640] [ 300/0.101439]
Epoch 16 done. Evaluation:
(47803, 50000)
(8122, 10000)
  0  17  50, 0.098882 [0.351197/73.123264] [   0/0.098882]
  0  17 100, 0.094050 [0.217711/73.125209] [   0/0.094050]
  0  17 150, 0.102287 [0.339322/73.127317] [  50/0.094050]
  0  17 200, 0.099742 [0.455515/73.129825] [ 100/0.094050]
  0  17 250, 0.106886 [0.366824/73.135140] [ 150/0.094050]
  0  17 300, 0.116095 [0.410870/73.141608] [ 200/0.094050]
  0  17 350, 0.131290 [0.374882/73.150973] [ 250/0.094050]
Epoch 17 done. Evaluation:
(48123, 50000)
(7806, 10000)
  0  18  50, 0.101216 [0.252089/73.161371] [ 341/0.094050]
  0  18 100, 0.094556 [0.239081/73.164154] [ 391/0.094050]
  0  18 150, 0.099437 [0.290983/73.166251] [ 441/0.094050]
  0  18 200, 0.105276 [0.302703/73.172654] [ 491/0.094050]
  0  18 250, 0.107843 [0.334233/73.178915] [ 541/0.094050]
  0  18 300, 0.104463 [0.333103/73.184371] [ 591/0.094050]
  0  18 350, 0.123675 [0.337728/73.193030] [ 641/0.094050]
Epoch 18 done. Evaluation:
(48148, 50000)
(7859, 10000)
  0  19  50, 0.074993 [0.219419/73.196786] [   0/0.074993]
  0  19 100, 0.084622 [0.277763/73.196806] [  50/0.074993]
  0  19 150, 0.089475 [0.331241/73.197986] [ 100/0.074993]
  0  19 200, 0.095885 [0.279740/73.201428] [ 150/0.074993]
  0  19 250, 0.095566 [0.204925/73.205169] [ 200/0.074993]
  0  19 300, 0.096283 [0.382853/73.209399] [ 250/0.074993]
  0  19 350, 0.106362 [0.252308/73.215694] [ 300/0.074993]
Epoch 19 done. Evaluation:
(48377, 50000)
(7693, 10000)
  1   0  50, 0.055869 [0.047971/73.213537] [   0/0.055869]
  1   0 100, 0.047012 [0.101488/73.205344] [   0/0.047012]
  1   0 150, 0.034923 [0.082839/73.196846] [   0/0.034923]
  1   0 200, 0.042689 [0.049426/73.188770] [  50/0.034923]
  1   0 250, 0.043262 [0.062392/73.180536] [ 100/0.034923]
  1   0 300, 0.036976 [0.070891/73.171838] [ 150/0.034923]
  1   0 350, 0.041520 [0.103364/73.163759] [ 200/0.034923]
Epoch 0 done. Evaluation:
(49316, 50000)
(8348, 10000)
  1   1  50, 0.024776 [0.011926/73.147488] [   0/0.024776]
  1   1 100, 0.019788 [0.079404/73.137473] [   0/0.019788]
  1   1 150, 0.022966 [0.046183/73.127646] [  50/0.019788]
  1   1 200, 0.019560 [0.070853/73.117423] [   0/0.019560]
  1   1 250, 0.018518 [0.122844/73.107043] [   0/0.018518]
  1   1 300, 0.021864 [0.096269/73.097162] [  50/0.018518]
  1   1 350, 0.021756 [0.118840/73.087189] [ 100/0.018518]
Epoch 1 done. Evaluation:
(49712, 50000)
(8371, 10000)
  1   2  50, 0.012558 [0.013590/73.068174] [   0/0.012558]
  1   2 100, 0.012522 [0.035697/73.057432] [   0/0.012522]
  1   2 150, 0.012859 [0.026281/73.046634] [  50/0.012522]
  1   2 200, 0.016823 [0.088228/73.035853] [ 100/0.012522]
  1   2 250, 0.012230 [0.033341/73.024956] [   0/0.012230]
  1   2 300, 0.012222 [0.047993/73.014095] [   0/0.012222]
  1   2 350, 0.013050 [0.030760/73.003143] [  50/0.012222]
Epoch 2 done. Evaluation:
(49849, 50000)
(8390, 10000)
  1   3  50, 0.010306 [0.091290/72.983090] [   0/0.010306]
  1   3 100, 0.008145 [0.089448/72.971580] [   0/0.008145]
  1   3 150, 0.009256 [0.060237/72.960348] [  50/0.008145]
  1   3 200, 0.008941 [0.035449/72.949059] [ 100/0.008145]
  1   3 250, 0.008677 [0.035859/72.937823] [ 150/0.008145]
  1   3 300, 0.009478 [0.053690/72.926582] [ 200/0.008145]
  1   3 350, 0.010062 [0.009002/72.915617] [ 250/0.008145]
Epoch 3 done. Evaluation:
(49908, 50000)
(8402, 10000)
  1   4  50, 0.008469 [0.026395/72.895014] [ 341/0.008145]
  1   4 100, 0.005874 [0.005587/72.883384] [   0/0.005874]
  1   4 150, 0.008425 [0.019254/72.872155] [  50/0.005874]
  1   4 200, 0.005826 [0.023667/72.860546] [   0/0.005826]
  1   4 250, 0.005821 [0.015254/72.848813] [   0/0.005821]
  1   4 300, 0.005884 [0.009396/72.837223] [  50/0.005821]
  1   4 350, 0.005963 [0.018617/72.825560] [ 100/0.005821]
Epoch 4 done. Evaluation:
(49944, 50000)
(8374, 10000)
  1   5  50, 0.006621 [0.038852/72.804740] [ 191/0.005821]
  1   5 100, 0.004245 [0.012809/72.792870] [   0/0.004245]
  1   5 150, 0.006178 [0.010922/72.781150] [  50/0.004245]
  1   5 200, 0.004225 [0.008309/72.769307] [   0/0.004225]
  1   5 250, 0.003624 [0.020256/72.757376] [   0/0.003624]
  1   5 300, 0.005718 [0.017852/72.745823] [  50/0.003624]
  1   5 350, 0.005265 [0.067175/72.734058] [ 100/0.003624]
Epoch 5 done. Evaluation:
(49972, 50000)
(8409, 10000)
  1   6  50, 0.003122 [0.025750/72.712512] [   0/0.003122]
  1   6 100, 0.004305 [0.003428/72.700636] [  50/0.003122]
  1   6 150, 0.002918 [0.010192/72.688604] [   0/0.002918]
  1   6 200, 0.003593 [0.010448/72.676700] [  50/0.002918]
  1   6 250, 0.003330 [0.008724/72.664768] [ 100/0.002918]
  1   6 300, 0.002837 [0.015194/72.652765] [   0/0.002837]
  1   6 350, 0.002494 [0.012520/72.640690] [   0/0.002494]
Epoch 6 done. Evaluation:
(49990, 50000)
(8436, 10000)
  1   7  50, 0.002494 [0.005066/72.618825] [  91/0.002494]
  1   7 100, 0.002471 [0.021318/72.606778] [   0/0.002471]
  1   7 150, 0.002201 [0.007389/72.594660] [   0/0.002201]
  1   7 200, 0.002569 [0.032557/72.582644] [  50/0.002201]
  1   7 250, 0.003152 [0.029858/72.570753] [ 100/0.002201]
  1   7 300, 0.002434 [0.012864/72.558746] [ 150/0.002201]
  1   7 350, 0.002691 [0.012998/72.546761] [ 200/0.002201]
Epoch 7 done. Evaluation:
(49993, 50000)
(8432, 10000)
  1   8  50, 0.002106 [0.004553/72.524817] [   0/0.002106]
  1   8 100, 0.002190 [0.004462/72.512782] [  50/0.002106]
  1   8 150, 0.002097 [0.003525/72.500724] [   0/0.002097]
  1   8 200, 0.001725 [0.005824/72.488598] [   0/0.001725]
  1   8 250, 0.002272 [0.048268/72.476615] [  50/0.001725]
  1   8 300, 0.002384 [0.006796/72.464653] [ 100/0.001725]
  1   8 350, 0.001736 [0.014868/72.452560] [ 150/0.001725]
Epoch 8 done. Evaluation:
(49996, 50000)
(8431, 10000)
  1   9  50, 0.001580 [0.002726/72.430542] [   0/0.001580]
  1   9 100, 0.001283 [0.005786/72.418364] [   0/0.001283]
  1   9 150, 0.001799 [0.036363/72.406319] [  50/0.001283]
  1   9 200, 0.001587 [0.007349/72.394250] [ 100/0.001283]
  1   9 250, 0.001407 [0.008303/72.382130] [ 150/0.001283]
  1   9 300, 0.001680 [0.026486/72.370079] [ 200/0.001283]
  1   9 350, 0.002818 [0.159790/72.358357] [ 250/0.001283]
Epoch 9 done. Evaluation:
(49998, 50000)
(8436, 10000)
  1  10  50, 0.001301 [0.005587/72.336465] [ 341/0.001283]
  1  10 100, 0.001292 [0.002471/72.324378] [ 391/0.001283]
  1  10 150, 0.001432 [0.005048/72.312318] [ 441/0.001283]
  1  10 200, 0.001544 [0.001522/72.300308] [ 491/0.001283]
  1  10 250, 0.001398 [0.018785/72.288259] [ 541/0.001283]
  1  10 300, 0.001352 [0.004243/72.276214] [ 591/0.001283]
  1  10 350, 0.001260 [0.009965/72.264155] [   0/0.001260]
Epoch 10 done. Evaluation:
(49998, 50000)
(8447, 10000)
  1  11  50, 0.001543 [0.008685/72.242308] [  91/0.001260]
  1  11 100, 0.001402 [0.005384/72.230312] [ 141/0.001260]
  1  11 150, 0.001211 [0.007303/72.218276] [   0/0.001211]
  1  11 200, 0.001080 [0.002614/72.206212] [   0/0.001080]
  1  11 250, 0.001221 [0.008949/72.194198] [  50/0.001080]
  1  11 300, 0.001609 [0.006562/72.182269] [ 100/0.001080]
  1  11 350, 0.001066 [0.005244/72.170245] [   0/0.001066]
Epoch 11 done. Evaluation:
(50000, 50000)
(8444, 10000)
  1  12  50, 0.001091 [0.002958/72.148469] [  91/0.001066]
  1  12 100, 0.001101 [0.012310/72.136464] [ 141/0.001066]
  1  12 150, 0.001030 [0.008341/72.124460] [   0/0.001030]
  1  12 200, 0.001276 [0.002409/72.112525] [  50/0.001030]
  1  12 250, 0.001137 [0.005973/72.100566] [ 100/0.001030]
  1  12 300, 0.001272 [0.004029/72.088647] [ 150/0.001030]
  1  12 350, 0.000916 [0.002088/72.076646] [   0/0.000916]
Epoch 12 done. Evaluation:
(50000, 50000)
(8423, 10000)
  1  13  50, 0.000875 [0.001408/72.054810] [   0/0.000875]
  1  13 100, 0.000888 [0.002911/72.042830] [  50/0.000875]
  1  13 150, 0.000927 [0.003591/72.030869] [ 100/0.000875]
  1  13 200, 0.000863 [0.003259/72.018896] [   0/0.000863]
  1  13 250, 0.001184 [0.004295/72.007018] [  50/0.000863]
  1  13 300, 0.001004 [0.009869/71.995107] [ 100/0.000863]
  1  13 350, 0.000885 [0.002685/71.983162] [ 150/0.000863]
Epoch 13 done. Evaluation:
(49999, 50000)
(8438, 10000)
  1  14  50, 0.000978 [0.006419/71.961552] [ 241/0.000863]
  1  14 100, 0.001063 [0.007206/71.949683] [ 291/0.000863]
  1  14 150, 0.000969 [0.002477/71.937794] [ 341/0.000863]
  1  14 200, 0.001065 [0.004563/71.925940] [ 391/0.000863]
  1  14 250, 0.000815 [0.002786/71.914036] [   0/0.000815]
  1  14 300, 0.000834 [0.028143/71.902152] [  50/0.000815]
  1  14 350, 0.001182 [0.023517/71.890350] [ 100/0.000815]
Epoch 14 done. Evaluation:
(49999, 50000)
(8436, 10000)
  1  15  50, 0.000859 [0.002521/71.868750] [ 191/0.000815]
  1  15 100, 0.000797 [0.002756/71.856889] [   0/0.000797]
  1  15 150, 0.000727 [0.002088/71.845026] [   0/0.000727]
  1  15 200, 0.000831 [0.021470/71.833187] [  50/0.000727]
  1  15 250, 0.000874 [0.002618/71.821380] [ 100/0.000727]
  1  15 300, 0.000856 [0.002772/71.809571] [ 150/0.000727]
  1  15 350, 0.000790 [0.002810/71.797750] [ 200/0.000727]
Epoch 15 done. Evaluation:
(50000, 50000)
(8431, 10000)
  1  16  50, 0.000873 [0.001234/71.776256] [ 291/0.000727]
  1  16 100, 0.000736 [0.003616/71.764448] [ 341/0.000727]
  1  16 150, 0.000852 [0.010151/71.752675] [ 391/0.000727]
  1  16 200, 0.000730 [0.003630/71.740882] [ 441/0.000727]
  1  16 250, 0.000731 [0.001516/71.729099] [ 491/0.000727]
  1  16 300, 0.000698 [0.010139/71.717314] [   0/0.000698]
  1  16 350, 0.000885 [0.002560/71.705591] [  50/0.000698]
Epoch 16 done. Evaluation:
(50000, 50000)
(8441, 10000)
  1  17  50, 0.000710 [0.013585/71.684223] [ 141/0.000698]
  1  17 100, 0.000554 [0.003359/71.672436] [   0/0.000554]
  1  17 150, 0.000673 [0.003783/71.660679] [  50/0.000554]
  1  17 200, 0.000818 [0.001229/71.648984] [ 100/0.000554]
  1  17 250, 0.000799 [0.010107/71.637287] [ 150/0.000554]
  1  17 300, 0.000963 [0.000974/71.625651] [ 200/0.000554]
  1  17 350, 0.000697 [0.001663/71.613945] [ 250/0.000554]
Epoch 17 done. Evaluation:
(50000, 50000)
(8445, 10000)
  1  18  50, 0.000616 [0.001252/71.592629] [ 341/0.000554]
  1  18 100, 0.000528 [0.001477/71.580900] [   0/0.000528]
  1  18 150, 0.000801 [0.000795/71.569255] [  50/0.000528]
  1  18 200, 0.000658 [0.004394/71.557581] [ 100/0.000528]
  1  18 250, 0.000655 [0.008207/71.545918] [ 150/0.000528]
  1  18 300, 0.000612 [0.012893/71.534247] [ 200/0.000528]
  1  18 350, 0.000753 [0.008433/71.522627] [ 250/0.000528]
Epoch 18 done. Evaluation:
(50000, 50000)
(8449, 10000)
  1  19  50, 0.000741 [0.001424/71.501475] [ 341/0.000528]
  1  19 100, 0.000578 [0.007000/71.489831] [ 391/0.000528]
  1  19 150, 0.000595 [0.003377/71.478200] [ 441/0.000528]
  1  19 200, 0.000635 [0.001196/71.466588] [ 491/0.000528]
  1  19 250, 0.000631 [0.004188/71.454985] [ 541/0.000528]
  1  19 300, 0.000753 [0.001107/71.443416] [ 591/0.000528]
  1  19 350, 0.000735 [0.002199/71.431850] [ 641/0.000528]
Epoch 19 done. Evaluation:
(50000, 50000)
(8434, 10000)
  2   0  50, 0.000594 [0.002932/71.416560] [ 732/0.000528]
  2   0 100, 0.000584 [0.001304/71.410761] [ 782/0.000528]
  2   0 150, 0.000573 [0.003155/71.404969] [ 832/0.000528]
  2   0 200, 0.000667 [0.000614/71.399190] [ 882/0.000528]
  2   0 250, 0.000646 [0.001582/71.393410] [ 932/0.000528]
  2   0 300, 0.000552 [0.005697/71.387623] [ 982/0.000528]
  2   0 350, 0.000770 [0.001107/71.381863] [1032/0.000528]
Epoch 0 done. Evaluation:
(50000, 50000)
(8443, 10000)
  2   1  50, 0.000549 [0.001438/71.371333] [1123/0.000528]
  2   1 100, 0.000572 [0.001278/71.365553] [1173/0.000528]
  2   1 150, 0.000617 [0.001317/71.359781] [1223/0.000528]
  2   1 200, 0.000491 [0.000634/71.353996] [   0/0.000491]
  2   1 250, 0.000612 [0.000731/71.348224] [  50/0.000491]
  2   1 300, 0.000622 [0.001577/71.342458] [ 100/0.000491]
  2   1 350, 0.000504 [0.000770/71.336681] [ 150/0.000491]
Epoch 1 done. Evaluation:
(50000, 50000)
(8446, 10000)
  2   2  50, 0.000595 [0.002591/71.326196] [ 241/0.000491]
  2   2 100, 0.000570 [0.000625/71.320435] [ 291/0.000491]
  2   2 150, 0.000467 [0.001371/71.314660] [   0/0.000467]
  2   2 200, 0.000489 [0.000675/71.308889] [  50/0.000467]
  2   2 250, 0.000529 [0.002008/71.303131] [ 100/0.000467]
  2   2 300, 0.000556 [0.000545/71.297373] [ 150/0.000467]
  2   2 350, 0.000706 [0.004645/71.291635] [ 200/0.000467]
Epoch 2 done. Evaluation:
(50000, 50000)
(8460, 10000)
  2   3  50, 0.000536 [0.000666/71.281162] [ 291/0.000467]
  2   3 100, 0.000534 [0.005463/71.275408] [ 341/0.000467]
  2   3 150, 0.000501 [0.001632/71.269657] [ 391/0.000467]
  2   3 200, 0.000440 [0.000570/71.263898] [   0/0.000440]
  2   3 250, 0.000441 [0.002689/71.258140] [  50/0.000440]
  2   3 300, 0.000451 [0.001179/71.252387] [ 100/0.000440]
  2   3 350, 0.000812 [0.001710/71.246673] [ 150/0.000440]
Epoch 3 done. Evaluation:
(49999, 50000)
(8454, 10000)
  2   4  50, 0.000631 [0.000691/71.236240] [ 241/0.000440]
  2   4 100, 0.000502 [0.000940/71.230501] [ 291/0.000440]
  2   4 150, 0.000479 [0.000722/71.224763] [ 341/0.000440]
  2   4 200, 0.000654 [0.001856/71.219044] [ 391/0.000440]
  2   4 250, 0.000522 [0.002932/71.213311] [ 441/0.000440]
  2   4 300, 0.000433 [0.003531/71.207570] [   0/0.000433]
  2   4 350, 0.000544 [0.000409/71.201846] [  50/0.000433]
Epoch 4 done. Evaluation:
(50000, 50000)
(8437, 10000)
  2   5  50, 0.000579 [0.000347/71.191450] [ 141/0.000433]
  2   5 100, 0.000501 [0.001305/71.185726] [ 191/0.000433]
  2   5 150, 0.000559 [0.004828/71.180011] [ 241/0.000433]
  2   5 200, 0.000496 [0.000915/71.174291] [ 291/0.000433]
  2   5 250, 0.000576 [0.000903/71.168585] [ 341/0.000433]
  2   5 300, 0.000600 [0.001494/71.162881] [ 391/0.000433]
  2   5 350, 0.000520 [0.000480/71.157172] [ 441/0.000433]
Epoch 5 done. Evaluation:
(50000, 50000)
(8452, 10000)
  2   6  50, 0.000539 [0.001739/71.146780] [ 532/0.000433]
  2   6 100, 0.000417 [0.001307/71.141061] [   0/0.000417]
  2   6 150, 0.000402 [0.001067/71.135344] [   0/0.000402]
  2   6 200, 0.000459 [0.001030/71.129640] [  50/0.000402]
  2   6 250, 0.000459 [0.001024/71.123930] [ 100/0.000402]
  2   6 300, 0.000496 [0.002815/71.118231] [ 150/0.000402]
  2   6 350, 0.000623 [0.001350/71.112546] [ 200/0.000402]
Epoch 6 done. Evaluation:
(50000, 50000)
(8445, 10000)
  2   7  50, 0.000741 [0.000945/71.102199] [ 291/0.000402]
  2   7 100, 0.000501 [0.004153/71.096505] [ 341/0.000402]
  2   7 150, 0.000548 [0.000678/71.090821] [ 391/0.000402]
  2   7 200, 0.000447 [0.000538/71.085128] [ 441/0.000402]
  2   7 250, 0.000446 [0.000723/71.079435] [ 491/0.000402]
  2   7 300, 0.000496 [0.003123/71.073753] [ 541/0.000402]
  2   7 350, 0.000467 [0.001874/71.068069] [ 591/0.000402]
Epoch 7 done. Evaluation:
(49999, 50000)
(8444, 10000)
  2   8  50, 0.000488 [0.000666/71.057736] [ 682/0.000402]
  2   8 100, 0.000396 [0.000784/71.052045] [   0/0.000396]
  2   8 150, 0.000575 [0.003552/71.046382] [  50/0.000396]
  2   8 200, 0.000567 [0.001454/71.040719] [ 100/0.000396]
  2   8 250, 0.000491 [0.002672/71.035047] [ 150/0.000396]
  2   8 300, 0.000480 [0.008919/71.029376] [ 200/0.000396]
  2   8 350, 0.000433 [0.001382/71.023700] [ 250/0.000396]
Epoch 8 done. Evaluation:
(50000, 50000)
(8431, 10000)
  2   9  50, 0.000549 [0.000819/71.013386] [ 341/0.000396]
  2   9 100, 0.000457 [0.000718/71.007718] [ 391/0.000396]
  2   9 150, 0.000500 [0.000426/71.002060] [ 441/0.000396]
  2   9 200, 0.000439 [0.001838/70.996395] [ 491/0.000396]
  2   9 250, 0.000557 [0.001507/70.990751] [ 541/0.000396]
  2   9 300, 0.000429 [0.000410/70.985091] [ 591/0.000396]
  2   9 350, 0.000419 [0.000904/70.979427] [ 641/0.000396]
Epoch 9 done. Evaluation:
(49999, 50000)
(8440, 10000)
  2  10  50, 0.000503 [0.000451/70.969147] [ 732/0.000396]
  2  10 100, 0.000388 [0.002670/70.963491] [   0/0.000388]
  2  10 150, 0.000499 [0.000663/70.957848] [  50/0.000388]
  2  10 200, 0.000436 [0.000591/70.952198] [ 100/0.000388]
  2  10 250, 0.000452 [0.000497/70.946551] [ 150/0.000388]
  2  10 300, 0.000583 [0.000742/70.940925] [ 200/0.000388]
  2  10 350, 0.000450 [0.001700/70.935283] [ 250/0.000388]
Epoch 10 done. Evaluation:
(50000, 50000)
(8449, 10000)
  2  11  50, 0.000471 [0.001088/70.925023] [ 341/0.000388]
  2  11 100, 0.000430 [0.000804/70.919386] [ 391/0.000388]
  2  11 150, 0.000463 [0.001015/70.913747] [ 441/0.000388]
  2  11 200, 0.000437 [0.000589/70.908113] [ 491/0.000388]
  2  11 250, 0.000383 [0.001164/70.902477] [   0/0.000383]
  2  11 300, 0.000473 [0.004035/70.896852] [  50/0.000383]
  2  11 350, 0.000404 [0.000963/70.891221] [ 100/0.000383]
Epoch 11 done. Evaluation:
(50000, 50000)
(8432, 10000)
  2  12  50, 0.000384 [0.000536/70.880975] [ 191/0.000383]
  2  12 100, 0.000394 [0.000482/70.875348] [ 241/0.000383]
  2  12 150, 0.000409 [0.000548/70.869726] [ 291/0.000383]
  2  12 200, 0.000390 [0.000320/70.864102] [ 341/0.000383]
  2  12 250, 0.000400 [0.000755/70.858483] [ 391/0.000383]
  2  12 300, 0.000392 [0.000645/70.852864] [ 441/0.000383]
  2  12 350, 0.000457 [0.000675/70.847256] [ 491/0.000383]
Epoch 12 done. Evaluation:
(50000, 50000)
(8443, 10000)
  2  13  50, 0.000461 [0.001434/70.837050] [ 582/0.000383]
  2  13 100, 0.000453 [0.000816/70.831444] [ 632/0.000383]
  2  13 150, 0.000462 [0.001929/70.825843] [ 682/0.000383]
  2  13 200, 0.000385 [0.000973/70.820235] [ 732/0.000383]
  2  13 250, 0.000403 [0.000354/70.814630] [ 782/0.000383]
  2  13 300, 0.000398 [0.000499/70.809025] [ 832/0.000383]
  2  13 350, 0.000434 [0.000402/70.803430] [ 882/0.000383]
Epoch 13 done. Evaluation:
(50000, 50000)
(8442, 10000)
  2  14  50, 0.000412 [0.000723/70.793244] [ 973/0.000383]
  2  14 100, 0.000439 [0.000842/70.787655] [1023/0.000383]
  2  14 150, 0.000431 [0.000490/70.782068] [1073/0.000383]
  2  14 200, 0.000479 [0.000370/70.776486] [1123/0.000383]
  2  14 250, 0.000429 [0.002843/70.770901] [1173/0.000383]
  2  14 300, 0.000405 [0.000617/70.765316] [1223/0.000383]
  2  14 350, 0.000376 [0.000386/70.759727] [   0/0.000376]
Epoch 14 done. Evaluation:
(50000, 50000)
(8447, 10000)
  2  15  50, 0.000395 [0.001322/70.749559] [  91/0.000376]
  2  15 100, 0.000376 [0.000789/70.743975] [   0/0.000376]
  2  15 150, 0.000343 [0.000998/70.738389] [   0/0.000343]
  2  15 200, 0.000486 [0.002622/70.732828] [  50/0.000343]
  2  15 250, 0.000397 [0.000397/70.727250] [ 100/0.000343]
  2  15 300, 0.000426 [0.000699/70.721680] [ 150/0.000343]
  2  15 350, 0.000479 [0.000494/70.716118] [ 200/0.000343]
Epoch 15 done. Evaluation:
(50000, 50000)
(8436, 10000)
  2  16  50, 0.000400 [0.003810/70.705983] [ 291/0.000343]
  2  16 100, 0.000401 [0.000789/70.700419] [ 341/0.000343]
  2  16 150, 0.000433 [0.000897/70.694854] [ 391/0.000343]
  2  16 200, 0.000394 [0.001478/70.689296] [ 441/0.000343]
  2  16 250, 0.000375 [0.001843/70.683734] [ 491/0.000343]
  2  16 300, 0.000310 [0.000529/70.678161] [   0/0.000310]
  2  16 350, 0.000353 [0.000713/70.672599] [  50/0.000310]
Epoch 16 done. Evaluation:
(50000, 50000)
(8457, 10000)
  2  17  50, 0.000345 [0.000935/70.662485] [ 141/0.000310]
  2  17 100, 0.000403 [0.000605/70.656936] [ 191/0.000310]
  2  17 150, 0.000385 [0.005750/70.651387] [ 241/0.000310]
  2  17 200, 0.000367 [0.000495/70.645839] [ 291/0.000310]
  2  17 250, 0.000325 [0.000338/70.640285] [ 341/0.000310]
  2  17 300, 0.000328 [0.000635/70.634731] [ 391/0.000310]
  2  17 350, 0.000495 [0.001093/70.629203] [ 441/0.000310]
Epoch 17 done. Evaluation:
(50000, 50000)
(8443, 10000)
  2  18  50, 0.000311 [0.000762/70.619112] [ 532/0.000310]
  2  18 100, 0.000412 [0.001360/70.613581] [ 582/0.000310]
  2  18 150, 0.000360 [0.000411/70.608040] [ 632/0.000310]
  2  18 200, 0.000329 [0.000906/70.602501] [ 682/0.000310]
  2  18 250, 0.000363 [0.000370/70.596966] [ 732/0.000310]
  2  18 300, 0.000316 [0.002007/70.591426] [ 782/0.000310]
  2  18 350, 0.000283 [0.001172/70.585885] [   0/0.000283]
Epoch 18 done. Evaluation:
(50000, 50000)
(8432, 10000)
  2  19  50, 0.000434 [0.001091/70.575846] [  91/0.000283]
  2  19 100, 0.000312 [0.000984/70.570313] [ 141/0.000283]
  2  19 150, 0.000357 [0.000931/70.564790] [ 191/0.000283]
  2  19 200, 0.000365 [0.000545/70.559268] [ 241/0.000283]
  2  19 250, 0.000307 [0.001116/70.553743] [ 291/0.000283]
  2  19 300, 0.000420 [0.000592/70.548231] [ 341/0.000283]
  2  19 350, 0.000315 [0.001363/70.542706] [ 391/0.000283]
Epoch 19 done. Evaluation:
(50000, 50000)
(8447, 10000)
  3   0  50, 0.000339 [0.000677/70.535432] [ 482/0.000283]
  3   0 100, 0.000278 [0.001363/70.532669] [   0/0.000278]
  3   0 150, 0.000384 [0.000164/70.529916] [  50/0.000278]
  3   0 200, 0.000341 [0.003608/70.527156] [ 100/0.000278]
  3   0 250, 0.000367 [0.000358/70.524404] [ 150/0.000278]
  3   0 300, 0.000397 [0.000245/70.521650] [ 200/0.000278]
  3   0 350, 0.000328 [0.000722/70.518894] [ 250/0.000278]
Epoch 0 done. Evaluation:
(50000, 50000)
(8448, 10000)
  3   1  50, 0.000366 [0.000455/70.513883] [ 341/0.000278]
  3   1 100, 0.000314 [0.000315/70.511126] [ 391/0.000278]
  3   1 150, 0.000330 [0.000410/70.508373] [ 441/0.000278]
  3   1 200, 0.000353 [0.000245/70.505619] [ 491/0.000278]
  3   1 250, 0.000359 [0.000308/70.502867] [ 541/0.000278]
  3   1 300, 0.000362 [0.000385/70.500118] [ 591/0.000278]
  3   1 350, 0.000455 [0.000455/70.497373] [ 641/0.000278]
Epoch 1 done. Evaluation:
(50000, 50000)
(8450, 10000)
  3   2  50, 0.000324 [0.000683/70.492363] [ 732/0.000278]
  3   2 100, 0.000362 [0.000578/70.489611] [ 782/0.000278]
  3   2 150, 0.000366 [0.000533/70.486863] [ 832/0.000278]
  3   2 200, 0.000315 [0.000167/70.484112] [ 882/0.000278]
  3   2 250, 0.000345 [0.000198/70.481363] [ 932/0.000278]
  3   2 300, 0.000344 [0.000254/70.478613] [ 982/0.000278]
  3   2 350, 0.000393 [0.000494/70.475868] [1032/0.000278]
Epoch 2 done. Evaluation:
(50000, 50000)
(8434, 10000)
  3   3  50, 0.000345 [0.000368/70.470876] [1123/0.000278]
  3   3 100, 0.000405 [0.000338/70.468129] [1173/0.000278]
  3   3 150, 0.000365 [0.001671/70.465384] [1223/0.000278]
  3   3 200, 0.000343 [0.000386/70.462639] [1273/0.000278]
  3   3 250, 0.000392 [0.000173/70.459897] [1323/0.000278]
  3   3 300, 0.000314 [0.000315/70.457147] [1373/0.000278]
  3   3 350, 0.000428 [0.000877/70.454408] [1423/0.000278]
Epoch 3 done. Evaluation:
(50000, 50000)
(8432, 10000)
  3   4  50, 0.000364 [0.000155/70.449422] [1514/0.000278]
  3   4 100, 0.000419 [0.000193/70.446684] [1564/0.000278]
  3   4 150, 0.000321 [0.002715/70.443939] [1614/0.000278]
  3   4 200, 0.000333 [0.000401/70.441195] [1664/0.000278]
  3   4 250, 0.000294 [0.000240/70.438451] [1714/0.000278]
  3   4 300, 0.000375 [0.000245/70.435711] [1764/0.000278]
  3   4 350, 0.000408 [0.000812/70.432977] [1814/0.000278]
Epoch 4 done. Evaluation:
(50000, 50000)
(8448, 10000)
  3   5  50, 0.000363 [0.001706/70.427986] [1905/0.000278]
  3   5 100, 0.000369 [0.000185/70.425249] [1955/0.000278]
  3   5 150, 0.000277 [0.000617/70.422505] [   0/0.000277]
  3   5 200, 0.000323 [0.000691/70.419766] [  50/0.000277]
  3   5 250, 0.000350 [0.000235/70.417027] [ 100/0.000277]
  3   5 300, 0.000294 [0.000284/70.414286] [ 150/0.000277]
  3   5 350, 0.000347 [0.000665/70.411549] [ 200/0.000277]
Epoch 5 done. Evaluation:
(50000, 50000)
(8437, 10000)
  3   6  50, 0.000337 [0.000771/70.406567] [ 291/0.000277]
  3   6 100, 0.000364 [0.000687/70.403832] [ 341/0.000277]
  3   6 150, 0.000335 [0.000207/70.401097] [ 391/0.000277]
  3   6 200, 0.000368 [0.000174/70.398362] [ 441/0.000277]
  3   6 250, 0.000357 [0.000210/70.395631] [ 491/0.000277]
  3   6 300, 0.000293 [0.000456/70.392895] [ 541/0.000277]
  3   6 350, 0.000284 [0.000225/70.390155] [ 591/0.000277]
Epoch 6 done. Evaluation:
(50000, 50000)
(8447, 10000)
  3   7  50, 0.000340 [0.000197/70.385182] [ 682/0.000277]
  3   7 100, 0.000340 [0.000379/70.382449] [ 732/0.000277]
  3   7 150, 0.000291 [0.001405/70.379713] [ 782/0.000277]
  3   7 200, 0.000359 [0.000616/70.376983] [ 832/0.000277]
  3   7 250, 0.000346 [0.000243/70.374252] [ 882/0.000277]
  3   7 300, 0.000457 [0.000818/70.371527] [ 932/0.000277]
  3   7 350, 0.000377 [0.000397/70.368798] [ 982/0.000277]
Epoch 7 done. Evaluation:
(50000, 50000)
(8457, 10000)
  3   8  50, 0.000339 [0.000381/70.363834] [1073/0.000277]
  3   8 100, 0.000290 [0.000471/70.361103] [1123/0.000277]
  3   8 150, 0.000286 [0.000982/70.358373] [1173/0.000277]
  3   8 200, 0.000336 [0.000184/70.355642] [1223/0.000277]
  3   8 250, 0.000356 [0.000184/70.352913] [1273/0.000277]
  3   8 300, 0.000275 [0.000239/70.350181] [   0/0.000275]
  3   8 350, 0.000377 [0.000792/70.347459] [  50/0.000275]
Epoch 8 done. Evaluation:
(50000, 50000)
(8454, 10000)
  3   9  50, 0.000352 [0.000235/70.342497] [ 141/0.000275]
  3   9 100, 0.000320 [0.000411/70.339771] [ 191/0.000275]
  3   9 150, 0.000319 [0.000835/70.337047] [ 241/0.000275]
  3   9 200, 0.000281 [0.000371/70.334317] [ 291/0.000275]
  3   9 250, 0.000328 [0.000368/70.331592] [ 341/0.000275]
  3   9 300, 0.000286 [0.000421/70.328865] [ 391/0.000275]
  3   9 350, 0.000400 [0.000353/70.326145] [ 441/0.000275]
Epoch 9 done. Evaluation:
(50000, 50000)
(8438, 10000)
  3  10  50, 0.000321 [0.000185/70.321191] [ 532/0.000275]
  3  10 100, 0.000292 [0.001929/70.318469] [ 582/0.000275]
  3  10 150, 0.000303 [0.001158/70.315744] [ 632/0.000275]
  3  10 200, 0.000335 [0.000443/70.313024] [ 682/0.000275]
  3  10 250, 0.000339 [0.000458/70.310302] [ 732/0.000275]
  3  10 300, 0.000308 [0.000511/70.307580] [ 782/0.000275]
  3  10 350, 0.000297 [0.000453/70.304856] [ 832/0.000275]
Epoch 10 done. Evaluation:
(50000, 50000)
(8431, 10000)
  3  11  50, 0.000277 [0.000254/70.299907] [ 923/0.000275]
  3  11 100, 0.000337 [0.000364/70.297189] [ 973/0.000275]
  3  11 150, 0.000389 [0.000745/70.294471] [1023/0.000275]
  3  11 200, 0.000350 [0.001560/70.291756] [1073/0.000275]
  3  11 250, 0.000349 [0.000365/70.289040] [1123/0.000275]
  3  11 300, 0.000389 [0.000234/70.286324] [1173/0.000275]
  3  11 350, 0.000276 [0.000731/70.283607] [1223/0.000275]
Epoch 11 done. Evaluation:
(50000, 50000)
(8444, 10000)
  3  12  50, 0.000321 [0.000369/70.278659] [1314/0.000275]
  3  12 100, 0.000266 [0.000331/70.275939] [   0/0.000266]
  3  12 150, 0.000328 [0.000329/70.273225] [  50/0.000266]
  3  12 200, 0.000319 [0.000203/70.270509] [ 100/0.000266]
  3  12 250, 0.000344 [0.000552/70.267796] [ 150/0.000266]
  3  12 300, 0.000238 [0.000312/70.265076] [   0/0.000238]
  3  12 350, 0.000374 [0.004984/70.262362] [  50/0.000238]
Epoch 12 done. Evaluation:
(50000, 50000)
(8438, 10000)
  3  13  50, 0.000315 [0.000316/70.257430] [ 141/0.000238]
  3  13 100, 0.000321 [0.000260/70.254717] [ 191/0.000238]
  3  13 150, 0.000328 [0.000366/70.252004] [ 241/0.000238]
  3  13 200, 0.000265 [0.000426/70.249291] [ 291/0.000238]
  3  13 250, 0.000339 [0.000907/70.246580] [ 341/0.000238]
  3  13 300, 0.000337 [0.000477/70.243871] [ 391/0.000238]
  3  13 350, 0.000306 [0.000518/70.241160] [ 441/0.000238]
Epoch 13 done. Evaluation:
(50000, 50000)
(8436, 10000)
  3  14  50, 0.000380 [0.005122/70.236234] [ 532/0.000238]
  3  14 100, 0.000342 [0.000228/70.233524] [ 582/0.000238]
  3  14 150, 0.000349 [0.001668/70.230818] [ 632/0.000238]
  3  14 200, 0.000323 [0.000220/70.228109] [ 682/0.000238]
  3  14 250, 0.000284 [0.000847/70.225400] [ 732/0.000238]
  3  14 300, 0.000308 [0.000279/70.222691] [ 782/0.000238]
  3  14 350, 0.000296 [0.000279/70.219982] [ 832/0.000238]
Epoch 14 done. Evaluation:
(50000, 50000)
(8443, 10000)
  3  15  50, 0.000304 [0.001238/70.215064] [ 923/0.000238]
  3  15 100, 0.000435 [0.000261/70.212362] [ 973/0.000238]
  3  15 150, 0.000305 [0.000204/70.209656] [1023/0.000238]
  3  15 200, 0.000263 [0.000809/70.206946] [1073/0.000238]
  3  15 250, 0.000351 [0.000288/70.204245] [1123/0.000238]
  3  15 300, 0.000271 [0.000235/70.201538] [1173/0.000238]
  3  15 350, 0.000412 [0.000485/70.198839] [1223/0.000238]
Epoch 15 done. Evaluation:
(50000, 50000)
(8441, 10000)
  3  16  50, 0.000336 [0.000223/70.193914] [1314/0.000238]
  3  16 100, 0.000300 [0.000243/70.191210] [1364/0.000238]
  3  16 150, 0.000292 [0.000416/70.188509] [1414/0.000238]
  3  16 200, 0.000343 [0.000371/70.185809] [1464/0.000238]
  3  16 250, 0.000389 [0.000228/70.183111] [1514/0.000238]
  3  16 300, 0.000293 [0.000275/70.180410] [1564/0.000238]
  3  16 350, 0.000293 [0.000206/70.177709] [1614/0.000238]
Epoch 16 done. Evaluation:
(50000, 50000)
(8447, 10000)
  3  17  50, 0.000313 [0.000272/70.172801] [1705/0.000238]
  3  17 100, 0.000288 [0.000736/70.170098] [1755/0.000238]
  3  17 150, 0.000275 [0.000277/70.167396] [1805/0.000238]
  3  17 200, 0.000311 [0.000783/70.164697] [1855/0.000238]
  3  17 250, 0.000281 [0.001703/70.161997] [1905/0.000238]
  3  17 300, 0.000352 [0.000335/70.159304] [1955/0.000238]
  3  17 350, 0.000287 [0.000218/70.156606] [2005/0.000238]
Epoch 17 done. Evaluation:
(50000, 50000)
(8441, 10000)
  3  18  50, 0.000332 [0.000226/70.151702] [2096/0.000238]
  3  18 100, 0.000338 [0.000182/70.149007] [2146/0.000238]
  3  18 150, 0.000274 [0.000398/70.146310] [2196/0.000238]
  3  18 200, 0.000290 [0.000476/70.143617] [2246/0.000238]
  3  18 250, 0.000300 [0.000422/70.140920] [2296/0.000238]
  3  18 300, 0.000455 [0.000190/70.138232] [2346/0.000238]
  3  18 350, 0.000310 [0.000412/70.135540] [2396/0.000238]
Epoch 18 done. Evaluation:
(50000, 50000)
(8444, 10000)
  3  19  50, 0.000271 [0.000531/70.130636] [2487/0.000238]
  3  19 100, 0.000273 [0.000772/70.127943] [2537/0.000238]
  3  19 150, 0.000288 [0.000345/70.125248] [2587/0.000238]
  3  19 200, 0.000320 [0.000235/70.122557] [2637/0.000238]
  3  19 250, 0.000260 [0.000202/70.119862] [2687/0.000238]
  3  19 300, 0.000371 [0.000284/70.117175] [2737/0.000238]
  3  19 350, 0.000346 [0.000189/70.114487] [2787/0.000238]
Epoch 19 done. Evaluation:
(50000, 50000)
(8431, 10000)
  4   0  50, 0.000268 [0.000798/70.110936] [2878/0.000238]
  4   0 100, 0.000311 [0.000173/70.109591] [2928/0.000238]
  4   0 150, 0.000305 [0.000184/70.108248] [2978/0.000238]
  4   0 200, 0.000261 [0.000164/70.106904] [3028/0.000238]
  4   0 250, 0.000279 [0.000136/70.105558] [3078/0.000238]
  4   0 300, 0.000349 [0.000199/70.104216] [3128/0.000238]
  4   0 350, 0.000273 [0.000251/70.102868] [3178/0.000238]
Epoch 0 done. Evaluation:
(50000, 50000)
(8438, 10000)
  4   1  50, 0.000308 [0.000345/70.100425] [3269/0.000238]
  4   1 100, 0.000274 [0.000162/70.099078] [3319/0.000238]
  4   1 150, 0.000303 [0.000275/70.097737] [3369/0.000238]
  4   1 200, 0.000293 [0.000281/70.096393] [3419/0.000238]
  4   1 250, 0.000252 [0.000124/70.095046] [3469/0.000238]
  4   1 300, 0.000297 [0.000201/70.093704] [3519/0.000238]
  4   1 350, 0.000280 [0.000229/70.092359] [3569/0.000238]
Epoch 1 done. Evaluation:
(50000, 50000)
(8435, 10000)
  4   2  50, 0.000299 [0.000123/70.089915] [3660/0.000238]
  4   2 100, 0.000226 [0.000116/70.088570] [   0/0.000226]
  4   2 150, 0.000269 [0.000191/70.087228] [  50/0.000226]
  4   2 200, 0.000478 [0.001279/70.085885] [ 100/0.000226]
  4   2 250, 0.000276 [0.000167/70.084543] [ 150/0.000226]
  4   2 300, 0.000356 [0.000126/70.083201] [ 200/0.000226]
  4   2 350, 0.000274 [0.000118/70.081857] [ 250/0.000226]
Epoch 2 done. Evaluation:
(50000, 50000)
(8446, 10000)
  4   3  50, 0.000263 [0.000184/70.079414] [ 341/0.000226]
  4   3 100, 0.000257 [0.000130/70.078073] [ 391/0.000226]
  4   3 150, 0.000281 [0.000192/70.076730] [ 441/0.000226]
  4   3 200, 0.000270 [0.000131/70.075386] [ 491/0.000226]
  4   3 250, 0.000251 [0.000123/70.074043] [ 541/0.000226]
  4   3 300, 0.000312 [0.000151/70.072700] [ 591/0.000226]
  4   3 350, 0.000284 [0.000217/70.071358] [ 641/0.000226]
Epoch 3 done. Evaluation:
(50000, 50000)
(8454, 10000)
  4   4  50, 0.000366 [0.000219/70.068918] [ 732/0.000226]
  4   4 100, 0.000291 [0.000272/70.067577] [ 782/0.000226]
  4   4 150, 0.000250 [0.000287/70.066237] [ 832/0.000226]
  4   4 200, 0.000280 [0.000264/70.064893] [ 882/0.000226]
  4   4 250, 0.000257 [0.000205/70.063552] [ 932/0.000226]
  4   4 300, 0.000258 [0.000133/70.062209] [ 982/0.000226]
  4   4 350, 0.000286 [0.000139/70.060868] [1032/0.000226]
Epoch 4 done. Evaluation:
(50000, 50000)
(8431, 10000)
  4   5  50, 0.000350 [0.000657/70.058432] [1123/0.000226]
  4   5 100, 0.000357 [0.000170/70.057092] [1173/0.000226]
  4   5 150, 0.000277 [0.000173/70.055751] [1223/0.000226]
  4   5 200, 0.000263 [0.000163/70.054410] [1273/0.000226]
  4   5 250, 0.000310 [0.000237/70.053069] [1323/0.000226]
  4   5 300, 0.000275 [0.000156/70.051728] [1373/0.000226]
  4   5 350, 0.000232 [0.000170/70.050387] [1423/0.000226]
Epoch 5 done. Evaluation:
(50000, 50000)
(8429, 10000)
  4   6  50, 0.000344 [0.000272/70.047950] [1514/0.000226]
  4   6 100, 0.000244 [0.000618/70.046606] [1564/0.000226]
  4   6 150, 0.000278 [0.000465/70.045267] [1614/0.000226]
  4   6 200, 0.000306 [0.000149/70.043926] [1664/0.000226]
  4   6 250, 0.000305 [0.000120/70.042588] [1714/0.000226]
  4   6 300, 0.000281 [0.000133/70.041247] [1764/0.000226]
  4   6 350, 0.000356 [0.000184/70.039909] [1814/0.000226]
Epoch 6 done. Evaluation:
(50000, 50000)
(8443, 10000)
  4   7  50, 0.000284 [0.000669/70.037472] [1905/0.000226]
  4   7 100, 0.000250 [0.000191/70.036132] [1955/0.000226]
  4   7 150, 0.000309 [0.000285/70.034794] [2005/0.000226]
  4   7 200, 0.000316 [0.000323/70.033458] [2055/0.000226]
  4   7 250, 0.000271 [0.000121/70.032114] [2105/0.000226]
  4   7 300, 0.000290 [0.000239/70.030778] [2155/0.000226]
  4   7 350, 0.000287 [0.000144/70.029441] [2205/0.000226]
Epoch 7 done. Evaluation:
(50000, 50000)
(8443, 10000)
  4   8  50, 0.000294 [0.000340/70.027005] [2296/0.000226]
  4   8 100, 0.000271 [0.000391/70.025664] [2346/0.000226]
  4   8 150, 0.000284 [0.000226/70.024326] [2396/0.000226]
  4   8 200, 0.000308 [0.000117/70.022991] [2446/0.000226]
  4   8 250, 0.000248 [0.000142/70.021651] [2496/0.000226]
  4   8 300, 0.000355 [0.000154/70.020315] [2546/0.000226]
  4   8 350, 0.000275 [0.000187/70.018977] [2596/0.000226]
Epoch 8 done. Evaluation:
(50000, 50000)
(8449, 10000)
  4   9  50, 0.000328 [0.000153/70.016542] [2687/0.000226]
  4   9 100, 0.000273 [0.000139/70.015206] [2737/0.000226]
  4   9 150, 0.000285 [0.000126/70.013869] [2787/0.000226]
  4   9 200, 0.000309 [0.000144/70.012531] [2837/0.000226]
  4   9 250, 0.000310 [0.000123/70.011196] [2887/0.000226]
  4   9 300, 0.000275 [0.000197/70.009860] [2937/0.000226]
  4   9 350, 0.000277 [0.000242/70.008522] [2987/0.000226]
Epoch 9 done. Evaluation:
(50000, 50000)
(8451, 10000)
  4  10  50, 0.000485 [0.000132/70.006093] [3078/0.000226]
  4  10 100, 0.000269 [0.000187/70.004754] [3128/0.000226]
  4  10 150, 0.000436 [0.000444/70.003419] [3178/0.000226]
  4  10 200, 0.000267 [0.000183/70.002084] [3228/0.000226]
  4  10 250, 0.000288 [0.000181/70.000746] [3278/0.000226]
  4  10 300, 0.000236 [0.000157/69.999408] [3328/0.000226]
  4  10 350, 0.000293 [0.000276/69.998071] [3378/0.000226]
Epoch 10 done. Evaluation:
(49999, 50000)
(8450, 10000)
  4  11  50, 0.000278 [0.000152/69.995642] [3469/0.000226]
  4  11 100, 0.000274 [0.000131/69.994306] [3519/0.000226]
  4  11 150, 0.000365 [0.000155/69.992972] [3569/0.000226]
  4  11 200, 0.000346 [0.000483/69.991641] [3619/0.000226]
  4  11 250, 0.000228 [0.000196/69.990302] [3669/0.000226]
  4  11 300, 0.000277 [0.000163/69.988965] [3719/0.000226]
  4  11 350, 0.000260 [0.000175/69.987630] [3769/0.000226]
Epoch 11 done. Evaluation:
(50000, 50000)
(8425, 10000)
  4  12  50, 0.000401 [0.000142/69.985202] [3860/0.000226]
  4  12 100, 0.000193 [0.000196/69.983862] [   0/0.000193]
  4  12 150, 0.000263 [0.000136/69.982527] [  50/0.000193]
  4  12 200, 0.000309 [0.000267/69.981196] [ 100/0.000193]
  4  12 250, 0.000304 [0.000151/69.979861] [ 150/0.000193]
  4  12 300, 0.000312 [0.000129/69.978526] [ 200/0.000193]
  4  12 350, 0.000298 [0.000136/69.977190] [ 250/0.000193]
Epoch 12 done. Evaluation:
(50000, 50000)
(8438, 10000)
  4  13  50, 0.000259 [0.000136/69.974767] [ 341/0.000193]
  4  13 100, 0.000258 [0.000143/69.973429] [ 391/0.000193]
  4  13 150, 0.000280 [0.000241/69.972097] [ 441/0.000193]
  4  13 200, 0.000224 [0.000128/69.970762] [ 491/0.000193]
  4  13 250, 0.000259 [0.000188/69.969426] [ 541/0.000193]
  4  13 300, 0.000240 [0.000256/69.968091] [ 591/0.000193]
  4  13 350, 0.000264 [0.000233/69.966757] [ 641/0.000193]
Epoch 13 done. Evaluation:
(50000, 50000)
(8440, 10000)
  4  14  50, 0.000259 [0.000282/69.964329] [ 732/0.000193]
  4  14 100, 0.000239 [0.000166/69.962994] [ 782/0.000193]
  4  14 150, 0.000299 [0.000228/69.961661] [ 832/0.000193]
  4  14 200, 0.000283 [0.000176/69.960329] [ 882/0.000193]
  4  14 250, 0.000285 [0.000138/69.958995] [ 932/0.000193]
  4  14 300, 0.000247 [0.000291/69.957661] [ 982/0.000193]
  4  14 350, 0.000299 [0.000268/69.956330] [1032/0.000193]
Epoch 14 done. Evaluation:
(50000, 50000)
(8434, 10000)
  4  15  50, 0.000270 [0.000166/69.953905] [1123/0.000193]
  4  15 100, 0.000305 [0.000141/69.952572] [1173/0.000193]
  4  15 150, 0.000257 [0.000189/69.951240] [1223/0.000193]
  4  15 200, 0.000267 [0.000184/69.949907] [1273/0.000193]
  4  15 250, 0.000301 [0.000138/69.948576] [1323/0.000193]
  4  15 300, 0.000397 [0.000128/69.947246] [1373/0.000193]
  4  15 350, 0.000257 [0.000175/69.945912] [1423/0.000193]
Epoch 15 done. Evaluation:
(50000, 50000)
(8454, 10000)
  4  16  50, 0.000311 [0.000144/69.943490] [1514/0.000193]
  4  16 100, 0.000257 [0.000206/69.942155] [1564/0.000193]
  4  16 150, 0.000266 [0.000202/69.940825] [1614/0.000193]
  4  16 200, 0.000269 [0.000137/69.939491] [1664/0.000193]
  4  16 250, 0.000292 [0.000247/69.938163] [1714/0.000193]
  4  16 300, 0.000284 [0.000122/69.936833] [1764/0.000193]
  4  16 350, 0.000268 [0.000119/69.935500] [1814/0.000193]
Epoch 16 done. Evaluation:
(50000, 50000)
(8446, 10000)
  4  17  50, 0.000314 [0.000168/69.933078] [1905/0.000193]
  4  17 100, 0.000287 [0.000599/69.931748] [1955/0.000193]
  4  17 150, 0.000256 [0.000276/69.930416] [2005/0.000193]
  4  17 200, 0.000286 [0.000328/69.929086] [2055/0.000193]
  4  17 250, 0.000262 [0.000156/69.927754] [2105/0.000193]
  4  17 300, 0.000301 [0.000176/69.926425] [2155/0.000193]
  4  17 350, 0.000272 [0.000266/69.925093] [2205/0.000193]
Epoch 17 done. Evaluation:
(50000, 50000)
(8433, 10000)
  4  18  50, 0.000260 [0.000190/69.922673] [2296/0.000193]
  4  18 100, 0.000315 [0.000410/69.921345] [2346/0.000193]
  4  18 150, 0.000285 [0.000225/69.920014] [2396/0.000193]
  4  18 200, 0.000289 [0.000243/69.918684] [2446/0.000193]
  4  18 250, 0.000321 [0.001473/69.917359] [2496/0.000193]
  4  18 300, 0.000327 [0.000385/69.916029] [2546/0.000193]
  4  18 350, 0.000289 [0.000144/69.914700] [2596/0.000193]
Epoch 18 done. Evaluation:
(50000, 50000)
(8446, 10000)
  4  19  50, 0.000310 [0.000326/69.912279] [2687/0.000193]
  4  19 100, 0.000295 [0.000330/69.910953] [2737/0.000193]
  4  19 150, 0.000247 [0.000156/69.909623] [2787/0.000193]
  4  19 200, 0.000290 [0.000151/69.908291] [2837/0.000193]
  4  19 250, 0.000308 [0.000144/69.906964] [2887/0.000193]
  4  19 300, 0.000303 [0.000148/69.905638] [2937/0.000193]
  4  19 350, 0.000325 [0.000127/69.904311] [2987/0.000193]
Epoch 19 done. Evaluation:
(50000, 50000)
(8443, 10000)
  5   0  50, 0.000251 [0.000125/69.902554] [3078/0.000193]
  5   0 100, 0.000268 [0.000187/69.901888] [3128/0.000193]
  5   0 150, 0.000269 [0.000124/69.901222] [3178/0.000193]
  5   0 200, 0.000278 [0.000109/69.900556] [3228/0.000193]
  5   0 250, 0.000266 [0.000111/69.899890] [3278/0.000193]
  5   0 300, 0.000289 [0.000195/69.899226] [3328/0.000193]
  5   0 350, 0.000322 [0.000122/69.898562] [3378/0.000193]
Epoch 0 done. Evaluation:
(50000, 50000)
(8435, 10000)
  5   1  50, 0.000262 [0.000118/69.897354] [3469/0.000193]
  5   1 100, 0.000284 [0.000127/69.896689] [3519/0.000193]
  5   1 150, 0.000308 [0.000111/69.896021] [3569/0.000193]
  5   1 200, 0.000385 [0.000176/69.895359] [3619/0.000193]
  5   1 250, 0.000237 [0.000129/69.894694] [3669/0.000193]
  5   1 300, 0.000263 [0.000202/69.894027] [3719/0.000193]
  5   1 350, 0.000214 [0.000108/69.893361] [3769/0.000193]
Epoch 1 done. Evaluation:
(50000, 50000)
(8437, 10000)
  5   2  50, 0.000284 [0.000107/69.892150] [3860/0.000193]
  5   2 100, 0.000313 [0.000109/69.891485] [3910/0.000193]
  5   2 150, 0.000252 [0.000109/69.890822] [3960/0.000193]
  5   2 200, 0.000286 [0.000122/69.890157] [4010/0.000193]
  5   2 250, 0.000289 [0.000481/69.889494] [4060/0.000193]
  5   2 300, 0.000300 [0.000174/69.888828] [4110/0.000193]
  5   2 350, 0.000282 [0.000106/69.888164] [4160/0.000193]
Epoch 2 done. Evaluation:
(50000, 50000)
(8445, 10000)
  5   3  50, 0.000280 [0.000122/69.886954] [4251/0.000193]
  5   3 100, 0.000306 [0.000190/69.886290] [4301/0.000193]
  5   3 150, 0.000306 [0.000125/69.885624] [4351/0.000193]
  5   3 200, 0.000478 [0.000119/69.884963] [4401/0.000193]
  5   3 250, 0.000265 [0.000114/69.884299] [4451/0.000193]
  5   3 300, 0.000291 [0.000109/69.883635] [4501/0.000193]
  5   3 350, 0.000331 [0.000155/69.882973] [4551/0.000193]
Epoch 3 done. Evaluation:
(50000, 50000)
(8441, 10000)
  5   4  50, 0.000256 [0.000107/69.881762] [4642/0.000193]
  5   4 100, 0.000317 [0.000271/69.881097] [4692/0.000193]
  5   4 150, 0.000434 [0.000137/69.880436] [4742/0.000193]
  5   4 200, 0.000315 [0.000115/69.879770] [4792/0.000193]
  5   4 250, 0.000289 [0.000139/69.879106] [4842/0.000193]
  5   4 300, 0.000284 [0.000106/69.878440] [4892/0.000193]
  5   4 350, 0.000322 [0.000127/69.877778] [4942/0.000193]
Epoch 4 done. Evaluation:
(50000, 50000)
(8436, 10000)
  5   5  50, 0.000259 [0.000106/69.876568] [5033/0.000193]
  5   5 100, 0.000313 [0.000119/69.875906] [5083/0.000193]
  5   5 150, 0.000274 [0.000109/69.875242] [5133/0.000193]
  5   5 200, 0.000275 [0.000138/69.874576] [5183/0.000193]
  5   5 250, 0.000251 [0.000190/69.873912] [5233/0.000193]
  5   5 300, 0.000235 [0.000111/69.873246] [5283/0.000193]
  5   5 350, 0.000280 [0.000316/69.872581] [5333/0.000193]
Epoch 5 done. Evaluation:
(50000, 50000)
(8449, 10000)
  5   6  50, 0.000238 [0.000104/69.871371] [5424/0.000193]
  5   6 100, 0.000266 [0.000130/69.870706] [5474/0.000193]
  5   6 150, 0.000251 [0.000120/69.870041] [5524/0.000193]
  5   6 200, 0.000291 [0.000105/69.869378] [5574/0.000193]
  5   6 250, 0.000208 [0.000108/69.868715] [5624/0.000193]
  5   6 300, 0.000297 [0.000211/69.868049] [5674/0.000193]
  5   6 350, 0.000272 [0.000144/69.867386] [5724/0.000193]
Epoch 6 done. Evaluation:
(50000, 50000)
(8442, 10000)
  5   7  50, 0.000296 [0.000432/69.866178] [5815/0.000193]
  5   7 100, 0.000251 [0.000147/69.865514] [5865/0.000193]
  5   7 150, 0.000280 [0.000175/69.864849] [5915/0.000193]
  5   7 200, 0.000266 [0.000106/69.864186] [5965/0.000193]
  5   7 250, 0.000252 [0.000177/69.863521] [6015/0.000193]
  5   7 300, 0.000239 [0.000110/69.862857] [6065/0.000193]
  5   7 350, 0.000265 [0.000230/69.862192] [6115/0.000193]
Epoch 7 done. Evaluation:
(50000, 50000)
(8445, 10000)
  5   8  50, 0.000301 [0.000106/69.860987] [6206/0.000193]
  5   8 100, 0.000270 [0.000111/69.860322] [6256/0.000193]
  5   8 150, 0.000306 [0.000264/69.859657] [6306/0.000193]
  5   8 200, 0.000303 [0.000108/69.858995] [6356/0.000193]
  5   8 250, 0.000264 [0.000126/69.858330] [6406/0.000193]
  5   8 300, 0.000206 [0.000126/69.857666] [6456/0.000193]
  5   8 350, 0.000278 [0.000118/69.857004] [6506/0.000193]
Epoch 8 done. Evaluation:
(50000, 50000)
(8447, 10000)
  5   9  50, 0.000289 [0.000297/69.855796] [6597/0.000193]
  5   9 100, 0.000281 [0.000125/69.855135] [6647/0.000193]
  5   9 150, 0.000259 [0.000109/69.854471] [6697/0.000193]
  5   9 200, 0.000441 [0.000105/69.853809] [6747/0.000193]
  5   9 250, 0.000301 [0.000122/69.853145] [6797/0.000193]
  5   9 300, 0.000234 [0.000120/69.852481] [6847/0.000193]
  5   9 350, 0.000333 [0.000194/69.851817] [6897/0.000193]
Epoch 9 done. Evaluation:
(50000, 50000)
(8436, 10000)
  5  10  50, 0.000257 [0.000127/69.850611] [6988/0.000193]
  5  10 100, 0.000276 [0.000393/69.849948] [7038/0.000193]
  5  10 150, 0.000277 [0.000125/69.849283] [7088/0.000193]
  5  10 200, 0.000236 [0.000222/69.848620] [7138/0.000193]
  5  10 250, 0.000282 [0.000143/69.847958] [7188/0.000193]
  5  10 300, 0.000244 [0.000154/69.847295] [7238/0.000193]
  5  10 350, 0.000221 [0.000108/69.846628] [7288/0.000193]
Epoch 10 done. Evaluation:
(50000, 50000)
(8440, 10000)
  5  11  50, 0.000283 [0.000172/69.845422] [7379/0.000193]
  5  11 100, 0.000243 [0.000111/69.844759] [7429/0.000193]
  5  11 150, 0.000235 [0.000163/69.844095] [7479/0.000193]
  5  11 200, 0.000243 [0.000106/69.843431] [7529/0.000193]
  5  11 250, 0.000252 [0.000109/69.842768] [7579/0.000193]
  5  11 300, 0.000239 [0.000118/69.842104] [7629/0.000193]
  5  11 350, 0.000322 [0.000147/69.841443] [7679/0.000193]
Epoch 11 done. Evaluation:
(50000, 50000)
(8444, 10000)
  5  12  50, 0.000276 [0.000180/69.840236] [7770/0.000193]
  5  12 100, 0.000269 [0.000155/69.839572] [7820/0.000193]
  5  12 150, 0.000202 [0.000115/69.838908] [7870/0.000193]
  5  12 200, 0.000289 [0.000119/69.838244] [7920/0.000193]
  5  12 250, 0.000263 [0.000119/69.837581] [7970/0.000193]
  5  12 300, 0.000254 [0.000188/69.836919] [8020/0.000193]
  5  12 350, 0.000316 [0.000109/69.836256] [8070/0.000193]
Epoch 12 done. Evaluation:
(50000, 50000)
(8447, 10000)
  5  13  50, 0.000227 [0.000115/69.835051] [8161/0.000193]
  5  13 100, 0.000276 [0.000221/69.834387] [8211/0.000193]
  5  13 150, 0.000240 [0.000121/69.833725] [8261/0.000193]
  5  13 200, 0.000277 [0.000107/69.833063] [8311/0.000193]
  5  13 250, 0.000273 [0.000140/69.832400] [8361/0.000193]
  5  13 300, 0.000258 [0.000220/69.831737] [8411/0.000193]
  5  13 350, 0.000241 [0.000105/69.831075] [8461/0.000193]
Epoch 13 done. Evaluation:
(50000, 50000)
(8448, 10000)
  5  14  50, 0.000249 [0.000114/69.829866] [8552/0.000193]
  5  14 100, 0.000317 [0.000118/69.829206] [8602/0.000193]
  5  14 150, 0.000248 [0.000110/69.828542] [8652/0.000193]
  5  14 200, 0.000238 [0.000104/69.827880] [8702/0.000193]
  5  14 250, 0.000266 [0.000108/69.827217] [8752/0.000193]
  5  14 300, 0.000245 [0.000105/69.826552] [8802/0.000193]
  5  14 350, 0.000247 [0.000217/69.825892] [8852/0.000193]
Epoch 14 done. Evaluation:
(50000, 50000)
(8446, 10000)
  5  15  50, 0.000269 [0.000389/69.824687] [8943/0.000193]
  5  15 100, 0.000282 [0.000121/69.824026] [8993/0.000193]
  5  15 150, 0.000304 [0.000384/69.823363] [9043/0.000193]
  5  15 200, 0.000322 [0.000152/69.822702] [9093/0.000193]
  5  15 250, 0.000251 [0.000108/69.822038] [9143/0.000193]
  5  15 300, 0.000261 [0.000133/69.821377] [9193/0.000193]
  5  15 350, 0.000280 [0.000108/69.820715] [9243/0.000193]
Epoch 15 done. Evaluation:
(50000, 50000)
(8434, 10000)
  5  16  50, 0.000263 [0.000112/69.819509] [9334/0.000193]
  5  16 100, 0.000252 [0.000105/69.818846] [9384/0.000193]
  5  16 150, 0.000250 [0.000111/69.818183] [9434/0.000193]
  5  16 200, 0.000248 [0.000109/69.817522] [9484/0.000193]
  5  16 250, 0.000239 [0.000141/69.816860] [9534/0.000193]
  5  16 300, 0.000270 [0.000108/69.816197] [9584/0.000193]
  5  16 350, 0.000284 [0.000112/69.815536] [9634/0.000193]
Epoch 16 done. Evaluation:
(50000, 50000)
(8435, 10000)
  5  17  50, 0.000264 [0.000110/69.814329] [9725/0.000193]
  5  17 100, 0.000268 [0.000132/69.813668] [9775/0.000193]
  5  17 150, 0.000223 [0.000139/69.813006] [9825/0.000193]
  5  17 200, 0.000298 [0.000107/69.812343] [9875/0.000193]
  5  17 250, 0.000257 [0.000118/69.811682] [9925/0.000193]
  5  17 300, 0.000260 [0.000110/69.811020] [9975/0.000193]
  5  17 350, 0.000280 [0.000174/69.810360] [10025/0.000193]
Epoch 17 done. Evaluation:
(50000, 50000)
(8430, 10000)
  5  18  50, 0.000279 [0.000116/69.809154] [10116/0.000193]
  5  18 100, 0.000316 [0.000117/69.808493] [10166/0.000193]
  5  18 150, 0.000294 [0.001351/69.807832] [10216/0.000193]
  5  18 200, 0.000257 [0.000166/69.807169] [10266/0.000193]
  5  18 250, 0.000296 [0.000509/69.806508] [10316/0.000193]
  5  18 300, 0.000265 [0.000109/69.805846] [10366/0.000193]
  5  18 350, 0.000245 [0.000130/69.805183] [10416/0.000193]
Epoch 18 done. Evaluation:
(50000, 50000)
(8451, 10000)
  5  19  50, 0.000239 [0.000127/69.803981] [10507/0.000193]
  5  19 100, 0.000261 [0.000105/69.803319] [10557/0.000193]
  5  19 150, 0.000248 [0.000150/69.802656] [10607/0.000193]
  5  19 200, 0.000296 [0.000107/69.801994] [10657/0.000193]
  5  19 250, 0.000333 [0.000206/69.801334] [10707/0.000193]
  5  19 300, 0.000266 [0.000117/69.800674] [10757/0.000193]
  5  19 350, 0.000257 [0.000123/69.800011] [10807/0.000193]
Epoch 19 done. Evaluation:
(50000, 50000)
(8461, 10000)
  6   0  50, 0.000370 [0.000102/69.799142] [10898/0.000193]
  6   0 100, 0.000286 [0.000106/69.798810] [10948/0.000193]
  6   0 150, 0.000221 [0.000497/69.798478] [10998/0.000193]
  6   0 200, 0.000254 [0.000103/69.798148] [11048/0.000193]
  6   0 250, 0.000327 [0.000102/69.797818] [11098/0.000193]
  6   0 300, 0.000244 [0.000111/69.797487] [11148/0.000193]
  6   0 350, 0.000265 [0.000105/69.797156] [11198/0.000193]
Epoch 0 done. Evaluation:
(50000, 50000)
(8435, 10000)
  6   1  50, 0.000270 [0.000102/69.796555] [11289/0.000193]
  6   1 100, 0.000242 [0.000101/69.796224] [11339/0.000193]
  6   1 150, 0.000233 [0.000220/69.795896] [11389/0.000193]
  6   1 200, 0.000306 [0.000103/69.795565] [11439/0.000193]
  6   1 250, 0.000266 [0.000105/69.795235] [11489/0.000193]
  6   1 300, 0.000267 [0.000103/69.794905] [11539/0.000193]
  6   1 350, 0.000312 [0.000103/69.794573] [11589/0.000193]
Epoch 1 done. Evaluation:
(50000, 50000)
(8445, 10000)
  6   2  50, 0.000273 [0.000102/69.793973] [11680/0.000193]
  6   2 100, 0.000353 [0.000103/69.793642] [11730/0.000193]
  6   2 150, 0.000263 [0.000150/69.793314] [11780/0.000193]
  6   2 200, 0.000291 [0.000108/69.792981] [11830/0.000193]
  6   2 250, 0.000217 [0.000105/69.792650] [11880/0.000193]
  6   2 300, 0.000241 [0.000127/69.792319] [11930/0.000193]
  6   2 350, 0.000272 [0.000104/69.791989] [11980/0.000193]
Epoch 2 done. Evaluation:
(50000, 50000)
(8434, 10000)
  6   3  50, 0.000294 [0.000107/69.791388] [12071/0.000193]
  6   3 100, 0.000238 [0.000108/69.791059] [12121/0.000193]
  6   3 150, 0.000241 [0.000134/69.790729] [12171/0.000193]
  6   3 200, 0.000268 [0.000108/69.790398] [12221/0.000193]
  6   3 250, 0.000371 [0.000308/69.790069] [12271/0.000193]
  6   3 300, 0.000255 [0.000102/69.789738] [12321/0.000193]
  6   3 350, 0.000212 [0.000104/69.789406] [12371/0.000193]
Epoch 3 done. Evaluation:
(50000, 50000)
(8446, 10000)
  6   4  50, 0.000323 [0.000102/69.788807] [12462/0.000193]
  6   4 100, 0.000282 [0.000101/69.788477] [12512/0.000193]
  6   4 150, 0.000356 [0.000102/69.788148] [12562/0.000193]
  6   4 200, 0.000264 [0.000102/69.787817] [12612/0.000193]
  6   4 250, 0.000315 [0.000111/69.787488] [12662/0.000193]
  6   4 300, 0.000273 [0.000119/69.787159] [12712/0.000193]
  6   4 350, 0.000233 [0.000103/69.786826] [12762/0.000193]
Epoch 4 done. Evaluation:
(50000, 50000)
(8449, 10000)
  6   5  50, 0.000250 [0.000102/69.786224] [12853/0.000193]
  6   5 100, 0.000234 [0.000102/69.785893] [12903/0.000193]
  6   5 150, 0.000243 [0.000104/69.785563] [12953/0.000193]
  6   5 200, 0.000253 [0.000101/69.785233] [13003/0.000193]
  6   5 250, 0.000311 [0.000102/69.784903] [13053/0.000193]
  6   5 300, 0.000343 [0.000198/69.784573] [13103/0.000193]
  6   5 350, 0.000250 [0.000135/69.784243] [13153/0.000193]
Epoch 5 done. Evaluation:
(50000, 50000)
(8438, 10000)
  6   6  50, 0.000290 [0.000117/69.783642] [13244/0.000193]
  6   6 100, 0.000303 [0.000103/69.783313] [13294/0.000193]
  6   6 150, 0.000232 [0.000102/69.782982] [13344/0.000193]
  6   6 200, 0.000242 [0.000107/69.782652] [13394/0.000193]
  6   6 250, 0.000282 [0.000131/69.782320] [13444/0.000193]
  6   6 300, 0.000259 [0.000114/69.781991] [13494/0.000193]
  6   6 350, 0.000256 [0.000155/69.781659] [13544/0.000193]
Epoch 6 done. Evaluation:
(50000, 50000)
(8447, 10000)
  6   7  50, 0.000247 [0.000102/69.781059] [13635/0.000193]
  6   7 100, 0.000285 [0.000106/69.780731] [13685/0.000193]
  6   7 150, 0.000260 [0.000139/69.780400] [13735/0.000193]
  6   7 200, 0.000272 [0.000119/69.780069] [13785/0.000193]
  6   7 250, 0.000261 [0.000104/69.779738] [13835/0.000193]
  6   7 300, 0.000283 [0.000263/69.779408] [13885/0.000193]
  6   7 350, 0.000247 [0.000102/69.779078] [13935/0.000193]
Epoch 7 done. Evaluation:
(50000, 50000)
(8445, 10000)
  6   8  50, 0.000276 [0.000102/69.778479] [14026/0.000193]
  6   8 100, 0.000258 [0.000106/69.778145] [14076/0.000193]
  6   8 150, 0.000267 [0.000105/69.777817] [14126/0.000193]
  6   8 200, 0.000286 [0.000106/69.777486] [14176/0.000193]
  6   8 250, 0.000248 [0.000110/69.777157] [14226/0.000193]
  6   8 300, 0.000311 [0.000102/69.776828] [14276/0.000193]
  6   8 350, 0.000235 [0.000103/69.776495] [14326/0.000193]
Epoch 8 done. Evaluation:
(50000, 50000)
(8438, 10000)
  6   9  50, 0.000267 [0.000114/69.775896] [14417/0.000193]
  6   9 100, 0.000284 [0.000102/69.775565] [14467/0.000193]
  6   9 150, 0.000271 [0.000108/69.775237] [14517/0.000193]
  6   9 200, 0.000262 [0.000113/69.774905] [14567/0.000193]
  6   9 250, 0.000251 [0.000152/69.774576] [14617/0.000193]
  6   9 300, 0.000271 [0.000105/69.774246] [14667/0.000193]
  6   9 350, 0.000255 [0.000102/69.773916] [14717/0.000193]
Epoch 9 done. Evaluation:
(50000, 50000)
(8437, 10000)
  6  10  50, 0.000252 [0.000126/69.773315] [14808/0.000193]
  6  10 100, 0.000319 [0.000121/69.772986] [14858/0.000193]
  6  10 150, 0.000287 [0.000102/69.772655] [14908/0.000193]
  6  10 200, 0.000300 [0.000107/69.772325] [14958/0.000193]
  6  10 250, 0.000242 [0.000103/69.771993] [15008/0.000193]
  6  10 300, 0.000257 [0.000105/69.771666] [15058/0.000193]
  6  10 350, 0.000231 [0.000105/69.771335] [15108/0.000193]
Epoch 10 done. Evaluation:
(50000, 50000)
(8453, 10000)
  6  11  50, 0.000340 [0.000102/69.770735] [15199/0.000193]
  6  11 100, 0.000242 [0.000275/69.770405] [15249/0.000193]
  6  11 150, 0.000341 [0.000106/69.770076] [15299/0.000193]
  6  11 200, 0.000283 [0.000103/69.769746] [15349/0.000193]
  6  11 250, 0.000259 [0.000103/69.769416] [15399/0.000193]
  6  11 300, 0.000256 [0.000106/69.769086] [15449/0.000193]
  6  11 350, 0.000275 [0.000159/69.768755] [15499/0.000193]
Epoch 11 done. Evaluation:
(50000, 50000)
(8441, 10000)
  6  12  50, 0.000230 [0.000101/69.768156] [15590/0.000193]
  6  12 100, 0.000253 [0.000126/69.767824] [15640/0.000193]
  6  12 150, 0.000250 [0.000102/69.767495] [15690/0.000193]
  6  12 200, 0.000292 [0.000103/69.767166] [15740/0.000193]
  6  12 250, 0.000232 [0.000135/69.766836] [15790/0.000193]
  6  12 300, 0.000273 [0.000103/69.766506] [15840/0.000193]
  6  12 350, 0.000239 [0.000102/69.766177] [15890/0.000193]
Epoch 12 done. Evaluation:
(50000, 50000)
(8440, 10000)
  6  13  50, 0.000266 [0.000107/69.765577] [15981/0.000193]
  6  13 100, 0.000226 [0.000104/69.765245] [16031/0.000193]
  6  13 150, 0.000232 [0.000101/69.764914] [16081/0.000193]
  6  13 200, 0.000223 [0.000108/69.764585] [16131/0.000193]
  6  13 250, 0.000288 [0.000103/69.764254] [16181/0.000193]
  6  13 300, 0.000284 [0.000125/69.763925] [16231/0.000193]
  6  13 350, 0.000253 [0.000110/69.763596] [16281/0.000193]
Epoch 13 done. Evaluation:
(50000, 50000)
(8444, 10000)
  6  14  50, 0.000279 [0.000103/69.762994] [16372/0.000193]
  6  14 100, 0.000278 [0.000108/69.762666] [16422/0.000193]
  6  14 150, 0.000273 [0.000102/69.762335] [16472/0.000193]
  6  14 200, 0.000279 [0.000104/69.762006] [16522/0.000193]
  6  14 250, 0.000216 [0.000107/69.761675] [16572/0.000193]
  6  14 300, 0.000232 [0.000113/69.761344] [16622/0.000193]
  6  14 350, 0.000266 [0.000104/69.761016] [16672/0.000193]
Epoch 14 done. Evaluation:
(50000, 50000)
(8456, 10000)
  6  15  50, 0.000223 [0.000107/69.760416] [16763/0.000193]
  6  15 100, 0.000224 [0.000102/69.760084] [16813/0.000193]
  6  15 150, 0.000291 [0.000102/69.759755] [16863/0.000193]
  6  15 200, 0.000251 [0.000418/69.759427] [16913/0.000193]
  6  15 250, 0.000222 [0.000110/69.759097] [16963/0.000193]
  6  15 300, 0.000256 [0.000102/69.758767] [17013/0.000193]
  6  15 350, 0.000282 [0.000103/69.758437] [17063/0.000193]
Epoch 15 done. Evaluation:
(50000, 50000)
(8447, 10000)
  6  16  50, 0.000223 [0.000101/69.757836] [17154/0.000193]
  6  16 100, 0.000307 [0.000102/69.757507] [17204/0.000193]
  6  16 150, 0.000249 [0.000104/69.757178] [17254/0.000193]
  6  16 200, 0.000302 [0.000106/69.756848] [17304/0.000193]
  6  16 250, 0.000270 [0.000117/69.756519] [17354/0.000193]
  6  16 300, 0.000266 [0.000221/69.756190] [17404/0.000193]
  6  16 350, 0.000276 [0.000122/69.755861] [17454/0.000193]
Epoch 16 done. Evaluation:
(50000, 50000)
(8438, 10000)
  6  17  50, 0.000248 [0.000115/69.755261] [17545/0.000193]
  6  17 100, 0.000227 [0.000108/69.754930] [17595/0.000193]
  6  17 150, 0.000272 [0.000123/69.754601] [17645/0.000193]
  6  17 200, 0.000259 [0.000157/69.754270] [17695/0.000193]
  6  17 250, 0.000220 [0.000109/69.753939] [17745/0.000193]
  6  17 300, 0.000252 [0.000166/69.753609] [17795/0.000193]
  6  17 350, 0.000254 [0.000102/69.753280] [17845/0.000193]
Epoch 17 done. Evaluation:
(50000, 50000)
(8447, 10000)
  6  18  50, 0.000283 [0.000118/69.752682] [17936/0.000193]
  6  18 100, 0.000290 [0.000101/69.752353] [17986/0.000193]
  6  18 150, 0.000298 [0.000102/69.752023] [18036/0.000193]
  6  18 200, 0.000223 [0.000103/69.751692] [18086/0.000193]
  6  18 250, 0.000244 [0.000102/69.751362] [18136/0.000193]
  6  18 300, 0.000232 [0.000103/69.751032] [18186/0.000193]
  6  18 350, 0.000217 [0.000101/69.750703] [18236/0.000193]
Epoch 18 done. Evaluation:
(50000, 50000)
(8436, 10000)
  6  19  50, 0.000334 [0.000117/69.750103] [18327/0.000193]
  6  19 100, 0.000262 [0.000112/69.749772] [18377/0.000193]
  6  19 150, 0.000241 [0.000103/69.749445] [18427/0.000193]
  6  19 200, 0.000261 [0.000101/69.749114] [18477/0.000193]
  6  19 250, 0.000353 [0.000105/69.748786] [18527/0.000193]
  6  19 300, 0.000226 [0.000107/69.748455] [18577/0.000193]
  6  19 350, 0.000266 [0.000116/69.748127] [18627/0.000193]
Epoch 19 done. Evaluation:
(49999, 50000)
(8452, 10000)
  7   0  50, 0.000270 [0.000100/69.747700] [18718/0.000193]
  7   0 100, 0.000360 [0.000101/69.747540] [18768/0.000193]
  7   0 150, 0.000268 [0.000102/69.747384] [18818/0.000193]
  7   0 200, 0.000227 [0.000105/69.747227] [18868/0.000193]
  7   0 250, 0.000284 [0.000103/69.747069] [18918/0.000193]
  7   0 300, 0.000268 [0.000101/69.746911] [18968/0.000193]
  7   0 350, 0.000228 [0.000100/69.746755] [19018/0.000193]
Epoch 0 done. Evaluation:
(50000, 50000)
(8438, 10000)
  7   1  50, 0.000246 [0.000100/69.746468] [19109/0.000193]
  7   1 100, 0.000240 [0.000104/69.746311] [19159/0.000193]
  7   1 150, 0.000253 [0.000101/69.746153] [19209/0.000193]
  7   1 200, 0.000249 [0.000276/69.745996] [19259/0.000193]
  7   1 250, 0.000296 [0.000105/69.745838] [19309/0.000193]
  7   1 300, 0.000252 [0.000101/69.745681] [19359/0.000193]
  7   1 350, 0.000387 [0.000103/69.745524] [19409/0.000193]
Epoch 1 done. Evaluation:
(50000, 50000)
(8438, 10000)
  7   2  50, 0.000197 [0.000100/69.745238] [19500/0.000193]
  7   2 100, 0.000393 [0.000100/69.745080] [19550/0.000193]
  7   2 150, 0.000259 [0.000116/69.744921] [19600/0.000193]
  7   2 200, 0.000237 [0.000104/69.744764] [19650/0.000193]
  7   2 250, 0.000295 [0.000104/69.744609] [19700/0.000193]
  7   2 300, 0.000282 [0.000101/69.744449] [19750/0.000193]
  7   2 350, 0.000254 [0.000101/69.744292] [19800/0.000193]
Epoch 2 done. Evaluation:
(50000, 50000)
(8448, 10000)
  7   3  50, 0.000275 [0.000100/69.744006] [19891/0.000193]
  7   3 100, 0.000311 [0.000113/69.743848] [19941/0.000193]
  7   3 150, 0.000257 [0.000101/69.743691] [19991/0.000193]
  7   3 200, 0.000253 [0.000119/69.743533] [20041/0.000193]
  7   3 250, 0.000236 [0.000103/69.743373] [20091/0.000193]
  7   3 300, 0.000242 [0.000101/69.743217] [20141/0.000193]
  7   3 350, 0.000239 [0.000102/69.743061] [20191/0.000193]
Epoch 3 done. Evaluation:
(50000, 50000)
(8440, 10000)
  7   4  50, 0.000263 [0.000100/69.742773] [20282/0.000193]
  7   4 100, 0.000240 [0.000101/69.742615] [20332/0.000193]
  7   4 150, 0.000309 [0.000127/69.742458] [20382/0.000193]
  7   4 200, 0.000278 [0.000101/69.742302] [20432/0.000193]
  7   4 250, 0.000244 [0.000104/69.742142] [20482/0.000193]
  7   4 300, 0.000259 [0.000132/69.741986] [20532/0.000193]
  7   4 350, 0.000296 [0.000101/69.741828] [20582/0.000193]
Epoch 4 done. Evaluation:
(50000, 50000)
(8465, 10000)
  7   5  50, 0.000242 [0.000101/69.741543] [20673/0.000193]
  7   5 100, 0.000334 [0.000113/69.741386] [20723/0.000193]
  7   5 150, 0.000409 [0.000101/69.741227] [20773/0.000193]
  7   5 200, 0.000244 [0.000107/69.741070] [20823/0.000193]
  7   5 250, 0.000222 [0.000102/69.740912] [20873/0.000193]
  7   5 300, 0.000247 [0.000101/69.740754] [20923/0.000193]
  7   5 350, 0.000287 [0.000101/69.740597] [20973/0.000193]
Epoch 5 done. Evaluation:
(50000, 50000)
(8430, 10000)
  7   6  50, 0.000234 [0.000103/69.740313] [21064/0.000193]
  7   6 100, 0.000246 [0.000102/69.740155] [21114/0.000193]
  7   6 150, 0.000268 [0.000105/69.739997] [21164/0.000193]
  7   6 200, 0.000263 [0.000101/69.739840] [21214/0.000193]
  7   6 250, 0.000241 [0.000124/69.739682] [21264/0.000193]
  7   6 300, 0.000223 [0.000102/69.739525] [21314/0.000193]
  7   6 350, 0.000251 [0.000101/69.739367] [21364/0.000193]
Epoch 6 done. Evaluation:
(50000, 50000)
(8443, 10000)
  7   7  50, 0.000249 [0.000101/69.739080] [21455/0.000193]
  7   7 100, 0.000285 [0.000103/69.738924] [21505/0.000193]
  7   7 150, 0.000288 [0.000104/69.738767] [21555/0.000193]
  7   7 200, 0.000222 [0.000101/69.738609] [21605/0.000193]
  7   7 250, 0.000237 [0.000101/69.738453] [21655/0.000193]
  7   7 300, 0.000247 [0.000111/69.738296] [21705/0.000193]
  7   7 350, 0.000260 [0.000103/69.738137] [21755/0.000193]
Epoch 7 done. Evaluation:
(50000, 50000)
(8431, 10000)
  7   8  50, 0.000272 [0.000105/69.737850] [21846/0.000193]
  7   8 100, 0.000264 [0.000102/69.737694] [21896/0.000193]
  7   8 150, 0.000267 [0.000110/69.737535] [21946/0.000193]
  7   8 200, 0.000272 [0.000151/69.737380] [21996/0.000193]
  7   8 250, 0.000225 [0.000101/69.737222] [22046/0.000193]
  7   8 300, 0.000258 [0.000103/69.737064] [22096/0.000193]
  7   8 350, 0.000260 [0.000103/69.736906] [22146/0.000193]
Epoch 8 done. Evaluation:
(50000, 50000)
(8446, 10000)
  7   9  50, 0.000358 [0.000113/69.736619] [22237/0.000193]
  7   9 100, 0.000216 [0.000101/69.736463] [22287/0.000193]
  7   9 150, 0.000260 [0.000101/69.736304] [22337/0.000193]
  7   9 200, 0.000261 [0.000101/69.736149] [22387/0.000193]
  7   9 250, 0.000257 [0.000102/69.735990] [22437/0.000193]
  7   9 300, 0.000289 [0.000101/69.735832] [22487/0.000193]
  7   9 350, 0.000232 [0.000102/69.735674] [22537/0.000193]
Epoch 9 done. Evaluation:
(50000, 50000)
(8442, 10000)
  7  10  50, 0.000274 [0.000102/69.735389] [22628/0.000193]
  7  10 100, 0.000310 [0.000102/69.735232] [22678/0.000193]
  7  10 150, 0.000260 [0.000101/69.735074] [22728/0.000193]
  7  10 200, 0.000244 [0.000102/69.734917] [22778/0.000193]
  7  10 250, 0.000245 [0.000101/69.734759] [22828/0.000193]
  7  10 300, 0.000267 [0.000114/69.734602] [22878/0.000193]
  7  10 350, 0.000215 [0.000101/69.734445] [22928/0.000193]
Epoch 10 done. Evaluation:
(50000, 50000)
(8447, 10000)
  7  11  50, 0.000230 [0.000101/69.734160] [23019/0.000193]
  7  11 100, 0.000260 [0.000108/69.734001] [23069/0.000193]
  7  11 150, 0.000228 [0.000103/69.733845] [23119/0.000193]
  7  11 200, 0.000213 [0.000101/69.733689] [23169/0.000193]
  7  11 250, 0.000290 [0.000106/69.733530] [23219/0.000193]
  7  11 300, 0.000236 [0.000102/69.733374] [23269/0.000193]
  7  11 350, 0.000251 [0.000101/69.733217] [23319/0.000193]
Epoch 11 done. Evaluation:
(50000, 50000)
(8450, 10000)
  7  12  50, 0.000234 [0.000101/69.732933] [23410/0.000193]
  7  12 100, 0.000244 [0.000109/69.732771] [23460/0.000193]
  7  12 150, 0.000298 [0.000175/69.732615] [23510/0.000193]
  7  12 200, 0.000298 [0.000107/69.732459] [23560/0.000193]
  7  12 250, 0.000266 [0.000101/69.732299] [23610/0.000193]
  7  12 300, 0.000286 [0.000101/69.732144] [23660/0.000193]
  7  12 350, 0.000215 [0.000100/69.731986] [23710/0.000193]
Epoch 12 done. Evaluation:
(50000, 50000)
(8439, 10000)
  7  13  50, 0.000278 [0.000104/69.731701] [23801/0.000193]
  7  13 100, 0.000297 [0.000102/69.731542] [23851/0.000193]
  7  13 150, 0.000280 [0.000101/69.731386] [23901/0.000193]
  7  13 200, 0.000282 [0.000101/69.731228] [23951/0.000193]
  7  13 250, 0.000386 [0.000103/69.731071] [24001/0.000193]
  7  13 300, 0.000224 [0.000161/69.730912] [24051/0.000193]
  7  13 350, 0.000231 [0.000102/69.730756] [24101/0.000193]
Epoch 13 done. Evaluation:
(50000, 50000)
(8451, 10000)
  7  14  50, 0.000258 [0.000101/69.730468] [24192/0.000193]
  7  14 100, 0.000224 [0.000101/69.730311] [24242/0.000193]
  7  14 150, 0.000309 [0.000101/69.730155] [24292/0.000193]
  7  14 200, 0.000324 [0.000114/69.729996] [24342/0.000193]
  7  14 250, 0.000255 [0.000101/69.729841] [24392/0.000193]
  7  14 300, 0.000251 [0.000109/69.729685] [24442/0.000193]
  7  14 350, 0.000271 [0.000100/69.729526] [24492/0.000193]
Epoch 14 done. Evaluation:
(50000, 50000)
(8456, 10000)
  7  15  50, 0.000300 [0.000115/69.729240] [24583/0.000193]
  7  15 100, 0.000281 [0.000102/69.729082] [24633/0.000193]
  7  15 150, 0.000217 [0.000102/69.728925] [24683/0.000193]
  7  15 200, 0.000237 [0.000101/69.728769] [24733/0.000193]
  7  15 250, 0.000229 [0.000101/69.728611] [24783/0.000193]
  7  15 300, 0.000274 [0.000105/69.728455] [24833/0.000193]
  7  15 350, 0.000311 [0.000229/69.728296] [24883/0.000193]
Epoch 15 done. Evaluation:
(50000, 50000)
(8445, 10000)
  7  16  50, 0.000256 [0.000101/69.728012] [24974/0.000193]
  7  16 100, 0.000232 [0.000101/69.727854] [25024/0.000193]
  7  16 150, 0.000305 [0.000107/69.727695] [25074/0.000193]
  7  16 200, 0.000264 [0.000142/69.727540] [25124/0.000193]
  7  16 250, 0.000229 [0.000105/69.727382] [25174/0.000193]
  7  16 300, 0.000234 [0.000100/69.727224] [25224/0.000193]
  7  16 350, 0.000278 [0.000104/69.727070] [25274/0.000193]
Epoch 16 done. Evaluation:
(50000, 50000)
(8436, 10000)
  7  17  50, 0.000302 [0.000101/69.726781] [25365/0.000193]
  7  17 100, 0.000260 [0.000101/69.726626] [25415/0.000193]
  7  17 150, 0.000230 [0.000103/69.726470] [25465/0.000193]
  7  17 200, 0.000320 [0.000100/69.726311] [25515/0.000193]
  7  17 250, 0.000268 [0.000130/69.726154] [25565/0.000193]
  7  17 300, 0.000301 [0.000100/69.725997] [25615/0.000193]
  7  17 350, 0.000254 [0.000112/69.725839] [25665/0.000193]
Epoch 17 done. Evaluation:
(50000, 50000)
(8461, 10000)
  7  18  50, 0.000251 [0.000101/69.725553] [25756/0.000193]
  7  18 100, 0.000289 [0.000103/69.725396] [25806/0.000193]
  7  18 150, 0.000297 [0.000103/69.725238] [25856/0.000193]
  7  18 200, 0.000313 [0.000102/69.725079] [25906/0.000193]
  7  18 250, 0.000277 [0.000101/69.724923] [25956/0.000193]
  7  18 300, 0.000213 [0.000101/69.724766] [26006/0.000193]
  7  18 350, 0.000254 [0.000103/69.724610] [26056/0.000193]
Epoch 18 done. Evaluation:
(50000, 50000)
(8435, 10000)
  7  19  50, 0.000230 [0.000100/69.724324] [26147/0.000193]
  7  19 100, 0.000301 [0.000111/69.724167] [26197/0.000193]
  7  19 150, 0.000208 [0.000101/69.724010] [26247/0.000193]
  7  19 200, 0.000317 [0.000101/69.723853] [26297/0.000193]
  7  19 250, 0.000221 [0.000101/69.723696] [26347/0.000193]
  7  19 300, 0.000269 [0.000132/69.723540] [26397/0.000193]
  7  19 350, 0.000280 [0.000172/69.723381] [26447/0.000193]
Epoch 19 done. Evaluation:
(50000, 50000)
(8436, 10000)
  8   0  50, 0.000236 [0.000100/69.723179] [26538/0.000193]
  8   0 100, 0.000225 [0.000100/69.723105] [26588/0.000193]
  8   0 150, 0.000267 [0.000100/69.723028] [26638/0.000193]
  8   0 200, 0.000352 [0.000101/69.722954] [26688/0.000193]
  8   0 250, 0.000294 [0.000100/69.722877] [26738/0.000193]
  8   0 300, 0.000286 [0.000100/69.722803] [26788/0.000193]
  8   0 350, 0.000248 [0.000101/69.722729] [26838/0.000193]
Epoch 0 done. Evaluation:
(50000, 50000)
(8461, 10000)
  8   1  50, 0.000304 [0.000100/69.722592] [26929/0.000193]
  8   1 100, 0.000287 [0.000100/69.722519] [26979/0.000193]
  8   1 150, 0.000230 [0.000100/69.722443] [27029/0.000193]
  8   1 200, 0.000295 [0.000100/69.722368] [27079/0.000193]
  8   1 250, 0.000229 [0.000100/69.722295] [27129/0.000193]
  8   1 300, 0.000300 [0.000100/69.722219] [27179/0.000193]
  8   1 350, 0.000265 [0.000100/69.722143] [27229/0.000193]
Epoch 1 done. Evaluation:
(50000, 50000)
(8442, 10000)
  8   2  50, 0.000279 [0.000100/69.722008] [27320/0.000193]
  8   2 100, 0.000264 [0.000100/69.721934] [27370/0.000193]
  8   2 150, 0.000252 [0.000101/69.721857] [27420/0.000193]
  8   2 200, 0.000282 [0.000114/69.721783] [27470/0.000193]
  8   2 250, 0.000248 [0.000103/69.721708] [27520/0.000193]
  8   2 300, 0.000241 [0.000100/69.721634] [27570/0.000193]
  8   2 350, 0.000267 [0.000101/69.721559] [27620/0.000193]
Epoch 2 done. Evaluation:
(50000, 50000)
(8433, 10000)
  8   3  50, 0.000337 [0.000103/69.721422] [27711/0.000193]
  8   3 100, 0.000264 [0.000102/69.721346] [27761/0.000193]
  8   3 150, 0.000235 [0.000100/69.721273] [27811/0.000193]
  8   3 200, 0.000259 [0.000100/69.721196] [27861/0.000193]
  8   3 250, 0.000287 [0.000100/69.721123] [27911/0.000193]
  8   3 300, 0.000237 [0.000101/69.721047] [27961/0.000193]
  8   3 350, 0.000324 [0.000104/69.720973] [28011/0.000193]
Epoch 3 done. Evaluation:
(50000, 50000)
(8444, 10000)
  8   4  50, 0.000313 [0.000100/69.720836] [28102/0.000193]
  8   4 100, 0.000234 [0.000110/69.720761] [28152/0.000193]
  8   4 150, 0.000277 [0.000100/69.720687] [28202/0.000193]
  8   4 200, 0.000245 [0.000100/69.720611] [28252/0.000193]
  8   4 250, 0.000314 [0.000100/69.720536] [28302/0.000193]
  8   4 300, 0.000251 [0.000100/69.720462] [28352/0.000193]
  8   4 350, 0.000329 [0.000100/69.720386] [28402/0.000193]
Epoch 4 done. Evaluation:
(50000, 50000)
(8451, 10000)
  8   5  50, 0.000298 [0.000101/69.720249] [28493/0.000193]
  8   5 100, 0.000231 [0.000100/69.720175] [28543/0.000193]
  8   5 150, 0.000268 [0.000100/69.720101] [28593/0.000193]
  8   5 200, 0.000269 [0.000100/69.720026] [28643/0.000193]
  8   5 250, 0.000206 [0.000101/69.719951] [28693/0.000193]
  8   5 300, 0.000249 [0.000102/69.719876] [28743/0.000193]
  8   5 350, 0.000270 [0.000100/69.719802] [28793/0.000193]
Epoch 5 done. Evaluation:
(50000, 50000)
(8448, 10000)
  8   6  50, 0.000251 [0.000103/69.719666] [28884/0.000193]
  8   6 100, 0.000292 [0.000100/69.719591] [28934/0.000193]
  8   6 150, 0.000226 [0.000101/69.719516] [28984/0.000193]
  8   6 200, 0.000308 [0.000100/69.719442] [29034/0.000193]
  8   6 250, 0.000231 [0.000100/69.719367] [29084/0.000193]
  8   6 300, 0.000268 [0.000101/69.719292] [29134/0.000193]
  8   6 350, 0.000277 [0.000100/69.719218] [29184/0.000193]
Epoch 6 done. Evaluation:
(50000, 50000)
(8452, 10000)
  8   7  50, 0.000253 [0.000101/69.719081] [29275/0.000193]
  8   7 100, 0.000238 [0.000100/69.719008] [29325/0.000193]
  8   7 150, 0.000222 [0.000100/69.718932] [29375/0.000193]
  8   7 200, 0.000288 [0.000100/69.718859] [29425/0.000193]
  8   7 250, 0.000287 [0.000100/69.718784] [29475/0.000193]
  8   7 300, 0.000309 [0.000102/69.718707] [29525/0.000193]
  8   7 350, 0.000236 [0.000100/69.718633] [29575/0.000193]
Epoch 7 done. Evaluation:
(50000, 50000)
(8442, 10000)
  8   8  50, 0.000292 [0.000100/69.718495] [29666/0.000193]
  8   8 100, 0.000222 [0.000100/69.718422] [29716/0.000193]
  8   8 150, 0.000263 [0.000100/69.718345] [29766/0.000193]
  8   8 200, 0.000231 [0.000102/69.718272] [29816/0.000193]
  8   8 250, 0.000290 [0.000100/69.718197] [29866/0.000193]
  8   8 300, 0.000250 [0.000100/69.718121] [29916/0.000193]
  8   8 350, 0.000271 [0.000100/69.718049] [29966/0.000193]
Epoch 8 done. Evaluation:
(50000, 50000)
(8441, 10000)
  8   9  50, 0.000286 [0.000101/69.717912] [30057/0.000193]
  8   9 100, 0.000264 [0.000101/69.717836] [30107/0.000193]
  8   9 150, 0.000296 [0.000100/69.717761] [30157/0.000193]
  8   9 200, 0.000263 [0.000101/69.717687] [30207/0.000193]
  8   9 250, 0.000254 [0.000102/69.717613] [30257/0.000193]
  8   9 300, 0.000243 [0.000101/69.717536] [30307/0.000193]
  8   9 350, 0.000280 [0.000100/69.717462] [30357/0.000193]
Epoch 9 done. Evaluation:
(50000, 50000)
(8454, 10000)
  8  10  50, 0.000275 [0.000100/69.717324] [30448/0.000193]
  8  10 100, 0.000208 [0.000100/69.717251] [30498/0.000193]
  8  10 150, 0.000242 [0.000102/69.717178] [30548/0.000193]
  8  10 200, 0.000278 [0.000101/69.717101] [30598/0.000193]
  8  10 250, 0.000269 [0.000101/69.717028] [30648/0.000193]
  8  10 300, 0.000296 [0.000100/69.716952] [30698/0.000193]
  8  10 350, 0.000271 [0.000101/69.716879] [30748/0.000193]
Epoch 10 done. Evaluation:
(50000, 50000)
(8440, 10000)
  8  11  50, 0.000280 [0.000101/69.716741] [30839/0.000193]
  8  11 100, 0.000214 [0.000101/69.716668] [30889/0.000193]
  8  11 150, 0.000233 [0.000101/69.716592] [30939/0.000193]
  8  11 200, 0.000291 [0.000102/69.716516] [30989/0.000193]
  8  11 250, 0.000252 [0.000100/69.716442] [31039/0.000193]
  8  11 300, 0.000299 [0.000100/69.716368] [31089/0.000193]
  8  11 350, 0.000233 [0.000105/69.716293] [31139/0.000193]
Epoch 11 done. Evaluation:
(50000, 50000)
(8449, 10000)
  8  12  50, 0.000251 [0.000100/69.716158] [31230/0.000193]
  8  12 100, 0.000258 [0.000100/69.716082] [31280/0.000193]
  8  12 150, 0.000244 [0.000103/69.716007] [31330/0.000193]
  8  12 200, 0.000245 [0.000103/69.715933] [31380/0.000193]
  8  12 250, 0.000305 [0.000109/69.715857] [31430/0.000193]
  8  12 300, 0.000287 [0.000101/69.715781] [31480/0.000193]
  8  12 350, 0.000255 [0.000102/69.715708] [31530/0.000193]
Epoch 12 done. Evaluation:
(50000, 50000)
(8452, 10000)
  8  13  50, 0.000210 [0.000105/69.715574] [31621/0.000193]
  8  13 100, 0.000354 [0.000101/69.715498] [31671/0.000193]
  8  13 150, 0.000210 [0.000100/69.715422] [31721/0.000193]
  8  13 200, 0.000210 [0.000100/69.715349] [31771/0.000193]
  8  13 250, 0.000268 [0.000126/69.715275] [31821/0.000193]
  8  13 300, 0.000238 [0.000100/69.715199] [31871/0.000193]
  8  13 350, 0.000239 [0.000104/69.715125] [31921/0.000193]
Epoch 13 done. Evaluation:
(50000, 50000)
(8432, 10000)
  8  14  50, 0.000273 [0.000100/69.714988] [32012/0.000193]
  8  14 100, 0.000269 [0.000101/69.714914] [32062/0.000193]
  8  14 150, 0.000295 [0.000100/69.714838] [32112/0.000193]
  8  14 200, 0.000245 [0.000101/69.714763] [32162/0.000193]
  8  14 250, 0.000214 [0.000100/69.714689] [32212/0.000193]
  8  14 300, 0.000283 [0.000100/69.714615] [32262/0.000193]
  8  14 350, 0.000241 [0.000101/69.714541] [32312/0.000193]
Epoch 14 done. Evaluation:
(50000, 50000)
(8446, 10000)
  8  15  50, 0.000293 [0.000100/69.714403] [32403/0.000193]
  8  15 100, 0.000280 [0.000100/69.714329] [32453/0.000193]
  8  15 150, 0.000258 [0.000101/69.714253] [32503/0.000193]
  8  15 200, 0.000258 [0.000101/69.714180] [32553/0.000193]
  8  15 250, 0.000318 [0.000100/69.714105] [32603/0.000193]
  8  15 300, 0.000290 [0.000104/69.714029] [32653/0.000193]
  8  15 350, 0.000259 [0.000102/69.713955] [32703/0.000193]
Epoch 15 done. Evaluation:
(50000, 50000)
(8448, 10000)
  8  16  50, 0.000234 [0.000101/69.713821] [32794/0.000193]
  8  16 100, 0.000233 [0.000101/69.713744] [32844/0.000193]
  8  16 150, 0.000220 [0.000100/69.713671] [32894/0.000193]
  8  16 200, 0.000257 [0.000101/69.713596] [32944/0.000193]
  8  16 250, 0.000234 [0.000100/69.713521] [32994/0.000193]
  8  16 300, 0.000202 [0.000100/69.713447] [33044/0.000193]
  8  16 350, 0.000276 [0.000104/69.713372] [33094/0.000193]
Epoch 16 done. Evaluation:
(50000, 50000)
(8447, 10000)
  8  17  50, 0.000242 [0.000100/69.713238] [33185/0.000193]
  8  17 100, 0.000329 [0.000100/69.713162] [33235/0.000193]
  8  17 150, 0.000239 [0.000100/69.713087] [33285/0.000193]
  8  17 200, 0.000236 [0.000100/69.713014] [33335/0.000193]
  8  17 250, 0.000255 [0.000101/69.712937] [33385/0.000193]
  8  17 300, 0.000295 [0.000100/69.712863] [33435/0.000193]
  8  17 350, 0.000262 [0.000100/69.712788] [33485/0.000193]
Epoch 17 done. Evaluation:
(50000, 50000)
(8445, 10000)
  8  18  50, 0.000255 [0.000100/69.712653] [33576/0.000193]
  8  18 100, 0.000258 [0.000100/69.712577] [33626/0.000193]
  8  18 150, 0.000296 [0.000101/69.712500] [33676/0.000193]
  8  18 200, 0.000299 [0.000102/69.712427] [33726/0.000193]
  8  18 250, 0.000271 [0.000103/69.712352] [33776/0.000193]
  8  18 300, 0.000231 [0.000100/69.712276] [33826/0.000193]
  8  18 350, 0.000262 [0.000101/69.712202] [33876/0.000193]
Epoch 18 done. Evaluation:
(50000, 50000)
(8444, 10000)
  8  19  50, 0.000241 [0.000100/69.712067] [33967/0.000193]
  8  19 100, 0.000255 [0.000105/69.711991] [34017/0.000193]
  8  19 150, 0.000234 [0.000100/69.711916] [34067/0.000193]
  8  19 200, 0.000266 [0.000100/69.711843] [34117/0.000193]
  8  19 250, 0.000285 [0.000101/69.711766] [34167/0.000193]
  8  19 300, 0.000213 [0.000100/69.711692] [34217/0.000193]
  8  19 350, 0.000191 [0.000100/69.711620] [   0/0.000191]
Epoch 19 done. Evaluation:
(50000, 50000)
(8434, 10000)
  9   0  50, 0.000236 [0.000100/69.711527] [  91/0.000191]
  9   0 100, 0.000261 [0.000100/69.711499] [ 141/0.000191]
  9   0 150, 0.000284 [0.000100/69.711468] [ 191/0.000191]
  9   0 200, 0.000285 [0.000100/69.711438] [ 241/0.000191]
  9   0 250, 0.000267 [0.000100/69.711408] [ 291/0.000191]
  9   0 300, 0.000262 [0.000100/69.711378] [ 341/0.000191]
  9   0 350, 0.000277 [0.000100/69.711348] [ 391/0.000191]
Epoch 0 done. Evaluation:
(50000, 50000)
(8445, 10000)
  9   1  50, 0.000246 [0.000100/69.711293] [ 482/0.000191]
  9   1 100, 0.000230 [0.000101/69.711264] [ 532/0.000191]
  9   1 150, 0.000221 [0.000100/69.711235] [ 582/0.000191]
  9   1 200, 0.000238 [0.000100/69.711203] [ 632/0.000191]
  9   1 250, 0.000244 [0.000101/69.711174] [ 682/0.000191]
  9   1 300, 0.000280 [0.000100/69.711144] [ 732/0.000191]
  9   1 350, 0.000295 [0.000101/69.711113] [ 782/0.000191]
Epoch 1 done. Evaluation:
(50000, 50000)
(8434, 10000)
  9   2  50, 0.000255 [0.000100/69.711058] [ 873/0.000191]
  9   2 100, 0.000214 [0.000100/69.711029] [ 923/0.000191]
  9   2 150, 0.000202 [0.000100/69.711003] [ 973/0.000191]
  9   2 200, 0.000271 [0.000100/69.710971] [1023/0.000191]
  9   2 250, 0.000249 [0.000100/69.710942] [1073/0.000191]
  9   2 300, 0.000251 [0.000100/69.710911] [1123/0.000191]
  9   2 350, 0.000256 [0.000100/69.710880] [1173/0.000191]
Epoch 2 done. Evaluation:
(50000, 50000)
(8439, 10000)
  9   3  50, 0.000312 [0.000110/69.710822] [1264/0.000191]
  9   3 100, 0.000230 [0.000101/69.710794] [1314/0.000191]
  9   3 150, 0.000204 [0.000100/69.710766] [1364/0.000191]
  9   3 200, 0.000304 [0.000100/69.710732] [1414/0.000191]
  9   3 250, 0.000246 [0.000100/69.710703] [1464/0.000191]
  9   3 300, 0.000253 [0.000100/69.710673] [1514/0.000191]
  9   3 350, 0.000310 [0.000100/69.710642] [1564/0.000191]
Epoch 3 done. Evaluation:
(50000, 50000)
(8441, 10000)
  9   4  50, 0.000261 [0.000100/69.710588] [1655/0.000191]
  9   4 100, 0.000305 [0.000100/69.710559] [1705/0.000191]
  9   4 150, 0.000235 [0.000100/69.710530] [1755/0.000191]
  9   4 200, 0.000272 [0.000100/69.710500] [1805/0.000191]
  9   4 250, 0.000261 [0.000100/69.710469] [1855/0.000191]
  9   4 300, 0.000265 [0.000100/69.710439] [1905/0.000191]
  9   4 350, 0.000244 [0.000100/69.710410] [1955/0.000191]
Epoch 4 done. Evaluation:
(50000, 50000)
(8437, 10000)
  9   5  50, 0.000278 [0.000100/69.710354] [2046/0.000191]
  9   5 100, 0.000249 [0.000103/69.710325] [2096/0.000191]
  9   5 150, 0.000235 [0.000100/69.710294] [2146/0.000191]
  9   5 200, 0.000235 [0.000100/69.710263] [2196/0.000191]
  9   5 250, 0.000359 [0.000100/69.710232] [2246/0.000191]
  9   5 300, 0.000264 [0.000100/69.710204] [2296/0.000191]
  9   5 350, 0.000261 [0.000100/69.710171] [2346/0.000191]
Epoch 5 done. Evaluation:
(50000, 50000)
(8443, 10000)
  9   6  50, 0.000260 [0.000100/69.710118] [2437/0.000191]
  9   6 100, 0.000260 [0.000100/69.710085] [2487/0.000191]
  9   6 150, 0.000234 [0.000100/69.710057] [2537/0.000191]
  9   6 200, 0.000246 [0.000101/69.710025] [2587/0.000191]
  9   6 250, 0.000296 [0.000100/69.709996] [2637/0.000191]
  9   6 300, 0.000248 [0.000100/69.709966] [2687/0.000191]
  9   6 350, 0.000236 [0.000101/69.709936] [2737/0.000191]
Epoch 6 done. Evaluation:
(50000, 50000)
(8455, 10000)
  9   7  50, 0.000269 [0.000100/69.709880] [2828/0.000191]
  9   7 100, 0.000210 [0.000100/69.709851] [2878/0.000191]
  9   7 150, 0.000228 [0.000100/69.709821] [2928/0.000191]
  9   7 200, 0.000251 [0.000100/69.709790] [2978/0.000191]
  9   7 250, 0.000254 [0.000100/69.709761] [3028/0.000191]
  9   7 300, 0.000247 [0.000100/69.709730] [3078/0.000191]
  9   7 350, 0.000259 [0.000100/69.709700] [3128/0.000191]
Epoch 7 done. Evaluation:
(50000, 50000)
(8447, 10000)
  9   8  50, 0.000281 [0.000100/69.709647] [3219/0.000191]
  9   8 100, 0.000294 [0.000100/69.709614] [3269/0.000191]
  9   8 150, 0.000237 [0.000100/69.709585] [3319/0.000191]
  9   8 200, 0.000292 [0.000100/69.709554] [3369/0.000191]
  9   8 250, 0.000297 [0.000101/69.709522] [3419/0.000191]
  9   8 300, 0.000252 [0.000100/69.709492] [3469/0.000191]
  9   8 350, 0.000281 [0.000100/69.709461] [3519/0.000191]
Epoch 8 done. Evaluation:
(50000, 50000)
(8446, 10000)
  9   9  50, 0.000279 [0.000101/69.709407] [3610/0.000191]
  9   9 100, 0.000276 [0.000101/69.709376] [3660/0.000191]
  9   9 150, 0.000285 [0.000100/69.709345] [3710/0.000191]
  9   9 200, 0.000223 [0.000100/69.709314] [3760/0.000191]
  9   9 250, 0.000224 [0.000100/69.709285] [3810/0.000191]
  9   9 300, 0.000225 [0.000100/69.709256] [3860/0.000191]
  9   9 350, 0.000283 [0.000100/69.709224] [3910/0.000191]
Epoch 9 done. Evaluation:
(50000, 50000)
(8454, 10000)
  9  10  50, 0.000234 [0.000100/69.709171] [4001/0.000191]
  9  10 100, 0.000198 [0.000100/69.709142] [4051/0.000191]
  9  10 150, 0.000283 [0.000100/69.709111] [4101/0.000191]
  9  10 200, 0.000246 [0.000100/69.709082] [4151/0.000191]
  9  10 250, 0.000257 [0.000100/69.709051] [4201/0.000191]
  9  10 300, 0.000343 [0.000100/69.709019] [4251/0.000191]
  9  10 350, 0.000272 [0.000100/69.708987] [4301/0.000191]
Epoch 10 done. Evaluation:
(50000, 50000)
(8448, 10000)
  9  11  50, 0.000215 [0.000100/69.708933] [4392/0.000191]
  9  11 100, 0.000250 [0.000100/69.708903] [4442/0.000191]
  9  11 150, 0.000259 [0.000107/69.708873] [4492/0.000191]
  9  11 200, 0.000240 [0.000100/69.708842] [4542/0.000191]
  9  11 250, 0.000228 [0.000100/69.708812] [4592/0.000191]
  9  11 300, 0.000250 [0.000100/69.708780] [4642/0.000191]
  9  11 350, 0.000291 [0.000100/69.708752] [4692/0.000191]
Epoch 11 done. Evaluation:
(50000, 50000)
(8436, 10000)
  9  12  50, 0.000289 [0.000101/69.708698] [4783/0.000191]
  9  12 100, 0.000324 [0.000100/69.708667] [4833/0.000191]
  9  12 150, 0.000292 [0.000100/69.708637] [4883/0.000191]
  9  12 200, 0.000295 [0.000100/69.708607] [4933/0.000191]
  9  12 250, 0.000307 [0.000100/69.708575] [4983/0.000191]
  9  12 300, 0.000253 [0.000100/69.708546] [5033/0.000191]
  9  12 350, 0.000244 [0.000100/69.708516] [5083/0.000191]
Epoch 12 done. Evaluation:
(50000, 50000)
(8444, 10000)
  9  13  50, 0.000216 [0.000100/69.708462] [5174/0.000191]
  9  13 100, 0.000334 [0.000100/69.708431] [5224/0.000191]
  9  13 150, 0.000247 [0.000102/69.708399] [5274/0.000191]
  9  13 200, 0.000253 [0.000100/69.708370] [5324/0.000191]
  9  13 250, 0.000260 [0.000100/69.708338] [5374/0.000191]
  9  13 300, 0.000279 [0.000100/69.708308] [5424/0.000191]
  9  13 350, 0.000238 [0.000100/69.708279] [5474/0.000191]
Epoch 13 done. Evaluation:
(50000, 50000)
(8454, 10000)
  9  14  50, 0.000296 [0.000100/69.708222] [5565/0.000191]
  9  14 100, 0.000289 [0.000101/69.708192] [5615/0.000191]
  9  14 150, 0.000247 [0.000101/69.708163] [5665/0.000191]
  9  14 200, 0.000274 [0.000100/69.708133] [5715/0.000191]
  9  14 250, 0.000234 [0.000100/69.708102] [5765/0.000191]
  9  14 300, 0.000309 [0.000100/69.708071] [5815/0.000191]
  9  14 350, 0.000302 [0.000100/69.708039] [5865/0.000191]
Epoch 14 done. Evaluation:
(50000, 50000)
(8452, 10000)
  9  15  50, 0.000235 [0.000100/69.707985] [5956/0.000191]
  9  15 100, 0.000240 [0.000100/69.707956] [6006/0.000191]
  9  15 150, 0.000337 [0.000100/69.707925] [6056/0.000191]
  9  15 200, 0.000271 [0.000101/69.707895] [6106/0.000191]
  9  15 250, 0.000244 [0.000100/69.707865] [6156/0.000191]
  9  15 300, 0.000343 [0.000100/69.707833] [6206/0.000191]
  9  15 350, 0.000282 [0.000100/69.707800] [6256/0.000191]
Epoch 15 done. Evaluation:
(50000, 50000)
(8446, 10000)
  9  16  50, 0.000234 [0.000100/69.707745] [6347/0.000191]
  9  16 100, 0.000243 [0.000100/69.707715] [6397/0.000191]
  9  16 150, 0.000231 [0.000100/69.707688] [6447/0.000191]
  9  16 200, 0.000248 [0.000100/69.707657] [6497/0.000191]
  9  16 250, 0.000354 [0.000100/69.707626] [6547/0.000191]
  9  16 300, 0.000336 [0.000100/69.707594] [6597/0.000191]
  9  16 350, 0.000277 [0.000100/69.707562] [6647/0.000191]
Epoch 16 done. Evaluation:
(50000, 50000)
(8444, 10000)
  9  17  50, 0.000330 [0.000100/69.707508] [6738/0.000191]
  9  17 100, 0.000242 [0.000101/69.707477] [6788/0.000191]
  9  17 150, 0.000234 [0.000100/69.707448] [6838/0.000191]
  9  17 200, 0.000262 [0.000100/69.707417] [6888/0.000191]
  9  17 250, 0.000243 [0.000100/69.707389] [6938/0.000191]
  9  17 300, 0.000277 [0.000101/69.707359] [6988/0.000191]
  9  17 350, 0.000245 [0.000100/69.707331] [7038/0.000191]
Epoch 17 done. Evaluation:
(50000, 50000)
(8447, 10000)
  9  18  50, 0.000242 [0.000101/69.707275] [7129/0.000191]
  9  18 100, 0.000246 [0.000100/69.707245] [7179/0.000191]
  9  18 150, 0.000309 [0.000100/69.707214] [7229/0.000191]
  9  18 200, 0.000286 [0.000100/69.707182] [7279/0.000191]
  9  18 250, 0.000238 [0.000100/69.707154] [7329/0.000191]
  9  18 300, 0.000275 [0.000100/69.707124] [7379/0.000191]
  9  18 350, 0.000258 [0.000100/69.707095] [7429/0.000191]
Epoch 18 done. Evaluation:
(50000, 50000)
(8442, 10000)
  9  19  50, 0.000279 [0.000100/69.707039] [7520/0.000191]
  9  19 100, 0.000303 [0.000102/69.707008] [7570/0.000191]
  9  19 150, 0.000237 [0.000100/69.706977] [7620/0.000191]
  9  19 200, 0.000246 [0.000100/69.706948] [7670/0.000191]
  9  19 250, 0.000226 [0.000100/69.706920] [7720/0.000191]
  9  19 300, 0.000320 [0.000101/69.706888] [7770/0.000191]
  9  19 350, 0.000253 [0.000100/69.706858] [7820/0.000191]
Epoch 19 done. Evaluation:
(50000, 50000)
(8449, 10000)
6.58377348532e-05
0.00074092161345
0.000180253243844
0.000361428982762
9.03283790297e-05
0.000180466245975
4.50054257571e-05
8.97291406969e-05
2.25334500307e-05
2.25403297695e-05
6.23350262739e-07
6.13029257003e-07
