Sequential (
  (conv1_1): Sequential (
    (0): Conv2d(3, 32, kernel_size=(3, 3), stride=(1, 1), padding=(1, 1))
    (1): BatchNorm2d(32, eps=1e-05, momentum=0.1, affine=True)
    (2): ReLU (inplace)
  )
  (conv1_2): Sequential (
    (0): Conv2d(32, 32, kernel_size=(3, 3), stride=(1, 1), padding=(1, 1))
    (1): BatchNorm2d(32, eps=1e-05, momentum=0.1, affine=True)
    (2): ReLU (inplace)
  )
  (pool1): MaxPool2d (size=(2, 2), stride=(2, 2), dilation=(1, 1))
  (conv2_1): Sequential (
    (0): Conv2d(32, 64, kernel_size=(3, 3), stride=(1, 1), padding=(1, 1))
    (1): BatchNorm2d(64, eps=1e-05, momentum=0.1, affine=True)
    (2): ReLU (inplace)
  )
  (conv2_2): Sequential (
    (0): Conv2d(64, 64, kernel_size=(3, 3), stride=(1, 1), padding=(1, 1))
    (1): BatchNorm2d(64, eps=1e-05, momentum=0.1, affine=True)
    (2): ReLU (inplace)
  )
  (pool2): MaxPool2d (size=(2, 2), stride=(2, 2), dilation=(1, 1))
  (conv3_1): Sequential (
    (0): Conv2d(64, 128, kernel_size=(3, 3), stride=(1, 1), padding=(1, 1))
    (1): BatchNorm2d(128, eps=1e-05, momentum=0.1, affine=True)
    (2): ReLU (inplace)
  )
  (conv3_2): Sequential (
    (0): Conv2d(128, 128, kernel_size=(3, 3), stride=(1, 1), padding=(1, 1))
    (1): BatchNorm2d(128, eps=1e-05, momentum=0.1, affine=True)
    (2): ReLU (inplace)
  )
  (pool3): MaxPool2d (size=(2, 2), stride=(2, 2), dilation=(1, 1))
  (conv4_1): Sequential (
    (0): Conv2d(128, 256, kernel_size=(3, 3), stride=(1, 1), padding=(1, 1))
    (1): BatchNorm2d(256, eps=1e-05, momentum=0.1, affine=True)
    (2): ReLU (inplace)
  )
  (conv4_2): Sequential (
    (0): Conv2d(256, 256, kernel_size=(3, 3), stride=(1, 1), padding=(1, 1))
    (1): BatchNorm2d(256, eps=1e-05, momentum=0.1, affine=True)
    (2): ReLU (inplace)
  )
  (pool4): MaxPool2d (size=(2, 2), stride=(2, 2), dilation=(1, 1))
  (conv5_1): Sequential (
    (0): Conv2d(256, 256, kernel_size=(3, 3), stride=(1, 1), padding=(1, 1))
    (1): BatchNorm2d(256, eps=1e-05, momentum=0.1, affine=True)
    (2): ReLU (inplace)
  )
  (conv5_2): Sequential (
    (0): Conv2d(256, 256, kernel_size=(3, 3), stride=(1, 1), padding=(1, 1))
    (1): BatchNorm2d(256, eps=1e-05, momentum=0.1, affine=True)
    (2): ReLU (inplace)
  )
  (pool5): MaxPool2d (size=(2, 2), stride=(2, 2), dilation=(1, 1))
  (fc6): Sequential (
    (0): Conv2d(256, 256, kernel_size=(1, 1), stride=(1, 1))
    (1): BatchNorm2d(256, eps=1e-05, momentum=0.1, affine=True)
    (2): ReLU (inplace)
  )
  (logit): Conv2d(256, 10, kernel_size=(1, 1), stride=(1, 1))
  (flatter): Flatten()
)
{'L1_decay': 5e-06,
 'batch_size': 128,
 'force_name': False,
 'graphfolder': 'logs/cxp2_graphs/',
 'learning_rate': 0.1,
 'logfile': 'logs/cxp2.log',
 'mode': '',
 'name': 'cxp2',
 'num_base': 32,
 'optimizer': 'SGD_var_dup',
 'weight_decay': 1e-05}
Decayed training with schedule: [20, 20, 20, 20, 20, 20, 20, 20, 20, 20]
  0   0  50, 1.822095 [0.421801/72.249495] [   0/1.822095]
  0   0 100, 1.445637 [0.399564/72.240047] [   0/1.445637]
  0   0 150, 1.335859 [0.407193/72.224530] [   0/1.335859]
  0   0 200, 1.228667 [0.334864/72.206781] [   0/1.228667]
  0   0 250, 1.191562 [0.346366/72.188158] [   0/1.191562]
  0   0 300, 1.118712 [0.337164/72.167630] [   0/1.118712]
  0   0 350, 1.030058 [0.358130/72.147410] [   0/1.030058]
Epoch 0 done. Evaluation:
(26932, 50000)
(5948, 10000)
  0   1  50, 0.936281 [0.284484/72.109553] [   0/0.936281]
  0   1 100, 0.905703 [0.323540/72.087328] [   0/0.905703]
  0   1 150, 0.851691 [0.310822/72.065579] [   0/0.851691]
  0   1 200, 0.855427 [0.367482/72.042362] [  50/0.851691]
  0   1 250, 0.829162 [0.308010/72.020479] [   0/0.829162]
  0   1 300, 0.807218 [0.250724/71.996390] [   0/0.807218]
  0   1 350, 0.793661 [0.307355/71.970134] [   0/0.793661]
Epoch 1 done. Evaluation:
(35038, 50000)
(6685, 10000)
  0   2  50, 0.706655 [0.285331/71.927367] [   0/0.706655]
  0   2 100, 0.698997 [0.302711/71.906962] [   0/0.698997]
  0   2 150, 0.677553 [0.273704/71.885703] [   0/0.677553]
  0   2 200, 0.670777 [0.346584/71.862844] [   0/0.670777]
  0   2 250, 0.668702 [0.330060/71.840368] [   0/0.668702]
  0   2 300, 0.685241 [0.353706/71.815496] [  50/0.668702]
  0   2 350, 0.670266 [0.307827/71.791162] [ 100/0.668702]
Epoch 2 done. Evaluation:
(38080, 50000)
(7064, 10000)
  0   3  50, 0.582797 [0.280034/71.750114] [   0/0.582797]
  0   3 100, 0.579756 [0.285029/71.728885] [   0/0.579756]
  0   3 150, 0.596929 [0.270263/71.707390] [  50/0.579756]
  0   3 200, 0.591654 [0.307983/71.685628] [ 100/0.579756]
  0   3 250, 0.569659 [0.319616/71.665103] [   0/0.569659]
  0   3 300, 0.572727 [0.283420/71.642971] [  50/0.569659]
  0   3 350, 0.565033 [0.328188/71.619555] [   0/0.565033]
Epoch 3 done. Evaluation:
(39887, 50000)
(7163, 10000)
  0   4  50, 0.485576 [0.313181/71.582296] [   0/0.485576]
  0   4 100, 0.472520 [0.306525/71.564441] [   0/0.472520]
  0   4 150, 0.508967 [0.359472/71.546088] [  50/0.472520]
  0   4 200, 0.514045 [0.285437/71.526218] [ 100/0.472520]
  0   4 250, 0.512732 [0.298676/71.506727] [ 150/0.472520]
  0   4 300, 0.507631 [0.285697/71.487136] [ 200/0.472520]
  0   4 350, 0.483710 [0.334537/71.466354] [ 250/0.472520]
Epoch 4 done. Evaluation:
(41350, 50000)
(7401, 10000)
  0   5  50, 0.434452 [0.264338/71.433837] [   0/0.434452]
  0   5 100, 0.436196 [0.337309/71.417214] [  50/0.434452]
  0   5 150, 0.441880 [0.289607/71.400653] [ 100/0.434452]
  0   5 200, 0.429853 [0.260834/71.383998] [   0/0.429853]
  0   5 250, 0.432915 [0.323678/71.367690] [  50/0.429853]
  0   5 300, 0.456786 [0.303955/71.349524] [ 100/0.429853]
  0   5 350, 0.440520 [0.272275/71.330010] [ 150/0.429853]
Epoch 5 done. Evaluation:
(42331, 50000)
(7446, 10000)
  0   6  50, 0.348597 [0.260572/71.299295] [   0/0.348597]
  0   6 100, 0.368542 [0.317289/71.283569] [  50/0.348597]
  0   6 150, 0.389839 [0.358460/71.269583] [ 100/0.348597]
  0   6 200, 0.397503 [0.337419/71.254247] [ 150/0.348597]
  0   6 250, 0.406471 [0.319948/71.239537] [ 200/0.348597]
  0   6 300, 0.380865 [0.254552/71.224824] [ 250/0.348597]
  0   6 350, 0.402157 [0.286708/71.211001] [ 300/0.348597]
Epoch 6 done. Evaluation:
(43259, 50000)
(7736, 10000)
  0   7  50, 0.314773 [0.280041/71.186064] [   0/0.314773]
  0   7 100, 0.332093 [0.330390/71.172519] [  50/0.314773]
  0   7 150, 0.336667 [0.366818/71.158682] [ 100/0.314773]
  0   7 200, 0.344097 [0.319683/71.145311] [ 150/0.314773]
  0   7 250, 0.372435 [0.325163/71.132627] [ 200/0.314773]
  0   7 300, 0.358103 [0.241494/71.121110] [ 250/0.314773]
  0   7 350, 0.359758 [0.345336/71.108335] [ 300/0.314773]
Epoch 7 done. Evaluation:
(43976, 50000)
(7901, 10000)
  0   8  50, 0.270617 [0.305825/71.085806] [   0/0.270617]
  0   8 100, 0.283049 [0.322710/71.072819] [  50/0.270617]
  0   8 150, 0.308513 [0.313284/71.060761] [ 100/0.270617]
  0   8 200, 0.306534 [0.250991/71.053311] [ 150/0.270617]
  0   8 250, 0.334970 [0.360022/71.043846] [ 200/0.270617]
  0   8 300, 0.342960 [0.405335/71.033913] [ 250/0.270617]
  0   8 350, 0.320116 [0.284791/71.022069] [ 300/0.270617]
Epoch 8 done. Evaluation:
(44585, 50000)
(7797, 10000)
  0   9  50, 0.247771 [0.251644/71.000195] [   0/0.247771]
  0   9 100, 0.267832 [0.298686/70.988602] [  50/0.247771]
  0   9 150, 0.265642 [0.317161/70.977672] [ 100/0.247771]
  0   9 200, 0.259772 [0.375567/70.967081] [ 150/0.247771]
  0   9 250, 0.275240 [0.327648/70.956529] [ 200/0.247771]
  0   9 300, 0.296786 [0.261980/70.946441] [ 250/0.247771]
  0   9 350, 0.285036 [0.329216/70.935766] [ 300/0.247771]
Epoch 9 done. Evaluation:
(45290, 50000)
(7645, 10000)
  0  10  50, 0.223282 [0.339904/70.918268] [   0/0.223282]
  0  10 100, 0.227870 [0.187577/70.907792] [  50/0.223282]
  0  10 150, 0.259801 [0.397891/70.899036] [ 100/0.223282]
  0  10 200, 0.248273 [0.281448/70.889267] [ 150/0.223282]
  0  10 250, 0.236753 [0.347306/70.879302] [ 200/0.223282]
  0  10 300, 0.256529 [0.348611/70.871216] [ 250/0.223282]
  0  10 350, 0.268348 [0.371837/70.863885] [ 300/0.223282]
Epoch 10 done. Evaluation:
(45757, 50000)
(7860, 10000)
  0  11  50, 0.193489 [0.282788/70.842653] [   0/0.193489]
  0  11 100, 0.209924 [0.300776/70.830982] [  50/0.193489]
  0  11 150, 0.202450 [0.280009/70.823133] [ 100/0.193489]
  0  11 200, 0.229439 [0.329867/70.815439] [ 150/0.193489]
  0  11 250, 0.236495 [0.309519/70.808784] [ 200/0.193489]
  0  11 300, 0.233794 [0.309653/70.801386] [ 250/0.193489]
  0  11 350, 0.242523 [0.348907/70.790903] [ 300/0.193489]
Epoch 11 done. Evaluation:
(46160, 50000)
(7964, 10000)
  0  12  50, 0.163912 [0.296514/70.769381] [   0/0.163912]
  0  12 100, 0.170119 [0.346387/70.755030] [  50/0.163912]
  0  12 150, 0.181040 [0.346660/70.746589] [ 100/0.163912]
  0  12 200, 0.190982 [0.312202/70.738591] [ 150/0.163912]
  0  12 250, 0.198391 [0.255931/70.732153] [ 200/0.163912]
  0  12 300, 0.203435 [0.299634/70.725852] [ 250/0.163912]
  0  12 350, 0.226744 [0.401286/70.722564] [ 300/0.163912]
Epoch 12 done. Evaluation:
(46659, 50000)
(8025, 10000)
  0  13  50, 0.154183 [0.235711/70.703733] [   0/0.154183]
  0  13 100, 0.151275 [0.341551/70.692257] [   0/0.151275]
  0  13 150, 0.169611 [0.359124/70.683539] [  50/0.151275]
  0  13 200, 0.170383 [0.409757/70.676491] [ 100/0.151275]
  0  13 250, 0.172281 [0.358109/70.668447] [ 150/0.151275]
  0  13 300, 0.182992 [0.348107/70.662162] [ 200/0.151275]
  0  13 350, 0.219349 [0.293853/70.658111] [ 250/0.151275]
Epoch 13 done. Evaluation:
(46903, 50000)
(7707, 10000)
  0  14  50, 0.159315 [0.328393/70.641314] [ 341/0.151275]
  0  14 100, 0.130931 [0.307303/70.628283] [   0/0.130931]
  0  14 150, 0.143907 [0.394765/70.616098] [  50/0.130931]
  0  14 200, 0.143208 [0.293174/70.607479] [ 100/0.130931]
  0  14 250, 0.162415 [0.232822/70.602208] [ 150/0.130931]
  0  14 300, 0.188824 [0.346425/70.598969] [ 200/0.130931]
  0  14 350, 0.177915 [0.408207/70.593931] [ 250/0.130931]
Epoch 14 done. Evaluation:
(47177, 50000)
(7757, 10000)
  0  15  50, 0.138028 [0.273288/70.583986] [ 341/0.130931]
  0  15 100, 0.141891 [0.255368/70.573163] [ 391/0.130931]
  0  15 150, 0.139220 [0.245467/70.563203] [ 441/0.130931]
  0  15 200, 0.153929 [0.215367/70.554673] [ 491/0.130931]
  0  15 250, 0.153310 [0.365857/70.548560] [ 541/0.130931]
  0  15 300, 0.157484 [0.394835/70.540891] [ 591/0.130931]
  0  15 350, 0.174360 [0.223211/70.535794] [ 641/0.130931]
Epoch 15 done. Evaluation:
(47315, 50000)
(8081, 10000)
  0  16  50, 0.103477 [0.144559/70.515555] [   0/0.103477]
  0  16 100, 0.115623 [0.289475/70.500820] [  50/0.103477]
  0  16 150, 0.133547 [0.402785/70.490903] [ 100/0.103477]
  0  16 200, 0.133296 [0.321299/70.484035] [ 150/0.103477]
  0  16 250, 0.152405 [0.378880/70.480150] [ 200/0.103477]
  0  16 300, 0.154531 [0.259964/70.472759] [ 250/0.103477]
  0  16 350, 0.158080 [0.329416/70.465867] [ 300/0.103477]
Epoch 16 done. Evaluation:
(47630, 50000)
(7621, 10000)
  0  17  50, 0.115295 [0.372380/70.446078] [ 391/0.103477]
  0  17 100, 0.108448 [0.272608/70.432010] [ 441/0.103477]
  0  17 150, 0.126511 [0.453775/70.423017] [ 491/0.103477]
  0  17 200, 0.126240 [0.346918/70.414157] [ 541/0.103477]
  0  17 250, 0.120329 [0.318070/70.404568] [ 591/0.103477]
  0  17 300, 0.128701 [0.351044/70.397300] [ 641/0.103477]
  0  17 350, 0.134365 [0.337854/70.388841] [ 691/0.103477]
Epoch 17 done. Evaluation:
(47796, 50000)
(7980, 10000)
  0  18  50, 0.091122 [0.273729/70.366464] [   0/0.091122]
  0  18 100, 0.101238 [0.343613/70.354313] [  50/0.091122]
  0  18 150, 0.099542 [0.299290/70.339969] [ 100/0.091122]
  0  18 200, 0.105043 [0.328608/70.328679] [ 150/0.091122]
  0  18 250, 0.124522 [0.435523/70.324060] [ 200/0.091122]
  0  18 300, 0.111716 [0.264700/70.315736] [ 250/0.091122]
  0  18 350, 0.138252 [0.326579/70.312657] [ 300/0.091122]
Epoch 18 done. Evaluation:
(47998, 50000)
(8095, 10000)
  0  19  50, 0.096761 [0.253350/70.296610] [ 391/0.091122]
  0  19 100, 0.101738 [0.342489/70.284603] [ 441/0.091122]
  0  19 150, 0.112942 [0.340454/70.274634] [ 491/0.091122]
  0  19 200, 0.109331 [0.258128/70.265293] [ 541/0.091122]
  0  19 250, 0.117202 [0.324438/70.257658] [ 591/0.091122]
  0  19 300, 0.118997 [0.318663/70.250172] [ 641/0.091122]
  0  19 350, 0.121001 [0.366574/70.243234] [ 691/0.091122]
Epoch 19 done. Evaluation:
(48009, 50000)
(8076, 10000)
  1   0  50, 0.065318 [0.090237/70.223991] [   0/0.065318]
  1   0 100, 0.052436 [0.127115/70.207846] [   0/0.052436]
  1   0 150, 0.047134 [0.105254/70.191339] [   0/0.047134]
  1   0 200, 0.042430 [0.082421/70.174149] [   0/0.042430]
  1   0 250, 0.046725 [0.081044/70.157537] [  50/0.042430]
  1   0 300, 0.045250 [0.077537/70.140788] [ 100/0.042430]
  1   0 350, 0.040404 [0.051665/70.123922] [   0/0.040404]
Epoch 0 done. Evaluation:
(49239, 50000)
(8381, 10000)
  1   1  50, 0.025565 [0.089347/70.091923] [   0/0.025565]
  1   1 100, 0.025596 [0.055930/70.073595] [  50/0.025565]
  1   1 150, 0.023347 [0.049717/70.055082] [   0/0.023347]
  1   1 200, 0.026020 [0.082855/70.036717] [  50/0.023347]
  1   1 250, 0.020764 [0.036448/70.018087] [   0/0.020764]
  1   1 300, 0.026755 [0.089076/70.000063] [  50/0.020764]
  1   1 350, 0.030763 [0.091515/69.982611] [ 100/0.020764]
Epoch 1 done. Evaluation:
(49650, 50000)
(8366, 10000)
  1   2  50, 0.017054 [0.043137/69.949044] [   0/0.017054]
  1   2 100, 0.016351 [0.075274/69.930071] [   0/0.016351]
  1   2 150, 0.013657 [0.078772/69.910881] [   0/0.013657]
  1   2 200, 0.013557 [0.035973/69.891584] [   0/0.013557]
  1   2 250, 0.014449 [0.129444/69.872399] [  50/0.013557]
  1   2 300, 0.014994 [0.058983/69.853400] [ 100/0.013557]
  1   2 350, 0.013566 [0.048965/69.834420] [ 150/0.013557]
Epoch 2 done. Evaluation:
(49821, 50000)
(8420, 10000)
  1   3  50, 0.011811 [0.058180/69.799711] [   0/0.011811]
  1   3 100, 0.009292 [0.043955/69.780024] [   0/0.009292]
  1   3 150, 0.007239 [0.012972/69.760043] [   0/0.007239]
  1   3 200, 0.011038 [0.022278/69.740582] [  50/0.007239]
  1   3 250, 0.011088 [0.014169/69.721372] [ 100/0.007239]
  1   3 300, 0.013698 [0.070855/69.702100] [ 150/0.007239]
  1   3 350, 0.013061 [0.087185/69.683230] [ 200/0.007239]
Epoch 3 done. Evaluation:
(49885, 50000)
(8466, 10000)
  1   4  50, 0.007680 [0.084437/69.647496] [ 291/0.007239]
  1   4 100, 0.007890 [0.046646/69.627654] [ 341/0.007239]
  1   4 150, 0.008242 [0.014201/69.608031] [ 391/0.007239]
  1   4 200, 0.007555 [0.019804/69.588202] [ 441/0.007239]
  1   4 250, 0.006789 [0.004494/69.568442] [   0/0.006789]
  1   4 300, 0.006845 [0.045723/69.548641] [  50/0.006789]
  1   4 350, 0.007009 [0.007874/69.528903] [ 100/0.006789]
Epoch 4 done. Evaluation:
(49932, 50000)
(8481, 10000)
  1   5  50, 0.004926 [0.029203/69.492735] [   0/0.004926]
  1   5 100, 0.006499 [0.096375/69.472962] [  50/0.004926]
  1   5 150, 0.004467 [0.005225/69.452833] [   0/0.004467]
  1   5 200, 0.005239 [0.032003/69.432946] [  50/0.004467]
  1   5 250, 0.005699 [0.019132/69.413067] [ 100/0.004467]
  1   5 300, 0.005147 [0.014548/69.393210] [ 150/0.004467]
  1   5 350, 0.004918 [0.028225/69.373311] [ 200/0.004467]
Epoch 5 done. Evaluation:
(49967, 50000)
(8480, 10000)
  1   6  50, 0.003608 [0.003554/69.336855] [   0/0.003608]
  1   6 100, 0.004054 [0.025991/69.316845] [  50/0.003608]
  1   6 150, 0.004037 [0.013032/69.296848] [ 100/0.003608]
  1   6 200, 0.004437 [0.052596/69.277020] [ 150/0.003608]
  1   6 250, 0.004021 [0.038585/69.257116] [ 200/0.003608]
  1   6 300, 0.003839 [0.002876/69.237110] [ 250/0.003608]
  1   6 350, 0.004347 [0.006403/69.217312] [ 300/0.003608]
Epoch 6 done. Evaluation:
(49974, 50000)
(8470, 10000)
  1   7  50, 0.002918 [0.006279/69.181212] [   0/0.002918]
  1   7 100, 0.003750 [0.019128/69.161131] [  50/0.002918]
  1   7 150, 0.003753 [0.008084/69.141312] [ 100/0.002918]
  1   7 200, 0.002577 [0.010464/69.121276] [   0/0.002577]
  1   7 250, 0.002735 [0.016613/69.101301] [  50/0.002577]
  1   7 300, 0.002770 [0.006873/69.081396] [ 100/0.002577]
  1   7 350, 0.002361 [0.017680/69.061375] [   0/0.002361]
Epoch 7 done. Evaluation:
(49990, 50000)
(8495, 10000)
  1   8  50, 0.002172 [0.007737/69.024913] [   0/0.002172]
  1   8 100, 0.002161 [0.010297/69.004939] [   0/0.002161]
  1   8 150, 0.002219 [0.005201/68.984958] [  50/0.002161]
  1   8 200, 0.002433 [0.017128/68.965051] [ 100/0.002161]
  1   8 250, 0.002375 [0.007481/68.945190] [ 150/0.002161]
  1   8 300, 0.001565 [0.004132/68.925156] [   0/0.001565]
  1   8 350, 0.002470 [0.010445/68.905402] [  50/0.001565]
Epoch 8 done. Evaluation:
(49994, 50000)
(8498, 10000)
  1   9  50, 0.001630 [0.021914/68.869158] [ 141/0.001565]
  1   9 100, 0.001824 [0.087855/68.849285] [ 191/0.001565]
  1   9 150, 0.001873 [0.008330/68.829433] [ 241/0.001565]
  1   9 200, 0.001661 [0.010607/68.809560] [ 291/0.001565]
  1   9 250, 0.002078 [0.003948/68.789816] [ 341/0.001565]
  1   9 300, 0.001700 [0.007877/68.770006] [ 391/0.001565]
  1   9 350, 0.001938 [0.007009/68.750259] [ 441/0.001565]
Epoch 9 done. Evaluation:
(49997, 50000)
(8486, 10000)
  1  10  50, 0.001748 [0.005031/68.714285] [ 532/0.001565]
  1  10 100, 0.001537 [0.031881/68.694534] [   0/0.001537]
  1  10 150, 0.001528 [0.012945/68.674796] [   0/0.001528]
  1  10 200, 0.001791 [0.007715/68.655140] [  50/0.001528]
  1  10 250, 0.002090 [0.049737/68.635612] [ 100/0.001528]
  1  10 300, 0.001739 [0.005600/68.616002] [ 150/0.001528]
  1  10 350, 0.001658 [0.006469/68.596404] [ 200/0.001528]
Epoch 10 done. Evaluation:
(49996, 50000)
(8465, 10000)
  1  11  50, 0.001392 [0.005463/68.560707] [   0/0.001392]
  1  11 100, 0.001571 [0.012057/68.541153] [  50/0.001392]
  1  11 150, 0.001327 [0.006031/68.521562] [   0/0.001327]
  1  11 200, 0.001502 [0.004981/68.502055] [  50/0.001327]
  1  11 250, 0.001291 [0.005815/68.482507] [   0/0.001291]
  1  11 300, 0.001332 [0.006188/68.462980] [  50/0.001291]
  1  11 350, 0.001366 [0.004917/68.443495] [ 100/0.001291]
Epoch 11 done. Evaluation:
(49999, 50000)
(8491, 10000)
  1  12  50, 0.001353 [0.038245/68.408099] [ 191/0.001291]
  1  12 100, 0.001276 [0.026239/68.388640] [   0/0.001276]
  1  12 150, 0.001428 [0.009837/68.369283] [  50/0.001276]
  1  12 200, 0.001251 [0.004026/68.349876] [   0/0.001251]
  1  12 250, 0.001402 [0.005096/68.330538] [  50/0.001251]
  1  12 300, 0.001255 [0.012799/68.311180] [ 100/0.001251]
  1  12 350, 0.001501 [0.008772/68.291929] [ 150/0.001251]
Epoch 12 done. Evaluation:
(50000, 50000)
(8496, 10000)
  1  13  50, 0.001186 [0.008403/68.256789] [   0/0.001186]
  1  13 100, 0.001149 [0.017423/68.237482] [   0/0.001149]
  1  13 150, 0.001162 [0.002534/68.218204] [  50/0.001149]
  1  13 200, 0.001015 [0.003673/68.198922] [   0/0.001015]
  1  13 250, 0.001060 [0.003627/68.179661] [  50/0.001015]
  1  13 300, 0.001096 [0.009291/68.160442] [ 100/0.001015]
  1  13 350, 0.001032 [0.001983/68.141229] [ 150/0.001015]
Epoch 13 done. Evaluation:
(49998, 50000)
(8486, 10000)
  1  14  50, 0.000891 [0.006384/68.106327] [   0/0.000891]
  1  14 100, 0.000975 [0.005180/68.087170] [  50/0.000891]
  1  14 150, 0.000900 [0.001264/68.068014] [ 100/0.000891]
  1  14 200, 0.001017 [0.001898/68.048901] [ 150/0.000891]
  1  14 250, 0.001176 [0.007914/68.029875] [ 200/0.000891]
  1  14 300, 0.000947 [0.001664/68.010802] [ 250/0.000891]
  1  14 350, 0.000907 [0.001522/67.991730] [ 300/0.000891]
Epoch 14 done. Evaluation:
(49999, 50000)
(8482, 10000)
  1  15  50, 0.000951 [0.002714/67.957130] [ 391/0.000891]
  1  15 100, 0.000840 [0.009936/67.938107] [   0/0.000840]
  1  15 150, 0.000672 [0.006547/67.919058] [   0/0.000672]
  1  15 200, 0.000861 [0.007295/67.900083] [  50/0.000672]
  1  15 250, 0.001114 [0.004650/67.881268] [ 100/0.000672]
  1  15 300, 0.001201 [0.013461/67.862447] [ 150/0.000672]
  1  15 350, 0.001038 [0.005500/67.843593] [ 200/0.000672]
Epoch 15 done. Evaluation:
(49999, 50000)
(8476, 10000)
  1  16  50, 0.000693 [0.005689/67.809269] [ 291/0.000672]
  1  16 100, 0.000641 [0.003832/67.790360] [   0/0.000641]
  1  16 150, 0.000664 [0.019281/67.771475] [  50/0.000641]
  1  16 200, 0.000809 [0.008942/67.752656] [ 100/0.000641]
  1  16 250, 0.000856 [0.004746/67.733876] [ 150/0.000641]
  1  16 300, 0.000711 [0.002583/67.715072] [ 200/0.000641]
  1  16 350, 0.000783 [0.002948/67.696316] [ 250/0.000641]
Epoch 16 done. Evaluation:
(50000, 50000)
(8476, 10000)
  1  17  50, 0.000737 [0.003947/67.662245] [ 341/0.000641]
  1  17 100, 0.000646 [0.001427/67.643513] [ 391/0.000641]
  1  17 150, 0.000649 [0.002849/67.624795] [ 441/0.000641]
  1  17 200, 0.000705 [0.002493/67.606113] [ 491/0.000641]
  1  17 250, 0.000648 [0.001652/67.587439] [ 541/0.000641]
  1  17 300, 0.000707 [0.004775/67.568805] [ 591/0.000641]
  1  17 350, 0.000652 [0.001188/67.550176] [ 641/0.000641]
Epoch 17 done. Evaluation:
(50000, 50000)
(8476, 10000)
  1  18  50, 0.000788 [0.002203/67.516340] [ 732/0.000641]
  1  18 100, 0.000570 [0.004367/67.497742] [   0/0.000570]
  1  18 150, 0.000671 [0.003425/67.479196] [  50/0.000570]
  1  18 200, 0.000770 [0.006248/67.460702] [ 100/0.000570]
  1  18 250, 0.000648 [0.004300/67.442190] [ 150/0.000570]
  1  18 300, 0.000623 [0.001166/67.423693] [ 200/0.000570]
  1  18 350, 0.000619 [0.001638/67.405214] [ 250/0.000570]
Epoch 18 done. Evaluation:
(50000, 50000)
(8485, 10000)
  1  19  50, 0.000853 [0.017357/67.371752] [ 341/0.000570]
  1  19 100, 0.000609 [0.002042/67.353336] [ 391/0.000570]
  1  19 150, 0.001039 [0.001370/67.335047] [ 441/0.000570]
  1  19 200, 0.000633 [0.002432/67.316671] [ 491/0.000570]
  1  19 250, 0.000601 [0.001583/67.298312] [ 541/0.000570]
  1  19 300, 0.000712 [0.002984/67.280005] [ 591/0.000570]
  1  19 350, 0.000630 [0.000953/67.261691] [ 641/0.000570]
Epoch 19 done. Evaluation:
(49999, 50000)
(8476, 10000)
  2   0  50, 0.000780 [0.003965/67.237558] [ 732/0.000570]
  2   0 100, 0.000635 [0.001710/67.228414] [ 782/0.000570]
  2   0 150, 0.000547 [0.001098/67.219269] [   0/0.000547]
  2   0 200, 0.000539 [0.001159/67.210132] [   0/0.000539]
  2   0 250, 0.000559 [0.001686/67.201000] [  50/0.000539]
  2   0 300, 0.000585 [0.001435/67.191880] [ 100/0.000539]
  2   0 350, 0.000481 [0.000940/67.182744] [   0/0.000481]
Epoch 0 done. Evaluation:
(50000, 50000)
(8498, 10000)
  2   1  50, 0.000522 [0.000722/67.166149] [  91/0.000481]
  2   1 100, 0.000494 [0.000734/67.157032] [ 141/0.000481]
  2   1 150, 0.000515 [0.000825/67.147925] [ 191/0.000481]
  2   1 200, 0.000478 [0.001080/67.138815] [   0/0.000478]
  2   1 250, 0.000529 [0.001361/67.129716] [  50/0.000478]
  2   1 300, 0.000572 [0.002058/67.120625] [ 100/0.000478]
  2   1 350, 0.000688 [0.001268/67.111552] [ 150/0.000478]
Epoch 1 done. Evaluation:
(50000, 50000)
(8490, 10000)
  2   2  50, 0.000548 [0.001391/67.095032] [ 241/0.000478]
  2   2 100, 0.000499 [0.001666/67.085957] [ 291/0.000478]
  2   2 150, 0.000540 [0.002589/67.076886] [ 341/0.000478]
  2   2 200, 0.000539 [0.000593/67.067823] [ 391/0.000478]
  2   2 250, 0.000612 [0.000503/67.058772] [ 441/0.000478]
  2   2 300, 0.000565 [0.002615/67.049724] [ 491/0.000478]
  2   2 350, 0.000576 [0.001039/67.040681] [ 541/0.000478]
Epoch 2 done. Evaluation:
(50000, 50000)
(8496, 10000)
  2   3  50, 0.000545 [0.003387/67.024225] [ 632/0.000478]
  2   3 100, 0.000563 [0.001262/67.015194] [ 682/0.000478]
  2   3 150, 0.000508 [0.000800/67.006160] [ 732/0.000478]
  2   3 200, 0.000537 [0.001424/66.997133] [ 782/0.000478]
  2   3 250, 0.000600 [0.003392/66.988118] [ 832/0.000478]
  2   3 300, 0.000472 [0.002785/66.979095] [   0/0.000472]
  2   3 350, 0.000517 [0.000457/66.970083] [  50/0.000472]
Epoch 3 done. Evaluation:
(50000, 50000)
(8490, 10000)
  2   4  50, 0.000523 [0.000627/66.953712] [ 141/0.000472]
  2   4 100, 0.000618 [0.001661/66.944724] [ 191/0.000472]
  2   4 150, 0.000532 [0.002066/66.935730] [ 241/0.000472]
  2   4 200, 0.000538 [0.001805/66.926748] [ 291/0.000472]
  2   4 250, 0.000522 [0.000875/66.917760] [ 341/0.000472]
  2   4 300, 0.000476 [0.000681/66.908770] [ 391/0.000472]
  2   4 350, 0.000624 [0.001047/66.899814] [ 441/0.000472]
Epoch 4 done. Evaluation:
(50000, 50000)
(8500, 10000)
  2   5  50, 0.000581 [0.009466/66.883490] [ 532/0.000472]
  2   5 100, 0.000474 [0.000795/66.874522] [ 582/0.000472]
  2   5 150, 0.000544 [0.003103/66.865569] [ 632/0.000472]
  2   5 200, 0.000513 [0.000727/66.856617] [ 682/0.000472]
  2   5 250, 0.000457 [0.000514/66.847663] [   0/0.000457]
  2   5 300, 0.000455 [0.000522/66.838716] [   0/0.000455]
  2   5 350, 0.000514 [0.000807/66.829776] [  50/0.000455]
Epoch 5 done. Evaluation:
(50000, 50000)
(8489, 10000)
  2   6  50, 0.000388 [0.001005/66.813510] [   0/0.000388]
  2   6 100, 0.000491 [0.000531/66.804584] [  50/0.000388]
  2   6 150, 0.000622 [0.001240/66.795680] [ 100/0.000388]
  2   6 200, 0.000466 [0.002866/66.786757] [ 150/0.000388]
  2   6 250, 0.000521 [0.000525/66.777847] [ 200/0.000388]
  2   6 300, 0.000465 [0.000517/66.768936] [ 250/0.000388]
  2   6 350, 0.000433 [0.000667/66.760025] [ 300/0.000388]
Epoch 6 done. Evaluation:
(49999, 50000)
(8491, 10000)
  2   7  50, 0.000422 [0.000941/66.743821] [ 391/0.000388]
  2   7 100, 0.000449 [0.000499/66.734923] [ 441/0.000388]
  2   7 150, 0.000739 [0.000529/66.726064] [ 491/0.000388]
  2   7 200, 0.000476 [0.001009/66.717181] [ 541/0.000388]
  2   7 250, 0.000500 [0.000761/66.708308] [ 591/0.000388]
  2   7 300, 0.000481 [0.000731/66.699430] [ 641/0.000388]
  2   7 350, 0.000450 [0.003207/66.690560] [ 691/0.000388]
Epoch 7 done. Evaluation:
(50000, 50000)
(8490, 10000)
  2   8  50, 0.000469 [0.000851/66.674431] [ 782/0.000388]
  2   8 100, 0.000408 [0.001264/66.665565] [ 832/0.000388]
  2   8 150, 0.000615 [0.000854/66.656735] [ 882/0.000388]
  2   8 200, 0.000442 [0.001125/66.647882] [ 932/0.000388]
  2   8 250, 0.000532 [0.000594/66.639050] [ 982/0.000388]
  2   8 300, 0.000442 [0.001381/66.630205] [1032/0.000388]
  2   8 350, 0.000376 [0.001544/66.621360] [   0/0.000376]
Epoch 8 done. Evaluation:
(50000, 50000)
(8490, 10000)
  2   9  50, 0.000400 [0.000462/66.605281] [  91/0.000376]
  2   9 100, 0.000360 [0.000651/66.596446] [   0/0.000360]
  2   9 150, 0.000417 [0.000835/66.587627] [  50/0.000360]
  2   9 200, 0.000500 [0.007224/66.578818] [ 100/0.000360]
  2   9 250, 0.000439 [0.000565/66.570012] [ 150/0.000360]
  2   9 300, 0.000401 [0.000825/66.561200] [ 200/0.000360]
  2   9 350, 0.000426 [0.001237/66.552400] [ 250/0.000360]
Epoch 9 done. Evaluation:
(50000, 50000)
(8501, 10000)
  2  10  50, 0.000382 [0.001410/66.536382] [ 341/0.000360]
  2  10 100, 0.000418 [0.001373/66.527590] [ 391/0.000360]
  2  10 150, 0.000493 [0.000696/66.518813] [ 441/0.000360]
  2  10 200, 0.000415 [0.002391/66.510030] [ 491/0.000360]
  2  10 250, 0.000393 [0.000597/66.501252] [ 541/0.000360]
  2  10 300, 0.000397 [0.000620/66.492475] [ 591/0.000360]
  2  10 350, 0.000434 [0.004022/66.483710] [ 641/0.000360]
Epoch 10 done. Evaluation:
(50000, 50000)
(8496, 10000)
  2  11  50, 0.000362 [0.013203/66.467748] [ 732/0.000360]
  2  11 100, 0.000425 [0.000587/66.458994] [ 782/0.000360]
  2  11 150, 0.000428 [0.000417/66.450242] [ 832/0.000360]
  2  11 200, 0.000501 [0.001247/66.441509] [ 882/0.000360]
  2  11 250, 0.000361 [0.001896/66.432758] [ 932/0.000360]
  2  11 300, 0.000363 [0.001087/66.424015] [ 982/0.000360]
  2  11 350, 0.000427 [0.000450/66.415284] [1032/0.000360]
Epoch 11 done. Evaluation:
(50000, 50000)
(8489, 10000)
  2  12  50, 0.000415 [0.000467/66.399425] [1123/0.000360]
  2  12 100, 0.000410 [0.000720/66.390705] [1173/0.000360]
  2  12 150, 0.000346 [0.000803/66.381980] [   0/0.000346]
  2  12 200, 0.000356 [0.000947/66.373263] [  50/0.000346]
  2  12 250, 0.000349 [0.000586/66.364548] [ 100/0.000346]
  2  12 300, 0.000340 [0.000711/66.355835] [   0/0.000340]
  2  12 350, 0.000375 [0.000672/66.347134] [  50/0.000340]
Epoch 12 done. Evaluation:
(50000, 50000)
(8504, 10000)
  2  13  50, 0.000439 [0.000593/66.331318] [ 141/0.000340]
  2  13 100, 0.000480 [0.000667/66.322646] [ 191/0.000340]
  2  13 150, 0.000349 [0.000789/66.313957] [ 241/0.000340]
  2  13 200, 0.000445 [0.001964/66.305286] [ 291/0.000340]
  2  13 250, 0.000411 [0.000768/66.296616] [ 341/0.000340]
  2  13 300, 0.000422 [0.000613/66.287949] [ 391/0.000340]
  2  13 350, 0.000316 [0.000766/66.279273] [   0/0.000316]
Epoch 13 done. Evaluation:
(50000, 50000)
(8481, 10000)
  2  14  50, 0.000443 [0.000528/66.263512] [  91/0.000316]
  2  14 100, 0.000362 [0.000574/66.254855] [ 141/0.000316]
  2  14 150, 0.000389 [0.000584/66.246212] [ 191/0.000316]
  2  14 200, 0.000390 [0.000922/66.237566] [ 241/0.000316]
  2  14 250, 0.000385 [0.000381/66.228930] [ 291/0.000316]
  2  14 300, 0.000401 [0.001682/66.220296] [ 341/0.000316]
  2  14 350, 0.000470 [0.000517/66.211678] [ 391/0.000316]
Epoch 14 done. Evaluation:
(50000, 50000)
(8494, 10000)
  2  15  50, 0.000368 [0.002215/66.195993] [ 482/0.000316]
  2  15 100, 0.000340 [0.000413/66.187368] [ 532/0.000316]
  2  15 150, 0.000475 [0.005284/66.178766] [ 582/0.000316]
  2  15 200, 0.000463 [0.001025/66.170162] [ 632/0.000316]
  2  15 250, 0.000381 [0.000560/66.161558] [ 682/0.000316]
  2  15 300, 0.000434 [0.000800/66.152966] [ 732/0.000316]
  2  15 350, 0.000372 [0.000549/66.144369] [ 782/0.000316]
Epoch 15 done. Evaluation:
(50000, 50000)
(8508, 10000)
  2  16  50, 0.000369 [0.001298/66.128731] [ 873/0.000316]
  2  16 100, 0.000384 [0.000731/66.120141] [ 923/0.000316]
  2  16 150, 0.000372 [0.000771/66.111560] [ 973/0.000316]
  2  16 200, 0.000336 [0.001390/66.102975] [1023/0.000316]
  2  16 250, 0.000354 [0.000875/66.094398] [1073/0.000316]
  2  16 300, 0.000352 [0.000427/66.085828] [1123/0.000316]
  2  16 350, 0.000359 [0.000528/66.077264] [1173/0.000316]
Epoch 16 done. Evaluation:
(50000, 50000)
(8493, 10000)
  2  17  50, 0.000353 [0.001433/66.061687] [1264/0.000316]
  2  17 100, 0.000387 [0.000560/66.053139] [1314/0.000316]
  2  17 150, 0.000356 [0.001417/66.044589] [1364/0.000316]
  2  17 200, 0.000387 [0.000468/66.036048] [1414/0.000316]
  2  17 250, 0.000396 [0.000337/66.027509] [1464/0.000316]
  2  17 300, 0.000324 [0.001665/66.018970] [1514/0.000316]
  2  17 350, 0.000360 [0.000437/66.010439] [1564/0.000316]
Epoch 17 done. Evaluation:
(50000, 50000)
(8505, 10000)
  2  18  50, 0.000310 [0.001291/65.994924] [   0/0.000310]
  2  18 100, 0.000339 [0.001674/65.986400] [  50/0.000310]
  2  18 150, 0.000352 [0.002055/65.977883] [ 100/0.000310]
  2  18 200, 0.000368 [0.000560/65.969375] [ 150/0.000310]
  2  18 250, 0.000354 [0.000460/65.960869] [ 200/0.000310]
  2  18 300, 0.000416 [0.001725/65.952376] [ 250/0.000310]
  2  18 350, 0.000280 [0.000636/65.943863] [   0/0.000280]
Epoch 18 done. Evaluation:
(50000, 50000)
(8497, 10000)
  2  19  50, 0.000367 [0.000625/65.928402] [  91/0.000280]
  2  19 100, 0.000310 [0.002191/65.919908] [ 141/0.000280]
  2  19 150, 0.000292 [0.001718/65.911416] [ 191/0.000280]
  2  19 200, 0.000353 [0.000886/65.902933] [ 241/0.000280]
  2  19 250, 0.000318 [0.001386/65.894456] [ 291/0.000280]
  2  19 300, 0.000471 [0.000620/65.886001] [ 341/0.000280]
  2  19 350, 0.000312 [0.000465/65.877527] [ 391/0.000280]
Epoch 19 done. Evaluation:
(50000, 50000)
(8495, 10000)
  3   0  50, 0.000367 [0.000499/65.866373] [ 482/0.000280]
  3   0 100, 0.000308 [0.000377/65.862143] [ 532/0.000280]
  3   0 150, 0.000310 [0.000517/65.857911] [ 582/0.000280]
  3   0 200, 0.000337 [0.000332/65.853682] [ 632/0.000280]
  3   0 250, 0.000374 [0.000620/65.849460] [ 682/0.000280]
  3   0 300, 0.000365 [0.000322/65.845235] [ 732/0.000280]
  3   0 350, 0.000314 [0.000786/65.841009] [ 782/0.000280]
Epoch 0 done. Evaluation:
(50000, 50000)
(8491, 10000)
  3   1  50, 0.000283 [0.000218/65.833319] [ 873/0.000280]
  3   1 100, 0.000360 [0.000468/65.829097] [ 923/0.000280]
  3   1 150, 0.000316 [0.001741/65.824876] [ 973/0.000280]
  3   1 200, 0.000302 [0.001455/65.820652] [1023/0.000280]
  3   1 250, 0.000285 [0.000429/65.816430] [1073/0.000280]
  3   1 300, 0.000277 [0.000211/65.812208] [   0/0.000277]
  3   1 350, 0.000390 [0.000615/65.807995] [  50/0.000277]
Epoch 1 done. Evaluation:
(50000, 50000)
(8492, 10000)
  3   2  50, 0.000340 [0.000316/65.800328] [ 141/0.000277]
  3   2 100, 0.000301 [0.000488/65.796111] [ 191/0.000277]
  3   2 150, 0.000309 [0.000348/65.791900] [ 241/0.000277]
  3   2 200, 0.000442 [0.000348/65.787689] [ 291/0.000277]
  3   2 250, 0.000395 [0.000238/65.783484] [ 341/0.000277]
  3   2 300, 0.000362 [0.000195/65.779275] [ 391/0.000277]
  3   2 350, 0.000331 [0.000706/65.775066] [ 441/0.000277]
Epoch 2 done. Evaluation:
(50000, 50000)
(8485, 10000)
  3   3  50, 0.000363 [0.000353/65.767415] [ 532/0.000277]
  3   3 100, 0.000369 [0.000228/65.763212] [ 582/0.000277]
  3   3 150, 0.000351 [0.002183/65.759008] [ 632/0.000277]
  3   3 200, 0.000363 [0.000326/65.754808] [ 682/0.000277]
  3   3 250, 0.000368 [0.000278/65.750607] [ 732/0.000277]
  3   3 300, 0.000335 [0.002062/65.746406] [ 782/0.000277]
  3   3 350, 0.000358 [0.000401/65.742209] [ 832/0.000277]
Epoch 3 done. Evaluation:
(50000, 50000)
(8491, 10000)
  3   4  50, 0.000364 [0.000505/65.734566] [ 923/0.000277]
  3   4 100, 0.000252 [0.000692/65.730361] [   0/0.000252]
  3   4 150, 0.000300 [0.000505/65.726164] [  50/0.000252]
  3   4 200, 0.000317 [0.000341/65.721968] [ 100/0.000252]
  3   4 250, 0.000259 [0.000271/65.717765] [ 150/0.000252]
  3   4 300, 0.000323 [0.000372/65.713572] [ 200/0.000252]
  3   4 350, 0.000310 [0.000326/65.709377] [ 250/0.000252]
Epoch 4 done. Evaluation:
(50000, 50000)
(8496, 10000)
  3   5  50, 0.000322 [0.000257/65.701746] [ 341/0.000252]
  3   5 100, 0.000305 [0.000914/65.697553] [ 391/0.000252]
  3   5 150, 0.000353 [0.000667/65.693367] [ 441/0.000252]
  3   5 200, 0.000300 [0.000678/65.689178] [ 491/0.000252]
  3   5 250, 0.000291 [0.000623/65.684988] [ 541/0.000252]
  3   5 300, 0.000325 [0.000322/65.680803] [ 591/0.000252]
  3   5 350, 0.000349 [0.000503/65.676620] [ 641/0.000252]
Epoch 5 done. Evaluation:
(50000, 50000)
(8493, 10000)
  3   6  50, 0.000382 [0.000292/65.669011] [ 732/0.000252]
  3   6 100, 0.000324 [0.000237/65.664829] [ 782/0.000252]
  3   6 150, 0.000263 [0.000417/65.660641] [ 832/0.000252]
  3   6 200, 0.000307 [0.000363/65.656463] [ 882/0.000252]
  3   6 250, 0.000275 [0.000247/65.652278] [ 932/0.000252]
  3   6 300, 0.000330 [0.000674/65.648101] [ 982/0.000252]
  3   6 350, 0.000314 [0.000557/65.643922] [1032/0.000252]
Epoch 6 done. Evaluation:
(50000, 50000)
(8498, 10000)
  3   7  50, 0.000412 [0.000907/65.636330] [1123/0.000252]
  3   7 100, 0.000386 [0.000273/65.632160] [1173/0.000252]
  3   7 150, 0.000359 [0.000491/65.627988] [1223/0.000252]
  3   7 200, 0.000319 [0.001125/65.623818] [1273/0.000252]
  3   7 250, 0.000372 [0.002490/65.619649] [1323/0.000252]
  3   7 300, 0.000254 [0.000662/65.615474] [1373/0.000252]
  3   7 350, 0.000281 [0.000253/65.611300] [1423/0.000252]
Epoch 7 done. Evaluation:
(50000, 50000)
(8501, 10000)
  3   8  50, 0.000295 [0.000684/65.603715] [1514/0.000252]
  3   8 100, 0.000328 [0.001526/65.599550] [1564/0.000252]
  3   8 150, 0.000272 [0.000752/65.595381] [1614/0.000252]
  3   8 200, 0.000361 [0.000309/65.591218] [1664/0.000252]
  3   8 250, 0.000283 [0.000206/65.587052] [1714/0.000252]
  3   8 300, 0.000275 [0.000542/65.582886] [1764/0.000252]
  3   8 350, 0.000245 [0.000531/65.578719] [   0/0.000245]
Epoch 8 done. Evaluation:
(50000, 50000)
(8493, 10000)
  3   9  50, 0.000331 [0.000214/65.571156] [  91/0.000245]
  3   9 100, 0.000318 [0.000428/65.566998] [ 141/0.000245]
  3   9 150, 0.000269 [0.000261/65.562836] [ 191/0.000245]
  3   9 200, 0.000320 [0.000263/65.558681] [ 241/0.000245]
  3   9 250, 0.000345 [0.000544/65.554528] [ 291/0.000245]
  3   9 300, 0.000264 [0.001000/65.550370] [ 341/0.000245]
  3   9 350, 0.000305 [0.000643/65.546215] [ 391/0.000245]
Epoch 9 done. Evaluation:
(50000, 50000)
(8502, 10000)
  3  10  50, 0.000304 [0.000286/65.538657] [ 482/0.000245]
  3  10 100, 0.000280 [0.000539/65.534504] [ 532/0.000245]
  3  10 150, 0.000339 [0.000369/65.530354] [ 582/0.000245]
  3  10 200, 0.000301 [0.000252/65.526204] [ 632/0.000245]
  3  10 250, 0.000301 [0.000688/65.522056] [ 682/0.000245]
  3  10 300, 0.000272 [0.000262/65.517907] [ 732/0.000245]
  3  10 350, 0.000390 [0.001720/65.513765] [ 782/0.000245]
Epoch 10 done. Evaluation:
(50000, 50000)
(8494, 10000)
  3  11  50, 0.000346 [0.000494/65.506225] [ 873/0.000245]
  3  11 100, 0.000260 [0.000569/65.502078] [ 923/0.000245]
  3  11 150, 0.000268 [0.000500/65.497932] [ 973/0.000245]
  3  11 200, 0.000324 [0.001468/65.493791] [1023/0.000245]
  3  11 250, 0.000296 [0.000632/65.489649] [1073/0.000245]
  3  11 300, 0.000307 [0.000237/65.485509] [1123/0.000245]
  3  11 350, 0.000361 [0.000451/65.481374] [1173/0.000245]
Epoch 11 done. Evaluation:
(50000, 50000)
(8494, 10000)
  3  12  50, 0.000260 [0.000642/65.473845] [1264/0.000245]
  3  12 100, 0.000338 [0.000403/65.469713] [1314/0.000245]
  3  12 150, 0.000293 [0.000213/65.465577] [1364/0.000245]
  3  12 200, 0.000371 [0.000751/65.461450] [1414/0.000245]
  3  12 250, 0.000346 [0.000439/65.457322] [1464/0.000245]
  3  12 300, 0.000342 [0.000344/65.453194] [1514/0.000245]
  3  12 350, 0.000310 [0.000286/65.449064] [1564/0.000245]
Epoch 12 done. Evaluation:
(50000, 50000)
(8487, 10000)
  3  13  50, 0.000287 [0.000530/65.441547] [1655/0.000245]
  3  13 100, 0.000292 [0.000617/65.437419] [1705/0.000245]
  3  13 150, 0.000313 [0.000615/65.433292] [1755/0.000245]
  3  13 200, 0.000245 [0.000350/65.429162] [1805/0.000245]
  3  13 250, 0.000326 [0.000238/65.425040] [1855/0.000245]
  3  13 300, 0.000327 [0.000700/65.420918] [1905/0.000245]
  3  13 350, 0.000267 [0.000226/65.416790] [1955/0.000245]
Epoch 13 done. Evaluation:
(50000, 50000)
(8495, 10000)
  3  14  50, 0.000304 [0.000293/65.409291] [2046/0.000245]
  3  14 100, 0.000285 [0.000222/65.405173] [2096/0.000245]
  3  14 150, 0.000262 [0.000216/65.401049] [2146/0.000245]
  3  14 200, 0.000332 [0.000605/65.396931] [2196/0.000245]
  3  14 250, 0.000297 [0.000338/65.392814] [2246/0.000245]
  3  14 300, 0.000300 [0.000238/65.388700] [2296/0.000245]
  3  14 350, 0.000287 [0.000433/65.384582] [2346/0.000245]
Epoch 14 done. Evaluation:
(50000, 50000)
(8501, 10000)
  3  15  50, 0.000289 [0.000296/65.377092] [2437/0.000245]
  3  15 100, 0.000244 [0.000448/65.372975] [   0/0.000244]
  3  15 150, 0.000312 [0.000525/65.368865] [  50/0.000244]
  3  15 200, 0.000295 [0.002334/65.364754] [ 100/0.000244]
  3  15 250, 0.000312 [0.000608/65.360647] [ 150/0.000244]
  3  15 300, 0.000294 [0.001248/65.356537] [ 200/0.000244]
  3  15 350, 0.000281 [0.000284/65.352427] [ 250/0.000244]
Epoch 15 done. Evaluation:
(50000, 50000)
(8494, 10000)
  3  16  50, 0.000288 [0.000368/65.344957] [ 341/0.000244]
  3  16 100, 0.000315 [0.000828/65.340852] [ 391/0.000244]
  3  16 150, 0.000296 [0.000373/65.336748] [ 441/0.000244]
  3  16 200, 0.000256 [0.001718/65.332641] [ 491/0.000244]
  3  16 250, 0.000317 [0.000249/65.328540] [ 541/0.000244]
  3  16 300, 0.000274 [0.000751/65.324438] [ 591/0.000244]
  3  16 350, 0.000279 [0.000566/65.320336] [ 641/0.000244]
Epoch 16 done. Evaluation:
(50000, 50000)
(8496, 10000)
  3  17  50, 0.000320 [0.000319/65.312876] [ 732/0.000244]
  3  17 100, 0.000332 [0.000474/65.308783] [ 782/0.000244]
  3  17 150, 0.000263 [0.000261/65.304682] [ 832/0.000244]
  3  17 200, 0.000269 [0.000405/65.300585] [ 882/0.000244]
  3  17 250, 0.000286 [0.000285/65.296490] [ 932/0.000244]
  3  17 300, 0.000289 [0.003305/65.292396] [ 982/0.000244]
  3  17 350, 0.000276 [0.000921/65.288302] [1032/0.000244]
Epoch 17 done. Evaluation:
(50000, 50000)
(8506, 10000)
  3  18  50, 0.000249 [0.000300/65.280854] [1123/0.000244]
  3  18 100, 0.000306 [0.000265/65.276767] [1173/0.000244]
  3  18 150, 0.000255 [0.000328/65.272672] [1223/0.000244]
  3  18 200, 0.000294 [0.000289/65.268586] [1273/0.000244]
  3  18 250, 0.000329 [0.000317/65.264500] [1323/0.000244]
  3  18 300, 0.000325 [0.000329/65.260416] [1373/0.000244]
  3  18 350, 0.000332 [0.000213/65.256333] [1423/0.000244]
Epoch 18 done. Evaluation:
(50000, 50000)
(8506, 10000)
  3  19  50, 0.000289 [0.000240/65.248901] [1514/0.000244]
  3  19 100, 0.000225 [0.000425/65.244810] [   0/0.000225]
  3  19 150, 0.000241 [0.000186/65.240725] [  50/0.000225]
  3  19 200, 0.000243 [0.000206/65.236642] [ 100/0.000225]
  3  19 250, 0.000302 [0.000245/65.232563] [ 150/0.000225]
  3  19 300, 0.000251 [0.000227/65.228480] [ 200/0.000225]
  3  19 350, 0.000249 [0.000319/65.224400] [ 250/0.000225]
Epoch 19 done. Evaluation:
(50000, 50000)
(8500, 10000)
  4   0  50, 0.000238 [0.000142/65.219014] [ 341/0.000225]
  4   0 100, 0.000318 [0.000290/65.216976] [ 391/0.000225]
  4   0 150, 0.000253 [0.000433/65.214936] [ 441/0.000225]
  4   0 200, 0.000294 [0.000544/65.212899] [ 491/0.000225]
  4   0 250, 0.000252 [0.000341/65.210861] [ 541/0.000225]
  4   0 300, 0.000341 [0.000376/65.208826] [ 591/0.000225]
  4   0 350, 0.000264 [0.000155/65.206789] [ 641/0.000225]
Epoch 0 done. Evaluation:
(50000, 50000)
(8494, 10000)
  4   1  50, 0.000303 [0.000192/65.203083] [ 732/0.000225]
  4   1 100, 0.000264 [0.000344/65.201045] [ 782/0.000225]
  4   1 150, 0.000264 [0.000142/65.199009] [ 832/0.000225]
  4   1 200, 0.000296 [0.000686/65.196972] [ 882/0.000225]
  4   1 250, 0.000223 [0.000147/65.194934] [   0/0.000223]
  4   1 300, 0.000282 [0.000392/65.192898] [  50/0.000223]
  4   1 350, 0.000375 [0.000264/65.190865] [ 100/0.000223]
Epoch 1 done. Evaluation:
(50000, 50000)
(8493, 10000)
  4   2  50, 0.000322 [0.000168/65.187163] [ 191/0.000223]
  4   2 100, 0.000255 [0.000133/65.185128] [ 241/0.000223]
  4   2 150, 0.000249 [0.000147/65.183091] [ 291/0.000223]
  4   2 200, 0.000243 [0.000337/65.181057] [ 341/0.000223]
  4   2 250, 0.000275 [0.000199/65.179023] [ 391/0.000223]
  4   2 300, 0.000299 [0.000147/65.176992] [ 441/0.000223]
  4   2 350, 0.000274 [0.000142/65.174957] [ 491/0.000223]
Epoch 2 done. Evaluation:
(50000, 50000)
(8496, 10000)
  4   3  50, 0.000270 [0.001051/65.171256] [ 582/0.000223]
  4   3 100, 0.000306 [0.000859/65.169222] [ 632/0.000223]
  4   3 150, 0.000296 [0.000176/65.167194] [ 682/0.000223]
  4   3 200, 0.000278 [0.000219/65.165159] [ 732/0.000223]
  4   3 250, 0.000323 [0.000188/65.163127] [ 782/0.000223]
  4   3 300, 0.000239 [0.000136/65.161094] [ 832/0.000223]
  4   3 350, 0.000248 [0.000205/65.159064] [ 882/0.000223]
Epoch 3 done. Evaluation:
(50000, 50000)
(8507, 10000)
  4   4  50, 0.000320 [0.000186/65.155370] [ 973/0.000223]
  4   4 100, 0.000271 [0.000195/65.153339] [1023/0.000223]
  4   4 150, 0.000321 [0.000273/65.151309] [1073/0.000223]
  4   4 200, 0.000299 [0.000173/65.149278] [1123/0.000223]
  4   4 250, 0.000264 [0.000778/65.147249] [1173/0.000223]
  4   4 300, 0.000267 [0.000141/65.145217] [1223/0.000223]
  4   4 350, 0.000291 [0.000206/65.143188] [1273/0.000223]
Epoch 4 done. Evaluation:
(50000, 50000)
(8498, 10000)
  4   5  50, 0.000259 [0.000440/65.139492] [1364/0.000223]
  4   5 100, 0.000279 [0.000990/65.137464] [1414/0.000223]
  4   5 150, 0.000391 [0.001754/65.135440] [1464/0.000223]
  4   5 200, 0.000255 [0.000145/65.133410] [1514/0.000223]
  4   5 250, 0.000261 [0.000312/65.131380] [1564/0.000223]
  4   5 300, 0.000280 [0.000359/65.129355] [1614/0.000223]
  4   5 350, 0.000319 [0.000321/65.127327] [1664/0.000223]
Epoch 5 done. Evaluation:
(50000, 50000)
(8501, 10000)
  4   6  50, 0.000280 [0.000413/65.123638] [1755/0.000223]
  4   6 100, 0.000242 [0.000159/65.121608] [1805/0.000223]
  4   6 150, 0.000371 [0.000243/65.119583] [1855/0.000223]
  4   6 200, 0.000279 [0.000185/65.117557] [1905/0.000223]
  4   6 250, 0.000255 [0.000135/65.115528] [1955/0.000223]
  4   6 300, 0.000278 [0.000157/65.113503] [2005/0.000223]
  4   6 350, 0.000274 [0.000248/65.111476] [2055/0.000223]
Epoch 6 done. Evaluation:
(50000, 50000)
(8489, 10000)
  4   7  50, 0.000255 [0.000207/65.107789] [2146/0.000223]
  4   7 100, 0.000248 [0.000151/65.105763] [2196/0.000223]
  4   7 150, 0.000299 [0.000365/65.103739] [2246/0.000223]
  4   7 200, 0.000296 [0.000344/65.101714] [2296/0.000223]
  4   7 250, 0.000268 [0.000151/65.099692] [2346/0.000223]
  4   7 300, 0.000249 [0.000489/65.097665] [2396/0.000223]
  4   7 350, 0.000238 [0.000206/65.095639] [2446/0.000223]
Epoch 7 done. Evaluation:
(50000, 50000)
(8492, 10000)
  4   8  50, 0.000244 [0.000176/65.091956] [2537/0.000223]
  4   8 100, 0.000245 [0.000200/65.089934] [2587/0.000223]
  4   8 150, 0.000239 [0.000213/65.087907] [2637/0.000223]
  4   8 200, 0.000252 [0.000249/65.085885] [2687/0.000223]
  4   8 250, 0.000328 [0.000142/65.083860] [2737/0.000223]
  4   8 300, 0.000279 [0.000188/65.081836] [2787/0.000223]
  4   8 350, 0.000209 [0.000356/65.079814] [   0/0.000209]
Epoch 8 done. Evaluation:
(50000, 50000)
(8505, 10000)
  4   9  50, 0.000254 [0.000785/65.076133] [  91/0.000209]
  4   9 100, 0.000234 [0.000151/65.074109] [ 141/0.000209]
  4   9 150, 0.000299 [0.000147/65.072089] [ 191/0.000209]
  4   9 200, 0.000274 [0.000207/65.070066] [ 241/0.000209]
  4   9 250, 0.000362 [0.000139/65.068049] [ 291/0.000209]
  4   9 300, 0.000271 [0.000149/65.066028] [ 341/0.000209]
  4   9 350, 0.000237 [0.000166/65.064007] [ 391/0.000209]
Epoch 9 done. Evaluation:
(50000, 50000)
(8487, 10000)
  4  10  50, 0.000266 [0.000203/65.060330] [ 482/0.000209]
  4  10 100, 0.000232 [0.000536/65.058307] [ 532/0.000209]
  4  10 150, 0.000246 [0.000636/65.056288] [ 582/0.000209]
  4  10 200, 0.000352 [0.000132/65.054269] [ 632/0.000209]
  4  10 250, 0.000236 [0.000151/65.052249] [ 682/0.000209]
  4  10 300, 0.000278 [0.000182/65.050230] [ 732/0.000209]
  4  10 350, 0.000306 [0.000270/65.048211] [ 782/0.000209]
Epoch 10 done. Evaluation:
(50000, 50000)
(8489, 10000)
  4  11  50, 0.000345 [0.000157/65.044541] [ 873/0.000209]
  4  11 100, 0.000229 [0.000128/65.042523] [ 923/0.000209]
  4  11 150, 0.000258 [0.000515/65.040504] [ 973/0.000209]
  4  11 200, 0.000253 [0.000343/65.038485] [1023/0.000209]
  4  11 250, 0.000221 [0.000164/65.036466] [1073/0.000209]
  4  11 300, 0.000259 [0.000132/65.034449] [1123/0.000209]
  4  11 350, 0.000280 [0.000224/65.032433] [1173/0.000209]
Epoch 11 done. Evaluation:
(50000, 50000)
(8496, 10000)
  4  12  50, 0.000245 [0.000174/65.028763] [1264/0.000209]
  4  12 100, 0.000238 [0.000342/65.026748] [1314/0.000209]
  4  12 150, 0.000253 [0.000159/65.024730] [1364/0.000209]
  4  12 200, 0.000264 [0.000456/65.022714] [1414/0.000209]
  4  12 250, 0.000280 [0.000156/65.020701] [1464/0.000209]
  4  12 300, 0.000262 [0.000146/65.018686] [1514/0.000209]
  4  12 350, 0.000283 [0.000164/65.016671] [1564/0.000209]
Epoch 12 done. Evaluation:
(50000, 50000)
(8496, 10000)
  4  13  50, 0.000264 [0.000579/65.013004] [1655/0.000209]
  4  13 100, 0.000279 [0.000158/65.010987] [1705/0.000209]
  4  13 150, 0.000292 [0.000376/65.008976] [1755/0.000209]
  4  13 200, 0.000272 [0.000214/65.006960] [1805/0.000209]
  4  13 250, 0.000233 [0.000149/65.004947] [1855/0.000209]
  4  13 300, 0.000276 [0.000187/65.002935] [1905/0.000209]
  4  13 350, 0.000281 [0.000319/65.000921] [1955/0.000209]
Epoch 13 done. Evaluation:
(50000, 50000)
(8485, 10000)
  4  14  50, 0.000282 [0.000144/64.997259] [2046/0.000209]
  4  14 100, 0.000281 [0.000159/64.995245] [2096/0.000209]
  4  14 150, 0.000260 [0.000207/64.993236] [2146/0.000209]
  4  14 200, 0.000249 [0.000254/64.991223] [2196/0.000209]
  4  14 250, 0.000258 [0.000184/64.989209] [2246/0.000209]
  4  14 300, 0.000273 [0.000181/64.987199] [2296/0.000209]
  4  14 350, 0.000250 [0.000291/64.985186] [2346/0.000209]
Epoch 14 done. Evaluation:
(50000, 50000)
(8504, 10000)
  4  15  50, 0.000285 [0.000195/64.981526] [2437/0.000209]
  4  15 100, 0.000281 [0.000206/64.979516] [2487/0.000209]
  4  15 150, 0.000238 [0.000304/64.977505] [2537/0.000209]
  4  15 200, 0.000278 [0.000142/64.975494] [2587/0.000209]
  4  15 250, 0.000240 [0.000190/64.973482] [2637/0.000209]
  4  15 300, 0.000267 [0.000232/64.971474] [2687/0.000209]
  4  15 350, 0.000251 [0.000138/64.969463] [2737/0.000209]
Epoch 15 done. Evaluation:
(50000, 50000)
(8501, 10000)
  4  16  50, 0.000208 [0.000134/64.965804] [   0/0.000208]
  4  16 100, 0.000264 [0.000633/64.963796] [  50/0.000208]
  4  16 150, 0.000244 [0.000133/64.961787] [ 100/0.000208]
  4  16 200, 0.000274 [0.000373/64.959775] [ 150/0.000208]
  4  16 250, 0.000223 [0.000179/64.957769] [ 200/0.000208]
  4  16 300, 0.000208 [0.000235/64.955757] [ 250/0.000208]
  4  16 350, 0.000248 [0.000151/64.953748] [ 300/0.000208]
Epoch 16 done. Evaluation:
(50000, 50000)
(8484, 10000)
  4  17  50, 0.000235 [0.000221/64.950093] [ 391/0.000208]
  4  17 100, 0.000213 [0.000246/64.948086] [ 441/0.000208]
  4  17 150, 0.000286 [0.000716/64.946078] [ 491/0.000208]
  4  17 200, 0.000316 [0.000227/64.944073] [ 541/0.000208]
  4  17 250, 0.000234 [0.000199/64.942067] [ 591/0.000208]
  4  17 300, 0.000266 [0.000169/64.940059] [ 641/0.000208]
  4  17 350, 0.000268 [0.000798/64.938054] [ 691/0.000208]
Epoch 17 done. Evaluation:
(50000, 50000)
(8497, 10000)
  4  18  50, 0.000279 [0.001373/64.934406] [ 782/0.000208]
  4  18 100, 0.000240 [0.000136/64.932398] [ 832/0.000208]
  4  18 150, 0.000300 [0.000366/64.930395] [ 882/0.000208]
  4  18 200, 0.000242 [0.000207/64.928390] [ 932/0.000208]
  4  18 250, 0.000240 [0.000187/64.926383] [ 982/0.000208]
  4  18 300, 0.000232 [0.000155/64.924377] [1032/0.000208]
  4  18 350, 0.000302 [0.001113/64.922376] [1082/0.000208]
Epoch 18 done. Evaluation:
(50000, 50000)
(8507, 10000)
  4  19  50, 0.000222 [0.000309/64.918728] [1173/0.000208]
  4  19 100, 0.000205 [0.000158/64.916720] [   0/0.000205]
  4  19 150, 0.000263 [0.000160/64.914715] [  50/0.000205]
  4  19 200, 0.000252 [0.000187/64.912714] [ 100/0.000205]
  4  19 250, 0.000340 [0.000130/64.910712] [ 150/0.000205]
  4  19 300, 0.000227 [0.000180/64.908707] [ 200/0.000205]
  4  19 350, 0.000220 [0.000151/64.906704] [ 250/0.000205]
Epoch 19 done. Evaluation:
(50000, 50000)
(8493, 10000)
  5   0  50, 0.000306 [0.000115/64.904064] [ 341/0.000205]
  5   0 100, 0.000243 [0.000117/64.903064] [ 391/0.000205]
  5   0 150, 0.000242 [0.000111/64.902065] [ 441/0.000205]
  5   0 200, 0.000231 [0.000111/64.901063] [ 491/0.000205]
  5   0 250, 0.000232 [0.000190/64.900064] [ 541/0.000205]
  5   0 300, 0.000292 [0.000113/64.899065] [ 591/0.000205]
  5   0 350, 0.000248 [0.000122/64.898065] [ 641/0.000205]
Epoch 0 done. Evaluation:
(50000, 50000)
(8501, 10000)
  5   1  50, 0.000272 [0.000108/64.896246] [ 732/0.000205]
  5   1 100, 0.000300 [0.000446/64.895246] [ 782/0.000205]
  5   1 150, 0.000272 [0.000433/64.894248] [ 832/0.000205]
  5   1 200, 0.000235 [0.000107/64.893248] [ 882/0.000205]
  5   1 250, 0.000205 [0.000145/64.892249] [ 932/0.000205]
  5   1 300, 0.000238 [0.000160/64.891249] [ 982/0.000205]
  5   1 350, 0.000254 [0.000119/64.890250] [1032/0.000205]
Epoch 1 done. Evaluation:
(50000, 50000)
(8499, 10000)
  5   2  50, 0.000239 [0.000149/64.888431] [1123/0.000205]
  5   2 100, 0.000284 [0.000146/64.887432] [1173/0.000205]
  5   2 150, 0.000222 [0.000107/64.886434] [1223/0.000205]
  5   2 200, 0.000242 [0.000111/64.885435] [1273/0.000205]
  5   2 250, 0.000248 [0.000117/64.884434] [1323/0.000205]
  5   2 300, 0.000247 [0.000281/64.883437] [1373/0.000205]
  5   2 350, 0.000256 [0.000249/64.882436] [1423/0.000205]
Epoch 2 done. Evaluation:
(50000, 50000)
(8489, 10000)
  5   3  50, 0.000269 [0.000280/64.880620] [1514/0.000205]
  5   3 100, 0.000239 [0.000139/64.879622] [1564/0.000205]
  5   3 150, 0.000209 [0.000130/64.878623] [1614/0.000205]
  5   3 200, 0.000224 [0.000197/64.877623] [1664/0.000205]
  5   3 250, 0.000231 [0.000149/64.876625] [1714/0.000205]
  5   3 300, 0.000261 [0.000112/64.875627] [1764/0.000205]
  5   3 350, 0.000254 [0.000141/64.874628] [1814/0.000205]
Epoch 3 done. Evaluation:
(50000, 50000)
(8495, 10000)
  5   4  50, 0.000249 [0.000109/64.872814] [1905/0.000205]
  5   4 100, 0.000249 [0.000161/64.871814] [1955/0.000205]
  5   4 150, 0.000277 [0.000177/64.870817] [2005/0.000205]
  5   4 200, 0.000348 [0.000133/64.869820] [2055/0.000205]
  5   4 250, 0.000232 [0.000135/64.868820] [2105/0.000205]
  5   4 300, 0.000270 [0.000725/64.867823] [2155/0.000205]
  5   4 350, 0.000252 [0.000110/64.866825] [2205/0.000205]
Epoch 4 done. Evaluation:
(50000, 50000)
(8493, 10000)
  5   5  50, 0.000221 [0.000112/64.865010] [2296/0.000205]
  5   5 100, 0.000231 [0.000118/64.864013] [2346/0.000205]
  5   5 150, 0.000252 [0.000121/64.863016] [2396/0.000205]
  5   5 200, 0.000225 [0.000116/64.862018] [2446/0.000205]
  5   5 250, 0.000202 [0.000158/64.861019] [   0/0.000202]
  5   5 300, 0.000225 [0.000165/64.860021] [  50/0.000202]
  5   5 350, 0.000299 [0.000109/64.859025] [ 100/0.000202]
Epoch 5 done. Evaluation:
(50000, 50000)
(8493, 10000)
  5   6  50, 0.000255 [0.000345/64.857210] [ 191/0.000202]
  5   6 100, 0.000264 [0.000127/64.856213] [ 241/0.000202]
  5   6 150, 0.000221 [0.000117/64.855214] [ 291/0.000202]
  5   6 200, 0.000250 [0.000600/64.854217] [ 341/0.000202]
  5   6 250, 0.000244 [0.000253/64.853220] [ 391/0.000202]
  5   6 300, 0.000303 [0.000132/64.852225] [ 441/0.000202]
  5   6 350, 0.000234 [0.000172/64.851229] [ 491/0.000202]
Epoch 6 done. Evaluation:
(50000, 50000)
(8511, 10000)
  5   7  50, 0.000237 [0.000109/64.849414] [ 582/0.000202]
  5   7 100, 0.000231 [0.000127/64.848417] [ 632/0.000202]
  5   7 150, 0.000242 [0.000110/64.847419] [ 682/0.000202]
  5   7 200, 0.000223 [0.000108/64.846422] [ 732/0.000202]
  5   7 250, 0.000340 [0.000116/64.845428] [ 782/0.000202]
  5   7 300, 0.000569 [0.000201/64.844431] [ 832/0.000202]
  5   7 350, 0.000299 [0.000122/64.843436] [ 882/0.000202]
Epoch 7 done. Evaluation:
(49999, 50000)
(8492, 10000)
  5   8  50, 0.000238 [0.000219/64.841620] [ 973/0.000202]
  5   8 100, 0.000238 [0.000107/64.840626] [1023/0.000202]
  5   8 150, 0.000283 [0.000121/64.839629] [1073/0.000202]
  5   8 200, 0.000349 [0.000130/64.838633] [1123/0.000202]
  5   8 250, 0.000282 [0.000119/64.837639] [1173/0.000202]
  5   8 300, 0.000224 [0.000114/64.836640] [1223/0.000202]
  5   8 350, 0.000329 [0.000215/64.835646] [1273/0.000202]
Epoch 8 done. Evaluation:
(50000, 50000)
(8493, 10000)
  5   9  50, 0.000233 [0.000111/64.833834] [1364/0.000202]
  5   9 100, 0.000243 [0.000139/64.832837] [1414/0.000202]
  5   9 150, 0.000283 [0.000133/64.831843] [1464/0.000202]
  5   9 200, 0.000274 [0.000110/64.830848] [1514/0.000202]
  5   9 250, 0.000279 [0.000170/64.829851] [1564/0.000202]
  5   9 300, 0.000267 [0.000119/64.828856] [1614/0.000202]
  5   9 350, 0.000224 [0.000151/64.827861] [1664/0.000202]
Epoch 9 done. Evaluation:
(50000, 50000)
(8497, 10000)
  5  10  50, 0.000319 [0.000125/64.826049] [1755/0.000202]
  5  10 100, 0.000218 [0.000110/64.825053] [1805/0.000202]
  5  10 150, 0.000265 [0.000127/64.824058] [1855/0.000202]
  5  10 200, 0.000218 [0.000119/64.823062] [1905/0.000202]
  5  10 250, 0.000243 [0.000272/64.822067] [1955/0.000202]
  5  10 300, 0.000217 [0.000128/64.821071] [2005/0.000202]
  5  10 350, 0.000237 [0.000114/64.820074] [2055/0.000202]
Epoch 10 done. Evaluation:
(50000, 50000)
(8500, 10000)
  5  11  50, 0.000281 [0.000124/64.818264] [2146/0.000202]
  5  11 100, 0.000233 [0.000160/64.817271] [2196/0.000202]
  5  11 150, 0.000260 [0.000169/64.816276] [2246/0.000202]
  5  11 200, 0.000283 [0.000118/64.815283] [2296/0.000202]
  5  11 250, 0.000231 [0.000110/64.814287] [2346/0.000202]
  5  11 300, 0.000269 [0.000252/64.813293] [2396/0.000202]
  5  11 350, 0.000251 [0.000118/64.812297] [2446/0.000202]
Epoch 11 done. Evaluation:
(50000, 50000)
(8501, 10000)
  5  12  50, 0.000287 [0.000145/64.810487] [2537/0.000202]
  5  12 100, 0.000221 [0.000129/64.809492] [2587/0.000202]
  5  12 150, 0.000236 [0.000121/64.808498] [2637/0.000202]
  5  12 200, 0.000209 [0.000155/64.807503] [2687/0.000202]
  5  12 250, 0.000217 [0.000128/64.806507] [2737/0.000202]
  5  12 300, 0.000212 [0.000107/64.805514] [2787/0.000202]
  5  12 350, 0.000221 [0.000165/64.804522] [2837/0.000202]
Epoch 12 done. Evaluation:
(50000, 50000)
(8481, 10000)
  5  13  50, 0.000258 [0.000239/64.802709] [2928/0.000202]
  5  13 100, 0.000252 [0.000119/64.801713] [2978/0.000202]
  5  13 150, 0.000257 [0.000121/64.800721] [3028/0.000202]
  5  13 200, 0.000205 [0.000168/64.799727] [3078/0.000202]
  5  13 250, 0.000226 [0.000139/64.798734] [3128/0.000202]
  5  13 300, 0.000207 [0.000110/64.797741] [3178/0.000202]
  5  13 350, 0.000227 [0.000262/64.796745] [3228/0.000202]
Epoch 13 done. Evaluation:
(50000, 50000)
(8494, 10000)
  5  14  50, 0.000238 [0.000289/64.794937] [3319/0.000202]
  5  14 100, 0.000290 [0.000321/64.793943] [3369/0.000202]
  5  14 150, 0.000255 [0.000110/64.792950] [3419/0.000202]
  5  14 200, 0.000230 [0.000128/64.791956] [3469/0.000202]
  5  14 250, 0.000232 [0.000107/64.790962] [3519/0.000202]
  5  14 300, 0.000261 [0.000108/64.789970] [3569/0.000202]
  5  14 350, 0.000201 [0.000114/64.788976] [   0/0.000201]
Epoch 14 done. Evaluation:
(50000, 50000)
(8496, 10000)
  5  15  50, 0.000291 [0.000130/64.787170] [  91/0.000201]
  5  15 100, 0.000237 [0.000126/64.786176] [ 141/0.000201]
  5  15 150, 0.000269 [0.000129/64.785185] [ 191/0.000201]
  5  15 200, 0.000227 [0.000111/64.784191] [ 241/0.000201]
  5  15 250, 0.000339 [0.000213/64.783199] [ 291/0.000201]
  5  15 300, 0.000239 [0.000133/64.782206] [ 341/0.000201]
  5  15 350, 0.000222 [0.000107/64.781212] [ 391/0.000201]
Epoch 15 done. Evaluation:
(50000, 50000)
(8491, 10000)
  5  16  50, 0.000239 [0.000201/64.779405] [ 482/0.000201]
  5  16 100, 0.000281 [0.000629/64.778413] [ 532/0.000201]
  5  16 150, 0.000247 [0.000113/64.777421] [ 582/0.000201]
  5  16 200, 0.000254 [0.000121/64.776429] [ 632/0.000201]
  5  16 250, 0.000229 [0.000110/64.775435] [ 682/0.000201]
  5  16 300, 0.000272 [0.000121/64.774443] [ 732/0.000201]
  5  16 350, 0.000231 [0.000110/64.773451] [ 782/0.000201]
Epoch 16 done. Evaluation:
(50000, 50000)
(8515, 10000)
  5  17  50, 0.000229 [0.000149/64.771646] [ 873/0.000201]
  5  17 100, 0.000247 [0.000108/64.770653] [ 923/0.000201]
  5  17 150, 0.000230 [0.000120/64.769660] [ 973/0.000201]
  5  17 200, 0.000254 [0.000174/64.768669] [1023/0.000201]
  5  17 250, 0.000253 [0.001061/64.767676] [1073/0.000201]
  5  17 300, 0.000215 [0.000176/64.766685] [1123/0.000201]
  5  17 350, 0.000237 [0.000137/64.765692] [1173/0.000201]
Epoch 17 done. Evaluation:
(50000, 50000)
(8496, 10000)
  5  18  50, 0.000233 [0.000116/64.763888] [1264/0.000201]
  5  18 100, 0.000223 [0.000144/64.762896] [1314/0.000201]
  5  18 150, 0.000204 [0.000150/64.761901] [1364/0.000201]
  5  18 200, 0.000207 [0.000137/64.760912] [1414/0.000201]
  5  18 250, 0.000287 [0.000125/64.759920] [1464/0.000201]
  5  18 300, 0.000283 [0.000159/64.758931] [1514/0.000201]
  5  18 350, 0.000241 [0.000124/64.757938] [1564/0.000201]
Epoch 18 done. Evaluation:
(50000, 50000)
(8505, 10000)
  5  19  50, 0.000277 [0.000117/64.756134] [1655/0.000201]
  5  19 100, 0.000196 [0.000108/64.755143] [   0/0.000196]
  5  19 150, 0.000263 [0.000108/64.754152] [  50/0.000196]
  5  19 200, 0.000219 [0.000142/64.753159] [ 100/0.000196]
  5  19 250, 0.000224 [0.000110/64.752170] [ 150/0.000196]
  5  19 300, 0.000239 [0.000154/64.751178] [ 200/0.000196]
  5  19 350, 0.000231 [0.000154/64.750187] [ 250/0.000196]
Epoch 19 done. Evaluation:
(50000, 50000)
(8500, 10000)
  6   0  50, 0.000209 [0.000103/64.748876] [ 341/0.000196]
  6   0 100, 0.000280 [0.000125/64.748380] [ 391/0.000196]
  6   0 150, 0.000215 [0.000103/64.747882] [ 441/0.000196]
  6   0 200, 0.000247 [0.000103/64.747385] [ 491/0.000196]
  6   0 250, 0.000268 [0.000201/64.746890] [ 541/0.000196]
  6   0 300, 0.000225 [0.000102/64.746391] [ 591/0.000196]
  6   0 350, 0.000276 [0.000103/64.745895] [ 641/0.000196]
Epoch 0 done. Evaluation:
(50000, 50000)
(8497, 10000)
  6   1  50, 0.000284 [0.000112/64.744991] [ 732/0.000196]
  6   1 100, 0.000215 [0.000106/64.744493] [ 782/0.000196]
  6   1 150, 0.000250 [0.000106/64.743995] [ 832/0.000196]
  6   1 200, 0.000215 [0.000126/64.743500] [ 882/0.000196]
  6   1 250, 0.000245 [0.000104/64.743003] [ 932/0.000196]
  6   1 300, 0.000346 [0.000105/64.742507] [ 982/0.000196]
  6   1 350, 0.000289 [0.000102/64.742011] [1032/0.000196]
Epoch 1 done. Evaluation:
(50000, 50000)
(8501, 10000)
  6   2  50, 0.000193 [0.000107/64.741104] [   0/0.000193]
  6   2 100, 0.000281 [0.000215/64.740609] [  50/0.000193]
  6   2 150, 0.000259 [0.000110/64.740112] [ 100/0.000193]
  6   2 200, 0.000207 [0.000123/64.739615] [ 150/0.000193]
  6   2 250, 0.000241 [0.000105/64.739117] [ 200/0.000193]
  6   2 300, 0.000219 [0.000112/64.738620] [ 250/0.000193]
  6   2 350, 0.000221 [0.000110/64.738125] [ 300/0.000193]
Epoch 2 done. Evaluation:
(50000, 50000)
(8506, 10000)
  6   3  50, 0.000173 [0.000106/64.737218] [   0/0.000173]
  6   3 100, 0.000280 [0.000117/64.736720] [  50/0.000173]
  6   3 150, 0.000265 [0.000103/64.736226] [ 100/0.000173]
  6   3 200, 0.000214 [0.000138/64.735727] [ 150/0.000173]
  6   3 250, 0.000236 [0.000111/64.735231] [ 200/0.000173]
  6   3 300, 0.000283 [0.000104/64.734736] [ 250/0.000173]
  6   3 350, 0.000268 [0.000106/64.734237] [ 300/0.000173]
Epoch 3 done. Evaluation:
(50000, 50000)
(8500, 10000)
  6   4  50, 0.000209 [0.000105/64.733331] [ 391/0.000173]
  6   4 100, 0.000267 [0.000221/64.732837] [ 441/0.000173]
  6   4 150, 0.000262 [0.000105/64.732340] [ 491/0.000173]
  6   4 200, 0.000230 [0.000105/64.731843] [ 541/0.000173]
  6   4 250, 0.000218 [0.000131/64.731347] [ 591/0.000173]
  6   4 300, 0.000205 [0.000110/64.730850] [ 641/0.000173]
  6   4 350, 0.000200 [0.000103/64.730351] [ 691/0.000173]
Epoch 4 done. Evaluation:
(50000, 50000)
(8502, 10000)
  6   5  50, 0.000267 [0.000110/64.729449] [ 782/0.000173]
  6   5 100, 0.000214 [0.000108/64.728953] [ 832/0.000173]
  6   5 150, 0.000255 [0.000104/64.728455] [ 882/0.000173]
  6   5 200, 0.000295 [0.000119/64.727960] [ 932/0.000173]
  6   5 250, 0.000238 [0.000166/64.727465] [ 982/0.000173]
  6   5 300, 0.000244 [0.000105/64.726967] [1032/0.000173]
  6   5 350, 0.000224 [0.000102/64.726470] [1082/0.000173]
Epoch 5 done. Evaluation:
(50000, 50000)
(8496, 10000)
  6   6  50, 0.000252 [0.000104/64.725567] [1173/0.000173]
  6   6 100, 0.000283 [0.000106/64.725071] [1223/0.000173]
  6   6 150, 0.000213 [0.000109/64.724574] [1273/0.000173]
  6   6 200, 0.000266 [0.000127/64.724079] [1323/0.000173]
  6   6 250, 0.000201 [0.000105/64.723582] [1373/0.000173]
  6   6 300, 0.000377 [0.000892/64.723084] [1423/0.000173]
  6   6 350, 0.000231 [0.000103/64.722589] [1473/0.000173]
Epoch 6 done. Evaluation:
(50000, 50000)
(8506, 10000)
  6   7  50, 0.000236 [0.000119/64.721684] [1564/0.000173]
  6   7 100, 0.000253 [0.000102/64.721188] [1614/0.000173]
  6   7 150, 0.000297 [0.000113/64.720691] [1664/0.000173]
  6   7 200, 0.000247 [0.000108/64.720198] [1714/0.000173]
  6   7 250, 0.000219 [0.000104/64.719702] [1764/0.000173]
  6   7 300, 0.000312 [0.000103/64.719203] [1814/0.000173]
  6   7 350, 0.000245 [0.000105/64.718710] [1864/0.000173]
Epoch 7 done. Evaluation:
(50000, 50000)
(8499, 10000)
  6   8  50, 0.000221 [0.000102/64.717802] [1955/0.000173]
  6   8 100, 0.000227 [0.000106/64.717308] [2005/0.000173]
  6   8 150, 0.000262 [0.000103/64.716814] [2055/0.000173]
  6   8 200, 0.000253 [0.000135/64.716316] [2105/0.000173]
  6   8 250, 0.000198 [0.000117/64.715819] [2155/0.000173]
  6   8 300, 0.000218 [0.000104/64.715320] [2205/0.000173]
  6   8 350, 0.000247 [0.000102/64.714827] [2255/0.000173]
Epoch 8 done. Evaluation:
(50000, 50000)
(8488, 10000)
  6   9  50, 0.000273 [0.000104/64.713923] [2346/0.000173]
  6   9 100, 0.000219 [0.000105/64.713427] [2396/0.000173]
  6   9 150, 0.000230 [0.000122/64.712930] [2446/0.000173]
  6   9 200, 0.000247 [0.000133/64.712435] [2496/0.000173]
  6   9 250, 0.000248 [0.000103/64.711940] [2546/0.000173]
  6   9 300, 0.000266 [0.000105/64.711443] [2596/0.000173]
  6   9 350, 0.000259 [0.000109/64.710948] [2646/0.000173]
Epoch 9 done. Evaluation:
(50000, 50000)
(8501, 10000)
  6  10  50, 0.000216 [0.000105/64.710045] [2737/0.000173]
  6  10 100, 0.000218 [0.000118/64.709548] [2787/0.000173]
  6  10 150, 0.000221 [0.000106/64.709052] [2837/0.000173]
  6  10 200, 0.000217 [0.000126/64.708555] [2887/0.000173]
  6  10 250, 0.000217 [0.000107/64.708059] [2937/0.000173]
  6  10 300, 0.000219 [0.000106/64.707564] [2987/0.000173]
  6  10 350, 0.000240 [0.000104/64.707068] [3037/0.000173]
Epoch 10 done. Evaluation:
(50000, 50000)
(8498, 10000)
  6  11  50, 0.000265 [0.000112/64.706166] [3128/0.000173]
  6  11 100, 0.000247 [0.000107/64.705669] [3178/0.000173]
  6  11 150, 0.000316 [0.000107/64.705176] [3228/0.000173]
  6  11 200, 0.000241 [0.000131/64.704678] [3278/0.000173]
  6  11 250, 0.000250 [0.000106/64.704184] [3328/0.000173]
  6  11 300, 0.000236 [0.000104/64.703687] [3378/0.000173]
  6  11 350, 0.000282 [0.000110/64.703192] [3428/0.000173]
Epoch 11 done. Evaluation:
(50000, 50000)
(8496, 10000)
  6  12  50, 0.000221 [0.000102/64.702286] [3519/0.000173]
  6  12 100, 0.000306 [0.000124/64.701793] [3569/0.000173]
  6  12 150, 0.000219 [0.000105/64.701296] [3619/0.000173]
  6  12 200, 0.000233 [0.000109/64.700801] [3669/0.000173]
  6  12 250, 0.000247 [0.000106/64.700306] [3719/0.000173]
  6  12 300, 0.000233 [0.000117/64.699809] [3769/0.000173]
  6  12 350, 0.000236 [0.000137/64.699315] [3819/0.000173]
Epoch 12 done. Evaluation:
(50000, 50000)
(8501, 10000)
  6  13  50, 0.000259 [0.000119/64.698412] [3910/0.000173]
  6  13 100, 0.000258 [0.000107/64.697916] [3960/0.000173]
  6  13 150, 0.000275 [0.000128/64.697422] [4010/0.000173]
  6  13 200, 0.000221 [0.000134/64.696927] [4060/0.000173]
  6  13 250, 0.000211 [0.000103/64.696430] [4110/0.000173]
  6  13 300, 0.000229 [0.000103/64.695934] [4160/0.000173]
  6  13 350, 0.000290 [0.000126/64.695440] [4210/0.000173]
Epoch 13 done. Evaluation:
(50000, 50000)
(8493, 10000)
  6  14  50, 0.000289 [0.000122/64.694536] [4301/0.000173]
  6  14 100, 0.000229 [0.000116/64.694042] [4351/0.000173]
  6  14 150, 0.000297 [0.000105/64.693546] [4401/0.000173]
  6  14 200, 0.000282 [0.000120/64.693052] [4451/0.000173]
  6  14 250, 0.000205 [0.000109/64.692555] [4501/0.000173]
  6  14 300, 0.000229 [0.000103/64.692059] [4551/0.000173]
  6  14 350, 0.000259 [0.000104/64.691563] [4601/0.000173]
Epoch 14 done. Evaluation:
(50000, 50000)
(8485, 10000)
  6  15  50, 0.000308 [0.000512/64.690662] [4692/0.000173]
  6  15 100, 0.000227 [0.000107/64.690168] [4742/0.000173]
  6  15 150, 0.000270 [0.000103/64.689674] [4792/0.000173]
  6  15 200, 0.000192 [0.000103/64.689176] [4842/0.000173]
  6  15 250, 0.000248 [0.000120/64.688680] [4892/0.000173]
  6  15 300, 0.000230 [0.000112/64.688183] [4942/0.000173]
  6  15 350, 0.000220 [0.000108/64.687691] [4992/0.000173]
Epoch 15 done. Evaluation:
(50000, 50000)
(8495, 10000)
  6  16  50, 0.000226 [0.000162/64.686786] [5083/0.000173]
  6  16 100, 0.000240 [0.000107/64.686292] [5133/0.000173]
  6  16 150, 0.000213 [0.000108/64.685797] [5183/0.000173]
  6  16 200, 0.000234 [0.000105/64.685301] [5233/0.000173]
  6  16 250, 0.000217 [0.000109/64.684806] [5283/0.000173]
  6  16 300, 0.000227 [0.000110/64.684311] [5333/0.000173]
  6  16 350, 0.000395 [0.000104/64.683814] [5383/0.000173]
Epoch 16 done. Evaluation:
(49999, 50000)
(8493, 10000)
  6  17  50, 0.000204 [0.000112/64.682912] [5474/0.000173]
  6  17 100, 0.000232 [0.000126/64.682418] [5524/0.000173]
  6  17 150, 0.000254 [0.000108/64.681922] [5574/0.000173]
  6  17 200, 0.000251 [0.000118/64.681427] [5624/0.000173]
  6  17 250, 0.000241 [0.000108/64.680932] [5674/0.000173]
  6  17 300, 0.000233 [0.000102/64.680436] [5724/0.000173]
  6  17 350, 0.000221 [0.000122/64.679940] [5774/0.000173]
Epoch 17 done. Evaluation:
(50000, 50000)
(8493, 10000)
  6  18  50, 0.000242 [0.000103/64.679039] [5865/0.000173]
  6  18 100, 0.000226 [0.000111/64.678545] [5915/0.000173]
  6  18 150, 0.000232 [0.000116/64.678049] [5965/0.000173]
  6  18 200, 0.000256 [0.000105/64.677556] [6015/0.000173]
  6  18 250, 0.000227 [0.000131/64.677058] [6065/0.000173]
  6  18 300, 0.000258 [0.000109/64.676564] [6115/0.000173]
  6  18 350, 0.000246 [0.000366/64.676068] [6165/0.000173]
Epoch 18 done. Evaluation:
(50000, 50000)
(8496, 10000)
  6  19  50, 0.000229 [0.000154/64.675169] [6256/0.000173]
  6  19 100, 0.000297 [0.000122/64.674673] [6306/0.000173]
  6  19 150, 0.000319 [0.000103/64.674179] [6356/0.000173]
  6  19 200, 0.000261 [0.000107/64.673686] [6406/0.000173]
  6  19 250, 0.000228 [0.000405/64.673190] [6456/0.000173]
  6  19 300, 0.000223 [0.000106/64.672694] [6506/0.000173]
  6  19 350, 0.000229 [0.000258/64.672200] [6556/0.000173]
Epoch 19 done. Evaluation:
(50000, 50000)
(8498, 10000)
  7   0  50, 0.000201 [0.000117/64.671545] [6647/0.000173]
  7   0 100, 0.000250 [0.000108/64.671294] [6697/0.000173]
  7   0 150, 0.000225 [0.000101/64.671050] [6747/0.000173]
  7   0 200, 0.000285 [0.000147/64.670800] [6797/0.000173]
  7   0 250, 0.000191 [0.000103/64.670550] [6847/0.000173]
  7   0 300, 0.000212 [0.000102/64.670302] [6897/0.000173]
  7   0 350, 0.000277 [0.000145/64.670054] [6947/0.000173]
Epoch 0 done. Evaluation:
(50000, 50000)
(8502, 10000)
  7   1  50, 0.000313 [0.000103/64.669600] [7038/0.000173]
  7   1 100, 0.000198 [0.000101/64.669355] [7088/0.000173]
  7   1 150, 0.000240 [0.000101/64.669103] [7138/0.000173]
  7   1 200, 0.000235 [0.000105/64.668858] [7188/0.000173]
  7   1 250, 0.000233 [0.000197/64.668609] [7238/0.000173]
  7   1 300, 0.000270 [0.000101/64.668361] [7288/0.000173]
  7   1 350, 0.000288 [0.000104/64.668113] [7338/0.000173]
Epoch 1 done. Evaluation:
(50000, 50000)
(8488, 10000)
  7   2  50, 0.000280 [0.000105/64.667662] [7429/0.000173]
  7   2 100, 0.000225 [0.000103/64.667413] [7479/0.000173]
  7   2 150, 0.000239 [0.000101/64.667166] [7529/0.000173]
  7   2 200, 0.000253 [0.000101/64.666916] [7579/0.000173]
  7   2 250, 0.000239 [0.000102/64.666669] [7629/0.000173]
  7   2 300, 0.000248 [0.000101/64.666421] [7679/0.000173]
  7   2 350, 0.000233 [0.000122/64.666171] [7729/0.000173]
Epoch 2 done. Evaluation:
(50000, 50000)
(8486, 10000)
  7   3  50, 0.000210 [0.000101/64.665718] [7820/0.000173]
  7   3 100, 0.000214 [0.000101/64.665471] [7870/0.000173]
  7   3 150, 0.000271 [0.000102/64.665223] [7920/0.000173]
  7   3 200, 0.000224 [0.000103/64.664975] [7970/0.000173]
  7   3 250, 0.000271 [0.000106/64.664726] [8020/0.000173]
  7   3 300, 0.000209 [0.000102/64.664478] [8070/0.000173]
  7   3 350, 0.000274 [0.000223/64.664230] [8120/0.000173]
Epoch 3 done. Evaluation:
(50000, 50000)
(8505, 10000)
  7   4  50, 0.000250 [0.000106/64.663780] [8211/0.000173]
  7   4 100, 0.000213 [0.000101/64.663531] [8261/0.000173]
  7   4 150, 0.000226 [0.000101/64.663282] [8311/0.000173]
  7   4 200, 0.000197 [0.000101/64.663033] [8361/0.000173]
  7   4 250, 0.000256 [0.000104/64.662786] [8411/0.000173]
  7   4 300, 0.000210 [0.000103/64.662537] [8461/0.000173]
  7   4 350, 0.000241 [0.000127/64.662289] [8511/0.000173]
Epoch 4 done. Evaluation:
(50000, 50000)
(8498, 10000)
  7   5  50, 0.000228 [0.000101/64.661837] [8602/0.000173]
  7   5 100, 0.000250 [0.000109/64.661588] [8652/0.000173]
  7   5 150, 0.000249 [0.000101/64.661340] [8702/0.000173]
  7   5 200, 0.000244 [0.000105/64.661092] [8752/0.000173]
  7   5 250, 0.000209 [0.000101/64.660843] [8802/0.000173]
  7   5 300, 0.000327 [0.000110/64.660595] [8852/0.000173]
  7   5 350, 0.000204 [0.000101/64.660348] [8902/0.000173]
Epoch 5 done. Evaluation:
(50000, 50000)
(8494, 10000)
  7   6  50, 0.000252 [0.000100/64.659895] [8993/0.000173]
  7   6 100, 0.000273 [0.000109/64.659647] [9043/0.000173]
  7   6 150, 0.000304 [0.000104/64.659400] [9093/0.000173]
  7   6 200, 0.000219 [0.000101/64.659150] [9143/0.000173]
  7   6 250, 0.000242 [0.000114/64.658903] [9193/0.000173]
  7   6 300, 0.000234 [0.000103/64.658656] [9243/0.000173]
  7   6 350, 0.000280 [0.000102/64.658408] [9293/0.000173]
Epoch 6 done. Evaluation:
(50000, 50000)
(8485, 10000)
  7   7  50, 0.000240 [0.000101/64.657956] [9384/0.000173]
  7   7 100, 0.000230 [0.000103/64.657708] [9434/0.000173]
  7   7 150, 0.000192 [0.000102/64.657459] [9484/0.000173]
  7   7 200, 0.000226 [0.000137/64.657211] [9534/0.000173]
  7   7 250, 0.000221 [0.000176/64.656962] [9584/0.000173]
  7   7 300, 0.000205 [0.000102/64.656714] [9634/0.000173]
  7   7 350, 0.000215 [0.000103/64.656467] [9684/0.000173]
Epoch 7 done. Evaluation:
(50000, 50000)
(8507, 10000)
  7   8  50, 0.000220 [0.000101/64.656015] [9775/0.000173]
  7   8 100, 0.000290 [0.000106/64.655766] [9825/0.000173]
  7   8 150, 0.000240 [0.000102/64.655518] [9875/0.000173]
  7   8 200, 0.000461 [0.000151/64.655270] [9925/0.000173]
  7   8 250, 0.000230 [0.000101/64.655022] [9975/0.000173]
  7   8 300, 0.000252 [0.000102/64.654775] [10025/0.000173]
  7   8 350, 0.000220 [0.000101/64.654526] [10075/0.000173]
Epoch 8 done. Evaluation:
(50000, 50000)
(8491, 10000)
  7   9  50, 0.000306 [0.000102/64.654074] [10166/0.000173]
  7   9 100, 0.000245 [0.000104/64.653827] [10216/0.000173]
  7   9 150, 0.000228 [0.000101/64.653576] [10266/0.000173]
  7   9 200, 0.000256 [0.000101/64.653329] [10316/0.000173]
  7   9 250, 0.000239 [0.000101/64.653082] [10366/0.000173]
  7   9 300, 0.000212 [0.000131/64.652833] [10416/0.000173]
  7   9 350, 0.000267 [0.000101/64.652588] [10466/0.000173]
Epoch 9 done. Evaluation:
(50000, 50000)
(8492, 10000)
  7  10  50, 0.000292 [0.000105/64.652135] [10557/0.000173]
  7  10 100, 0.000206 [0.000104/64.651886] [10607/0.000173]
  7  10 150, 0.000226 [0.000107/64.651639] [10657/0.000173]
  7  10 200, 0.000225 [0.000100/64.651390] [10707/0.000173]
  7  10 250, 0.000250 [0.000103/64.651144] [10757/0.000173]
  7  10 300, 0.000241 [0.000101/64.650895] [10807/0.000173]
  7  10 350, 0.000196 [0.000101/64.650644] [10857/0.000173]
Epoch 10 done. Evaluation:
(50000, 50000)
(8500, 10000)
  7  11  50, 0.000257 [0.000102/64.650194] [10948/0.000173]
  7  11 100, 0.000271 [0.000105/64.649948] [10998/0.000173]
  7  11 150, 0.000202 [0.000100/64.649698] [11048/0.000173]
  7  11 200, 0.000244 [0.000101/64.649450] [11098/0.000173]
  7  11 250, 0.000237 [0.000102/64.649202] [11148/0.000173]
  7  11 300, 0.000242 [0.000102/64.648954] [11198/0.000173]
  7  11 350, 0.000212 [0.000101/64.648705] [11248/0.000173]
Epoch 11 done. Evaluation:
(50000, 50000)
(8508, 10000)
  7  12  50, 0.000230 [0.000106/64.648254] [11339/0.000173]
  7  12 100, 0.000248 [0.000101/64.648006] [11389/0.000173]
  7  12 150, 0.000236 [0.000113/64.647758] [11439/0.000173]
  7  12 200, 0.000216 [0.000101/64.647509] [11489/0.000173]
  7  12 250, 0.000205 [0.000102/64.647261] [11539/0.000173]
  7  12 300, 0.000208 [0.000107/64.647014] [11589/0.000173]
  7  12 350, 0.000236 [0.000104/64.646765] [11639/0.000173]
Epoch 12 done. Evaluation:
(50000, 50000)
(8490, 10000)
  7  13  50, 0.000277 [0.000102/64.646316] [11730/0.000173]
  7  13 100, 0.000299 [0.000101/64.646066] [11780/0.000173]
  7  13 150, 0.000296 [0.000109/64.645819] [11830/0.000173]
  7  13 200, 0.000208 [0.000101/64.645571] [11880/0.000173]
  7  13 250, 0.000246 [0.000101/64.645323] [11930/0.000173]
  7  13 300, 0.000215 [0.000101/64.645075] [11980/0.000173]
  7  13 350, 0.000228 [0.000125/64.644828] [12030/0.000173]
Epoch 13 done. Evaluation:
(50000, 50000)
(8491, 10000)
  7  14  50, 0.000235 [0.000101/64.644375] [12121/0.000173]
  7  14 100, 0.000210 [0.000102/64.644126] [12171/0.000173]
  7  14 150, 0.000275 [0.000101/64.643878] [12221/0.000173]
  7  14 200, 0.000209 [0.000101/64.643630] [12271/0.000173]
  7  14 250, 0.000276 [0.000103/64.643383] [12321/0.000173]
  7  14 300, 0.000263 [0.000101/64.643137] [12371/0.000173]
  7  14 350, 0.000217 [0.000102/64.642888] [12421/0.000173]
Epoch 14 done. Evaluation:
(50000, 50000)
(8492, 10000)
  7  15  50, 0.000246 [0.000101/64.642435] [12512/0.000173]
  7  15 100, 0.000276 [0.000101/64.642188] [12562/0.000173]
  7  15 150, 0.000269 [0.000101/64.641940] [12612/0.000173]
  7  15 200, 0.000262 [0.000102/64.641693] [12662/0.000173]
  7  15 250, 0.000263 [0.000101/64.641445] [12712/0.000173]
  7  15 300, 0.000237 [0.000102/64.641197] [12762/0.000173]
  7  15 350, 0.000224 [0.000101/64.640950] [12812/0.000173]
Epoch 15 done. Evaluation:
(50000, 50000)
(8490, 10000)
  7  16  50, 0.000235 [0.000101/64.640497] [12903/0.000173]
  7  16 100, 0.000214 [0.000102/64.640250] [12953/0.000173]
  7  16 150, 0.000224 [0.000104/64.640001] [13003/0.000173]
  7  16 200, 0.000246 [0.000106/64.639752] [13053/0.000173]
  7  16 250, 0.000235 [0.000104/64.639505] [13103/0.000173]
  7  16 300, 0.000229 [0.000101/64.639257] [13153/0.000173]
  7  16 350, 0.000230 [0.000106/64.639010] [13203/0.000173]
Epoch 16 done. Evaluation:
(50000, 50000)
(8493, 10000)
  7  17  50, 0.000282 [0.000101/64.638560] [13294/0.000173]
  7  17 100, 0.000198 [0.000102/64.638311] [13344/0.000173]
  7  17 150, 0.000236 [0.000101/64.638065] [13394/0.000173]
  7  17 200, 0.000213 [0.000101/64.637817] [13444/0.000173]
  7  17 250, 0.000226 [0.000106/64.637568] [13494/0.000173]
  7  17 300, 0.000237 [0.000103/64.637320] [13544/0.000173]
  7  17 350, 0.000232 [0.000101/64.637073] [13594/0.000173]
Epoch 17 done. Evaluation:
(50000, 50000)
(8491, 10000)
  7  18  50, 0.000206 [0.000105/64.636620] [13685/0.000173]
  7  18 100, 0.000230 [0.000101/64.636372] [13735/0.000173]
  7  18 150, 0.000251 [0.000102/64.636125] [13785/0.000173]
  7  18 200, 0.000233 [0.000102/64.635877] [13835/0.000173]
  7  18 250, 0.000241 [0.000101/64.635628] [13885/0.000173]
  7  18 300, 0.000280 [0.000102/64.635381] [13935/0.000173]
  7  18 350, 0.000245 [0.000103/64.635132] [13985/0.000173]
Epoch 18 done. Evaluation:
(50000, 50000)
(8481, 10000)
  7  19  50, 0.000215 [0.000101/64.634682] [14076/0.000173]
  7  19 100, 0.000271 [0.000103/64.634435] [14126/0.000173]
  7  19 150, 0.000292 [0.000102/64.634188] [14176/0.000173]
  7  19 200, 0.000266 [0.000105/64.633939] [14226/0.000173]
  7  19 250, 0.000212 [0.000101/64.633692] [14276/0.000173]
  7  19 300, 0.000279 [0.000106/64.633443] [14326/0.000173]
  7  19 350, 0.000245 [0.000113/64.633197] [14376/0.000173]
Epoch 19 done. Evaluation:
(50000, 50000)
(8506, 10000)
  8   0  50, 0.000211 [0.000100/64.632879] [14467/0.000173]
  8   0 100, 0.000211 [0.000100/64.632767] [14517/0.000173]
  8   0 150, 0.000247 [0.000109/64.632652] [14567/0.000173]
  8   0 200, 0.000301 [0.000101/64.632540] [14617/0.000173]
  8   0 250, 0.000259 [0.000101/64.632424] [14667/0.000173]
  8   0 300, 0.000242 [0.000100/64.632311] [14717/0.000173]
  8   0 350, 0.000284 [0.000100/64.632199] [14767/0.000173]
Epoch 0 done. Evaluation:
(50000, 50000)
(8494, 10000)
  8   1  50, 0.000208 [0.000100/64.631991] [14858/0.000173]
  8   1 100, 0.000218 [0.000100/64.631878] [14908/0.000173]
  8   1 150, 0.000212 [0.000100/64.631766] [14958/0.000173]
  8   1 200, 0.000244 [0.000101/64.631652] [15008/0.000173]
  8   1 250, 0.000197 [0.000100/64.631539] [15058/0.000173]
  8   1 300, 0.000199 [0.000100/64.631424] [15108/0.000173]
  8   1 350, 0.000230 [0.000102/64.631313] [15158/0.000173]
Epoch 1 done. Evaluation:
(50000, 50000)
(8497, 10000)
  8   2  50, 0.000210 [0.000100/64.631105] [15249/0.000173]
  8   2 100, 0.000249 [0.000108/64.630990] [15299/0.000173]
  8   2 150, 0.000239 [0.000101/64.630877] [15349/0.000173]
  8   2 200, 0.000224 [0.000101/64.630763] [15399/0.000173]
  8   2 250, 0.000230 [0.000100/64.630650] [15449/0.000173]
  8   2 300, 0.000220 [0.000101/64.630538] [15499/0.000173]
  8   2 350, 0.000243 [0.000100/64.630424] [15549/0.000173]
Epoch 2 done. Evaluation:
(50000, 50000)
(8500, 10000)
  8   3  50, 0.000214 [0.000100/64.630218] [15640/0.000173]
  8   3 100, 0.000212 [0.000101/64.630105] [15690/0.000173]
  8   3 150, 0.000243 [0.000100/64.629991] [15740/0.000173]
  8   3 200, 0.000230 [0.000100/64.629878] [15790/0.000173]
  8   3 250, 0.000233 [0.000101/64.629764] [15840/0.000173]
  8   3 300, 0.000230 [0.000101/64.629650] [15890/0.000173]
  8   3 350, 0.000243 [0.000100/64.629536] [15940/0.000173]
Epoch 3 done. Evaluation:
(50000, 50000)
(8497, 10000)
  8   4  50, 0.000229 [0.000101/64.629332] [16031/0.000173]
  8   4 100, 0.000233 [0.000100/64.629216] [16081/0.000173]
  8   4 150, 0.000196 [0.000100/64.629104] [16131/0.000173]
  8   4 200, 0.000397 [0.000105/64.628991] [16181/0.000173]
  8   4 250, 0.000226 [0.000101/64.628877] [16231/0.000173]
  8   4 300, 0.000203 [0.000101/64.628765] [16281/0.000173]
  8   4 350, 0.000293 [0.000100/64.628651] [16331/0.000173]
Epoch 4 done. Evaluation:
(49999, 50000)
(8499, 10000)
  8   5  50, 0.000286 [0.000104/64.628444] [16422/0.000173]
  8   5 100, 0.000209 [0.000102/64.628330] [16472/0.000173]
  8   5 150, 0.000211 [0.000100/64.628219] [16522/0.000173]
  8   5 200, 0.000254 [0.000104/64.628106] [16572/0.000173]
  8   5 250, 0.000228 [0.000100/64.627993] [16622/0.000173]
  8   5 300, 0.000224 [0.000101/64.627878] [16672/0.000173]
  8   5 350, 0.000212 [0.000101/64.627764] [16722/0.000173]
Epoch 5 done. Evaluation:
(50000, 50000)
(8499, 10000)
  8   6  50, 0.000261 [0.000100/64.627559] [16813/0.000173]
  8   6 100, 0.000204 [0.000100/64.627445] [16863/0.000173]
  8   6 150, 0.000239 [0.000101/64.627332] [16913/0.000173]
  8   6 200, 0.000258 [0.000100/64.627218] [16963/0.000173]
  8   6 250, 0.000219 [0.000100/64.627104] [17013/0.000173]
  8   6 300, 0.000214 [0.000105/64.626992] [17063/0.000173]
  8   6 350, 0.000232 [0.000100/64.626879] [17113/0.000173]
Epoch 6 done. Evaluation:
(50000, 50000)
(8491, 10000)
  8   7  50, 0.000232 [0.000101/64.626671] [17204/0.000173]
  8   7 100, 0.000226 [0.000100/64.626558] [17254/0.000173]
  8   7 150, 0.000209 [0.000100/64.626444] [17304/0.000173]
  8   7 200, 0.000261 [0.000100/64.626332] [17354/0.000173]
  8   7 250, 0.000215 [0.000100/64.626217] [17404/0.000173]
  8   7 300, 0.000215 [0.000100/64.626103] [17454/0.000173]
  8   7 350, 0.000219 [0.000101/64.625993] [17504/0.000173]
Epoch 7 done. Evaluation:
(50000, 50000)
(8499, 10000)
  8   8  50, 0.000249 [0.000107/64.625786] [17595/0.000173]
  8   8 100, 0.000334 [0.000107/64.625672] [17645/0.000173]
  8   8 150, 0.000224 [0.000102/64.625559] [17695/0.000173]
  8   8 200, 0.000213 [0.000100/64.625444] [17745/0.000173]
  8   8 250, 0.000262 [0.000101/64.625331] [17795/0.000173]
  8   8 300, 0.000234 [0.000100/64.625218] [17845/0.000173]
  8   8 350, 0.000192 [0.000101/64.625104] [17895/0.000173]
Epoch 8 done. Evaluation:
(50000, 50000)
(8493, 10000)
  8   9  50, 0.000246 [0.000101/64.624899] [17986/0.000173]
  8   9 100, 0.000220 [0.000101/64.624784] [18036/0.000173]
  8   9 150, 0.000178 [0.000100/64.624672] [18086/0.000173]
  8   9 200, 0.000215 [0.000100/64.624560] [18136/0.000173]
  8   9 250, 0.000209 [0.000101/64.624447] [18186/0.000173]
  8   9 300, 0.000203 [0.000101/64.624332] [18236/0.000173]
  8   9 350, 0.000257 [0.000100/64.624220] [18286/0.000173]
Epoch 9 done. Evaluation:
(50000, 50000)
(8497, 10000)
  8  10  50, 0.000226 [0.000100/64.624012] [18377/0.000173]
  8  10 100, 0.000227 [0.000100/64.623899] [18427/0.000173]
  8  10 150, 0.000194 [0.000101/64.623787] [18477/0.000173]
  8  10 200, 0.000213 [0.000101/64.623672] [18527/0.000173]
  8  10 250, 0.000249 [0.000102/64.623561] [18577/0.000173]
  8  10 300, 0.000238 [0.000101/64.623447] [18627/0.000173]
  8  10 350, 0.000221 [0.000103/64.623334] [18677/0.000173]
Epoch 10 done. Evaluation:
(50000, 50000)
(8500, 10000)
  8  11  50, 0.000270 [0.000100/64.623128] [18768/0.000173]
  8  11 100, 0.000232 [0.000100/64.623014] [18818/0.000173]
  8  11 150, 0.000192 [0.000100/64.622901] [18868/0.000173]
  8  11 200, 0.000204 [0.000101/64.622788] [18918/0.000173]
  8  11 250, 0.000244 [0.000100/64.622675] [18968/0.000173]
  8  11 300, 0.000174 [0.000101/64.622562] [19018/0.000173]
  8  11 350, 0.000250 [0.000100/64.622448] [19068/0.000173]
Epoch 11 done. Evaluation:
(50000, 50000)
(8497, 10000)
  8  12  50, 0.000205 [0.000100/64.622242] [19159/0.000173]
  8  12 100, 0.000194 [0.000101/64.622131] [19209/0.000173]
  8  12 150, 0.000229 [0.000101/64.622016] [19259/0.000173]
  8  12 200, 0.000205 [0.000100/64.621903] [19309/0.000173]
  8  12 250, 0.000235 [0.000101/64.621790] [19359/0.000173]
  8  12 300, 0.000218 [0.000100/64.621675] [19409/0.000173]
  8  12 350, 0.000224 [0.000102/64.621563] [19459/0.000173]
Epoch 12 done. Evaluation:
(50000, 50000)
(8483, 10000)
  8  13  50, 0.000237 [0.000100/64.621355] [19550/0.000173]
  8  13 100, 0.000209 [0.000101/64.621243] [19600/0.000173]
  8  13 150, 0.000257 [0.000101/64.621131] [19650/0.000173]
  8  13 200, 0.000235 [0.000100/64.621016] [19700/0.000173]
  8  13 250, 0.000253 [0.000100/64.620903] [19750/0.000173]
  8  13 300, 0.000258 [0.000101/64.620791] [19800/0.000173]
  8  13 350, 0.000269 [0.000100/64.620674] [19850/0.000173]
Epoch 13 done. Evaluation:
(50000, 50000)
(8498, 10000)
  8  14  50, 0.000277 [0.000102/64.620469] [19941/0.000173]
  8  14 100, 0.000235 [0.000102/64.620355] [19991/0.000173]
  8  14 150, 0.000184 [0.000100/64.620242] [20041/0.000173]
  8  14 200, 0.000221 [0.000100/64.620130] [20091/0.000173]
  8  14 250, 0.000222 [0.000100/64.620017] [20141/0.000173]
  8  14 300, 0.000224 [0.000102/64.619902] [20191/0.000173]
  8  14 350, 0.000243 [0.000101/64.619789] [20241/0.000173]
Epoch 14 done. Evaluation:
(50000, 50000)
(8494, 10000)
  8  15  50, 0.000229 [0.000100/64.619582] [20332/0.000173]
  8  15 100, 0.000198 [0.000101/64.619471] [20382/0.000173]
  8  15 150, 0.000224 [0.000101/64.619356] [20432/0.000173]
  8  15 200, 0.000208 [0.000100/64.619243] [20482/0.000173]
  8  15 250, 0.000221 [0.000105/64.619129] [20532/0.000173]
  8  15 300, 0.000241 [0.000100/64.619016] [20582/0.000173]
  8  15 350, 0.000216 [0.000103/64.618904] [20632/0.000173]
Epoch 15 done. Evaluation:
(50000, 50000)
(8495, 10000)
  8  16  50, 0.000244 [0.000100/64.618697] [20723/0.000173]
  8  16 100, 0.000218 [0.000102/64.618585] [20773/0.000173]
  8  16 150, 0.000208 [0.000100/64.618471] [20823/0.000173]
  8  16 200, 0.000241 [0.000102/64.618358] [20873/0.000173]
  8  16 250, 0.000208 [0.000100/64.618246] [20923/0.000173]
  8  16 300, 0.000206 [0.000101/64.618131] [20973/0.000173]
  8  16 350, 0.000205 [0.000100/64.618019] [21023/0.000173]
Epoch 16 done. Evaluation:
(50000, 50000)
(8486, 10000)
  8  17  50, 0.000237 [0.000112/64.617810] [21114/0.000173]
  8  17 100, 0.000256 [0.000101/64.617698] [21164/0.000173]
  8  17 150, 0.000220 [0.000101/64.617585] [21214/0.000173]
  8  17 200, 0.000203 [0.000100/64.617471] [21264/0.000173]
  8  17 250, 0.000263 [0.000100/64.617359] [21314/0.000173]
  8  17 300, 0.000228 [0.000100/64.617244] [21364/0.000173]
  8  17 350, 0.000225 [0.000140/64.617132] [21414/0.000173]
Epoch 17 done. Evaluation:
(50000, 50000)
(8492, 10000)
  8  18  50, 0.000228 [0.000101/64.616926] [21505/0.000173]
  8  18 100, 0.000223 [0.000100/64.616814] [21555/0.000173]
  8  18 150, 0.000202 [0.000100/64.616699] [21605/0.000173]
  8  18 200, 0.000222 [0.000103/64.616587] [21655/0.000173]
  8  18 250, 0.000224 [0.000101/64.616472] [21705/0.000173]
  8  18 300, 0.000233 [0.000100/64.616360] [21755/0.000173]
  8  18 350, 0.000252 [0.000101/64.616246] [21805/0.000173]
Epoch 18 done. Evaluation:
(50000, 50000)
(8497, 10000)
  8  19  50, 0.000272 [0.000101/64.616040] [21896/0.000173]
  8  19 100, 0.000205 [0.000100/64.615927] [21946/0.000173]
  8  19 150, 0.000209 [0.000100/64.615814] [21996/0.000173]
  8  19 200, 0.000193 [0.000100/64.615699] [22046/0.000173]
  8  19 250, 0.000218 [0.000101/64.615590] [22096/0.000173]
  8  19 300, 0.000193 [0.000100/64.615476] [22146/0.000173]
  8  19 350, 0.000278 [0.000102/64.615361] [22196/0.000173]
Epoch 19 done. Evaluation:
(50000, 50000)
(8489, 10000)
  9   0  50, 0.000224 [0.000100/64.615221] [22287/0.000173]
  9   0 100, 0.000208 [0.000100/64.615173] [22337/0.000173]
  9   0 150, 0.000229 [0.000100/64.615128] [22387/0.000173]
  9   0 200, 0.000210 [0.000100/64.615081] [22437/0.000173]
  9   0 250, 0.000230 [0.000100/64.615031] [22487/0.000173]
  9   0 300, 0.000254 [0.000100/64.614983] [22537/0.000173]
  9   0 350, 0.000235 [0.000100/64.614935] [22587/0.000173]
Epoch 0 done. Evaluation:
(50000, 50000)
(8500, 10000)
  9   1  50, 0.000182 [0.000100/64.614849] [22678/0.000173]
  9   1 100, 0.000216 [0.000100/64.614802] [22728/0.000173]
  9   1 150, 0.000204 [0.000100/64.614755] [22778/0.000173]
  9   1 200, 0.000254 [0.000100/64.614708] [22828/0.000173]
  9   1 250, 0.000215 [0.000100/64.614660] [22878/0.000173]
  9   1 300, 0.000231 [0.000100/64.614613] [22928/0.000173]
  9   1 350, 0.000223 [0.000100/64.614566] [22978/0.000173]
Epoch 1 done. Evaluation:
(50000, 50000)
(8492, 10000)
  9   2  50, 0.000191 [0.000101/64.614481] [23069/0.000173]
  9   2 100, 0.000304 [0.000100/64.614433] [23119/0.000173]
  9   2 150, 0.000241 [0.000101/64.614385] [23169/0.000173]
  9   2 200, 0.000229 [0.000100/64.614338] [23219/0.000173]
  9   2 250, 0.000250 [0.000100/64.614290] [23269/0.000173]
  9   2 300, 0.000319 [0.000100/64.614241] [23319/0.000173]
  9   2 350, 0.000287 [0.000100/64.614193] [23369/0.000173]
Epoch 2 done. Evaluation:
(50000, 50000)
(8492, 10000)
  9   3  50, 0.000260 [0.000100/64.614107] [23460/0.000173]
  9   3 100, 0.000195 [0.000100/64.614060] [23510/0.000173]
  9   3 150, 0.000258 [0.000100/64.614014] [23560/0.000173]
  9   3 200, 0.000236 [0.000100/64.613964] [23610/0.000173]
  9   3 250, 0.000288 [0.000103/64.613917] [23660/0.000173]
  9   3 300, 0.000278 [0.000100/64.613868] [23710/0.000173]
  9   3 350, 0.000195 [0.000100/64.613822] [23760/0.000173]
Epoch 3 done. Evaluation:
(50000, 50000)
(8492, 10000)
  9   4  50, 0.000251 [0.000100/64.613734] [23851/0.000173]
  9   4 100, 0.000207 [0.000102/64.613689] [23901/0.000173]
  9   4 150, 0.000258 [0.000100/64.613640] [23951/0.000173]
  9   4 200, 0.000241 [0.000101/64.613591] [24001/0.000173]
  9   4 250, 0.000275 [0.000100/64.613543] [24051/0.000173]
  9   4 300, 0.000217 [0.000100/64.613496] [24101/0.000173]
  9   4 350, 0.000218 [0.000100/64.613449] [24151/0.000173]
Epoch 4 done. Evaluation:
(50000, 50000)
(8509, 10000)
  9   5  50, 0.000256 [0.000100/64.613360] [24242/0.000173]
  9   5 100, 0.000222 [0.000101/64.613315] [24292/0.000173]
  9   5 150, 0.000217 [0.000100/64.613267] [24342/0.000173]
  9   5 200, 0.000238 [0.000100/64.613221] [24392/0.000173]
  9   5 250, 0.000210 [0.000100/64.613175] [24442/0.000173]
  9   5 300, 0.000232 [0.000100/64.613127] [24492/0.000173]
  9   5 350, 0.000228 [0.000100/64.613078] [24542/0.000173]
Epoch 5 done. Evaluation:
(50000, 50000)
(8501, 10000)
  9   6  50, 0.000224 [0.000100/64.612989] [24633/0.000173]
  9   6 100, 0.000248 [0.000100/64.612941] [24683/0.000173]
  9   6 150, 0.000228 [0.000100/64.612896] [24733/0.000173]
  9   6 200, 0.000239 [0.000100/64.612848] [24783/0.000173]
  9   6 250, 0.000227 [0.000101/64.612800] [24833/0.000173]
  9   6 300, 0.000284 [0.000100/64.612751] [24883/0.000173]
  9   6 350, 0.000383 [0.000101/64.612703] [24933/0.000173]
Epoch 6 done. Evaluation:
(50000, 50000)
(8500, 10000)
  9   7  50, 0.000235 [0.000101/64.612615] [25024/0.000173]
  9   7 100, 0.000230 [0.000101/64.612569] [25074/0.000173]
  9   7 150, 0.000271 [0.000105/64.612519] [25124/0.000173]
  9   7 200, 0.000206 [0.000100/64.612472] [25174/0.000173]
  9   7 250, 0.000278 [0.000100/64.612425] [25224/0.000173]
  9   7 300, 0.000222 [0.000100/64.612379] [25274/0.000173]
  9   7 350, 0.000209 [0.000100/64.612329] [25324/0.000173]
Epoch 7 done. Evaluation:
(50000, 50000)
(8490, 10000)
  9   8  50, 0.000206 [0.000100/64.612244] [25415/0.000173]
  9   8 100, 0.000202 [0.000100/64.612196] [25465/0.000173]
  9   8 150, 0.000246 [0.000100/64.612148] [25515/0.000173]
  9   8 200, 0.000223 [0.000100/64.612103] [25565/0.000173]
  9   8 250, 0.000187 [0.000100/64.612056] [25615/0.000173]
  9   8 300, 0.000219 [0.000100/64.612007] [25665/0.000173]
  9   8 350, 0.000234 [0.000100/64.611959] [25715/0.000173]
Epoch 8 done. Evaluation:
(50000, 50000)
(8506, 10000)
  9   9  50, 0.000240 [0.000100/64.611872] [25806/0.000173]
  9   9 100, 0.000225 [0.000100/64.611825] [25856/0.000173]
  9   9 150, 0.000243 [0.000121/64.611777] [25906/0.000173]
  9   9 200, 0.000224 [0.000101/64.611729] [25956/0.000173]
  9   9 250, 0.000218 [0.000100/64.611681] [26006/0.000173]
  9   9 300, 0.000231 [0.000100/64.611634] [26056/0.000173]
  9   9 350, 0.000220 [0.000100/64.611587] [26106/0.000173]
Epoch 9 done. Evaluation:
(50000, 50000)
(8500, 10000)
  9  10  50, 0.000213 [0.000100/64.611501] [26197/0.000173]
  9  10 100, 0.000204 [0.000100/64.611454] [26247/0.000173]
  9  10 150, 0.000208 [0.000100/64.611407] [26297/0.000173]
  9  10 200, 0.000220 [0.000100/64.611362] [26347/0.000173]
  9  10 250, 0.000246 [0.000100/64.611312] [26397/0.000173]
  9  10 300, 0.000336 [0.000101/64.611262] [26447/0.000173]
  9  10 350, 0.000233 [0.000101/64.611214] [26497/0.000173]
Epoch 10 done. Evaluation:
(50000, 50000)
(8495, 10000)
  9  11  50, 0.000275 [0.000100/64.611128] [26588/0.000173]
  9  11 100, 0.000185 [0.000100/64.611081] [26638/0.000173]
  9  11 150, 0.000210 [0.000100/64.611035] [26688/0.000173]
  9  11 200, 0.000209 [0.000100/64.610986] [26738/0.000173]
  9  11 250, 0.000231 [0.000101/64.610941] [26788/0.000173]
  9  11 300, 0.000242 [0.000101/64.610894] [26838/0.000173]
  9  11 350, 0.000221 [0.000100/64.610844] [26888/0.000173]
Epoch 11 done. Evaluation:
(50000, 50000)
(8493, 10000)
  9  12  50, 0.000302 [0.000101/64.610754] [26979/0.000173]
  9  12 100, 0.000215 [0.000100/64.610707] [27029/0.000173]
  9  12 150, 0.000284 [0.000101/64.610660] [27079/0.000173]
  9  12 200, 0.000241 [0.000100/64.610610] [27129/0.000173]
  9  12 250, 0.000219 [0.000100/64.610566] [27179/0.000173]
  9  12 300, 0.000214 [0.000100/64.610517] [27229/0.000173]
  9  12 350, 0.000201 [0.000100/64.610471] [27279/0.000173]
Epoch 12 done. Evaluation:
(50000, 50000)
(8495, 10000)
  9  13  50, 0.000246 [0.000100/64.610382] [27370/0.000173]
  9  13 100, 0.000224 [0.000100/64.610336] [27420/0.000173]
  9  13 150, 0.000254 [0.000100/64.610289] [27470/0.000173]
  9  13 200, 0.000242 [0.000100/64.610240] [27520/0.000173]
  9  13 250, 0.000261 [0.000100/64.610191] [27570/0.000173]
  9  13 300, 0.000298 [0.000100/64.610145] [27620/0.000173]
  9  13 350, 0.000211 [0.000100/64.610098] [27670/0.000173]
Epoch 13 done. Evaluation:
(50000, 50000)
(8504, 10000)
  9  14  50, 0.000248 [0.000106/64.610009] [27761/0.000173]
  9  14 100, 0.000191 [0.000100/64.609963] [27811/0.000173]
  9  14 150, 0.000240 [0.000101/64.609915] [27861/0.000173]
  9  14 200, 0.000198 [0.000100/64.609868] [27911/0.000173]
  9  14 250, 0.000190 [0.000101/64.609823] [27961/0.000173]
  9  14 300, 0.000265 [0.000100/64.609776] [28011/0.000173]
  9  14 350, 0.000210 [0.000100/64.609727] [28061/0.000173]
Epoch 14 done. Evaluation:
(50000, 50000)
(8495, 10000)
  9  15  50, 0.000184 [0.000100/64.609643] [28152/0.000173]
  9  15 100, 0.000223 [0.000100/64.609595] [28202/0.000173]
  9  15 150, 0.000243 [0.000100/64.609550] [28252/0.000173]
  9  15 200, 0.000187 [0.000100/64.609503] [28302/0.000173]
  9  15 250, 0.000241 [0.000100/64.609455] [28352/0.000173]
  9  15 300, 0.000248 [0.000101/64.609406] [28402/0.000173]
  9  15 350, 0.000218 [0.000100/64.609360] [28452/0.000173]
Epoch 15 done. Evaluation:
(50000, 50000)
(8496, 10000)
  9  16  50, 0.000216 [0.000100/64.609272] [28543/0.000173]
  9  16 100, 0.000276 [0.000100/64.609226] [28593/0.000173]
  9  16 150, 0.000227 [0.000100/64.609179] [28643/0.000173]
  9  16 200, 0.000221 [0.000100/64.609130] [28693/0.000173]
  9  16 250, 0.000199 [0.000100/64.609084] [28743/0.000173]
  9  16 300, 0.000211 [0.000100/64.609037] [28793/0.000173]
  9  16 350, 0.000232 [0.000100/64.608989] [28843/0.000173]
Epoch 16 done. Evaluation:
(50000, 50000)
(8488, 10000)
  9  17  50, 0.000227 [0.000100/64.608904] [28934/0.000173]
  9  17 100, 0.000252 [0.000100/64.608857] [28984/0.000173]
  9  17 150, 0.000181 [0.000100/64.608809] [29034/0.000173]
  9  17 200, 0.000237 [0.000108/64.608762] [29084/0.000173]
  9  17 250, 0.000221 [0.000101/64.608715] [29134/0.000173]
  9  17 300, 0.000232 [0.000100/64.608667] [29184/0.000173]
  9  17 350, 0.000252 [0.000100/64.608618] [29234/0.000173]
Epoch 17 done. Evaluation:
(50000, 50000)
(8501, 10000)
  9  18  50, 0.000248 [0.000100/64.608531] [29325/0.000173]
  9  18 100, 0.000237 [0.000100/64.608485] [29375/0.000173]
  9  18 150, 0.000199 [0.000100/64.608439] [29425/0.000173]
  9  18 200, 0.000208 [0.000100/64.608391] [29475/0.000173]
  9  18 250, 0.000213 [0.000101/64.608341] [29525/0.000173]
  9  18 300, 0.000243 [0.000100/64.608294] [29575/0.000173]
  9  18 350, 0.000235 [0.000100/64.608246] [29625/0.000173]
Epoch 18 done. Evaluation:
(50000, 50000)
(8484, 10000)
  9  19  50, 0.000227 [0.000100/64.608158] [29716/0.000173]
  9  19 100, 0.000292 [0.000100/64.608109] [29766/0.000173]
  9  19 150, 0.000253 [0.000100/64.608061] [29816/0.000173]
  9  19 200, 0.000242 [0.000100/64.608012] [29866/0.000173]
  9  19 250, 0.000209 [0.000100/64.607967] [29916/0.000173]
  9  19 300, 0.000214 [0.000100/64.607920] [29966/0.000173]
  9  19 350, 0.000223 [0.000100/64.607872] [30016/0.000173]
Epoch 19 done. Evaluation:
(50000, 50000)
(8488, 10000)
0.000126969628657
0.00142232568811
0.000363769909334
0.00072046199025
0.000179454634258
0.00035976613733
9.0045356873e-05
0.000179744587483
4.48970828511e-05
4.49736543479e-05
1.23961330178e-06
1.25932860972e-06
