Sequential (
  (conv1_1): Sequential (
    (0): Conv2d(3, 32, kernel_size=(3, 3), stride=(1, 1), padding=(1, 1))
    (1): BatchNorm2d(32, eps=1e-05, momentum=0.1, affine=True)
    (2): ReLU (inplace)
  )
  (conv1_2): Sequential (
    (0): Conv2d(32, 32, kernel_size=(3, 3), stride=(1, 1), padding=(1, 1))
    (1): BatchNorm2d(32, eps=1e-05, momentum=0.1, affine=True)
    (2): ReLU (inplace)
  )
  (pool1): MaxPool2d (size=(2, 2), stride=(2, 2), dilation=(1, 1))
  (conv2_1): Sequential (
    (0): Conv2d(32, 64, kernel_size=(3, 3), stride=(1, 1), padding=(1, 1))
    (1): BatchNorm2d(64, eps=1e-05, momentum=0.1, affine=True)
    (2): ReLU (inplace)
  )
  (conv2_2): Sequential (
    (0): Conv2d(64, 64, kernel_size=(3, 3), stride=(1, 1), padding=(1, 1))
    (1): BatchNorm2d(64, eps=1e-05, momentum=0.1, affine=True)
    (2): ReLU (inplace)
  )
  (pool2): MaxPool2d (size=(2, 2), stride=(2, 2), dilation=(1, 1))
  (conv3_1): Sequential (
    (0): Conv2d(64, 128, kernel_size=(3, 3), stride=(1, 1), padding=(1, 1))
    (1): BatchNorm2d(128, eps=1e-05, momentum=0.1, affine=True)
    (2): ReLU (inplace)
  )
  (conv3_2): Sequential (
    (0): Conv2d(128, 128, kernel_size=(3, 3), stride=(1, 1), padding=(1, 1))
    (1): BatchNorm2d(128, eps=1e-05, momentum=0.1, affine=True)
    (2): ReLU (inplace)
  )
  (pool3): MaxPool2d (size=(2, 2), stride=(2, 2), dilation=(1, 1))
  (conv4_1): Sequential (
    (0): Conv2d(128, 256, kernel_size=(3, 3), stride=(1, 1), padding=(1, 1))
    (1): BatchNorm2d(256, eps=1e-05, momentum=0.1, affine=True)
    (2): ReLU (inplace)
  )
  (conv4_2): Sequential (
    (0): Conv2d(256, 256, kernel_size=(3, 3), stride=(1, 1), padding=(1, 1))
    (1): BatchNorm2d(256, eps=1e-05, momentum=0.1, affine=True)
    (2): ReLU (inplace)
  )
  (pool4): MaxPool2d (size=(2, 2), stride=(2, 2), dilation=(1, 1))
  (conv5_1): Sequential (
    (0): Conv2d(256, 256, kernel_size=(3, 3), stride=(1, 1), padding=(1, 1))
    (1): BatchNorm2d(256, eps=1e-05, momentum=0.1, affine=True)
    (2): ReLU (inplace)
  )
  (conv5_2): Sequential (
    (0): Conv2d(256, 256, kernel_size=(3, 3), stride=(1, 1), padding=(1, 1))
    (1): BatchNorm2d(256, eps=1e-05, momentum=0.1, affine=True)
    (2): ReLU (inplace)
  )
  (pool5): MaxPool2d (size=(2, 2), stride=(2, 2), dilation=(1, 1))
  (fc6): Sequential (
    (0): Conv2d(256, 256, kernel_size=(1, 1), stride=(1, 1))
    (1): BatchNorm2d(256, eps=1e-05, momentum=0.1, affine=True)
    (2): ReLU (inplace)
  )
  (logit): Conv2d(256, 10, kernel_size=(1, 1), stride=(1, 1))
  (flatter): Flatten()
)
{'L1_decay': 5e-06,
 'batch_size': 128,
 'force_name': False,
 'graphfolder': 'logs/cxp3_graphs/',
 'learning_rate': 0.1,
 'logfile': 'logs/cxp3.log',
 'mode': '',
 'name': 'cxp3',
 'num_base': 32,
 'optimizer': 'SGD_var_dup',
 'weight_decay': 2e-05}
Decayed training with schedule: [20, 20, 20, 20, 20, 20, 20, 20, 20, 20]
  0   0  50, 1.794138 [0.403933/72.170420] [   0/1.794138]
  0   0 100, 1.459719 [0.389597/72.099465] [   0/1.459719]
  0   0 150, 1.326073 [0.384869/72.022612] [   0/1.326073]
  0   0 200, 1.243337 [0.352979/71.945584] [   0/1.243337]
  0   0 250, 1.151680 [0.355990/71.870288] [   0/1.151680]
  0   0 300, 1.095177 [0.371862/71.794865] [   0/1.095177]
  0   0 350, 1.014688 [0.305122/71.719032] [   0/1.014688]
Epoch 0 done. Evaluation:
(27195, 50000)
(5938, 10000)
  0   1  50, 0.934564 [0.369064/71.580618] [   0/0.934564]
  0   1 100, 0.886088 [0.309516/71.507523] [   0/0.886088]
  0   1 150, 0.870510 [0.313282/71.433002] [   0/0.870510]
  0   1 200, 0.832656 [0.339673/71.358478] [   0/0.832656]
  0   1 250, 0.817458 [0.341754/71.282900] [   0/0.817458]
  0   1 300, 0.802885 [0.284309/71.208204] [   0/0.802885]
  0   1 350, 0.781582 [0.337285/71.133615] [   0/0.781582]
Epoch 1 done. Evaluation:
(35291, 50000)
(6441, 10000)
  0   2  50, 0.693966 [0.316218/70.999559] [   0/0.693966]
  0   2 100, 0.672964 [0.290169/70.929868] [   0/0.672964]
  0   2 150, 0.682602 [0.336589/70.857899] [  50/0.672964]
  0   2 200, 0.688843 [0.262204/70.785720] [ 100/0.672964]
  0   2 250, 0.693630 [0.303927/70.712528] [ 150/0.672964]
  0   2 300, 0.650772 [0.322979/70.641871] [   0/0.650772]
  0   2 350, 0.657002 [0.269782/70.570532] [  50/0.650772]
Epoch 2 done. Evaluation:
(38188, 50000)
(7445, 10000)
  0   3  50, 0.570584 [0.324596/70.446993] [   0/0.570584]
  0   3 100, 0.570048 [0.288764/70.379591] [   0/0.570048]
  0   3 150, 0.579265 [0.297985/70.312582] [  50/0.570048]
  0   3 200, 0.572208 [0.350538/70.248027] [ 100/0.570048]
  0   3 250, 0.588930 [0.465466/70.181650] [ 150/0.570048]
  0   3 300, 0.575932 [0.269846/70.115643] [ 200/0.570048]
  0   3 350, 0.568341 [0.366475/70.050417] [   0/0.568341]
Epoch 3 done. Evaluation:
(39997, 50000)
(7653, 10000)
  0   4  50, 0.473006 [0.274243/69.935584] [   0/0.473006]
  0   4 100, 0.503997 [0.276140/69.872906] [  50/0.473006]
  0   4 150, 0.515904 [0.315634/69.811943] [ 100/0.473006]
  0   4 200, 0.488936 [0.292191/69.750205] [ 150/0.473006]
  0   4 250, 0.492056 [0.290186/69.690428] [ 200/0.473006]
  0   4 300, 0.511808 [0.341384/69.628751] [ 250/0.473006]
  0   4 350, 0.503307 [0.272599/69.566666] [ 300/0.473006]
Epoch 4 done. Evaluation:
(41354, 50000)
(7785, 10000)
  0   5  50, 0.417762 [0.345996/69.458632] [   0/0.417762]
  0   5 100, 0.414481 [0.353897/69.402765] [   0/0.414481]
  0   5 150, 0.438583 [0.357093/69.348671] [  50/0.414481]
  0   5 200, 0.450437 [0.325772/69.293611] [ 100/0.414481]
  0   5 250, 0.458913 [0.345878/69.238220] [ 150/0.414481]
  0   5 300, 0.437025 [0.377043/69.181954] [ 200/0.414481]
  0   5 350, 0.436152 [0.340223/69.129039] [ 250/0.414481]
Epoch 5 done. Evaluation:
(42347, 50000)
(7504, 10000)
  0   6  50, 0.378949 [0.265018/69.030305] [   0/0.378949]
  0   6 100, 0.384627 [0.351282/68.980446] [  50/0.378949]
  0   6 150, 0.375139 [0.283027/68.929622] [   0/0.375139]
  0   6 200, 0.402339 [0.286289/68.877812] [  50/0.375139]
  0   6 250, 0.406789 [0.292320/68.826180] [ 100/0.375139]
  0   6 300, 0.399909 [0.324010/68.776511] [ 150/0.375139]
  0   6 350, 0.398907 [0.323070/68.725017] [ 200/0.375139]
Epoch 6 done. Evaluation:
(43129, 50000)
(7619, 10000)
  0   7  50, 0.317562 [0.255760/68.635303] [   0/0.317562]
  0   7 100, 0.329120 [0.358829/68.588108] [  50/0.317562]
  0   7 150, 0.368000 [0.363196/68.542477] [ 100/0.317562]
  0   7 200, 0.359702 [0.347869/68.494553] [ 150/0.317562]
  0   7 250, 0.340277 [0.304966/68.447283] [ 200/0.317562]
  0   7 300, 0.382355 [0.287853/68.402133] [ 250/0.317562]
  0   7 350, 0.358874 [0.346275/68.354649] [ 300/0.317562]
Epoch 7 done. Evaluation:
(43859, 50000)
(7583, 10000)
  0   8  50, 0.271111 [0.311837/68.267348] [   0/0.271111]
  0   8 100, 0.302761 [0.322128/68.223400] [  50/0.271111]
  0   8 150, 0.312404 [0.363516/68.177326] [ 100/0.271111]
  0   8 200, 0.332162 [0.392027/68.134431] [ 150/0.271111]
  0   8 250, 0.360679 [0.343434/68.091814] [ 200/0.271111]
  0   8 300, 0.326649 [0.390320/68.047403] [ 250/0.271111]
  0   8 350, 0.313084 [0.312392/68.004601] [ 300/0.271111]
Epoch 8 done. Evaluation:
(44423, 50000)
(7982, 10000)
  0   9  50, 0.253806 [0.321489/67.925042] [   0/0.253806]
  0   9 100, 0.282649 [0.380243/67.884286] [  50/0.253806]
  0   9 150, 0.264919 [0.378014/67.842915] [ 100/0.253806]
  0   9 200, 0.305684 [0.330740/67.805156] [ 150/0.253806]
  0   9 250, 0.283224 [0.373689/67.763489] [ 200/0.253806]
  0   9 300, 0.331707 [0.371457/67.725545] [ 250/0.253806]
  0   9 350, 0.310123 [0.310227/67.684294] [ 300/0.253806]
Epoch 9 done. Evaluation:
(44937, 50000)
(7793, 10000)
  0  10  50, 0.232798 [0.289484/67.609267] [   0/0.232798]
  0  10 100, 0.241750 [0.278357/67.569062] [  50/0.232798]
  0  10 150, 0.264290 [0.366690/67.530411] [ 100/0.232798]
  0  10 200, 0.267475 [0.378580/67.493622] [ 150/0.232798]
  0  10 250, 0.256093 [0.258610/67.454267] [ 200/0.232798]
  0  10 300, 0.270816 [0.337934/67.416544] [ 250/0.232798]
  0  10 350, 0.300237 [0.447906/67.381531] [ 300/0.232798]
Epoch 10 done. Evaluation:
(45435, 50000)
(7863, 10000)
  0  11  50, 0.206399 [0.291546/67.308074] [   0/0.206399]
  0  11 100, 0.212715 [0.348029/67.266605] [  50/0.206399]
  0  11 150, 0.235498 [0.327625/67.231355] [ 100/0.206399]
  0  11 200, 0.249165 [0.371015/67.196679] [ 150/0.206399]
  0  11 250, 0.247392 [0.366032/67.164277] [ 200/0.206399]
  0  11 300, 0.273599 [0.264040/67.130769] [ 250/0.206399]
  0  11 350, 0.254986 [0.274943/67.093535] [ 300/0.206399]
Epoch 11 done. Evaluation:
(45732, 50000)
(7905, 10000)
  0  12  50, 0.183148 [0.292257/67.025193] [   0/0.183148]
  0  12 100, 0.208132 [0.340694/66.987557] [  50/0.183148]
  0  12 150, 0.218219 [0.341546/66.952119] [ 100/0.183148]
  0  12 200, 0.225412 [0.355658/66.917431] [ 150/0.183148]
  0  12 250, 0.227880 [0.312863/66.883297] [ 200/0.183148]
  0  12 300, 0.244701 [0.251784/66.851627] [ 250/0.183148]
  0  12 350, 0.228564 [0.343945/66.816049] [ 300/0.183148]
Epoch 12 done. Evaluation:
(46207, 50000)
(7608, 10000)
  0  13  50, 0.198878 [0.313149/66.751860] [ 391/0.183148]
  0  13 100, 0.187799 [0.332430/66.716437] [ 441/0.183148]
  0  13 150, 0.186755 [0.245561/66.681038] [ 491/0.183148]
  0  13 200, 0.201306 [0.340832/66.648369] [ 541/0.183148]
  0  13 250, 0.197855 [0.308550/66.615620] [ 591/0.183148]
  0  13 300, 0.232632 [0.290417/66.585467] [ 641/0.183148]
  0  13 350, 0.223465 [0.314321/66.553073] [ 691/0.183148]
Epoch 13 done. Evaluation:
(46462, 50000)
(7883, 10000)
  0  14  50, 0.158648 [0.307037/66.487731] [   0/0.158648]
  0  14 100, 0.176943 [0.415235/66.454198] [  50/0.158648]
  0  14 150, 0.160803 [0.290651/66.418610] [ 100/0.158648]
  0  14 200, 0.189889 [0.294160/66.388458] [ 150/0.158648]
  0  14 250, 0.187521 [0.309670/66.357686] [ 200/0.158648]
  0  14 300, 0.193982 [0.328558/66.327350] [ 250/0.158648]
  0  14 350, 0.210258 [0.392519/66.299453] [ 300/0.158648]
Epoch 14 done. Evaluation:
(46729, 50000)
(7472, 10000)
  0  15  50, 0.153023 [0.330866/66.240229] [   0/0.153023]
  0  15 100, 0.162439 [0.420097/66.208620] [  50/0.153023]
  0  15 150, 0.163731 [0.331231/66.174730] [ 100/0.153023]
  0  15 200, 0.179920 [0.334852/66.143342] [ 150/0.153023]
  0  15 250, 0.175934 [0.341889/66.114251] [ 200/0.153023]
  0  15 300, 0.212871 [0.533535/66.091924] [ 250/0.153023]
  0  15 350, 0.196006 [0.300535/66.063371] [ 300/0.153023]
Epoch 15 done. Evaluation:
(46816, 50000)
(7716, 10000)
  0  16  50, 0.148219 [0.279528/66.008110] [   0/0.148219]
  0  16 100, 0.153736 [0.319013/65.973316] [  50/0.148219]
  0  16 150, 0.148086 [0.190909/65.937983] [   0/0.148086]
  0  16 200, 0.171944 [0.277399/65.910859] [  50/0.148086]
  0  16 250, 0.178284 [0.311177/65.884229] [ 100/0.148086]
  0  16 300, 0.173746 [0.382446/65.855363] [ 150/0.148086]
  0  16 350, 0.172512 [0.303019/65.826914] [ 200/0.148086]
Epoch 16 done. Evaluation:
(47104, 50000)
(7836, 10000)
  0  17  50, 0.132130 [0.303882/65.771185] [   0/0.132130]
  0  17 100, 0.135475 [0.377078/65.737385] [  50/0.132130]
  0  17 150, 0.146980 [0.287805/65.706692] [ 100/0.132130]
  0  17 200, 0.149344 [0.361849/65.678299] [ 150/0.132130]
  0  17 250, 0.160133 [0.349428/65.650174] [ 200/0.132130]
  0  17 300, 0.173823 [0.293924/65.623135] [ 250/0.132130]
  0  17 350, 0.164378 [0.212331/65.596908] [ 300/0.132130]
Epoch 17 done. Evaluation:
(47322, 50000)
(7992, 10000)
  0  18  50, 0.110833 [0.322637/65.535359] [   0/0.110833]
  0  18 100, 0.124360 [0.294204/65.500297] [  50/0.110833]
  0  18 150, 0.138422 [0.442915/65.471697] [ 100/0.110833]
  0  18 200, 0.153822 [0.319405/65.446049] [ 150/0.110833]
  0  18 250, 0.142942 [0.367754/65.417834] [ 200/0.110833]
  0  18 300, 0.149860 [0.382648/65.393243] [ 250/0.110833]
  0  18 350, 0.169655 [0.341423/65.370683] [ 300/0.110833]
Epoch 18 done. Evaluation:
(47500, 50000)
(7591, 10000)
  0  19  50, 0.130632 [0.380162/65.322311] [ 391/0.110833]
  0  19 100, 0.124899 [0.312972/65.290308] [ 441/0.110833]
  0  19 150, 0.125620 [0.316778/65.258102] [ 491/0.110833]
  0  19 200, 0.123407 [0.367863/65.228676] [ 541/0.110833]
  0  19 250, 0.147506 [0.323594/65.203203] [ 591/0.110833]
  0  19 300, 0.126795 [0.362102/65.172058] [ 641/0.110833]
  0  19 350, 0.164056 [0.413849/65.149893] [ 691/0.110833]
Epoch 19 done. Evaluation:
(47584, 50000)
(7658, 10000)
  1   0  50, 0.096837 [0.100919/65.107186] [   0/0.096837]
  1   0 100, 0.070414 [0.111127/65.079683] [   0/0.070414]
  1   0 150, 0.058100 [0.094512/65.051624] [   0/0.058100]
  1   0 200, 0.060764 [0.152789/65.023775] [  50/0.058100]
  1   0 250, 0.056005 [0.122688/64.996267] [   0/0.056005]
  1   0 300, 0.051878 [0.085305/64.967977] [   0/0.051878]
  1   0 350, 0.056532 [0.112044/64.940350] [  50/0.051878]
Epoch 0 done. Evaluation:
(48975, 50000)
(8490, 10000)
  1   1  50, 0.031588 [0.088307/64.888725] [   0/0.031588]
  1   1 100, 0.034085 [0.129744/64.858996] [  50/0.031588]
  1   1 150, 0.035810 [0.113235/64.829779] [ 100/0.031588]
  1   1 200, 0.031028 [0.044239/64.800437] [   0/0.031028]
  1   1 250, 0.035544 [0.127282/64.771325] [  50/0.031028]
  1   1 300, 0.035438 [0.054321/64.742409] [ 100/0.031028]
  1   1 350, 0.036099 [0.057983/64.713509] [ 150/0.031028]
Epoch 1 done. Evaluation:
(49522, 50000)
(8519, 10000)
  1   2  50, 0.020745 [0.056910/64.659519] [   0/0.020745]
  1   2 100, 0.019487 [0.057089/64.628918] [   0/0.019487]
  1   2 150, 0.022983 [0.069601/64.598756] [  50/0.019487]
  1   2 200, 0.019444 [0.021585/64.568655] [   0/0.019444]
  1   2 250, 0.017614 [0.046100/64.538459] [   0/0.017614]
  1   2 300, 0.020200 [0.047500/64.508765] [  50/0.017614]
  1   2 350, 0.018951 [0.049088/64.479085] [ 100/0.017614]
Epoch 2 done. Evaluation:
(49750, 50000)
(8444, 10000)
  1   3  50, 0.016377 [0.066176/64.424781] [   0/0.016377]
  1   3 100, 0.016229 [0.091961/64.394547] [   0/0.016229]
  1   3 150, 0.013660 [0.048822/64.364125] [   0/0.013660]
  1   3 200, 0.017398 [0.054496/64.334271] [  50/0.013660]
  1   3 250, 0.014183 [0.077843/64.304223] [ 100/0.013660]
  1   3 300, 0.016712 [0.038505/64.274547] [ 150/0.013660]
  1   3 350, 0.016733 [0.030811/64.245026] [ 200/0.013660]
Epoch 3 done. Evaluation:
(49807, 50000)
(8544, 10000)
  1   4  50, 0.009470 [0.046323/64.190158] [   0/0.009470]
  1   4 100, 0.011188 [0.028083/64.159806] [  50/0.009470]
  1   4 150, 0.014666 [0.008996/64.130124] [ 100/0.009470]
  1   4 200, 0.008643 [0.037974/64.099586] [   0/0.008643]
  1   4 250, 0.009844 [0.059737/64.069299] [  50/0.008643]
  1   4 300, 0.009737 [0.031921/64.039097] [ 100/0.008643]
  1   4 350, 0.007517 [0.016138/64.008522] [   0/0.007517]
Epoch 4 done. Evaluation:
(49890, 50000)
(8426, 10000)
  1   5  50, 0.008580 [0.106942/63.954266] [  91/0.007517]
  1   5 100, 0.008497 [0.027932/63.924164] [ 141/0.007517]
  1   5 150, 0.008088 [0.029819/63.893895] [ 191/0.007517]
  1   5 200, 0.007677 [0.030257/63.863766] [ 241/0.007517]
  1   5 250, 0.008012 [0.007918/63.833617] [ 291/0.007517]
  1   5 300, 0.006720 [0.013521/63.803343] [   0/0.006720]
  1   5 350, 0.007149 [0.018373/63.773272] [  50/0.006720]
Epoch 5 done. Evaluation:
(49934, 50000)
(8548, 10000)
  1   6  50, 0.006087 [0.029588/63.718535] [   0/0.006087]
  1   6 100, 0.008837 [0.023801/63.688843] [  50/0.006087]
  1   6 150, 0.005478 [0.009174/63.658611] [   0/0.005478]
  1   6 200, 0.004673 [0.009182/63.628235] [   0/0.004673]
  1   6 250, 0.006215 [0.021918/63.598385] [  50/0.004673]
  1   6 300, 0.008054 [0.045501/63.568762] [ 100/0.004673]
  1   6 350, 0.006581 [0.006747/63.539068] [ 150/0.004673]
Epoch 6 done. Evaluation:
(49948, 50000)
(8565, 10000)
  1   7  50, 0.004294 [0.005873/63.484267] [   0/0.004294]
  1   7 100, 0.004756 [0.012297/63.454349] [  50/0.004294]
  1   7 150, 0.003826 [0.007881/63.424151] [   0/0.003826]
  1   7 200, 0.004766 [0.015188/63.394339] [  50/0.003826]
  1   7 250, 0.003937 [0.015732/63.364396] [ 100/0.003826]
  1   7 300, 0.004525 [0.019169/63.334593] [ 150/0.003826]
  1   7 350, 0.004684 [0.100417/63.304982] [ 200/0.003826]
Epoch 7 done. Evaluation:
(49977, 50000)
(8563, 10000)
  1   8  50, 0.004081 [0.054216/63.251076] [ 291/0.003826]
  1   8 100, 0.003608 [0.027569/63.221315] [   0/0.003608]
  1   8 150, 0.004366 [0.013816/63.191861] [  50/0.003608]
  1   8 200, 0.004084 [0.063009/63.162213] [ 100/0.003608]
  1   8 250, 0.005012 [0.028115/63.132989] [ 150/0.003608]
  1   8 300, 0.003541 [0.007471/63.103420] [   0/0.003541]
  1   8 350, 0.003402 [0.008920/63.073905] [   0/0.003402]
Epoch 8 done. Evaluation:
(49975, 50000)
(8539, 10000)
  1   9  50, 0.003130 [0.011611/63.020511] [   0/0.003130]
  1   9 100, 0.002776 [0.029974/62.990991] [   0/0.002776]
  1   9 150, 0.003783 [0.011713/62.961953] [  50/0.002776]
  1   9 200, 0.004114 [0.017866/62.933111] [ 100/0.002776]
  1   9 250, 0.003283 [0.031395/62.903908] [ 150/0.002776]
  1   9 300, 0.004537 [0.039439/62.875201] [ 200/0.002776]
  1   9 350, 0.004358 [0.018870/62.846497] [ 250/0.002776]
Epoch 9 done. Evaluation:
(49976, 50000)
(8459, 10000)
  1  10  50, 0.004090 [0.008620/62.794196] [ 341/0.002776]
  1  10 100, 0.003139 [0.009228/62.765236] [ 391/0.002776]
  1  10 150, 0.005154 [0.008271/62.736913] [ 441/0.002776]
  1  10 200, 0.003946 [0.076098/62.708399] [ 491/0.002776]
  1  10 250, 0.003919 [0.022882/62.679909] [ 541/0.002776]
  1  10 300, 0.003976 [0.013954/62.651467] [ 591/0.002776]
  1  10 350, 0.004236 [0.018236/62.623247] [ 641/0.002776]
Epoch 10 done. Evaluation:
(49970, 50000)
(8560, 10000)
  1  11  50, 0.002610 [0.008575/62.571133] [   0/0.002610]
  1  11 100, 0.003452 [0.017346/62.542786] [  50/0.002610]
  1  11 150, 0.003443 [0.010198/62.514503] [ 100/0.002610]
  1  11 200, 0.002699 [0.072381/62.485938] [ 150/0.002610]
  1  11 250, 0.002843 [0.021679/62.457508] [ 200/0.002610]
  1  11 300, 0.002285 [0.012604/62.428922] [   0/0.002285]
  1  11 350, 0.002231 [0.009607/62.400398] [   0/0.002231]
Epoch 11 done. Evaluation:
(49987, 50000)
(8570, 10000)
  1  12  50, 0.002602 [0.139141/62.348931] [  91/0.002231]
  1  12 100, 0.002305 [0.009198/62.320536] [ 141/0.002231]
  1  12 150, 0.002787 [0.023817/62.292476] [ 191/0.002231]
  1  12 200, 0.002095 [0.003641/62.264164] [   0/0.002095]
  1  12 250, 0.002992 [0.006462/62.236267] [  50/0.002095]
  1  12 300, 0.002594 [0.088814/62.208216] [ 100/0.002095]
  1  12 350, 0.002082 [0.007257/62.180040] [   0/0.002082]
Epoch 12 done. Evaluation:
(49989, 50000)
(8571, 10000)
  1  13  50, 0.002680 [0.019183/62.129124] [  91/0.002082]
  1  13 100, 0.002208 [0.047581/62.101185] [ 141/0.002082]
  1  13 150, 0.002504 [0.036831/62.073382] [ 191/0.002082]
  1  13 200, 0.002026 [0.010050/62.045464] [   0/0.002026]
  1  13 250, 0.002243 [0.054851/62.017698] [  50/0.002026]
  1  13 300, 0.002097 [0.014658/61.989910] [ 100/0.002026]
  1  13 350, 0.002668 [0.027770/61.962510] [ 150/0.002026]
Epoch 13 done. Evaluation:
(49982, 50000)
(8549, 10000)
  1  14  50, 0.003265 [0.006272/61.913474] [ 241/0.002026]
  1  14 100, 0.002549 [0.061678/61.886069] [ 291/0.002026]
  1  14 150, 0.002502 [0.009341/61.858601] [ 341/0.002026]
  1  14 200, 0.002271 [0.004447/61.831195] [ 391/0.002026]
  1  14 250, 0.001938 [0.006568/61.803726] [   0/0.001938]
  1  14 300, 0.001970 [0.007863/61.776335] [  50/0.001938]
  1  14 350, 0.002559 [0.011326/61.749272] [ 100/0.001938]
Epoch 14 done. Evaluation:
(49988, 50000)
(8478, 10000)
  1  15  50, 0.001642 [0.004557/61.699574] [   0/0.001642]
  1  15 100, 0.001818 [0.004192/61.672265] [  50/0.001642]
  1  15 150, 0.001725 [0.011962/61.645003] [ 100/0.001642]
  1  15 200, 0.002269 [0.018762/61.618030] [ 150/0.001642]
  1  15 250, 0.002040 [0.016191/61.590964] [ 200/0.001642]
  1  15 300, 0.001483 [0.023383/61.563712] [   0/0.001483]
  1  15 350, 0.001304 [0.015646/61.536453] [   0/0.001304]
Epoch 15 done. Evaluation:
(49992, 50000)
(8544, 10000)
  1  16  50, 0.002660 [0.007945/61.488200] [  91/0.001304]
  1  16 100, 0.002065 [0.070078/61.461418] [ 141/0.001304]
  1  16 150, 0.003758 [0.013401/61.435309] [ 191/0.001304]
  1  16 200, 0.002337 [0.018833/61.408763] [ 241/0.001304]
  1  16 250, 0.002550 [0.012753/61.382368] [ 291/0.001304]
  1  16 300, 0.002723 [0.009648/61.356088] [ 341/0.001304]
  1  16 350, 0.004176 [0.008921/61.330513] [ 391/0.001304]
Epoch 16 done. Evaluation:
(49973, 50000)
(8499, 10000)
  1  17  50, 0.004459 [0.008294/61.284320] [ 482/0.001304]
  1  17 100, 0.004002 [0.135779/61.258752] [ 532/0.001304]
  1  17 150, 0.007630 [0.022882/61.235257] [ 582/0.001304]
  1  17 200, 0.022003 [0.079546/61.218467] [ 632/0.001304]
  1  17 250, 0.067886 [0.245926/61.217782] [ 682/0.001304]
  1  17 300, 0.092110 [0.234171/61.223893] [ 732/0.001304]
  1  17 350, 0.123645 [0.310862/61.231601] [ 782/0.001304]
Epoch 17 done. Evaluation:
(49105, 50000)
(7861, 10000)
  1  18  50, 0.092538 [0.346701/61.229234] [ 873/0.001304]
  1  18 100, 0.099473 [0.257616/61.226195] [ 923/0.001304]
  1  18 150, 0.088331 [0.264990/61.220812] [ 973/0.001304]
  1  18 200, 0.096634 [0.256052/61.216588] [1023/0.001304]
  1  18 250, 0.082593 [0.222547/61.208931] [1073/0.001304]
  1  18 300, 0.088150 [0.144793/61.201413] [1123/0.001304]
  1  18 350, 0.083631 [0.189602/61.192812] [1173/0.001304]
Epoch 18 done. Evaluation:
(48399, 50000)
(8291, 10000)
  1  19  50, 0.057301 [0.204565/61.171278] [1264/0.001304]
  1  19 100, 0.055148 [0.219131/61.157570] [1314/0.001304]
  1  19 150, 0.062476 [0.310896/61.144393] [1364/0.001304]
  1  19 200, 0.068723 [0.148075/61.133144] [1414/0.001304]
  1  19 250, 0.069121 [0.145749/61.121673] [1464/0.001304]
  1  19 300, 0.052830 [0.101304/61.107345] [1514/0.001304]
  1  19 350, 0.061673 [0.135056/61.093646] [1564/0.001304]
Epoch 19 done. Evaluation:
(48925, 50000)
(8127, 10000)
  2   0  50, 0.036448 [0.074989/61.073900] [1655/0.001304]
  2   0 100, 0.024495 [0.049908/61.062162] [1705/0.001304]
  2   0 150, 0.025262 [0.042873/61.050369] [1755/0.001304]
  2   0 200, 0.022309 [0.035236/61.038482] [1805/0.001304]
  2   0 250, 0.022295 [0.087806/61.026573] [1855/0.001304]
  2   0 300, 0.017549 [0.008836/61.014390] [1905/0.001304]
  2   0 350, 0.016957 [0.030464/61.002195] [1955/0.001304]
Epoch 0 done. Evaluation:
(49655, 50000)
(8489, 10000)
  2   1  50, 0.011754 [0.048494/60.979675] [2046/0.001304]
  2   1 100, 0.008119 [0.048422/60.966860] [2096/0.001304]
  2   1 150, 0.009755 [0.055008/60.954176] [2146/0.001304]
  2   1 200, 0.008540 [0.020548/60.941421] [2196/0.001304]
  2   1 250, 0.009921 [0.049893/60.928763] [2246/0.001304]
  2   1 300, 0.008860 [0.010519/60.916051] [2296/0.001304]
  2   1 350, 0.008869 [0.008326/60.903403] [2346/0.001304]
Epoch 1 done. Evaluation:
(49903, 50000)
(8556, 10000)
  2   2  50, 0.007013 [0.006766/60.880019] [2437/0.001304]
  2   2 100, 0.005089 [0.017365/60.867054] [2487/0.001304]
  2   2 150, 0.006562 [0.020858/60.854177] [2537/0.001304]
  2   2 200, 0.006143 [0.055294/60.841308] [2587/0.001304]
  2   2 250, 0.004900 [0.009329/60.828348] [2637/0.001304]
  2   2 300, 0.005356 [0.007978/60.815420] [2687/0.001304]
  2   2 350, 0.005551 [0.011607/60.802528] [2737/0.001304]
Epoch 2 done. Evaluation:
(49953, 50000)
(8563, 10000)
  2   3  50, 0.004115 [0.012374/60.778990] [2828/0.001304]
  2   3 100, 0.003089 [0.004173/60.765915] [2878/0.001304]
  2   3 150, 0.004063 [0.028988/60.752937] [2928/0.001304]
  2   3 200, 0.003731 [0.015577/60.739922] [2978/0.001304]
  2   3 250, 0.004392 [0.012123/60.726962] [3028/0.001304]
  2   3 300, 0.003383 [0.002506/60.713940] [3078/0.001304]
  2   3 350, 0.003508 [0.005731/60.700959] [3128/0.001304]
Epoch 3 done. Evaluation:
(49985, 50000)
(8605, 10000)
  2   4  50, 0.002778 [0.003991/60.677269] [3219/0.001304]
  2   4 100, 0.002975 [0.013996/60.664253] [3269/0.001304]
  2   4 150, 0.003283 [0.024760/60.651290] [3319/0.001304]
  2   4 200, 0.002984 [0.034263/60.638312] [3369/0.001304]
  2   4 250, 0.002731 [0.003837/60.625320] [3419/0.001304]
  2   4 300, 0.003019 [0.001951/60.612369] [3469/0.001304]
  2   4 350, 0.002702 [0.009744/60.599392] [3519/0.001304]
Epoch 4 done. Evaluation:
(49987, 50000)
(8570, 10000)
  2   5  50, 0.003241 [0.013681/60.575889] [3610/0.001304]
  2   5 100, 0.002811 [0.006888/60.562947] [3660/0.001304]
  2   5 150, 0.003013 [0.008349/60.550047] [3710/0.001304]
  2   5 200, 0.002849 [0.016836/60.537135] [3760/0.001304]
  2   5 250, 0.002648 [0.007288/60.524214] [3810/0.001304]
  2   5 300, 0.002335 [0.002240/60.511277] [3860/0.001304]
  2   5 350, 0.002054 [0.006888/60.498316] [3910/0.001304]
Epoch 5 done. Evaluation:
(49987, 50000)
(8605, 10000)
  2   6  50, 0.002361 [0.006799/60.474764] [4001/0.001304]
  2   6 100, 0.001900 [0.002484/60.461815] [4051/0.001304]
  2   6 150, 0.002285 [0.003162/60.448925] [4101/0.001304]
  2   6 200, 0.001929 [0.008112/60.436002] [4151/0.001304]
  2   6 250, 0.001955 [0.004233/60.423092] [4201/0.001304]
  2   6 300, 0.002060 [0.009288/60.410205] [4251/0.001304]
  2   6 350, 0.002323 [0.003411/60.397357] [4301/0.001304]
Epoch 6 done. Evaluation:
(49991, 50000)
(8612, 10000)
  2   7  50, 0.001592 [0.001075/60.373902] [4392/0.001304]
  2   7 100, 0.001863 [0.033144/60.361035] [4442/0.001304]
  2   7 150, 0.001678 [0.002885/60.348160] [4492/0.001304]
  2   7 200, 0.002080 [0.001768/60.335352] [4542/0.001304]
  2   7 250, 0.001481 [0.002750/60.322471] [4592/0.001304]
  2   7 300, 0.001699 [0.002108/60.309629] [4642/0.001304]
  2   7 350, 0.001831 [0.013057/60.296818] [4692/0.001304]
Epoch 7 done. Evaluation:
(49995, 50000)
(8588, 10000)
  2   8  50, 0.001219 [0.002089/60.273430] [   0/0.001219]
  2   8 100, 0.001473 [0.009627/60.260597] [  50/0.001219]
  2   8 150, 0.001366 [0.006195/60.247777] [ 100/0.001219]
  2   8 200, 0.001136 [0.002066/60.234927] [   0/0.001136]
  2   8 250, 0.001231 [0.002646/60.222102] [  50/0.001136]
  2   8 300, 0.001454 [0.006939/60.209316] [ 100/0.001136]
  2   8 350, 0.001066 [0.004164/60.196496] [   0/0.001066]
Epoch 8 done. Evaluation:
(49999, 50000)
(8607, 10000)
  2   9  50, 0.001247 [0.002590/60.173233] [  91/0.001066]
  2   9 100, 0.000922 [0.002345/60.160424] [   0/0.000922]
  2   9 150, 0.001286 [0.002164/60.147668] [  50/0.000922]
  2   9 200, 0.001179 [0.002745/60.134917] [ 100/0.000922]
  2   9 250, 0.001039 [0.002591/60.122160] [ 150/0.000922]
  2   9 300, 0.001161 [0.004943/60.109428] [ 200/0.000922]
  2   9 350, 0.001234 [0.009763/60.096717] [ 250/0.000922]
Epoch 9 done. Evaluation:
(49998, 50000)
(8606, 10000)
  2  10  50, 0.000841 [0.001901/60.073542] [   0/0.000841]
  2  10 100, 0.001050 [0.002984/60.060831] [  50/0.000841]
  2  10 150, 0.001081 [0.001748/60.048136] [ 100/0.000841]
  2  10 200, 0.000992 [0.009311/60.035446] [ 150/0.000841]
  2  10 250, 0.001001 [0.002708/60.022769] [ 200/0.000841]
  2  10 300, 0.000933 [0.003735/60.010091] [ 250/0.000841]
  2  10 350, 0.001198 [0.002161/59.997458] [ 300/0.000841]
Epoch 10 done. Evaluation:
(49999, 50000)
(8621, 10000)
  2  11  50, 0.000939 [0.001321/59.974432] [ 391/0.000841]
  2  11 100, 0.000859 [0.001249/59.961786] [ 441/0.000841]
  2  11 150, 0.000847 [0.003995/59.949147] [ 491/0.000841]
  2  11 200, 0.000826 [0.001071/59.936520] [   0/0.000826]
  2  11 250, 0.001184 [0.001490/59.923959] [  50/0.000826]
  2  11 300, 0.000881 [0.006364/59.911364] [ 100/0.000826]
  2  11 350, 0.000949 [0.001895/59.898786] [ 150/0.000826]
Epoch 11 done. Evaluation:
(50000, 50000)
(8603, 10000)
  2  12  50, 0.000830 [0.002754/59.875896] [ 241/0.000826]
  2  12 100, 0.001016 [0.001523/59.863357] [ 291/0.000826]
  2  12 150, 0.000797 [0.001491/59.850794] [   0/0.000797]
  2  12 200, 0.000957 [0.000969/59.838272] [  50/0.000797]
  2  12 250, 0.001022 [0.002246/59.825759] [ 100/0.000797]
  2  12 300, 0.000704 [0.001208/59.813219] [   0/0.000704]
  2  12 350, 0.001205 [0.000959/59.800753] [  50/0.000704]
Epoch 12 done. Evaluation:
(49999, 50000)
(8606, 10000)
  2  13  50, 0.000948 [0.003508/59.778047] [ 141/0.000704]
  2  13 100, 0.000835 [0.001016/59.765563] [ 191/0.000704]
  2  13 150, 0.000738 [0.002975/59.753078] [ 241/0.000704]
  2  13 200, 0.000931 [0.013558/59.740629] [ 291/0.000704]
  2  13 250, 0.000913 [0.002138/59.728195] [ 341/0.000704]
  2  13 300, 0.000862 [0.001053/59.715763] [ 391/0.000704]
  2  13 350, 0.000911 [0.007223/59.703347] [ 441/0.000704]
Epoch 13 done. Evaluation:
(50000, 50000)
(8615, 10000)
  2  14  50, 0.000809 [0.001475/59.680741] [ 532/0.000704]
  2  14 100, 0.000674 [0.001857/59.668318] [   0/0.000674]
  2  14 150, 0.000752 [0.000928/59.655916] [  50/0.000674]
  2  14 200, 0.000761 [0.008898/59.643528] [ 100/0.000674]
  2  14 250, 0.000734 [0.001221/59.631149] [ 150/0.000674]
  2  14 300, 0.000610 [0.001012/59.618757] [   0/0.000610]
  2  14 350, 0.000865 [0.001521/59.606421] [  50/0.000610]
Epoch 14 done. Evaluation:
(50000, 50000)
(8612, 10000)
  2  15  50, 0.000722 [0.000945/59.583969] [ 141/0.000610]
  2  15 100, 0.000700 [0.002349/59.571636] [ 191/0.000610]
  2  15 150, 0.000771 [0.000893/59.559319] [ 241/0.000610]
  2  15 200, 0.000629 [0.002991/59.546988] [ 291/0.000610]
  2  15 250, 0.000647 [0.000617/59.534672] [ 341/0.000610]
  2  15 300, 0.000687 [0.000764/59.522378] [ 391/0.000610]
  2  15 350, 0.000678 [0.001757/59.510092] [ 441/0.000610]
Epoch 15 done. Evaluation:
(50000, 50000)
(8624, 10000)
  2  16  50, 0.000658 [0.003269/59.487755] [ 532/0.000610]
  2  16 100, 0.000813 [0.001179/59.475517] [ 582/0.000610]
  2  16 150, 0.000673 [0.001235/59.463266] [ 632/0.000610]
  2  16 200, 0.000647 [0.000494/59.451017] [ 682/0.000610]
  2  16 250, 0.000783 [0.001887/59.438800] [ 732/0.000610]
  2  16 300, 0.000726 [0.000992/59.426588] [ 782/0.000610]
  2  16 350, 0.000603 [0.006672/59.414371] [   0/0.000603]
Epoch 16 done. Evaluation:
(50000, 50000)
(8619, 10000)
  2  17  50, 0.000661 [0.002756/59.392153] [  91/0.000603]
  2  17 100, 0.000631 [0.002245/59.379964] [ 141/0.000603]
  2  17 150, 0.000662 [0.001708/59.367792] [ 191/0.000603]
  2  17 200, 0.000623 [0.001563/59.355618] [ 241/0.000603]
  2  17 250, 0.000834 [0.001509/59.343491] [ 291/0.000603]
  2  17 300, 0.000565 [0.006311/59.331335] [   0/0.000565]
  2  17 350, 0.000614 [0.000791/59.319194] [  50/0.000565]
Epoch 17 done. Evaluation:
(50000, 50000)
(8627, 10000)
  2  18  50, 0.001234 [0.003707/59.297235] [ 141/0.000565]
  2  18 100, 0.000720 [0.008254/59.285139] [ 191/0.000565]
  2  18 150, 0.000714 [0.001513/59.273046] [ 241/0.000565]
  2  18 200, 0.000659 [0.003505/59.260962] [ 291/0.000565]
  2  18 250, 0.000662 [0.001123/59.248888] [ 341/0.000565]
  2  18 300, 0.000602 [0.001558/59.236811] [ 391/0.000565]
  2  18 350, 0.000618 [0.002974/59.224746] [ 441/0.000565]
Epoch 18 done. Evaluation:
(49998, 50000)
(8608, 10000)
  2  19  50, 0.000640 [0.004886/59.202823] [ 532/0.000565]
  2  19 100, 0.000667 [0.000989/59.190799] [ 582/0.000565]
  2  19 150, 0.000719 [0.005066/59.178791] [ 632/0.000565]
  2  19 200, 0.000617 [0.000975/59.166777] [ 682/0.000565]
  2  19 250, 0.000575 [0.005261/59.154764] [ 732/0.000565]
  2  19 300, 0.000677 [0.003195/59.142778] [ 782/0.000565]
  2  19 350, 0.000602 [0.005152/59.130793] [ 832/0.000565]
Epoch 19 done. Evaluation:
(50000, 50000)
(8618, 10000)
  3   0  50, 0.000583 [0.000504/59.114963] [ 923/0.000565]
  3   0 100, 0.000498 [0.001009/59.108971] [   0/0.000498]
  3   0 150, 0.000498 [0.002865/59.102978] [   0/0.000498]
  3   0 200, 0.000481 [0.001109/59.096987] [   0/0.000481]
  3   0 250, 0.000507 [0.001043/59.091003] [  50/0.000481]
  3   0 300, 0.000593 [0.000824/59.085024] [ 100/0.000481]
  3   0 350, 0.000624 [0.006078/59.079052] [ 150/0.000481]
Epoch 0 done. Evaluation:
(50000, 50000)
(8619, 10000)
  3   1  50, 0.000497 [0.001241/59.068175] [ 241/0.000481]
  3   1 100, 0.000493 [0.000543/59.062200] [ 291/0.000481]
  3   1 150, 0.000589 [0.000670/59.056234] [ 341/0.000481]
  3   1 200, 0.000571 [0.002123/59.050268] [ 391/0.000481]
  3   1 250, 0.000694 [0.000609/59.044310] [ 441/0.000481]
  3   1 300, 0.000619 [0.000500/59.038351] [ 491/0.000481]
  3   1 350, 0.000565 [0.000354/59.032392] [ 541/0.000481]
Epoch 1 done. Evaluation:
(49999, 50000)
(8621, 10000)
  3   2  50, 0.000522 [0.000500/59.021553] [ 632/0.000481]
  3   2 100, 0.000529 [0.000570/59.015603] [ 682/0.000481]
  3   2 150, 0.000800 [0.001480/59.009663] [ 732/0.000481]
  3   2 200, 0.000529 [0.000701/59.003714] [ 782/0.000481]
  3   2 250, 0.000601 [0.002773/58.997772] [ 832/0.000481]
  3   2 300, 0.000520 [0.000590/58.991825] [ 882/0.000481]
  3   2 350, 0.000482 [0.001299/58.985879] [ 932/0.000481]
Epoch 2 done. Evaluation:
(50000, 50000)
(8615, 10000)
  3   3  50, 0.000395 [0.000627/58.975055] [   0/0.000395]
  3   3 100, 0.000442 [0.000528/58.969112] [  50/0.000395]
  3   3 150, 0.000480 [0.000499/58.963176] [ 100/0.000395]
  3   3 200, 0.000492 [0.001232/58.957243] [ 150/0.000395]
  3   3 250, 0.000464 [0.000620/58.951308] [ 200/0.000395]
  3   3 300, 0.000459 [0.000928/58.945376] [ 250/0.000395]
  3   3 350, 0.000461 [0.000591/58.939447] [ 300/0.000395]
Epoch 3 done. Evaluation:
(50000, 50000)
(8607, 10000)
  3   4  50, 0.000478 [0.000389/58.928661] [ 391/0.000395]
  3   4 100, 0.000532 [0.002196/58.922744] [ 441/0.000395]
  3   4 150, 0.000442 [0.000542/58.916823] [ 491/0.000395]
  3   4 200, 0.000485 [0.000770/58.910905] [ 541/0.000395]
  3   4 250, 0.000515 [0.000656/58.904993] [ 591/0.000395]
  3   4 300, 0.000496 [0.000345/58.899083] [ 641/0.000395]
  3   4 350, 0.000706 [0.000315/58.893184] [ 691/0.000395]
Epoch 4 done. Evaluation:
(49999, 50000)
(8603, 10000)
  3   5  50, 0.000400 [0.000726/58.882430] [ 782/0.000395]
  3   5 100, 0.000478 [0.001446/58.876528] [ 832/0.000395]
  3   5 150, 0.000527 [0.001367/58.870631] [ 882/0.000395]
  3   5 200, 0.000446 [0.001847/58.864732] [ 932/0.000395]
  3   5 250, 0.000458 [0.000442/58.858831] [ 982/0.000395]
  3   5 300, 0.000509 [0.000645/58.852942] [1032/0.000395]
  3   5 350, 0.000486 [0.000698/58.847049] [1082/0.000395]
Epoch 5 done. Evaluation:
(50000, 50000)
(8611, 10000)
  3   6  50, 0.000430 [0.001105/58.836329] [1173/0.000395]
  3   6 100, 0.000505 [0.000304/58.830446] [1223/0.000395]
  3   6 150, 0.000391 [0.000983/58.824558] [   0/0.000391]
  3   6 200, 0.000400 [0.000357/58.818669] [  50/0.000391]
  3   6 250, 0.000467 [0.002293/58.812791] [ 100/0.000391]
  3   6 300, 0.000528 [0.000538/58.806920] [ 150/0.000391]
  3   6 350, 0.000503 [0.001452/58.801051] [ 200/0.000391]
Epoch 6 done. Evaluation:
(50000, 50000)
(8605, 10000)
  3   7  50, 0.000430 [0.000364/58.790358] [ 291/0.000391]
  3   7 100, 0.000498 [0.000332/58.784493] [ 341/0.000391]
  3   7 150, 0.000519 [0.000610/58.778629] [ 391/0.000391]
  3   7 200, 0.000462 [0.000381/58.772766] [ 441/0.000391]
  3   7 250, 0.000506 [0.001554/58.766910] [ 491/0.000391]
  3   7 300, 0.000401 [0.000617/58.761046] [ 541/0.000391]
  3   7 350, 0.000410 [0.000872/58.755185] [ 591/0.000391]
Epoch 7 done. Evaluation:
(50000, 50000)
(8613, 10000)
  3   8  50, 0.000387 [0.000269/58.744525] [   0/0.000387]
  3   8 100, 0.000433 [0.001549/58.738674] [  50/0.000387]
  3   8 150, 0.000476 [0.012821/58.732824] [ 100/0.000387]
  3   8 200, 0.000421 [0.001497/58.726977] [ 150/0.000387]
  3   8 250, 0.000512 [0.000581/58.721136] [ 200/0.000387]
  3   8 300, 0.000391 [0.000934/58.715290] [ 250/0.000387]
  3   8 350, 0.000386 [0.000513/58.709444] [   0/0.000386]
Epoch 8 done. Evaluation:
(50000, 50000)
(8622, 10000)
  3   9  50, 0.000491 [0.000677/58.698823] [  91/0.000386]
  3   9 100, 0.000493 [0.000384/58.692990] [ 141/0.000386]
  3   9 150, 0.000416 [0.000290/58.687156] [ 191/0.000386]
  3   9 200, 0.000533 [0.000370/58.681332] [ 241/0.000386]
  3   9 250, 0.000489 [0.001009/58.675507] [ 291/0.000386]
  3   9 300, 0.000447 [0.000485/58.669683] [ 341/0.000386]
  3   9 350, 0.000525 [0.001674/58.663866] [ 391/0.000386]
Epoch 9 done. Evaluation:
(50000, 50000)
(8619, 10000)
  3  10  50, 0.000374 [0.000504/58.653270] [   0/0.000374]
  3  10 100, 0.000417 [0.000342/58.647452] [  50/0.000374]
  3  10 150, 0.000591 [0.000847/58.641645] [ 100/0.000374]
  3  10 200, 0.000465 [0.000388/58.635836] [ 150/0.000374]
  3  10 250, 0.000477 [0.000713/58.630029] [ 200/0.000374]
  3  10 300, 0.000391 [0.000320/58.624216] [ 250/0.000374]
  3  10 350, 0.000471 [0.000336/58.618414] [ 300/0.000374]
Epoch 10 done. Evaluation:
(50000, 50000)
(8604, 10000)
  3  11  50, 0.000333 [0.000734/58.607841] [   0/0.000333]
  3  11 100, 0.000338 [0.000344/58.602032] [  50/0.000333]
  3  11 150, 0.000519 [0.000396/58.596243] [ 100/0.000333]
  3  11 200, 0.000383 [0.000428/58.590443] [ 150/0.000333]
  3  11 250, 0.000424 [0.000706/58.584649] [ 200/0.000333]
  3  11 300, 0.000490 [0.000532/58.578865] [ 250/0.000333]
  3  11 350, 0.000428 [0.000368/58.573075] [ 300/0.000333]
Epoch 11 done. Evaluation:
(50000, 50000)
(8601, 10000)
  3  12  50, 0.000448 [0.000600/58.562548] [ 391/0.000333]
  3  12 100, 0.000433 [0.001667/58.556766] [ 441/0.000333]
  3  12 150, 0.000504 [0.000621/58.550991] [ 491/0.000333]
  3  12 200, 0.000401 [0.000272/58.545210] [ 541/0.000333]
  3  12 250, 0.000380 [0.001993/58.539429] [ 591/0.000333]
  3  12 300, 0.000447 [0.000562/58.533659] [ 641/0.000333]
  3  12 350, 0.000455 [0.000558/58.527885] [ 691/0.000333]
Epoch 12 done. Evaluation:
(50000, 50000)
(8601, 10000)
  3  13  50, 0.000437 [0.002169/58.517386] [ 782/0.000333]
  3  13 100, 0.000390 [0.001494/58.511618] [ 832/0.000333]
  3  13 150, 0.000420 [0.001178/58.505853] [ 882/0.000333]
  3  13 200, 0.000422 [0.000906/58.500091] [ 932/0.000333]
  3  13 250, 0.000440 [0.001015/58.494332] [ 982/0.000333]
  3  13 300, 0.000418 [0.000854/58.488575] [1032/0.000333]
  3  13 350, 0.000376 [0.000652/58.482817] [1082/0.000333]
Epoch 13 done. Evaluation:
(50000, 50000)
(8624, 10000)
  3  14  50, 0.000594 [0.003043/58.472354] [1173/0.000333]
  3  14 100, 0.000527 [0.007574/58.466611] [1223/0.000333]
  3  14 150, 0.000436 [0.000714/58.460868] [1273/0.000333]
  3  14 200, 0.000445 [0.001496/58.455127] [1323/0.000333]
  3  14 250, 0.000404 [0.000514/58.449382] [1373/0.000333]
  3  14 300, 0.000454 [0.000462/58.443645] [1423/0.000333]
  3  14 350, 0.000369 [0.001640/58.437901] [1473/0.000333]
Epoch 14 done. Evaluation:
(49999, 50000)
(8603, 10000)
  3  15  50, 0.000375 [0.000329/58.427463] [1564/0.000333]
  3  15 100, 0.000427 [0.001890/58.421732] [1614/0.000333]
  3  15 150, 0.000418 [0.000276/58.416001] [1664/0.000333]
  3  15 200, 0.000436 [0.000374/58.410276] [1714/0.000333]
  3  15 250, 0.000381 [0.001133/58.404548] [1764/0.000333]
  3  15 300, 0.000421 [0.000578/58.398825] [1814/0.000333]
  3  15 350, 0.000372 [0.000685/58.393099] [1864/0.000333]
Epoch 15 done. Evaluation:
(50000, 50000)
(8599, 10000)
  3  16  50, 0.000358 [0.000604/58.382690] [1955/0.000333]
  3  16 100, 0.000398 [0.000585/58.376973] [2005/0.000333]
  3  16 150, 0.000362 [0.000299/58.371258] [2055/0.000333]
  3  16 200, 0.000369 [0.000827/58.365542] [2105/0.000333]
  3  16 250, 0.000405 [0.000448/58.359832] [2155/0.000333]
  3  16 300, 0.000353 [0.000911/58.354119] [2205/0.000333]
  3  16 350, 0.000503 [0.001116/58.348420] [2255/0.000333]
Epoch 16 done. Evaluation:
(50000, 50000)
(8590, 10000)
  3  17  50, 0.000339 [0.001516/58.338035] [2346/0.000333]
  3  17 100, 0.000329 [0.000431/58.332328] [   0/0.000329]
  3  17 150, 0.000353 [0.000905/58.326628] [  50/0.000329]
  3  17 200, 0.000440 [0.000744/58.320937] [ 100/0.000329]
  3  17 250, 0.000384 [0.000276/58.315241] [ 150/0.000329]
  3  17 300, 0.000390 [0.000609/58.309551] [ 200/0.000329]
  3  17 350, 0.000535 [0.000335/58.303870] [ 250/0.000329]
Epoch 17 done. Evaluation:
(50000, 50000)
(8604, 10000)
  3  18  50, 0.000366 [0.000439/58.293517] [ 341/0.000329]
  3  18 100, 0.000358 [0.000729/58.287830] [ 391/0.000329]
  3  18 150, 0.000392 [0.000805/58.282148] [ 441/0.000329]
  3  18 200, 0.000440 [0.000699/58.276473] [ 491/0.000329]
  3  18 250, 0.000377 [0.000769/58.270792] [ 541/0.000329]
  3  18 300, 0.000385 [0.000584/58.265118] [ 591/0.000329]
  3  18 350, 0.000325 [0.000274/58.259438] [   0/0.000325]
Epoch 18 done. Evaluation:
(50000, 50000)
(8612, 10000)
  3  19  50, 0.000368 [0.000392/58.249119] [  91/0.000325]
  3  19 100, 0.000338 [0.001850/58.243446] [ 141/0.000325]
  3  19 150, 0.000361 [0.000512/58.237781] [ 191/0.000325]
  3  19 200, 0.000402 [0.000457/58.232116] [ 241/0.000325]
  3  19 250, 0.000371 [0.000882/58.226453] [ 291/0.000325]
  3  19 300, 0.000356 [0.000415/58.220795] [ 341/0.000325]
  3  19 350, 0.000364 [0.000680/58.215136] [ 391/0.000325]
Epoch 19 done. Evaluation:
(50000, 50000)
(8615, 10000)
  4   0  50, 0.000339 [0.000423/58.207665] [ 482/0.000325]
  4   0 100, 0.000335 [0.000206/58.204839] [ 532/0.000325]
  4   0 150, 0.000352 [0.000176/58.202010] [ 582/0.000325]
  4   0 200, 0.000335 [0.000239/58.199182] [ 632/0.000325]
  4   0 250, 0.000366 [0.000320/58.196358] [ 682/0.000325]
  4   0 300, 0.000344 [0.000196/58.193533] [ 732/0.000325]
  4   0 350, 0.000365 [0.000487/58.190708] [ 782/0.000325]
Epoch 0 done. Evaluation:
(50000, 50000)
(8611, 10000)
  4   1  50, 0.000346 [0.000368/58.185571] [ 873/0.000325]
  4   1 100, 0.000383 [0.004809/58.182748] [ 923/0.000325]
  4   1 150, 0.000378 [0.000708/58.179926] [ 973/0.000325]
  4   1 200, 0.000325 [0.000301/58.177104] [   0/0.000325]
  4   1 250, 0.000289 [0.001209/58.174278] [   0/0.000289]
  4   1 300, 0.000298 [0.000245/58.171455] [  50/0.000289]
  4   1 350, 0.000386 [0.000148/58.168635] [ 100/0.000289]
Epoch 1 done. Evaluation:
(49999, 50000)
(8592, 10000)
  4   2  50, 0.000388 [0.000223/58.163508] [ 191/0.000289]
  4   2 100, 0.000346 [0.000182/58.160690] [ 241/0.000289]
  4   2 150, 0.000329 [0.000805/58.157872] [ 291/0.000289]
  4   2 200, 0.000334 [0.000353/58.155052] [ 341/0.000289]
  4   2 250, 0.000314 [0.000159/58.152232] [ 391/0.000289]
  4   2 300, 0.000345 [0.000376/58.149411] [ 441/0.000289]
  4   2 350, 0.000325 [0.000148/58.146595] [ 491/0.000289]
Epoch 2 done. Evaluation:
(50000, 50000)
(8614, 10000)
  4   3  50, 0.000291 [0.000278/58.141466] [ 582/0.000289]
  4   3 100, 0.000357 [0.000420/58.138652] [ 632/0.000289]
  4   3 150, 0.000333 [0.000311/58.135837] [ 682/0.000289]
  4   3 200, 0.000337 [0.000360/58.133021] [ 732/0.000289]
  4   3 250, 0.000358 [0.000146/58.130208] [ 782/0.000289]
  4   3 300, 0.000402 [0.000506/58.127396] [ 832/0.000289]
  4   3 350, 0.000307 [0.000757/58.124579] [ 882/0.000289]
Epoch 3 done. Evaluation:
(50000, 50000)
(8602, 10000)
  4   4  50, 0.000346 [0.000343/58.119463] [ 973/0.000289]
  4   4 100, 0.000372 [0.000240/58.116652] [1023/0.000289]
  4   4 150, 0.000349 [0.000401/58.113840] [1073/0.000289]
  4   4 200, 0.000364 [0.000847/58.111030] [1123/0.000289]
  4   4 250, 0.000411 [0.000155/58.108224] [1173/0.000289]
  4   4 300, 0.000389 [0.000404/58.105415] [1223/0.000289]
  4   4 350, 0.000294 [0.000212/58.102603] [1273/0.000289]
Epoch 4 done. Evaluation:
(50000, 50000)
(8616, 10000)
  4   5  50, 0.000323 [0.000246/58.097490] [1364/0.000289]
  4   5 100, 0.000308 [0.000183/58.094682] [1414/0.000289]
  4   5 150, 0.000324 [0.000197/58.091875] [1464/0.000289]
  4   5 200, 0.000367 [0.000421/58.089068] [1514/0.000289]
  4   5 250, 0.000320 [0.000564/58.086263] [1564/0.000289]
  4   5 300, 0.000254 [0.000152/58.083453] [   0/0.000254]
  4   5 350, 0.000304 [0.000255/58.080645] [  50/0.000254]
Epoch 5 done. Evaluation:
(50000, 50000)
(8616, 10000)
  4   6  50, 0.000401 [0.000216/58.075544] [ 141/0.000254]
  4   6 100, 0.000301 [0.000267/58.072738] [ 191/0.000254]
  4   6 150, 0.000489 [0.000240/58.069941] [ 241/0.000254]
  4   6 200, 0.000327 [0.000475/58.067137] [ 291/0.000254]
  4   6 250, 0.000303 [0.000200/58.064333] [ 341/0.000254]
  4   6 300, 0.000288 [0.000303/58.061530] [ 391/0.000254]
  4   6 350, 0.000295 [0.000211/58.058726] [ 441/0.000254]
Epoch 6 done. Evaluation:
(50000, 50000)
(8604, 10000)
  4   7  50, 0.000342 [0.001981/58.053632] [ 532/0.000254]
  4   7 100, 0.000349 [0.000243/58.050831] [ 582/0.000254]
  4   7 150, 0.000376 [0.000199/58.048032] [ 632/0.000254]
  4   7 200, 0.000365 [0.000503/58.045234] [ 682/0.000254]
  4   7 250, 0.000337 [0.000173/58.042437] [ 732/0.000254]
  4   7 300, 0.000348 [0.000258/58.039640] [ 782/0.000254]
  4   7 350, 0.000295 [0.000421/58.036841] [ 832/0.000254]
Epoch 7 done. Evaluation:
(50000, 50000)
(8617, 10000)
  4   8  50, 0.000316 [0.000558/58.031749] [ 923/0.000254]
  4   8 100, 0.000318 [0.000669/58.028953] [ 973/0.000254]
  4   8 150, 0.000367 [0.000647/58.026159] [1023/0.000254]
  4   8 200, 0.000397 [0.000255/58.023370] [1073/0.000254]
  4   8 250, 0.000324 [0.000307/58.020573] [1123/0.000254]
  4   8 300, 0.000280 [0.000400/58.017776] [1173/0.000254]
  4   8 350, 0.000391 [0.000187/58.014985] [1223/0.000254]
Epoch 8 done. Evaluation:
(50000, 50000)
(8611, 10000)
  4   9  50, 0.000266 [0.000197/58.009900] [1314/0.000254]
  4   9 100, 0.000405 [0.000181/58.007110] [1364/0.000254]
  4   9 150, 0.000330 [0.000165/58.004317] [1414/0.000254]
  4   9 200, 0.000334 [0.000247/58.001525] [1464/0.000254]
  4   9 250, 0.000323 [0.000154/57.998735] [1514/0.000254]
  4   9 300, 0.000348 [0.000244/57.995946] [1564/0.000254]
  4   9 350, 0.000292 [0.000436/57.993156] [1614/0.000254]
Epoch 9 done. Evaluation:
(50000, 50000)
(8603, 10000)
  4  10  50, 0.000374 [0.000192/57.988081] [1705/0.000254]
  4  10 100, 0.000391 [0.000325/57.985296] [1755/0.000254]
  4  10 150, 0.000302 [0.000167/57.982506] [1805/0.000254]
  4  10 200, 0.000343 [0.000921/57.979723] [1855/0.000254]
  4  10 250, 0.000363 [0.000711/57.976937] [1905/0.000254]
  4  10 300, 0.000356 [0.000217/57.974152] [1955/0.000254]
  4  10 350, 0.000303 [0.000388/57.971365] [2005/0.000254]
Epoch 10 done. Evaluation:
(50000, 50000)
(8596, 10000)
  4  11  50, 0.000327 [0.000432/57.966299] [2096/0.000254]
  4  11 100, 0.000386 [0.000330/57.963514] [2146/0.000254]
  4  11 150, 0.000281 [0.000172/57.960730] [2196/0.000254]
  4  11 200, 0.000331 [0.000278/57.957947] [2246/0.000254]
  4  11 250, 0.000314 [0.000176/57.955166] [2296/0.000254]
  4  11 300, 0.000302 [0.002405/57.952381] [2346/0.000254]
  4  11 350, 0.000326 [0.000239/57.949600] [2396/0.000254]
Epoch 11 done. Evaluation:
(50000, 50000)
(8612, 10000)
  4  12  50, 0.000312 [0.000251/57.944537] [2487/0.000254]
  4  12 100, 0.000317 [0.000601/57.941757] [2537/0.000254]
  4  12 150, 0.000309 [0.000559/57.938976] [2587/0.000254]
  4  12 200, 0.000302 [0.000215/57.936196] [2637/0.000254]
  4  12 250, 0.000315 [0.000254/57.933417] [2687/0.000254]
  4  12 300, 0.000363 [0.000505/57.930641] [2737/0.000254]
  4  12 350, 0.000294 [0.000319/57.927862] [2787/0.000254]
Epoch 12 done. Evaluation:
(50000, 50000)
(8605, 10000)
  4  13  50, 0.000335 [0.001018/57.922809] [2878/0.000254]
  4  13 100, 0.000313 [0.000204/57.920031] [2928/0.000254]
  4  13 150, 0.000296 [0.000692/57.917252] [2978/0.000254]
  4  13 200, 0.000300 [0.000490/57.914478] [3028/0.000254]
  4  13 250, 0.000291 [0.000229/57.911701] [3078/0.000254]
  4  13 300, 0.000316 [0.000369/57.908928] [3128/0.000254]
  4  13 350, 0.000299 [0.000193/57.906152] [3178/0.000254]
Epoch 13 done. Evaluation:
(50000, 50000)
(8615, 10000)
  4  14  50, 0.000298 [0.000176/57.901106] [3269/0.000254]
  4  14 100, 0.000355 [0.000250/57.898333] [3319/0.000254]
  4  14 150, 0.000344 [0.000904/57.895563] [3369/0.000254]
  4  14 200, 0.000323 [0.000531/57.892792] [3419/0.000254]
  4  14 250, 0.000276 [0.000471/57.890018] [3469/0.000254]
  4  14 300, 0.000245 [0.000526/57.887245] [   0/0.000245]
  4  14 350, 0.000329 [0.000342/57.884475] [  50/0.000245]
Epoch 14 done. Evaluation:
(50000, 50000)
(8613, 10000)
  4  15  50, 0.000297 [0.000733/57.879436] [ 141/0.000245]
  4  15 100, 0.000293 [0.000218/57.876663] [ 191/0.000245]
  4  15 150, 0.000415 [0.000997/57.873900] [ 241/0.000245]
  4  15 200, 0.000315 [0.000340/57.871134] [ 291/0.000245]
  4  15 250, 0.000331 [0.000197/57.868367] [ 341/0.000245]
  4  15 300, 0.000317 [0.000792/57.865602] [ 391/0.000245]
  4  15 350, 0.000300 [0.000233/57.862834] [ 441/0.000245]
Epoch 15 done. Evaluation:
(50000, 50000)
(8598, 10000)
  4  16  50, 0.000292 [0.000378/57.857799] [ 532/0.000245]
  4  16 100, 0.000284 [0.000362/57.855033] [ 582/0.000245]
  4  16 150, 0.000268 [0.000701/57.852266] [ 632/0.000245]
  4  16 200, 0.000321 [0.000196/57.849502] [ 682/0.000245]
  4  16 250, 0.000304 [0.000334/57.846737] [ 732/0.000245]
  4  16 300, 0.000254 [0.000258/57.843975] [ 782/0.000245]
  4  16 350, 0.000268 [0.000161/57.841211] [ 832/0.000245]
Epoch 16 done. Evaluation:
(50000, 50000)
(8623, 10000)
  4  17  50, 0.000340 [0.000198/57.836181] [ 923/0.000245]
  4  17 100, 0.000303 [0.000236/57.833420] [ 973/0.000245]
  4  17 150, 0.000284 [0.000183/57.830660] [1023/0.000245]
  4  17 200, 0.000237 [0.000447/57.827897] [   0/0.000237]
  4  17 250, 0.000319 [0.000425/57.825135] [  50/0.000237]
  4  17 300, 0.000360 [0.000416/57.822380] [ 100/0.000237]
  4  17 350, 0.000289 [0.000248/57.819622] [ 150/0.000237]
Epoch 17 done. Evaluation:
(50000, 50000)
(8610, 10000)
  4  18  50, 0.000273 [0.000243/57.814602] [ 241/0.000237]
  4  18 100, 0.000308 [0.000834/57.811842] [ 291/0.000237]
  4  18 150, 0.000330 [0.000647/57.809086] [ 341/0.000237]
  4  18 200, 0.000315 [0.000266/57.806330] [ 391/0.000237]
  4  18 250, 0.000272 [0.000208/57.803575] [ 441/0.000237]
  4  18 300, 0.000292 [0.000217/57.800817] [ 491/0.000237]
  4  18 350, 0.000295 [0.000230/57.798060] [ 541/0.000237]
Epoch 18 done. Evaluation:
(50000, 50000)
(8606, 10000)
  4  19  50, 0.000269 [0.000421/57.793049] [ 632/0.000237]
  4  19 100, 0.000295 [0.000421/57.790294] [ 682/0.000237]
  4  19 150, 0.000256 [0.000283/57.787541] [ 732/0.000237]
  4  19 200, 0.000350 [0.001006/57.784788] [ 782/0.000237]
  4  19 250, 0.000393 [0.000280/57.782042] [ 832/0.000237]
  4  19 300, 0.000298 [0.000259/57.779289] [ 882/0.000237]
  4  19 350, 0.000342 [0.000269/57.776542] [ 932/0.000237]
Epoch 19 done. Evaluation:
(50000, 50000)
(8607, 10000)
  5   0  50, 0.000270 [0.000202/57.772911] [1023/0.000237]
  5   0 100, 0.000280 [0.000136/57.771533] [1073/0.000237]
  5   0 150, 0.000282 [0.000118/57.770159] [1123/0.000237]
  5   0 200, 0.000308 [0.000154/57.768783] [1173/0.000237]
  5   0 250, 0.000291 [0.000128/57.767409] [1223/0.000237]
  5   0 300, 0.000301 [0.000286/57.766034] [1273/0.000237]
  5   0 350, 0.000288 [0.000180/57.764661] [1323/0.000237]
Epoch 0 done. Evaluation:
(50000, 50000)
(8607, 10000)
  5   1  50, 0.000294 [0.000131/57.762160] [1414/0.000237]
  5   1 100, 0.000295 [0.000172/57.760784] [1464/0.000237]
  5   1 150, 0.000309 [0.000339/57.759413] [1514/0.000237]
  5   1 200, 0.000277 [0.000116/57.758038] [1564/0.000237]
  5   1 250, 0.000360 [0.000136/57.756666] [1614/0.000237]
  5   1 300, 0.000291 [0.000140/57.755293] [1664/0.000237]
  5   1 350, 0.000281 [0.000132/57.753919] [1714/0.000237]
Epoch 1 done. Evaluation:
(50000, 50000)
(8618, 10000)
  5   2  50, 0.000284 [0.000130/57.751418] [1805/0.000237]
  5   2 100, 0.000278 [0.000173/57.750046] [1855/0.000237]
  5   2 150, 0.000252 [0.000112/57.748673] [1905/0.000237]
  5   2 200, 0.000284 [0.000134/57.747300] [1955/0.000237]
  5   2 250, 0.000276 [0.000140/57.745927] [2005/0.000237]
  5   2 300, 0.000322 [0.000176/57.744554] [2055/0.000237]
  5   2 350, 0.000383 [0.000144/57.743182] [2105/0.000237]
Epoch 2 done. Evaluation:
(50000, 50000)
(8595, 10000)
  5   3  50, 0.000391 [0.000119/57.740688] [2196/0.000237]
  5   3 100, 0.000291 [0.000155/57.739315] [2246/0.000237]
  5   3 150, 0.000328 [0.000222/57.737944] [2296/0.000237]
  5   3 200, 0.000291 [0.000138/57.736572] [2346/0.000237]
  5   3 250, 0.000410 [0.000151/57.735203] [2396/0.000237]
  5   3 300, 0.000298 [0.000163/57.733830] [2446/0.000237]
  5   3 350, 0.000337 [0.000158/57.732459] [2496/0.000237]
Epoch 3 done. Evaluation:
(50000, 50000)
(8610, 10000)
  5   4  50, 0.000313 [0.000147/57.729965] [2587/0.000237]
  5   4 100, 0.000293 [0.000159/57.728595] [2637/0.000237]
  5   4 150, 0.000311 [0.000155/57.727225] [2687/0.000237]
  5   4 200, 0.000298 [0.000150/57.725854] [2737/0.000237]
  5   4 250, 0.000283 [0.000219/57.724483] [2787/0.000237]
  5   4 300, 0.000322 [0.000209/57.723114] [2837/0.000237]
  5   4 350, 0.000292 [0.000690/57.721742] [2887/0.000237]
Epoch 4 done. Evaluation:
(50000, 50000)
(8602, 10000)
  5   5  50, 0.000254 [0.000124/57.719248] [2978/0.000237]
  5   5 100, 0.000314 [0.000112/57.717877] [3028/0.000237]
  5   5 150, 0.000264 [0.000146/57.716508] [3078/0.000237]
  5   5 200, 0.000309 [0.000181/57.715138] [3128/0.000237]
  5   5 250, 0.000292 [0.000118/57.713766] [3178/0.000237]
  5   5 300, 0.000293 [0.000188/57.712399] [3228/0.000237]
  5   5 350, 0.000266 [0.000148/57.711028] [3278/0.000237]
Epoch 5 done. Evaluation:
(50000, 50000)
(8607, 10000)
  5   6  50, 0.000314 [0.000225/57.708536] [3369/0.000237]
  5   6 100, 0.000255 [0.000120/57.707167] [3419/0.000237]
  5   6 150, 0.000328 [0.000489/57.705797] [3469/0.000237]
  5   6 200, 0.000304 [0.000156/57.704430] [3519/0.000237]
  5   6 250, 0.000423 [0.000835/57.703062] [3569/0.000237]
  5   6 300, 0.000272 [0.000146/57.701693] [3619/0.000237]
  5   6 350, 0.000328 [0.000141/57.700327] [3669/0.000237]
Epoch 6 done. Evaluation:
(50000, 50000)
(8599, 10000)
  5   7  50, 0.000263 [0.000150/57.697833] [3760/0.000237]
  5   7 100, 0.000280 [0.000196/57.696466] [3810/0.000237]
  5   7 150, 0.000347 [0.000218/57.695098] [3860/0.000237]
  5   7 200, 0.000278 [0.000126/57.693730] [3910/0.000237]
  5   7 250, 0.000279 [0.000253/57.692364] [3960/0.000237]
  5   7 300, 0.000285 [0.000234/57.690996] [4010/0.000237]
  5   7 350, 0.000360 [0.000268/57.689631] [4060/0.000237]
Epoch 7 done. Evaluation:
(50000, 50000)
(8609, 10000)
  5   8  50, 0.000297 [0.000136/57.687142] [4151/0.000237]
  5   8 100, 0.000243 [0.000117/57.685772] [4201/0.000237]
  5   8 150, 0.000257 [0.000189/57.684405] [4251/0.000237]
  5   8 200, 0.000252 [0.000302/57.683037] [4301/0.000237]
  5   8 250, 0.000347 [0.000135/57.681672] [4351/0.000237]
  5   8 300, 0.000297 [0.000230/57.680306] [4401/0.000237]
  5   8 350, 0.000292 [0.000133/57.678939] [4451/0.000237]
Epoch 8 done. Evaluation:
(50000, 50000)
(8614, 10000)
  5   9  50, 0.000339 [0.000149/57.676453] [4542/0.000237]
  5   9 100, 0.000348 [0.000721/57.675086] [4592/0.000237]
  5   9 150, 0.000310 [0.000173/57.673722] [4642/0.000237]
  5   9 200, 0.000309 [0.000191/57.672355] [4692/0.000237]
  5   9 250, 0.000271 [0.000137/57.670989] [4742/0.000237]
  5   9 300, 0.000246 [0.000158/57.669622] [4792/0.000237]
  5   9 350, 0.000299 [0.000128/57.668258] [4842/0.000237]
Epoch 9 done. Evaluation:
(50000, 50000)
(8622, 10000)
  5  10  50, 0.000330 [0.000148/57.665773] [4933/0.000237]
  5  10 100, 0.000308 [0.000157/57.664407] [4983/0.000237]
  5  10 150, 0.000315 [0.000123/57.663043] [5033/0.000237]
  5  10 200, 0.000395 [0.000281/57.661679] [5083/0.000237]
  5  10 250, 0.000267 [0.000117/57.660312] [5133/0.000237]
  5  10 300, 0.000290 [0.000136/57.658947] [5183/0.000237]
  5  10 350, 0.000288 [0.000263/57.657584] [5233/0.000237]
Epoch 10 done. Evaluation:
(50000, 50000)
(8600, 10000)
  5  11  50, 0.000268 [0.000151/57.655100] [5324/0.000237]
  5  11 100, 0.000292 [0.000151/57.653736] [5374/0.000237]
  5  11 150, 0.000303 [0.000181/57.652370] [5424/0.000237]
  5  11 200, 0.000303 [0.000136/57.651008] [5474/0.000237]
  5  11 250, 0.000235 [0.000143/57.649641] [   0/0.000235]
  5  11 300, 0.000303 [0.000117/57.648279] [  50/0.000235]
  5  11 350, 0.000305 [0.000225/57.646915] [ 100/0.000235]
Epoch 11 done. Evaluation:
(50000, 50000)
(8601, 10000)
  5  12  50, 0.000313 [0.000246/57.644433] [ 191/0.000235]
  5  12 100, 0.000259 [0.000117/57.643070] [ 241/0.000235]
  5  12 150, 0.000268 [0.000165/57.641706] [ 291/0.000235]
  5  12 200, 0.000244 [0.000202/57.640340] [ 341/0.000235]
  5  12 250, 0.000248 [0.000166/57.638976] [ 391/0.000235]
  5  12 300, 0.000275 [0.000120/57.637615] [ 441/0.000235]
  5  12 350, 0.000246 [0.000120/57.636251] [ 491/0.000235]
Epoch 12 done. Evaluation:
(50000, 50000)
(8624, 10000)
  5  13  50, 0.000325 [0.000119/57.633771] [ 582/0.000235]
  5  13 100, 0.000292 [0.000117/57.632410] [ 632/0.000235]
  5  13 150, 0.000307 [0.000377/57.631046] [ 682/0.000235]
  5  13 200, 0.000284 [0.000145/57.629685] [ 732/0.000235]
  5  13 250, 0.000247 [0.000125/57.628322] [ 782/0.000235]
  5  13 300, 0.000320 [0.000120/57.626960] [ 832/0.000235]
  5  13 350, 0.000280 [0.000115/57.625598] [ 882/0.000235]
Epoch 13 done. Evaluation:
(50000, 50000)
(8607, 10000)
  5  14  50, 0.000254 [0.000198/57.623119] [ 973/0.000235]
  5  14 100, 0.000268 [0.000120/57.621757] [1023/0.000235]
  5  14 150, 0.000292 [0.000115/57.620395] [1073/0.000235]
  5  14 200, 0.000262 [0.000165/57.619034] [1123/0.000235]
  5  14 250, 0.000307 [0.000152/57.617671] [1173/0.000235]
  5  14 300, 0.000315 [0.000146/57.616311] [1223/0.000235]
  5  14 350, 0.000261 [0.000118/57.614951] [1273/0.000235]
Epoch 14 done. Evaluation:
(50000, 50000)
(8610, 10000)
  5  15  50, 0.000247 [0.000186/57.612472] [1364/0.000235]
  5  15 100, 0.000313 [0.000133/57.611113] [1414/0.000235]
  5  15 150, 0.000367 [0.000184/57.609752] [1464/0.000235]
  5  15 200, 0.000271 [0.000147/57.608392] [1514/0.000235]
  5  15 250, 0.000287 [0.000131/57.607031] [1564/0.000235]
  5  15 300, 0.000301 [0.000439/57.605672] [1614/0.000235]
  5  15 350, 0.000281 [0.000135/57.604311] [1664/0.000235]
Epoch 15 done. Evaluation:
(50000, 50000)
(8611, 10000)
  5  16  50, 0.000311 [0.000115/57.601836] [1755/0.000235]
  5  16 100, 0.000291 [0.000116/57.600479] [1805/0.000235]
  5  16 150, 0.000238 [0.000124/57.599116] [1855/0.000235]
  5  16 200, 0.000307 [0.000176/57.597758] [1905/0.000235]
  5  16 250, 0.000272 [0.000127/57.596398] [1955/0.000235]
  5  16 300, 0.000283 [0.000153/57.595038] [2005/0.000235]
  5  16 350, 0.000302 [0.000124/57.593680] [2055/0.000235]
Epoch 16 done. Evaluation:
(50000, 50000)
(8598, 10000)
  5  17  50, 0.000236 [0.000119/57.591203] [2146/0.000235]
  5  17 100, 0.000249 [0.000211/57.589845] [2196/0.000235]
  5  17 150, 0.000306 [0.000207/57.588487] [2246/0.000235]
  5  17 200, 0.000230 [0.000126/57.587126] [   0/0.000230]
  5  17 250, 0.000239 [0.000137/57.585769] [  50/0.000230]
  5  17 300, 0.000302 [0.000125/57.584410] [ 100/0.000230]
  5  17 350, 0.000257 [0.000180/57.583051] [ 150/0.000230]
Epoch 17 done. Evaluation:
(50000, 50000)
(8611, 10000)
  5  18  50, 0.000259 [0.000145/57.580580] [ 241/0.000230]
  5  18 100, 0.000296 [0.000168/57.579223] [ 291/0.000230]
  5  18 150, 0.000274 [0.000267/57.577864] [ 341/0.000230]
  5  18 200, 0.000294 [0.000456/57.576506] [ 391/0.000230]
  5  18 250, 0.000270 [0.000158/57.575150] [ 441/0.000230]
  5  18 300, 0.000275 [0.000147/57.573789] [ 491/0.000230]
  5  18 350, 0.000316 [0.000132/57.572434] [ 541/0.000230]
Epoch 18 done. Evaluation:
(50000, 50000)
(8618, 10000)
  5  19  50, 0.000327 [0.000638/57.569965] [ 632/0.000230]
  5  19 100, 0.000310 [0.000117/57.568609] [ 682/0.000230]
  5  19 150, 0.000305 [0.000168/57.567253] [ 732/0.000230]
  5  19 200, 0.000268 [0.000134/57.565896] [ 782/0.000230]
  5  19 250, 0.000285 [0.000163/57.564539] [ 832/0.000230]
  5  19 300, 0.000234 [0.000144/57.563180] [ 882/0.000230]
  5  19 350, 0.000318 [0.000212/57.561827] [ 932/0.000230]
Epoch 19 done. Evaluation:
(50000, 50000)
(8602, 10000)
  6   0  50, 0.000280 [0.000116/57.560037] [1023/0.000230]
  6   0 100, 0.000257 [0.000121/57.559359] [1073/0.000230]
  6   0 150, 0.000266 [0.000106/57.558683] [1123/0.000230]
  6   0 200, 0.000291 [0.000135/57.558006] [1173/0.000230]
  6   0 250, 0.000295 [0.000103/57.557328] [1223/0.000230]
  6   0 300, 0.000228 [0.000116/57.556651] [   0/0.000228]
  6   0 350, 0.000278 [0.000108/57.555974] [  50/0.000228]
Epoch 0 done. Evaluation:
(50000, 50000)
(8624, 10000)
  6   1  50, 0.000279 [0.000116/57.554740] [ 141/0.000228]
  6   1 100, 0.000285 [0.000128/57.554067] [ 191/0.000228]
  6   1 150, 0.000279 [0.000109/57.553390] [ 241/0.000228]
  6   1 200, 0.000271 [0.000211/57.552712] [ 291/0.000228]
  6   1 250, 0.000298 [0.000113/57.552035] [ 341/0.000228]
  6   1 300, 0.000240 [0.000114/57.551357] [ 391/0.000228]
  6   1 350, 0.000297 [0.000111/57.550681] [ 441/0.000228]
Epoch 1 done. Evaluation:
(50000, 50000)
(8600, 10000)
  6   2  50, 0.000243 [0.000119/57.549450] [ 532/0.000228]
  6   2 100, 0.000239 [0.000114/57.548771] [ 582/0.000228]
  6   2 150, 0.000280 [0.000146/57.548096] [ 632/0.000228]
  6   2 200, 0.000297 [0.000146/57.547419] [ 682/0.000228]
  6   2 250, 0.000279 [0.000108/57.546743] [ 732/0.000228]
  6   2 300, 0.000292 [0.000130/57.546067] [ 782/0.000228]
  6   2 350, 0.000306 [0.000561/57.545391] [ 832/0.000228]
Epoch 2 done. Evaluation:
(50000, 50000)
(8608, 10000)
  6   3  50, 0.000261 [0.000143/57.544160] [ 923/0.000228]
  6   3 100, 0.000264 [0.000108/57.543483] [ 973/0.000228]
  6   3 150, 0.000252 [0.000110/57.542807] [1023/0.000228]
  6   3 200, 0.000264 [0.000106/57.542130] [1073/0.000228]
  6   3 250, 0.000318 [0.000106/57.541454] [1123/0.000228]
  6   3 300, 0.000288 [0.000109/57.540778] [1173/0.000228]
  6   3 350, 0.000266 [0.000206/57.540101] [1223/0.000228]
Epoch 3 done. Evaluation:
(50000, 50000)
(8614, 10000)
  6   4  50, 0.000446 [0.000382/57.538871] [1314/0.000228]
  6   4 100, 0.000231 [0.000110/57.538195] [1364/0.000228]
  6   4 150, 0.000274 [0.000105/57.537519] [1414/0.000228]
  6   4 200, 0.000361 [0.000131/57.536842] [1464/0.000228]
  6   4 250, 0.000341 [0.000939/57.536166] [1514/0.000228]
  6   4 300, 0.000225 [0.000110/57.535490] [   0/0.000225]
  6   4 350, 0.000270 [0.000137/57.534817] [  50/0.000225]
Epoch 4 done. Evaluation:
(50000, 50000)
(8603, 10000)
  6   5  50, 0.000247 [0.000118/57.533583] [ 141/0.000225]
  6   5 100, 0.000271 [0.000195/57.532908] [ 191/0.000225]
  6   5 150, 0.000274 [0.000114/57.532231] [ 241/0.000225]
  6   5 200, 0.000222 [0.000146/57.531556] [   0/0.000222]
  6   5 250, 0.000257 [0.000144/57.530879] [  50/0.000222]
  6   5 300, 0.000242 [0.000141/57.530205] [ 100/0.000222]
  6   5 350, 0.000233 [0.000116/57.529527] [ 150/0.000222]
Epoch 5 done. Evaluation:
(50000, 50000)
(8605, 10000)
  6   6  50, 0.000258 [0.000115/57.528298] [ 241/0.000222]
  6   6 100, 0.000284 [0.000144/57.527622] [ 291/0.000222]
  6   6 150, 0.000248 [0.000104/57.526946] [ 341/0.000222]
  6   6 200, 0.000286 [0.000111/57.526273] [ 391/0.000222]
  6   6 250, 0.000276 [0.000267/57.525596] [ 441/0.000222]
  6   6 300, 0.000272 [0.000127/57.524920] [ 491/0.000222]
  6   6 350, 0.000301 [0.000115/57.524245] [ 541/0.000222]
Epoch 6 done. Evaluation:
(50000, 50000)
(8620, 10000)
  6   7  50, 0.000266 [0.000108/57.523016] [ 632/0.000222]
  6   7 100, 0.000228 [0.000159/57.522341] [ 682/0.000222]
  6   7 150, 0.000266 [0.000107/57.521665] [ 732/0.000222]
  6   7 200, 0.000244 [0.000134/57.520988] [ 782/0.000222]
  6   7 250, 0.000271 [0.000107/57.520314] [ 832/0.000222]
  6   7 300, 0.000243 [0.000104/57.519640] [ 882/0.000222]
  6   7 350, 0.000266 [0.000105/57.518964] [ 932/0.000222]
Epoch 7 done. Evaluation:
(50000, 50000)
(8623, 10000)
  6   8  50, 0.000267 [0.000114/57.517734] [1023/0.000222]
  6   8 100, 0.000336 [0.000111/57.517059] [1073/0.000222]
  6   8 150, 0.000266 [0.000118/57.516383] [1123/0.000222]
  6   8 200, 0.000239 [0.000122/57.515708] [1173/0.000222]
  6   8 250, 0.000270 [0.000126/57.515034] [1223/0.000222]
  6   8 300, 0.000271 [0.000109/57.514358] [1273/0.000222]
  6   8 350, 0.000239 [0.000115/57.513682] [1323/0.000222]
Epoch 8 done. Evaluation:
(50000, 50000)
(8607, 10000)
  6   9  50, 0.000243 [0.000153/57.512453] [1414/0.000222]
  6   9 100, 0.000215 [0.000132/57.511778] [   0/0.000215]
  6   9 150, 0.000267 [0.000217/57.511103] [  50/0.000215]
  6   9 200, 0.000287 [0.000110/57.510426] [ 100/0.000215]
  6   9 250, 0.000249 [0.000119/57.509752] [ 150/0.000215]
  6   9 300, 0.000288 [0.000104/57.509079] [ 200/0.000215]
  6   9 350, 0.000264 [0.000164/57.508403] [ 250/0.000215]
Epoch 9 done. Evaluation:
(50000, 50000)
(8621, 10000)
  6  10  50, 0.000272 [0.000111/57.507174] [ 341/0.000215]
  6  10 100, 0.000303 [0.000139/57.506500] [ 391/0.000215]
  6  10 150, 0.000259 [0.000111/57.505826] [ 441/0.000215]
  6  10 200, 0.000262 [0.000118/57.505151] [ 491/0.000215]
  6  10 250, 0.000278 [0.000105/57.504478] [ 541/0.000215]
  6  10 300, 0.000292 [0.000165/57.503802] [ 591/0.000215]
  6  10 350, 0.000248 [0.000114/57.503127] [ 641/0.000215]
Epoch 10 done. Evaluation:
(50000, 50000)
(8616, 10000)
  6  11  50, 0.000278 [0.000116/57.501897] [ 732/0.000215]
  6  11 100, 0.000262 [0.000154/57.501225] [ 782/0.000215]
  6  11 150, 0.000272 [0.000133/57.500551] [ 832/0.000215]
  6  11 200, 0.000261 [0.000111/57.499874] [ 882/0.000215]
  6  11 250, 0.000333 [0.000159/57.499199] [ 932/0.000215]
  6  11 300, 0.000253 [0.000126/57.498526] [ 982/0.000215]
  6  11 350, 0.000288 [0.000107/57.497851] [1032/0.000215]
Epoch 11 done. Evaluation:
(50000, 50000)
(8616, 10000)
  6  12  50, 0.000283 [0.000114/57.496625] [1123/0.000215]
  6  12 100, 0.000257 [0.000107/57.495950] [1173/0.000215]
  6  12 150, 0.000243 [0.000105/57.495276] [1223/0.000215]
  6  12 200, 0.000256 [0.000127/57.494602] [1273/0.000215]
  6  12 250, 0.000240 [0.000156/57.493927] [1323/0.000215]
  6  12 300, 0.000255 [0.000105/57.493252] [1373/0.000215]
  6  12 350, 0.000285 [0.000112/57.492580] [1423/0.000215]
Epoch 12 done. Evaluation:
(50000, 50000)
(8619, 10000)
  6  13  50, 0.000278 [0.000109/57.491352] [1514/0.000215]
  6  13 100, 0.000296 [0.000124/57.490678] [1564/0.000215]
  6  13 150, 0.000360 [0.000109/57.490006] [1614/0.000215]
  6  13 200, 0.000262 [0.000111/57.489331] [1664/0.000215]
  6  13 250, 0.000248 [0.000151/57.488656] [1714/0.000215]
  6  13 300, 0.000289 [0.000110/57.487982] [1764/0.000215]
  6  13 350, 0.000286 [0.000117/57.487309] [1814/0.000215]
Epoch 13 done. Evaluation:
(50000, 50000)
(8607, 10000)
  6  14  50, 0.000308 [0.000124/57.486083] [1905/0.000215]
  6  14 100, 0.000243 [0.000178/57.485408] [1955/0.000215]
  6  14 150, 0.000303 [0.000112/57.484736] [2005/0.000215]
  6  14 200, 0.000260 [0.000189/57.484062] [2055/0.000215]
  6  14 250, 0.000231 [0.000193/57.483388] [2105/0.000215]
  6  14 300, 0.000265 [0.000115/57.482716] [2155/0.000215]
  6  14 350, 0.000271 [0.000107/57.482041] [2205/0.000215]
Epoch 14 done. Evaluation:
(50000, 50000)
(8607, 10000)
  6  15  50, 0.000226 [0.000114/57.480815] [2296/0.000215]
  6  15 100, 0.000330 [0.000179/57.480142] [2346/0.000215]
  6  15 150, 0.000315 [0.000133/57.479468] [2396/0.000215]
  6  15 200, 0.000241 [0.000117/57.478794] [2446/0.000215]
  6  15 250, 0.000260 [0.000103/57.478119] [2496/0.000215]
  6  15 300, 0.000244 [0.000171/57.477448] [2546/0.000215]
  6  15 350, 0.000282 [0.000110/57.476776] [2596/0.000215]
Epoch 15 done. Evaluation:
(50000, 50000)
(8617, 10000)
  6  16  50, 0.000282 [0.000160/57.475551] [2687/0.000215]
  6  16 100, 0.000266 [0.000117/57.474875] [2737/0.000215]
  6  16 150, 0.000300 [0.000114/57.474202] [2787/0.000215]
  6  16 200, 0.000226 [0.000125/57.473527] [2837/0.000215]
  6  16 250, 0.000262 [0.000113/57.472854] [2887/0.000215]
  6  16 300, 0.000226 [0.000133/57.472181] [2937/0.000215]
  6  16 350, 0.000270 [0.000105/57.471509] [2987/0.000215]
Epoch 16 done. Evaluation:
(50000, 50000)
(8617, 10000)
  6  17  50, 0.000302 [0.000147/57.470283] [3078/0.000215]
  6  17 100, 0.000252 [0.000121/57.469610] [3128/0.000215]
  6  17 150, 0.000255 [0.000111/57.468937] [3178/0.000215]
  6  17 200, 0.000272 [0.000111/57.468262] [3228/0.000215]
  6  17 250, 0.000267 [0.000113/57.467590] [3278/0.000215]
  6  17 300, 0.000273 [0.000112/57.466918] [3328/0.000215]
  6  17 350, 0.000310 [0.000155/57.466244] [3378/0.000215]
Epoch 17 done. Evaluation:
(50000, 50000)
(8614, 10000)
  6  18  50, 0.000295 [0.000117/57.465020] [3469/0.000215]
  6  18 100, 0.000256 [0.000104/57.464347] [3519/0.000215]
  6  18 150, 0.000230 [0.000115/57.463673] [3569/0.000215]
  6  18 200, 0.000290 [0.000141/57.463001] [3619/0.000215]
  6  18 250, 0.000240 [0.000106/57.462329] [3669/0.000215]
  6  18 300, 0.000287 [0.000473/57.461656] [3719/0.000215]
  6  18 350, 0.000252 [0.000110/57.460983] [3769/0.000215]
Epoch 18 done. Evaluation:
(50000, 50000)
(8600, 10000)
  6  19  50, 0.000217 [0.000119/57.459760] [3860/0.000215]
  6  19 100, 0.000271 [0.000112/57.459084] [3910/0.000215]
  6  19 150, 0.000253 [0.000134/57.458411] [3960/0.000215]
  6  19 200, 0.000311 [0.000164/57.457741] [4010/0.000215]
  6  19 250, 0.000251 [0.000136/57.457065] [4060/0.000215]
  6  19 300, 0.000255 [0.000105/57.456394] [4110/0.000215]
  6  19 350, 0.000344 [0.000121/57.455722] [4160/0.000215]
Epoch 19 done. Evaluation:
(50000, 50000)
(8626, 10000)
  7   0  50, 0.000233 [0.000108/57.454833] [4251/0.000215]
  7   0 100, 0.000295 [0.000131/57.454491] [4301/0.000215]
  7   0 150, 0.000290 [0.000107/57.454152] [4351/0.000215]
  7   0 200, 0.000274 [0.000102/57.453813] [4401/0.000215]
  7   0 250, 0.000262 [0.000101/57.453474] [4451/0.000215]
  7   0 300, 0.000256 [0.000101/57.453134] [4501/0.000215]
  7   0 350, 0.000298 [0.000105/57.452793] [4551/0.000215]
Epoch 0 done. Evaluation:
(50000, 50000)
(8622, 10000)
  7   1  50, 0.000279 [0.000104/57.452175] [4642/0.000215]
  7   1 100, 0.000240 [0.000105/57.451837] [4692/0.000215]
  7   1 150, 0.000246 [0.000101/57.451494] [4742/0.000215]
  7   1 200, 0.000226 [0.000104/57.451156] [4792/0.000215]
  7   1 250, 0.000250 [0.000105/57.450816] [4842/0.000215]
  7   1 300, 0.000283 [0.000101/57.450476] [4892/0.000215]
  7   1 350, 0.000240 [0.000133/57.450135] [4942/0.000215]
Epoch 1 done. Evaluation:
(49999, 50000)
(8618, 10000)
  7   2  50, 0.000277 [0.000126/57.449518] [5033/0.000215]
  7   2 100, 0.000314 [0.000227/57.449182] [5083/0.000215]
  7   2 150, 0.000267 [0.000115/57.448839] [5133/0.000215]
  7   2 200, 0.000258 [0.000102/57.448500] [5183/0.000215]
  7   2 250, 0.000290 [0.000108/57.448161] [5233/0.000215]
  7   2 300, 0.000286 [0.000141/57.447820] [5283/0.000215]
  7   2 350, 0.000255 [0.000159/57.447482] [5333/0.000215]
Epoch 2 done. Evaluation:
(50000, 50000)
(8605, 10000)
  7   3  50, 0.000271 [0.000103/57.446865] [5424/0.000215]
  7   3 100, 0.000244 [0.000104/57.446525] [5474/0.000215]
  7   3 150, 0.000248 [0.000101/57.446185] [5524/0.000215]
  7   3 200, 0.000281 [0.000103/57.445845] [5574/0.000215]
  7   3 250, 0.000266 [0.000112/57.445505] [5624/0.000215]
  7   3 300, 0.000254 [0.000102/57.445164] [5674/0.000215]
  7   3 350, 0.000277 [0.000101/57.444827] [5724/0.000215]
Epoch 3 done. Evaluation:
(50000, 50000)
(8622, 10000)
  7   4  50, 0.000234 [0.000104/57.444209] [5815/0.000215]
  7   4 100, 0.000240 [0.000104/57.443869] [5865/0.000215]
  7   4 150, 0.000278 [0.000109/57.443530] [5915/0.000215]
  7   4 200, 0.000259 [0.000105/57.443192] [5965/0.000215]
  7   4 250, 0.000310 [0.000106/57.442852] [6015/0.000215]
  7   4 300, 0.000375 [0.000103/57.442513] [6065/0.000215]
  7   4 350, 0.000305 [0.000117/57.442172] [6115/0.000215]
Epoch 4 done. Evaluation:
(50000, 50000)
(8612, 10000)
  7   5  50, 0.000238 [0.000106/57.441556] [6206/0.000215]
  7   5 100, 0.000240 [0.000103/57.441215] [6256/0.000215]
  7   5 150, 0.000245 [0.000120/57.440876] [6306/0.000215]
  7   5 200, 0.000279 [0.000234/57.440537] [6356/0.000215]
  7   5 250, 0.000248 [0.000104/57.440197] [6406/0.000215]
  7   5 300, 0.000229 [0.000102/57.439858] [6456/0.000215]
  7   5 350, 0.000274 [0.000105/57.439518] [6506/0.000215]
Epoch 5 done. Evaluation:
(50000, 50000)
(8624, 10000)
  7   6  50, 0.000320 [0.000104/57.438900] [6597/0.000215]
  7   6 100, 0.000269 [0.000109/57.438562] [6647/0.000215]
  7   6 150, 0.000288 [0.000101/57.438222] [6697/0.000215]
  7   6 200, 0.000337 [0.000106/57.437883] [6747/0.000215]
  7   6 250, 0.000293 [0.000110/57.437542] [6797/0.000215]
  7   6 300, 0.000265 [0.000102/57.437204] [6847/0.000215]
  7   6 350, 0.000257 [0.000102/57.436866] [6897/0.000215]
Epoch 6 done. Evaluation:
(50000, 50000)
(8608, 10000)
  7   7  50, 0.000283 [0.000105/57.436249] [6988/0.000215]
  7   7 100, 0.000271 [0.000105/57.435909] [7038/0.000215]
  7   7 150, 0.000253 [0.000174/57.435569] [7088/0.000215]
  7   7 200, 0.000257 [0.000105/57.435230] [7138/0.000215]
  7   7 250, 0.000265 [0.000102/57.434891] [7188/0.000215]
  7   7 300, 0.000246 [0.000224/57.434551] [7238/0.000215]
  7   7 350, 0.000240 [0.000103/57.434212] [7288/0.000215]
Epoch 7 done. Evaluation:
(50000, 50000)
(8612, 10000)
  7   8  50, 0.000238 [0.000101/57.433593] [7379/0.000215]
  7   8 100, 0.000270 [0.000104/57.433252] [7429/0.000215]
  7   8 150, 0.000343 [0.000102/57.432915] [7479/0.000215]
  7   8 200, 0.000290 [0.000115/57.432575] [7529/0.000215]
  7   8 250, 0.000250 [0.000116/57.432236] [7579/0.000215]
  7   8 300, 0.000284 [0.000124/57.431897] [7629/0.000215]
  7   8 350, 0.000299 [0.000105/57.431558] [7679/0.000215]
Epoch 8 done. Evaluation:
(50000, 50000)
(8603, 10000)
  7   9  50, 0.000268 [0.000101/57.430941] [7770/0.000215]
  7   9 100, 0.000252 [0.000106/57.430601] [7820/0.000215]
  7   9 150, 0.000328 [0.000163/57.430262] [7870/0.000215]
  7   9 200, 0.000274 [0.000102/57.429924] [7920/0.000215]
  7   9 250, 0.000254 [0.000107/57.429584] [7970/0.000215]
  7   9 300, 0.000320 [0.000103/57.429245] [8020/0.000215]
  7   9 350, 0.000236 [0.000101/57.428905] [8070/0.000215]
Epoch 9 done. Evaluation:
(50000, 50000)
(8609, 10000)
  7  10  50, 0.000273 [0.000103/57.428288] [8161/0.000215]
  7  10 100, 0.000266 [0.000124/57.427948] [8211/0.000215]
  7  10 150, 0.000273 [0.000115/57.427610] [8261/0.000215]
  7  10 200, 0.000261 [0.000119/57.427270] [8311/0.000215]
  7  10 250, 0.000271 [0.000132/57.426932] [8361/0.000215]
  7  10 300, 0.000273 [0.000105/57.426593] [8411/0.000215]
  7  10 350, 0.000266 [0.000103/57.426252] [8461/0.000215]
Epoch 10 done. Evaluation:
(50000, 50000)
(8619, 10000)
  7  11  50, 0.000229 [0.000113/57.425636] [8552/0.000215]
  7  11 100, 0.000246 [0.000101/57.425297] [8602/0.000215]
  7  11 150, 0.000230 [0.000102/57.424956] [8652/0.000215]
  7  11 200, 0.000240 [0.000116/57.424618] [8702/0.000215]
  7  11 250, 0.000230 [0.000111/57.424280] [8752/0.000215]
  7  11 300, 0.000226 [0.000102/57.423938] [8802/0.000215]
  7  11 350, 0.000223 [0.000103/57.423599] [8852/0.000215]
Epoch 11 done. Evaluation:
(50000, 50000)
(8621, 10000)
  7  12  50, 0.000239 [0.000105/57.422982] [8943/0.000215]
  7  12 100, 0.000240 [0.000107/57.422642] [8993/0.000215]
  7  12 150, 0.000261 [0.000102/57.422304] [9043/0.000215]
  7  12 200, 0.000246 [0.000103/57.421964] [9093/0.000215]
  7  12 250, 0.000248 [0.000103/57.421624] [9143/0.000215]
  7  12 300, 0.000239 [0.000103/57.421283] [9193/0.000215]
  7  12 350, 0.000317 [0.000104/57.420946] [9243/0.000215]
Epoch 12 done. Evaluation:
(50000, 50000)
(8618, 10000)
  7  13  50, 0.000275 [0.000120/57.420328] [9334/0.000215]
  7  13 100, 0.000243 [0.000102/57.419989] [9384/0.000215]
  7  13 150, 0.000266 [0.000103/57.419650] [9434/0.000215]
  7  13 200, 0.000287 [0.000107/57.419312] [9484/0.000215]
  7  13 250, 0.000230 [0.000110/57.418972] [9534/0.000215]
  7  13 300, 0.000254 [0.000103/57.418632] [9584/0.000215]
  7  13 350, 0.000287 [0.000103/57.418294] [9634/0.000215]
Epoch 13 done. Evaluation:
(50000, 50000)
(8620, 10000)
  7  14  50, 0.000326 [0.000102/57.417678] [9725/0.000215]
  7  14 100, 0.000312 [0.000234/57.417338] [9775/0.000215]
  7  14 150, 0.000236 [0.000104/57.417000] [9825/0.000215]
  7  14 200, 0.000287 [0.000101/57.416661] [9875/0.000215]
  7  14 250, 0.000286 [0.000131/57.416321] [9925/0.000215]
  7  14 300, 0.000237 [0.000101/57.415983] [9975/0.000215]
  7  14 350, 0.000302 [0.000103/57.415644] [10025/0.000215]
Epoch 14 done. Evaluation:
(50000, 50000)
(8621, 10000)
  7  15  50, 0.000254 [0.000101/57.415028] [10116/0.000215]
  7  15 100, 0.000301 [0.000101/57.414689] [10166/0.000215]
  7  15 150, 0.000287 [0.000104/57.414349] [10216/0.000215]
  7  15 200, 0.000202 [0.000103/57.414010] [   0/0.000202]
  7  15 250, 0.000270 [0.000102/57.413673] [  50/0.000202]
  7  15 300, 0.000243 [0.000104/57.413331] [ 100/0.000202]
  7  15 350, 0.000317 [0.000103/57.412994] [ 150/0.000202]
Epoch 15 done. Evaluation:
(50000, 50000)
(8613, 10000)
  7  16  50, 0.000282 [0.000102/57.412377] [ 241/0.000202]
  7  16 100, 0.000280 [0.000120/57.412038] [ 291/0.000202]
  7  16 150, 0.000271 [0.000116/57.411700] [ 341/0.000202]
  7  16 200, 0.000253 [0.000112/57.411361] [ 391/0.000202]
  7  16 250, 0.000271 [0.000106/57.411020] [ 441/0.000202]
  7  16 300, 0.000256 [0.000103/57.410681] [ 491/0.000202]
  7  16 350, 0.000276 [0.000105/57.410345] [ 541/0.000202]
Epoch 16 done. Evaluation:
(50000, 50000)
(8617, 10000)
  7  17  50, 0.000299 [0.000346/57.409728] [ 632/0.000202]
  7  17 100, 0.000287 [0.000121/57.409388] [ 682/0.000202]
  7  17 150, 0.000231 [0.000103/57.409048] [ 732/0.000202]
  7  17 200, 0.000209 [0.000105/57.408710] [ 782/0.000202]
  7  17 250, 0.000248 [0.000107/57.408371] [ 832/0.000202]
  7  17 300, 0.000301 [0.000115/57.408031] [ 882/0.000202]
  7  17 350, 0.000275 [0.000101/57.407694] [ 932/0.000202]
Epoch 17 done. Evaluation:
(50000, 50000)
(8620, 10000)
  7  18  50, 0.000276 [0.000163/57.407078] [1023/0.000202]
  7  18 100, 0.000262 [0.000107/57.406737] [1073/0.000202]
  7  18 150, 0.000260 [0.000103/57.406399] [1123/0.000202]
  7  18 200, 0.000325 [0.000102/57.406062] [1173/0.000202]
  7  18 250, 0.000210 [0.000104/57.405724] [1223/0.000202]
  7  18 300, 0.000282 [0.000232/57.405384] [1273/0.000202]
  7  18 350, 0.000253 [0.000103/57.405045] [1323/0.000202]
Epoch 18 done. Evaluation:
(50000, 50000)
(8621, 10000)
  7  19  50, 0.000253 [0.000101/57.404428] [1414/0.000202]
  7  19 100, 0.000290 [0.000103/57.404091] [1464/0.000202]
  7  19 150, 0.000263 [0.000132/57.403751] [1514/0.000202]
  7  19 200, 0.000277 [0.000102/57.403414] [1564/0.000202]
  7  19 250, 0.000255 [0.000103/57.403075] [1614/0.000202]
  7  19 300, 0.000222 [0.000120/57.402735] [1664/0.000202]
  7  19 350, 0.000237 [0.000104/57.402396] [1714/0.000202]
Epoch 19 done. Evaluation:
(50000, 50000)
(8619, 10000)
  8   0  50, 0.000282 [0.000102/57.401952] [1805/0.000202]
  8   0 100, 0.000297 [0.000101/57.401788] [1855/0.000202]
  8   0 150, 0.000262 [0.000141/57.401623] [1905/0.000202]
  8   0 200, 0.000282 [0.000103/57.401457] [1955/0.000202]
  8   0 250, 0.000312 [0.000101/57.401291] [2005/0.000202]
  8   0 300, 0.000269 [0.000101/57.401126] [2055/0.000202]
  8   0 350, 0.000278 [0.000102/57.400961] [2105/0.000202]
Epoch 0 done. Evaluation:
(50000, 50000)
(8620, 10000)
  8   1  50, 0.000293 [0.000101/57.400660] [2196/0.000202]
  8   1 100, 0.000268 [0.000100/57.400495] [2246/0.000202]
  8   1 150, 0.000293 [0.000100/57.400329] [2296/0.000202]
  8   1 200, 0.000280 [0.000115/57.400165] [2346/0.000202]
  8   1 250, 0.000370 [0.000100/57.399998] [2396/0.000202]
  8   1 300, 0.000286 [0.000101/57.399834] [2446/0.000202]
  8   1 350, 0.000273 [0.000102/57.399667] [2496/0.000202]
Epoch 1 done. Evaluation:
(50000, 50000)
(8618, 10000)
  8   2  50, 0.000274 [0.000100/57.399367] [2587/0.000202]
  8   2 100, 0.000274 [0.000100/57.399202] [2637/0.000202]
  8   2 150, 0.000239 [0.000101/57.399036] [2687/0.000202]
  8   2 200, 0.000278 [0.000100/57.398871] [2737/0.000202]
  8   2 250, 0.000293 [0.000101/57.398706] [2787/0.000202]
  8   2 300, 0.000285 [0.000103/57.398541] [2837/0.000202]
  8   2 350, 0.000241 [0.000101/57.398375] [2887/0.000202]
Epoch 2 done. Evaluation:
(50000, 50000)
(8619, 10000)
  8   3  50, 0.000288 [0.000101/57.398076] [2978/0.000202]
  8   3 100, 0.000274 [0.000102/57.397910] [3028/0.000202]
  8   3 150, 0.000251 [0.000101/57.397745] [3078/0.000202]
  8   3 200, 0.000219 [0.000101/57.397578] [3128/0.000202]
  8   3 250, 0.000266 [0.000104/57.397415] [3178/0.000202]
  8   3 300, 0.000256 [0.000106/57.397250] [3228/0.000202]
  8   3 350, 0.000387 [0.000101/57.397083] [3278/0.000202]
Epoch 3 done. Evaluation:
(49999, 50000)
(8613, 10000)
  8   4  50, 0.000265 [0.000100/57.396784] [3369/0.000202]
  8   4 100, 0.000309 [0.000104/57.396616] [3419/0.000202]
  8   4 150, 0.000266 [0.000101/57.396453] [3469/0.000202]
  8   4 200, 0.000299 [0.000118/57.396287] [3519/0.000202]
  8   4 250, 0.000263 [0.000101/57.396124] [3569/0.000202]
  8   4 300, 0.000306 [0.000106/57.395957] [3619/0.000202]
  8   4 350, 0.000287 [0.000101/57.395793] [3669/0.000202]
Epoch 4 done. Evaluation:
(50000, 50000)
(8625, 10000)
  8   5  50, 0.000264 [0.000101/57.395491] [3760/0.000202]
  8   5 100, 0.000245 [0.000101/57.395328] [3810/0.000202]
  8   5 150, 0.000296 [0.000101/57.395161] [3860/0.000202]
  8   5 200, 0.000261 [0.000101/57.394996] [3910/0.000202]
  8   5 250, 0.000270 [0.000100/57.394831] [3960/0.000202]
  8   5 300, 0.000225 [0.000100/57.394666] [4010/0.000202]
  8   5 350, 0.000252 [0.000102/57.394501] [4060/0.000202]
Epoch 5 done. Evaluation:
(50000, 50000)
(8609, 10000)
  8   6  50, 0.000264 [0.000104/57.394200] [4151/0.000202]
  8   6 100, 0.000296 [0.000101/57.394033] [4201/0.000202]
  8   6 150, 0.000245 [0.000169/57.393868] [4251/0.000202]
  8   6 200, 0.000269 [0.000100/57.393702] [4301/0.000202]
  8   6 250, 0.000213 [0.000101/57.393538] [4351/0.000202]
  8   6 300, 0.000245 [0.000101/57.393376] [4401/0.000202]
  8   6 350, 0.000238 [0.000101/57.393209] [4451/0.000202]
Epoch 6 done. Evaluation:
(50000, 50000)
(8601, 10000)
  8   7  50, 0.000247 [0.000104/57.392908] [4542/0.000202]
  8   7 100, 0.000297 [0.000113/57.392742] [4592/0.000202]
  8   7 150, 0.000267 [0.000105/57.392578] [4642/0.000202]
  8   7 200, 0.000254 [0.000115/57.392413] [4692/0.000202]
  8   7 250, 0.000243 [0.000121/57.392248] [4742/0.000202]
  8   7 300, 0.000265 [0.000101/57.392082] [4792/0.000202]
  8   7 350, 0.000223 [0.000102/57.391918] [4842/0.000202]
Epoch 7 done. Evaluation:
(50000, 50000)
(8621, 10000)
  8   8  50, 0.000257 [0.000100/57.391617] [4933/0.000202]
  8   8 100, 0.000242 [0.000101/57.391452] [4983/0.000202]
  8   8 150, 0.000257 [0.000102/57.391287] [5033/0.000202]
  8   8 200, 0.000233 [0.000101/57.391121] [5083/0.000202]
  8   8 250, 0.000272 [0.000104/57.390956] [5133/0.000202]
  8   8 300, 0.000253 [0.000105/57.390790] [5183/0.000202]
  8   8 350, 0.000270 [0.000101/57.390626] [5233/0.000202]
Epoch 8 done. Evaluation:
(50000, 50000)
(8623, 10000)
  8   9  50, 0.000243 [0.000100/57.390326] [5324/0.000202]
  8   9 100, 0.000262 [0.000100/57.390159] [5374/0.000202]
  8   9 150, 0.000267 [0.000102/57.389993] [5424/0.000202]
  8   9 200, 0.000241 [0.000105/57.389828] [5474/0.000202]
  8   9 250, 0.000286 [0.000101/57.389663] [5524/0.000202]
  8   9 300, 0.000251 [0.000100/57.389500] [5574/0.000202]
  8   9 350, 0.000208 [0.000101/57.389333] [5624/0.000202]
Epoch 9 done. Evaluation:
(50000, 50000)
(8610, 10000)
  8  10  50, 0.000330 [0.000101/57.389033] [5715/0.000202]
  8  10 100, 0.000277 [0.000100/57.388867] [5765/0.000202]
  8  10 150, 0.000278 [0.000103/57.388703] [5815/0.000202]
  8  10 200, 0.000283 [0.000100/57.388538] [5865/0.000202]
  8  10 250, 0.000266 [0.000102/57.388372] [5915/0.000202]
  8  10 300, 0.000283 [0.000101/57.388207] [5965/0.000202]
  8  10 350, 0.000245 [0.000100/57.388040] [6015/0.000202]
Epoch 10 done. Evaluation:
(50000, 50000)
(8610, 10000)
  8  11  50, 0.000251 [0.000101/57.387742] [6106/0.000202]
  8  11 100, 0.000224 [0.000100/57.387576] [6156/0.000202]
  8  11 150, 0.000231 [0.000102/57.387411] [6206/0.000202]
  8  11 200, 0.000238 [0.000101/57.387247] [6256/0.000202]
  8  11 250, 0.000262 [0.000101/57.387082] [6306/0.000202]
  8  11 300, 0.000252 [0.000101/57.386916] [6356/0.000202]
  8  11 350, 0.000298 [0.000102/57.386750] [6406/0.000202]
Epoch 11 done. Evaluation:
(50000, 50000)
(8618, 10000)
  8  12  50, 0.000245 [0.000102/57.386450] [6497/0.000202]
  8  12 100, 0.000294 [0.000104/57.386286] [6547/0.000202]
  8  12 150, 0.000253 [0.000101/57.386119] [6597/0.000202]
  8  12 200, 0.000218 [0.000100/57.385956] [6647/0.000202]
  8  12 250, 0.000234 [0.000102/57.385790] [6697/0.000202]
  8  12 300, 0.000235 [0.000101/57.385626] [6747/0.000202]
  8  12 350, 0.000238 [0.000102/57.385460] [6797/0.000202]
Epoch 12 done. Evaluation:
(50000, 50000)
(8615, 10000)
  8  13  50, 0.000251 [0.000102/57.385159] [6888/0.000202]
  8  13 100, 0.000244 [0.000101/57.384995] [6938/0.000202]
  8  13 150, 0.000251 [0.000102/57.384830] [6988/0.000202]
  8  13 200, 0.000239 [0.000102/57.384664] [7038/0.000202]
  8  13 250, 0.000247 [0.000101/57.384500] [7088/0.000202]
  8  13 300, 0.000202 [0.000100/57.384335] [7138/0.000202]
  8  13 350, 0.000311 [0.000101/57.384169] [7188/0.000202]
Epoch 13 done. Evaluation:
(50000, 50000)
(8610, 10000)
  8  14  50, 0.000310 [0.000101/57.383869] [7279/0.000202]
  8  14 100, 0.000288 [0.000101/57.383703] [7329/0.000202]
  8  14 150, 0.000291 [0.000100/57.383538] [7379/0.000202]
  8  14 200, 0.000245 [0.000101/57.383374] [7429/0.000202]
  8  14 250, 0.000277 [0.000103/57.383209] [7479/0.000202]
  8  14 300, 0.000265 [0.000103/57.383043] [7529/0.000202]
  8  14 350, 0.000223 [0.000101/57.382878] [7579/0.000202]
Epoch 14 done. Evaluation:
(50000, 50000)
(8608, 10000)
  8  15  50, 0.000267 [0.000101/57.382578] [7670/0.000202]
  8  15 100, 0.000229 [0.000101/57.382414] [7720/0.000202]
  8  15 150, 0.000263 [0.000104/57.382248] [7770/0.000202]
  8  15 200, 0.000268 [0.000101/57.382084] [7820/0.000202]
  8  15 250, 0.000277 [0.000101/57.381918] [7870/0.000202]
  8  15 300, 0.000297 [0.000102/57.381753] [7920/0.000202]
  8  15 350, 0.000248 [0.000102/57.381588] [7970/0.000202]
Epoch 15 done. Evaluation:
(50000, 50000)
(8613, 10000)
  8  16  50, 0.000284 [0.000108/57.381287] [8061/0.000202]
  8  16 100, 0.000281 [0.000100/57.381123] [8111/0.000202]
  8  16 150, 0.000231 [0.000102/57.380957] [8161/0.000202]
  8  16 200, 0.000241 [0.000101/57.380793] [8211/0.000202]
  8  16 250, 0.000265 [0.000102/57.380628] [8261/0.000202]
  8  16 300, 0.000264 [0.000103/57.380463] [8311/0.000202]
  8  16 350, 0.000202 [0.000100/57.380297] [8361/0.000202]
Epoch 16 done. Evaluation:
(50000, 50000)
(8605, 10000)
  8  17  50, 0.000226 [0.000103/57.379997] [8452/0.000202]
  8  17 100, 0.000272 [0.000101/57.379833] [8502/0.000202]
  8  17 150, 0.000287 [0.000101/57.379668] [8552/0.000202]
  8  17 200, 0.000271 [0.000100/57.379502] [8602/0.000202]
  8  17 250, 0.000244 [0.000102/57.379337] [8652/0.000202]
  8  17 300, 0.000273 [0.000107/57.379171] [8702/0.000202]
  8  17 350, 0.000247 [0.000103/57.379006] [8752/0.000202]
Epoch 17 done. Evaluation:
(50000, 50000)
(8612, 10000)
  8  18  50, 0.000300 [0.000101/57.378706] [8843/0.000202]
  8  18 100, 0.000246 [0.000107/57.378542] [8893/0.000202]
  8  18 150, 0.000263 [0.000101/57.378377] [8943/0.000202]
  8  18 200, 0.000304 [0.000101/57.378212] [8993/0.000202]
  8  18 250, 0.000248 [0.000100/57.378047] [9043/0.000202]
  8  18 300, 0.000336 [0.000100/57.377882] [9093/0.000202]
  8  18 350, 0.000248 [0.000101/57.377716] [9143/0.000202]
Epoch 18 done. Evaluation:
(50000, 50000)
(8616, 10000)
  8  19  50, 0.000209 [0.000101/57.377416] [9234/0.000202]
  8  19 100, 0.000264 [0.000100/57.377250] [9284/0.000202]
  8  19 150, 0.000247 [0.000100/57.377086] [9334/0.000202]
  8  19 200, 0.000227 [0.000100/57.376922] [9384/0.000202]
  8  19 250, 0.000239 [0.000111/57.376756] [9434/0.000202]
  8  19 300, 0.000232 [0.000101/57.376592] [9484/0.000202]
  8  19 350, 0.000267 [0.000101/57.376426] [9534/0.000202]
Epoch 19 done. Evaluation:
(50000, 50000)
(8619, 10000)
  9   0  50, 0.000235 [0.000100/57.376221] [9625/0.000202]
  9   0 100, 0.000285 [0.000101/57.376149] [9675/0.000202]
  9   0 150, 0.000253 [0.000100/57.376077] [9725/0.000202]
  9   0 200, 0.000240 [0.000100/57.376007] [9775/0.000202]
  9   0 250, 0.000251 [0.000100/57.375936] [9825/0.000202]
  9   0 300, 0.000261 [0.000100/57.375864] [9875/0.000202]
  9   0 350, 0.000313 [0.000100/57.375792] [9925/0.000202]
Epoch 0 done. Evaluation:
(50000, 50000)
(8604, 10000)
  9   1  50, 0.000289 [0.000100/57.375661] [10016/0.000202]
  9   1 100, 0.000298 [0.000100/57.375589] [10066/0.000202]
  9   1 150, 0.000251 [0.000100/57.375518] [10116/0.000202]
  9   1 200, 0.000256 [0.000103/57.375448] [10166/0.000202]
  9   1 250, 0.000243 [0.000100/57.375375] [10216/0.000202]
  9   1 300, 0.000260 [0.000101/57.375304] [10266/0.000202]
  9   1 350, 0.000254 [0.000105/57.375235] [10316/0.000202]
Epoch 1 done. Evaluation:
(50000, 50000)
(8617, 10000)
  9   2  50, 0.000269 [0.000100/57.375105] [10407/0.000202]
  9   2 100, 0.000234 [0.000101/57.375032] [10457/0.000202]
  9   2 150, 0.000287 [0.000107/57.374962] [10507/0.000202]
  9   2 200, 0.000287 [0.000100/57.374890] [10557/0.000202]
  9   2 250, 0.000250 [0.000100/57.374820] [10607/0.000202]
  9   2 300, 0.000276 [0.000100/57.374747] [10657/0.000202]
  9   2 350, 0.000252 [0.000101/57.374677] [10707/0.000202]
Epoch 2 done. Evaluation:
(50000, 50000)
(8618, 10000)
  9   3  50, 0.000237 [0.000100/57.374548] [10798/0.000202]
  9   3 100, 0.000302 [0.000100/57.374475] [10848/0.000202]
  9   3 150, 0.000236 [0.000100/57.374405] [10898/0.000202]
  9   3 200, 0.000232 [0.000101/57.374334] [10948/0.000202]
  9   3 250, 0.000263 [0.000101/57.374263] [10998/0.000202]
  9   3 300, 0.000267 [0.000101/57.374191] [11048/0.000202]
  9   3 350, 0.000233 [0.000101/57.374120] [11098/0.000202]
Epoch 3 done. Evaluation:
(50000, 50000)
(8608, 10000)
  9   4  50, 0.000221 [0.000104/57.373992] [11189/0.000202]
  9   4 100, 0.000270 [0.000101/57.373920] [11239/0.000202]
  9   4 150, 0.000269 [0.000100/57.373849] [11289/0.000202]
  9   4 200, 0.000203 [0.000101/57.373779] [11339/0.000202]
  9   4 250, 0.000246 [0.000100/57.373707] [11389/0.000202]
  9   4 300, 0.000240 [0.000100/57.373637] [11439/0.000202]
  9   4 350, 0.000238 [0.000100/57.373565] [11489/0.000202]
Epoch 4 done. Evaluation:
(50000, 50000)
(8606, 10000)
  9   5  50, 0.000234 [0.000100/57.373435] [11580/0.000202]
  9   5 100, 0.000227 [0.000100/57.373364] [11630/0.000202]
  9   5 150, 0.000281 [0.000100/57.373293] [11680/0.000202]
  9   5 200, 0.000216 [0.000100/57.373222] [11730/0.000202]
  9   5 250, 0.000263 [0.000100/57.373151] [11780/0.000202]
  9   5 300, 0.000280 [0.000100/57.373079] [11830/0.000202]
  9   5 350, 0.000227 [0.000100/57.373009] [11880/0.000202]
Epoch 5 done. Evaluation:
(50000, 50000)
(8605, 10000)
  9   6  50, 0.000269 [0.000109/57.372880] [11971/0.000202]
  9   6 100, 0.000251 [0.000100/57.372808] [12021/0.000202]
  9   6 150, 0.000239 [0.000100/57.372737] [12071/0.000202]
  9   6 200, 0.000235 [0.000100/57.372665] [12121/0.000202]
  9   6 250, 0.000236 [0.000127/57.372595] [12171/0.000202]
  9   6 300, 0.000239 [0.000100/57.372524] [12221/0.000202]
  9   6 350, 0.000322 [0.000100/57.372454] [12271/0.000202]
Epoch 6 done. Evaluation:
(50000, 50000)
(8627, 10000)
  9   7  50, 0.000238 [0.000100/57.372323] [12362/0.000202]
  9   7 100, 0.000247 [0.000100/57.372254] [12412/0.000202]
  9   7 150, 0.000233 [0.000101/57.372183] [12462/0.000202]
  9   7 200, 0.000227 [0.000100/57.372111] [12512/0.000202]
  9   7 250, 0.000240 [0.000100/57.372040] [12562/0.000202]
  9   7 300, 0.000245 [0.000101/57.371968] [12612/0.000202]
  9   7 350, 0.000289 [0.000101/57.371898] [12662/0.000202]
Epoch 7 done. Evaluation:
(50000, 50000)
(8611, 10000)
  9   8  50, 0.000291 [0.000100/57.371766] [12753/0.000202]
  9   8 100, 0.000300 [0.000100/57.371695] [12803/0.000202]
  9   8 150, 0.000233 [0.000100/57.371624] [12853/0.000202]
  9   8 200, 0.000254 [0.000100/57.371553] [12903/0.000202]
  9   8 250, 0.000240 [0.000100/57.371481] [12953/0.000202]
  9   8 300, 0.000226 [0.000100/57.371409] [13003/0.000202]
  9   8 350, 0.000291 [0.000172/57.371338] [13053/0.000202]
Epoch 8 done. Evaluation:
(50000, 50000)
(8599, 10000)
  9   9  50, 0.000237 [0.000100/57.371210] [13144/0.000202]
  9   9 100, 0.000227 [0.000100/57.371139] [13194/0.000202]
  9   9 150, 0.000282 [0.000100/57.371067] [13244/0.000202]
  9   9 200, 0.000236 [0.000100/57.370996] [13294/0.000202]
  9   9 250, 0.000237 [0.000101/57.370926] [13344/0.000202]
  9   9 300, 0.000267 [0.000100/57.370854] [13394/0.000202]
  9   9 350, 0.000265 [0.000100/57.370782] [13444/0.000202]
Epoch 9 done. Evaluation:
(50000, 50000)
(8609, 10000)
  9  10  50, 0.000254 [0.000101/57.370654] [13535/0.000202]
  9  10 100, 0.000260 [0.000100/57.370582] [13585/0.000202]
  9  10 150, 0.000233 [0.000101/57.370511] [13635/0.000202]
  9  10 200, 0.000219 [0.000100/57.370441] [13685/0.000202]
  9  10 250, 0.000261 [0.000100/57.370369] [13735/0.000202]
  9  10 300, 0.000231 [0.000101/57.370299] [13785/0.000202]
  9  10 350, 0.000278 [0.000101/57.370226] [13835/0.000202]
Epoch 10 done. Evaluation:
(50000, 50000)
(8614, 10000)
  9  11  50, 0.000307 [0.000100/57.370097] [13926/0.000202]
  9  11 100, 0.000253 [0.000100/57.370026] [13976/0.000202]
  9  11 150, 0.000266 [0.000100/57.369954] [14026/0.000202]
  9  11 200, 0.000259 [0.000101/57.369882] [14076/0.000202]
  9  11 250, 0.000237 [0.000102/57.369812] [14126/0.000202]
  9  11 300, 0.000286 [0.000100/57.369740] [14176/0.000202]
  9  11 350, 0.000243 [0.000101/57.369669] [14226/0.000202]
Epoch 11 done. Evaluation:
(50000, 50000)
(8614, 10000)
  9  12  50, 0.000223 [0.000100/57.369538] [14317/0.000202]
  9  12 100, 0.000262 [0.000100/57.369467] [14367/0.000202]
  9  12 150, 0.000234 [0.000100/57.369396] [14417/0.000202]
  9  12 200, 0.000278 [0.000100/57.369326] [14467/0.000202]
  9  12 250, 0.000314 [0.000101/57.369254] [14517/0.000202]
  9  12 300, 0.000335 [0.000102/57.369181] [14567/0.000202]
  9  12 350, 0.000247 [0.000100/57.369111] [14617/0.000202]
Epoch 12 done. Evaluation:
(50000, 50000)
(8614, 10000)
  9  13  50, 0.000285 [0.000101/57.368978] [14708/0.000202]
  9  13 100, 0.000233 [0.000100/57.368909] [14758/0.000202]
  9  13 150, 0.000294 [0.000104/57.368838] [14808/0.000202]
  9  13 200, 0.000234 [0.000100/57.368767] [14858/0.000202]
  9  13 250, 0.000279 [0.000100/57.368696] [14908/0.000202]
  9  13 300, 0.000275 [0.000101/57.368625] [14958/0.000202]
  9  13 350, 0.000307 [0.000125/57.368553] [15008/0.000202]
Epoch 13 done. Evaluation:
(50000, 50000)
(8613, 10000)
  9  14  50, 0.000295 [0.000102/57.368423] [15099/0.000202]
  9  14 100, 0.000253 [0.000100/57.368351] [15149/0.000202]
  9  14 150, 0.000237 [0.000100/57.368282] [15199/0.000202]
  9  14 200, 0.000282 [0.000101/57.368210] [15249/0.000202]
  9  14 250, 0.000235 [0.000101/57.368140] [15299/0.000202]
  9  14 300, 0.000267 [0.000101/57.368067] [15349/0.000202]
  9  14 350, 0.000273 [0.000100/57.367994] [15399/0.000202]
Epoch 14 done. Evaluation:
(50000, 50000)
(8613, 10000)
  9  15  50, 0.000285 [0.000102/57.367866] [15490/0.000202]
  9  15 100, 0.000266 [0.000101/57.367794] [15540/0.000202]
  9  15 150, 0.000252 [0.000100/57.367722] [15590/0.000202]
  9  15 200, 0.000244 [0.000102/57.367653] [15640/0.000202]
  9  15 250, 0.000270 [0.000100/57.367581] [15690/0.000202]
  9  15 300, 0.000279 [0.000100/57.367511] [15740/0.000202]
  9  15 350, 0.000213 [0.000100/57.367438] [15790/0.000202]
Epoch 15 done. Evaluation:
(50000, 50000)
(8619, 10000)
  9  16  50, 0.000229 [0.000100/57.367311] [15881/0.000202]
  9  16 100, 0.000253 [0.000100/57.367241] [15931/0.000202]
  9  16 150, 0.000277 [0.000109/57.367167] [15981/0.000202]
  9  16 200, 0.000268 [0.000101/57.367096] [16031/0.000202]
  9  16 250, 0.000253 [0.000100/57.367026] [16081/0.000202]
  9  16 300, 0.000243 [0.000100/57.366952] [16131/0.000202]
  9  16 350, 0.000341 [0.000100/57.366882] [16181/0.000202]
Epoch 16 done. Evaluation:
(50000, 50000)
(8609, 10000)
  9  17  50, 0.000261 [0.000100/57.366751] [16272/0.000202]
  9  17 100, 0.000269 [0.000100/57.366681] [16322/0.000202]
  9  17 150, 0.000279 [0.000100/57.366608] [16372/0.000202]
  9  17 200, 0.000218 [0.000101/57.366538] [16422/0.000202]
  9  17 250, 0.000238 [0.000101/57.366468] [16472/0.000202]
  9  17 300, 0.000305 [0.000100/57.366396] [16522/0.000202]
  9  17 350, 0.000243 [0.000100/57.366324] [16572/0.000202]
Epoch 17 done. Evaluation:
(50000, 50000)
(8599, 10000)
  9  18  50, 0.000235 [0.000100/57.366197] [16663/0.000202]
  9  18 100, 0.000353 [0.000100/57.366124] [16713/0.000202]
  9  18 150, 0.000229 [0.000102/57.366053] [16763/0.000202]
  9  18 200, 0.000294 [0.000100/57.365981] [16813/0.000202]
  9  18 250, 0.000260 [0.000106/57.365911] [16863/0.000202]
  9  18 300, 0.000251 [0.000100/57.365839] [16913/0.000202]
  9  18 350, 0.000265 [0.000100/57.365766] [16963/0.000202]
Epoch 18 done. Evaluation:
(50000, 50000)
(8612, 10000)
  9  19  50, 0.000377 [0.000100/57.365638] [17054/0.000202]
  9  19 100, 0.000260 [0.000100/57.365566] [17104/0.000202]
  9  19 150, 0.000317 [0.000101/57.365494] [17154/0.000202]
  9  19 200, 0.000284 [0.000100/57.365424] [17204/0.000202]
  9  19 250, 0.000306 [0.000100/57.365351] [17254/0.000202]
  9  19 300, 0.000258 [0.000100/57.365280] [17304/0.000202]
  9  19 350, 0.000251 [0.000101/57.365208] [17354/0.000202]
Epoch 19 done. Evaluation:
(50000, 50000)
(8602, 10000)
0.00027541313028
0.00285582906812
0.000715518540151
0.00144109300305
0.000359070459407
0.0007202031166
0.000179258088404
0.000359830301565
9.00123183896e-05
8.98020901586e-05
2.49919083091e-06
2.4111425573e-06
