Sequential (
  (conv1_1): Sequential (
    (0): Conv2d(3, 32, kernel_size=(3, 3), stride=(1, 1), padding=(1, 1))
    (1): BatchNorm2d(32, eps=1e-05, momentum=0.1, affine=True)
    (2): ReLU (inplace)
  )
  (conv1_2): Sequential (
    (0): Conv2d(32, 32, kernel_size=(3, 3), stride=(1, 1), padding=(1, 1))
    (1): BatchNorm2d(32, eps=1e-05, momentum=0.1, affine=True)
    (2): ReLU (inplace)
  )
  (pool1): MaxPool2d (size=(2, 2), stride=(2, 2), dilation=(1, 1))
  (conv2_1): Sequential (
    (0): Conv2d(32, 64, kernel_size=(3, 3), stride=(1, 1), padding=(1, 1))
    (1): BatchNorm2d(64, eps=1e-05, momentum=0.1, affine=True)
    (2): ReLU (inplace)
  )
  (conv2_2): Sequential (
    (0): Conv2d(64, 64, kernel_size=(3, 3), stride=(1, 1), padding=(1, 1))
    (1): BatchNorm2d(64, eps=1e-05, momentum=0.1, affine=True)
    (2): ReLU (inplace)
  )
  (pool2): MaxPool2d (size=(2, 2), stride=(2, 2), dilation=(1, 1))
  (conv3_1): Sequential (
    (0): Conv2d(64, 128, kernel_size=(3, 3), stride=(1, 1), padding=(1, 1))
    (1): BatchNorm2d(128, eps=1e-05, momentum=0.1, affine=True)
    (2): ReLU (inplace)
  )
  (conv3_2): Sequential (
    (0): Conv2d(128, 128, kernel_size=(3, 3), stride=(1, 1), padding=(1, 1))
    (1): BatchNorm2d(128, eps=1e-05, momentum=0.1, affine=True)
    (2): ReLU (inplace)
  )
  (pool3): MaxPool2d (size=(2, 2), stride=(2, 2), dilation=(1, 1))
  (conv4_1): Sequential (
    (0): Conv2d(128, 256, kernel_size=(3, 3), stride=(1, 1), padding=(1, 1))
    (1): BatchNorm2d(256, eps=1e-05, momentum=0.1, affine=True)
    (2): ReLU (inplace)
  )
  (conv4_2): Sequential (
    (0): Conv2d(256, 256, kernel_size=(3, 3), stride=(1, 1), padding=(1, 1))
    (1): BatchNorm2d(256, eps=1e-05, momentum=0.1, affine=True)
    (2): ReLU (inplace)
  )
  (pool4): MaxPool2d (size=(2, 2), stride=(2, 2), dilation=(1, 1))
  (conv5_1): Sequential (
    (0): Conv2d(256, 256, kernel_size=(3, 3), stride=(1, 1), padding=(1, 1))
    (1): BatchNorm2d(256, eps=1e-05, momentum=0.1, affine=True)
    (2): ReLU (inplace)
  )
  (conv5_2): Sequential (
    (0): Conv2d(256, 256, kernel_size=(3, 3), stride=(1, 1), padding=(1, 1))
    (1): BatchNorm2d(256, eps=1e-05, momentum=0.1, affine=True)
    (2): ReLU (inplace)
  )
  (pool5): MaxPool2d (size=(2, 2), stride=(2, 2), dilation=(1, 1))
  (fc6): Sequential (
    (0): Conv2d(256, 256, kernel_size=(1, 1), stride=(1, 1))
    (1): BatchNorm2d(256, eps=1e-05, momentum=0.1, affine=True)
    (2): ReLU (inplace)
  )
  (logit): Conv2d(256, 10, kernel_size=(1, 1), stride=(1, 1))
  (flatter): Flatten()
)
{'L1_decay': 5e-06,
 'batch_size': 128,
 'force_name': False,
 'graphfolder': 'logs/cxp4_graphs/',
 'learning_rate': 0.1,
 'logfile': 'logs/cxp4.log',
 'mode': '',
 'name': 'cxp4',
 'num_base': 32,
 'optimizer': 'SGD_var_dup',
 'weight_decay': 4e-05}
Decayed training with schedule: [20, 20, 20, 20, 20, 20, 20, 20, 20, 20]
  0   0  50, 1.845827 [0.378660/72.016125] [   0/1.845827]
  0   0 100, 1.486229 [0.392006/71.831463] [   0/1.486229]
  0   0 150, 1.338262 [0.351773/71.649953] [   0/1.338262]
  0   0 200, 1.228857 [0.363752/71.468998] [   0/1.228857]
  0   0 250, 1.168137 [0.354843/71.289218] [   0/1.168137]
  0   0 300, 1.087133 [0.369422/71.110108] [   0/1.087133]
  0   0 350, 1.025745 [0.323148/70.934058] [   0/1.025745]
Epoch 0 done. Evaluation:
(26893, 50000)
(6177, 10000)
  0   1  50, 0.903119 [0.309391/70.623968] [   0/0.903119]
  0   1 100, 0.878091 [0.335148/70.456865] [   0/0.878091]
  0   1 150, 0.903556 [0.355652/70.286197] [  50/0.878091]
  0   1 200, 0.843181 [0.291217/70.122641] [   0/0.843181]
  0   1 250, 0.818365 [0.269050/69.959739] [   0/0.818365]
  0   1 300, 0.802208 [0.304031/69.796815] [   0/0.802208]
  0   1 350, 0.810764 [0.282462/69.633448] [  50/0.802208]
Epoch 1 done. Evaluation:
(35149, 50000)
(6273, 10000)
  0   2  50, 0.698467 [0.327401/69.349416] [   0/0.698467]
  0   2 100, 0.656603 [0.305147/69.200088] [   0/0.656603]
  0   2 150, 0.695945 [0.316252/69.048296] [  50/0.656603]
  0   2 200, 0.703381 [0.372566/68.897501] [ 100/0.656603]
  0   2 250, 0.688493 [0.279927/68.748567] [ 150/0.656603]
  0   2 300, 0.681262 [0.321553/68.601653] [ 200/0.656603]
  0   2 350, 0.650645 [0.288596/68.456665] [   0/0.650645]
Epoch 2 done. Evaluation:
(38168, 50000)
(7024, 10000)
  0   3  50, 0.568994 [0.279984/68.200957] [   0/0.568994]
  0   3 100, 0.578661 [0.286724/68.064700] [  50/0.568994]
  0   3 150, 0.578049 [0.328108/67.929393] [ 100/0.568994]
  0   3 200, 0.587951 [0.305782/67.794660] [ 150/0.568994]
  0   3 250, 0.603083 [0.331787/67.662491] [ 200/0.568994]
  0   3 300, 0.581229 [0.302384/67.529561] [ 250/0.568994]
  0   3 350, 0.560396 [0.291127/67.398877] [   0/0.560396]
Epoch 3 done. Evaluation:
(39870, 50000)
(7480, 10000)
  0   4  50, 0.499200 [0.311242/67.165962] [   0/0.499200]
  0   4 100, 0.507174 [0.312661/67.042242] [  50/0.499200]
  0   4 150, 0.519386 [0.269132/66.921015] [ 100/0.499200]
  0   4 200, 0.497788 [0.276521/66.798155] [   0/0.497788]
  0   4 250, 0.537911 [0.329761/66.676969] [  50/0.497788]
  0   4 300, 0.534575 [0.324571/66.558476] [ 100/0.497788]
  0   4 350, 0.515020 [0.299548/66.441099] [ 150/0.497788]
Epoch 4 done. Evaluation:
(41042, 50000)
(7336, 10000)
  0   5  50, 0.419067 [0.317035/66.230800] [   0/0.419067]
  0   5 100, 0.449081 [0.327436/66.119277] [  50/0.419067]
  0   5 150, 0.453547 [0.300477/66.008037] [ 100/0.419067]
  0   5 200, 0.461801 [0.367485/65.900155] [ 150/0.419067]
  0   5 250, 0.469729 [0.427202/65.792354] [ 200/0.419067]
  0   5 300, 0.495602 [0.304055/65.682394] [ 250/0.419067]
  0   5 350, 0.458354 [0.327085/65.574457] [ 300/0.419067]
Epoch 5 done. Evaluation:
(41962, 50000)
(7717, 10000)
  0   6  50, 0.391702 [0.277698/65.381620] [   0/0.391702]
  0   6 100, 0.402407 [0.361847/65.278919] [  50/0.391702]
  0   6 150, 0.419064 [0.296497/65.175866] [ 100/0.391702]
  0   6 200, 0.408194 [0.396056/65.074495] [ 150/0.391702]
  0   6 250, 0.420882 [0.332001/64.974669] [ 200/0.391702]
  0   6 300, 0.427515 [0.384351/64.874835] [ 250/0.391702]
  0   6 350, 0.426644 [0.296880/64.777869] [ 300/0.391702]
Epoch 6 done. Evaluation:
(42817, 50000)
(7713, 10000)
  0   7  50, 0.360528 [0.287417/64.601512] [   0/0.360528]
  0   7 100, 0.367707 [0.398043/64.508173] [  50/0.360528]
  0   7 150, 0.357457 [0.356648/64.415522] [   0/0.357457]
  0   7 200, 0.373651 [0.303420/64.324641] [  50/0.357457]
  0   7 250, 0.376922 [0.351309/64.231304] [ 100/0.357457]
  0   7 300, 0.387832 [0.327470/64.139289] [ 150/0.357457]
  0   7 350, 0.373852 [0.355129/64.048201] [ 200/0.357457]
Epoch 7 done. Evaluation:
(43467, 50000)
(7902, 10000)
  0   8  50, 0.309183 [0.336487/63.881947] [   0/0.309183]
  0   8 100, 0.313291 [0.358288/63.795607] [  50/0.309183]
  0   8 150, 0.341981 [0.367087/63.711067] [ 100/0.309183]
  0   8 200, 0.344805 [0.358014/63.628057] [ 150/0.309183]
  0   8 250, 0.344087 [0.339320/63.544849] [ 200/0.309183]
  0   8 300, 0.374230 [0.231538/63.460398] [ 250/0.309183]
  0   8 350, 0.348812 [0.344758/63.375697] [ 300/0.309183]
Epoch 8 done. Evaluation:
(44082, 50000)
(7345, 10000)
  0   9  50, 0.288263 [0.313144/63.223964] [   0/0.288263]
  0   9 100, 0.284926 [0.385630/63.142517] [   0/0.284926]
  0   9 150, 0.328076 [0.395691/63.065700] [  50/0.284926]
  0   9 200, 0.322234 [0.351695/62.992151] [ 100/0.284926]
  0   9 250, 0.342486 [0.368854/62.914735] [ 150/0.284926]
  0   9 300, 0.334133 [0.359864/62.837628] [ 200/0.284926]
  0   9 350, 0.338804 [0.380928/62.761328] [ 250/0.284926]
Epoch 9 done. Evaluation:
(44340, 50000)
(7769, 10000)
  0  10  50, 0.267542 [0.316848/62.618499] [   0/0.267542]
  0  10 100, 0.275959 [0.366854/62.541563] [  50/0.267542]
  0  10 150, 0.281730 [0.295160/62.468844] [ 100/0.267542]
  0  10 200, 0.292029 [0.310425/62.396194] [ 150/0.267542]
  0  10 250, 0.291129 [0.325858/62.322410] [ 200/0.267542]
  0  10 300, 0.316266 [0.403532/62.252800] [ 250/0.267542]
  0  10 350, 0.302365 [0.340797/62.180706] [ 300/0.267542]
Epoch 10 done. Evaluation:
(44917, 50000)
(7972, 10000)
  0  11  50, 0.256108 [0.354418/62.054747] [   0/0.256108]
  0  11 100, 0.259459 [0.350839/61.986727] [  50/0.256108]
  0  11 150, 0.264501 [0.354158/61.918571] [ 100/0.256108]
  0  11 200, 0.280558 [0.458624/61.851741] [ 150/0.256108]
  0  11 250, 0.278299 [0.402019/61.784862] [ 200/0.256108]
  0  11 300, 0.292178 [0.347839/61.716446] [ 250/0.256108]
  0  11 350, 0.304714 [0.391710/61.651942] [ 300/0.256108]
Epoch 11 done. Evaluation:
(45104, 50000)
(7808, 10000)
  0  12  50, 0.220185 [0.324115/61.523988] [   0/0.220185]
  0  12 100, 0.231563 [0.370255/61.453477] [  50/0.220185]
  0  12 150, 0.242592 [0.386037/61.389219] [ 100/0.220185]
  0  12 200, 0.257509 [0.456235/61.326587] [ 150/0.220185]
  0  12 250, 0.253637 [0.359225/61.262067] [ 200/0.220185]
  0  12 300, 0.266790 [0.426125/61.198969] [ 250/0.220185]
  0  12 350, 0.297308 [0.403297/61.136682] [ 300/0.220185]
Epoch 12 done. Evaluation:
(45550, 50000)
(7332, 10000)
  0  13  50, 0.206343 [0.364336/61.017959] [   0/0.206343]
  0  13 100, 0.226588 [0.365389/60.954637] [  50/0.206343]
  0  13 150, 0.217582 [0.416286/60.890522] [ 100/0.206343]
  0  13 200, 0.244831 [0.475724/60.833092] [ 150/0.206343]
  0  13 250, 0.238690 [0.320050/60.772544] [ 200/0.206343]
  0  13 300, 0.251378 [0.284404/60.713984] [ 250/0.206343]
  0  13 350, 0.274248 [0.406561/60.655969] [ 300/0.206343]
Epoch 13 done. Evaluation:
(45821, 50000)
(7939, 10000)
  0  14  50, 0.198515 [0.233513/60.542344] [   0/0.198515]
  0  14 100, 0.200270 [0.433491/60.480367] [  50/0.198515]
  0  14 150, 0.213408 [0.323066/60.421764] [ 100/0.198515]
  0  14 200, 0.229175 [0.378372/60.367700] [ 150/0.198515]
  0  14 250, 0.236587 [0.378767/60.313269] [ 200/0.198515]
  0  14 300, 0.245814 [0.403896/60.257909] [ 250/0.198515]
  0  14 350, 0.236435 [0.370628/60.201295] [ 300/0.198515]
Epoch 14 done. Evaluation:
(46018, 50000)
(7185, 10000)
  0  15  50, 0.173411 [0.350449/60.096852] [   0/0.173411]
  0  15 100, 0.203384 [0.352244/60.040775] [  50/0.173411]
  0  15 150, 0.208460 [0.410930/59.984972] [ 100/0.173411]
  0  15 200, 0.207203 [0.299031/59.927812] [ 150/0.173411]
  0  15 250, 0.218434 [0.390119/59.873991] [ 200/0.173411]
  0  15 300, 0.220572 [0.407200/59.819938] [ 250/0.173411]
  0  15 350, 0.247898 [0.381634/59.770376] [ 300/0.173411]
Epoch 15 done. Evaluation:
(46271, 50000)
(7757, 10000)
  0  16  50, 0.172678 [0.363682/59.668293] [   0/0.172678]
  0  16 100, 0.177832 [0.291150/59.609010] [  50/0.172678]
  0  16 150, 0.198265 [0.260074/59.554856] [ 100/0.172678]
  0  16 200, 0.186982 [0.347962/59.500690] [ 150/0.172678]
  0  16 250, 0.198338 [0.315808/59.449543] [ 200/0.172678]
  0  16 300, 0.201679 [0.354685/59.397694] [ 250/0.172678]
  0  16 350, 0.208921 [0.268497/59.346339] [ 300/0.172678]
Epoch 16 done. Evaluation:
(46672, 50000)
(7745, 10000)
  0  17  50, 0.169014 [0.361173/59.248447] [   0/0.169014]
  0  17 100, 0.166320 [0.242856/59.193644] [   0/0.166320]
  0  17 150, 0.168801 [0.323216/59.140397] [  50/0.166320]
  0  17 200, 0.181671 [0.383330/59.089984] [ 100/0.166320]
  0  17 250, 0.204182 [0.482069/59.047918] [ 150/0.166320]
  0  17 300, 0.212160 [0.433026/59.005236] [ 200/0.166320]
  0  17 350, 0.222168 [0.450072/58.961646] [ 250/0.166320]
Epoch 17 done. Evaluation:
(46563, 50000)
(7833, 10000)
  0  18  50, 0.144628 [0.291819/58.866683] [   0/0.144628]
  0  18 100, 0.163958 [0.281649/58.816989] [  50/0.144628]
  0  18 150, 0.174730 [0.309609/58.768338] [ 100/0.144628]
  0  18 200, 0.158328 [0.403458/58.716501] [ 150/0.144628]
  0  18 250, 0.196264 [0.441172/58.672214] [ 200/0.144628]
  0  18 300, 0.196352 [0.430200/58.629688] [ 250/0.144628]
  0  18 350, 0.226806 [0.402361/58.587451] [ 300/0.144628]
Epoch 18 done. Evaluation:
(46790, 50000)
(7688, 10000)
  0  19  50, 0.144785 [0.309076/58.495617] [ 391/0.144628]
  0  19 100, 0.149237 [0.385284/58.445823] [ 441/0.144628]
  0  19 150, 0.144658 [0.431151/58.393238] [ 491/0.144628]
  0  19 200, 0.178428 [0.393601/58.349799] [ 541/0.144628]
  0  19 250, 0.190110 [0.341202/58.308103] [ 591/0.144628]
  0  19 300, 0.173696 [0.340698/58.263726] [ 641/0.144628]
  0  19 350, 0.166717 [0.291442/58.217812] [ 691/0.144628]
Epoch 19 done. Evaluation:
(47012, 50000)
(7794, 10000)
  1   0  50, 0.114448 [0.120328/58.149267] [   0/0.114448]
  1   0 100, 0.081137 [0.089527/58.108941] [   0/0.081137]
  1   0 150, 0.080930 [0.118125/58.068576] [   0/0.080930]
  1   0 200, 0.079217 [0.137705/58.029006] [   0/0.079217]
  1   0 250, 0.077986 [0.163469/57.989587] [   0/0.077986]
  1   0 300, 0.066762 [0.101795/57.949247] [   0/0.066762]
  1   0 350, 0.075389 [0.159912/57.909133] [  50/0.066762]
Epoch 0 done. Evaluation:
(48670, 50000)
(8524, 10000)
  1   1  50, 0.047843 [0.105244/57.834247] [   0/0.047843]
  1   1 100, 0.040992 [0.061400/57.792070] [   0/0.040992]
  1   1 150, 0.044037 [0.059563/57.750887] [  50/0.040992]
  1   1 200, 0.043855 [0.044476/57.709426] [ 100/0.040992]
  1   1 250, 0.044422 [0.099851/57.668084] [ 150/0.040992]
  1   1 300, 0.046360 [0.053357/57.627519] [ 200/0.040992]
  1   1 350, 0.046555 [0.140592/57.587792] [ 250/0.040992]
Epoch 1 done. Evaluation:
(49346, 50000)
(8429, 10000)
  1   2  50, 0.032854 [0.080182/57.513975] [   0/0.032854]
  1   2 100, 0.034461 [0.168490/57.472721] [  50/0.032854]
  1   2 150, 0.033268 [0.119916/57.431573] [ 100/0.032854]
  1   2 200, 0.038908 [0.064862/57.391144] [ 150/0.032854]
  1   2 250, 0.041093 [0.205676/57.351897] [ 200/0.032854]
  1   2 300, 0.043296 [0.043473/57.313244] [ 250/0.032854]
  1   2 350, 0.029559 [0.104008/57.272499] [   0/0.029559]
Epoch 2 done. Evaluation:
(49493, 50000)
(8550, 10000)
  1   3  50, 0.025243 [0.058693/57.198099] [   0/0.025243]
  1   3 100, 0.021182 [0.065261/57.156973] [   0/0.021182]
  1   3 150, 0.023543 [0.036914/57.115990] [  50/0.021182]
  1   3 200, 0.022696 [0.101506/57.075235] [ 100/0.021182]
  1   3 250, 0.027388 [0.098375/57.035630] [ 150/0.021182]
  1   3 300, 0.027257 [0.141319/56.996632] [ 200/0.021182]
  1   3 350, 0.024519 [0.122205/56.957227] [ 250/0.021182]
Epoch 3 done. Evaluation:
(49653, 50000)
(8481, 10000)
  1   4  50, 0.019991 [0.080354/56.884363] [   0/0.019991]
  1   4 100, 0.019636 [0.112618/56.844002] [   0/0.019636]
  1   4 150, 0.023700 [0.097901/56.804779] [  50/0.019636]
  1   4 200, 0.026039 [0.052398/56.766294] [ 100/0.019636]
  1   4 250, 0.018505 [0.059439/56.726420] [   0/0.018505]
  1   4 300, 0.020949 [0.034552/56.686930] [  50/0.018505]
  1   4 350, 0.028395 [0.171021/56.649947] [ 100/0.018505]
Epoch 4 done. Evaluation:
(49692, 50000)
(8511, 10000)
  1   5  50, 0.021074 [0.080718/56.581321] [ 191/0.018505]
  1   5 100, 0.024511 [0.107074/56.544048] [ 241/0.018505]
  1   5 150, 0.023942 [0.055534/56.506151] [ 291/0.018505]
  1   5 200, 0.021740 [0.155878/56.468061] [ 341/0.018505]
  1   5 250, 0.018240 [0.050382/56.429655] [   0/0.018240]
  1   5 300, 0.027262 [0.078795/56.393792] [  50/0.018240]
  1   5 350, 0.021824 [0.136535/56.356889] [ 100/0.018240]
Epoch 5 done. Evaluation:
(49664, 50000)
(8385, 10000)
  1   6  50, 0.026912 [0.029951/56.294057] [ 191/0.018240]
  1   6 100, 0.026078 [0.105660/56.258396] [ 241/0.018240]
  1   6 150, 0.027766 [0.071221/56.223160] [ 291/0.018240]
  1   6 200, 0.028360 [0.126721/56.189109] [ 341/0.018240]
  1   6 250, 0.040095 [0.163377/56.157330] [ 391/0.018240]
  1   6 300, 0.040983 [0.127362/56.126909] [ 441/0.018240]
  1   6 350, 0.047166 [0.162686/56.098319] [ 491/0.018240]
Epoch 6 done. Evaluation:
(49425, 50000)
(7842, 10000)
  1   7  50, 0.039309 [0.061772/56.043032] [ 582/0.018240]
  1   7 100, 0.042137 [0.167154/56.012812] [ 632/0.018240]
  1   7 150, 0.038628 [0.132774/55.982043] [ 682/0.018240]
  1   7 200, 0.031179 [0.138649/55.948758] [ 732/0.018240]
  1   7 250, 0.036721 [0.215441/55.917477] [ 782/0.018240]
  1   7 300, 0.043399 [0.234786/55.888585] [ 832/0.018240]
  1   7 350, 0.058777 [0.200622/55.863869] [ 882/0.018240]
Epoch 7 done. Evaluation:
(49243, 50000)
(8067, 10000)
  1   8  50, 0.053845 [0.149697/55.819917] [ 973/0.018240]
  1   8 100, 0.040985 [0.164635/55.789476] [1023/0.018240]
  1   8 150, 0.050650 [0.178574/55.761455] [1073/0.018240]
  1   8 200, 0.050949 [0.235985/55.734088] [1123/0.018240]
  1   8 250, 0.052751 [0.146896/55.706733] [1173/0.018240]
  1   8 300, 0.059705 [0.206001/55.680984] [1223/0.018240]
  1   8 350, 0.060120 [0.232430/55.656583] [1273/0.018240]
Epoch 8 done. Evaluation:
(49083, 50000)
(8289, 10000)
  1   9  50, 0.048956 [0.130081/55.609407] [1364/0.018240]
  1   9 100, 0.051946 [0.131894/55.582947] [1414/0.018240]
  1   9 150, 0.049377 [0.132880/55.555008] [1464/0.018240]
  1   9 200, 0.055247 [0.120846/55.529860] [1514/0.018240]
  1   9 250, 0.055128 [0.248067/55.504096] [1564/0.018240]
  1   9 300, 0.047343 [0.173880/55.476180] [1614/0.018240]
  1   9 350, 0.055667 [0.110471/55.450589] [1664/0.018240]
Epoch 9 done. Evaluation:
(49103, 50000)
(8326, 10000)
  1  10  50, 0.040616 [0.116346/55.398106] [1755/0.018240]
  1  10 100, 0.046010 [0.212711/55.370202] [1805/0.018240]
  1  10 150, 0.052555 [0.231348/55.343681] [1855/0.018240]
  1  10 200, 0.039527 [0.211982/55.314714] [1905/0.018240]
  1  10 250, 0.051569 [0.189289/55.288651] [1955/0.018240]
  1  10 300, 0.057984 [0.279594/55.264496] [2005/0.018240]
  1  10 350, 0.067677 [0.191255/55.242557] [2055/0.018240]
Epoch 10 done. Evaluation:
(49111, 50000)
(8282, 10000)
  1  11  50, 0.040265 [0.063885/55.194193] [2146/0.018240]
  1  11 100, 0.035017 [0.161551/55.163903] [2196/0.018240]
  1  11 150, 0.056104 [0.133420/55.138759] [2246/0.018240]
  1  11 200, 0.042658 [0.194278/55.111015] [2296/0.018240]
  1  11 250, 0.057460 [0.252519/55.086078] [2346/0.018240]
  1  11 300, 0.050862 [0.174934/55.059443] [2396/0.018240]
  1  11 350, 0.058561 [0.259197/55.035874] [2446/0.018240]
Epoch 11 done. Evaluation:
(49143, 50000)
(8085, 10000)
  1  12  50, 0.044646 [0.219042/54.991211] [2537/0.018240]
  1  12 100, 0.039788 [0.145916/54.963119] [2587/0.018240]
  1  12 150, 0.049228 [0.093763/54.937559] [2637/0.018240]
  1  12 200, 0.054564 [0.192430/54.912895] [2687/0.018240]
  1  12 250, 0.051406 [0.121727/54.887782] [2737/0.018240]
  1  12 300, 0.049587 [0.157935/54.862434] [2787/0.018240]
  1  12 350, 0.061053 [0.075414/54.839938] [2837/0.018240]
Epoch 12 done. Evaluation:
(49093, 50000)
(8175, 10000)
  1  13  50, 0.051380 [0.071454/54.803357] [2928/0.018240]
  1  13 100, 0.061776 [0.205082/54.781542] [2978/0.018240]
  1  13 150, 0.047376 [0.254142/54.755329] [3028/0.018240]
  1  13 200, 0.053239 [0.186949/54.731298] [3078/0.018240]
  1  13 250, 0.076633 [0.187898/54.712212] [3128/0.018240]
  1  13 300, 0.079358 [0.201815/54.693675] [3178/0.018240]
  1  13 350, 0.064797 [0.188385/54.671986] [3228/0.018240]
Epoch 13 done. Evaluation:
(48886, 50000)
(8284, 10000)
  1  14  50, 0.060463 [0.215064/54.631474] [3319/0.018240]
  1  14 100, 0.049521 [0.139310/54.605641] [3369/0.018240]
  1  14 150, 0.056447 [0.171319/54.581399] [3419/0.018240]
  1  14 200, 0.054672 [0.099453/54.556831] [3469/0.018240]
  1  14 250, 0.051270 [0.110159/54.532492] [3519/0.018240]
  1  14 300, 0.046622 [0.179834/54.506933] [3569/0.018240]
  1  14 350, 0.055352 [0.165598/54.483465] [3619/0.018240]
Epoch 14 done. Evaluation:
(49088, 50000)
(8092, 10000)
  1  15  50, 0.043970 [0.188035/54.440770] [3710/0.018240]
  1  15 100, 0.050936 [0.208059/54.416480] [3760/0.018240]
  1  15 150, 0.053961 [0.197997/54.393862] [3810/0.018240]
  1  15 200, 0.045644 [0.163947/54.368361] [3860/0.018240]
  1  15 250, 0.055176 [0.253571/54.345099] [3910/0.018240]
  1  15 300, 0.046153 [0.213729/54.319858] [3960/0.018240]
  1  15 350, 0.057843 [0.138282/54.298294] [4010/0.018240]
Epoch 15 done. Evaluation:
(49127, 50000)
(6902, 10000)
  1  16  50, 0.056754 [0.138864/54.259077] [4101/0.018240]
  1  16 100, 0.059887 [0.061061/54.237324] [4151/0.018240]
  1  16 150, 0.056537 [0.058252/54.214650] [4201/0.018240]
  1  16 200, 0.063181 [0.161486/54.194232] [4251/0.018240]
  1  16 250, 0.061407 [0.183985/54.173440] [4301/0.018240]
  1  16 300, 0.058531 [0.143203/54.150528] [4351/0.018240]
  1  16 350, 0.058996 [0.137294/54.129233] [4401/0.018240]
Epoch 16 done. Evaluation:
(48965, 50000)
(8232, 10000)
  1  17  50, 0.049008 [0.209652/54.088222] [4492/0.018240]
  1  17 100, 0.048979 [0.188198/54.064277] [4542/0.018240]
  1  17 150, 0.041752 [0.128674/54.038284] [4592/0.018240]
  1  17 200, 0.045101 [0.193756/54.013989] [4642/0.018240]
  1  17 250, 0.049631 [0.138991/53.989774] [4692/0.018240]
  1  17 300, 0.063703 [0.287672/53.970364] [4742/0.018240]
  1  17 350, 0.065052 [0.211084/53.951216] [4792/0.018240]
Epoch 17 done. Evaluation:
(49078, 50000)
(7646, 10000)
  1  18  50, 0.050697 [0.150238/53.913041] [4883/0.018240]
  1  18 100, 0.058691 [0.148710/53.893216] [4933/0.018240]
  1  18 150, 0.046208 [0.168985/53.869025] [4983/0.018240]
  1  18 200, 0.048851 [0.197747/53.846270] [5033/0.018240]
  1  18 250, 0.059973 [0.209548/53.827600] [5083/0.018240]
  1  18 300, 0.069080 [0.164618/53.809061] [5133/0.018240]
  1  18 350, 0.066312 [0.223735/53.790047] [5183/0.018240]
Epoch 18 done. Evaluation:
(48990, 50000)
(8314, 10000)
  1  19  50, 0.052508 [0.167455/53.752677] [5274/0.018240]
  1  19 100, 0.056483 [0.263992/53.731798] [5324/0.018240]
  1  19 150, 0.061119 [0.168822/53.712350] [5374/0.018240]
  1  19 200, 0.065723 [0.082898/53.695187] [5424/0.018240]
  1  19 250, 0.050118 [0.212942/53.672645] [5474/0.018240]
  1  19 300, 0.068744 [0.137882/53.655021] [5524/0.018240]
  1  19 350, 0.082132 [0.303749/53.640351] [5574/0.018240]
Epoch 19 done. Evaluation:
(48910, 50000)
(8141, 10000)
  2   0  50, 0.033397 [0.091038/53.607913] [5665/0.018240]
  2   0 100, 0.027036 [0.071136/53.591046] [5715/0.018240]
  2   0 150, 0.020665 [0.041850/53.574004] [5765/0.018240]
  2   0 200, 0.022748 [0.045090/53.557057] [5815/0.018240]
  2   0 250, 0.015927 [0.053045/53.539775] [   0/0.015927]
  2   0 300, 0.016936 [0.080257/53.522554] [  50/0.015927]
  2   0 350, 0.015865 [0.062513/53.505227] [   0/0.015865]
Epoch 0 done. Evaluation:
(49655, 50000)
(8551, 10000)
  2   1  50, 0.011279 [0.006747/53.473285] [   0/0.011279]
  2   1 100, 0.010472 [0.030120/53.455441] [   0/0.010472]
  2   1 150, 0.010861 [0.010622/53.437716] [  50/0.010472]
  2   1 200, 0.008660 [0.020056/53.419890] [   0/0.008660]
  2   1 250, 0.009487 [0.011428/53.402202] [  50/0.008660]
  2   1 300, 0.008904 [0.010877/53.384455] [ 100/0.008660]
  2   1 350, 0.009101 [0.007502/53.366844] [ 150/0.008660]
Epoch 1 done. Evaluation:
(49884, 50000)
(8571, 10000)
  2   2  50, 0.004538 [0.007014/53.334167] [   0/0.004538]
  2   2 100, 0.006561 [0.007377/53.316346] [  50/0.004538]
  2   2 150, 0.006687 [0.009850/53.298504] [ 100/0.004538]
  2   2 200, 0.005167 [0.017544/53.280583] [ 150/0.004538]
  2   2 250, 0.006444 [0.006397/53.262780] [ 200/0.004538]
  2   2 300, 0.008026 [0.011219/53.245046] [ 250/0.004538]
  2   2 350, 0.005909 [0.004256/53.227303] [ 300/0.004538]
Epoch 2 done. Evaluation:
(49947, 50000)
(8603, 10000)
  2   3  50, 0.003236 [0.007879/53.194719] [   0/0.003236]
  2   3 100, 0.003233 [0.005299/53.176735] [   0/0.003233]
  2   3 150, 0.004768 [0.007353/53.158964] [  50/0.003233]
  2   3 200, 0.003273 [0.015533/53.141044] [ 100/0.003233]
  2   3 250, 0.004438 [0.007051/53.123308] [ 150/0.003233]
  2   3 300, 0.004897 [0.064966/53.105635] [ 200/0.003233]
  2   3 350, 0.003857 [0.002390/53.087857] [ 250/0.003233]
Epoch 3 done. Evaluation:
(49968, 50000)
(8618, 10000)
  2   4  50, 0.003157 [0.008609/53.055517] [   0/0.003157]
  2   4 100, 0.003187 [0.019679/53.037755] [  50/0.003157]
  2   4 150, 0.002850 [0.008992/53.019986] [   0/0.002850]
  2   4 200, 0.002242 [0.006097/53.002165] [   0/0.002242]
  2   4 250, 0.002559 [0.064294/52.984394] [  50/0.002242]
  2   4 300, 0.003399 [0.008055/52.966742] [ 100/0.002242]
  2   4 350, 0.002514 [0.006463/52.949043] [ 150/0.002242]
Epoch 4 done. Evaluation:
(49984, 50000)
(8610, 10000)
  2   5  50, 0.001833 [0.002900/52.916776] [   0/0.001833]
  2   5 100, 0.002612 [0.016238/52.899178] [  50/0.001833]
  2   5 150, 0.002364 [0.016632/52.881547] [ 100/0.001833]
  2   5 200, 0.002109 [0.006611/52.863942] [ 150/0.001833]
  2   5 250, 0.001984 [0.002337/52.846335] [ 200/0.001833]
  2   5 300, 0.002608 [0.055902/52.828857] [ 250/0.001833]
  2   5 350, 0.001847 [0.001385/52.811283] [ 300/0.001833]
Epoch 5 done. Evaluation:
(49990, 50000)
(8632, 10000)
  2   6  50, 0.001570 [0.002519/52.779381] [   0/0.001570]
  2   6 100, 0.001541 [0.002278/52.761852] [   0/0.001541]
  2   6 150, 0.001880 [0.007231/52.744372] [  50/0.001541]
  2   6 200, 0.001858 [0.002609/52.726952] [ 100/0.001541]
  2   6 250, 0.001527 [0.004484/52.709508] [   0/0.001527]
  2   6 300, 0.001282 [0.003174/52.692043] [   0/0.001282]
  2   6 350, 0.001570 [0.001927/52.674654] [  50/0.001282]
Epoch 6 done. Evaluation:
(49997, 50000)
(8628, 10000)
  2   7  50, 0.001656 [0.003637/52.643099] [ 141/0.001282]
  2   7 100, 0.001383 [0.004692/52.625753] [ 191/0.001282]
  2   7 150, 0.001444 [0.014634/52.608445] [ 241/0.001282]
  2   7 200, 0.001481 [0.001181/52.591178] [ 291/0.001282]
  2   7 250, 0.001857 [0.007105/52.573989] [ 341/0.001282]
  2   7 300, 0.001399 [0.001579/52.556759] [ 391/0.001282]
  2   7 350, 0.001327 [0.002911/52.539544] [ 441/0.001282]
Epoch 7 done. Evaluation:
(49996, 50000)
(8619, 10000)
  2   8  50, 0.001133 [0.004614/52.508253] [   0/0.001133]
  2   8 100, 0.001005 [0.002637/52.491062] [   0/0.001005]
  2   8 150, 0.001109 [0.001080/52.473911] [  50/0.001005]
  2   8 200, 0.000996 [0.002692/52.456770] [   0/0.000996]
  2   8 250, 0.001120 [0.001597/52.439675] [  50/0.000996]
  2   8 300, 0.001134 [0.001157/52.422608] [ 100/0.000996]
  2   8 350, 0.001071 [0.002225/52.405562] [ 150/0.000996]
Epoch 8 done. Evaluation:
(50000, 50000)
(8622, 10000)
  2   9  50, 0.001032 [0.002671/52.374618] [ 241/0.000996]
  2   9 100, 0.000754 [0.004269/52.357585] [   0/0.000754]
  2   9 150, 0.001045 [0.019149/52.340627] [  50/0.000754]
  2   9 200, 0.001051 [0.001768/52.323690] [ 100/0.000754]
  2   9 250, 0.000903 [0.001450/52.306761] [ 150/0.000754]
  2   9 300, 0.000949 [0.007116/52.289859] [ 200/0.000754]
  2   9 350, 0.000987 [0.003752/52.272997] [ 250/0.000754]
Epoch 9 done. Evaluation:
(50000, 50000)
(8621, 10000)
  2  10  50, 0.000805 [0.003242/52.242351] [ 341/0.000754]
  2  10 100, 0.000781 [0.002469/52.225520] [ 391/0.000754]
  2  10 150, 0.000969 [0.000863/52.208748] [ 441/0.000754]
  2  10 200, 0.000839 [0.001009/52.191983] [ 491/0.000754]
  2  10 250, 0.000757 [0.003183/52.175225] [ 541/0.000754]
  2  10 300, 0.000926 [0.001731/52.158521] [ 591/0.000754]
  2  10 350, 0.000867 [0.006173/52.141833] [ 641/0.000754]
Epoch 10 done. Evaluation:
(50000, 50000)
(8649, 10000)
  2  11  50, 0.000659 [0.001288/52.111486] [   0/0.000659]
  2  11 100, 0.000653 [0.003043/52.094826] [   0/0.000653]
  2  11 150, 0.000769 [0.005270/52.078212] [  50/0.000653]
  2  11 200, 0.000984 [0.002524/52.061662] [ 100/0.000653]
  2  11 250, 0.000821 [0.002794/52.045103] [ 150/0.000653]
  2  11 300, 0.000835 [0.001429/52.028575] [ 200/0.000653]
  2  11 350, 0.000949 [0.001416/52.012089] [ 250/0.000653]
Epoch 11 done. Evaluation:
(50000, 50000)
(8628, 10000)
  2  12  50, 0.000733 [0.005447/51.982095] [ 341/0.000653]
  2  12 100, 0.000782 [0.001987/51.965644] [ 391/0.000653]
  2  12 150, 0.000679 [0.001218/51.949207] [ 441/0.000653]
  2  12 200, 0.000726 [0.001903/51.932796] [ 491/0.000653]
  2  12 250, 0.000722 [0.001867/51.916404] [ 541/0.000653]
  2  12 300, 0.000620 [0.003819/51.900023] [   0/0.000620]
  2  12 350, 0.000625 [0.001203/51.883663] [  50/0.000620]
Epoch 12 done. Evaluation:
(50000, 50000)
(8633, 10000)
  2  13  50, 0.000812 [0.000629/51.853995] [ 141/0.000620]
  2  13 100, 0.000740 [0.001843/51.837721] [ 191/0.000620]
  2  13 150, 0.000642 [0.001512/51.821451] [ 241/0.000620]
  2  13 200, 0.000558 [0.001292/51.805190] [   0/0.000558]
  2  13 250, 0.000618 [0.001779/51.788966] [  50/0.000558]
  2  13 300, 0.000671 [0.003104/51.772775] [ 100/0.000558]
  2  13 350, 0.000676 [0.003510/51.756603] [ 150/0.000558]
Epoch 13 done. Evaluation:
(50000, 50000)
(8642, 10000)
  2  14  50, 0.000615 [0.001980/51.727237] [ 241/0.000558]
  2  14 100, 0.000553 [0.004939/51.711105] [   0/0.000553]
  2  14 150, 0.000582 [0.001950/51.695005] [  50/0.000553]
  2  14 200, 0.000716 [0.001198/51.678965] [ 100/0.000553]
  2  14 250, 0.000665 [0.001510/51.662926] [ 150/0.000553]
  2  14 300, 0.000607 [0.002160/51.646897] [ 200/0.000553]
  2  14 350, 0.000675 [0.000809/51.630904] [ 250/0.000553]
Epoch 14 done. Evaluation:
(49999, 50000)
(8633, 10000)
  2  15  50, 0.000584 [0.004495/51.601823] [ 341/0.000553]
  2  15 100, 0.000744 [0.002376/51.585909] [ 391/0.000553]
  2  15 150, 0.000604 [0.009711/51.569988] [ 441/0.000553]
  2  15 200, 0.000586 [0.001678/51.554082] [ 491/0.000553]
  2  15 250, 0.000671 [0.005209/51.538214] [ 541/0.000553]
  2  15 300, 0.000753 [0.002608/51.522381] [ 591/0.000553]
  2  15 350, 0.000564 [0.004425/51.506538] [ 641/0.000553]
Epoch 15 done. Evaluation:
(50000, 50000)
(8650, 10000)
  2  16  50, 0.000586 [0.001643/51.477777] [ 732/0.000553]
  2  16 100, 0.000521 [0.008344/51.461982] [   0/0.000521]
  2  16 150, 0.000735 [0.001484/51.446253] [  50/0.000521]
  2  16 200, 0.000576 [0.001656/51.430511] [ 100/0.000521]
  2  16 250, 0.000550 [0.002990/51.414789] [ 150/0.000521]
  2  16 300, 0.000537 [0.003605/51.399082] [ 200/0.000521]
  2  16 350, 0.000586 [0.001696/51.383407] [ 250/0.000521]
Epoch 16 done. Evaluation:
(50000, 50000)
(8659, 10000)
  2  17  50, 0.000508 [0.002898/51.354909] [   0/0.000508]
  2  17 100, 0.000489 [0.001059/51.339272] [   0/0.000489]
  2  17 150, 0.000548 [0.001456/51.323669] [  50/0.000489]
  2  17 200, 0.000519 [0.002182/51.308079] [ 100/0.000489]
  2  17 250, 0.000499 [0.001285/51.292503] [ 150/0.000489]
  2  17 300, 0.000486 [0.006891/51.276948] [   0/0.000486]
  2  17 350, 0.000453 [0.001042/51.261407] [   0/0.000453]
Epoch 17 done. Evaluation:
(50000, 50000)
(8640, 10000)
  2  18  50, 0.000420 [0.006697/51.233175] [   0/0.000420]
  2  18 100, 0.000544 [0.002192/51.217713] [  50/0.000420]
  2  18 150, 0.000554 [0.001171/51.202270] [ 100/0.000420]
  2  18 200, 0.000570 [0.006714/51.186856] [ 150/0.000420]
  2  18 250, 0.000544 [0.001349/51.171453] [ 200/0.000420]
  2  18 300, 0.000469 [0.001975/51.156055] [ 250/0.000420]
  2  18 350, 0.000441 [0.001897/51.140669] [ 300/0.000420]
Epoch 18 done. Evaluation:
(49999, 50000)
(8632, 10000)
  2  19  50, 0.000547 [0.001589/51.112796] [ 391/0.000420]
  2  19 100, 0.000491 [0.001879/51.097479] [ 441/0.000420]
  2  19 150, 0.000538 [0.003586/51.082199] [ 491/0.000420]
  2  19 200, 0.000502 [0.004922/51.066924] [ 541/0.000420]
  2  19 250, 0.000799 [0.003138/51.051769] [ 591/0.000420]
  2  19 300, 0.000576 [0.003143/51.036548] [ 641/0.000420]
  2  19 350, 0.000550 [0.001554/51.021343] [ 691/0.000420]
Epoch 19 done. Evaluation:
(49999, 50000)
(8633, 10000)
  3   0  50, 0.000430 [0.001022/51.001287] [ 782/0.000420]
  3   0 100, 0.000493 [0.007184/50.993695] [ 832/0.000420]
  3   0 150, 0.000509 [0.000395/50.986112] [ 882/0.000420]
  3   0 200, 0.000457 [0.000675/50.978528] [ 932/0.000420]
  3   0 250, 0.000465 [0.000659/50.970950] [ 982/0.000420]
  3   0 300, 0.000508 [0.000548/50.963380] [1032/0.000420]
  3   0 350, 0.000431 [0.001443/50.955807] [1082/0.000420]
Epoch 0 done. Evaluation:
(50000, 50000)
(8644, 10000)
  3   1  50, 0.000462 [0.000679/50.942048] [1173/0.000420]
  3   1 100, 0.000489 [0.002020/50.934496] [1223/0.000420]
  3   1 150, 0.000439 [0.000513/50.926939] [1273/0.000420]
  3   1 200, 0.000460 [0.000799/50.919393] [1323/0.000420]
  3   1 250, 0.000419 [0.000425/50.911849] [   0/0.000419]
  3   1 300, 0.000416 [0.001644/50.904304] [   0/0.000416]
  3   1 350, 0.000460 [0.003759/50.896773] [  50/0.000416]
Epoch 1 done. Evaluation:
(50000, 50000)
(8654, 10000)
  3   2  50, 0.000404 [0.000783/50.883072] [   0/0.000404]
  3   2 100, 0.000362 [0.000540/50.875545] [   0/0.000362]
  3   2 150, 0.000451 [0.000803/50.868032] [  50/0.000362]
  3   2 200, 0.000409 [0.000993/50.860516] [ 100/0.000362]
  3   2 250, 0.000361 [0.000388/50.853004] [   0/0.000361]
  3   2 300, 0.000418 [0.001804/50.845499] [  50/0.000361]
  3   2 350, 0.000460 [0.000660/50.838005] [ 100/0.000361]
Epoch 2 done. Evaluation:
(50000, 50000)
(8637, 10000)
  3   3  50, 0.000380 [0.000423/50.824359] [ 191/0.000361]
  3   3 100, 0.000432 [0.000779/50.816871] [ 241/0.000361]
  3   3 150, 0.000344 [0.000406/50.809384] [   0/0.000344]
  3   3 200, 0.000485 [0.000632/50.801912] [  50/0.000344]
  3   3 250, 0.000400 [0.000530/50.794440] [ 100/0.000344]
  3   3 300, 0.000370 [0.000875/50.786967] [ 150/0.000344]
  3   3 350, 0.000378 [0.000545/50.779501] [ 200/0.000344]
Epoch 3 done. Evaluation:
(50000, 50000)
(8645, 10000)
  3   4  50, 0.000383 [0.001183/50.765925] [ 291/0.000344]
  3   4 100, 0.000326 [0.000586/50.758466] [   0/0.000326]
  3   4 150, 0.000376 [0.000512/50.751017] [  50/0.000326]
  3   4 200, 0.000336 [0.000901/50.743567] [ 100/0.000326]
  3   4 250, 0.000386 [0.000654/50.736129] [ 150/0.000326]
  3   4 300, 0.000384 [0.000696/50.728696] [ 200/0.000326]
  3   4 350, 0.000316 [0.000991/50.721260] [   0/0.000316]
Epoch 4 done. Evaluation:
(50000, 50000)
(8652, 10000)
  3   5  50, 0.000409 [0.000537/50.707759] [  91/0.000316]
  3   5 100, 0.000431 [0.000425/50.700349] [ 141/0.000316]
  3   5 150, 0.000413 [0.000848/50.692939] [ 191/0.000316]
  3   5 200, 0.000336 [0.000798/50.685525] [ 241/0.000316]
  3   5 250, 0.000344 [0.000786/50.678117] [ 291/0.000316]
  3   5 300, 0.000380 [0.001035/50.670721] [ 341/0.000316]
  3   5 350, 0.000469 [0.000417/50.663334] [ 391/0.000316]
Epoch 5 done. Evaluation:
(50000, 50000)
(8658, 10000)
  3   6  50, 0.000331 [0.001395/50.649883] [ 482/0.000316]
  3   6 100, 0.000350 [0.001329/50.642499] [ 532/0.000316]
  3   6 150, 0.000373 [0.000411/50.635121] [ 582/0.000316]
  3   6 200, 0.000341 [0.000589/50.627747] [ 632/0.000316]
  3   6 250, 0.000364 [0.000524/50.620378] [ 682/0.000316]
  3   6 300, 0.000403 [0.001057/50.613015] [ 732/0.000316]
  3   6 350, 0.000362 [0.000819/50.605655] [ 782/0.000316]
Epoch 6 done. Evaluation:
(50000, 50000)
(8641, 10000)
  3   7  50, 0.000327 [0.001942/50.592267] [ 873/0.000316]
  3   7 100, 0.000355 [0.000490/50.584919] [ 923/0.000316]
  3   7 150, 0.000329 [0.000691/50.577573] [ 973/0.000316]
  3   7 200, 0.000479 [0.000551/50.570244] [1023/0.000316]
  3   7 250, 0.000428 [0.000463/50.562917] [1073/0.000316]
  3   7 300, 0.000415 [0.000421/50.555594] [1123/0.000316]
  3   7 350, 0.000357 [0.000575/50.548268] [1173/0.000316]
Epoch 7 done. Evaluation:
(50000, 50000)
(8641, 10000)
  3   8  50, 0.000415 [0.000441/50.534950] [1264/0.000316]
  3   8 100, 0.000362 [0.000363/50.527638] [1314/0.000316]
  3   8 150, 0.000359 [0.000542/50.520331] [1364/0.000316]
  3   8 200, 0.000455 [0.000687/50.513035] [1414/0.000316]
  3   8 250, 0.000328 [0.000400/50.505734] [1464/0.000316]
  3   8 300, 0.000378 [0.000801/50.498439] [1514/0.000316]
  3   8 350, 0.000367 [0.000408/50.491149] [1564/0.000316]
Epoch 8 done. Evaluation:
(50000, 50000)
(8639, 10000)
  3   9  50, 0.000407 [0.000452/50.477894] [1655/0.000316]
  3   9 100, 0.000370 [0.000660/50.470618] [1705/0.000316]
  3   9 150, 0.000394 [0.000597/50.463350] [1755/0.000316]
  3   9 200, 0.000319 [0.001150/50.456076] [1805/0.000316]
  3   9 250, 0.000328 [0.000762/50.448807] [1855/0.000316]
  3   9 300, 0.000314 [0.000689/50.441541] [   0/0.000314]
  3   9 350, 0.000311 [0.000889/50.434278] [   0/0.000311]
Epoch 9 done. Evaluation:
(50000, 50000)
(8650, 10000)
  3  10  50, 0.000338 [0.001060/50.421080] [  91/0.000311]
  3  10 100, 0.000324 [0.000527/50.413833] [ 141/0.000311]
  3  10 150, 0.000311 [0.003660/50.406588] [ 191/0.000311]
  3  10 200, 0.000321 [0.001047/50.399347] [ 241/0.000311]
  3  10 250, 0.000305 [0.002621/50.392110] [   0/0.000305]
  3  10 300, 0.000302 [0.001042/50.384877] [   0/0.000302]
  3  10 350, 0.000368 [0.000665/50.377659] [  50/0.000302]
Epoch 10 done. Evaluation:
(50000, 50000)
(8645, 10000)
  3  11  50, 0.000332 [0.000514/50.364517] [ 141/0.000302]
  3  11 100, 0.000348 [0.002757/50.357306] [ 191/0.000302]
  3  11 150, 0.000307 [0.000575/50.350097] [ 241/0.000302]
  3  11 200, 0.000344 [0.001970/50.342893] [ 291/0.000302]
  3  11 250, 0.000325 [0.000735/50.335694] [ 341/0.000302]
  3  11 300, 0.000337 [0.000304/50.328497] [ 391/0.000302]
  3  11 350, 0.000371 [0.004573/50.321311] [ 441/0.000302]
Epoch 11 done. Evaluation:
(50000, 50000)
(8653, 10000)
  3  12  50, 0.000311 [0.000348/50.308229] [ 532/0.000302]
  3  12 100, 0.000309 [0.001497/50.301048] [ 582/0.000302]
  3  12 150, 0.000287 [0.000474/50.293867] [   0/0.000287]
  3  12 200, 0.000377 [0.000658/50.286701] [  50/0.000287]
  3  12 250, 0.000327 [0.000377/50.279536] [ 100/0.000287]
  3  12 300, 0.000339 [0.000482/50.272376] [ 150/0.000287]
  3  12 350, 0.000314 [0.000661/50.265216] [ 200/0.000287]
Epoch 12 done. Evaluation:
(50000, 50000)
(8649, 10000)
  3  13  50, 0.000354 [0.000875/50.252201] [ 291/0.000287]
  3  13 100, 0.000304 [0.000482/50.245054] [ 341/0.000287]
  3  13 150, 0.000387 [0.000393/50.237919] [ 391/0.000287]
  3  13 200, 0.000299 [0.001261/50.230778] [ 441/0.000287]
  3  13 250, 0.000376 [0.001456/50.223649] [ 491/0.000287]
  3  13 300, 0.000353 [0.003020/50.216524] [ 541/0.000287]
  3  13 350, 0.000363 [0.000407/50.209402] [ 591/0.000287]
Epoch 13 done. Evaluation:
(50000, 50000)
(8637, 10000)
  3  14  50, 0.000301 [0.002532/50.196441] [ 682/0.000287]
  3  14 100, 0.000296 [0.000429/50.189325] [ 732/0.000287]
  3  14 150, 0.000287 [0.000780/50.182210] [ 782/0.000287]
  3  14 200, 0.000263 [0.000563/50.175101] [   0/0.000263]
  3  14 250, 0.000287 [0.000533/50.167993] [  50/0.000263]
  3  14 300, 0.000298 [0.000662/50.160897] [ 100/0.000263]
  3  14 350, 0.000283 [0.000367/50.153798] [ 150/0.000263]
Epoch 14 done. Evaluation:
(50000, 50000)
(8637, 10000)
  3  15  50, 0.000306 [0.000811/50.140895] [ 241/0.000263]
  3  15 100, 0.000314 [0.000508/50.133812] [ 291/0.000263]
  3  15 150, 0.000271 [0.000710/50.126728] [ 341/0.000263]
  3  15 200, 0.000330 [0.000533/50.119659] [ 391/0.000263]
  3  15 250, 0.000377 [0.008802/50.112595] [ 441/0.000263]
  3  15 300, 0.000355 [0.000382/50.105533] [ 491/0.000263]
  3  15 350, 0.000294 [0.000337/50.098470] [ 541/0.000263]
Epoch 15 done. Evaluation:
(50000, 50000)
(8656, 10000)
  3  16  50, 0.000319 [0.000384/50.085630] [ 632/0.000263]
  3  16 100, 0.000335 [0.001139/50.078583] [ 682/0.000263]
  3  16 150, 0.000304 [0.000607/50.071536] [ 732/0.000263]
  3  16 200, 0.000371 [0.001140/50.064506] [ 782/0.000263]
  3  16 250, 0.000326 [0.001221/50.057473] [ 832/0.000263]
  3  16 300, 0.000327 [0.000387/50.050439] [ 882/0.000263]
  3  16 350, 0.000313 [0.000664/50.043411] [ 932/0.000263]
Epoch 16 done. Evaluation:
(50000, 50000)
(8649, 10000)
  3  17  50, 0.000307 [0.000576/50.030629] [1023/0.000263]
  3  17 100, 0.000274 [0.000458/50.023607] [1073/0.000263]
  3  17 150, 0.000352 [0.001104/50.016596] [1123/0.000263]
  3  17 200, 0.000304 [0.000418/50.009588] [1173/0.000263]
  3  17 250, 0.000374 [0.000460/50.002587] [1223/0.000263]
  3  17 300, 0.000316 [0.001359/49.995587] [1273/0.000263]
  3  17 350, 0.000260 [0.000467/49.988586] [   0/0.000260]
Epoch 17 done. Evaluation:
(50000, 50000)
(8643, 10000)
  3  18  50, 0.000261 [0.000836/49.975854] [  91/0.000260]
  3  18 100, 0.000284 [0.000379/49.968865] [ 141/0.000260]
  3  18 150, 0.000296 [0.000433/49.961882] [ 191/0.000260]
  3  18 200, 0.000273 [0.000311/49.954901] [ 241/0.000260]
  3  18 250, 0.000292 [0.000506/49.947923] [ 291/0.000260]
  3  18 300, 0.000276 [0.000420/49.940947] [ 341/0.000260]
  3  18 350, 0.000305 [0.000756/49.933986] [ 391/0.000260]
Epoch 18 done. Evaluation:
(50000, 50000)
(8647, 10000)
  3  19  50, 0.000260 [0.001233/49.921309] [ 482/0.000260]
  3  19 100, 0.001081 [0.001062/49.914487] [ 532/0.000260]
  3  19 150, 0.000639 [0.007660/49.907574] [ 582/0.000260]
  3  19 200, 0.000440 [0.002405/49.900641] [ 632/0.000260]
  3  19 250, 0.000300 [0.000769/49.893696] [ 682/0.000260]
  3  19 300, 0.000400 [0.000436/49.886768] [ 732/0.000260]
  3  19 350, 0.000336 [0.000543/49.879836] [ 782/0.000260]
Epoch 19 done. Evaluation:
(49999, 50000)
(8636, 10000)
  4   0  50, 0.000327 [0.000223/49.870693] [ 873/0.000260]
  4   0 100, 0.000358 [0.000664/49.867234] [ 923/0.000260]
  4   0 150, 0.000269 [0.000302/49.863770] [ 973/0.000260]
  4   0 200, 0.000324 [0.000248/49.860309] [1023/0.000260]
  4   0 250, 0.000302 [0.001126/49.856850] [1073/0.000260]
  4   0 300, 0.000295 [0.000509/49.853390] [1123/0.000260]
  4   0 350, 0.000276 [0.000324/49.849932] [1173/0.000260]
Epoch 0 done. Evaluation:
(50000, 50000)
(8633, 10000)
  4   1  50, 0.000295 [0.000896/49.843640] [1264/0.000260]
  4   1 100, 0.000352 [0.000201/49.840186] [1314/0.000260]
  4   1 150, 0.000265 [0.000203/49.836730] [1364/0.000260]
  4   1 200, 0.000318 [0.000274/49.833277] [1414/0.000260]
  4   1 250, 0.000315 [0.000405/49.829827] [1464/0.000260]
  4   1 300, 0.000287 [0.000240/49.826375] [1514/0.000260]
  4   1 350, 0.000276 [0.000249/49.822923] [1564/0.000260]
Epoch 1 done. Evaluation:
(50000, 50000)
(8656, 10000)
  4   2  50, 0.000259 [0.000190/49.816644] [   0/0.000259]
  4   2 100, 0.000279 [0.000177/49.813195] [  50/0.000259]
  4   2 150, 0.000281 [0.000186/49.809747] [ 100/0.000259]
  4   2 200, 0.000310 [0.000482/49.806301] [ 150/0.000259]
  4   2 250, 0.000279 [0.000250/49.802856] [ 200/0.000259]
  4   2 300, 0.000308 [0.000864/49.799410] [ 250/0.000259]
  4   2 350, 0.000279 [0.001000/49.795969] [ 300/0.000259]
Epoch 2 done. Evaluation:
(50000, 50000)
(8655, 10000)
  4   3  50, 0.000242 [0.000472/49.789700] [   0/0.000242]
  4   3 100, 0.000356 [0.000398/49.786263] [  50/0.000242]
  4   3 150, 0.000269 [0.000226/49.782821] [ 100/0.000242]
  4   3 200, 0.000295 [0.000295/49.779383] [ 150/0.000242]
  4   3 250, 0.000300 [0.001895/49.775945] [ 200/0.000242]
  4   3 300, 0.000280 [0.000279/49.772506] [ 250/0.000242]
  4   3 350, 0.000248 [0.000440/49.769070] [ 300/0.000242]
Epoch 3 done. Evaluation:
(50000, 50000)
(8645, 10000)
  4   4  50, 0.000271 [0.000239/49.762820] [ 391/0.000242]
  4   4 100, 0.000301 [0.000288/49.759389] [ 441/0.000242]
  4   4 150, 0.000308 [0.000245/49.755958] [ 491/0.000242]
  4   4 200, 0.000262 [0.000258/49.752525] [ 541/0.000242]
  4   4 250, 0.000258 [0.000228/49.749094] [ 591/0.000242]
  4   4 300, 0.000326 [0.001118/49.745666] [ 641/0.000242]
  4   4 350, 0.000275 [0.000328/49.742237] [ 691/0.000242]
Epoch 4 done. Evaluation:
(50000, 50000)
(8640, 10000)
  4   5  50, 0.000261 [0.000370/49.735998] [ 782/0.000242]
  4   5 100, 0.000276 [0.000233/49.732573] [ 832/0.000242]
  4   5 150, 0.000280 [0.000964/49.729148] [ 882/0.000242]
  4   5 200, 0.000251 [0.000726/49.725722] [ 932/0.000242]
  4   5 250, 0.000268 [0.000348/49.722300] [ 982/0.000242]
  4   5 300, 0.000279 [0.000231/49.718876] [1032/0.000242]
  4   5 350, 0.000256 [0.000173/49.715455] [1082/0.000242]
Epoch 5 done. Evaluation:
(50000, 50000)
(8659, 10000)
  4   6  50, 0.000227 [0.000189/49.709226] [   0/0.000227]
  4   6 100, 0.000288 [0.000238/49.705811] [  50/0.000227]
  4   6 150, 0.000294 [0.000889/49.702396] [ 100/0.000227]
  4   6 200, 0.000287 [0.000219/49.698977] [ 150/0.000227]
  4   6 250, 0.000331 [0.000822/49.695567] [ 200/0.000227]
  4   6 300, 0.000235 [0.000185/49.692147] [ 250/0.000227]
  4   6 350, 0.000261 [0.000235/49.688734] [ 300/0.000227]
Epoch 6 done. Evaluation:
(50000, 50000)
(8647, 10000)
  4   7  50, 0.000262 [0.000248/49.682523] [ 391/0.000227]
  4   7 100, 0.000260 [0.000234/49.679112] [ 441/0.000227]
  4   7 150, 0.000258 [0.001417/49.675700] [ 491/0.000227]
  4   7 200, 0.000279 [0.000238/49.672292] [ 541/0.000227]
  4   7 250, 0.000226 [0.000408/49.668881] [   0/0.000226]
  4   7 300, 0.000222 [0.000203/49.665470] [   0/0.000222]
  4   7 350, 0.000265 [0.000303/49.662065] [  50/0.000222]
Epoch 7 done. Evaluation:
(50000, 50000)
(8640, 10000)
  4   8  50, 0.000257 [0.000504/49.655867] [ 141/0.000222]
  4   8 100, 0.000251 [0.000292/49.652463] [ 191/0.000222]
  4   8 150, 0.000275 [0.000355/49.649059] [ 241/0.000222]
  4   8 200, 0.000264 [0.000364/49.645660] [ 291/0.000222]
  4   8 250, 0.000276 [0.000216/49.642259] [ 341/0.000222]
  4   8 300, 0.000244 [0.000483/49.638857] [ 391/0.000222]
  4   8 350, 0.000264 [0.000905/49.635459] [ 441/0.000222]
Epoch 8 done. Evaluation:
(50000, 50000)
(8649, 10000)
  4   9  50, 0.000299 [0.000451/49.629275] [ 532/0.000222]
  4   9 100, 0.000271 [0.001662/49.625878] [ 582/0.000222]
  4   9 150, 0.000284 [0.000495/49.622485] [ 632/0.000222]
  4   9 200, 0.000241 [0.000316/49.619090] [ 682/0.000222]
  4   9 250, 0.000304 [0.000235/49.615697] [ 732/0.000222]
  4   9 300, 0.000266 [0.000300/49.612306] [ 782/0.000222]
  4   9 350, 0.000231 [0.000235/49.608911] [ 832/0.000222]
Epoch 9 done. Evaluation:
(50000, 50000)
(8645, 10000)
  4  10  50, 0.000339 [0.000233/49.602747] [ 923/0.000222]
  4  10 100, 0.000265 [0.000554/49.599356] [ 973/0.000222]
  4  10 150, 0.000241 [0.000227/49.595968] [1023/0.000222]
  4  10 200, 0.000241 [0.000235/49.592579] [1073/0.000222]
  4  10 250, 0.000293 [0.003898/49.589195] [1123/0.000222]
  4  10 300, 0.000251 [0.000243/49.585809] [1173/0.000222]
  4  10 350, 0.000247 [0.000973/49.582424] [1223/0.000222]
Epoch 10 done. Evaluation:
(50000, 50000)
(8636, 10000)
  4  11  50, 0.000283 [0.000227/49.576266] [1314/0.000222]
  4  11 100, 0.000254 [0.000464/49.572885] [1364/0.000222]
  4  11 150, 0.000298 [0.000426/49.569507] [1414/0.000222]
  4  11 200, 0.000231 [0.000349/49.566126] [1464/0.000222]
  4  11 250, 0.000265 [0.000229/49.562748] [1514/0.000222]
  4  11 300, 0.000226 [0.000259/49.559366] [1564/0.000222]
  4  11 350, 0.000272 [0.000489/49.555991] [1614/0.000222]
Epoch 11 done. Evaluation:
(50000, 50000)
(8646, 10000)
  4  12  50, 0.000231 [0.000598/49.549844] [1705/0.000222]
  4  12 100, 0.000227 [0.000302/49.546468] [1755/0.000222]
  4  12 150, 0.000255 [0.000352/49.543093] [1805/0.000222]
  4  12 200, 0.000236 [0.000178/49.539720] [1855/0.000222]
  4  12 250, 0.000220 [0.000359/49.536348] [   0/0.000220]
  4  12 300, 0.000239 [0.000418/49.532975] [  50/0.000220]
  4  12 350, 0.000292 [0.000420/49.529608] [ 100/0.000220]
Epoch 12 done. Evaluation:
(50000, 50000)
(8656, 10000)
  4  13  50, 0.000204 [0.000414/49.523476] [   0/0.000204]
  4  13 100, 0.000227 [0.000219/49.520107] [  50/0.000204]
  4  13 150, 0.000235 [0.000287/49.516738] [ 100/0.000204]
  4  13 200, 0.000248 [0.000248/49.513373] [ 150/0.000204]
  4  13 250, 0.000271 [0.000477/49.510008] [ 200/0.000204]
  4  13 300, 0.000217 [0.000190/49.506642] [ 250/0.000204]
  4  13 350, 0.000229 [0.000794/49.503279] [ 300/0.000204]
Epoch 13 done. Evaluation:
(50000, 50000)
(8650, 10000)
  4  14  50, 0.000251 [0.000348/49.497160] [ 391/0.000204]
  4  14 100, 0.000204 [0.000445/49.493799] [ 441/0.000204]
  4  14 150, 0.000255 [0.000255/49.490440] [ 491/0.000204]
  4  14 200, 0.000234 [0.000296/49.487079] [ 541/0.000204]
  4  14 250, 0.000253 [0.000390/49.483722] [ 591/0.000204]
  4  14 300, 0.000245 [0.001050/49.480365] [ 641/0.000204]
  4  14 350, 0.000248 [0.000216/49.477010] [ 691/0.000204]
Epoch 14 done. Evaluation:
(50000, 50000)
(8650, 10000)
  4  15  50, 0.000212 [0.000223/49.470901] [ 782/0.000204]
  4  15 100, 0.000268 [0.000585/49.467550] [ 832/0.000204]
  4  15 150, 0.000278 [0.000485/49.464200] [ 882/0.000204]
  4  15 200, 0.000274 [0.000192/49.460847] [ 932/0.000204]
  4  15 250, 0.000262 [0.000477/49.457499] [ 982/0.000204]
  4  15 300, 0.000230 [0.000445/49.454150] [1032/0.000204]
  4  15 350, 0.000227 [0.000569/49.450801] [1082/0.000204]
Epoch 15 done. Evaluation:
(50000, 50000)
(8641, 10000)
  4  16  50, 0.000243 [0.000185/49.444709] [1173/0.000204]
  4  16 100, 0.000261 [0.000439/49.441365] [1223/0.000204]
  4  16 150, 0.000247 [0.000861/49.438017] [1273/0.000204]
  4  16 200, 0.000234 [0.000353/49.434674] [1323/0.000204]
  4  16 250, 0.000238 [0.000833/49.431331] [1373/0.000204]
  4  16 300, 0.000258 [0.000351/49.427988] [1423/0.000204]
  4  16 350, 0.000249 [0.000183/49.424647] [1473/0.000204]
Epoch 16 done. Evaluation:
(50000, 50000)
(8654, 10000)
  4  17  50, 0.000185 [0.000237/49.418566] [   0/0.000185]
  4  17 100, 0.000205 [0.000263/49.415225] [  50/0.000185]
  4  17 150, 0.000243 [0.000601/49.411887] [ 100/0.000185]
  4  17 200, 0.000273 [0.000948/49.408550] [ 150/0.000185]
  4  17 250, 0.000231 [0.000507/49.405214] [ 200/0.000185]
  4  17 300, 0.000234 [0.000284/49.401880] [ 250/0.000185]
  4  17 350, 0.000223 [0.000960/49.398545] [ 300/0.000185]
Epoch 17 done. Evaluation:
(50000, 50000)
(8639, 10000)
  4  18  50, 0.000232 [0.000335/49.392477] [ 391/0.000185]
  4  18 100, 0.000244 [0.000214/49.389144] [ 441/0.000185]
  4  18 150, 0.000210 [0.000461/49.385811] [ 491/0.000185]
  4  18 200, 0.000248 [0.000277/49.382485] [ 541/0.000185]
  4  18 250, 0.000216 [0.000215/49.379154] [ 591/0.000185]
  4  18 300, 0.000299 [0.000300/49.375830] [ 641/0.000185]
  4  18 350, 0.000213 [0.000273/49.372500] [ 691/0.000185]
Epoch 18 done. Evaluation:
(50000, 50000)
(8644, 10000)
  4  19  50, 0.000216 [0.000768/49.366447] [ 782/0.000185]
  4  19 100, 0.000246 [0.000211/49.363124] [ 832/0.000185]
  4  19 150, 0.000279 [0.000169/49.359802] [ 882/0.000185]
  4  19 200, 0.000204 [0.001199/49.356478] [ 932/0.000185]
  4  19 250, 0.000199 [0.000206/49.353154] [ 982/0.000185]
  4  19 300, 0.000210 [0.000433/49.349831] [1032/0.000185]
  4  19 350, 0.000230 [0.000716/49.346510] [1082/0.000185]
Epoch 19 done. Evaluation:
(50000, 50000)
(8638, 10000)
  5   0  50, 0.000196 [0.000263/49.342131] [1173/0.000185]
  5   0 100, 0.000223 [0.000223/49.340473] [1223/0.000185]
  5   0 150, 0.000215 [0.000181/49.338814] [1273/0.000185]
  5   0 200, 0.000259 [0.000410/49.337160] [1323/0.000185]
  5   0 250, 0.000243 [0.000219/49.335501] [1373/0.000185]
  5   0 300, 0.000208 [0.000171/49.333845] [1423/0.000185]
  5   0 350, 0.000217 [0.000271/49.332188] [1473/0.000185]
Epoch 0 done. Evaluation:
(50000, 50000)
(8651, 10000)
  5   1  50, 0.000257 [0.000155/49.329173] [1564/0.000185]
  5   1 100, 0.000263 [0.000120/49.327519] [1614/0.000185]
  5   1 150, 0.000223 [0.000177/49.325864] [1664/0.000185]
  5   1 200, 0.000262 [0.000376/49.324208] [1714/0.000185]
  5   1 250, 0.000335 [0.000171/49.322555] [1764/0.000185]
  5   1 300, 0.000226 [0.000149/49.320901] [1814/0.000185]
  5   1 350, 0.000263 [0.000184/49.319244] [1864/0.000185]
Epoch 1 done. Evaluation:
(50000, 50000)
(8647, 10000)
  5   2  50, 0.000243 [0.000325/49.316237] [1955/0.000185]
  5   2 100, 0.000220 [0.000148/49.314581] [2005/0.000185]
  5   2 150, 0.000236 [0.000307/49.312928] [2055/0.000185]
  5   2 200, 0.000218 [0.000130/49.311274] [2105/0.000185]
  5   2 250, 0.000221 [0.000463/49.309619] [2155/0.000185]
  5   2 300, 0.000225 [0.000218/49.307965] [2205/0.000185]
  5   2 350, 0.000232 [0.000156/49.306313] [2255/0.000185]
Epoch 2 done. Evaluation:
(50000, 50000)
(8634, 10000)
  5   3  50, 0.000230 [0.000162/49.303304] [2346/0.000185]
  5   3 100, 0.000218 [0.000149/49.301653] [2396/0.000185]
  5   3 150, 0.000237 [0.000280/49.300001] [2446/0.000185]
  5   3 200, 0.000209 [0.000155/49.298349] [2496/0.000185]
  5   3 250, 0.000189 [0.000132/49.296695] [2546/0.000185]
  5   3 300, 0.000219 [0.000174/49.295044] [2596/0.000185]
  5   3 350, 0.000236 [0.000177/49.293393] [2646/0.000185]
Epoch 3 done. Evaluation:
(50000, 50000)
(8634, 10000)
  5   4  50, 0.000240 [0.000130/49.290389] [2737/0.000185]
  5   4 100, 0.000215 [0.000128/49.288739] [2787/0.000185]
  5   4 150, 0.000224 [0.000181/49.287086] [2837/0.000185]
  5   4 200, 0.000197 [0.000456/49.285438] [2887/0.000185]
  5   4 250, 0.000186 [0.000173/49.283788] [2937/0.000185]
  5   4 300, 0.000216 [0.000252/49.282137] [2987/0.000185]
  5   4 350, 0.000226 [0.001104/49.280486] [3037/0.000185]
Epoch 4 done. Evaluation:
(50000, 50000)
(8635, 10000)
  5   5  50, 0.000265 [0.001145/49.277486] [3128/0.000185]
  5   5 100, 0.000221 [0.000274/49.275837] [3178/0.000185]
  5   5 150, 0.000212 [0.000461/49.274187] [3228/0.000185]
  5   5 200, 0.000199 [0.000331/49.272540] [3278/0.000185]
  5   5 250, 0.000218 [0.000165/49.270892] [3328/0.000185]
  5   5 300, 0.000204 [0.000174/49.269243] [3378/0.000185]
  5   5 350, 0.000237 [0.000282/49.267594] [3428/0.000185]
Epoch 5 done. Evaluation:
(50000, 50000)
(8632, 10000)
  5   6  50, 0.000247 [0.000131/49.264597] [3519/0.000185]
  5   6 100, 0.000264 [0.000161/49.262952] [3569/0.000185]
  5   6 150, 0.000241 [0.000196/49.261304] [3619/0.000185]
  5   6 200, 0.000214 [0.000129/49.259661] [3669/0.000185]
  5   6 250, 0.000226 [0.000179/49.258010] [3719/0.000185]
  5   6 300, 0.000228 [0.000166/49.256367] [3769/0.000185]
  5   6 350, 0.000277 [0.000202/49.254721] [3819/0.000185]
Epoch 6 done. Evaluation:
(50000, 50000)
(8642, 10000)
  5   7  50, 0.000228 [0.000184/49.251724] [3910/0.000185]
  5   7 100, 0.000250 [0.000185/49.250081] [3960/0.000185]
  5   7 150, 0.000223 [0.000166/49.248435] [4010/0.000185]
  5   7 200, 0.000197 [0.000204/49.246788] [4060/0.000185]
  5   7 250, 0.000196 [0.000383/49.245145] [4110/0.000185]
  5   7 300, 0.000191 [0.000151/49.243499] [4160/0.000185]
  5   7 350, 0.000196 [0.000148/49.241853] [4210/0.000185]
Epoch 7 done. Evaluation:
(50000, 50000)
(8643, 10000)
  5   8  50, 0.000223 [0.000299/49.238862] [4301/0.000185]
  5   8 100, 0.000218 [0.000289/49.237218] [4351/0.000185]
  5   8 150, 0.000199 [0.000155/49.235575] [4401/0.000185]
  5   8 200, 0.000231 [0.000174/49.233932] [4451/0.000185]
  5   8 250, 0.000211 [0.000309/49.232288] [4501/0.000185]
  5   8 300, 0.000196 [0.000132/49.230646] [4551/0.000185]
  5   8 350, 0.000191 [0.000306/49.229003] [4601/0.000185]
Epoch 8 done. Evaluation:
(50000, 50000)
(8655, 10000)
  5   9  50, 0.000203 [0.000176/49.226014] [4692/0.000185]
  5   9 100, 0.000236 [0.000130/49.224373] [4742/0.000185]
  5   9 150, 0.000294 [0.000133/49.222732] [4792/0.000185]
  5   9 200, 0.000224 [0.000240/49.221093] [4842/0.000185]
  5   9 250, 0.000248 [0.000232/49.219451] [4892/0.000185]
  5   9 300, 0.000214 [0.000159/49.217810] [4942/0.000185]
  5   9 350, 0.000235 [0.000172/49.216168] [4992/0.000185]
Epoch 9 done. Evaluation:
(50000, 50000)
(8650, 10000)
  5  10  50, 0.000184 [0.000178/49.213182] [   0/0.000184]
  5  10 100, 0.000213 [0.000368/49.211542] [  50/0.000184]
  5  10 150, 0.000213 [0.000194/49.209903] [ 100/0.000184]
  5  10 200, 0.000227 [0.000372/49.208263] [ 150/0.000184]
  5  10 250, 0.000210 [0.000231/49.206622] [ 200/0.000184]
  5  10 300, 0.000243 [0.001434/49.204983] [ 250/0.000184]
  5  10 350, 0.000218 [0.000185/49.203344] [ 300/0.000184]
Epoch 10 done. Evaluation:
(50000, 50000)
(8640, 10000)
  5  11  50, 0.000208 [0.000170/49.200360] [ 391/0.000184]
  5  11 100, 0.000196 [0.000134/49.198722] [ 441/0.000184]
  5  11 150, 0.000221 [0.000131/49.197085] [ 491/0.000184]
  5  11 200, 0.000221 [0.000199/49.195447] [ 541/0.000184]
  5  11 250, 0.000172 [0.000179/49.193807] [   0/0.000172]
  5  11 300, 0.000224 [0.000650/49.192170] [  50/0.000172]
  5  11 350, 0.000204 [0.000123/49.190533] [ 100/0.000172]
Epoch 11 done. Evaluation:
(50000, 50000)
(8640, 10000)
  5  12  50, 0.000208 [0.001396/49.187553] [ 191/0.000172]
  5  12 100, 0.000231 [0.000554/49.185919] [ 241/0.000172]
  5  12 150, 0.000194 [0.000164/49.184281] [ 291/0.000172]
  5  12 200, 0.000213 [0.000458/49.182645] [ 341/0.000172]
  5  12 250, 0.000239 [0.000704/49.181009] [ 391/0.000172]
  5  12 300, 0.000196 [0.000151/49.179372] [ 441/0.000172]
  5  12 350, 0.000221 [0.000182/49.177737] [ 491/0.000172]
Epoch 12 done. Evaluation:
(50000, 50000)
(8645, 10000)
  5  13  50, 0.000242 [0.000133/49.174763] [ 582/0.000172]
  5  13 100, 0.000210 [0.000148/49.173126] [ 632/0.000172]
  5  13 150, 0.000237 [0.000168/49.171493] [ 682/0.000172]
  5  13 200, 0.000198 [0.000143/49.169859] [ 732/0.000172]
  5  13 250, 0.000187 [0.000695/49.168223] [ 782/0.000172]
  5  13 300, 0.000210 [0.000139/49.166588] [ 832/0.000172]
  5  13 350, 0.000254 [0.001989/49.164955] [ 882/0.000172]
Epoch 13 done. Evaluation:
(50000, 50000)
(8655, 10000)
  5  14  50, 0.000186 [0.000130/49.161982] [ 973/0.000172]
  5  14 100, 0.000210 [0.000123/49.160349] [1023/0.000172]
  5  14 150, 0.000213 [0.000129/49.158717] [1073/0.000172]
  5  14 200, 0.000220 [0.000122/49.157084] [1123/0.000172]
  5  14 250, 0.000229 [0.000305/49.155451] [1173/0.000172]
  5  14 300, 0.000208 [0.000169/49.153818] [1223/0.000172]
  5  14 350, 0.000204 [0.000147/49.152186] [1273/0.000172]
Epoch 14 done. Evaluation:
(50000, 50000)
(8644, 10000)
  5  15  50, 0.000241 [0.000885/49.149214] [1364/0.000172]
  5  15 100, 0.000226 [0.000134/49.147586] [1414/0.000172]
  5  15 150, 0.000219 [0.000142/49.145953] [1464/0.000172]
  5  15 200, 0.000194 [0.000390/49.144322] [1514/0.000172]
  5  15 250, 0.000191 [0.000129/49.142690] [1564/0.000172]
  5  15 300, 0.000220 [0.000130/49.141060] [1614/0.000172]
  5  15 350, 0.000224 [0.000145/49.139429] [1664/0.000172]
Epoch 15 done. Evaluation:
(50000, 50000)
(8647, 10000)
  5  16  50, 0.000208 [0.000144/49.136464] [1755/0.000172]
  5  16 100, 0.000180 [0.000198/49.134833] [1805/0.000172]
  5  16 150, 0.000214 [0.000156/49.133202] [1855/0.000172]
  5  16 200, 0.000250 [0.000487/49.131574] [1905/0.000172]
  5  16 250, 0.000211 [0.000177/49.129946] [1955/0.000172]
  5  16 300, 0.000225 [0.000177/49.128316] [2005/0.000172]
  5  16 350, 0.000221 [0.000185/49.126686] [2055/0.000172]
Epoch 16 done. Evaluation:
(50000, 50000)
(8631, 10000)
  5  17  50, 0.000224 [0.000142/49.123724] [2146/0.000172]
  5  17 100, 0.000261 [0.000215/49.122096] [2196/0.000172]
  5  17 150, 0.000214 [0.000151/49.120467] [2246/0.000172]
  5  17 200, 0.000230 [0.000229/49.118842] [2296/0.000172]
  5  17 250, 0.000205 [0.000187/49.117214] [2346/0.000172]
  5  17 300, 0.000184 [0.000208/49.115587] [2396/0.000172]
  5  17 350, 0.000241 [0.000136/49.113959] [2446/0.000172]
Epoch 17 done. Evaluation:
(50000, 50000)
(8649, 10000)
  5  18  50, 0.000218 [0.000217/49.110997] [2537/0.000172]
  5  18 100, 0.000217 [0.000418/49.109372] [2587/0.000172]
  5  18 150, 0.000204 [0.000133/49.107745] [2637/0.000172]
  5  18 200, 0.000198 [0.000152/49.106117] [2687/0.000172]
  5  18 250, 0.000174 [0.000203/49.104493] [2737/0.000172]
  5  18 300, 0.000214 [0.002027/49.102868] [2787/0.000172]
  5  18 350, 0.000212 [0.000115/49.101241] [2837/0.000172]
Epoch 18 done. Evaluation:
(50000, 50000)
(8647, 10000)
  5  19  50, 0.000199 [0.000221/49.098283] [2928/0.000172]
  5  19 100, 0.000205 [0.000156/49.096658] [2978/0.000172]
  5  19 150, 0.000230 [0.000509/49.095034] [3028/0.000172]
  5  19 200, 0.000208 [0.000229/49.093409] [3078/0.000172]
  5  19 250, 0.000218 [0.000143/49.091784] [3128/0.000172]
  5  19 300, 0.000232 [0.000141/49.090163] [3178/0.000172]
  5  19 350, 0.000200 [0.000176/49.088537] [3228/0.000172]
Epoch 19 done. Evaluation:
(50000, 50000)
(8653, 10000)
  6   0  50, 0.000198 [0.000122/49.086393] [3319/0.000172]
  6   0 100, 0.000215 [0.000157/49.085580] [3369/0.000172]
  6   0 150, 0.000243 [0.000116/49.084769] [3419/0.000172]
  6   0 200, 0.000164 [0.000133/49.083952] [   0/0.000164]
  6   0 250, 0.000179 [0.000113/49.083140] [  50/0.000164]
  6   0 300, 0.000198 [0.000117/49.082327] [ 100/0.000164]
  6   0 350, 0.000215 [0.000117/49.081515] [ 150/0.000164]
Epoch 0 done. Evaluation:
(50000, 50000)
(8641, 10000)
  6   1  50, 0.000215 [0.000367/49.080034] [ 241/0.000164]
  6   1 100, 0.000190 [0.000106/49.079222] [ 291/0.000164]
  6   1 150, 0.000207 [0.000133/49.078410] [ 341/0.000164]
  6   1 200, 0.000192 [0.000340/49.077594] [ 391/0.000164]
  6   1 250, 0.000190 [0.000109/49.076782] [ 441/0.000164]
  6   1 300, 0.000204 [0.000111/49.075971] [ 491/0.000164]
  6   1 350, 0.000226 [0.000129/49.075157] [ 541/0.000164]
Epoch 1 done. Evaluation:
(50000, 50000)
(8644, 10000)
  6   2  50, 0.000179 [0.000140/49.073678] [ 632/0.000164]
  6   2 100, 0.000199 [0.000142/49.072866] [ 682/0.000164]
  6   2 150, 0.000181 [0.000109/49.072051] [ 732/0.000164]
  6   2 200, 0.000189 [0.000110/49.071237] [ 782/0.000164]
  6   2 250, 0.000204 [0.000121/49.070426] [ 832/0.000164]
  6   2 300, 0.000195 [0.000108/49.069615] [ 882/0.000164]
  6   2 350, 0.000185 [0.000114/49.068803] [ 932/0.000164]
Epoch 2 done. Evaluation:
(50000, 50000)
(8654, 10000)
  6   3  50, 0.000177 [0.000112/49.067323] [1023/0.000164]
  6   3 100, 0.000177 [0.000120/49.066509] [1073/0.000164]
  6   3 150, 0.000191 [0.000548/49.065700] [1123/0.000164]
  6   3 200, 0.000204 [0.000130/49.064885] [1173/0.000164]
  6   3 250, 0.000185 [0.000120/49.064074] [1223/0.000164]
  6   3 300, 0.000183 [0.000107/49.063263] [1273/0.000164]
  6   3 350, 0.000205 [0.000113/49.062451] [1323/0.000164]
Epoch 3 done. Evaluation:
(50000, 50000)
(8647, 10000)
  6   4  50, 0.000223 [0.000206/49.060972] [1414/0.000164]
  6   4 100, 0.000186 [0.000125/49.060163] [1464/0.000164]
  6   4 150, 0.000197 [0.000220/49.059349] [1514/0.000164]
  6   4 200, 0.000220 [0.000124/49.058538] [1564/0.000164]
  6   4 250, 0.000182 [0.000147/49.057727] [1614/0.000164]
  6   4 300, 0.000192 [0.000107/49.056915] [1664/0.000164]
  6   4 350, 0.000194 [0.000124/49.056102] [1714/0.000164]
Epoch 4 done. Evaluation:
(50000, 50000)
(8643, 10000)
  6   5  50, 0.000225 [0.000182/49.054627] [1805/0.000164]
  6   5 100, 0.000206 [0.000129/49.053815] [1855/0.000164]
  6   5 150, 0.000185 [0.000121/49.053004] [1905/0.000164]
  6   5 200, 0.000191 [0.000184/49.052193] [1955/0.000164]
  6   5 250, 0.000177 [0.000111/49.051380] [2005/0.000164]
  6   5 300, 0.000204 [0.000116/49.050572] [2055/0.000164]
  6   5 350, 0.000198 [0.000120/49.049758] [2105/0.000164]
Epoch 5 done. Evaluation:
(50000, 50000)
(8637, 10000)
  6   6  50, 0.000213 [0.000116/49.048285] [2196/0.000164]
  6   6 100, 0.000221 [0.000352/49.047474] [2246/0.000164]
  6   6 150, 0.000213 [0.000111/49.046663] [2296/0.000164]
  6   6 200, 0.000235 [0.000183/49.045852] [2346/0.000164]
  6   6 250, 0.000232 [0.000220/49.045041] [2396/0.000164]
  6   6 300, 0.000210 [0.000165/49.044233] [2446/0.000164]
  6   6 350, 0.000180 [0.000154/49.043421] [2496/0.000164]
Epoch 6 done. Evaluation:
(50000, 50000)
(8640, 10000)
  6   7  50, 0.000223 [0.000126/49.041948] [2587/0.000164]
  6   7 100, 0.000202 [0.000123/49.041138] [2637/0.000164]
  6   7 150, 0.000215 [0.000143/49.040327] [2687/0.000164]
  6   7 200, 0.000199 [0.000110/49.039518] [2737/0.000164]
  6   7 250, 0.000186 [0.000116/49.038705] [2787/0.000164]
  6   7 300, 0.000213 [0.000132/49.037896] [2837/0.000164]
  6   7 350, 0.000182 [0.000118/49.037087] [2887/0.000164]
Epoch 7 done. Evaluation:
(50000, 50000)
(8650, 10000)
  6   8  50, 0.000238 [0.000122/49.035613] [2978/0.000164]
  6   8 100, 0.000181 [0.000162/49.034802] [3028/0.000164]
  6   8 150, 0.000222 [0.000148/49.033995] [3078/0.000164]
  6   8 200, 0.000174 [0.000127/49.033181] [3128/0.000164]
  6   8 250, 0.000196 [0.000116/49.032373] [3178/0.000164]
  6   8 300, 0.000222 [0.000169/49.031564] [3228/0.000164]
  6   8 350, 0.000203 [0.000139/49.030754] [3278/0.000164]
Epoch 8 done. Evaluation:
(50000, 50000)
(8651, 10000)
  6   9  50, 0.000193 [0.000122/49.029281] [3369/0.000164]
  6   9 100, 0.000188 [0.000124/49.028471] [3419/0.000164]
  6   9 150, 0.000191 [0.000113/49.027661] [3469/0.000164]
  6   9 200, 0.000226 [0.000133/49.026852] [3519/0.000164]
  6   9 250, 0.000188 [0.000115/49.026043] [3569/0.000164]
  6   9 300, 0.000182 [0.000109/49.025233] [3619/0.000164]
  6   9 350, 0.000188 [0.000117/49.024424] [3669/0.000164]
Epoch 9 done. Evaluation:
(50000, 50000)
(8647, 10000)
  6  10  50, 0.000186 [0.000110/49.022950] [3760/0.000164]
  6  10 100, 0.000162 [0.000133/49.022140] [   0/0.000162]
  6  10 150, 0.000181 [0.000119/49.021329] [  50/0.000162]
  6  10 200, 0.000203 [0.000124/49.020522] [ 100/0.000162]
  6  10 250, 0.000241 [0.000218/49.019716] [ 150/0.000162]
  6  10 300, 0.000204 [0.000139/49.018905] [ 200/0.000162]
  6  10 350, 0.000231 [0.000147/49.018096] [ 250/0.000162]
Epoch 10 done. Evaluation:
(50000, 50000)
(8637, 10000)
  6  11  50, 0.000189 [0.000129/49.016626] [ 341/0.000162]
  6  11 100, 0.000228 [0.000125/49.015817] [ 391/0.000162]
  6  11 150, 0.000230 [0.000149/49.015008] [ 441/0.000162]
  6  11 200, 0.000200 [0.000115/49.014201] [ 491/0.000162]
  6  11 250, 0.000204 [0.000143/49.013391] [ 541/0.000162]
  6  11 300, 0.000197 [0.000111/49.012584] [ 591/0.000162]
  6  11 350, 0.000186 [0.000182/49.011774] [ 641/0.000162]
Epoch 11 done. Evaluation:
(50000, 50000)
(8650, 10000)
  6  12  50, 0.000205 [0.000106/49.010303] [ 732/0.000162]
  6  12 100, 0.000192 [0.000122/49.009494] [ 782/0.000162]
  6  12 150, 0.000172 [0.000106/49.008686] [ 832/0.000162]
  6  12 200, 0.000271 [0.000109/49.007879] [ 882/0.000162]
  6  12 250, 0.000214 [0.000123/49.007069] [ 932/0.000162]
  6  12 300, 0.000218 [0.000188/49.006265] [ 982/0.000162]
  6  12 350, 0.000211 [0.000108/49.005456] [1032/0.000162]
Epoch 12 done. Evaluation:
(50000, 50000)
(8656, 10000)
  6  13  50, 0.000188 [0.000143/49.003985] [1123/0.000162]
  6  13 100, 0.000214 [0.000178/49.003177] [1173/0.000162]
  6  13 150, 0.000248 [0.000127/49.002371] [1223/0.000162]
  6  13 200, 0.000254 [0.000121/49.001562] [1273/0.000162]
  6  13 250, 0.000237 [0.000107/49.000756] [1323/0.000162]
  6  13 300, 0.000228 [0.000122/48.999951] [1373/0.000162]
  6  13 350, 0.000191 [0.000130/48.999143] [1423/0.000162]
Epoch 13 done. Evaluation:
(50000, 50000)
(8643, 10000)
  6  14  50, 0.000187 [0.000160/48.997672] [1514/0.000162]
  6  14 100, 0.000191 [0.000136/48.996863] [1564/0.000162]
  6  14 150, 0.000238 [0.000206/48.996057] [1614/0.000162]
  6  14 200, 0.000200 [0.000179/48.995250] [1664/0.000162]
  6  14 250, 0.000223 [0.000363/48.994442] [1714/0.000162]
  6  14 300, 0.000206 [0.000148/48.993635] [1764/0.000162]
  6  14 350, 0.000210 [0.000117/48.992828] [1814/0.000162]
Epoch 14 done. Evaluation:
(50000, 50000)
(8648, 10000)
  6  15  50, 0.000206 [0.000114/48.991361] [1905/0.000162]
  6  15 100, 0.000199 [0.000129/48.990552] [1955/0.000162]
  6  15 150, 0.000208 [0.000110/48.989747] [2005/0.000162]
  6  15 200, 0.000256 [0.000109/48.988941] [2055/0.000162]
  6  15 250, 0.000185 [0.000108/48.988134] [2105/0.000162]
  6  15 300, 0.000173 [0.000106/48.987326] [2155/0.000162]
  6  15 350, 0.000173 [0.000106/48.986520] [2205/0.000162]
Epoch 15 done. Evaluation:
(50000, 50000)
(8645, 10000)
  6  16  50, 0.000257 [0.000292/48.985052] [2296/0.000162]
  6  16 100, 0.000193 [0.000120/48.984246] [2346/0.000162]
  6  16 150, 0.000211 [0.000117/48.983439] [2396/0.000162]
  6  16 200, 0.000226 [0.000138/48.982633] [2446/0.000162]
  6  16 250, 0.000213 [0.000118/48.981826] [2496/0.000162]
  6  16 300, 0.000172 [0.000108/48.981019] [2546/0.000162]
  6  16 350, 0.000228 [0.000108/48.980215] [2596/0.000162]
Epoch 16 done. Evaluation:
(50000, 50000)
(8653, 10000)
  6  17  50, 0.000201 [0.000307/48.978747] [2687/0.000162]
  6  17 100, 0.000192 [0.000124/48.977941] [2737/0.000162]
  6  17 150, 0.000211 [0.000126/48.977136] [2787/0.000162]
  6  17 200, 0.000193 [0.000107/48.976327] [2837/0.000162]
  6  17 250, 0.000191 [0.000107/48.975522] [2887/0.000162]
  6  17 300, 0.000168 [0.000147/48.974716] [2937/0.000162]
  6  17 350, 0.000194 [0.000108/48.973910] [2987/0.000162]
Epoch 17 done. Evaluation:
(50000, 50000)
(8649, 10000)
  6  18  50, 0.000164 [0.000118/48.972443] [3078/0.000162]
  6  18 100, 0.000180 [0.000140/48.971637] [3128/0.000162]
  6  18 150, 0.000188 [0.000131/48.970833] [3178/0.000162]
  6  18 200, 0.000189 [0.000118/48.970026] [3228/0.000162]
  6  18 250, 0.000220 [0.000108/48.969219] [3278/0.000162]
  6  18 300, 0.000204 [0.000107/48.968416] [3328/0.000162]
  6  18 350, 0.000202 [0.000136/48.967610] [3378/0.000162]
Epoch 18 done. Evaluation:
(50000, 50000)
(8642, 10000)
  6  19  50, 0.000208 [0.000214/48.966145] [3469/0.000162]
  6  19 100, 0.000185 [0.000134/48.965338] [3519/0.000162]
  6  19 150, 0.000199 [0.000161/48.964535] [3569/0.000162]
  6  19 200, 0.000219 [0.000130/48.963729] [3619/0.000162]
  6  19 250, 0.000219 [0.000118/48.962923] [3669/0.000162]
  6  19 300, 0.000207 [0.000107/48.962120] [3719/0.000162]
  6  19 350, 0.000186 [0.000115/48.961313] [3769/0.000162]
Epoch 19 done. Evaluation:
(50000, 50000)
(8656, 10000)
  7   0  50, 0.000205 [0.000103/48.960250] [3860/0.000162]
  7   0 100, 0.000196 [0.000111/48.959845] [3910/0.000162]
  7   0 150, 0.000202 [0.000103/48.959439] [3960/0.000162]
  7   0 200, 0.000186 [0.000103/48.959034] [4010/0.000162]
  7   0 250, 0.000201 [0.000559/48.958630] [4060/0.000162]
  7   0 300, 0.000186 [0.000178/48.958226] [4110/0.000162]
  7   0 350, 0.000175 [0.000102/48.957821] [4160/0.000162]
Epoch 0 done. Evaluation:
(50000, 50000)
(8646, 10000)
  7   1  50, 0.000216 [0.000122/48.957082] [4251/0.000162]
  7   1 100, 0.000252 [0.000104/48.956680] [4301/0.000162]
  7   1 150, 0.000191 [0.000110/48.956275] [4351/0.000162]
  7   1 200, 0.000208 [0.000104/48.955870] [4401/0.000162]
  7   1 250, 0.000205 [0.000145/48.955466] [4451/0.000162]
  7   1 300, 0.000179 [0.000109/48.955061] [4501/0.000162]
  7   1 350, 0.000182 [0.000116/48.954656] [4551/0.000162]
Epoch 1 done. Evaluation:
(50000, 50000)
(8651, 10000)
  7   2  50, 0.000185 [0.000110/48.953920] [4642/0.000162]
  7   2 100, 0.000229 [0.000105/48.953515] [4692/0.000162]
  7   2 150, 0.000204 [0.000145/48.953113] [4742/0.000162]
  7   2 200, 0.000236 [0.000109/48.952708] [4792/0.000162]
  7   2 250, 0.000176 [0.000104/48.952302] [4842/0.000162]
  7   2 300, 0.000180 [0.000105/48.951896] [4892/0.000162]
  7   2 350, 0.000206 [0.000110/48.951494] [4942/0.000162]
Epoch 2 done. Evaluation:
(50000, 50000)
(8651, 10000)
  7   3  50, 0.000194 [0.000101/48.950756] [5033/0.000162]
  7   3 100, 0.000232 [0.000107/48.950352] [5083/0.000162]
  7   3 150, 0.000208 [0.000107/48.949948] [5133/0.000162]
  7   3 200, 0.000180 [0.000109/48.949545] [5183/0.000162]
  7   3 250, 0.000217 [0.000105/48.949139] [5233/0.000162]
  7   3 300, 0.000211 [0.000104/48.948736] [5283/0.000162]
  7   3 350, 0.000200 [0.000152/48.948332] [5333/0.000162]
Epoch 3 done. Evaluation:
(50000, 50000)
(8640, 10000)
  7   4  50, 0.000207 [0.000106/48.947599] [5424/0.000162]
  7   4 100, 0.000185 [0.000102/48.947192] [5474/0.000162]
  7   4 150, 0.000178 [0.000116/48.946786] [5524/0.000162]
  7   4 200, 0.000183 [0.000109/48.946382] [5574/0.000162]
  7   4 250, 0.000170 [0.000140/48.945976] [5624/0.000162]
  7   4 300, 0.000223 [0.000111/48.945573] [5674/0.000162]
  7   4 350, 0.000167 [0.000104/48.945168] [5724/0.000162]
Epoch 4 done. Evaluation:
(50000, 50000)
(8659, 10000)
  7   5  50, 0.000176 [0.000112/48.944432] [5815/0.000162]
  7   5 100, 0.000187 [0.000139/48.944027] [5865/0.000162]
  7   5 150, 0.000181 [0.000101/48.943625] [5915/0.000162]
  7   5 200, 0.000214 [0.000127/48.943219] [5965/0.000162]
  7   5 250, 0.000199 [0.000102/48.942815] [6015/0.000162]
  7   5 300, 0.000194 [0.000172/48.942410] [6065/0.000162]
  7   5 350, 0.000194 [0.000111/48.942005] [6115/0.000162]
Epoch 5 done. Evaluation:
(50000, 50000)
(8650, 10000)
  7   6  50, 0.000171 [0.000130/48.941271] [6206/0.000162]
  7   6 100, 0.000163 [0.000113/48.940865] [6256/0.000162]
  7   6 150, 0.000213 [0.000103/48.940461] [6306/0.000162]
  7   6 200, 0.000250 [0.000162/48.940057] [6356/0.000162]
  7   6 250, 0.000206 [0.000106/48.939655] [6406/0.000162]
  7   6 300, 0.000185 [0.000104/48.939251] [6456/0.000162]
  7   6 350, 0.000188 [0.000227/48.938845] [6506/0.000162]
Epoch 6 done. Evaluation:
(50000, 50000)
(8661, 10000)
  7   7  50, 0.000184 [0.000133/48.938111] [6597/0.000162]
  7   7 100, 0.000195 [0.000145/48.937707] [6647/0.000162]
  7   7 150, 0.000183 [0.000104/48.937302] [6697/0.000162]
  7   7 200, 0.000207 [0.000103/48.936897] [6747/0.000162]
  7   7 250, 0.000185 [0.000103/48.936493] [6797/0.000162]
  7   7 300, 0.000186 [0.000169/48.936088] [6847/0.000162]
  7   7 350, 0.000180 [0.000253/48.935684] [6897/0.000162]
Epoch 7 done. Evaluation:
(50000, 50000)
(8652, 10000)
  7   8  50, 0.000200 [0.000125/48.934950] [6988/0.000162]
  7   8 100, 0.000207 [0.000113/48.934546] [7038/0.000162]
  7   8 150, 0.000184 [0.000122/48.934142] [7088/0.000162]
  7   8 200, 0.000237 [0.000126/48.933740] [7138/0.000162]
  7   8 250, 0.000172 [0.000117/48.933335] [7188/0.000162]
  7   8 300, 0.000192 [0.000120/48.932932] [7238/0.000162]
  7   8 350, 0.000199 [0.000102/48.932529] [7288/0.000162]
Epoch 8 done. Evaluation:
(50000, 50000)
(8654, 10000)
  7   9  50, 0.000258 [0.000116/48.931793] [7379/0.000162]
  7   9 100, 0.000166 [0.000105/48.931389] [7429/0.000162]
  7   9 150, 0.000224 [0.000322/48.930983] [7479/0.000162]
  7   9 200, 0.000175 [0.000102/48.930579] [7529/0.000162]
  7   9 250, 0.000203 [0.000104/48.930176] [7579/0.000162]
  7   9 300, 0.000177 [0.000102/48.929772] [7629/0.000162]
  7   9 350, 0.000185 [0.000107/48.929368] [7679/0.000162]
Epoch 9 done. Evaluation:
(50000, 50000)
(8648, 10000)
  7  10  50, 0.000182 [0.000155/48.928633] [7770/0.000162]
  7  10 100, 0.000219 [0.000260/48.928230] [7820/0.000162]
  7  10 150, 0.000201 [0.000281/48.927825] [7870/0.000162]
  7  10 200, 0.000211 [0.000108/48.927423] [7920/0.000162]
  7  10 250, 0.000183 [0.000105/48.927019] [7970/0.000162]
  7  10 300, 0.000177 [0.000103/48.926616] [8020/0.000162]
  7  10 350, 0.000190 [0.000103/48.926211] [8070/0.000162]
Epoch 10 done. Evaluation:
(50000, 50000)
(8657, 10000)
  7  11  50, 0.000187 [0.000104/48.925479] [8161/0.000162]
  7  11 100, 0.000177 [0.000113/48.925072] [8211/0.000162]
  7  11 150, 0.000240 [0.000158/48.924670] [8261/0.000162]
  7  11 200, 0.000189 [0.000135/48.924267] [8311/0.000162]
  7  11 250, 0.000196 [0.000144/48.923863] [8361/0.000162]
  7  11 300, 0.000175 [0.000109/48.923459] [8411/0.000162]
  7  11 350, 0.000181 [0.000116/48.923056] [8461/0.000162]
Epoch 11 done. Evaluation:
(50000, 50000)
(8653, 10000)
  7  12  50, 0.000216 [0.000106/48.922320] [8552/0.000162]
  7  12 100, 0.000175 [0.000107/48.921918] [8602/0.000162]
  7  12 150, 0.000192 [0.000112/48.921513] [8652/0.000162]
  7  12 200, 0.000186 [0.000107/48.921110] [8702/0.000162]
  7  12 250, 0.000166 [0.000128/48.920706] [8752/0.000162]
  7  12 300, 0.000190 [0.000108/48.920302] [8802/0.000162]
  7  12 350, 0.000196 [0.000105/48.919898] [8852/0.000162]
Epoch 12 done. Evaluation:
(50000, 50000)
(8653, 10000)
  7  13  50, 0.000160 [0.000104/48.919162] [   0/0.000160]
  7  13 100, 0.000212 [0.000103/48.918760] [  50/0.000160]
  7  13 150, 0.000204 [0.000105/48.918354] [ 100/0.000160]
  7  13 200, 0.000237 [0.000106/48.917952] [ 150/0.000160]
  7  13 250, 0.000201 [0.000102/48.917549] [ 200/0.000160]
  7  13 300, 0.000195 [0.000106/48.917147] [ 250/0.000160]
  7  13 350, 0.000190 [0.000119/48.916743] [ 300/0.000160]
Epoch 13 done. Evaluation:
(50000, 50000)
(8651, 10000)
  7  14  50, 0.000187 [0.000104/48.916007] [ 391/0.000160]
  7  14 100, 0.000193 [0.000102/48.915604] [ 441/0.000160]
  7  14 150, 0.000197 [0.000104/48.915202] [ 491/0.000160]
  7  14 200, 0.000189 [0.000106/48.914798] [ 541/0.000160]
  7  14 250, 0.000194 [0.000107/48.914394] [ 591/0.000160]
  7  14 300, 0.000192 [0.000263/48.913991] [ 641/0.000160]
  7  14 350, 0.000190 [0.000176/48.913587] [ 691/0.000160]
Epoch 14 done. Evaluation:
(50000, 50000)
(8654, 10000)
  7  15  50, 0.000210 [0.000102/48.912855] [ 782/0.000160]
  7  15 100, 0.000204 [0.000106/48.912453] [ 832/0.000160]
  7  15 150, 0.000197 [0.000107/48.912048] [ 882/0.000160]
  7  15 200, 0.000218 [0.000103/48.911645] [ 932/0.000160]
  7  15 250, 0.000187 [0.000103/48.911241] [ 982/0.000160]
  7  15 300, 0.000215 [0.000102/48.910840] [1032/0.000160]
  7  15 350, 0.000208 [0.000119/48.910437] [1082/0.000160]
Epoch 15 done. Evaluation:
(50000, 50000)
(8653, 10000)
  7  16  50, 0.000165 [0.000104/48.909702] [1173/0.000160]
  7  16 100, 0.000177 [0.000104/48.909299] [1223/0.000160]
  7  16 150, 0.000190 [0.000143/48.908896] [1273/0.000160]
  7  16 200, 0.000182 [0.000103/48.908492] [1323/0.000160]
  7  16 250, 0.000215 [0.000102/48.908088] [1373/0.000160]
  7  16 300, 0.000194 [0.000130/48.907687] [1423/0.000160]
  7  16 350, 0.000188 [0.000109/48.907282] [1473/0.000160]
Epoch 16 done. Evaluation:
(50000, 50000)
(8645, 10000)
  7  17  50, 0.000167 [0.000103/48.906549] [1564/0.000160]
  7  17 100, 0.000199 [0.000110/48.906145] [1614/0.000160]
  7  17 150, 0.000180 [0.000101/48.905743] [1664/0.000160]
  7  17 200, 0.000194 [0.000210/48.905340] [1714/0.000160]
  7  17 250, 0.000204 [0.000123/48.904937] [1764/0.000160]
  7  17 300, 0.000205 [0.000103/48.904534] [1814/0.000160]
  7  17 350, 0.000167 [0.000102/48.904131] [1864/0.000160]
Epoch 17 done. Evaluation:
(50000, 50000)
(8664, 10000)
  7  18  50, 0.000178 [0.000102/48.903396] [1955/0.000160]
  7  18 100, 0.000198 [0.000102/48.902994] [2005/0.000160]
  7  18 150, 0.000218 [0.000108/48.902590] [2055/0.000160]
  7  18 200, 0.000188 [0.000121/48.902187] [2105/0.000160]
  7  18 250, 0.000186 [0.000102/48.901783] [2155/0.000160]
  7  18 300, 0.000180 [0.000104/48.901381] [2205/0.000160]
  7  18 350, 0.000226 [0.000102/48.900980] [2255/0.000160]
Epoch 18 done. Evaluation:
(50000, 50000)
(8645, 10000)
  7  19  50, 0.000235 [0.000125/48.900245] [2346/0.000160]
  7  19 100, 0.000179 [0.000107/48.899844] [2396/0.000160]
  7  19 150, 0.000197 [0.000194/48.899439] [2446/0.000160]
  7  19 200, 0.000157 [0.000122/48.899036] [   0/0.000157]
  7  19 250, 0.000193 [0.000105/48.898635] [  50/0.000157]
  7  19 300, 0.000184 [0.000105/48.898231] [ 100/0.000157]
  7  19 350, 0.000189 [0.000104/48.897827] [ 150/0.000157]
Epoch 19 done. Evaluation:
(50000, 50000)
(8648, 10000)
  8   0  50, 0.000193 [0.000119/48.897294] [ 241/0.000157]
  8   0 100, 0.000207 [0.000102/48.897090] [ 291/0.000157]
  8   0 150, 0.000170 [0.000101/48.896884] [ 341/0.000157]
  8   0 200, 0.000191 [0.000102/48.896681] [ 391/0.000157]
  8   0 250, 0.000189 [0.000101/48.896478] [ 441/0.000157]
  8   0 300, 0.000207 [0.000108/48.896274] [ 491/0.000157]
  8   0 350, 0.000194 [0.000101/48.896069] [ 541/0.000157]
Epoch 0 done. Evaluation:
(50000, 50000)
(8658, 10000)
  8   1  50, 0.000170 [0.000102/48.895697] [ 632/0.000157]
  8   1 100, 0.000188 [0.000104/48.895494] [ 682/0.000157]
  8   1 150, 0.000197 [0.000101/48.895290] [ 732/0.000157]
  8   1 200, 0.000207 [0.000102/48.895086] [ 782/0.000157]
  8   1 250, 0.000169 [0.000103/48.894882] [ 832/0.000157]
  8   1 300, 0.000169 [0.000100/48.894677] [ 882/0.000157]
  8   1 350, 0.000214 [0.000107/48.894475] [ 932/0.000157]
Epoch 1 done. Evaluation:
(50000, 50000)
(8666, 10000)
  8   2  50, 0.000189 [0.000102/48.894103] [1023/0.000157]
  8   2 100, 0.000208 [0.000101/48.893898] [1073/0.000157]
  8   2 150, 0.000163 [0.000100/48.893694] [1123/0.000157]
  8   2 200, 0.000183 [0.000101/48.893491] [1173/0.000157]
  8   2 250, 0.000222 [0.000101/48.893288] [1223/0.000157]
  8   2 300, 0.000195 [0.000105/48.893083] [1273/0.000157]
  8   2 350, 0.000187 [0.000101/48.892880] [1323/0.000157]
Epoch 2 done. Evaluation:
(50000, 50000)
(8647, 10000)
  8   3  50, 0.000193 [0.000102/48.892508] [1414/0.000157]
  8   3 100, 0.000223 [0.000101/48.892304] [1464/0.000157]
  8   3 150, 0.000194 [0.000102/48.892101] [1514/0.000157]
  8   3 200, 0.000171 [0.000101/48.891897] [1564/0.000157]
  8   3 250, 0.000166 [0.000102/48.891692] [1614/0.000157]
  8   3 300, 0.000186 [0.000101/48.891487] [1664/0.000157]
  8   3 350, 0.000203 [0.000103/48.891284] [1714/0.000157]
Epoch 3 done. Evaluation:
(50000, 50000)
(8650, 10000)
  8   4  50, 0.000201 [0.000101/48.890913] [1805/0.000157]
  8   4 100, 0.000197 [0.000101/48.890709] [1855/0.000157]
  8   4 150, 0.000205 [0.000101/48.890505] [1905/0.000157]
  8   4 200, 0.000185 [0.000101/48.890303] [1955/0.000157]
  8   4 250, 0.000176 [0.000101/48.890096] [2005/0.000157]
  8   4 300, 0.000241 [0.000103/48.889893] [2055/0.000157]
  8   4 350, 0.000184 [0.000103/48.889688] [2105/0.000157]
Epoch 4 done. Evaluation:
(50000, 50000)
(8651, 10000)
  8   5  50, 0.000201 [0.000101/48.889317] [2196/0.000157]
  8   5 100, 0.000164 [0.000101/48.889113] [2246/0.000157]
  8   5 150, 0.000197 [0.000101/48.888910] [2296/0.000157]
  8   5 200, 0.000217 [0.000105/48.888706] [2346/0.000157]
  8   5 250, 0.000172 [0.000124/48.888503] [2396/0.000157]
  8   5 300, 0.000188 [0.000101/48.888298] [2446/0.000157]
  8   5 350, 0.000197 [0.000105/48.888094] [2496/0.000157]
Epoch 5 done. Evaluation:
(50000, 50000)
(8645, 10000)
  8   6  50, 0.000211 [0.000101/48.887723] [2587/0.000157]
  8   6 100, 0.000231 [0.000103/48.887519] [2637/0.000157]
  8   6 150, 0.000224 [0.000101/48.887316] [2687/0.000157]
  8   6 200, 0.000199 [0.000101/48.887111] [2737/0.000157]
  8   6 250, 0.000191 [0.000100/48.886907] [2787/0.000157]
  8   6 300, 0.000218 [0.000106/48.886703] [2837/0.000157]
  8   6 350, 0.000176 [0.000102/48.886500] [2887/0.000157]
Epoch 6 done. Evaluation:
(50000, 50000)
(8646, 10000)
  8   7  50, 0.000202 [0.000102/48.886130] [2978/0.000157]
  8   7 100, 0.000171 [0.000111/48.885926] [3028/0.000157]
  8   7 150, 0.000181 [0.000101/48.885722] [3078/0.000157]
  8   7 200, 0.000206 [0.000100/48.885518] [3128/0.000157]
  8   7 250, 0.000214 [0.000103/48.885316] [3178/0.000157]
  8   7 300, 0.000166 [0.000101/48.885111] [3228/0.000157]
  8   7 350, 0.000201 [0.000101/48.884908] [3278/0.000157]
Epoch 7 done. Evaluation:
(50000, 50000)
(8653, 10000)
  8   8  50, 0.000172 [0.000125/48.884535] [3369/0.000157]
  8   8 100, 0.000182 [0.000101/48.884332] [3419/0.000157]
  8   8 150, 0.000187 [0.000116/48.884127] [3469/0.000157]
  8   8 200, 0.000197 [0.000112/48.883923] [3519/0.000157]
  8   8 250, 0.000191 [0.000100/48.883719] [3569/0.000157]
  8   8 300, 0.000206 [0.000101/48.883517] [3619/0.000157]
  8   8 350, 0.000172 [0.000101/48.883312] [3669/0.000157]
Epoch 8 done. Evaluation:
(50000, 50000)
(8651, 10000)
  8   9  50, 0.000182 [0.000103/48.882943] [3760/0.000157]
  8   9 100, 0.000170 [0.000101/48.882737] [3810/0.000157]
  8   9 150, 0.000190 [0.000148/48.882534] [3860/0.000157]
  8   9 200, 0.000199 [0.000102/48.882329] [3910/0.000157]
  8   9 250, 0.000177 [0.000101/48.882126] [3960/0.000157]
  8   9 300, 0.000168 [0.000100/48.881921] [4010/0.000157]
  8   9 350, 0.000197 [0.000101/48.881719] [4060/0.000157]
Epoch 9 done. Evaluation:
(50000, 50000)
(8646, 10000)
  8  10  50, 0.000202 [0.000100/48.881348] [4151/0.000157]
  8  10 100, 0.000199 [0.000101/48.881145] [4201/0.000157]
  8  10 150, 0.000178 [0.000102/48.880941] [4251/0.000157]
  8  10 200, 0.000168 [0.000104/48.880738] [4301/0.000157]
  8  10 250, 0.000186 [0.000135/48.880533] [4351/0.000157]
  8  10 300, 0.000180 [0.000102/48.880328] [4401/0.000157]
  8  10 350, 0.000209 [0.000101/48.880126] [4451/0.000157]
Epoch 10 done. Evaluation:
(50000, 50000)
(8647, 10000)
  8  11  50, 0.000188 [0.000100/48.879754] [4542/0.000157]
  8  11 100, 0.000226 [0.000102/48.879551] [4592/0.000157]
  8  11 150, 0.000177 [0.000102/48.879345] [4642/0.000157]
  8  11 200, 0.000178 [0.000104/48.879141] [4692/0.000157]
  8  11 250, 0.000193 [0.000118/48.878939] [4742/0.000157]
  8  11 300, 0.000201 [0.000109/48.878734] [4792/0.000157]
  8  11 350, 0.000216 [0.000104/48.878530] [4842/0.000157]
Epoch 11 done. Evaluation:
(50000, 50000)
(8660, 10000)
  8  12  50, 0.000193 [0.000102/48.878160] [4933/0.000157]
  8  12 100, 0.000214 [0.000100/48.877956] [4983/0.000157]
  8  12 150, 0.000194 [0.000101/48.877752] [5033/0.000157]
  8  12 200, 0.000204 [0.000101/48.877548] [5083/0.000157]
  8  12 250, 0.000209 [0.000107/48.877345] [5133/0.000157]
  8  12 300, 0.000172 [0.000101/48.877141] [5183/0.000157]
  8  12 350, 0.000170 [0.000101/48.876937] [5233/0.000157]
Epoch 12 done. Evaluation:
(50000, 50000)
(8649, 10000)
  8  13  50, 0.000163 [0.000101/48.876565] [5324/0.000157]
  8  13 100, 0.000181 [0.000131/48.876362] [5374/0.000157]
  8  13 150, 0.000223 [0.000104/48.876158] [5424/0.000157]
  8  13 200, 0.000185 [0.000100/48.875954] [5474/0.000157]
  8  13 250, 0.000225 [0.000102/48.875751] [5524/0.000157]
  8  13 300, 0.000201 [0.000103/48.875548] [5574/0.000157]
  8  13 350, 0.000174 [0.000103/48.875344] [5624/0.000157]
Epoch 13 done. Evaluation:
(50000, 50000)
(8647, 10000)
  8  14  50, 0.000188 [0.000108/48.874973] [5715/0.000157]
  8  14 100, 0.000167 [0.000101/48.874769] [5765/0.000157]
  8  14 150, 0.000208 [0.000103/48.874565] [5815/0.000157]
  8  14 200, 0.000199 [0.000101/48.874363] [5865/0.000157]
  8  14 250, 0.000183 [0.000101/48.874158] [5915/0.000157]
  8  14 300, 0.000191 [0.000103/48.873955] [5965/0.000157]
  8  14 350, 0.000207 [0.000107/48.873751] [6015/0.000157]
Epoch 14 done. Evaluation:
(50000, 50000)
(8660, 10000)
  8  15  50, 0.000201 [0.000106/48.873382] [6106/0.000157]
  8  15 100, 0.000180 [0.000102/48.873178] [6156/0.000157]
  8  15 150, 0.000214 [0.000105/48.872974] [6206/0.000157]
  8  15 200, 0.000194 [0.000102/48.872771] [6256/0.000157]
  8  15 250, 0.000232 [0.000101/48.872567] [6306/0.000157]
  8  15 300, 0.000211 [0.000100/48.872365] [6356/0.000157]
  8  15 350, 0.000203 [0.000115/48.872162] [6406/0.000157]
Epoch 15 done. Evaluation:
(50000, 50000)
(8642, 10000)
  8  16  50, 0.000192 [0.000101/48.871789] [6497/0.000157]
  8  16 100, 0.000195 [0.000101/48.871587] [6547/0.000157]
  8  16 150, 0.000186 [0.000101/48.871384] [6597/0.000157]
  8  16 200, 0.000189 [0.000101/48.871179] [6647/0.000157]
  8  16 250, 0.000167 [0.000101/48.870976] [6697/0.000157]
  8  16 300, 0.000183 [0.000101/48.870773] [6747/0.000157]
  8  16 350, 0.000165 [0.000102/48.870567] [6797/0.000157]
Epoch 16 done. Evaluation:
(50000, 50000)
(8672, 10000)
  8  17  50, 0.000191 [0.000101/48.870197] [6888/0.000157]
  8  17 100, 0.000200 [0.000213/48.869993] [6938/0.000157]
  8  17 150, 0.000173 [0.000103/48.869790] [6988/0.000157]
  8  17 200, 0.000192 [0.000102/48.869587] [7038/0.000157]
  8  17 250, 0.000192 [0.000104/48.869382] [7088/0.000157]
  8  17 300, 0.000173 [0.000104/48.869178] [7138/0.000157]
  8  17 350, 0.000180 [0.000101/48.868975] [7188/0.000157]
Epoch 17 done. Evaluation:
(50000, 50000)
(8657, 10000)
  8  18  50, 0.000194 [0.000101/48.868604] [7279/0.000157]
  8  18 100, 0.000222 [0.000104/48.868400] [7329/0.000157]
  8  18 150, 0.000200 [0.000105/48.868197] [7379/0.000157]
  8  18 200, 0.000170 [0.000101/48.867993] [7429/0.000157]
  8  18 250, 0.000202 [0.000101/48.867790] [7479/0.000157]
  8  18 300, 0.000194 [0.000112/48.867587] [7529/0.000157]
  8  18 350, 0.000205 [0.000106/48.867383] [7579/0.000157]
Epoch 18 done. Evaluation:
(50000, 50000)
(8645, 10000)
  8  19  50, 0.000204 [0.000101/48.867010] [7670/0.000157]
  8  19 100, 0.000173 [0.000106/48.866807] [7720/0.000157]
  8  19 150, 0.000194 [0.000105/48.866603] [7770/0.000157]
  8  19 200, 0.000203 [0.000100/48.866401] [7820/0.000157]
  8  19 250, 0.000180 [0.000101/48.866197] [7870/0.000157]
  8  19 300, 0.000191 [0.000101/48.865993] [7920/0.000157]
  8  19 350, 0.000174 [0.000104/48.865789] [7970/0.000157]
Epoch 19 done. Evaluation:
(50000, 50000)
(8654, 10000)
  9   0  50, 0.000171 [0.000100/48.865536] [8061/0.000157]
  9   0 100, 0.000219 [0.000101/48.865450] [8111/0.000157]
  9   0 150, 0.000174 [0.000100/48.865362] [8161/0.000157]
  9   0 200, 0.000181 [0.000101/48.865275] [8211/0.000157]
  9   0 250, 0.000188 [0.000100/48.865188] [8261/0.000157]
  9   0 300, 0.000174 [0.000101/48.865102] [8311/0.000157]
  9   0 350, 0.000206 [0.000102/48.865017] [8361/0.000157]
Epoch 0 done. Evaluation:
(50000, 50000)
(8645, 10000)
  9   1  50, 0.000178 [0.000100/48.864857] [8452/0.000157]
  9   1 100, 0.000184 [0.000100/48.864770] [8502/0.000157]
  9   1 150, 0.000230 [0.000100/48.864681] [8552/0.000157]
  9   1 200, 0.000207 [0.000100/48.864594] [8602/0.000157]
  9   1 250, 0.000204 [0.000100/48.864510] [8652/0.000157]
  9   1 300, 0.000181 [0.000101/48.864423] [8702/0.000157]
  9   1 350, 0.000184 [0.000100/48.864335] [8752/0.000157]
Epoch 1 done. Evaluation:
(50000, 50000)
(8661, 10000)
  9   2  50, 0.000189 [0.000100/48.864177] [8843/0.000157]
  9   2 100, 0.000179 [0.000100/48.864091] [8893/0.000157]
  9   2 150, 0.000199 [0.000101/48.864003] [8943/0.000157]
  9   2 200, 0.000174 [0.000100/48.863919] [8993/0.000157]
  9   2 250, 0.000243 [0.000101/48.863832] [9043/0.000157]
  9   2 300, 0.000178 [0.000101/48.863744] [9093/0.000157]
  9   2 350, 0.000185 [0.000110/48.863658] [9143/0.000157]
Epoch 2 done. Evaluation:
(50000, 50000)
(8641, 10000)
  9   3  50, 0.000183 [0.000101/48.863500] [9234/0.000157]
  9   3 100, 0.000175 [0.000103/48.863413] [9284/0.000157]
  9   3 150, 0.000180 [0.000105/48.863328] [9334/0.000157]
  9   3 200, 0.000197 [0.000100/48.863241] [9384/0.000157]
  9   3 250, 0.000184 [0.000100/48.863154] [9434/0.000157]
  9   3 300, 0.000203 [0.000100/48.863066] [9484/0.000157]
  9   3 350, 0.000191 [0.000100/48.862980] [9534/0.000157]
Epoch 3 done. Evaluation:
(50000, 50000)
(8651, 10000)
  9   4  50, 0.000195 [0.000104/48.862821] [9625/0.000157]
  9   4 100, 0.000195 [0.000100/48.862734] [9675/0.000157]
  9   4 150, 0.000184 [0.000100/48.862649] [9725/0.000157]
  9   4 200, 0.000193 [0.000100/48.862562] [9775/0.000157]
  9   4 250, 0.000214 [0.000101/48.862475] [9825/0.000157]
  9   4 300, 0.000207 [0.000101/48.862387] [9875/0.000157]
  9   4 350, 0.000203 [0.000100/48.862301] [9925/0.000157]
Epoch 4 done. Evaluation:
(50000, 50000)
(8649, 10000)
  9   5  50, 0.000188 [0.000100/48.862144] [10016/0.000157]
  9   5 100, 0.000177 [0.000100/48.862058] [10066/0.000157]
  9   5 150, 0.000205 [0.000100/48.861969] [10116/0.000157]
  9   5 200, 0.000187 [0.000100/48.861882] [10166/0.000157]
  9   5 250, 0.000209 [0.000100/48.861797] [10216/0.000157]
  9   5 300, 0.000200 [0.000100/48.861708] [10266/0.000157]
  9   5 350, 0.000189 [0.000105/48.861622] [10316/0.000157]
Epoch 5 done. Evaluation:
(50000, 50000)
(8658, 10000)
  9   6  50, 0.000176 [0.000101/48.861465] [10407/0.000157]
  9   6 100, 0.000184 [0.000100/48.861379] [10457/0.000157]
  9   6 150, 0.000187 [0.000100/48.861293] [10507/0.000157]
  9   6 200, 0.000207 [0.000101/48.861206] [10557/0.000157]
  9   6 250, 0.000211 [0.000107/48.861117] [10607/0.000157]
  9   6 300, 0.000195 [0.000100/48.861032] [10657/0.000157]
  9   6 350, 0.000192 [0.000102/48.860945] [10707/0.000157]
Epoch 6 done. Evaluation:
(50000, 50000)
(8664, 10000)
  9   7  50, 0.000176 [0.000102/48.860788] [10798/0.000157]
  9   7 100, 0.000186 [0.000100/48.860703] [10848/0.000157]
  9   7 150, 0.000167 [0.000101/48.860615] [10898/0.000157]
  9   7 200, 0.000204 [0.000123/48.860529] [10948/0.000157]
  9   7 250, 0.000180 [0.000101/48.860441] [10998/0.000157]
  9   7 300, 0.000178 [0.000100/48.860356] [11048/0.000157]
  9   7 350, 0.000172 [0.000100/48.860269] [11098/0.000157]
Epoch 7 done. Evaluation:
(50000, 50000)
(8650, 10000)
  9   8  50, 0.000234 [0.000100/48.860112] [11189/0.000157]
  9   8 100, 0.000176 [0.000100/48.860025] [11239/0.000157]
  9   8 150, 0.000208 [0.000101/48.859938] [11289/0.000157]
  9   8 200, 0.000182 [0.000100/48.859852] [11339/0.000157]
  9   8 250, 0.000196 [0.000100/48.859765] [11389/0.000157]
  9   8 300, 0.000197 [0.000101/48.859679] [11439/0.000157]
  9   8 350, 0.000194 [0.000191/48.859592] [11489/0.000157]
Epoch 8 done. Evaluation:
(50000, 50000)
(8653, 10000)
  9   9  50, 0.000204 [0.000100/48.859435] [11580/0.000157]
  9   9 100, 0.000235 [0.000100/48.859347] [11630/0.000157]
  9   9 150, 0.000184 [0.000111/48.859260] [11680/0.000157]
  9   9 200, 0.000172 [0.000101/48.859173] [11730/0.000157]
  9   9 250, 0.000203 [0.000100/48.859087] [11780/0.000157]
  9   9 300, 0.000199 [0.000100/48.859001] [11830/0.000157]
  9   9 350, 0.000211 [0.000100/48.858913] [11880/0.000157]
Epoch 9 done. Evaluation:
(50000, 50000)
(8643, 10000)
  9  10  50, 0.000199 [0.000100/48.858756] [11971/0.000157]
  9  10 100, 0.000201 [0.000105/48.858669] [12021/0.000157]
  9  10 150, 0.000177 [0.000101/48.858582] [12071/0.000157]
  9  10 200, 0.000164 [0.000100/48.858497] [12121/0.000157]
  9  10 250, 0.000210 [0.000101/48.858409] [12171/0.000157]
  9  10 300, 0.000178 [0.000100/48.858323] [12221/0.000157]
  9  10 350, 0.000221 [0.000101/48.858236] [12271/0.000157]
Epoch 10 done. Evaluation:
(50000, 50000)
(8649, 10000)
  9  11  50, 0.000216 [0.000101/48.858077] [12362/0.000157]
  9  11 100, 0.000163 [0.000101/48.857991] [12412/0.000157]
  9  11 150, 0.000182 [0.000108/48.857905] [12462/0.000157]
  9  11 200, 0.000192 [0.000100/48.857819] [12512/0.000157]
  9  11 250, 0.000179 [0.000102/48.857732] [12562/0.000157]
  9  11 300, 0.000168 [0.000101/48.857646] [12612/0.000157]
  9  11 350, 0.000171 [0.000100/48.857559] [12662/0.000157]
Epoch 11 done. Evaluation:
(50000, 50000)
(8652, 10000)
  9  12  50, 0.000206 [0.000101/48.857402] [12753/0.000157]
  9  12 100, 0.000230 [0.000101/48.857313] [12803/0.000157]
  9  12 150, 0.000183 [0.000100/48.857227] [12853/0.000157]
  9  12 200, 0.000205 [0.000106/48.857139] [12903/0.000157]
  9  12 250, 0.000188 [0.000101/48.857053] [12953/0.000157]
  9  12 300, 0.000200 [0.000100/48.856966] [13003/0.000157]
  9  12 350, 0.000183 [0.000100/48.856880] [13053/0.000157]
Epoch 12 done. Evaluation:
(50000, 50000)
(8645, 10000)
  9  13  50, 0.000196 [0.000101/48.856723] [13144/0.000157]
  9  13 100, 0.000198 [0.000105/48.856635] [13194/0.000157]
  9  13 150, 0.000185 [0.000102/48.856550] [13244/0.000157]
  9  13 200, 0.000173 [0.000100/48.856462] [13294/0.000157]
  9  13 250, 0.000194 [0.000101/48.856377] [13344/0.000157]
  9  13 300, 0.000227 [0.000100/48.856288] [13394/0.000157]
  9  13 350, 0.000178 [0.000100/48.856203] [13444/0.000157]
Epoch 13 done. Evaluation:
(50000, 50000)
(8658, 10000)
  9  14  50, 0.000196 [0.000100/48.856043] [13535/0.000157]
  9  14 100, 0.000199 [0.000114/48.855956] [13585/0.000157]
  9  14 150, 0.000174 [0.000103/48.855871] [13635/0.000157]
  9  14 200, 0.000166 [0.000101/48.855784] [13685/0.000157]
  9  14 250, 0.000322 [0.000100/48.855698] [13735/0.000157]
  9  14 300, 0.000177 [0.000100/48.855610] [13785/0.000157]
  9  14 350, 0.000176 [0.000101/48.855525] [13835/0.000157]
Epoch 14 done. Evaluation:
(50000, 50000)
(8643, 10000)
  9  15  50, 0.000188 [0.000100/48.855368] [13926/0.000157]
  9  15 100, 0.000188 [0.000104/48.855281] [13976/0.000157]
  9  15 150, 0.000183 [0.000100/48.855195] [14026/0.000157]
  9  15 200, 0.000190 [0.000101/48.855109] [14076/0.000157]
  9  15 250, 0.000200 [0.000100/48.855022] [14126/0.000157]
  9  15 300, 0.000200 [0.000101/48.854935] [14176/0.000157]
  9  15 350, 0.000179 [0.000100/48.854848] [14226/0.000157]
Epoch 15 done. Evaluation:
(50000, 50000)
(8653, 10000)
  9  16  50, 0.000174 [0.000100/48.854690] [14317/0.000157]
  9  16 100, 0.000190 [0.000100/48.854603] [14367/0.000157]
  9  16 150, 0.000197 [0.000102/48.854517] [14417/0.000157]
  9  16 200, 0.000203 [0.000100/48.854431] [14467/0.000157]
  9  16 250, 0.000214 [0.000100/48.854344] [14517/0.000157]
  9  16 300, 0.000193 [0.000101/48.854257] [14567/0.000157]
  9  16 350, 0.000193 [0.000101/48.854170] [14617/0.000157]
Epoch 16 done. Evaluation:
(50000, 50000)
(8638, 10000)
  9  17  50, 0.000169 [0.000102/48.854013] [14708/0.000157]
  9  17 100, 0.000177 [0.000100/48.853927] [14758/0.000157]
  9  17 150, 0.000181 [0.000100/48.853839] [14808/0.000157]
  9  17 200, 0.000176 [0.000100/48.853754] [14858/0.000157]
  9  17 250, 0.000204 [0.000100/48.853666] [14908/0.000157]
  9  17 300, 0.000184 [0.000100/48.853580] [14958/0.000157]
  9  17 350, 0.000169 [0.000100/48.853494] [15008/0.000157]
Epoch 17 done. Evaluation:
(50000, 50000)
(8646, 10000)
  9  18  50, 0.000179 [0.000101/48.853338] [15099/0.000157]
  9  18 100, 0.000202 [0.000100/48.853250] [15149/0.000157]
  9  18 150, 0.000163 [0.000101/48.853165] [15199/0.000157]
  9  18 200, 0.000198 [0.000102/48.853078] [15249/0.000157]
  9  18 250, 0.000164 [0.000101/48.852991] [15299/0.000157]
  9  18 300, 0.000193 [0.000101/48.852905] [15349/0.000157]
  9  18 350, 0.000162 [0.000100/48.852820] [15399/0.000157]
Epoch 18 done. Evaluation:
(50000, 50000)
(8652, 10000)
  9  19  50, 0.000188 [0.000100/48.852662] [15490/0.000157]
  9  19 100, 0.000208 [0.000102/48.852575] [15540/0.000157]
  9  19 150, 0.000212 [0.000100/48.852488] [15590/0.000157]
  9  19 200, 0.000211 [0.000100/48.852402] [15640/0.000157]
  9  19 250, 0.000185 [0.000100/48.852314] [15690/0.000157]
  9  19 300, 0.000173 [0.000100/48.852227] [15740/0.000157]
  9  19 350, 0.000166 [0.000100/48.852142] [15790/0.000157]
Epoch 19 done. Evaluation:
(50000, 50000)
(8650, 10000)
0.00055984358985
0.00563664122394
0.00145424188693
0.00286677899542
0.000720711471646
0.00143080205344
0.000361211683601
0.000719755637162
0.00018051518982
0.000179409729059
4.97748486243e-06
4.81950570209e-06
