Sequential (
  (conv1_1): Sequential (
    (0): Conv2d(3, 32, kernel_size=(3, 3), stride=(1, 1), padding=(1, 1))
    (1): BatchNorm2d(32, eps=1e-05, momentum=0.1, affine=True)
    (2): ReLU (inplace)
  )
  (conv1_2): Sequential (
    (0): Conv2d(32, 32, kernel_size=(3, 3), stride=(1, 1), padding=(1, 1))
    (1): BatchNorm2d(32, eps=1e-05, momentum=0.1, affine=True)
    (2): ReLU (inplace)
  )
  (pool1): MaxPool2d (size=(2, 2), stride=(2, 2), dilation=(1, 1))
  (conv2_1): Sequential (
    (0): Conv2d(32, 64, kernel_size=(3, 3), stride=(1, 1), padding=(1, 1))
    (1): BatchNorm2d(64, eps=1e-05, momentum=0.1, affine=True)
    (2): ReLU (inplace)
  )
  (conv2_2): Sequential (
    (0): Conv2d(64, 64, kernel_size=(3, 3), stride=(1, 1), padding=(1, 1))
    (1): BatchNorm2d(64, eps=1e-05, momentum=0.1, affine=True)
    (2): ReLU (inplace)
  )
  (pool2): MaxPool2d (size=(2, 2), stride=(2, 2), dilation=(1, 1))
  (conv3_1): Sequential (
    (0): Conv2d(64, 128, kernel_size=(3, 3), stride=(1, 1), padding=(1, 1))
    (1): BatchNorm2d(128, eps=1e-05, momentum=0.1, affine=True)
    (2): ReLU (inplace)
  )
  (conv3_2): Sequential (
    (0): Conv2d(128, 128, kernel_size=(3, 3), stride=(1, 1), padding=(1, 1))
    (1): BatchNorm2d(128, eps=1e-05, momentum=0.1, affine=True)
    (2): ReLU (inplace)
  )
  (pool3): MaxPool2d (size=(2, 2), stride=(2, 2), dilation=(1, 1))
  (conv4_1): Sequential (
    (0): Conv2d(128, 256, kernel_size=(3, 3), stride=(1, 1), padding=(1, 1))
    (1): BatchNorm2d(256, eps=1e-05, momentum=0.1, affine=True)
    (2): ReLU (inplace)
  )
  (conv4_2): Sequential (
    (0): Conv2d(256, 256, kernel_size=(3, 3), stride=(1, 1), padding=(1, 1))
    (1): BatchNorm2d(256, eps=1e-05, momentum=0.1, affine=True)
    (2): ReLU (inplace)
  )
  (pool4): MaxPool2d (size=(2, 2), stride=(2, 2), dilation=(1, 1))
  (conv5_1): Sequential (
    (0): Conv2d(256, 256, kernel_size=(3, 3), stride=(1, 1), padding=(1, 1))
    (1): BatchNorm2d(256, eps=1e-05, momentum=0.1, affine=True)
    (2): ReLU (inplace)
  )
  (conv5_2): Sequential (
    (0): Conv2d(256, 256, kernel_size=(3, 3), stride=(1, 1), padding=(1, 1))
    (1): BatchNorm2d(256, eps=1e-05, momentum=0.1, affine=True)
    (2): ReLU (inplace)
  )
  (pool5): MaxPool2d (size=(2, 2), stride=(2, 2), dilation=(1, 1))
  (fc6): Sequential (
    (0): Conv2d(256, 256, kernel_size=(1, 1), stride=(1, 1))
    (1): BatchNorm2d(256, eps=1e-05, momentum=0.1, affine=True)
    (2): ReLU (inplace)
  )
  (logit): Conv2d(256, 10, kernel_size=(1, 1), stride=(1, 1))
  (flatter): Flatten()
)
{'L1_decay': 5e-06,
 'batch_size': 128,
 'force_name': False,
 'graphfolder': 'logs/cxp5_graphs/',
 'learning_rate': 0.1,
 'logfile': 'logs/cxp5.log',
 'mode': '',
 'name': 'cxp5',
 'num_base': 32,
 'optimizer': 'SGD_var_dup',
 'weight_decay': 8e-05}
Decayed training with schedule: [20, 20, 20, 20, 20, 20, 20, 20, 20, 20]
  0   0  50, 1.829062 [0.396102/71.748171] [   0/1.829062]
  0   0 100, 1.523442 [0.405546/71.344484] [   0/1.523442]
  0   0 150, 1.325470 [0.449570/70.952604] [   0/1.325470]
  0   0 200, 1.255573 [0.351917/70.573167] [   0/1.255573]
  0   0 250, 1.183393 [0.350714/70.203491] [   0/1.183393]
  0   0 300, 1.130705 [0.399385/69.842524] [   0/1.130705]
  0   0 350, 1.078774 [0.349822/69.493028] [   0/1.078774]
Epoch 0 done. Evaluation:
(26433, 50000)
(6040, 10000)
  0   1  50, 0.911839 [0.365914/68.883940] [   0/0.911839]
  0   1 100, 0.915711 [0.333665/68.557745] [  50/0.911839]
  0   1 150, 0.870083 [0.327263/68.240108] [   0/0.870083]
  0   1 200, 0.857929 [0.285260/67.928942] [   0/0.857929]
  0   1 250, 0.815769 [0.298717/67.623789] [   0/0.815769]
  0   1 300, 0.828153 [0.346688/67.322752] [  50/0.815769]
  0   1 350, 0.801002 [0.322718/67.030538] [   0/0.801002]
Epoch 1 done. Evaluation:
(35021, 50000)
(5987, 10000)
  0   2  50, 0.716097 [0.362999/66.518000] [   0/0.716097]
  0   2 100, 0.693972 [0.327851/66.246005] [   0/0.693972]
  0   2 150, 0.675021 [0.273273/65.977651] [   0/0.675021]
  0   2 200, 0.699345 [0.370692/65.713208] [  50/0.675021]
  0   2 250, 0.680622 [0.358946/65.454251] [ 100/0.675021]
  0   2 300, 0.696091 [0.351086/65.199358] [ 150/0.675021]
  0   2 350, 0.652125 [0.312853/64.946896] [   0/0.652125]
Epoch 2 done. Evaluation:
(38014, 50000)
(6961, 10000)
  0   3  50, 0.589834 [0.356432/64.505802] [   0/0.589834]
  0   3 100, 0.595218 [0.342047/64.269944] [  50/0.589834]
  0   3 150, 0.587029 [0.300190/64.039317] [   0/0.587029]
  0   3 200, 0.596837 [0.384300/63.812589] [  50/0.587029]
  0   3 250, 0.570815 [0.368071/63.587968] [   0/0.570815]
  0   3 300, 0.595146 [0.353805/63.365237] [  50/0.570815]
  0   3 350, 0.588379 [0.295652/63.145401] [ 100/0.570815]
Epoch 3 done. Evaluation:
(39769, 50000)
(7427, 10000)
  0   4  50, 0.525672 [0.283754/62.762657] [   0/0.525672]
  0   4 100, 0.512293 [0.319264/62.557423] [   0/0.512293]
  0   4 150, 0.527343 [0.329934/62.357134] [  50/0.512293]
  0   4 200, 0.523859 [0.388835/62.158265] [ 100/0.512293]
  0   4 250, 0.532913 [0.307981/61.962557] [ 150/0.512293]
  0   4 300, 0.540663 [0.280297/61.764990] [ 200/0.512293]
  0   4 350, 0.541996 [0.399951/61.575076] [ 250/0.512293]
Epoch 4 done. Evaluation:
(40787, 50000)
(7587, 10000)
  0   5  50, 0.459571 [0.322298/61.234771] [   0/0.459571]
  0   5 100, 0.478775 [0.348350/61.054422] [  50/0.459571]
  0   5 150, 0.464209 [0.305928/60.876136] [ 100/0.459571]
  0   5 200, 0.495072 [0.378135/60.699813] [ 150/0.459571]
  0   5 250, 0.465490 [0.393132/60.524213] [ 200/0.459571]
  0   5 300, 0.486479 [0.349579/60.350061] [ 250/0.459571]
  0   5 350, 0.466231 [0.334976/60.174276] [ 300/0.459571]
Epoch 5 done. Evaluation:
(41694, 50000)
(6273, 10000)
  0   6  50, 0.413916 [0.348194/59.867205] [   0/0.413916]
  0   6 100, 0.425936 [0.279169/59.703452] [  50/0.413916]
  0   6 150, 0.439887 [0.361147/59.539150] [ 100/0.413916]
  0   6 200, 0.446439 [0.334616/59.383221] [ 150/0.413916]
  0   6 250, 0.434945 [0.373620/59.226572] [ 200/0.413916]
  0   6 300, 0.460519 [0.401259/59.067931] [ 250/0.413916]
  0   6 350, 0.436692 [0.323348/58.913064] [ 300/0.413916]
Epoch 6 done. Evaluation:
(42350, 50000)
(6583, 10000)
  0   7  50, 0.383838 [0.319303/58.638295] [   0/0.383838]
  0   7 100, 0.389651 [0.369450/58.492153] [  50/0.383838]
  0   7 150, 0.407215 [0.335691/58.346537] [ 100/0.383838]
  0   7 200, 0.414119 [0.317802/58.203707] [ 150/0.383838]
  0   7 250, 0.408457 [0.362507/58.064149] [ 200/0.383838]
  0   7 300, 0.424346 [0.278474/57.923588] [ 250/0.383838]
  0   7 350, 0.420368 [0.496724/57.783037] [ 300/0.383838]
Epoch 7 done. Evaluation:
(42873, 50000)
(7543, 10000)
  0   8  50, 0.342589 [0.459974/57.530673] [   0/0.342589]
  0   8 100, 0.396536 [0.318798/57.397422] [  50/0.342589]
  0   8 150, 0.376983 [0.506743/57.266011] [ 100/0.342589]
  0   8 200, 0.393005 [0.353436/57.134229] [ 150/0.342589]
  0   8 250, 0.387482 [0.388343/57.004826] [ 200/0.342589]
  0   8 300, 0.394667 [0.284546/56.872086] [ 250/0.342589]
  0   8 350, 0.408421 [0.322967/56.744832] [ 300/0.342589]
Epoch 8 done. Evaluation:
(43269, 50000)
(7146, 10000)
  0   9  50, 0.330650 [0.325519/56.513924] [   0/0.330650]
  0   9 100, 0.342873 [0.313117/56.389859] [  50/0.330650]
  0   9 150, 0.345427 [0.286555/56.270017] [ 100/0.330650]
  0   9 200, 0.367314 [0.383499/56.155227] [ 150/0.330650]
  0   9 250, 0.364900 [0.422023/56.041085] [ 200/0.330650]
  0   9 300, 0.373253 [0.361229/55.923871] [ 250/0.330650]
  0   9 350, 0.359412 [0.283704/55.805309] [ 300/0.330650]
Epoch 9 done. Evaluation:
(43680, 50000)
(6345, 10000)
  0  10  50, 0.306038 [0.403943/55.595277] [   0/0.306038]
  0  10 100, 0.312352 [0.337626/55.481505] [  50/0.306038]
  0  10 150, 0.341904 [0.421122/55.372593] [ 100/0.306038]
  0  10 200, 0.345415 [0.410623/55.265682] [ 150/0.306038]
  0  10 250, 0.331322 [0.324940/55.157436] [ 200/0.306038]
  0  10 300, 0.361353 [0.481509/55.052313] [ 250/0.306038]
  0  10 350, 0.353487 [0.374695/54.946848] [ 300/0.306038]
Epoch 10 done. Evaluation:
(44027, 50000)
(6238, 10000)
  0  11  50, 0.281468 [0.404794/54.747793] [   0/0.281468]
  0  11 100, 0.307843 [0.344320/54.645234] [  50/0.281468]
  0  11 150, 0.315895 [0.410406/54.543935] [ 100/0.281468]
  0  11 200, 0.303046 [0.385994/54.441808] [ 150/0.281468]
  0  11 250, 0.320730 [0.360630/54.341978] [ 200/0.281468]
  0  11 300, 0.354681 [0.373173/54.244159] [ 250/0.281468]
  0  11 350, 0.348097 [0.391717/54.145741] [ 300/0.281468]
Epoch 11 done. Evaluation:
(44342, 50000)
(7915, 10000)
  0  12  50, 0.278448 [0.292310/53.964807] [   0/0.278448]
  0  12 100, 0.289309 [0.331700/53.868043] [  50/0.278448]
  0  12 150, 0.288735 [0.328138/53.771369] [ 100/0.278448]
  0  12 200, 0.303570 [0.316251/53.678979] [ 150/0.278448]
  0  12 250, 0.334366 [0.468469/53.591283] [ 200/0.278448]
  0  12 300, 0.336159 [0.367550/53.501056] [ 250/0.278448]
  0  12 350, 0.307444 [0.346023/53.406857] [ 300/0.278448]
Epoch 12 done. Evaluation:
(44606, 50000)
(8001, 10000)
  0  13  50, 0.240211 [0.309639/53.237374] [   0/0.240211]
  0  13 100, 0.272380 [0.363615/53.148632] [  50/0.240211]
  0  13 150, 0.269428 [0.361880/53.063542] [ 100/0.240211]
  0  13 200, 0.287212 [0.340252/52.983079] [ 150/0.240211]
  0  13 250, 0.311484 [0.439355/52.903372] [ 200/0.240211]
  0  13 300, 0.320393 [0.349526/52.819524] [ 250/0.240211]
  0  13 350, 0.324739 [0.383870/52.738159] [ 300/0.240211]
Epoch 13 done. Evaluation:
(44914, 50000)
(7891, 10000)
  0  14  50, 0.231017 [0.328462/52.578270] [   0/0.231017]
  0  14 100, 0.255720 [0.388186/52.496048] [  50/0.231017]
  0  14 150, 0.274743 [0.306802/52.417176] [ 100/0.231017]
  0  14 200, 0.290474 [0.427088/52.341707] [ 150/0.231017]
  0  14 250, 0.307794 [0.525851/52.264615] [ 200/0.231017]
  0  14 300, 0.291184 [0.399999/52.183565] [ 250/0.231017]
  0  14 350, 0.308073 [0.396953/52.108183] [ 300/0.231017]
Epoch 14 done. Evaluation:
(44979, 50000)
(8079, 10000)
  0  15  50, 0.232952 [0.288506/51.955852] [ 391/0.231017]
  0  15 100, 0.229066 [0.372681/51.877071] [   0/0.229066]
  0  15 150, 0.278960 [0.290051/51.808521] [  50/0.229066]
  0  15 200, 0.265942 [0.369829/51.734518] [ 100/0.229066]
  0  15 250, 0.264448 [0.345662/51.663602] [ 150/0.229066]
  0  15 300, 0.309565 [0.370695/51.596409] [ 200/0.229066]
  0  15 350, 0.282071 [0.312061/51.520427] [ 250/0.229066]
Epoch 15 done. Evaluation:
(45380, 50000)
(8029, 10000)
  0  16  50, 0.231192 [0.377718/51.379729] [ 341/0.229066]
  0  16 100, 0.243799 [0.371324/51.305126] [ 391/0.229066]
  0  16 150, 0.238398 [0.471912/51.232877] [ 441/0.229066]
  0  16 200, 0.253622 [0.372331/51.162934] [ 491/0.229066]
  0  16 250, 0.271468 [0.450299/51.100631] [ 541/0.229066]
  0  16 300, 0.286470 [0.483005/51.035197] [ 591/0.229066]
  0  16 350, 0.270432 [0.357733/50.966655] [ 641/0.229066]
Epoch 16 done. Evaluation:
(45517, 50000)
(7824, 10000)
  0  17  50, 0.213318 [0.392778/50.836541] [   0/0.213318]
  0  17 100, 0.239418 [0.329030/50.767774] [  50/0.213318]
  0  17 150, 0.235911 [0.372914/50.700098] [ 100/0.213318]
  0  17 200, 0.249226 [0.274665/50.636184] [ 150/0.213318]
  0  17 250, 0.259090 [0.391096/50.575939] [ 200/0.213318]
  0  17 300, 0.270580 [0.494288/50.514149] [ 250/0.213318]
  0  17 350, 0.256554 [0.500602/50.448796] [ 300/0.213318]
Epoch 17 done. Evaluation:
(45530, 50000)
(7991, 10000)
  0  18  50, 0.204236 [0.431956/50.331210] [   0/0.204236]
  0  18 100, 0.230270 [0.379234/50.275221] [  50/0.204236]
  0  18 150, 0.245989 [0.309286/50.214989] [ 100/0.204236]
  0  18 200, 0.243574 [0.455630/50.155829] [ 150/0.204236]
  0  18 250, 0.251331 [0.373231/50.096793] [ 200/0.204236]
  0  18 300, 0.258552 [0.318218/50.039693] [ 250/0.204236]
  0  18 350, 0.255924 [0.420753/49.981591] [ 300/0.204236]
Epoch 18 done. Evaluation:
(45745, 50000)
(7396, 10000)
  0  19  50, 0.218372 [0.343756/49.873913] [ 391/0.204236]
  0  19 100, 0.219925 [0.414828/49.814499] [ 441/0.204236]
  0  19 150, 0.213840 [0.320481/49.752278] [ 491/0.204236]
  0  19 200, 0.227902 [0.458784/49.694042] [ 541/0.204236]
  0  19 250, 0.252737 [0.452698/49.641124] [ 591/0.204236]
  0  19 300, 0.258024 [0.320178/49.592064] [ 641/0.204236]
  0  19 350, 0.252232 [0.357772/49.535444] [ 691/0.204236]
Epoch 19 done. Evaluation:
(45836, 50000)
(8121, 10000)
  1   0  50, 0.137195 [0.128956/49.435047] [   0/0.137195]
  1   0 100, 0.131630 [0.119682/49.383874] [   0/0.131630]
  1   0 150, 0.106516 [0.135504/49.332122] [   0/0.106516]
  1   0 200, 0.103052 [0.115670/49.280173] [   0/0.103052]
  1   0 250, 0.110640 [0.164593/49.228761] [  50/0.103052]
  1   0 300, 0.107987 [0.139971/49.179590] [ 100/0.103052]
  1   0 350, 0.108494 [0.121441/49.129800] [ 150/0.103052]
Epoch 0 done. Evaluation:
(48103, 50000)
(8502, 10000)
  1   1  50, 0.077606 [0.100287/49.038957] [   0/0.077606]
  1   1 100, 0.070019 [0.154270/48.987355] [   0/0.070019]
  1   1 150, 0.069849 [0.133210/48.937752] [   0/0.069849]
  1   1 200, 0.070838 [0.126202/48.887991] [  50/0.069849]
  1   1 250, 0.084171 [0.208187/48.840992] [ 100/0.069849]
  1   1 300, 0.086328 [0.206319/48.794722] [ 150/0.069849]
  1   1 350, 0.091102 [0.174759/48.749281] [ 200/0.069849]
Epoch 1 done. Evaluation:
(48703, 50000)
(8104, 10000)
  1   2  50, 0.056921 [0.051558/48.664927] [   0/0.056921]
  1   2 100, 0.066891 [0.072942/48.617128] [  50/0.056921]
  1   2 150, 0.065139 [0.114714/48.570867] [ 100/0.056921]
  1   2 200, 0.061735 [0.101139/48.525405] [ 150/0.056921]
  1   2 250, 0.064306 [0.208851/48.480199] [ 200/0.056921]
  1   2 300, 0.078883 [0.105603/48.438472] [ 250/0.056921]
  1   2 350, 0.083317 [0.176105/48.397975] [ 300/0.056921]
Epoch 2 done. Evaluation:
(48876, 50000)
(7888, 10000)
  1   3  50, 0.063465 [0.159866/48.322256] [ 391/0.056921]
  1   3 100, 0.056352 [0.221605/48.277709] [   0/0.056352]
  1   3 150, 0.070734 [0.239113/48.236805] [  50/0.056352]
  1   3 200, 0.068212 [0.162736/48.196585] [ 100/0.056352]
  1   3 250, 0.077622 [0.253612/48.156927] [ 150/0.056352]
  1   3 300, 0.080528 [0.205099/48.119891] [ 200/0.056352]
  1   3 350, 0.085424 [0.259428/48.083810] [ 250/0.056352]
Epoch 3 done. Evaluation:
(48759, 50000)
(8264, 10000)
  1   4  50, 0.056389 [0.144907/48.013765] [ 341/0.056352]
  1   4 100, 0.053722 [0.184951/47.971617] [   0/0.053722]
  1   4 150, 0.066927 [0.275884/47.933750] [  50/0.053722]
  1   4 200, 0.065765 [0.238128/47.895713] [ 100/0.053722]
  1   4 250, 0.082608 [0.280000/47.862142] [ 150/0.053722]
  1   4 300, 0.092145 [0.200480/47.830504] [ 200/0.053722]
  1   4 350, 0.102196 [0.174316/47.799746] [ 250/0.053722]
Epoch 4 done. Evaluation:
(48679, 50000)
(8307, 10000)
  1   5  50, 0.060103 [0.140782/47.736367] [ 341/0.053722]
  1   5 100, 0.067286 [0.175229/47.698916] [ 391/0.053722]
  1   5 150, 0.081308 [0.156179/47.665908] [ 441/0.053722]
  1   5 200, 0.080868 [0.187868/47.631907] [ 491/0.053722]
  1   5 250, 0.101027 [0.194550/47.603180] [ 541/0.053722]
  1   5 300, 0.089493 [0.181059/47.571089] [ 591/0.053722]
  1   5 350, 0.101432 [0.257899/47.542788] [ 641/0.053722]
Epoch 5 done. Evaluation:
(48519, 50000)
(7825, 10000)
  1   6  50, 0.075239 [0.166273/47.488902] [ 732/0.053722]
  1   6 100, 0.086112 [0.156187/47.457627] [ 782/0.053722]
  1   6 150, 0.092597 [0.254307/47.427005] [ 832/0.053722]
  1   6 200, 0.083865 [0.238612/47.394986] [ 882/0.053722]
  1   6 250, 0.112515 [0.210786/47.371226] [ 932/0.053722]
  1   6 300, 0.115907 [0.268727/47.346083] [ 982/0.053722]
  1   6 350, 0.117211 [0.264777/47.320912] [1032/0.053722]
Epoch 6 done. Evaluation:
(48248, 50000)
(7894, 10000)
  1   7  50, 0.083426 [0.205723/47.267036] [1123/0.053722]
  1   7 100, 0.071606 [0.202350/47.231482] [1173/0.053722]
  1   7 150, 0.075964 [0.177220/47.197437] [1223/0.053722]
  1   7 200, 0.084574 [0.274277/47.167159] [1273/0.053722]
  1   7 250, 0.092848 [0.232208/47.139178] [1323/0.053722]
  1   7 300, 0.096605 [0.293344/47.111751] [1373/0.053722]
  1   7 350, 0.102381 [0.173098/47.083646] [1423/0.053722]
Epoch 7 done. Evaluation:
(48463, 50000)
(8120, 10000)
  1   8  50, 0.069961 [0.278851/47.028688] [1514/0.053722]
  1   8 100, 0.065766 [0.184332/46.994247] [1564/0.053722]
  1   8 150, 0.086720 [0.265530/46.964842] [1614/0.053722]
  1   8 200, 0.089365 [0.273833/46.935887] [1664/0.053722]
  1   8 250, 0.104054 [0.254040/46.912490] [1714/0.053722]
  1   8 300, 0.111584 [0.220502/46.887795] [1764/0.053722]
  1   8 350, 0.104278 [0.255376/46.864050] [1814/0.053722]
Epoch 8 done. Evaluation:
(48369, 50000)
(7897, 10000)
  1   9  50, 0.077174 [0.137512/46.817069] [1905/0.053722]
  1   9 100, 0.082536 [0.180359/46.786880] [1955/0.053722]
  1   9 150, 0.090672 [0.270867/46.760332] [2005/0.053722]
  1   9 200, 0.099397 [0.278583/46.737588] [2055/0.053722]
  1   9 250, 0.088277 [0.192715/46.709040] [2105/0.053722]
  1   9 300, 0.106346 [0.277522/46.686421] [2155/0.053722]
  1   9 350, 0.117307 [0.297228/46.665451] [2205/0.053722]
Epoch 9 done. Evaluation:
(48331, 50000)
(7106, 10000)
  1  10  50, 0.092490 [0.168505/46.617490] [2296/0.053722]
  1  10 100, 0.077652 [0.186543/46.587713] [2346/0.053722]
  1  10 150, 0.077648 [0.208221/46.559082] [2396/0.053722]
  1  10 200, 0.087081 [0.144431/46.530279] [2446/0.053722]
  1  10 250, 0.084736 [0.288930/46.501198] [2496/0.053722]
  1  10 300, 0.090849 [0.265464/46.475483] [2546/0.053722]
  1  10 350, 0.088765 [0.207209/46.449271] [2596/0.053722]
Epoch 10 done. Evaluation:
(48472, 50000)
(7233, 10000)
  1  11  50, 0.089883 [0.155465/46.406280] [2687/0.053722]
  1  11 100, 0.090296 [0.148634/46.381035] [2737/0.053722]
  1  11 150, 0.086477 [0.217847/46.354349] [2787/0.053722]
  1  11 200, 0.090427 [0.210485/46.327298] [2837/0.053722]
  1  11 250, 0.076376 [0.093310/46.298327] [2887/0.053722]
  1  11 300, 0.100446 [0.231102/46.275316] [2937/0.053722]
  1  11 350, 0.103858 [0.224848/46.253614] [2987/0.053722]
Epoch 11 done. Evaluation:
(48356, 50000)
(8114, 10000)
  1  12  50, 0.090302 [0.210177/46.212237] [3078/0.053722]
  1  12 100, 0.071686 [0.243558/46.182771] [3128/0.053722]
  1  12 150, 0.085873 [0.166221/46.156668] [3178/0.053722]
  1  12 200, 0.080033 [0.183274/46.129100] [3228/0.053722]
  1  12 250, 0.093561 [0.206745/46.106367] [3278/0.053722]
  1  12 300, 0.107526 [0.241792/46.088826] [3328/0.053722]
  1  12 350, 0.097062 [0.222995/46.068111] [3378/0.053722]
Epoch 12 done. Evaluation:
(48339, 50000)
(7907, 10000)
  1  13  50, 0.074011 [0.148673/46.027088] [3469/0.053722]
  1  13 100, 0.091404 [0.246177/46.002868] [3519/0.053722]
  1  13 150, 0.090903 [0.217441/45.980596] [3569/0.053722]
  1  13 200, 0.093982 [0.312780/45.956939] [3619/0.053722]
  1  13 250, 0.086742 [0.282819/45.931644] [3669/0.053722]
  1  13 300, 0.078813 [0.212206/45.904374] [3719/0.053722]
  1  13 350, 0.083746 [0.165588/45.879892] [3769/0.053722]
Epoch 13 done. Evaluation:
(48434, 50000)
(8286, 10000)
  1  14  50, 0.073806 [0.278341/45.836822] [3860/0.053722]
  1  14 100, 0.078763 [0.214307/45.810331] [3910/0.053722]
  1  14 150, 0.069688 [0.205199/45.781490] [3960/0.053722]
  1  14 200, 0.089171 [0.191759/45.758358] [4010/0.053722]
  1  14 250, 0.082636 [0.266847/45.734674] [4060/0.053722]
  1  14 300, 0.105093 [0.280420/45.715840] [4110/0.053722]
  1  14 350, 0.100181 [0.265585/45.695699] [4160/0.053722]
Epoch 14 done. Evaluation:
(48481, 50000)
(7691, 10000)
  1  15  50, 0.077142 [0.095320/45.652921] [4251/0.053722]
  1  15 100, 0.076723 [0.181798/45.628836] [4301/0.053722]
  1  15 150, 0.075932 [0.254472/45.603415] [4351/0.053722]
  1  15 200, 0.090719 [0.247218/45.582412] [4401/0.053722]
  1  15 250, 0.106477 [0.235822/45.564935] [4451/0.053722]
  1  15 300, 0.098617 [0.152438/45.545690] [4501/0.053722]
  1  15 350, 0.086467 [0.295484/45.523817] [4551/0.053722]
Epoch 15 done. Evaluation:
(48396, 50000)
(8095, 10000)
  1  16  50, 0.072015 [0.286677/45.483798] [4642/0.053722]
  1  16 100, 0.083319 [0.199376/45.460334] [4692/0.053722]
  1  16 150, 0.089066 [0.237683/45.437905] [4742/0.053722]
  1  16 200, 0.083977 [0.207512/45.414388] [4792/0.053722]
  1  16 250, 0.077938 [0.161452/45.389721] [4842/0.053722]
  1  16 300, 0.089236 [0.187986/45.369744] [4892/0.053722]
  1  16 350, 0.109326 [0.237037/45.352012] [4942/0.053722]
Epoch 16 done. Evaluation:
(48461, 50000)
(8288, 10000)
  1  17  50, 0.077587 [0.321682/45.311604] [5033/0.053722]
  1  17 100, 0.068732 [0.231306/45.284922] [5083/0.053722]
  1  17 150, 0.080398 [0.091893/45.260458] [5133/0.053722]
  1  17 200, 0.097539 [0.202461/45.242587] [5183/0.053722]
  1  17 250, 0.099007 [0.271207/45.223433] [5233/0.053722]
  1  17 300, 0.107362 [0.259811/45.205828] [5283/0.053722]
  1  17 350, 0.092868 [0.234111/45.186463] [5333/0.053722]
Epoch 17 done. Evaluation:
(48427, 50000)
(8108, 10000)
  1  18  50, 0.075679 [0.267478/45.150705] [5424/0.053722]
  1  18 100, 0.079982 [0.188371/45.126607] [5474/0.053722]
  1  18 150, 0.065078 [0.153151/45.098556] [5524/0.053722]
  1  18 200, 0.081100 [0.259092/45.075910] [5574/0.053722]
  1  18 250, 0.085078 [0.240830/45.054237] [5624/0.053722]
  1  18 300, 0.108796 [0.266532/45.038731] [5674/0.053722]
  1  18 350, 0.102266 [0.298379/45.022955] [5724/0.053722]
Epoch 18 done. Evaluation:
(48457, 50000)
(7865, 10000)
  1  19  50, 0.078782 [0.198187/44.984078] [5815/0.053722]
  1  19 100, 0.077134 [0.081064/44.959978] [5865/0.053722]
  1  19 150, 0.080246 [0.257805/44.937865] [5915/0.053722]
  1  19 200, 0.089971 [0.152735/44.919956] [5965/0.053722]
  1  19 250, 0.096703 [0.110097/44.902456] [6015/0.053722]
  1  19 300, 0.084862 [0.132942/44.881199] [6065/0.053722]
  1  19 350, 0.086284 [0.169063/44.861198] [6115/0.053722]
Epoch 19 done. Evaluation:
(48442, 50000)
(7341, 10000)
  2   0  50, 0.058981 [0.090900/44.833515] [6206/0.053722]
  2   0 100, 0.034500 [0.037517/44.812365] [   0/0.034500]
  2   0 150, 0.032585 [0.095831/44.791271] [   0/0.032585]
  2   0 200, 0.029747 [0.024880/44.769765] [   0/0.029747]
  2   0 250, 0.027888 [0.059567/44.748491] [   0/0.027888]
  2   0 300, 0.026569 [0.063404/44.727155] [   0/0.026569]
  2   0 350, 0.025779 [0.030129/44.705816] [   0/0.025779]
Epoch 0 done. Evaluation:
(49484, 50000)
(8660, 10000)
  2   1  50, 0.015239 [0.067764/44.665704] [   0/0.015239]
  2   1 100, 0.016199 [0.028235/44.643564] [  50/0.015239]
  2   1 150, 0.013475 [0.037485/44.621267] [   0/0.013475]
  2   1 200, 0.012076 [0.016908/44.598938] [   0/0.012076]
  2   1 250, 0.010859 [0.005586/44.576533] [   0/0.010859]
  2   1 300, 0.015350 [0.021196/44.554611] [  50/0.010859]
  2   1 350, 0.017031 [0.094759/44.533118] [ 100/0.010859]
Epoch 1 done. Evaluation:
(49829, 50000)
(8735, 10000)
  2   2  50, 0.010383 [0.036795/44.493116] [   0/0.010383]
  2   2 100, 0.008870 [0.031664/44.470826] [   0/0.008870]
  2   2 150, 0.008811 [0.027238/44.448669] [   0/0.008811]
  2   2 200, 0.008598 [0.080726/44.426571] [   0/0.008598]
  2   2 250, 0.007447 [0.006809/44.404397] [   0/0.007447]
  2   2 300, 0.009494 [0.030481/44.382667] [  50/0.007447]
  2   2 350, 0.008326 [0.043698/44.360699] [ 100/0.007447]
Epoch 2 done. Evaluation:
(49918, 50000)
(8737, 10000)
  2   3  50, 0.005383 [0.014102/44.320497] [   0/0.005383]
  2   3 100, 0.008781 [0.016944/44.298831] [  50/0.005383]
  2   3 150, 0.007342 [0.008933/44.277023] [ 100/0.005383]
  2   3 200, 0.007342 [0.031753/44.255273] [ 150/0.005383]
  2   3 250, 0.004680 [0.012158/44.233243] [   0/0.004680]
  2   3 300, 0.005954 [0.017269/44.211499] [  50/0.004680]
  2   3 350, 0.006354 [0.014335/44.189837] [ 100/0.004680]
Epoch 3 done. Evaluation:
(49939, 50000)
(8700, 10000)
  2   4  50, 0.005827 [0.070935/44.150685] [ 191/0.004680]
  2   4 100, 0.004730 [0.032696/44.128951] [ 241/0.004680]
  2   4 150, 0.004673 [0.081862/44.107425] [   0/0.004673]
  2   4 200, 0.004016 [0.008068/44.085783] [   0/0.004016]
  2   4 250, 0.004590 [0.001752/44.064214] [  50/0.004016]
  2   4 300, 0.005328 [0.035635/44.042928] [ 100/0.004016]
  2   4 350, 0.004918 [0.005817/44.021665] [ 150/0.004016]
Epoch 4 done. Evaluation:
(49959, 50000)
(8754, 10000)
  2   5  50, 0.003205 [0.010247/43.982866] [   0/0.003205]
  2   5 100, 0.003334 [0.029915/43.961450] [  50/0.003205]
  2   5 150, 0.003553 [0.008205/43.940167] [ 100/0.003205]
  2   5 200, 0.003858 [0.013312/43.919058] [ 150/0.003205]
  2   5 250, 0.005076 [0.012429/43.898262] [ 200/0.003205]
  2   5 300, 0.003676 [0.022822/43.877229] [ 250/0.003205]
  2   5 350, 0.002848 [0.005146/43.856101] [   0/0.002848]
Epoch 5 done. Evaluation:
(49978, 50000)
(8766, 10000)
  2   6  50, 0.002160 [0.035659/43.817762] [   0/0.002160]
  2   6 100, 0.002137 [0.006903/43.796696] [   0/0.002137]
  2   6 150, 0.002392 [0.027242/43.775750] [  50/0.002137]
  2   6 200, 0.002535 [0.002451/43.754916] [ 100/0.002137]
  2   6 250, 0.002054 [0.002396/43.734013] [   0/0.002054]
  2   6 300, 0.002036 [0.002909/43.713184] [   0/0.002036]
  2   6 350, 0.002513 [0.016830/43.692516] [  50/0.002036]
Epoch 6 done. Evaluation:
(49997, 50000)
(8783, 10000)
  2   7  50, 0.002200 [0.001818/43.654940] [ 141/0.002036]
  2   7 100, 0.002431 [0.010071/43.634486] [ 191/0.002036]
  2   7 150, 0.002286 [0.004396/43.614022] [ 241/0.002036]
  2   7 200, 0.002334 [0.003308/43.593600] [ 291/0.002036]
  2   7 250, 0.001772 [0.004649/43.573127] [   0/0.001772]
  2   7 300, 0.001909 [0.004669/43.552741] [  50/0.001772]
  2   7 350, 0.001965 [0.007410/43.532439] [ 100/0.001772]
Epoch 7 done. Evaluation:
(49990, 50000)
(8763, 10000)
  2   8  50, 0.001741 [0.012588/43.495709] [   0/0.001741]
  2   8 100, 0.001507 [0.004704/43.475450] [   0/0.001507]
  2   8 150, 0.001533 [0.009360/43.455252] [  50/0.001507]
  2   8 200, 0.002925 [0.006456/43.435499] [ 100/0.001507]
  2   8 250, 0.001488 [0.004958/43.415409] [   0/0.001488]
  2   8 300, 0.002141 [0.003248/43.395512] [  50/0.001488]
  2   8 350, 0.002061 [0.002992/43.375704] [ 100/0.001488]
Epoch 8 done. Evaluation:
(49994, 50000)
(8763, 10000)
  2   9  50, 0.001401 [0.020326/43.339525] [   0/0.001401]
  2   9 100, 0.001625 [0.001658/43.319747] [  50/0.001401]
  2   9 150, 0.001458 [0.003515/43.299968] [ 100/0.001401]
  2   9 200, 0.001127 [0.002667/43.280166] [   0/0.001127]
  2   9 250, 0.001219 [0.005954/43.260440] [  50/0.001127]
  2   9 300, 0.001248 [0.003331/43.240769] [ 100/0.001127]
  2   9 350, 0.001283 [0.002337/43.221167] [ 150/0.001127]
Epoch 9 done. Evaluation:
(49999, 50000)
(8778, 10000)
  2  10  50, 0.000972 [0.004313/43.185524] [   0/0.000972]
  2  10 100, 0.000933 [0.013486/43.165980] [   0/0.000933]
  2  10 150, 0.000981 [0.002051/43.146504] [  50/0.000933]
  2  10 200, 0.001701 [0.002257/43.127310] [ 100/0.000933]
  2  10 250, 0.001828 [0.010305/43.108205] [ 150/0.000933]
  2  10 300, 0.001654 [0.009086/43.089065] [ 200/0.000933]
  2  10 350, 0.002484 [0.012802/43.070392] [ 250/0.000933]
Epoch 10 done. Evaluation:
(49992, 50000)
(8753, 10000)
  2  11  50, 0.001719 [0.013875/43.036477] [ 341/0.000933]
  2  11 100, 0.002917 [0.010076/43.017996] [ 391/0.000933]
  2  11 150, 0.002329 [0.037444/42.999307] [ 441/0.000933]
  2  11 200, 0.001738 [0.020950/42.980443] [ 491/0.000933]
  2  11 250, 0.002831 [0.012847/42.962038] [ 541/0.000933]
  2  11 300, 0.002942 [0.005869/42.943711] [ 591/0.000933]
  2  11 350, 0.002225 [0.038877/42.925167] [ 641/0.000933]
Epoch 11 done. Evaluation:
(49990, 50000)
(8676, 10000)
  2  12  50, 0.002091 [0.016356/42.891621] [ 732/0.000933]
  2  12 100, 0.001657 [0.033875/42.873033] [ 782/0.000933]
  2  12 150, 0.001407 [0.003873/42.854396] [ 832/0.000933]
  2  12 200, 0.001932 [0.002927/42.836004] [ 882/0.000933]
  2  12 250, 0.002577 [0.019367/42.817956] [ 932/0.000933]
  2  12 300, 0.003857 [0.019681/42.800513] [ 982/0.000933]
  2  12 350, 0.003885 [0.006292/42.782958] [1032/0.000933]
Epoch 12 done. Evaluation:
(49965, 50000)
(7781, 10000)
  2  13  50, 0.023521 [0.140265/42.761847] [1123/0.000933]
  2  13 100, 0.058598 [0.195231/42.760846] [1173/0.000933]
  2  13 150, 0.087763 [0.113230/42.765251] [1223/0.000933]
  2  13 200, 0.077143 [0.145815/42.764736] [1273/0.000933]
  2  13 250, 0.085012 [0.162628/42.764793] [1323/0.000933]
  2  13 300, 0.062597 [0.183518/42.759910] [1373/0.000933]
  2  13 350, 0.062586 [0.128653/42.754458] [1423/0.000933]
Epoch 13 done. Evaluation:
(48874, 50000)
(7890, 10000)
  2  14  50, 0.032808 [0.132038/42.737089] [1514/0.000933]
  2  14 100, 0.042161 [0.100297/42.727066] [1564/0.000933]
  2  14 150, 0.029675 [0.102076/42.714551] [1614/0.000933]
  2  14 200, 0.040349 [0.122864/42.704037] [1664/0.000933]
  2  14 250, 0.041229 [0.117352/42.694079] [1714/0.000933]
  2  14 300, 0.035159 [0.141718/42.683328] [1764/0.000933]
  2  14 350, 0.038212 [0.019168/42.672493] [1814/0.000933]
Epoch 14 done. Evaluation:
(49352, 50000)
(8319, 10000)
  2  15  50, 0.037967 [0.079745/42.653843] [1905/0.000933]
  2  15 100, 0.026183 [0.015705/42.641032] [1955/0.000933]
  2  15 150, 0.033238 [0.164915/42.628774] [2005/0.000933]
  2  15 200, 0.023682 [0.025547/42.615113] [2055/0.000933]
  2  15 250, 0.024477 [0.052512/42.601927] [2105/0.000933]
  2  15 300, 0.031217 [0.146268/42.590175] [2155/0.000933]
  2  15 350, 0.040716 [0.035405/42.580167] [2205/0.000933]
Epoch 15 done. Evaluation:
(49465, 50000)
(8456, 10000)
  2  16  50, 0.030916 [0.076953/42.559713] [2296/0.000933]
  2  16 100, 0.031900 [0.148267/42.548095] [2346/0.000933]
  2  16 150, 0.031852 [0.132774/42.537066] [2396/0.000933]
  2  16 200, 0.031465 [0.046104/42.525429] [2446/0.000933]
  2  16 250, 0.024169 [0.054673/42.512039] [2496/0.000933]
  2  16 300, 0.029557 [0.093994/42.499410] [2546/0.000933]
  2  16 350, 0.029237 [0.047195/42.487017] [2596/0.000933]
Epoch 16 done. Evaluation:
(49474, 50000)
(8536, 10000)
  2  17  50, 0.025757 [0.117454/42.465283] [2687/0.000933]
  2  17 100, 0.027905 [0.188017/42.453083] [2737/0.000933]
  2  17 150, 0.034553 [0.124478/42.442436] [2787/0.000933]
  2  17 200, 0.023884 [0.111341/42.428985] [2837/0.000933]
  2  17 250, 0.026505 [0.161394/42.416430] [2887/0.000933]
  2  17 300, 0.025130 [0.138587/42.403971] [2937/0.000933]
  2  17 350, 0.028746 [0.124740/42.392302] [2987/0.000933]
Epoch 17 done. Evaluation:
(49519, 50000)
(8413, 10000)
  2  18  50, 0.028705 [0.118132/42.372153] [3078/0.000933]
  2  18 100, 0.031192 [0.068175/42.360802] [3128/0.000933]
  2  18 150, 0.028982 [0.049476/42.349143] [3178/0.000933]
  2  18 200, 0.033013 [0.165239/42.338580] [3228/0.000933]
  2  18 250, 0.029791 [0.060204/42.326824] [3278/0.000933]
  2  18 300, 0.031301 [0.042646/42.315184] [3328/0.000933]
  2  18 350, 0.029988 [0.096197/42.303600] [3378/0.000933]
Epoch 18 done. Evaluation:
(49475, 50000)
(8423, 10000)
  2  19  50, 0.026571 [0.087295/42.283857] [3469/0.000933]
  2  19 100, 0.021213 [0.115484/42.270309] [3519/0.000933]
  2  19 150, 0.035967 [0.151056/42.260698] [3569/0.000933]
  2  19 200, 0.021645 [0.047296/42.247406] [3619/0.000933]
  2  19 250, 0.024044 [0.034409/42.235017] [3669/0.000933]
  2  19 300, 0.029959 [0.050858/42.223668] [3719/0.000933]
  2  19 350, 0.037797 [0.030417/42.214402] [3769/0.000933]
Epoch 19 done. Evaluation:
(49509, 50000)
(7847, 10000)
  3   0  50, 0.017558 [0.014836/42.199149] [3860/0.000933]
  3   0 100, 0.014683 [0.011704/42.190935] [3910/0.000933]
  3   0 150, 0.012863 [0.023715/42.182597] [3960/0.000933]
  3   0 200, 0.009064 [0.044574/42.174023] [4010/0.000933]
  3   0 250, 0.010170 [0.003670/42.165495] [4060/0.000933]
  3   0 300, 0.009959 [0.056554/42.157029] [4110/0.000933]
  3   0 350, 0.009030 [0.049283/42.148430] [4160/0.000933]
Epoch 0 done. Evaluation:
(49840, 50000)
(8729, 10000)
  3   1  50, 0.004942 [0.010972/42.132413] [4251/0.000933]
  3   1 100, 0.005107 [0.002393/42.123637] [4301/0.000933]
  3   1 150, 0.007295 [0.047408/42.114968] [4351/0.000933]
  3   1 200, 0.005519 [0.029655/42.106220] [4401/0.000933]
  3   1 250, 0.005507 [0.004139/42.097487] [4451/0.000933]
  3   1 300, 0.006242 [0.005484/42.088822] [4501/0.000933]
  3   1 350, 0.003910 [0.003161/42.080004] [4551/0.000933]
Epoch 1 done. Evaluation:
(49948, 50000)
(8714, 10000)
  3   2  50, 0.002998 [0.003851/42.063927] [4642/0.000933]
  3   2 100, 0.002674 [0.015153/42.055040] [4692/0.000933]
  3   2 150, 0.002723 [0.003508/42.046172] [4742/0.000933]
  3   2 200, 0.002537 [0.003655/42.037305] [4792/0.000933]
  3   2 250, 0.002761 [0.002101/42.028455] [4842/0.000933]
  3   2 300, 0.002727 [0.032005/42.019632] [4892/0.000933]
  3   2 350, 0.002286 [0.002907/42.010774] [4942/0.000933]
Epoch 2 done. Evaluation:
(49988, 50000)
(8748, 10000)
  3   3  50, 0.002234 [0.010661/41.994696] [5033/0.000933]
  3   3 100, 0.001623 [0.002076/41.985809] [5083/0.000933]
  3   3 150, 0.001823 [0.001697/41.976952] [5133/0.000933]
  3   3 200, 0.001522 [0.002094/41.968082] [5183/0.000933]
  3   3 250, 0.001631 [0.002817/41.959235] [5233/0.000933]
  3   3 300, 0.001807 [0.053496/41.950403] [5283/0.000933]
  3   3 350, 0.001438 [0.001014/41.941566] [5333/0.000933]
Epoch 3 done. Evaluation:
(49997, 50000)
(8758, 10000)
  3   4  50, 0.001785 [0.002811/41.925620] [5424/0.000933]
  3   4 100, 0.001540 [0.001144/41.916830] [5474/0.000933]
  3   4 150, 0.001341 [0.002817/41.908032] [5524/0.000933]
  3   4 200, 0.001351 [0.009947/41.899259] [5574/0.000933]
  3   4 250, 0.001349 [0.008957/41.890490] [5624/0.000933]
  3   4 300, 0.002302 [0.001669/41.881811] [5674/0.000933]
  3   4 350, 0.001502 [0.005430/41.873081] [5724/0.000933]
Epoch 4 done. Evaluation:
(49993, 50000)
(8758, 10000)
  3   5  50, 0.001570 [0.003393/41.857222] [5815/0.000933]
  3   5 100, 0.001198 [0.000916/41.848498] [5865/0.000933]
  3   5 150, 0.001262 [0.003573/41.839795] [5915/0.000933]
  3   5 200, 0.001339 [0.004336/41.831106] [5965/0.000933]
  3   5 250, 0.001321 [0.000578/41.822430] [6015/0.000933]
  3   5 300, 0.001051 [0.002209/41.813741] [6065/0.000933]
  3   5 350, 0.001197 [0.003036/41.805074] [6115/0.000933]
Epoch 5 done. Evaluation:
(49999, 50000)
(8750, 10000)
  3   6  50, 0.001082 [0.030851/41.789318] [6206/0.000933]
  3   6 100, 0.000920 [0.001847/41.780660] [   0/0.000920]
  3   6 150, 0.001037 [0.001456/41.772023] [  50/0.000920]
  3   6 200, 0.001084 [0.001726/41.763404] [ 100/0.000920]
  3   6 250, 0.000988 [0.002602/41.754787] [ 150/0.000920]
  3   6 300, 0.001003 [0.001056/41.746186] [ 200/0.000920]
  3   6 350, 0.000848 [0.001981/41.737580] [   0/0.000848]
Epoch 6 done. Evaluation:
(49999, 50000)
(8766, 10000)
  3   7  50, 0.000902 [0.004062/41.721982] [  91/0.000848]
  3   7 100, 0.000963 [0.001074/41.713425] [ 141/0.000848]
  3   7 150, 0.000909 [0.000607/41.704872] [ 191/0.000848]
  3   7 200, 0.001365 [0.000897/41.696369] [ 241/0.000848]
  3   7 250, 0.000827 [0.001597/41.687828] [   0/0.000827]
  3   7 300, 0.000806 [0.002247/41.679293] [   0/0.000806]
  3   7 350, 0.001011 [0.001381/41.670795] [  50/0.000806]
Epoch 7 done. Evaluation:
(49999, 50000)
(8775, 10000)
  3   8  50, 0.000982 [0.003374/41.655344] [ 141/0.000806]
  3   8 100, 0.000817 [0.001585/41.646862] [ 191/0.000806]
  3   8 150, 0.000903 [0.001194/41.638397] [ 241/0.000806]
  3   8 200, 0.000831 [0.002735/41.629937] [ 291/0.000806]
  3   8 250, 0.000715 [0.001333/41.621478] [   0/0.000715]
  3   8 300, 0.000734 [0.003562/41.613024] [  50/0.000715]
  3   8 350, 0.000817 [0.001117/41.604594] [ 100/0.000715]
Epoch 8 done. Evaluation:
(50000, 50000)
(8769, 10000)
  3   9  50, 0.000792 [0.002163/41.589273] [ 191/0.000715]
  3   9 100, 0.000725 [0.002931/41.580864] [ 241/0.000715]
  3   9 150, 0.000864 [0.002211/41.572487] [ 291/0.000715]
  3   9 200, 0.001005 [0.018055/41.564144] [ 341/0.000715]
  3   9 250, 0.000790 [0.002482/41.555777] [ 391/0.000715]
  3   9 300, 0.000705 [0.002604/41.547411] [   0/0.000705]
  3   9 350, 0.000724 [0.001030/41.539053] [  50/0.000705]
Epoch 9 done. Evaluation:
(49998, 50000)
(8757, 10000)
  3  10  50, 0.000772 [0.000952/41.523891] [ 141/0.000705]
  3  10 100, 0.000598 [0.001810/41.515553] [   0/0.000598]
  3  10 150, 0.000734 [0.002462/41.507238] [  50/0.000598]
  3  10 200, 0.000623 [0.001349/41.498924] [ 100/0.000598]
  3  10 250, 0.000568 [0.003430/41.490611] [   0/0.000568]
  3  10 300, 0.000540 [0.001064/41.482311] [   0/0.000540]
  3  10 350, 0.000603 [0.002051/41.474026] [  50/0.000540]
Epoch 10 done. Evaluation:
(50000, 50000)
(8766, 10000)
  3  11  50, 0.000723 [0.000490/41.458992] [ 141/0.000540]
  3  11 100, 0.000571 [0.001480/41.450735] [ 191/0.000540]
  3  11 150, 0.000618 [0.001226/41.442494] [ 241/0.000540]
  3  11 200, 0.000600 [0.001486/41.434257] [ 291/0.000540]
  3  11 250, 0.000865 [0.002283/41.426072] [ 341/0.000540]
  3  11 300, 0.000572 [0.000839/41.417859] [ 391/0.000540]
  3  11 350, 0.000641 [0.000555/41.409658] [ 441/0.000540]
Epoch 11 done. Evaluation:
(50000, 50000)
(8768, 10000)
  3  12  50, 0.000728 [0.001878/41.394779] [ 532/0.000540]
  3  12 100, 0.000703 [0.002149/41.386617] [ 582/0.000540]
  3  12 150, 0.000585 [0.001070/41.378451] [ 632/0.000540]
  3  12 200, 0.000593 [0.004431/41.370295] [ 682/0.000540]
  3  12 250, 0.000516 [0.000882/41.362143] [   0/0.000516]
  3  12 300, 0.000549 [0.002735/41.354003] [  50/0.000516]
  3  12 350, 0.000596 [0.001843/41.345872] [ 100/0.000516]
Epoch 12 done. Evaluation:
(50000, 50000)
(8766, 10000)
  3  13  50, 0.000469 [0.002391/41.331085] [   0/0.000469]
  3  13 100, 0.000610 [0.001267/41.322991] [  50/0.000469]
  3  13 150, 0.000550 [0.004736/41.314898] [ 100/0.000469]
  3  13 200, 0.000615 [0.002266/41.306823] [ 150/0.000469]
  3  13 250, 0.000567 [0.000751/41.298752] [ 200/0.000469]
  3  13 300, 0.000632 [0.001154/41.290700] [ 250/0.000469]
  3  13 350, 0.000551 [0.002844/41.282646] [ 300/0.000469]
Epoch 13 done. Evaluation:
(50000, 50000)
(8768, 10000)
  3  14  50, 0.000505 [0.000662/41.268009] [ 391/0.000469]
  3  14 100, 0.000541 [0.001442/41.259981] [ 441/0.000469]
  3  14 150, 0.000423 [0.000510/41.251947] [   0/0.000423]
  3  14 200, 0.000523 [0.000837/41.243938] [  50/0.000423]
  3  14 250, 0.000525 [0.001689/41.235935] [ 100/0.000423]
  3  14 300, 0.000669 [0.005482/41.227969] [ 150/0.000423]
  3  14 350, 0.000689 [0.005960/41.220006] [ 200/0.000423]
Epoch 14 done. Evaluation:
(50000, 50000)
(8788, 10000)
  3  15  50, 0.000503 [0.000633/41.205494] [ 291/0.000423]
  3  15 100, 0.000436 [0.001523/41.197530] [ 341/0.000423]
  3  15 150, 0.000492 [0.001911/41.189580] [ 391/0.000423]
  3  15 200, 0.000467 [0.000454/41.181635] [ 441/0.000423]
  3  15 250, 0.000418 [0.001223/41.173696] [   0/0.000418]
  3  15 300, 0.000426 [0.001659/41.165765] [  50/0.000418]
  3  15 350, 0.000480 [0.002020/41.157853] [ 100/0.000418]
Epoch 15 done. Evaluation:
(50000, 50000)
(8757, 10000)
  3  16  50, 0.000423 [0.000481/41.143460] [ 191/0.000418]
  3  16 100, 0.000465 [0.000880/41.135570] [ 241/0.000418]
  3  16 150, 0.000445 [0.001262/41.127687] [ 291/0.000418]
  3  16 200, 0.000443 [0.000492/41.119809] [ 341/0.000418]
  3  16 250, 0.000524 [0.000565/41.111954] [ 391/0.000418]
  3  16 300, 0.000438 [0.000962/41.104098] [ 441/0.000418]
  3  16 350, 0.000445 [0.000462/41.096252] [ 491/0.000418]
Epoch 16 done. Evaluation:
(50000, 50000)
(8781, 10000)
  3  17  50, 0.000445 [0.001912/41.081998] [ 582/0.000418]
  3  17 100, 0.000407 [0.000987/41.074172] [   0/0.000407]
  3  17 150, 0.000400 [0.000679/41.066354] [   0/0.000400]
  3  17 200, 0.000394 [0.000883/41.058544] [   0/0.000394]
  3  17 250, 0.000381 [0.000574/41.050738] [   0/0.000381]
  3  17 300, 0.000379 [0.000791/41.042945] [   0/0.000379]
  3  17 350, 0.000360 [0.000412/41.035153] [   0/0.000360]
Epoch 17 done. Evaluation:
(50000, 50000)
(8779, 10000)
  3  18  50, 0.000439 [0.000430/41.021011] [  91/0.000360]
  3  18 100, 0.000394 [0.000920/41.013251] [ 141/0.000360]
  3  18 150, 0.000393 [0.000778/41.005501] [ 191/0.000360]
  3  18 200, 0.000375 [0.002067/40.997757] [ 241/0.000360]
  3  18 250, 0.000437 [0.001971/40.990032] [ 291/0.000360]
  3  18 300, 0.000495 [0.001157/40.982320] [ 341/0.000360]
  3  18 350, 0.000357 [0.001358/40.974600] [   0/0.000357]
Epoch 18 done. Evaluation:
(50000, 50000)
(8779, 10000)
  3  19  50, 0.000382 [0.000715/40.960575] [  91/0.000357]
  3  19 100, 0.000321 [0.001932/40.952875] [   0/0.000321]
  3  19 150, 0.000323 [0.000736/40.945181] [  50/0.000321]
  3  19 200, 0.000347 [0.001834/40.937499] [ 100/0.000321]
  3  19 250, 0.000428 [0.000434/40.929838] [ 150/0.000321]
  3  19 300, 0.000460 [0.000872/40.922190] [ 200/0.000321]
  3  19 350, 0.000377 [0.000607/40.914538] [ 250/0.000321]
Epoch 19 done. Evaluation:
(50000, 50000)
(8779, 10000)
  4   0  50, 0.000335 [0.002186/40.904449] [ 341/0.000321]
  4   0 100, 0.000399 [0.001731/40.900635] [ 391/0.000321]
  4   0 150, 0.000394 [0.000366/40.896820] [ 441/0.000321]
  4   0 200, 0.000362 [0.001456/40.893008] [ 491/0.000321]
  4   0 250, 0.000408 [0.000790/40.889197] [ 541/0.000321]
  4   0 300, 0.000351 [0.000237/40.885387] [ 591/0.000321]
  4   0 350, 0.000337 [0.000371/40.881579] [ 641/0.000321]
Epoch 0 done. Evaluation:
(50000, 50000)
(8789, 10000)
  4   1  50, 0.000324 [0.000346/40.874655] [ 732/0.000321]
  4   1 100, 0.000364 [0.000410/40.870852] [ 782/0.000321]
  4   1 150, 0.000346 [0.000468/40.867052] [ 832/0.000321]
  4   1 200, 0.000328 [0.001935/40.863255] [ 882/0.000321]
  4   1 250, 0.000353 [0.000370/40.859457] [ 932/0.000321]
  4   1 300, 0.000303 [0.000384/40.855661] [   0/0.000303]
  4   1 350, 0.000353 [0.000471/40.851872] [  50/0.000303]
Epoch 1 done. Evaluation:
(50000, 50000)
(8784, 10000)
  4   2  50, 0.000310 [0.000319/40.844971] [ 141/0.000303]
  4   2 100, 0.000312 [0.000512/40.841183] [ 191/0.000303]
  4   2 150, 0.000367 [0.000342/40.837402] [ 241/0.000303]
  4   2 200, 0.000356 [0.000374/40.833617] [ 291/0.000303]
  4   2 250, 0.000454 [0.000579/40.829843] [ 341/0.000303]
  4   2 300, 0.000434 [0.000371/40.826069] [ 391/0.000303]
  4   2 350, 0.000408 [0.000422/40.822297] [ 441/0.000303]
Epoch 2 done. Evaluation:
(49999, 50000)
(8770, 10000)
  4   3  50, 0.000375 [0.000328/40.815437] [ 532/0.000303]
  4   3 100, 0.000287 [0.000915/40.811664] [   0/0.000287]
  4   3 150, 0.000360 [0.003079/40.807898] [  50/0.000287]
  4   3 200, 0.000311 [0.001149/40.804128] [ 100/0.000287]
  4   3 250, 0.000428 [0.000798/40.800368] [ 150/0.000287]
  4   3 300, 0.000482 [0.000291/40.796615] [ 200/0.000287]
  4   3 350, 0.000317 [0.000448/40.792853] [ 250/0.000287]
Epoch 3 done. Evaluation:
(50000, 50000)
(8767, 10000)
  4   4  50, 0.000300 [0.001837/40.786012] [ 341/0.000287]
  4   4 100, 0.000349 [0.000540/40.782258] [ 391/0.000287]
  4   4 150, 0.000314 [0.000301/40.778503] [ 441/0.000287]
  4   4 200, 0.000332 [0.000417/40.774752] [ 491/0.000287]
  4   4 250, 0.000341 [0.000344/40.771003] [ 541/0.000287]
  4   4 300, 0.000305 [0.000445/40.767254] [ 591/0.000287]
  4   4 350, 0.000354 [0.000810/40.763510] [ 641/0.000287]
Epoch 4 done. Evaluation:
(50000, 50000)
(8787, 10000)
  4   5  50, 0.000329 [0.000331/40.756697] [ 732/0.000287]
  4   5 100, 0.000306 [0.000852/40.752957] [ 782/0.000287]
  4   5 150, 0.000348 [0.000950/40.749218] [ 832/0.000287]
  4   5 200, 0.000333 [0.000273/40.745483] [ 882/0.000287]
  4   5 250, 0.000340 [0.000413/40.741750] [ 932/0.000287]
  4   5 300, 0.000312 [0.000241/40.738017] [ 982/0.000287]
  4   5 350, 0.000289 [0.000329/40.734283] [1032/0.000287]
Epoch 5 done. Evaluation:
(50000, 50000)
(8776, 10000)
  4   6  50, 0.000302 [0.000513/40.727497] [1123/0.000287]
  4   6 100, 0.000344 [0.000298/40.723773] [1173/0.000287]
  4   6 150, 0.000349 [0.000382/40.720051] [1223/0.000287]
  4   6 200, 0.000363 [0.000863/40.716332] [1273/0.000287]
  4   6 250, 0.000311 [0.001786/40.712613] [1323/0.000287]
  4   6 300, 0.000312 [0.000831/40.708894] [1373/0.000287]
  4   6 350, 0.000308 [0.000233/40.705178] [1423/0.000287]
Epoch 6 done. Evaluation:
(50000, 50000)
(8790, 10000)
  4   7  50, 0.000286 [0.000281/40.698421] [   0/0.000286]
  4   7 100, 0.000292 [0.000627/40.694709] [  50/0.000286]
  4   7 150, 0.000304 [0.000691/40.691000] [ 100/0.000286]
  4   7 200, 0.000286 [0.000836/40.687291] [   0/0.000286]
  4   7 250, 0.000299 [0.000239/40.683586] [  50/0.000286]
  4   7 300, 0.000366 [0.000276/40.679887] [ 100/0.000286]
  4   7 350, 0.000287 [0.000658/40.676183] [ 150/0.000286]
Epoch 7 done. Evaluation:
(50000, 50000)
(8797, 10000)
  4   8  50, 0.000276 [0.000409/40.669451] [   0/0.000276]
  4   8 100, 0.000296 [0.000288/40.665756] [  50/0.000276]
  4   8 150, 0.000287 [0.000670/40.662060] [ 100/0.000276]
  4   8 200, 0.000309 [0.000945/40.658368] [ 150/0.000276]
  4   8 250, 0.000294 [0.001174/40.654677] [ 200/0.000276]
  4   8 300, 0.000347 [0.000598/40.650991] [ 250/0.000276]
  4   8 350, 0.000257 [0.000409/40.647302] [   0/0.000257]
Epoch 8 done. Evaluation:
(50000, 50000)
(8787, 10000)
  4   9  50, 0.000304 [0.001658/40.640599] [  91/0.000257]
  4   9 100, 0.000283 [0.000406/40.636917] [ 141/0.000257]
  4   9 150, 0.000285 [0.000317/40.633237] [ 191/0.000257]
  4   9 200, 0.000359 [0.000397/40.629563] [ 241/0.000257]
  4   9 250, 0.000303 [0.000350/40.625889] [ 291/0.000257]
  4   9 300, 0.000257 [0.000302/40.622212] [   0/0.000257]
  4   9 350, 0.000274 [0.001404/40.618540] [  50/0.000257]
Epoch 9 done. Evaluation:
(50000, 50000)
(8777, 10000)
  4  10  50, 0.000270 [0.000266/40.611860] [ 141/0.000257]
  4  10 100, 0.000327 [0.000388/40.608194] [ 191/0.000257]
  4  10 150, 0.000301 [0.000222/40.604529] [ 241/0.000257]
  4  10 200, 0.000272 [0.000801/40.600865] [ 291/0.000257]
  4  10 250, 0.000279 [0.000311/40.597203] [ 341/0.000257]
  4  10 300, 0.000294 [0.000411/40.593547] [ 391/0.000257]
  4  10 350, 0.000325 [0.000213/40.589890] [ 441/0.000257]
Epoch 10 done. Evaluation:
(50000, 50000)
(8791, 10000)
  4  11  50, 0.000284 [0.000444/40.583239] [ 532/0.000257]
  4  11 100, 0.000309 [0.001058/40.579587] [ 582/0.000257]
  4  11 150, 0.000277 [0.000842/40.575938] [ 632/0.000257]
  4  11 200, 0.000301 [0.002092/40.572289] [ 682/0.000257]
  4  11 250, 0.000265 [0.000547/40.568641] [ 732/0.000257]
  4  11 300, 0.000305 [0.000692/40.564997] [ 782/0.000257]
  4  11 350, 0.000310 [0.000365/40.561356] [ 832/0.000257]
Epoch 11 done. Evaluation:
(50000, 50000)
(8777, 10000)
  4  12  50, 0.000254 [0.000398/40.554726] [   0/0.000254]
  4  12 100, 0.000290 [0.000412/40.551090] [  50/0.000254]
  4  12 150, 0.000276 [0.000893/40.547453] [ 100/0.000254]
  4  12 200, 0.000255 [0.000309/40.543818] [ 150/0.000254]
  4  12 250, 0.000272 [0.000342/40.540185] [ 200/0.000254]
  4  12 300, 0.000283 [0.000309/40.536554] [ 250/0.000254]
  4  12 350, 0.000285 [0.000275/40.532925] [ 300/0.000254]
Epoch 12 done. Evaluation:
(50000, 50000)
(8787, 10000)
  4  13  50, 0.000271 [0.000758/40.526327] [ 391/0.000254]
  4  13 100, 0.000300 [0.000422/40.522705] [ 441/0.000254]
  4  13 150, 0.000267 [0.000636/40.519083] [ 491/0.000254]
  4  13 200, 0.000325 [0.000422/40.515466] [ 541/0.000254]
  4  13 250, 0.000368 [0.000461/40.511854] [ 591/0.000254]
  4  13 300, 0.000265 [0.000737/40.508235] [ 641/0.000254]
  4  13 350, 0.000299 [0.000277/40.504622] [ 691/0.000254]
Epoch 13 done. Evaluation:
(50000, 50000)
(8789, 10000)
  4  14  50, 0.000262 [0.000609/40.498049] [ 782/0.000254]
  4  14 100, 0.000258 [0.000724/40.494438] [ 832/0.000254]
  4  14 150, 0.000277 [0.000247/40.490831] [ 882/0.000254]
  4  14 200, 0.000276 [0.000900/40.487226] [ 932/0.000254]
  4  14 250, 0.000281 [0.000426/40.483620] [ 982/0.000254]
  4  14 300, 0.000267 [0.000240/40.480017] [1032/0.000254]
  4  14 350, 0.000262 [0.000317/40.476417] [1082/0.000254]
Epoch 14 done. Evaluation:
(50000, 50000)
(8794, 10000)
  4  15  50, 0.000266 [0.000240/40.469867] [1173/0.000254]
  4  15 100, 0.000307 [0.000539/40.466275] [1223/0.000254]
  4  15 150, 0.000249 [0.000706/40.462677] [   0/0.000249]
  4  15 200, 0.000260 [0.000392/40.459086] [  50/0.000249]
  4  15 250, 0.000280 [0.000535/40.455496] [ 100/0.000249]
  4  15 300, 0.000283 [0.000905/40.451909] [ 150/0.000249]
  4  15 350, 0.000251 [0.000300/40.448321] [ 200/0.000249]
Epoch 15 done. Evaluation:
(50000, 50000)
(8807, 10000)
  4  16  50, 0.000256 [0.000858/40.441796] [ 291/0.000249]
  4  16 100, 0.000248 [0.000258/40.438215] [   0/0.000248]
  4  16 150, 0.000323 [0.000492/40.434638] [  50/0.000248]
  4  16 200, 0.000259 [0.001930/40.431059] [ 100/0.000248]
  4  16 250, 0.000222 [0.000402/40.427481] [   0/0.000222]
  4  16 300, 0.000257 [0.000380/40.423904] [  50/0.000222]
  4  16 350, 0.000254 [0.000442/40.420331] [ 100/0.000222]
Epoch 16 done. Evaluation:
(50000, 50000)
(8791, 10000)
  4  17  50, 0.000264 [0.000487/40.413832] [ 191/0.000222]
  4  17 100, 0.000223 [0.000535/40.410262] [ 241/0.000222]
  4  17 150, 0.000244 [0.000258/40.406694] [ 291/0.000222]
  4  17 200, 0.000226 [0.000261/40.403126] [ 341/0.000222]
  4  17 250, 0.000230 [0.000385/40.399562] [ 391/0.000222]
  4  17 300, 0.000240 [0.000344/40.395998] [ 441/0.000222]
  4  17 350, 0.000208 [0.000297/40.392436] [   0/0.000208]
Epoch 17 done. Evaluation:
(50000, 50000)
(8792, 10000)
  4  18  50, 0.000257 [0.000580/40.385961] [  91/0.000208]
  4  18 100, 0.000247 [0.001451/40.382405] [ 141/0.000208]
  4  18 150, 0.000235 [0.001071/40.378851] [ 191/0.000208]
  4  18 200, 0.000275 [0.000633/40.375301] [ 241/0.000208]
  4  18 250, 0.000235 [0.000259/40.371749] [ 291/0.000208]
  4  18 300, 0.000272 [0.000897/40.368203] [ 341/0.000208]
  4  18 350, 0.000221 [0.000194/40.364655] [ 391/0.000208]
Epoch 18 done. Evaluation:
(50000, 50000)
(8800, 10000)
  4  19  50, 0.000259 [0.000336/40.358206] [ 482/0.000208]
  4  19 100, 0.000237 [0.000321/40.354662] [ 532/0.000208]
  4  19 150, 0.000289 [0.001027/40.351124] [ 582/0.000208]
  4  19 200, 0.000258 [0.001252/40.347588] [ 632/0.000208]
  4  19 250, 0.000295 [0.000610/40.344057] [ 682/0.000208]
  4  19 300, 0.000271 [0.000723/40.340521] [ 732/0.000208]
  4  19 350, 0.000249 [0.001163/40.336989] [ 782/0.000208]
Epoch 19 done. Evaluation:
(50000, 50000)
(8788, 10000)
  5   0  50, 0.000241 [0.000148/40.332333] [ 873/0.000208]
  5   0 100, 0.000266 [0.000191/40.330572] [ 923/0.000208]
  5   0 150, 0.000226 [0.000208/40.328811] [ 973/0.000208]
  5   0 200, 0.000245 [0.000535/40.327051] [1023/0.000208]
  5   0 250, 0.000272 [0.000185/40.325292] [1073/0.000208]
  5   0 300, 0.000269 [0.000149/40.323532] [1123/0.000208]
  5   0 350, 0.000240 [0.000214/40.321775] [1173/0.000208]
Epoch 0 done. Evaluation:
(50000, 50000)
(8801, 10000)
  5   1  50, 0.000252 [0.000277/40.318573] [1264/0.000208]
  5   1 100, 0.000258 [0.000135/40.316818] [1314/0.000208]
  5   1 150, 0.000218 [0.000182/40.315060] [1364/0.000208]
  5   1 200, 0.000406 [0.001834/40.313305] [1414/0.000208]
  5   1 250, 0.000274 [0.000244/40.311549] [1464/0.000208]
  5   1 300, 0.000239 [0.000242/40.309793] [1514/0.000208]
  5   1 350, 0.000227 [0.000536/40.308037] [1564/0.000208]
Epoch 1 done. Evaluation:
(50000, 50000)
(8807, 10000)
  5   2  50, 0.000235 [0.000584/40.304844] [1655/0.000208]
  5   2 100, 0.000223 [0.000197/40.303090] [1705/0.000208]
  5   2 150, 0.000230 [0.000261/40.301335] [1755/0.000208]
  5   2 200, 0.000206 [0.000175/40.299580] [   0/0.000206]
  5   2 250, 0.000226 [0.000198/40.297826] [  50/0.000206]
  5   2 300, 0.000229 [0.000225/40.296073] [ 100/0.000206]
  5   2 350, 0.000237 [0.000492/40.294321] [ 150/0.000206]
Epoch 2 done. Evaluation:
(50000, 50000)
(8796, 10000)
  5   3  50, 0.000261 [0.000164/40.291133] [ 241/0.000206]
  5   3 100, 0.000242 [0.000170/40.289383] [ 291/0.000206]
  5   3 150, 0.000231 [0.000165/40.287632] [ 341/0.000206]
  5   3 200, 0.000279 [0.000239/40.285881] [ 391/0.000206]
  5   3 250, 0.000245 [0.000167/40.284132] [ 441/0.000206]
  5   3 300, 0.000238 [0.000336/40.282382] [ 491/0.000206]
  5   3 350, 0.000221 [0.000145/40.280633] [ 541/0.000206]
Epoch 3 done. Evaluation:
(50000, 50000)
(8793, 10000)
  5   4  50, 0.000235 [0.000220/40.277450] [ 632/0.000206]
  5   4 100, 0.000260 [0.000183/40.275702] [ 682/0.000206]
  5   4 150, 0.000221 [0.000272/40.273957] [ 732/0.000206]
  5   4 200, 0.000217 [0.000250/40.272207] [ 782/0.000206]
  5   4 250, 0.000247 [0.000618/40.270460] [ 832/0.000206]
  5   4 300, 0.000241 [0.000240/40.268715] [ 882/0.000206]
  5   4 350, 0.000238 [0.000184/40.266970] [ 932/0.000206]
Epoch 4 done. Evaluation:
(50000, 50000)
(8794, 10000)
  5   5  50, 0.000210 [0.000473/40.263793] [1023/0.000206]
  5   5 100, 0.000198 [0.000250/40.262048] [   0/0.000198]
  5   5 150, 0.000244 [0.000249/40.260304] [  50/0.000198]
  5   5 200, 0.000196 [0.000257/40.258560] [   0/0.000196]
  5   5 250, 0.000223 [0.000198/40.256815] [  50/0.000196]
  5   5 300, 0.000230 [0.000237/40.255074] [ 100/0.000196]
  5   5 350, 0.000253 [0.000258/40.253330] [ 150/0.000196]
Epoch 5 done. Evaluation:
(50000, 50000)
(8801, 10000)
  5   6  50, 0.000246 [0.000196/40.250161] [ 241/0.000196]
  5   6 100, 0.000223 [0.000401/40.248419] [ 291/0.000196]
  5   6 150, 0.000224 [0.000478/40.246680] [ 341/0.000196]
  5   6 200, 0.000248 [0.000207/40.244939] [ 391/0.000196]
  5   6 250, 0.000297 [0.004231/40.243201] [ 441/0.000196]
  5   6 300, 0.000218 [0.000176/40.241462] [ 491/0.000196]
  5   6 350, 0.000232 [0.000149/40.239721] [ 541/0.000196]
Epoch 6 done. Evaluation:
(50000, 50000)
(8785, 10000)
  5   7  50, 0.000284 [0.000503/40.236558] [ 632/0.000196]
  5   7 100, 0.000226 [0.000299/40.234820] [ 682/0.000196]
  5   7 150, 0.000239 [0.000177/40.233082] [ 732/0.000196]
  5   7 200, 0.000250 [0.000612/40.231348] [ 782/0.000196]
  5   7 250, 0.000253 [0.000397/40.229611] [ 832/0.000196]
  5   7 300, 0.000216 [0.000148/40.227874] [ 882/0.000196]
  5   7 350, 0.000256 [0.000174/40.226137] [ 932/0.000196]
Epoch 7 done. Evaluation:
(50000, 50000)
(8796, 10000)
  5   8  50, 0.000309 [0.000277/40.222983] [1023/0.000196]
  5   8 100, 0.000240 [0.000147/40.221249] [1073/0.000196]
  5   8 150, 0.000260 [0.000147/40.219515] [1123/0.000196]
  5   8 200, 0.000255 [0.000258/40.217782] [1173/0.000196]
  5   8 250, 0.000210 [0.000151/40.216046] [1223/0.000196]
  5   8 300, 0.000281 [0.000207/40.214315] [1273/0.000196]
  5   8 350, 0.000255 [0.000371/40.212583] [1323/0.000196]
Epoch 8 done. Evaluation:
(50000, 50000)
(8795, 10000)
  5   9  50, 0.000262 [0.000434/40.209432] [1414/0.000196]
  5   9 100, 0.000234 [0.000158/40.207701] [1464/0.000196]
  5   9 150, 0.000242 [0.000204/40.205969] [1514/0.000196]
  5   9 200, 0.000211 [0.000192/40.204239] [1564/0.000196]
  5   9 250, 0.000217 [0.000237/40.202509] [1614/0.000196]
  5   9 300, 0.000215 [0.000295/40.200777] [1664/0.000196]
  5   9 350, 0.000264 [0.000232/40.199050] [1714/0.000196]
Epoch 9 done. Evaluation:
(50000, 50000)
(8782, 10000)
  5  10  50, 0.000234 [0.000197/40.195904] [1805/0.000196]
  5  10 100, 0.000227 [0.000332/40.194173] [1855/0.000196]
  5  10 150, 0.000224 [0.002530/40.192448] [1905/0.000196]
  5  10 200, 0.000226 [0.000240/40.190718] [1955/0.000196]
  5  10 250, 0.000230 [0.000193/40.188992] [2005/0.000196]
  5  10 300, 0.000240 [0.000158/40.187265] [2055/0.000196]
  5  10 350, 0.000230 [0.000222/40.185539] [2105/0.000196]
Epoch 10 done. Evaluation:
(50000, 50000)
(8790, 10000)
  5  11  50, 0.000220 [0.000644/40.182399] [2196/0.000196]
  5  11 100, 0.000205 [0.000322/40.180675] [2246/0.000196]
  5  11 150, 0.000214 [0.000229/40.178948] [2296/0.000196]
  5  11 200, 0.000266 [0.000238/40.177224] [2346/0.000196]
  5  11 250, 0.000194 [0.000480/40.175501] [   0/0.000194]
  5  11 300, 0.000245 [0.000190/40.173776] [  50/0.000194]
  5  11 350, 0.000216 [0.000170/40.172055] [ 100/0.000194]
Epoch 11 done. Evaluation:
(50000, 50000)
(8796, 10000)
  5  12  50, 0.000212 [0.000205/40.168918] [ 191/0.000194]
  5  12 100, 0.000255 [0.000132/40.167197] [ 241/0.000194]
  5  12 150, 0.000206 [0.000184/40.165477] [ 291/0.000194]
  5  12 200, 0.000212 [0.000470/40.163755] [ 341/0.000194]
  5  12 250, 0.000201 [0.000208/40.162032] [ 391/0.000194]
  5  12 300, 0.000218 [0.000271/40.160313] [ 441/0.000194]
  5  12 350, 0.000239 [0.000289/40.158594] [ 491/0.000194]
Epoch 12 done. Evaluation:
(50000, 50000)
(8793, 10000)
  5  13  50, 0.000211 [0.000167/40.155464] [ 582/0.000194]
  5  13 100, 0.000217 [0.000395/40.153745] [ 632/0.000194]
  5  13 150, 0.000246 [0.000258/40.152028] [ 682/0.000194]
  5  13 200, 0.000230 [0.000238/40.150309] [ 732/0.000194]
  5  13 250, 0.000207 [0.000165/40.148592] [ 782/0.000194]
  5  13 300, 0.000228 [0.000591/40.146874] [ 832/0.000194]
  5  13 350, 0.000248 [0.000164/40.145159] [ 882/0.000194]
Epoch 13 done. Evaluation:
(50000, 50000)
(8798, 10000)
  5  14  50, 0.000199 [0.000268/40.142034] [ 973/0.000194]
  5  14 100, 0.000252 [0.000158/40.140319] [1023/0.000194]
  5  14 150, 0.000250 [0.000150/40.138606] [1073/0.000194]
  5  14 200, 0.000231 [0.000243/40.136891] [1123/0.000194]
  5  14 250, 0.000272 [0.000172/40.135178] [1173/0.000194]
  5  14 300, 0.000221 [0.000194/40.133465] [1223/0.000194]
  5  14 350, 0.000250 [0.000152/40.131752] [1273/0.000194]
Epoch 14 done. Evaluation:
(50000, 50000)
(8797, 10000)
  5  15  50, 0.000221 [0.000212/40.128635] [1364/0.000194]
  5  15 100, 0.000206 [0.000172/40.126921] [1414/0.000194]
  5  15 150, 0.000245 [0.000201/40.125209] [1464/0.000194]
  5  15 200, 0.000225 [0.000239/40.123498] [1514/0.000194]
  5  15 250, 0.000201 [0.000194/40.121788] [1564/0.000194]
  5  15 300, 0.000205 [0.000168/40.120075] [1614/0.000194]
  5  15 350, 0.000215 [0.000151/40.118366] [1664/0.000194]
Epoch 15 done. Evaluation:
(50000, 50000)
(8804, 10000)
  5  16  50, 0.000208 [0.000131/40.115254] [1755/0.000194]
  5  16 100, 0.000195 [0.000676/40.113544] [1805/0.000194]
  5  16 150, 0.000199 [0.000144/40.111834] [1855/0.000194]
  5  16 200, 0.000225 [0.001316/40.110125] [1905/0.000194]
  5  16 250, 0.000212 [0.000337/40.108418] [1955/0.000194]
  5  16 300, 0.000194 [0.000351/40.106709] [   0/0.000194]
  5  16 350, 0.000213 [0.000435/40.105002] [  50/0.000194]
Epoch 16 done. Evaluation:
(50000, 50000)
(8799, 10000)
  5  17  50, 0.000211 [0.000238/40.101897] [ 141/0.000194]
  5  17 100, 0.000225 [0.000192/40.100190] [ 191/0.000194]
  5  17 150, 0.000202 [0.000163/40.098485] [ 241/0.000194]
  5  17 200, 0.000214 [0.000163/40.096779] [ 291/0.000194]
  5  17 250, 0.000211 [0.000631/40.095074] [ 341/0.000194]
  5  17 300, 0.000242 [0.001332/40.093370] [ 391/0.000194]
  5  17 350, 0.000232 [0.000364/40.091665] [ 441/0.000194]
Epoch 17 done. Evaluation:
(50000, 50000)
(8795, 10000)
  5  18  50, 0.000204 [0.000170/40.088565] [ 532/0.000194]
  5  18 100, 0.000211 [0.000148/40.086863] [ 582/0.000194]
  5  18 150, 0.000209 [0.000273/40.085158] [ 632/0.000194]
  5  18 200, 0.000203 [0.000177/40.083457] [ 682/0.000194]
  5  18 250, 0.000208 [0.000369/40.081754] [ 732/0.000194]
  5  18 300, 0.000221 [0.000211/40.080053] [ 782/0.000194]
  5  18 350, 0.000189 [0.000187/40.078351] [   0/0.000189]
Epoch 18 done. Evaluation:
(50000, 50000)
(8804, 10000)
  5  19  50, 0.000199 [0.000325/40.075258] [  91/0.000189]
  5  19 100, 0.000239 [0.000483/40.073560] [ 141/0.000189]
  5  19 150, 0.000206 [0.000199/40.071860] [ 191/0.000189]
  5  19 200, 0.000201 [0.000368/40.070160] [ 241/0.000189]
  5  19 250, 0.000222 [0.000229/40.068463] [ 291/0.000189]
  5  19 300, 0.000207 [0.000777/40.066764] [ 341/0.000189]
  5  19 350, 0.000191 [0.000280/40.065066] [ 391/0.000189]
Epoch 19 done. Evaluation:
(50000, 50000)
(8800, 10000)
  6   0  50, 0.000245 [0.000154/40.062828] [ 482/0.000189]
  6   0 100, 0.000221 [0.000129/40.061984] [ 532/0.000189]
  6   0 150, 0.000227 [0.000186/40.061141] [ 582/0.000189]
  6   0 200, 0.000208 [0.000439/40.060298] [ 632/0.000189]
  6   0 250, 0.000198 [0.000112/40.059454] [ 682/0.000189]
  6   0 300, 0.000189 [0.000109/40.058610] [   0/0.000189]
  6   0 350, 0.000181 [0.000393/40.057767] [   0/0.000181]
Epoch 0 done. Evaluation:
(50000, 50000)
(8799, 10000)
  6   1  50, 0.000197 [0.000115/40.056231] [  91/0.000181]
  6   1 100, 0.000211 [0.000379/40.055387] [ 141/0.000181]
  6   1 150, 0.000203 [0.000208/40.054544] [ 191/0.000181]
  6   1 200, 0.000220 [0.000112/40.053702] [ 241/0.000181]
  6   1 250, 0.000194 [0.000131/40.052860] [ 291/0.000181]
  6   1 300, 0.000208 [0.000111/40.052016] [ 341/0.000181]
  6   1 350, 0.000203 [0.000137/40.051174] [ 391/0.000181]
Epoch 1 done. Evaluation:
(50000, 50000)
(8799, 10000)
  6   2  50, 0.000204 [0.000232/40.049639] [ 482/0.000181]
  6   2 100, 0.000182 [0.000113/40.048796] [ 532/0.000181]
  6   2 150, 0.000235 [0.000289/40.047956] [ 582/0.000181]
  6   2 200, 0.000164 [0.000136/40.047112] [   0/0.000164]
  6   2 250, 0.000228 [0.000143/40.046271] [  50/0.000164]
  6   2 300, 0.000205 [0.000108/40.045429] [ 100/0.000164]
  6   2 350, 0.000208 [0.000249/40.044586] [ 150/0.000164]
Epoch 2 done. Evaluation:
(50000, 50000)
(8804, 10000)
  6   3  50, 0.000203 [0.000114/40.043055] [ 241/0.000164]
  6   3 100, 0.000182 [0.000146/40.042212] [ 291/0.000164]
  6   3 150, 0.000228 [0.000134/40.041369] [ 341/0.000164]
  6   3 200, 0.000208 [0.000120/40.040530] [ 391/0.000164]
  6   3 250, 0.000286 [0.000129/40.039689] [ 441/0.000164]
  6   3 300, 0.000223 [0.000128/40.038846] [ 491/0.000164]
  6   3 350, 0.000208 [0.000117/40.038007] [ 541/0.000164]
Epoch 3 done. Evaluation:
(50000, 50000)
(8811, 10000)
  6   4  50, 0.000191 [0.000121/40.036476] [ 632/0.000164]
  6   4 100, 0.000201 [0.000206/40.035634] [ 682/0.000164]
  6   4 150, 0.000201 [0.000204/40.034793] [ 732/0.000164]
  6   4 200, 0.000203 [0.000116/40.033953] [ 782/0.000164]
  6   4 250, 0.000197 [0.000466/40.033110] [ 832/0.000164]
  6   4 300, 0.000206 [0.000112/40.032271] [ 882/0.000164]
  6   4 350, 0.000211 [0.000110/40.031431] [ 932/0.000164]
Epoch 4 done. Evaluation:
(50000, 50000)
(8791, 10000)
  6   5  50, 0.000215 [0.000471/40.029901] [1023/0.000164]
  6   5 100, 0.000265 [0.000143/40.029062] [1073/0.000164]
  6   5 150, 0.000181 [0.000117/40.028222] [1123/0.000164]
  6   5 200, 0.000200 [0.000136/40.027382] [1173/0.000164]
  6   5 250, 0.000206 [0.000152/40.026542] [1223/0.000164]
  6   5 300, 0.000207 [0.000394/40.025701] [1273/0.000164]
  6   5 350, 0.000217 [0.000158/40.024862] [1323/0.000164]
Epoch 5 done. Evaluation:
(50000, 50000)
(8816, 10000)
  6   6  50, 0.000201 [0.000182/40.023335] [1414/0.000164]
  6   6 100, 0.000198 [0.000121/40.022495] [1464/0.000164]
  6   6 150, 0.000206 [0.000117/40.021656] [1514/0.000164]
  6   6 200, 0.000228 [0.000293/40.020816] [1564/0.000164]
  6   6 250, 0.000206 [0.000150/40.019980] [1614/0.000164]
  6   6 300, 0.000264 [0.000118/40.019140] [1664/0.000164]
  6   6 350, 0.000208 [0.000116/40.018302] [1714/0.000164]
Epoch 6 done. Evaluation:
(50000, 50000)
(8802, 10000)
  6   7  50, 0.000208 [0.000237/40.016776] [1805/0.000164]
  6   7 100, 0.000180 [0.000291/40.015938] [1855/0.000164]
  6   7 150, 0.000185 [0.000124/40.015101] [1905/0.000164]
  6   7 200, 0.000253 [0.000338/40.014262] [1955/0.000164]
  6   7 250, 0.000189 [0.000123/40.013422] [2005/0.000164]
  6   7 300, 0.000196 [0.000133/40.012585] [2055/0.000164]
  6   7 350, 0.000189 [0.000111/40.011746] [2105/0.000164]
Epoch 7 done. Evaluation:
(50000, 50000)
(8802, 10000)
  6   8  50, 0.000201 [0.000166/40.010221] [2196/0.000164]
  6   8 100, 0.000201 [0.000113/40.009384] [2246/0.000164]
  6   8 150, 0.000197 [0.000159/40.008547] [2296/0.000164]
  6   8 200, 0.000223 [0.000113/40.007708] [2346/0.000164]
  6   8 250, 0.000197 [0.000231/40.006870] [2396/0.000164]
  6   8 300, 0.000217 [0.000176/40.006033] [2446/0.000164]
  6   8 350, 0.000254 [0.000114/40.005197] [2496/0.000164]
Epoch 8 done. Evaluation:
(50000, 50000)
(8793, 10000)
  6   9  50, 0.000199 [0.000150/40.003674] [2587/0.000164]
  6   9 100, 0.000181 [0.000130/40.002836] [2637/0.000164]
  6   9 150, 0.000191 [0.000175/40.001999] [2687/0.000164]
  6   9 200, 0.000179 [0.000117/40.001165] [2737/0.000164]
  6   9 250, 0.000213 [0.000134/40.000327] [2787/0.000164]
  6   9 300, 0.000194 [0.000109/39.999490] [2837/0.000164]
  6   9 350, 0.000182 [0.000119/39.998652] [2887/0.000164]
Epoch 9 done. Evaluation:
(50000, 50000)
(8805, 10000)
  6  10  50, 0.000192 [0.000126/39.997131] [2978/0.000164]
  6  10 100, 0.000191 [0.000205/39.996295] [3028/0.000164]
  6  10 150, 0.000177 [0.000338/39.995458] [3078/0.000164]
  6  10 200, 0.000185 [0.000165/39.994625] [3128/0.000164]
  6  10 250, 0.000193 [0.000137/39.993788] [3178/0.000164]
  6  10 300, 0.000220 [0.000116/39.992952] [3228/0.000164]
  6  10 350, 0.000197 [0.000137/39.992117] [3278/0.000164]
Epoch 10 done. Evaluation:
(50000, 50000)
(8807, 10000)
  6  11  50, 0.000170 [0.000131/39.990596] [3369/0.000164]
  6  11 100, 0.000202 [0.000114/39.989762] [3419/0.000164]
  6  11 150, 0.000175 [0.000174/39.988924] [3469/0.000164]
  6  11 200, 0.000195 [0.000124/39.988089] [3519/0.000164]
  6  11 250, 0.000166 [0.000114/39.987256] [3569/0.000164]
  6  11 300, 0.000192 [0.000142/39.986420] [3619/0.000164]
  6  11 350, 0.000192 [0.000123/39.985585] [3669/0.000164]
Epoch 11 done. Evaluation:
(50000, 50000)
(8813, 10000)
  6  12  50, 0.000190 [0.000185/39.984066] [3760/0.000164]
  6  12 100, 0.000207 [0.000215/39.983231] [3810/0.000164]
  6  12 150, 0.000202 [0.000128/39.982395] [3860/0.000164]
  6  12 200, 0.000197 [0.000122/39.981559] [3910/0.000164]
  6  12 250, 0.000201 [0.000115/39.980726] [3960/0.000164]
  6  12 300, 0.000215 [0.000266/39.979893] [4010/0.000164]
  6  12 350, 0.000215 [0.000134/39.979056] [4060/0.000164]
Epoch 12 done. Evaluation:
(50000, 50000)
(8794, 10000)
  6  13  50, 0.000173 [0.000126/39.977539] [4151/0.000164]
  6  13 100, 0.000223 [0.000228/39.976704] [4201/0.000164]
  6  13 150, 0.000199 [0.000120/39.975871] [4251/0.000164]
  6  13 200, 0.000164 [0.000136/39.975038] [4301/0.000164]
  6  13 250, 0.000236 [0.000161/39.974206] [4351/0.000164]
  6  13 300, 0.000220 [0.000122/39.973373] [4401/0.000164]
  6  13 350, 0.000188 [0.000122/39.972540] [4451/0.000164]
Epoch 13 done. Evaluation:
(50000, 50000)
(8785, 10000)
  6  14  50, 0.000170 [0.000141/39.971023] [4542/0.000164]
  6  14 100, 0.000185 [0.000126/39.970189] [4592/0.000164]
  6  14 150, 0.000195 [0.000159/39.969358] [4642/0.000164]
  6  14 200, 0.000174 [0.000137/39.968523] [4692/0.000164]
  6  14 250, 0.000177 [0.000117/39.967692] [4742/0.000164]
  6  14 300, 0.000182 [0.000117/39.966860] [4792/0.000164]
  6  14 350, 0.000213 [0.000118/39.966027] [4842/0.000164]
Epoch 14 done. Evaluation:
(50000, 50000)
(8802, 10000)
  6  15  50, 0.000180 [0.000119/39.964513] [4933/0.000164]
  6  15 100, 0.000219 [0.000160/39.963679] [4983/0.000164]
  6  15 150, 0.000190 [0.000225/39.962847] [5033/0.000164]
  6  15 200, 0.000206 [0.000124/39.962015] [5083/0.000164]
  6  15 250, 0.000205 [0.000115/39.961184] [5133/0.000164]
  6  15 300, 0.000194 [0.000134/39.960352] [5183/0.000164]
  6  15 350, 0.000183 [0.000138/39.959521] [5233/0.000164]
Epoch 15 done. Evaluation:
(50000, 50000)
(8795, 10000)
  6  16  50, 0.000187 [0.000216/39.958008] [5324/0.000164]
  6  16 100, 0.000179 [0.000205/39.957176] [5374/0.000164]
  6  16 150, 0.000188 [0.000183/39.956345] [5424/0.000164]
  6  16 200, 0.000170 [0.000127/39.955514] [5474/0.000164]
  6  16 250, 0.000176 [0.000118/39.954681] [5524/0.000164]
  6  16 300, 0.000186 [0.000199/39.953850] [5574/0.000164]
  6  16 350, 0.000202 [0.000110/39.953019] [5624/0.000164]
Epoch 16 done. Evaluation:
(50000, 50000)
(8795, 10000)
  6  17  50, 0.000229 [0.000125/39.951507] [5715/0.000164]
  6  17 100, 0.000190 [0.000139/39.950678] [5765/0.000164]
  6  17 150, 0.000200 [0.000129/39.949847] [5815/0.000164]
  6  17 200, 0.000221 [0.000144/39.949016] [5865/0.000164]
  6  17 250, 0.000201 [0.000187/39.948185] [5915/0.000164]
  6  17 300, 0.000183 [0.000140/39.947356] [5965/0.000164]
  6  17 350, 0.000196 [0.000132/39.946526] [6015/0.000164]
Epoch 17 done. Evaluation:
(50000, 50000)
(8803, 10000)
  6  18  50, 0.000185 [0.000118/39.945016] [6106/0.000164]
  6  18 100, 0.000179 [0.000135/39.944188] [6156/0.000164]
  6  18 150, 0.000169 [0.000121/39.943356] [6206/0.000164]
  6  18 200, 0.000224 [0.000216/39.942526] [6256/0.000164]
  6  18 250, 0.000181 [0.000286/39.941698] [6306/0.000164]
  6  18 300, 0.000194 [0.000221/39.940868] [6356/0.000164]
  6  18 350, 0.000222 [0.000238/39.940038] [6406/0.000164]
Epoch 18 done. Evaluation:
(50000, 50000)
(8810, 10000)
  6  19  50, 0.000192 [0.000150/39.938530] [6497/0.000164]
  6  19 100, 0.000189 [0.000108/39.937701] [6547/0.000164]
  6  19 150, 0.000197 [0.000139/39.936871] [6597/0.000164]
  6  19 200, 0.000188 [0.000131/39.936044] [6647/0.000164]
  6  19 250, 0.000191 [0.000198/39.935216] [6697/0.000164]
  6  19 300, 0.000207 [0.000434/39.934386] [6747/0.000164]
  6  19 350, 0.000171 [0.000129/39.933557] [6797/0.000164]
Epoch 19 done. Evaluation:
(50000, 50000)
(8806, 10000)
  7   0  50, 0.000198 [0.000152/39.932458] [6888/0.000164]
  7   0 100, 0.000171 [0.000117/39.932041] [6938/0.000164]
  7   0 150, 0.000171 [0.000113/39.931623] [6988/0.000164]
  7   0 200, 0.000190 [0.000169/39.931205] [7038/0.000164]
  7   0 250, 0.000171 [0.000129/39.930786] [7088/0.000164]
  7   0 300, 0.000210 [0.000105/39.930368] [7138/0.000164]
  7   0 350, 0.000196 [0.000107/39.929951] [7188/0.000164]
Epoch 0 done. Evaluation:
(50000, 50000)
(8802, 10000)
  7   1  50, 0.000197 [0.000127/39.929190] [7279/0.000164]
  7   1 100, 0.000230 [0.000104/39.928774] [7329/0.000164]
  7   1 150, 0.000200 [0.000115/39.928354] [7379/0.000164]
  7   1 200, 0.000174 [0.000111/39.927938] [7429/0.000164]
  7   1 250, 0.000212 [0.000110/39.927519] [7479/0.000164]
  7   1 300, 0.000195 [0.000118/39.927102] [7529/0.000164]
  7   1 350, 0.000196 [0.000111/39.926684] [7579/0.000164]
Epoch 1 done. Evaluation:
(50000, 50000)
(8796, 10000)
  7   2  50, 0.000195 [0.000122/39.925926] [7670/0.000164]
  7   2 100, 0.000198 [0.000106/39.925508] [7720/0.000164]
  7   2 150, 0.000175 [0.000123/39.925089] [7770/0.000164]
  7   2 200, 0.000188 [0.000103/39.924671] [7820/0.000164]
  7   2 250, 0.000201 [0.000259/39.924254] [7870/0.000164]
  7   2 300, 0.000189 [0.000114/39.923838] [7920/0.000164]
  7   2 350, 0.000181 [0.000104/39.923417] [7970/0.000164]
Epoch 2 done. Evaluation:
(50000, 50000)
(8803, 10000)
  7   3  50, 0.000211 [0.000121/39.922659] [8061/0.000164]
  7   3 100, 0.000194 [0.000105/39.922239] [8111/0.000164]
  7   3 150, 0.000188 [0.000105/39.921824] [8161/0.000164]
  7   3 200, 0.000198 [0.000105/39.921407] [8211/0.000164]
  7   3 250, 0.000192 [0.000116/39.920989] [8261/0.000164]
  7   3 300, 0.000184 [0.000109/39.920571] [8311/0.000164]
  7   3 350, 0.000193 [0.000428/39.920153] [8361/0.000164]
Epoch 3 done. Evaluation:
(50000, 50000)
(8808, 10000)
  7   4  50, 0.000184 [0.000113/39.919395] [8452/0.000164]
  7   4 100, 0.000169 [0.000107/39.918977] [8502/0.000164]
  7   4 150, 0.000181 [0.000103/39.918560] [8552/0.000164]
  7   4 200, 0.000209 [0.000122/39.918143] [8602/0.000164]
  7   4 250, 0.000166 [0.000122/39.917724] [8652/0.000164]
  7   4 300, 0.000186 [0.000106/39.917307] [8702/0.000164]
  7   4 350, 0.000210 [0.000175/39.916891] [8752/0.000164]
Epoch 4 done. Evaluation:
(50000, 50000)
(8794, 10000)
  7   5  50, 0.000190 [0.000135/39.916132] [8843/0.000164]
  7   5 100, 0.000178 [0.000106/39.915716] [8893/0.000164]
  7   5 150, 0.000181 [0.000106/39.915298] [8943/0.000164]
  7   5 200, 0.000179 [0.000299/39.914880] [8993/0.000164]
  7   5 250, 0.000239 [0.000128/39.914464] [9043/0.000164]
  7   5 300, 0.000183 [0.000121/39.914045] [9093/0.000164]
  7   5 350, 0.000179 [0.000107/39.913629] [9143/0.000164]
Epoch 5 done. Evaluation:
(50000, 50000)
(8784, 10000)
  7   6  50, 0.000186 [0.000115/39.912871] [9234/0.000164]
  7   6 100, 0.000179 [0.000104/39.912452] [9284/0.000164]
  7   6 150, 0.000201 [0.000124/39.912036] [9334/0.000164]
  7   6 200, 0.000176 [0.000106/39.911619] [9384/0.000164]
  7   6 250, 0.000195 [0.000106/39.911202] [9434/0.000164]
  7   6 300, 0.000178 [0.000110/39.910784] [9484/0.000164]
  7   6 350, 0.000168 [0.000111/39.910367] [9534/0.000164]
Epoch 6 done. Evaluation:
(50000, 50000)
(8797, 10000)
  7   7  50, 0.000226 [0.000140/39.909611] [9625/0.000164]
  7   7 100, 0.000191 [0.000102/39.909194] [9675/0.000164]
  7   7 150, 0.000191 [0.000119/39.908777] [9725/0.000164]
  7   7 200, 0.000200 [0.000119/39.908360] [9775/0.000164]
  7   7 250, 0.000196 [0.000108/39.907944] [9825/0.000164]
  7   7 300, 0.000187 [0.000104/39.907527] [9875/0.000164]
  7   7 350, 0.000218 [0.000121/39.907111] [9925/0.000164]
Epoch 7 done. Evaluation:
(50000, 50000)
(8802, 10000)
  7   8  50, 0.000199 [0.000150/39.906352] [10016/0.000164]
  7   8 100, 0.000207 [0.000115/39.905936] [10066/0.000164]
  7   8 150, 0.000184 [0.000106/39.905519] [10116/0.000164]
  7   8 200, 0.000192 [0.000104/39.905103] [10166/0.000164]
  7   8 250, 0.000192 [0.000130/39.904687] [10216/0.000164]
  7   8 300, 0.000205 [0.000113/39.904269] [10266/0.000164]
  7   8 350, 0.000187 [0.000118/39.903854] [10316/0.000164]
Epoch 8 done. Evaluation:
(50000, 50000)
(8800, 10000)
  7   9  50, 0.000213 [0.000153/39.903098] [10407/0.000164]
  7   9 100, 0.000172 [0.000147/39.902680] [10457/0.000164]
  7   9 150, 0.000188 [0.000107/39.902264] [10507/0.000164]
  7   9 200, 0.000196 [0.000105/39.901848] [10557/0.000164]
  7   9 250, 0.000230 [0.000128/39.901431] [10607/0.000164]
  7   9 300, 0.000192 [0.000105/39.901015] [10657/0.000164]
  7   9 350, 0.000157 [0.000107/39.900598] [   0/0.000157]
Epoch 9 done. Evaluation:
(50000, 50000)
(8798, 10000)
  7  10  50, 0.000192 [0.000111/39.899842] [  91/0.000157]
  7  10 100, 0.000189 [0.000132/39.899425] [ 141/0.000157]
  7  10 150, 0.000202 [0.000108/39.899009] [ 191/0.000157]
  7  10 200, 0.000190 [0.000118/39.898593] [ 241/0.000157]
  7  10 250, 0.000217 [0.000106/39.898177] [ 291/0.000157]
  7  10 300, 0.000176 [0.000107/39.897761] [ 341/0.000157]
  7  10 350, 0.000179 [0.000111/39.897345] [ 391/0.000157]
Epoch 10 done. Evaluation:
(50000, 50000)
(8800, 10000)
  7  11  50, 0.000182 [0.000103/39.896588] [ 482/0.000157]
  7  11 100, 0.000200 [0.000157/39.896172] [ 532/0.000157]
  7  11 150, 0.000195 [0.000103/39.895755] [ 582/0.000157]
  7  11 200, 0.000191 [0.000103/39.895339] [ 632/0.000157]
  7  11 250, 0.000182 [0.000104/39.894924] [ 682/0.000157]
  7  11 300, 0.000185 [0.000118/39.894508] [ 732/0.000157]
  7  11 350, 0.000184 [0.000132/39.894093] [ 782/0.000157]
Epoch 11 done. Evaluation:
(50000, 50000)
(8794, 10000)
  7  12  50, 0.000174 [0.000116/39.893335] [ 873/0.000157]
  7  12 100, 0.000181 [0.000129/39.892919] [ 923/0.000157]
  7  12 150, 0.000181 [0.000150/39.892502] [ 973/0.000157]
  7  12 200, 0.000205 [0.000110/39.892088] [1023/0.000157]
  7  12 250, 0.000183 [0.000105/39.891673] [1073/0.000157]
  7  12 300, 0.000185 [0.000112/39.891256] [1123/0.000157]
  7  12 350, 0.000194 [0.000133/39.890840] [1173/0.000157]
Epoch 12 done. Evaluation:
(50000, 50000)
(8790, 10000)
  7  13  50, 0.000199 [0.000126/39.890083] [1264/0.000157]
  7  13 100, 0.000187 [0.000148/39.889666] [1314/0.000157]
  7  13 150, 0.000199 [0.000105/39.889253] [1364/0.000157]
  7  13 200, 0.000185 [0.000108/39.888837] [1414/0.000157]
  7  13 250, 0.000170 [0.000105/39.888421] [1464/0.000157]
  7  13 300, 0.000196 [0.000121/39.888004] [1514/0.000157]
  7  13 350, 0.000197 [0.000231/39.887590] [1564/0.000157]
Epoch 13 done. Evaluation:
(50000, 50000)
(8795, 10000)
  7  14  50, 0.000158 [0.000131/39.886833] [1655/0.000157]
  7  14 100, 0.000179 [0.000114/39.886418] [1705/0.000157]
  7  14 150, 0.000205 [0.000108/39.886003] [1755/0.000157]
  7  14 200, 0.000242 [0.000114/39.885587] [1805/0.000157]
  7  14 250, 0.000177 [0.000117/39.885171] [1855/0.000157]
  7  14 300, 0.000221 [0.000115/39.884755] [1905/0.000157]
  7  14 350, 0.000210 [0.000116/39.884341] [1955/0.000157]
Epoch 14 done. Evaluation:
(50000, 50000)
(8802, 10000)
  7  15  50, 0.000176 [0.000127/39.883586] [2046/0.000157]
  7  15 100, 0.000191 [0.000177/39.883172] [2096/0.000157]
  7  15 150, 0.000201 [0.000112/39.882755] [2146/0.000157]
  7  15 200, 0.000183 [0.000105/39.882340] [2196/0.000157]
  7  15 250, 0.000171 [0.000107/39.881924] [2246/0.000157]
  7  15 300, 0.000186 [0.000121/39.881509] [2296/0.000157]
  7  15 350, 0.000212 [0.000120/39.881094] [2346/0.000157]
Epoch 15 done. Evaluation:
(50000, 50000)
(8789, 10000)
  7  16  50, 0.000222 [0.000146/39.880339] [2437/0.000157]
  7  16 100, 0.000193 [0.000120/39.879924] [2487/0.000157]
  7  16 150, 0.000176 [0.000107/39.879507] [2537/0.000157]
  7  16 200, 0.000159 [0.000107/39.879094] [2587/0.000157]
  7  16 250, 0.000204 [0.000106/39.878679] [2637/0.000157]
  7  16 300, 0.000178 [0.000109/39.878264] [2687/0.000157]
  7  16 350, 0.000181 [0.000132/39.877849] [2737/0.000157]
Epoch 16 done. Evaluation:
(50000, 50000)
(8788, 10000)
  7  17  50, 0.000197 [0.000151/39.877095] [2828/0.000157]
  7  17 100, 0.000183 [0.000569/39.876677] [2878/0.000157]
  7  17 150, 0.000163 [0.000104/39.876263] [2928/0.000157]
  7  17 200, 0.000169 [0.000111/39.875848] [2978/0.000157]
  7  17 250, 0.000192 [0.000116/39.875433] [3028/0.000157]
  7  17 300, 0.000194 [0.000108/39.875019] [3078/0.000157]
  7  17 350, 0.000178 [0.000175/39.874604] [3128/0.000157]
Epoch 17 done. Evaluation:
(50000, 50000)
(8796, 10000)
  7  18  50, 0.000174 [0.000141/39.873848] [3219/0.000157]
  7  18 100, 0.000148 [0.000108/39.873432] [   0/0.000148]
  7  18 150, 0.000209 [0.000130/39.873019] [  50/0.000148]
  7  18 200, 0.000182 [0.000104/39.872604] [ 100/0.000148]
  7  18 250, 0.000184 [0.000106/39.872189] [ 150/0.000148]
  7  18 300, 0.000179 [0.000133/39.871776] [ 200/0.000148]
  7  18 350, 0.000194 [0.000109/39.871362] [ 250/0.000148]
Epoch 18 done. Evaluation:
(50000, 50000)
(8798, 10000)
  7  19  50, 0.000196 [0.000183/39.870605] [ 341/0.000148]
  7  19 100, 0.000154 [0.000109/39.870189] [ 391/0.000148]
  7  19 150, 0.000196 [0.000151/39.869776] [ 441/0.000148]
  7  19 200, 0.000175 [0.000147/39.869360] [ 491/0.000148]
  7  19 250, 0.000181 [0.000133/39.868947] [ 541/0.000148]
  7  19 300, 0.000163 [0.000102/39.868531] [ 591/0.000148]
  7  19 350, 0.000201 [0.000190/39.868117] [ 641/0.000148]
Epoch 19 done. Evaluation:
(50000, 50000)
(8805, 10000)
  8   0  50, 0.000175 [0.000101/39.867580] [ 732/0.000148]
  8   0 100, 0.000206 [0.000101/39.867381] [ 782/0.000148]
  8   0 150, 0.000185 [0.000101/39.867185] [ 832/0.000148]
  8   0 200, 0.000160 [0.000102/39.866988] [ 882/0.000148]
  8   0 250, 0.000180 [0.000102/39.866791] [ 932/0.000148]
  8   0 300, 0.000179 [0.000105/39.866594] [ 982/0.000148]
  8   0 350, 0.000166 [0.000113/39.866396] [1032/0.000148]
Epoch 0 done. Evaluation:
(50000, 50000)
(8809, 10000)
  8   1  50, 0.000182 [0.000108/39.866038] [1123/0.000148]
  8   1 100, 0.000197 [0.000101/39.865842] [1173/0.000148]
  8   1 150, 0.000192 [0.000121/39.865644] [1223/0.000148]
  8   1 200, 0.000171 [0.000105/39.865447] [1273/0.000148]
  8   1 250, 0.000179 [0.000101/39.865249] [1323/0.000148]
  8   1 300, 0.000170 [0.000101/39.865053] [1373/0.000148]
  8   1 350, 0.000186 [0.000111/39.864856] [1423/0.000148]
Epoch 1 done. Evaluation:
(50000, 50000)
(8793, 10000)
  8   2  50, 0.000176 [0.000104/39.864499] [1514/0.000148]
  8   2 100, 0.000186 [0.000102/39.864302] [1564/0.000148]
  8   2 150, 0.000151 [0.000102/39.864105] [1614/0.000148]
  8   2 200, 0.000157 [0.000109/39.863909] [1664/0.000148]
  8   2 250, 0.000171 [0.000104/39.863711] [1714/0.000148]
  8   2 300, 0.000210 [0.000103/39.863513] [1764/0.000148]
  8   2 350, 0.000177 [0.000117/39.863316] [1814/0.000148]
Epoch 2 done. Evaluation:
(50000, 50000)
(8812, 10000)
  8   3  50, 0.000194 [0.000101/39.862959] [1905/0.000148]
  8   3 100, 0.000181 [0.000190/39.862761] [1955/0.000148]
  8   3 150, 0.000183 [0.000124/39.862563] [2005/0.000148]
  8   3 200, 0.000175 [0.000121/39.862366] [2055/0.000148]
  8   3 250, 0.000174 [0.000101/39.862170] [2105/0.000148]
  8   3 300, 0.000182 [0.000104/39.861972] [2155/0.000148]
  8   3 350, 0.000171 [0.000113/39.861777] [2205/0.000148]
Epoch 3 done. Evaluation:
(50000, 50000)
(8796, 10000)
  8   4  50, 0.000172 [0.000112/39.861418] [2296/0.000148]
  8   4 100, 0.000166 [0.000107/39.861221] [2346/0.000148]
  8   4 150, 0.000170 [0.000109/39.861023] [2396/0.000148]
  8   4 200, 0.000153 [0.000103/39.860827] [2446/0.000148]
  8   4 250, 0.000203 [0.000104/39.860630] [2496/0.000148]
  8   4 300, 0.000239 [0.000101/39.860432] [2546/0.000148]
  8   4 350, 0.000187 [0.000104/39.860235] [2596/0.000148]
Epoch 4 done. Evaluation:
(50000, 50000)
(8800, 10000)
  8   5  50, 0.000200 [0.000102/39.859878] [2687/0.000148]
  8   5 100, 0.000201 [0.000102/39.859682] [2737/0.000148]
  8   5 150, 0.000174 [0.000103/39.859484] [2787/0.000148]
  8   5 200, 0.000197 [0.000104/39.859287] [2837/0.000148]
  8   5 250, 0.000183 [0.000100/39.859090] [2887/0.000148]
  8   5 300, 0.000200 [0.000104/39.858893] [2937/0.000148]
  8   5 350, 0.000174 [0.000102/39.858697] [2987/0.000148]
Epoch 5 done. Evaluation:
(50000, 50000)
(8802, 10000)
  8   6  50, 0.000178 [0.000102/39.858338] [3078/0.000148]
  8   6 100, 0.000162 [0.000106/39.858141] [3128/0.000148]
  8   6 150, 0.000167 [0.000102/39.857947] [3178/0.000148]
  8   6 200, 0.000196 [0.000102/39.857748] [3228/0.000148]
  8   6 250, 0.000170 [0.000101/39.857552] [3278/0.000148]
  8   6 300, 0.000195 [0.000105/39.857354] [3328/0.000148]
  8   6 350, 0.000191 [0.000105/39.857159] [3378/0.000148]
Epoch 6 done. Evaluation:
(50000, 50000)
(8801, 10000)
  8   7  50, 0.000187 [0.000102/39.856798] [3469/0.000148]
  8   7 100, 0.000168 [0.000103/39.856602] [3519/0.000148]
  8   7 150, 0.000162 [0.000110/39.856404] [3569/0.000148]
  8   7 200, 0.000171 [0.000108/39.856207] [3619/0.000148]
  8   7 250, 0.000200 [0.000102/39.856011] [3669/0.000148]
  8   7 300, 0.000187 [0.000101/39.855815] [3719/0.000148]
  8   7 350, 0.000200 [0.000103/39.855618] [3769/0.000148]
Epoch 7 done. Evaluation:
(50000, 50000)
(8783, 10000)
  8   8  50, 0.000188 [0.000106/39.855260] [3860/0.000148]
  8   8 100, 0.000192 [0.000103/39.855064] [3910/0.000148]
  8   8 150, 0.000177 [0.000103/39.854866] [3960/0.000148]
  8   8 200, 0.000176 [0.000101/39.854669] [4010/0.000148]
  8   8 250, 0.000201 [0.000104/39.854474] [4060/0.000148]
  8   8 300, 0.000178 [0.000105/39.854278] [4110/0.000148]
  8   8 350, 0.000184 [0.000111/39.854081] [4160/0.000148]
Epoch 8 done. Evaluation:
(50000, 50000)
(8809, 10000)
  8   9  50, 0.000215 [0.000101/39.853723] [4251/0.000148]
  8   9 100, 0.000167 [0.000101/39.853526] [4301/0.000148]
  8   9 150, 0.000175 [0.000114/39.853330] [4351/0.000148]
  8   9 200, 0.000182 [0.000104/39.853134] [4401/0.000148]
  8   9 250, 0.000187 [0.000102/39.852938] [4451/0.000148]
  8   9 300, 0.000192 [0.000101/39.852741] [4501/0.000148]
  8   9 350, 0.000183 [0.000106/39.852544] [4551/0.000148]
Epoch 9 done. Evaluation:
(50000, 50000)
(8802, 10000)
  8  10  50, 0.000172 [0.000113/39.852185] [4642/0.000148]
  8  10 100, 0.000190 [0.000101/39.851988] [4692/0.000148]
  8  10 150, 0.000185 [0.000135/39.851791] [4742/0.000148]
  8  10 200, 0.000180 [0.000102/39.851595] [4792/0.000148]
  8  10 250, 0.000181 [0.000143/39.851398] [4842/0.000148]
  8  10 300, 0.000177 [0.000105/39.851201] [4892/0.000148]
  8  10 350, 0.000165 [0.000113/39.851005] [4942/0.000148]
Epoch 10 done. Evaluation:
(50000, 50000)
(8796, 10000)
  8  11  50, 0.000177 [0.000103/39.850647] [5033/0.000148]
  8  11 100, 0.000180 [0.000107/39.850452] [5083/0.000148]
  8  11 150, 0.000169 [0.000101/39.850254] [5133/0.000148]
  8  11 200, 0.000167 [0.000104/39.850056] [5183/0.000148]
  8  11 250, 0.000200 [0.000102/39.849860] [5233/0.000148]
  8  11 300, 0.000211 [0.000101/39.849663] [5283/0.000148]
  8  11 350, 0.000181 [0.000105/39.849464] [5333/0.000148]
Epoch 11 done. Evaluation:
(50000, 50000)
(8789, 10000)
  8  12  50, 0.000178 [0.000103/39.849106] [5424/0.000148]
  8  12 100, 0.000179 [0.000108/39.848910] [5474/0.000148]
  8  12 150, 0.000160 [0.000101/39.848715] [5524/0.000148]
  8  12 200, 0.000177 [0.000101/39.848518] [5574/0.000148]
  8  12 250, 0.000194 [0.000151/39.848322] [5624/0.000148]
  8  12 300, 0.000181 [0.000104/39.848125] [5674/0.000148]
  8  12 350, 0.000166 [0.000101/39.847930] [5724/0.000148]
Epoch 12 done. Evaluation:
(50000, 50000)
(8792, 10000)
  8  13  50, 0.000192 [0.000105/39.847572] [5815/0.000148]
  8  13 100, 0.000171 [0.000102/39.847375] [5865/0.000148]
  8  13 150, 0.000197 [0.000101/39.847179] [5915/0.000148]
  8  13 200, 0.000189 [0.000101/39.846983] [5965/0.000148]
  8  13 250, 0.000160 [0.000108/39.846787] [6015/0.000148]
  8  13 300, 0.000182 [0.000103/39.846589] [6065/0.000148]
  8  13 350, 0.000172 [0.000103/39.846394] [6115/0.000148]
Epoch 13 done. Evaluation:
(50000, 50000)
(8791, 10000)
  8  14  50, 0.000185 [0.000118/39.846036] [6206/0.000148]
  8  14 100, 0.000184 [0.000104/39.845839] [6256/0.000148]
  8  14 150, 0.000173 [0.000104/39.845643] [6306/0.000148]
  8  14 200, 0.000192 [0.000101/39.845447] [6356/0.000148]
  8  14 250, 0.000181 [0.000101/39.845251] [6406/0.000148]
  8  14 300, 0.000164 [0.000101/39.845054] [6456/0.000148]
  8  14 350, 0.000179 [0.000102/39.844857] [6506/0.000148]
Epoch 14 done. Evaluation:
(50000, 50000)
(8809, 10000)
  8  15  50, 0.000195 [0.000105/39.844499] [6597/0.000148]
  8  15 100, 0.000184 [0.000102/39.844303] [6647/0.000148]
  8  15 150, 0.000163 [0.000102/39.844107] [6697/0.000148]
  8  15 200, 0.000187 [0.000112/39.843910] [6747/0.000148]
  8  15 250, 0.000173 [0.000104/39.843712] [6797/0.000148]
  8  15 300, 0.000156 [0.000101/39.843517] [6847/0.000148]
  8  15 350, 0.000194 [0.000102/39.843320] [6897/0.000148]
Epoch 15 done. Evaluation:
(50000, 50000)
(8803, 10000)
  8  16  50, 0.000202 [0.000102/39.842962] [6988/0.000148]
  8  16 100, 0.000168 [0.000103/39.842766] [7038/0.000148]
  8  16 150, 0.000232 [0.000101/39.842569] [7088/0.000148]
  8  16 200, 0.000185 [0.000111/39.842372] [7138/0.000148]
  8  16 250, 0.000172 [0.000102/39.842176] [7188/0.000148]
  8  16 300, 0.000195 [0.000107/39.841979] [7238/0.000148]
  8  16 350, 0.000191 [0.000121/39.841783] [7288/0.000148]
Epoch 16 done. Evaluation:
(50000, 50000)
(8790, 10000)
  8  17  50, 0.000171 [0.000103/39.841427] [7379/0.000148]
  8  17 100, 0.000168 [0.000104/39.841230] [7429/0.000148]
  8  17 150, 0.000169 [0.000129/39.841034] [7479/0.000148]
  8  17 200, 0.000181 [0.000103/39.840837] [7529/0.000148]
  8  17 250, 0.000161 [0.000101/39.840642] [7579/0.000148]
  8  17 300, 0.000212 [0.000105/39.840446] [7629/0.000148]
  8  17 350, 0.000173 [0.000102/39.840248] [7679/0.000148]
Epoch 17 done. Evaluation:
(50000, 50000)
(8809, 10000)
  8  18  50, 0.000198 [0.000102/39.839892] [7770/0.000148]
  8  18 100, 0.000172 [0.000105/39.839696] [7820/0.000148]
  8  18 150, 0.000185 [0.000106/39.839499] [7870/0.000148]
  8  18 200, 0.000181 [0.000179/39.839303] [7920/0.000148]
  8  18 250, 0.000197 [0.000101/39.839106] [7970/0.000148]
  8  18 300, 0.000180 [0.000102/39.838911] [8020/0.000148]
  8  18 350, 0.000179 [0.000103/39.838713] [8070/0.000148]
Epoch 18 done. Evaluation:
(50000, 50000)
(8804, 10000)
  8  19  50, 0.000160 [0.000101/39.838356] [8161/0.000148]
  8  19 100, 0.000174 [0.000102/39.838159] [8211/0.000148]
  8  19 150, 0.000170 [0.000106/39.837964] [8261/0.000148]
  8  19 200, 0.000175 [0.000109/39.837767] [8311/0.000148]
  8  19 250, 0.000161 [0.000102/39.837572] [8361/0.000148]
  8  19 300, 0.000175 [0.000119/39.837375] [8411/0.000148]
  8  19 350, 0.000164 [0.000104/39.837178] [8461/0.000148]
Epoch 19 done. Evaluation:
(50000, 50000)
(8798, 10000)
  9   0  50, 0.000214 [0.000101/39.836907] [8552/0.000148]
  9   0 100, 0.000207 [0.000102/39.836796] [8602/0.000148]
  9   0 150, 0.000211 [0.000101/39.836684] [8652/0.000148]
  9   0 200, 0.000175 [0.000101/39.836572] [8702/0.000148]
  9   0 250, 0.000175 [0.000100/39.836460] [8752/0.000148]
  9   0 300, 0.000195 [0.000101/39.836348] [8802/0.000148]
  9   0 350, 0.000193 [0.000101/39.836235] [8852/0.000148]
Epoch 0 done. Evaluation:
(50000, 50000)
(8806, 10000)
  9   1  50, 0.000171 [0.000100/39.836032] [8943/0.000148]
  9   1 100, 0.000162 [0.000100/39.835920] [8993/0.000148]
  9   1 150, 0.000192 [0.000119/39.835807] [9043/0.000148]
  9   1 200, 0.000173 [0.000103/39.835696] [9093/0.000148]
  9   1 250, 0.000179 [0.000102/39.835584] [9143/0.000148]
  9   1 300, 0.000183 [0.000100/39.835472] [9193/0.000148]
  9   1 350, 0.000156 [0.000100/39.835359] [9243/0.000148]
Epoch 1 done. Evaluation:
(50000, 50000)
(8796, 10000)
  9   2  50, 0.000188 [0.000103/39.835156] [9334/0.000148]
  9   2 100, 0.000190 [0.000101/39.835043] [9384/0.000148]
  9   2 150, 0.000178 [0.000101/39.834931] [9434/0.000148]
  9   2 200, 0.000173 [0.000100/39.834819] [9484/0.000148]
  9   2 250, 0.000179 [0.000102/39.834707] [9534/0.000148]
  9   2 300, 0.000160 [0.000100/39.834594] [9584/0.000148]
  9   2 350, 0.000186 [0.000102/39.834483] [9634/0.000148]
Epoch 2 done. Evaluation:
(50000, 50000)
(8804, 10000)
  9   3  50, 0.000184 [0.000108/39.834279] [9725/0.000148]
  9   3 100, 0.000212 [0.000101/39.834168] [9775/0.000148]
  9   3 150, 0.000192 [0.000101/39.834057] [9825/0.000148]
  9   3 200, 0.000209 [0.000107/39.833945] [9875/0.000148]
  9   3 250, 0.000182 [0.000102/39.833833] [9925/0.000148]
  9   3 300, 0.000212 [0.000101/39.833722] [9975/0.000148]
  9   3 350, 0.000172 [0.000102/39.833611] [10025/0.000148]
Epoch 3 done. Evaluation:
(50000, 50000)
(8798, 10000)
  9   4  50, 0.000186 [0.000101/39.833407] [10116/0.000148]
  9   4 100, 0.000192 [0.000100/39.833295] [10166/0.000148]
  9   4 150, 0.000171 [0.000101/39.833183] [10216/0.000148]
  9   4 200, 0.000215 [0.000101/39.833071] [10266/0.000148]
  9   4 250, 0.000162 [0.000110/39.832960] [10316/0.000148]
  9   4 300, 0.000186 [0.000101/39.832848] [10366/0.000148]
  9   4 350, 0.000177 [0.000116/39.832734] [10416/0.000148]
Epoch 4 done. Evaluation:
(50000, 50000)
(8798, 10000)
  9   5  50, 0.000179 [0.000101/39.832532] [10507/0.000148]
  9   5 100, 0.000191 [0.000101/39.832420] [10557/0.000148]
  9   5 150, 0.000187 [0.000101/39.832308] [10607/0.000148]
  9   5 200, 0.000174 [0.000101/39.832196] [10657/0.000148]
  9   5 250, 0.000225 [0.000100/39.832086] [10707/0.000148]
  9   5 300, 0.000175 [0.000100/39.831973] [10757/0.000148]
  9   5 350, 0.000227 [0.000100/39.831863] [10807/0.000148]
Epoch 5 done. Evaluation:
(50000, 50000)
(8799, 10000)
  9   6  50, 0.000184 [0.000100/39.831658] [10898/0.000148]
  9   6 100, 0.000165 [0.000101/39.831546] [10948/0.000148]
  9   6 150, 0.000191 [0.000100/39.831434] [10998/0.000148]
  9   6 200, 0.000169 [0.000100/39.831322] [11048/0.000148]
  9   6 250, 0.000168 [0.000100/39.831210] [11098/0.000148]
  9   6 300, 0.000157 [0.000101/39.831098] [11148/0.000148]
  9   6 350, 0.000189 [0.000101/39.830985] [11198/0.000148]
Epoch 6 done. Evaluation:
(50000, 50000)
(8801, 10000)
  9   7  50, 0.000164 [0.000102/39.830783] [11289/0.000148]
  9   7 100, 0.000179 [0.000101/39.830671] [11339/0.000148]
  9   7 150, 0.000158 [0.000101/39.830559] [11389/0.000148]
  9   7 200, 0.000196 [0.000102/39.830448] [11439/0.000148]
  9   7 250, 0.000178 [0.000101/39.830336] [11489/0.000148]
  9   7 300, 0.000172 [0.000101/39.830224] [11539/0.000148]
  9   7 350, 0.000182 [0.000101/39.830112] [11589/0.000148]
Epoch 7 done. Evaluation:
(50000, 50000)
(8800, 10000)
  9   8  50, 0.000170 [0.000100/39.829909] [11680/0.000148]
  9   8 100, 0.000170 [0.000103/39.829797] [11730/0.000148]
  9   8 150, 0.000185 [0.000101/39.829686] [11780/0.000148]
  9   8 200, 0.000166 [0.000102/39.829573] [11830/0.000148]
  9   8 250, 0.000153 [0.000100/39.829461] [11880/0.000148]
  9   8 300, 0.000185 [0.000100/39.829348] [11930/0.000148]
  9   8 350, 0.000156 [0.000100/39.829236] [11980/0.000148]
Epoch 8 done. Evaluation:
(50000, 50000)
(8794, 10000)
  9   9  50, 0.000198 [0.000101/39.829032] [12071/0.000148]
  9   9 100, 0.000193 [0.000100/39.828921] [12121/0.000148]
  9   9 150, 0.000200 [0.000101/39.828809] [12171/0.000148]
  9   9 200, 0.000159 [0.000100/39.828697] [12221/0.000148]
  9   9 250, 0.000183 [0.000101/39.828586] [12271/0.000148]
  9   9 300, 0.000195 [0.000100/39.828474] [12321/0.000148]
  9   9 350, 0.000209 [0.000100/39.828363] [12371/0.000148]
Epoch 9 done. Evaluation:
(50000, 50000)
(8807, 10000)
  9  10  50, 0.000167 [0.000101/39.828159] [12462/0.000148]
  9  10 100, 0.000161 [0.000100/39.828046] [12512/0.000148]
  9  10 150, 0.000172 [0.000100/39.827934] [12562/0.000148]
  9  10 200, 0.000205 [0.000101/39.827823] [12612/0.000148]
  9  10 250, 0.000163 [0.000106/39.827711] [12662/0.000148]
  9  10 300, 0.000181 [0.000101/39.827600] [12712/0.000148]
  9  10 350, 0.000184 [0.000103/39.827488] [12762/0.000148]
Epoch 10 done. Evaluation:
(50000, 50000)
(8795, 10000)
  9  11  50, 0.000206 [0.000109/39.827284] [12853/0.000148]
  9  11 100, 0.000168 [0.000101/39.827173] [12903/0.000148]
  9  11 150, 0.000156 [0.000102/39.827061] [12953/0.000148]
  9  11 200, 0.000170 [0.000101/39.826948] [13003/0.000148]
  9  11 250, 0.000172 [0.000100/39.826836] [13053/0.000148]
  9  11 300, 0.000175 [0.000100/39.826724] [13103/0.000148]
  9  11 350, 0.000178 [0.000101/39.826612] [13153/0.000148]
Epoch 11 done. Evaluation:
(50000, 50000)
(8798, 10000)
  9  12  50, 0.000180 [0.000105/39.826410] [13244/0.000148]
  9  12 100, 0.000151 [0.000101/39.826297] [13294/0.000148]
  9  12 150, 0.000219 [0.000101/39.826184] [13344/0.000148]
  9  12 200, 0.000189 [0.000100/39.826072] [13394/0.000148]
  9  12 250, 0.000240 [0.000101/39.825962] [13444/0.000148]
  9  12 300, 0.000169 [0.000100/39.825851] [13494/0.000148]
  9  12 350, 0.000189 [0.000102/39.825739] [13544/0.000148]
Epoch 12 done. Evaluation:
(50000, 50000)
(8793, 10000)
  9  13  50, 0.000184 [0.000101/39.825535] [13635/0.000148]
  9  13 100, 0.000168 [0.000102/39.825423] [13685/0.000148]
  9  13 150, 0.000162 [0.000101/39.825311] [13735/0.000148]
  9  13 200, 0.000198 [0.000100/39.825198] [13785/0.000148]
  9  13 250, 0.000177 [0.000101/39.825088] [13835/0.000148]
  9  13 300, 0.000175 [0.000103/39.824976] [13885/0.000148]
  9  13 350, 0.000190 [0.000100/39.824864] [13935/0.000148]
Epoch 13 done. Evaluation:
(50000, 50000)
(8801, 10000)
  9  14  50, 0.000178 [0.000101/39.824660] [14026/0.000148]
  9  14 100, 0.000288 [0.000100/39.824549] [14076/0.000148]
  9  14 150, 0.000180 [0.000100/39.824438] [14126/0.000148]
  9  14 200, 0.000196 [0.000109/39.824327] [14176/0.000148]
  9  14 250, 0.000152 [0.000100/39.824213] [14226/0.000148]
  9  14 300, 0.000180 [0.000100/39.824101] [14276/0.000148]
  9  14 350, 0.000186 [0.000100/39.823989] [14326/0.000148]
Epoch 14 done. Evaluation:
(50000, 50000)
(8801, 10000)
  9  15  50, 0.000168 [0.000103/39.823787] [14417/0.000148]
  9  15 100, 0.000201 [0.000107/39.823674] [14467/0.000148]
  9  15 150, 0.000191 [0.000100/39.823562] [14517/0.000148]
  9  15 200, 0.000163 [0.000100/39.823451] [14567/0.000148]
  9  15 250, 0.000171 [0.000105/39.823338] [14617/0.000148]
  9  15 300, 0.000170 [0.000101/39.823227] [14667/0.000148]
  9  15 350, 0.000176 [0.000102/39.823115] [14717/0.000148]
Epoch 15 done. Evaluation:
(50000, 50000)
(8791, 10000)
  9  16  50, 0.000165 [0.000100/39.822911] [14808/0.000148]
  9  16 100, 0.000180 [0.000102/39.822799] [14858/0.000148]
  9  16 150, 0.000173 [0.000104/39.822688] [14908/0.000148]
  9  16 200, 0.000159 [0.000102/39.822575] [14958/0.000148]
  9  16 250, 0.000173 [0.000101/39.822464] [15008/0.000148]
  9  16 300, 0.000190 [0.000100/39.822352] [15058/0.000148]
  9  16 350, 0.000155 [0.000101/39.822241] [15108/0.000148]
Epoch 16 done. Evaluation:
(50000, 50000)
(8804, 10000)
  9  17  50, 0.000152 [0.000101/39.822037] [15199/0.000148]
  9  17 100, 0.000170 [0.000100/39.821926] [15249/0.000148]
  9  17 150, 0.000180 [0.000100/39.821812] [15299/0.000148]
  9  17 200, 0.000172 [0.000103/39.821700] [15349/0.000148]
  9  17 250, 0.000185 [0.000104/39.821588] [15399/0.000148]
  9  17 300, 0.000204 [0.000100/39.821477] [15449/0.000148]
  9  17 350, 0.000201 [0.000123/39.821365] [15499/0.000148]
Epoch 17 done. Evaluation:
(50000, 50000)
(8794, 10000)
  9  18  50, 0.000167 [0.000101/39.821162] [15590/0.000148]
  9  18 100, 0.000182 [0.000102/39.821050] [15640/0.000148]
  9  18 150, 0.000218 [0.000103/39.820938] [15690/0.000148]
  9  18 200, 0.000201 [0.000101/39.820827] [15740/0.000148]
  9  18 250, 0.000178 [0.000101/39.820716] [15790/0.000148]
  9  18 300, 0.000207 [0.000101/39.820604] [15840/0.000148]
  9  18 350, 0.000169 [0.000101/39.820492] [15890/0.000148]
Epoch 18 done. Evaluation:
(50000, 50000)
(8801, 10000)
  9  19  50, 0.000168 [0.000100/39.820289] [15981/0.000148]
  9  19 100, 0.000194 [0.000101/39.820178] [16031/0.000148]
  9  19 150, 0.000180 [0.000101/39.820066] [16081/0.000148]
  9  19 200, 0.000170 [0.000101/39.819954] [16131/0.000148]
  9  19 250, 0.000175 [0.000104/39.819842] [16181/0.000148]
  9  19 300, 0.000196 [0.000100/39.819731] [16231/0.000148]
  9  19 350, 0.000197 [0.000101/39.819618] [16281/0.000148]
Epoch 19 done. Evaluation:
(50000, 50000)
(8813, 10000)
0.00103575529153
0.0115685981574
0.00289502947358
0.00571293068992
0.00144598723401
0.00289268247864
0.000722090914141
0.00143865800156
0.000360859541542
0.000359945449454
1.00365779712e-05
1.04298877432e-05
