Sequential (
  (conv1_1): Sequential (
    (0): Conv2d(3, 32, kernel_size=(3, 3), stride=(1, 1), padding=(1, 1))
    (1): BatchNorm2d(32, eps=1e-05, momentum=0.1, affine=True)
    (2): ReLU (inplace)
  )
  (conv1_2): Sequential (
    (0): Conv2d(32, 32, kernel_size=(3, 3), stride=(1, 1), padding=(1, 1))
    (1): BatchNorm2d(32, eps=1e-05, momentum=0.1, affine=True)
    (2): ReLU (inplace)
  )
  (pool1): MaxPool2d (size=(2, 2), stride=(2, 2), dilation=(1, 1))
  (conv2_1): Sequential (
    (0): Conv2d(32, 64, kernel_size=(3, 3), stride=(1, 1), padding=(1, 1))
    (1): BatchNorm2d(64, eps=1e-05, momentum=0.1, affine=True)
    (2): ReLU (inplace)
  )
  (conv2_2): Sequential (
    (0): Conv2d(64, 64, kernel_size=(3, 3), stride=(1, 1), padding=(1, 1))
    (1): BatchNorm2d(64, eps=1e-05, momentum=0.1, affine=True)
    (2): ReLU (inplace)
  )
  (pool2): MaxPool2d (size=(2, 2), stride=(2, 2), dilation=(1, 1))
  (conv3_1): Sequential (
    (0): Conv2d(64, 128, kernel_size=(3, 3), stride=(1, 1), padding=(1, 1))
    (1): BatchNorm2d(128, eps=1e-05, momentum=0.1, affine=True)
    (2): ReLU (inplace)
  )
  (conv3_2): Sequential (
    (0): Conv2d(128, 128, kernel_size=(3, 3), stride=(1, 1), padding=(1, 1))
    (1): BatchNorm2d(128, eps=1e-05, momentum=0.1, affine=True)
    (2): ReLU (inplace)
  )
  (pool3): MaxPool2d (size=(2, 2), stride=(2, 2), dilation=(1, 1))
  (conv4_1): Sequential (
    (0): Conv2d(128, 256, kernel_size=(3, 3), stride=(1, 1), padding=(1, 1))
    (1): BatchNorm2d(256, eps=1e-05, momentum=0.1, affine=True)
    (2): ReLU (inplace)
  )
  (conv4_2): Sequential (
    (0): Conv2d(256, 256, kernel_size=(3, 3), stride=(1, 1), padding=(1, 1))
    (1): BatchNorm2d(256, eps=1e-05, momentum=0.1, affine=True)
    (2): ReLU (inplace)
  )
  (pool4): MaxPool2d (size=(2, 2), stride=(2, 2), dilation=(1, 1))
  (conv5_1): Sequential (
    (0): Conv2d(256, 256, kernel_size=(3, 3), stride=(1, 1), padding=(1, 1))
    (1): BatchNorm2d(256, eps=1e-05, momentum=0.1, affine=True)
    (2): ReLU (inplace)
  )
  (conv5_2): Sequential (
    (0): Conv2d(256, 256, kernel_size=(3, 3), stride=(1, 1), padding=(1, 1))
    (1): BatchNorm2d(256, eps=1e-05, momentum=0.1, affine=True)
    (2): ReLU (inplace)
  )
  (pool5): MaxPool2d (size=(2, 2), stride=(2, 2), dilation=(1, 1))
  (fc6): Sequential (
    (0): Conv2d(256, 256, kernel_size=(1, 1), stride=(1, 1))
    (1): BatchNorm2d(256, eps=1e-05, momentum=0.1, affine=True)
    (2): ReLU (inplace)
  )
  (logit): Conv2d(256, 10, kernel_size=(1, 1), stride=(1, 1))
  (flatter): Flatten()
)
{'L1_decay': 5e-06,
 'batch_size': 128,
 'force_name': False,
 'graphfolder': 'logs/cxp6_graphs/',
 'learning_rate': 0.1,
 'logfile': 'logs/cxp6.log',
 'mode': '',
 'name': 'cxp6',
 'num_base': 32,
 'optimizer': 'SGD_var_dup',
 'weight_decay': 0.00016}
Decayed training with schedule: [20, 20, 20, 20, 20, 20, 20, 20, 20, 20]
  0   0  50, 1.824300 [0.466520/71.358326] [   0/1.824300]
  0   0 100, 1.454025 [0.417207/70.549394] [   0/1.454025]
  0   0 150, 1.296151 [0.312136/69.787555] [   0/1.296151]
  0   0 200, 1.225756 [0.417124/69.062463] [   0/1.225756]
  0   0 250, 1.119300 [0.455711/68.377555] [   0/1.119300]
  0   0 300, 1.085329 [0.367046/67.720917] [   0/1.085329]
  0   0 350, 1.019730 [0.317841/67.091345] [   0/1.019730]
Epoch 0 done. Evaluation:
(27380, 50000)
(5722, 10000)
  0   1  50, 0.915238 [0.436840/66.018513] [   0/0.915238]
  0   1 100, 0.874498 [0.351532/65.459162] [   0/0.874498]
  0   1 150, 0.843645 [0.451191/64.923437] [   0/0.843645]
  0   1 200, 0.820941 [0.365078/64.404668] [   0/0.820941]
  0   1 250, 0.800417 [0.361358/63.901431] [   0/0.800417]
  0   1 300, 0.823189 [0.328295/63.413326] [  50/0.800417]
  0   1 350, 0.782299 [0.334382/62.941423] [   0/0.782299]
Epoch 1 done. Evaluation:
(35374, 50000)
(6586, 10000)
  0   2  50, 0.696815 [0.344170/62.124412] [   0/0.696815]
  0   2 100, 0.716569 [0.463535/61.693936] [  50/0.696815]
  0   2 150, 0.676875 [0.358116/61.274873] [   0/0.676875]
  0   2 200, 0.701392 [0.375062/60.866470] [  50/0.676875]
  0   2 250, 0.685947 [0.374925/60.467415] [ 100/0.676875]
  0   2 300, 0.696528 [0.357853/60.079449] [ 150/0.676875]
  0   2 350, 0.666615 [0.312425/59.701179] [   0/0.666615]
Epoch 2 done. Evaluation:
(37901, 50000)
(7011, 10000)
  0   3  50, 0.611643 [0.351375/59.039971] [   0/0.611643]
  0   3 100, 0.610937 [0.388870/58.690857] [   0/0.610937]
  0   3 150, 0.618127 [0.328766/58.348932] [  50/0.610937]
  0   3 200, 0.623937 [0.310766/58.013971] [ 100/0.610937]
  0   3 250, 0.604259 [0.350721/57.682506] [   0/0.604259]
  0   3 300, 0.600920 [0.325109/57.360202] [   0/0.600920]
  0   3 350, 0.595245 [0.331241/57.046705] [   0/0.595245]
Epoch 3 done. Evaluation:
(39370, 50000)
(6808, 10000)
  0   4  50, 0.527737 [0.287526/56.494068] [   0/0.527737]
  0   4 100, 0.566079 [0.363153/56.202679] [  50/0.527737]
  0   4 150, 0.573499 [0.346873/55.916366] [ 100/0.527737]
  0   4 200, 0.522144 [0.358303/55.637845] [   0/0.522144]
  0   4 250, 0.577693 [0.498918/55.364566] [  50/0.522144]
  0   4 300, 0.550700 [0.339245/55.091477] [ 100/0.522144]
  0   4 350, 0.578617 [0.353996/54.824173] [ 150/0.522144]
Epoch 4 done. Evaluation:
(40268, 50000)
(6667, 10000)
  0   5  50, 0.491440 [0.415468/54.350623] [   0/0.491440]
  0   5 100, 0.511608 [0.361325/54.105496] [  50/0.491440]
  0   5 150, 0.513070 [0.397961/53.862818] [ 100/0.491440]
  0   5 200, 0.517581 [0.345850/53.624770] [ 150/0.491440]
  0   5 250, 0.513171 [0.366837/53.387439] [ 200/0.491440]
  0   5 300, 0.535535 [0.333119/53.155353] [ 250/0.491440]
  0   5 350, 0.505963 [0.343244/52.923691] [ 300/0.491440]
Epoch 5 done. Evaluation:
(40948, 50000)
(7602, 10000)
  0   6  50, 0.461002 [0.386318/52.515122] [   0/0.461002]
  0   6 100, 0.461429 [0.384934/52.298483] [  50/0.461002]
  0   6 150, 0.462192 [0.342185/52.087056] [ 100/0.461002]
  0   6 200, 0.504881 [0.422247/51.876276] [ 150/0.461002]
  0   6 250, 0.506135 [0.381522/51.671200] [ 200/0.461002]
  0   6 300, 0.495137 [0.331211/51.467241] [ 250/0.461002]
  0   6 350, 0.478278 [0.334104/51.262105] [ 300/0.461002]
Epoch 6 done. Evaluation:
(41605, 50000)
(7329, 10000)
  0   7  50, 0.414308 [0.416389/50.910534] [   0/0.414308]
  0   7 100, 0.459761 [0.418983/50.724827] [  50/0.414308]
  0   7 150, 0.458173 [0.348987/50.539345] [ 100/0.414308]
  0   7 200, 0.436429 [0.303984/50.359270] [ 150/0.414308]
  0   7 250, 0.504527 [0.411366/50.177935] [ 200/0.414308]
  0   7 300, 0.475486 [0.342240/49.999753] [ 250/0.414308]
  0   7 350, 0.466331 [0.452681/49.826140] [ 300/0.414308]
Epoch 7 done. Evaluation:
(42000, 50000)
(7185, 10000)
  0   8  50, 0.407090 [0.378145/49.512843] [   0/0.407090]
  0   8 100, 0.449424 [0.285339/49.349357] [  50/0.407090]
  0   8 150, 0.458414 [0.343330/49.185735] [ 100/0.407090]
  0   8 200, 0.419061 [0.371417/49.026192] [ 150/0.407090]
  0   8 250, 0.455772 [0.394531/48.866874] [ 200/0.407090]
  0   8 300, 0.440430 [0.428279/48.711271] [ 250/0.407090]
  0   8 350, 0.453389 [0.387146/48.557176] [ 300/0.407090]
Epoch 8 done. Evaluation:
(42217, 50000)
(6248, 10000)
  0   9  50, 0.369980 [0.362961/48.280255] [   0/0.369980]
  0   9 100, 0.420247 [0.375590/48.133968] [  50/0.369980]
  0   9 150, 0.430704 [0.369578/47.989565] [ 100/0.369980]
  0   9 200, 0.400805 [0.398423/47.840146] [ 150/0.369980]
  0   9 250, 0.439186 [0.368199/47.701226] [ 200/0.369980]
  0   9 300, 0.440942 [0.428732/47.556168] [ 250/0.369980]
  0   9 350, 0.445477 [0.338440/47.421335] [ 300/0.369980]
Epoch 9 done. Evaluation:
(42619, 50000)
(7462, 10000)
  0  10  50, 0.391078 [0.345378/47.173232] [ 391/0.369980]
  0  10 100, 0.382054 [0.363772/47.040476] [ 441/0.369980]
  0  10 150, 0.385638 [0.355998/46.907442] [ 491/0.369980]
  0  10 200, 0.412654 [0.381598/46.782170] [ 541/0.369980]
  0  10 250, 0.424688 [0.370380/46.657673] [ 591/0.369980]
  0  10 300, 0.423819 [0.389415/46.532825] [ 641/0.369980]
  0  10 350, 0.422981 [0.338271/46.411053] [ 691/0.369980]
Epoch 10 done. Evaluation:
(42908, 50000)
(6510, 10000)
  0  11  50, 0.353345 [0.351830/46.183043] [   0/0.353345]
  0  11 100, 0.346850 [0.420292/46.061599] [   0/0.346850]
  0  11 150, 0.405676 [0.356614/45.950162] [  50/0.346850]
  0  11 200, 0.393149 [0.395439/45.831941] [ 100/0.346850]
  0  11 250, 0.390550 [0.409883/45.716356] [ 150/0.346850]
  0  11 300, 0.425185 [0.346776/45.603702] [ 200/0.346850]
  0  11 350, 0.417475 [0.462307/45.488306] [ 250/0.346850]
Epoch 11 done. Evaluation:
(43096, 50000)
(7328, 10000)
  0  12  50, 0.337593 [0.405421/45.288342] [   0/0.337593]
  0  12 100, 0.356011 [0.482793/45.180641] [  50/0.337593]
  0  12 150, 0.365496 [0.324475/45.074199] [ 100/0.337593]
  0  12 200, 0.379410 [0.422521/44.971097] [ 150/0.337593]
  0  12 250, 0.392999 [0.361654/44.872549] [ 200/0.337593]
  0  12 300, 0.389685 [0.381989/44.767447] [ 250/0.337593]
  0  12 350, 0.407932 [0.471644/44.669221] [ 300/0.337593]
Epoch 12 done. Evaluation:
(43465, 50000)
(7496, 10000)
  0  13  50, 0.330530 [0.267956/44.477677] [   0/0.330530]
  0  13 100, 0.325287 [0.437691/44.378565] [   0/0.325287]
  0  13 150, 0.372168 [0.336126/44.283266] [  50/0.325287]
  0  13 200, 0.367539 [0.311244/44.191744] [ 100/0.325287]
  0  13 250, 0.392889 [0.445651/44.100512] [ 150/0.325287]
  0  13 300, 0.380166 [0.492455/44.008843] [ 200/0.325287]
  0  13 350, 0.383262 [0.471745/43.917858] [ 250/0.325287]
Epoch 13 done. Evaluation:
(43486, 50000)
(7569, 10000)
  0  14  50, 0.326824 [0.306048/43.745060] [ 341/0.325287]
  0  14 100, 0.340591 [0.430216/43.656563] [ 391/0.325287]
  0  14 150, 0.374523 [0.373611/43.572032] [ 441/0.325287]
  0  14 200, 0.338508 [0.391533/43.481024] [ 491/0.325287]
  0  14 250, 0.386652 [0.400129/43.404842] [ 541/0.325287]
  0  14 300, 0.385525 [0.428518/43.316415] [ 591/0.325287]
  0  14 350, 0.392287 [0.427483/43.230070] [ 641/0.325287]
Epoch 14 done. Evaluation:
(43695, 50000)
(7152, 10000)
  0  15  50, 0.312204 [0.461798/43.069512] [   0/0.312204]
  0  15 100, 0.322973 [0.441573/42.988636] [  50/0.312204]
  0  15 150, 0.364370 [0.418755/42.916248] [ 100/0.312204]
  0  15 200, 0.353178 [0.335040/42.834794] [ 150/0.312204]
  0  15 250, 0.350722 [0.368336/42.759226] [ 200/0.312204]
  0  15 300, 0.393122 [0.484642/42.690416] [ 250/0.312204]
  0  15 350, 0.353224 [0.386727/42.604242] [ 300/0.312204]
Epoch 15 done. Evaluation:
(43762, 50000)
(6479, 10000)
  0  16  50, 0.295285 [0.464145/42.468707] [   0/0.295285]
  0  16 100, 0.316992 [0.430468/42.391303] [  50/0.295285]
  0  16 150, 0.322788 [0.528353/42.318717] [ 100/0.295285]
  0  16 200, 0.341446 [0.454287/42.249090] [ 150/0.295285]
  0  16 250, 0.385642 [0.381064/42.189791] [ 200/0.295285]
  0  16 300, 0.332775 [0.432276/42.110254] [ 250/0.295285]
  0  16 350, 0.346411 [0.360052/42.035872] [ 300/0.295285]
Epoch 16 done. Evaluation:
(44042, 50000)
(7158, 10000)
  0  17  50, 0.302412 [0.419008/41.911617] [ 391/0.295285]
  0  17 100, 0.297347 [0.434705/41.842654] [ 441/0.295285]
  0  17 150, 0.333404 [0.455377/41.781320] [ 491/0.295285]
  0  17 200, 0.345123 [0.407421/41.718380] [ 541/0.295285]
  0  17 250, 0.354546 [0.454886/41.660936] [ 591/0.295285]
  0  17 300, 0.368826 [0.373878/41.597525] [ 641/0.295285]
  0  17 350, 0.349227 [0.474151/41.528678] [ 691/0.295285]
Epoch 17 done. Evaluation:
(44078, 50000)
(6774, 10000)
  0  18  50, 0.304494 [0.408480/41.412532] [ 782/0.295285]
  0  18 100, 0.308546 [0.362609/41.346632] [ 832/0.295285]
  0  18 150, 0.299667 [0.427687/41.286574] [ 882/0.295285]
  0  18 200, 0.318497 [0.484629/41.230276] [ 932/0.295285]
  0  18 250, 0.363199 [0.400980/41.180186] [ 982/0.295285]
  0  18 300, 0.326328 [0.485875/41.123664] [1032/0.295285]
  0  18 350, 0.361569 [0.318216/41.068824] [1082/0.295285]
Epoch 18 done. Evaluation:
(44181, 50000)
(7938, 10000)
  0  19  50, 0.286326 [0.331292/40.950999] [   0/0.286326]
  0  19 100, 0.299570 [0.449102/40.893197] [  50/0.286326]
  0  19 150, 0.307219 [0.468962/40.841032] [ 100/0.286326]
  0  19 200, 0.306143 [0.464820/40.783626] [ 150/0.286326]
  0  19 250, 0.344680 [0.405139/40.731164] [ 200/0.286326]
  0  19 300, 0.333648 [0.416119/40.673016] [ 250/0.286326]
  0  19 350, 0.321019 [0.496803/40.616545] [ 300/0.286326]
Epoch 19 done. Evaluation:
(44429, 50000)
(5733, 10000)
  1   0  50, 0.212564 [0.136446/40.517981] [   0/0.212564]
  1   0 100, 0.179307 [0.136742/40.458337] [   0/0.179307]
  1   0 150, 0.175329 [0.138570/40.401079] [   0/0.175329]
  1   0 200, 0.181671 [0.131626/40.345897] [  50/0.175329]
  1   0 250, 0.166528 [0.191557/40.291881] [   0/0.166528]
  1   0 300, 0.163664 [0.178031/40.238767] [   0/0.163664]
  1   0 350, 0.182780 [0.202016/40.188726] [  50/0.163664]
Epoch 0 done. Evaluation:
(46958, 50000)
(8291, 10000)
  1   1  50, 0.130596 [0.212324/40.098843] [   0/0.130596]
  1   1 100, 0.129596 [0.159269/40.049751] [   0/0.129596]
  1   1 150, 0.162511 [0.275093/40.006917] [  50/0.129596]
  1   1 200, 0.156907 [0.250148/39.963908] [ 100/0.129596]
  1   1 250, 0.167623 [0.190800/39.924540] [ 150/0.129596]
  1   1 300, 0.169817 [0.199184/39.883650] [ 200/0.129596]
  1   1 350, 0.170914 [0.268049/39.843369] [ 250/0.129596]
Epoch 1 done. Evaluation:
(47219, 50000)
(8495, 10000)
  1   2  50, 0.127054 [0.243993/39.770119] [   0/0.127054]
  1   2 100, 0.134492 [0.209796/39.727637] [  50/0.127054]
  1   2 150, 0.138833 [0.217012/39.688681] [ 100/0.127054]
  1   2 200, 0.144901 [0.164900/39.653823] [ 150/0.127054]
  1   2 250, 0.160437 [0.210576/39.620531] [ 200/0.127054]
  1   2 300, 0.167699 [0.233189/39.590414] [ 250/0.127054]
  1   2 350, 0.163014 [0.252368/39.559726] [ 300/0.127054]
Epoch 2 done. Evaluation:
(47361, 50000)
(7319, 10000)
  1   3  50, 0.142733 [0.242206/39.503680] [ 391/0.127054]
  1   3 100, 0.137146 [0.178035/39.468332] [ 441/0.127054]
  1   3 150, 0.156321 [0.259683/39.438372] [ 491/0.127054]
  1   3 200, 0.160957 [0.269441/39.407705] [ 541/0.127054]
  1   3 250, 0.161238 [0.267551/39.379812] [ 591/0.127054]
  1   3 300, 0.171198 [0.288517/39.353140] [ 641/0.127054]
  1   3 350, 0.209840 [0.298223/39.332158] [ 691/0.127054]
Epoch 3 done. Evaluation:
(47106, 50000)
(8260, 10000)
  1   4  50, 0.143982 [0.212845/39.280720] [ 782/0.127054]
  1   4 100, 0.131174 [0.221325/39.246402] [ 832/0.127054]
  1   4 150, 0.153481 [0.301256/39.218646] [ 882/0.127054]
  1   4 200, 0.162254 [0.344357/39.192733] [ 932/0.127054]
  1   4 250, 0.175396 [0.230478/39.169527] [ 982/0.127054]
  1   4 300, 0.183020 [0.320211/39.146916] [1032/0.127054]
  1   4 350, 0.164616 [0.204822/39.121014] [1082/0.127054]
Epoch 4 done. Evaluation:
(47128, 50000)
(7900, 10000)
  1   5  50, 0.147633 [0.315149/39.075511] [1173/0.127054]
  1   5 100, 0.142761 [0.318573/39.048445] [1223/0.127054]
  1   5 150, 0.156848 [0.317426/39.021919] [1273/0.127054]
  1   5 200, 0.164524 [0.203674/38.997469] [1323/0.127054]
  1   5 250, 0.150638 [0.246283/38.969222] [1373/0.127054]
  1   5 300, 0.173323 [0.226812/38.947838] [1423/0.127054]
  1   5 350, 0.194100 [0.291616/38.929754] [1473/0.127054]
Epoch 5 done. Evaluation:
(47084, 50000)
(7889, 10000)
  1   6  50, 0.130230 [0.219472/38.883765] [1564/0.127054]
  1   6 100, 0.118532 [0.288781/38.850806] [   0/0.118532]
  1   6 150, 0.144781 [0.216456/38.825670] [  50/0.118532]
  1   6 200, 0.179437 [0.264734/38.811365] [ 100/0.118532]
  1   6 250, 0.165356 [0.247194/38.788967] [ 150/0.118532]
  1   6 300, 0.177420 [0.277143/38.771166] [ 200/0.118532]
  1   6 350, 0.191553 [0.288406/38.752567] [ 250/0.118532]
Epoch 6 done. Evaluation:
(47173, 50000)
(7867, 10000)
  1   7  50, 0.110391 [0.240998/38.705433] [   0/0.110391]
  1   7 100, 0.135958 [0.280997/38.677681] [  50/0.110391]
  1   7 150, 0.128843 [0.232678/38.650053] [ 100/0.110391]
  1   7 200, 0.177062 [0.235102/38.633499] [ 150/0.110391]
  1   7 250, 0.171850 [0.265574/38.615431] [ 200/0.110391]
  1   7 300, 0.179058 [0.303430/38.596658] [ 250/0.110391]
  1   7 350, 0.184590 [0.341322/38.579476] [ 300/0.110391]
Epoch 7 done. Evaluation:
(47261, 50000)
(6928, 10000)
  1   8  50, 0.156749 [0.271059/38.543168] [ 391/0.110391]
  1   8 100, 0.143675 [0.333552/38.518921] [ 441/0.110391]
  1   8 150, 0.160424 [0.421710/38.498095] [ 491/0.110391]
  1   8 200, 0.152174 [0.262955/38.476612] [ 541/0.110391]
  1   8 250, 0.148163 [0.328318/38.455134] [ 591/0.110391]
  1   8 300, 0.171586 [0.326450/38.439559] [ 641/0.110391]
  1   8 350, 0.174607 [0.308148/38.421955] [ 691/0.110391]
Epoch 8 done. Evaluation:
(47188, 50000)
(7412, 10000)
  1   9  50, 0.135996 [0.241815/38.380355] [ 782/0.110391]
  1   9 100, 0.125196 [0.228975/38.352369] [ 832/0.110391]
  1   9 150, 0.150424 [0.202354/38.329699] [ 882/0.110391]
  1   9 200, 0.168905 [0.307094/38.313279] [ 932/0.110391]
  1   9 250, 0.165804 [0.243895/38.298182] [ 982/0.110391]
  1   9 300, 0.177455 [0.247406/38.284617] [1032/0.110391]
  1   9 350, 0.186771 [0.296888/38.270451] [1082/0.110391]
Epoch 9 done. Evaluation:
(47153, 50000)
(7418, 10000)
  1  10  50, 0.126485 [0.245821/38.234158] [1173/0.110391]
  1  10 100, 0.142036 [0.271882/38.214007] [1223/0.110391]
  1  10 150, 0.130747 [0.264730/38.188539] [1273/0.110391]
  1  10 200, 0.137288 [0.330186/38.166449] [1323/0.110391]
  1  10 250, 0.158059 [0.344636/38.149615] [1373/0.110391]
  1  10 300, 0.169738 [0.271726/38.134194] [1423/0.110391]
  1  10 350, 0.188467 [0.366004/38.119607] [1473/0.110391]
Epoch 10 done. Evaluation:
(47281, 50000)
(8053, 10000)
  1  11  50, 0.112405 [0.192720/38.075829] [1564/0.110391]
  1  11 100, 0.139196 [0.275255/38.053092] [1614/0.110391]
  1  11 150, 0.140684 [0.254625/38.033621] [1664/0.110391]
  1  11 200, 0.150724 [0.295060/38.018004] [1714/0.110391]
  1  11 250, 0.152394 [0.321376/38.000098] [1764/0.110391]
  1  11 300, 0.157967 [0.422970/37.986957] [1814/0.110391]
  1  11 350, 0.180513 [0.254260/37.977151] [1864/0.110391]
Epoch 11 done. Evaluation:
(47367, 50000)
(8224, 10000)
  1  12  50, 0.130786 [0.237078/37.942788] [1955/0.110391]
  1  12 100, 0.139890 [0.276131/37.922553] [2005/0.110391]
  1  12 150, 0.129034 [0.228897/37.899414] [2055/0.110391]
  1  12 200, 0.157181 [0.215148/37.886924] [2105/0.110391]
  1  12 250, 0.161869 [0.342313/37.873356] [2155/0.110391]
  1  12 300, 0.176749 [0.279913/37.862189] [2205/0.110391]
  1  12 350, 0.172628 [0.369100/37.848646] [2255/0.110391]
Epoch 12 done. Evaluation:
(47249, 50000)
(8102, 10000)
  1  13  50, 0.138659 [0.318186/37.813755] [2346/0.110391]
  1  13 100, 0.128373 [0.316537/37.789939] [2396/0.110391]
  1  13 150, 0.122503 [0.276762/37.765596] [2446/0.110391]
  1  13 200, 0.162826 [0.303108/37.756383] [2496/0.110391]
  1  13 250, 0.170900 [0.268714/37.747925] [2546/0.110391]
  1  13 300, 0.174049 [0.303422/37.736686] [2596/0.110391]
  1  13 350, 0.173982 [0.360392/37.725034] [2646/0.110391]
Epoch 13 done. Evaluation:
(47295, 50000)
(6946, 10000)
  1  14  50, 0.137941 [0.265546/37.695010] [2737/0.110391]
  1  14 100, 0.121431 [0.196854/37.668868] [2787/0.110391]
  1  14 150, 0.121408 [0.277253/37.645663] [2837/0.110391]
  1  14 200, 0.143256 [0.315192/37.630450] [2887/0.110391]
  1  14 250, 0.158237 [0.312178/37.618724] [2937/0.110391]
  1  14 300, 0.167389 [0.323435/37.609552] [2987/0.110391]
  1  14 350, 0.183767 [0.299505/37.601909] [3037/0.110391]
Epoch 14 done. Evaluation:
(47354, 50000)
(7974, 10000)
  1  15  50, 0.118288 [0.269914/37.561799] [3128/0.110391]
  1  15 100, 0.115018 [0.211562/37.535966] [3178/0.110391]
  1  15 150, 0.134008 [0.375406/37.518169] [3228/0.110391]
  1  15 200, 0.154830 [0.275751/37.505274] [3278/0.110391]
  1  15 250, 0.137083 [0.382140/37.490808] [3328/0.110391]
  1  15 300, 0.162481 [0.331093/37.481735] [3378/0.110391]
  1  15 350, 0.176745 [0.275688/37.469967] [3428/0.110391]
Epoch 15 done. Evaluation:
(47507, 50000)
(7572, 10000)
  1  16  50, 0.120041 [0.252638/37.436446] [3519/0.110391]
  1  16 100, 0.128959 [0.237005/37.416547] [3569/0.110391]
  1  16 150, 0.135326 [0.276339/37.399145] [3619/0.110391]
  1  16 200, 0.134426 [0.216427/37.380658] [3669/0.110391]
  1  16 250, 0.132532 [0.308950/37.363310] [3719/0.110391]
  1  16 300, 0.155321 [0.285186/37.352564] [3769/0.110391]
  1  16 350, 0.171506 [0.290920/37.346888] [3819/0.110391]
Epoch 16 done. Evaluation:
(47440, 50000)
(7632, 10000)
  1  17  50, 0.106086 [0.274354/37.316154] [   0/0.106086]
  1  17 100, 0.124781 [0.309828/37.296006] [  50/0.106086]
  1  17 150, 0.137780 [0.295181/37.280806] [ 100/0.106086]
  1  17 200, 0.154441 [0.316219/37.272689] [ 150/0.106086]
  1  17 250, 0.144333 [0.291708/37.260541] [ 200/0.106086]
  1  17 300, 0.169915 [0.351028/37.252525] [ 250/0.106086]
  1  17 350, 0.151671 [0.376759/37.238950] [ 300/0.106086]
Epoch 17 done. Evaluation:
(47462, 50000)
(7814, 10000)
  1  18  50, 0.115977 [0.230622/37.207148] [ 391/0.106086]
  1  18 100, 0.123530 [0.192037/37.187269] [ 441/0.106086]
  1  18 150, 0.109553 [0.191590/37.163393] [ 491/0.106086]
  1  18 200, 0.140097 [0.348503/37.150690] [ 541/0.106086]
  1  18 250, 0.147213 [0.297756/37.140342] [ 591/0.106086]
  1  18 300, 0.160332 [0.317779/37.129786] [ 641/0.106086]
  1  18 350, 0.149252 [0.242957/37.119798] [ 691/0.106086]
Epoch 18 done. Evaluation:
(47584, 50000)
(7746, 10000)
  1  19  50, 0.129788 [0.227117/37.095526] [ 782/0.106086]
  1  19 100, 0.129119 [0.248930/37.077338] [ 832/0.106086]
  1  19 150, 0.144777 [0.297439/37.065952] [ 882/0.106086]
  1  19 200, 0.138084 [0.367804/37.052116] [ 932/0.106086]
  1  19 250, 0.133187 [0.250187/37.035571] [ 982/0.106086]
  1  19 300, 0.148076 [0.381899/37.028582] [1032/0.106086]
  1  19 350, 0.186381 [0.250137/37.025067] [1082/0.106086]
Epoch 19 done. Evaluation:
(47417, 50000)
(7775, 10000)
  2   0  50, 0.079296 [0.089163/36.993785] [   0/0.079296]
  2   0 100, 0.060571 [0.050214/36.968435] [   0/0.060571]
  2   0 150, 0.055232 [0.049600/36.943232] [   0/0.055232]
  2   0 200, 0.048592 [0.081918/36.917793] [   0/0.048592]
  2   0 250, 0.048984 [0.059083/36.892245] [  50/0.048592]
  2   0 300, 0.043868 [0.098344/36.866822] [   0/0.043868]
  2   0 350, 0.052227 [0.114958/36.842776] [  50/0.043868]
Epoch 0 done. Evaluation:
(49117, 50000)
(8730, 10000)
  2   1  50, 0.027426 [0.030460/36.796206] [   0/0.027426]
  2   1 100, 0.032867 [0.039155/36.770596] [  50/0.027426]
  2   1 150, 0.026585 [0.083159/36.744606] [   0/0.026585]
  2   1 200, 0.026632 [0.030434/36.719038] [  50/0.026585]
  2   1 250, 0.023039 [0.055289/36.693123] [   0/0.023039]
  2   1 300, 0.030769 [0.088137/36.668497] [  50/0.023039]
  2   1 350, 0.030815 [0.077533/36.643817] [ 100/0.023039]
Epoch 1 done. Evaluation:
(49602, 50000)
(8215, 10000)
  2   2  50, 0.015101 [0.014586/36.597224] [   0/0.015101]
  2   2 100, 0.014693 [0.032331/36.571105] [   0/0.014693]
  2   2 150, 0.013735 [0.020028/36.545212] [   0/0.013735]
  2   2 200, 0.016216 [0.071157/36.519923] [  50/0.013735]
  2   2 250, 0.019925 [0.080765/36.495507] [ 100/0.013735]
  2   2 300, 0.018591 [0.103984/36.471019] [ 150/0.013735]
  2   2 350, 0.027131 [0.041527/36.448786] [ 200/0.013735]
Epoch 2 done. Evaluation:
(49773, 50000)
(8622, 10000)
  2   3  50, 0.015584 [0.020135/36.405845] [ 291/0.013735]
  2   3 100, 0.023032 [0.110103/36.383458] [ 341/0.013735]
  2   3 150, 0.016884 [0.030694/36.359884] [ 391/0.013735]
  2   3 200, 0.023246 [0.160713/36.337841] [ 441/0.013735]
  2   3 250, 0.020399 [0.073808/36.315776] [ 491/0.013735]
  2   3 300, 0.016893 [0.014311/36.292640] [ 541/0.013735]
  2   3 350, 0.017261 [0.039239/36.269981] [ 591/0.013735]
Epoch 3 done. Evaluation:
(49740, 50000)
(8636, 10000)
  2   4  50, 0.019863 [0.044641/36.231079] [ 682/0.013735]
  2   4 100, 0.019881 [0.051844/36.209787] [ 732/0.013735]
  2   4 150, 0.021121 [0.094712/36.188959] [ 782/0.013735]
  2   4 200, 0.022374 [0.136439/36.168263] [ 832/0.013735]
  2   4 250, 0.021443 [0.068028/36.147963] [ 882/0.013735]
  2   4 300, 0.017321 [0.102703/36.126625] [ 932/0.013735]
  2   4 350, 0.028978 [0.069995/36.109589] [ 982/0.013735]
Epoch 4 done. Evaluation:
(49636, 50000)
(8526, 10000)
  2   5  50, 0.029098 [0.058195/36.079451] [1073/0.013735]
  2   5 100, 0.014601 [0.087128/36.057854] [1123/0.013735]
  2   5 150, 0.020177 [0.052053/36.037861] [1173/0.013735]
  2   5 200, 0.027716 [0.153705/36.020918] [1223/0.013735]
  2   5 250, 0.037184 [0.128238/36.006765] [1273/0.013735]
  2   5 300, 0.037395 [0.081049/35.991458] [1323/0.013735]
  2   5 350, 0.041818 [0.188850/35.978179] [1373/0.013735]
Epoch 5 done. Evaluation:
(49504, 50000)
(8461, 10000)
  2   6  50, 0.034540 [0.100633/35.951903] [1464/0.013735]
  2   6 100, 0.028205 [0.016655/35.935164] [1514/0.013735]
  2   6 150, 0.030338 [0.085662/35.918567] [1564/0.013735]
  2   6 200, 0.044154 [0.173740/35.906830] [1614/0.013735]
  2   6 250, 0.048025 [0.106298/35.894757] [1664/0.013735]
  2   6 300, 0.056546 [0.158927/35.884470] [1714/0.013735]
  2   6 350, 0.054090 [0.155104/35.873726] [1764/0.013735]
Epoch 6 done. Evaluation:
(49271, 50000)
(8391, 10000)
  2   7  50, 0.034163 [0.163162/35.849027] [1855/0.013735]
  2   7 100, 0.036773 [0.140738/35.834673] [1905/0.013735]
  2   7 150, 0.034796 [0.104361/35.820125] [1955/0.013735]
  2   7 200, 0.051757 [0.152445/35.809527] [2005/0.013735]
  2   7 250, 0.060945 [0.170985/35.801953] [2055/0.013735]
  2   7 300, 0.056570 [0.103938/35.793076] [2105/0.013735]
  2   7 350, 0.065617 [0.136680/35.786684] [2155/0.013735]
Epoch 7 done. Evaluation:
(49146, 50000)
(8444, 10000)
  2   8  50, 0.054445 [0.088274/35.767171] [2246/0.013735]
  2   8 100, 0.049170 [0.188298/35.755536] [2296/0.013735]
  2   8 150, 0.055361 [0.104066/35.745933] [2346/0.013735]
  2   8 200, 0.044023 [0.083270/35.732923] [2396/0.013735]
  2   8 250, 0.051276 [0.134269/35.722140] [2446/0.013735]
  2   8 300, 0.054956 [0.137843/35.712408] [2496/0.013735]
  2   8 350, 0.048256 [0.160898/35.700682] [2546/0.013735]
Epoch 8 done. Evaluation:
(49071, 50000)
(8326, 10000)
  2   9  50, 0.040647 [0.054237/35.683289] [2637/0.013735]
  2   9 100, 0.040955 [0.159986/35.669771] [2687/0.013735]
  2   9 150, 0.037951 [0.185772/35.655948] [2737/0.013735]
  2   9 200, 0.048000 [0.100408/35.643925] [2787/0.013735]
  2   9 250, 0.055768 [0.155111/35.635355] [2837/0.013735]
  2   9 300, 0.060950 [0.121196/35.628102] [2887/0.013735]
  2   9 350, 0.052799 [0.064929/35.617773] [2937/0.013735]
Epoch 9 done. Evaluation:
(49173, 50000)
(8377, 10000)
  2  10  50, 0.032968 [0.108009/35.595262] [3028/0.013735]
  2  10 100, 0.044095 [0.086506/35.582733] [3078/0.013735]
  2  10 150, 0.054130 [0.256593/35.573485] [3128/0.013735]
  2  10 200, 0.068336 [0.185368/35.567845] [3178/0.013735]
  2  10 250, 0.067539 [0.185777/35.560678] [3228/0.013735]
  2  10 300, 0.064696 [0.128803/35.554130] [3278/0.013735]
  2  10 350, 0.069659 [0.126222/35.546628] [3328/0.013735]
Epoch 10 done. Evaluation:
(48989, 50000)
(8170, 10000)
  2  11  50, 0.052507 [0.084676/35.529688] [3419/0.013735]
  2  11 100, 0.052425 [0.051614/35.518423] [3469/0.013735]
  2  11 150, 0.045830 [0.129903/35.506103] [3519/0.013735]
  2  11 200, 0.051320 [0.182604/35.495933] [3569/0.013735]
  2  11 250, 0.047662 [0.088942/35.485818] [3619/0.013735]
  2  11 300, 0.055840 [0.205122/35.477104] [3669/0.013735]
  2  11 350, 0.071658 [0.133765/35.473130] [3719/0.013735]
Epoch 11 done. Evaluation:
(49014, 50000)
(8255, 10000)
  2  12  50, 0.061985 [0.080402/35.460016] [3810/0.013735]
  2  12 100, 0.049779 [0.100002/35.448311] [3860/0.013735]
  2  12 150, 0.041814 [0.143988/35.435148] [3910/0.013735]
  2  12 200, 0.055476 [0.109952/35.427525] [3960/0.013735]
  2  12 250, 0.061681 [0.164037/35.420038] [4010/0.013735]
  2  12 300, 0.066356 [0.140156/35.413605] [4060/0.013735]
  2  12 350, 0.067280 [0.175196/35.406906] [4110/0.013735]
Epoch 12 done. Evaluation:
(48980, 50000)
(8417, 10000)
  2  13  50, 0.066710 [0.160544/35.397313] [4201/0.013735]
  2  13 100, 0.057162 [0.153268/35.388659] [4251/0.013735]
  2  13 150, 0.052969 [0.091988/35.379423] [4301/0.013735]
  2  13 200, 0.061747 [0.207868/35.371934] [4351/0.013735]
  2  13 250, 0.058418 [0.133144/35.363520] [4401/0.013735]
  2  13 300, 0.066538 [0.154620/35.357904] [4451/0.013735]
  2  13 350, 0.083319 [0.107864/35.354951] [4501/0.013735]
Epoch 13 done. Evaluation:
(48822, 50000)
(8371, 10000)
  2  14  50, 0.040937 [0.139484/35.337679] [4592/0.013735]
  2  14 100, 0.053939 [0.192133/35.328071] [4642/0.013735]
  2  14 150, 0.055458 [0.134762/35.318898] [4692/0.013735]
  2  14 200, 0.066269 [0.138602/35.312853] [4742/0.013735]
  2  14 250, 0.061003 [0.113815/35.305713] [4792/0.013735]
  2  14 300, 0.066215 [0.153217/35.300609] [4842/0.013735]
  2  14 350, 0.075699 [0.169586/35.295405] [4892/0.013735]
Epoch 14 done. Evaluation:
(48885, 50000)
(8141, 10000)
  2  15  50, 0.052565 [0.193546/35.284283] [4983/0.013735]
  2  15 100, 0.045594 [0.186030/35.272791] [5033/0.013735]
  2  15 150, 0.053345 [0.129310/35.263462] [5083/0.013735]
  2  15 200, 0.051486 [0.107752/35.253428] [5133/0.013735]
  2  15 250, 0.063636 [0.222326/35.246020] [5183/0.013735]
  2  15 300, 0.047168 [0.071922/35.234726] [5233/0.013735]
  2  15 350, 0.075293 [0.114240/35.230583] [5283/0.013735]
Epoch 15 done. Evaluation:
(49025, 50000)
(8417, 10000)
  2  16  50, 0.047492 [0.173530/35.213217] [5374/0.013735]
  2  16 100, 0.040415 [0.117599/35.199952] [5424/0.013735]
  2  16 150, 0.038202 [0.074229/35.186643] [5474/0.013735]
  2  16 200, 0.039119 [0.041520/35.173374] [5524/0.013735]
  2  16 250, 0.043292 [0.110504/35.161611] [5574/0.013735]
  2  16 300, 0.054236 [0.118562/35.154407] [5624/0.013735]
  2  16 350, 0.065117 [0.215114/35.149594] [5674/0.013735]
Epoch 16 done. Evaluation:
(49199, 50000)
(7948, 10000)
  2  17  50, 0.055916 [0.064947/35.136882] [5765/0.013735]
  2  17 100, 0.047560 [0.101654/35.126603] [5815/0.013735]
  2  17 150, 0.052048 [0.159928/35.117348] [5865/0.013735]
  2  17 200, 0.049994 [0.169552/35.108424] [5915/0.013735]
  2  17 250, 0.055167 [0.165262/35.100814] [5965/0.013735]
  2  17 300, 0.075073 [0.129872/35.098478] [6015/0.013735]
  2  17 350, 0.072778 [0.145949/35.094210] [6065/0.013735]
Epoch 17 done. Evaluation:
(48976, 50000)
(8469, 10000)
  2  18  50, 0.053084 [0.232231/35.080561] [6156/0.013735]
  2  18 100, 0.073364 [0.148151/35.076590] [6206/0.013735]
  2  18 150, 0.074377 [0.112758/35.073672] [6256/0.013735]
  2  18 200, 0.076718 [0.200673/35.072196] [6306/0.013735]
  2  18 250, 0.074146 [0.175605/35.068233] [6356/0.013735]
  2  18 300, 0.059140 [0.165108/35.060812] [6406/0.013735]
  2  18 350, 0.063596 [0.146546/35.055355] [6456/0.013735]
Epoch 18 done. Evaluation:
(48778, 50000)
(8173, 10000)
  2  19  50, 0.067863 [0.113664/35.048315] [6547/0.013735]
  2  19 100, 0.052521 [0.049732/35.038420] [6597/0.013735]
  2  19 150, 0.061743 [0.168710/35.030692] [6647/0.013735]
  2  19 200, 0.056508 [0.093153/35.022664] [6697/0.013735]
  2  19 250, 0.059956 [0.091970/35.014973] [6747/0.013735]
  2  19 300, 0.056225 [0.187025/35.006740] [6797/0.013735]
  2  19 350, 0.072780 [0.235972/35.002084] [6847/0.013735]
Epoch 19 done. Evaluation:
(48937, 50000)
(8294, 10000)
  3   0  50, 0.039516 [0.049283/34.989850] [6938/0.013735]
  3   0 100, 0.027983 [0.082266/34.980197] [6988/0.013735]
  3   0 150, 0.023972 [0.045780/34.970335] [7038/0.013735]
  3   0 200, 0.020369 [0.031292/34.960330] [7088/0.013735]
  3   0 250, 0.014331 [0.009652/34.949987] [7138/0.013735]
  3   0 300, 0.016635 [0.060112/34.939727] [7188/0.013735]
  3   0 350, 0.014123 [0.045337/34.929385] [7238/0.013735]
Epoch 0 done. Evaluation:
(49678, 50000)
(8725, 10000)
  3   1  50, 0.007151 [0.020123/34.910211] [   0/0.007151]
  3   1 100, 0.007619 [0.005680/34.899399] [  50/0.007151]
  3   1 150, 0.008110 [0.011930/34.888722] [ 100/0.007151]
  3   1 200, 0.007322 [0.036474/34.878005] [ 150/0.007151]
  3   1 250, 0.008182 [0.033089/34.867465] [ 200/0.007151]
  3   1 300, 0.007523 [0.013329/34.856900] [ 250/0.007151]
  3   1 350, 0.007824 [0.014369/34.846421] [ 300/0.007151]
Epoch 1 done. Evaluation:
(49930, 50000)
(8746, 10000)
  3   2  50, 0.005777 [0.017813/34.827015] [   0/0.005777]
  3   2 100, 0.004915 [0.014997/34.816350] [   0/0.004915]
  3   2 150, 0.004148 [0.003147/34.805659] [   0/0.004148]
  3   2 200, 0.006160 [0.013076/34.795225] [  50/0.004148]
  3   2 250, 0.007293 [0.021126/34.784966] [ 100/0.004148]
  3   2 300, 0.006117 [0.022335/34.774586] [ 150/0.004148]
  3   2 350, 0.006706 [0.010831/34.764289] [ 200/0.004148]
Epoch 2 done. Evaluation:
(49943, 50000)
(8800, 10000)
  3   3  50, 0.003928 [0.010664/34.745259] [   0/0.003928]
  3   3 100, 0.003712 [0.001894/34.734823] [   0/0.003712]
  3   3 150, 0.003852 [0.009143/34.724408] [  50/0.003712]
  3   3 200, 0.003258 [0.012654/34.713993] [   0/0.003258]
  3   3 250, 0.003117 [0.004076/34.703598] [   0/0.003117]
  3   3 300, 0.003660 [0.009342/34.693280] [  50/0.003117]
  3   3 350, 0.003117 [0.010813/34.682943] [   0/0.003117]
Epoch 3 done. Evaluation:
(49979, 50000)
(8827, 10000)
  3   4  50, 0.002375 [0.004938/34.664150] [   0/0.002375]
  3   4 100, 0.002075 [0.006107/34.653784] [   0/0.002075]
  3   4 150, 0.001682 [0.002465/34.643415] [   0/0.001682]
  3   4 200, 0.002655 [0.006195/34.633216] [  50/0.001682]
  3   4 250, 0.002220 [0.002393/34.622989] [ 100/0.001682]
  3   4 300, 0.001830 [0.009051/34.612747] [ 150/0.001682]
  3   4 350, 0.002861 [0.005093/34.602641] [ 200/0.001682]
Epoch 4 done. Evaluation:
(49995, 50000)
(8807, 10000)
  3   5  50, 0.002283 [0.002765/34.584297] [ 291/0.001682]
  3   5 100, 0.001704 [0.006024/34.574184] [ 341/0.001682]
  3   5 150, 0.001769 [0.012332/34.564116] [ 391/0.001682]
  3   5 200, 0.001925 [0.001848/34.554099] [ 441/0.001682]
  3   5 250, 0.001716 [0.007057/34.544092] [ 491/0.001682]
  3   5 300, 0.001682 [0.001007/34.534115] [ 541/0.001682]
  3   5 350, 0.002108 [0.004546/34.524253] [ 591/0.001682]
Epoch 5 done. Evaluation:
(49996, 50000)
(8834, 10000)
  3   6  50, 0.001358 [0.004384/34.506206] [   0/0.001358]
  3   6 100, 0.001274 [0.001308/34.496300] [   0/0.001274]
  3   6 150, 0.001400 [0.003203/34.486442] [  50/0.001274]
  3   6 200, 0.001376 [0.022888/34.476617] [ 100/0.001274]
  3   6 250, 0.001623 [0.001922/34.466869] [ 150/0.001274]
  3   6 300, 0.001156 [0.001903/34.457074] [   0/0.001156]
  3   6 350, 0.001161 [0.004430/34.447309] [  50/0.001156]
Epoch 6 done. Evaluation:
(49999, 50000)
(8822, 10000)
  3   7  50, 0.001633 [0.004001/34.429759] [ 141/0.001156]
  3   7 100, 0.001458 [0.002912/34.420130] [ 191/0.001156]
  3   7 150, 0.001087 [0.001042/34.410475] [   0/0.001087]
  3   7 200, 0.001398 [0.026232/34.400913] [  50/0.001087]
  3   7 250, 0.001228 [0.001111/34.391339] [ 100/0.001087]
  3   7 300, 0.001175 [0.011545/34.381788] [ 150/0.001087]
  3   7 350, 0.001012 [0.006331/34.372242] [   0/0.001012]
Epoch 7 done. Evaluation:
(49997, 50000)
(8833, 10000)
  3   8  50, 0.001029 [0.004104/34.354952] [  91/0.001012]
  3   8 100, 0.001013 [0.000717/34.345494] [ 141/0.001012]
  3   8 150, 0.001045 [0.004901/34.336072] [ 191/0.001012]
  3   8 200, 0.000893 [0.001020/34.326646] [   0/0.000893]
  3   8 250, 0.001104 [0.001309/34.317291] [  50/0.000893]
  3   8 300, 0.000950 [0.002977/34.307930] [ 100/0.000893]
  3   8 350, 0.000974 [0.005107/34.298610] [ 150/0.000893]
Epoch 8 done. Evaluation:
(50000, 50000)
(8848, 10000)
  3   9  50, 0.000846 [0.002768/34.281690] [   0/0.000846]
  3   9 100, 0.000817 [0.002547/34.272422] [   0/0.000817]
  3   9 150, 0.000719 [0.006022/34.263171] [   0/0.000719]
  3   9 200, 0.000842 [0.002036/34.253960] [  50/0.000719]
  3   9 250, 0.000813 [0.001915/34.244776] [ 100/0.000719]
  3   9 300, 0.000799 [0.000621/34.235613] [ 150/0.000719]
  3   9 350, 0.000971 [0.001807/34.226526] [ 200/0.000719]
Epoch 9 done. Evaluation:
(50000, 50000)
(8869, 10000)
  3  10  50, 0.000965 [0.001861/34.210040] [ 291/0.000719]
  3  10 100, 0.000753 [0.001649/34.200974] [ 341/0.000719]
  3  10 150, 0.000866 [0.001833/34.191950] [ 391/0.000719]
  3  10 200, 0.000857 [0.016502/34.182959] [ 441/0.000719]
  3  10 250, 0.000856 [0.002395/34.173989] [ 491/0.000719]
  3  10 300, 0.000864 [0.000857/34.165045] [ 541/0.000719]
  3  10 350, 0.000976 [0.004876/34.156143] [ 591/0.000719]
Epoch 10 done. Evaluation:
(50000, 50000)
(8856, 10000)
  3  11  50, 0.000698 [0.000947/34.139945] [   0/0.000698]
  3  11 100, 0.000847 [0.001763/34.131098] [  50/0.000698]
  3  11 150, 0.000677 [0.000899/34.122244] [   0/0.000677]
  3  11 200, 0.000767 [0.001187/34.113423] [  50/0.000677]
  3  11 250, 0.000734 [0.008579/34.104624] [ 100/0.000677]
  3  11 300, 0.000626 [0.004070/34.095834] [   0/0.000626]
  3  11 350, 0.000666 [0.001119/34.087074] [  50/0.000626]
Epoch 11 done. Evaluation:
(50000, 50000)
(8855, 10000)
  3  12  50, 0.000616 [0.001133/34.071190] [   0/0.000616]
  3  12 100, 0.000787 [0.012176/34.062548] [  50/0.000616]
  3  12 150, 0.000890 [0.010586/34.053922] [ 100/0.000616]
  3  12 200, 0.000863 [0.002955/34.045312] [ 150/0.000616]
  3  12 250, 0.000715 [0.001445/34.036705] [ 200/0.000616]
  3  12 300, 0.000734 [0.002066/34.028119] [ 250/0.000616]
  3  12 350, 0.000704 [0.002056/34.019551] [ 300/0.000616]
Epoch 12 done. Evaluation:
(50000, 50000)
(8845, 10000)
  3  13  50, 0.000780 [0.001530/34.004035] [ 391/0.000616]
  3  13 100, 0.000623 [0.001427/33.995516] [ 441/0.000616]
  3  13 150, 0.000585 [0.003405/33.987011] [   0/0.000585]
  3  13 200, 0.000589 [0.008294/33.978531] [  50/0.000585]
  3  13 250, 0.000572 [0.001837/33.970071] [   0/0.000572]
  3  13 300, 0.000587 [0.001927/33.961637] [  50/0.000572]
  3  13 350, 0.000510 [0.002941/33.953211] [   0/0.000510]
Epoch 13 done. Evaluation:
(50000, 50000)
(8851, 10000)
  3  14  50, 0.000495 [0.000723/33.937935] [   0/0.000495]
  3  14 100, 0.000877 [0.002046/33.929665] [  50/0.000495]
  3  14 150, 0.000667 [0.009538/33.921351] [ 100/0.000495]
  3  14 200, 0.000725 [0.002708/33.913072] [ 150/0.000495]
  3  14 250, 0.000608 [0.002065/33.904791] [ 200/0.000495]
  3  14 300, 0.000661 [0.001782/33.896548] [ 250/0.000495]
  3  14 350, 0.000665 [0.001081/33.888320] [ 300/0.000495]
Epoch 14 done. Evaluation:
(49999, 50000)
(8807, 10000)
  3  15  50, 0.000787 [0.001423/33.873529] [ 391/0.000495]
  3  15 100, 0.000813 [0.000971/33.865383] [ 441/0.000495]
  3  15 150, 0.000778 [0.001207/33.857252] [ 491/0.000495]
  3  15 200, 0.000638 [0.002042/33.849117] [ 541/0.000495]
  3  15 250, 0.000621 [0.001738/33.840991] [ 591/0.000495]
  3  15 300, 0.000580 [0.000678/33.832885] [ 641/0.000495]
  3  15 350, 0.000498 [0.000939/33.824784] [ 691/0.000495]
Epoch 15 done. Evaluation:
(50000, 50000)
(8818, 10000)
  3  16  50, 0.000504 [0.003134/33.810154] [ 782/0.000495]
  3  16 100, 0.000533 [0.001258/33.802117] [ 832/0.000495]
  3  16 150, 0.000569 [0.004376/33.794107] [ 882/0.000495]
  3  16 200, 0.000521 [0.003167/33.786104] [ 932/0.000495]
  3  16 250, 0.000527 [0.002209/33.778125] [ 982/0.000495]
  3  16 300, 0.000559 [0.001235/33.770171] [1032/0.000495]
  3  16 350, 0.000518 [0.002116/33.762228] [1082/0.000495]
Epoch 16 done. Evaluation:
(50000, 50000)
(8852, 10000)
  3  17  50, 0.000442 [0.001056/33.747811] [   0/0.000442]
  3  17 100, 0.000428 [0.001444/33.739906] [   0/0.000428]
  3  17 150, 0.000403 [0.000725/33.732016] [   0/0.000403]
  3  17 200, 0.000451 [0.002221/33.724151] [  50/0.000403]
  3  17 250, 0.000371 [0.000880/33.716293] [   0/0.000371]
  3  17 300, 0.000503 [0.003008/33.708479] [  50/0.000371]
  3  17 350, 0.000515 [0.002066/33.700688] [ 100/0.000371]
Epoch 17 done. Evaluation:
(50000, 50000)
(8831, 10000)
  3  18  50, 0.000428 [0.000799/33.686542] [ 191/0.000371]
  3  18 100, 0.043799 [0.965027/33.697760] [ 241/0.000371]
  3  18 150, 1.921748 [0.191162/33.734480] [ 291/0.000371]
  3  18 200, 0.528434 [0.165016/33.746643] [ 341/0.000371]
  3  18 250, 0.336174 [0.145255/33.758057] [ 391/0.000371]
  3  18 300, 0.220915 [0.115815/33.765034] [ 441/0.000371]
  3  18 350, 0.151012 [0.140915/33.768513] [ 491/0.000371]
Epoch 18 done. Evaluation:
(43308, 50000)
(7791, 10000)
  3  19  50, 0.095117 [0.093982/33.773490] [ 582/0.000371]
  3  19 100, 0.093716 [0.102410/33.773847] [ 632/0.000371]
  3  19 150, 0.092357 [0.122243/33.774490] [ 682/0.000371]
  3  19 200, 0.077990 [0.128094/33.774045] [ 732/0.000371]
  3  19 250, 0.093267 [0.093988/33.774787] [ 782/0.000371]
  3  19 300, 0.071128 [0.069107/33.773010] [ 832/0.000371]
  3  19 350, 0.065599 [0.081727/33.771551] [ 882/0.000371]
Epoch 19 done. Evaluation:
(48585, 50000)
(8267, 10000)
  4   0  50, 0.035047 [0.020377/33.767529] [ 973/0.000371]
  4   0 100, 0.027923 [0.007252/33.763986] [1023/0.000371]
  4   0 150, 0.023537 [0.023763/33.760396] [1073/0.000371]
  4   0 200, 0.022418 [0.015954/33.756693] [1123/0.000371]
  4   0 250, 0.018769 [0.025686/33.752906] [1173/0.000371]
  4   0 300, 0.020791 [0.014440/33.749252] [1223/0.000371]
  4   0 350, 0.017449 [0.024957/33.745465] [1273/0.000371]
Epoch 0 done. Evaluation:
(49666, 50000)
(8674, 10000)
  4   1  50, 0.011247 [0.006604/33.738437] [1364/0.000371]
  4   1 100, 0.012855 [0.008385/33.734482] [1414/0.000371]
  4   1 150, 0.011829 [0.026417/33.730521] [1464/0.000371]
  4   1 200, 0.012231 [0.008562/33.726594] [1514/0.000371]
  4   1 250, 0.012159 [0.004004/33.722687] [1564/0.000371]
  4   1 300, 0.009136 [0.011154/33.718681] [1614/0.000371]
  4   1 350, 0.012806 [0.013141/33.714752] [1664/0.000371]
Epoch 1 done. Evaluation:
(49854, 50000)
(8713, 10000)
  4   2  50, 0.006367 [0.005049/33.707508] [1755/0.000371]
  4   2 100, 0.006141 [0.004625/33.703425] [1805/0.000371]
  4   2 150, 0.007074 [0.002597/33.699364] [1855/0.000371]
  4   2 200, 0.005375 [0.030828/33.695247] [1905/0.000371]
  4   2 250, 0.005589 [0.002598/33.691152] [1955/0.000371]
  4   2 300, 0.007233 [0.016072/33.687132] [2005/0.000371]
  4   2 350, 0.006410 [0.003005/33.683110] [2055/0.000371]
Epoch 2 done. Evaluation:
(49951, 50000)
(8743, 10000)
  4   3  50, 0.005584 [0.004548/33.675738] [2146/0.000371]
  4   3 100, 0.004425 [0.003288/33.671593] [2196/0.000371]
  4   3 150, 0.004059 [0.018822/33.667474] [2246/0.000371]
  4   3 200, 0.004018 [0.001426/33.663368] [2296/0.000371]
  4   3 250, 0.004682 [0.004739/33.659295] [2346/0.000371]
  4   3 300, 0.003703 [0.007670/33.655185] [2396/0.000371]
  4   3 350, 0.004488 [0.010960/33.651115] [2446/0.000371]
Epoch 3 done. Evaluation:
(49970, 50000)
(8776, 10000)
  4   4  50, 0.003230 [0.003409/33.643687] [2537/0.000371]
  4   4 100, 0.002823 [0.003210/33.639571] [2587/0.000371]
  4   4 150, 0.003689 [0.001072/33.635501] [2637/0.000371]
  4   4 200, 0.003257 [0.005344/33.631410] [2687/0.000371]
  4   4 250, 0.002728 [0.002137/33.627301] [2737/0.000371]
  4   4 300, 0.002370 [0.001892/33.623187] [2787/0.000371]
  4   4 350, 0.003148 [0.001069/33.619115] [2837/0.000371]
Epoch 4 done. Evaluation:
(49990, 50000)
(8785, 10000)
  4   5  50, 0.002362 [0.003261/33.611665] [2928/0.000371]
  4   5 100, 0.002315 [0.001008/33.607568] [2978/0.000371]
  4   5 150, 0.002341 [0.001911/33.603481] [3028/0.000371]
  4   5 200, 0.002560 [0.001470/33.599411] [3078/0.000371]
  4   5 250, 0.002829 [0.017165/33.595363] [3128/0.000371]
  4   5 300, 0.002926 [0.000958/33.591348] [3178/0.000371]
  4   5 350, 0.002557 [0.001844/33.587306] [3228/0.000371]
Epoch 5 done. Evaluation:
(49992, 50000)
(8783, 10000)
  4   6  50, 0.001977 [0.002223/33.579928] [3319/0.000371]
  4   6 100, 0.001782 [0.002036/33.575865] [3369/0.000371]
  4   6 150, 0.001790 [0.011039/33.571807] [3419/0.000371]
  4   6 200, 0.001560 [0.002863/33.567743] [3469/0.000371]
  4   6 250, 0.002072 [0.002267/33.563713] [3519/0.000371]
  4   6 300, 0.001966 [0.001817/33.559692] [3569/0.000371]
  4   6 350, 0.001681 [0.001082/33.555659] [3619/0.000371]
Epoch 6 done. Evaluation:
(50000, 50000)
(8792, 10000)
  4   7  50, 0.001470 [0.001043/33.548330] [3710/0.000371]
  4   7 100, 0.001758 [0.001104/33.544319] [3760/0.000371]
  4   7 150, 0.001822 [0.001237/33.540326] [3810/0.000371]
  4   7 200, 0.001687 [0.001560/33.536326] [3860/0.000371]
  4   7 250, 0.001534 [0.006598/33.532326] [3910/0.000371]
  4   7 300, 0.001691 [0.002543/33.528336] [3960/0.000371]
  4   7 350, 0.001432 [0.001731/33.524343] [4010/0.000371]
Epoch 7 done. Evaluation:
(49999, 50000)
(8783, 10000)
  4   8  50, 0.001476 [0.002088/33.517091] [4101/0.000371]
  4   8 100, 0.001311 [0.001135/33.513108] [4151/0.000371]
  4   8 150, 0.001448 [0.001497/33.509137] [4201/0.000371]
  4   8 200, 0.001389 [0.000906/33.505173] [4251/0.000371]
  4   8 250, 0.001551 [0.000599/33.501225] [4301/0.000371]
  4   8 300, 0.001375 [0.000552/33.497269] [4351/0.000371]
  4   8 350, 0.001581 [0.001873/33.493335] [4401/0.000371]
Epoch 8 done. Evaluation:
(49998, 50000)
(8802, 10000)
  4   9  50, 0.001308 [0.001260/33.486184] [4492/0.000371]
  4   9 100, 0.001286 [0.000682/33.482248] [4542/0.000371]
  4   9 150, 0.001269 [0.001747/33.478321] [4592/0.000371]
  4   9 200, 0.001138 [0.001513/33.474392] [4642/0.000371]
  4   9 250, 0.001016 [0.004065/33.470458] [4692/0.000371]
  4   9 300, 0.001082 [0.002048/33.466537] [4742/0.000371]
  4   9 350, 0.001407 [0.002261/33.462644] [4792/0.000371]
Epoch 9 done. Evaluation:
(50000, 50000)
(8782, 10000)
  4  10  50, 0.001274 [0.001105/33.455553] [4883/0.000371]
  4  10 100, 0.001060 [0.001664/33.451654] [4933/0.000371]
  4  10 150, 0.001055 [0.001827/33.447759] [4983/0.000371]
  4  10 200, 0.001084 [0.000672/33.443877] [5033/0.000371]
  4  10 250, 0.001093 [0.001092/33.439999] [5083/0.000371]
  4  10 300, 0.001116 [0.001845/33.436128] [5133/0.000371]
  4  10 350, 0.001063 [0.001557/33.432260] [5183/0.000371]
Epoch 10 done. Evaluation:
(50000, 50000)
(8783, 10000)
  4  11  50, 0.000981 [0.003945/33.425235] [5274/0.000371]
  4  11 100, 0.000931 [0.001654/33.421376] [5324/0.000371]
  4  11 150, 0.001087 [0.002425/33.417534] [5374/0.000371]
  4  11 200, 0.000899 [0.000907/33.413684] [5424/0.000371]
  4  11 250, 0.001048 [0.001499/33.409854] [5474/0.000371]
  4  11 300, 0.001176 [0.003863/33.406032] [5524/0.000371]
  4  11 350, 0.001054 [0.000628/33.402212] [5574/0.000371]
Epoch 11 done. Evaluation:
(50000, 50000)
(8798, 10000)
  4  12  50, 0.000924 [0.000826/33.395256] [5665/0.000371]
  4  12 100, 0.000937 [0.001932/33.391440] [5715/0.000371]
  4  12 150, 0.000873 [0.000708/33.387629] [5765/0.000371]
  4  12 200, 0.000792 [0.000723/33.383820] [5815/0.000371]
  4  12 250, 0.000923 [0.001464/33.380023] [5865/0.000371]
  4  12 300, 0.000871 [0.002369/33.376227] [5915/0.000371]
  4  12 350, 0.000909 [0.000975/33.372441] [5965/0.000371]
Epoch 12 done. Evaluation:
(50000, 50000)
(8786, 10000)
  4  13  50, 0.000806 [0.003298/33.365554] [6056/0.000371]
  4  13 100, 0.000800 [0.000633/33.361777] [6106/0.000371]
  4  13 150, 0.000793 [0.001891/33.358003] [6156/0.000371]
  4  13 200, 0.000778 [0.001749/33.354234] [6206/0.000371]
  4  13 250, 0.000862 [0.001039/33.350479] [6256/0.000371]
  4  13 300, 0.000870 [0.002249/33.346729] [6306/0.000371]
  4  13 350, 0.000934 [0.003754/33.342989] [6356/0.000371]
Epoch 13 done. Evaluation:
(50000, 50000)
(8783, 10000)
  4  14  50, 0.000798 [0.000670/33.336181] [6447/0.000371]
  4  14 100, 0.000810 [0.002315/33.332447] [6497/0.000371]
  4  14 150, 0.000765 [0.000923/33.328715] [6547/0.000371]
  4  14 200, 0.000858 [0.000548/33.324994] [6597/0.000371]
  4  14 250, 0.000808 [0.002531/33.321278] [6647/0.000371]
  4  14 300, 0.000789 [0.000461/33.317565] [6697/0.000371]
  4  14 350, 0.000903 [0.001272/33.313865] [6747/0.000371]
Epoch 14 done. Evaluation:
(50000, 50000)
(8787, 10000)
  4  15  50, 0.000781 [0.009342/33.307129] [6838/0.000371]
  4  15 100, 0.000886 [0.001405/33.303446] [6888/0.000371]
  4  15 150, 0.000733 [0.000623/33.299752] [6938/0.000371]
  4  15 200, 0.000709 [0.002281/33.296064] [6988/0.000371]
  4  15 250, 0.000726 [0.000685/33.292382] [7038/0.000371]
  4  15 300, 0.000755 [0.002757/33.288709] [7088/0.000371]
  4  15 350, 0.000665 [0.002694/33.285033] [7138/0.000371]
Epoch 15 done. Evaluation:
(50000, 50000)
(8792, 10000)
  4  16  50, 0.000727 [0.000546/33.278357] [7229/0.000371]
  4  16 100, 0.000628 [0.003360/33.274691] [7279/0.000371]
  4  16 150, 0.000642 [0.000614/33.271034] [7329/0.000371]
  4  16 200, 0.000734 [0.001292/33.267386] [7379/0.000371]
  4  16 250, 0.000665 [0.000701/33.263740] [7429/0.000371]
  4  16 300, 0.000633 [0.001158/33.260095] [7479/0.000371]
  4  16 350, 0.000634 [0.001044/33.256458] [7529/0.000371]
Epoch 16 done. Evaluation:
(50000, 50000)
(8801, 10000)
  4  17  50, 0.000657 [0.002295/33.249852] [7620/0.000371]
  4  17 100, 0.000780 [0.001561/33.246238] [7670/0.000371]
  4  17 150, 0.000700 [0.000426/33.242625] [7720/0.000371]
  4  17 200, 0.000702 [0.000494/33.239014] [7770/0.000371]
  4  17 250, 0.000630 [0.000977/33.235405] [7820/0.000371]
  4  17 300, 0.000692 [0.002638/33.231804] [7870/0.000371]
  4  17 350, 0.000657 [0.001145/33.228208] [7920/0.000371]
Epoch 17 done. Evaluation:
(50000, 50000)
(8790, 10000)
  4  18  50, 0.000577 [0.000913/33.221659] [8011/0.000371]
  4  18 100, 0.000607 [0.001033/33.218072] [8061/0.000371]
  4  18 150, 0.000606 [0.001158/33.214487] [8111/0.000371]
  4  18 200, 0.000561 [0.011120/33.210905] [8161/0.000371]
  4  18 250, 0.000626 [0.000673/33.207333] [8211/0.000371]
  4  18 300, 0.000624 [0.001726/33.203766] [8261/0.000371]
  4  18 350, 0.000560 [0.000807/33.200198] [8311/0.000371]
Epoch 18 done. Evaluation:
(50000, 50000)
(8794, 10000)
  4  19  50, 0.000588 [0.001592/33.193726] [8402/0.000371]
  4  19 100, 0.000635 [0.000603/33.190178] [8452/0.000371]
  4  19 150, 0.000594 [0.001204/33.186631] [8502/0.000371]
  4  19 200, 0.000599 [0.003139/33.183088] [8552/0.000371]
  4  19 250, 0.000667 [0.000704/33.179557] [8602/0.000371]
  4  19 300, 0.000604 [0.001141/33.176022] [8652/0.000371]
  4  19 350, 0.000552 [0.001976/33.172492] [8702/0.000371]
Epoch 19 done. Evaluation:
(50000, 50000)
(8798, 10000)
  5   0  50, 0.000536 [0.000295/33.167834] [8793/0.000371]
  5   0 100, 0.000556 [0.000378/33.166071] [8843/0.000371]
  5   0 150, 0.000540 [0.000480/33.164310] [8893/0.000371]
  5   0 200, 0.000518 [0.000278/33.162551] [8943/0.000371]
  5   0 250, 0.000485 [0.000520/33.160790] [8993/0.000371]
  5   0 300, 0.000616 [0.000245/33.159035] [9043/0.000371]
  5   0 350, 0.000556 [0.000326/33.157281] [9093/0.000371]
Epoch 0 done. Evaluation:
(50000, 50000)
(8800, 10000)
  5   1  50, 0.000513 [0.000282/33.154086] [9184/0.000371]
  5   1 100, 0.000525 [0.001013/33.152333] [9234/0.000371]
  5   1 150, 0.000528 [0.000367/33.150582] [9284/0.000371]
  5   1 200, 0.000542 [0.000709/33.148831] [9334/0.000371]
  5   1 250, 0.000494 [0.000219/33.147080] [9384/0.000371]
  5   1 300, 0.000476 [0.000514/33.145326] [9434/0.000371]
  5   1 350, 0.000564 [0.000576/33.143580] [9484/0.000371]
Epoch 1 done. Evaluation:
(50000, 50000)
(8812, 10000)
  5   2  50, 0.000554 [0.000214/33.140405] [9575/0.000371]
  5   2 100, 0.000502 [0.000261/33.138659] [9625/0.000371]
  5   2 150, 0.000518 [0.000552/33.136914] [9675/0.000371]
  5   2 200, 0.000524 [0.000217/33.135172] [9725/0.000371]
  5   2 250, 0.000573 [0.000531/33.133433] [9775/0.000371]
  5   2 300, 0.000527 [0.000217/33.131692] [9825/0.000371]
  5   2 350, 0.000554 [0.000361/33.129952] [9875/0.000371]
Epoch 2 done. Evaluation:
(50000, 50000)
(8816, 10000)
  5   3  50, 0.000507 [0.000218/33.126792] [9966/0.000371]
  5   3 100, 0.000571 [0.000272/33.125057] [10016/0.000371]
  5   3 150, 0.000536 [0.000436/33.123323] [10066/0.000371]
  5   3 200, 0.000527 [0.000217/33.121591] [10116/0.000371]
  5   3 250, 0.000582 [0.001514/33.119859] [10166/0.000371]
  5   3 300, 0.000573 [0.003411/33.118129] [10216/0.000371]
  5   3 350, 0.000498 [0.000509/33.116398] [10266/0.000371]
Epoch 3 done. Evaluation:
(50000, 50000)
(8797, 10000)
  5   4  50, 0.000574 [0.000278/33.113250] [10357/0.000371]
  5   4 100, 0.000506 [0.000979/33.111522] [10407/0.000371]
  5   4 150, 0.000541 [0.000365/33.109795] [10457/0.000371]
  5   4 200, 0.000484 [0.000439/33.108068] [10507/0.000371]
  5   4 250, 0.000540 [0.000459/33.106344] [10557/0.000371]
  5   4 300, 0.000527 [0.000441/33.104623] [10607/0.000371]
  5   4 350, 0.000501 [0.000311/33.102899] [10657/0.000371]
Epoch 4 done. Evaluation:
(50000, 50000)
(8803, 10000)
  5   5  50, 0.000503 [0.000223/33.099767] [10748/0.000371]
  5   5 100, 0.000505 [0.000925/33.098049] [10798/0.000371]
  5   5 150, 0.000540 [0.000246/33.096333] [10848/0.000371]
  5   5 200, 0.000480 [0.000249/33.094612] [10898/0.000371]
  5   5 250, 0.000459 [0.000348/33.092893] [10948/0.000371]
  5   5 300, 0.000517 [0.000719/33.091179] [10998/0.000371]
  5   5 350, 0.000520 [0.000222/33.089465] [11048/0.000371]
Epoch 5 done. Evaluation:
(50000, 50000)
(8793, 10000)
  5   6  50, 0.000491 [0.000178/33.086346] [11139/0.000371]
  5   6 100, 0.000520 [0.000634/33.084635] [11189/0.000371]
  5   6 150, 0.000551 [0.000352/33.082927] [11239/0.000371]
  5   6 200, 0.000461 [0.000259/33.081215] [11289/0.000371]
  5   6 250, 0.000444 [0.000310/33.079505] [11339/0.000371]
  5   6 300, 0.000482 [0.000261/33.077795] [11389/0.000371]
  5   6 350, 0.000584 [0.004201/33.076090] [11439/0.000371]
Epoch 6 done. Evaluation:
(50000, 50000)
(8796, 10000)
  5   7  50, 0.000427 [0.000232/33.072988] [11530/0.000371]
  5   7 100, 0.000514 [0.000325/33.071283] [11580/0.000371]
  5   7 150, 0.000516 [0.000411/33.069581] [11630/0.000371]
  5   7 200, 0.000526 [0.000238/33.067881] [11680/0.000371]
  5   7 250, 0.000534 [0.000297/33.066183] [11730/0.000371]
  5   7 300, 0.000482 [0.000478/33.064484] [11780/0.000371]
  5   7 350, 0.000452 [0.000228/33.062783] [11830/0.000371]
Epoch 7 done. Evaluation:
(50000, 50000)
(8795, 10000)
  5   8  50, 0.000446 [0.000667/33.059692] [11921/0.000371]
  5   8 100, 0.000518 [0.000237/33.057997] [11971/0.000371]
  5   8 150, 0.000450 [0.000604/33.056302] [12021/0.000371]
  5   8 200, 0.000523 [0.000391/33.054608] [12071/0.000371]
  5   8 250, 0.000492 [0.001313/33.052914] [12121/0.000371]
  5   8 300, 0.000495 [0.001336/33.051224] [12171/0.000371]
  5   8 350, 0.000452 [0.001761/33.049532] [12221/0.000371]
Epoch 8 done. Evaluation:
(50000, 50000)
(8805, 10000)
  5   9  50, 0.000473 [0.000395/33.046453] [12312/0.000371]
  5   9 100, 0.000426 [0.000318/33.044763] [12362/0.000371]
  5   9 150, 0.000459 [0.000456/33.043075] [12412/0.000371]
  5   9 200, 0.000404 [0.000276/33.041383] [12462/0.000371]
  5   9 250, 0.000438 [0.001430/33.039698] [12512/0.000371]
  5   9 300, 0.000404 [0.000773/33.038011] [12562/0.000371]
  5   9 350, 0.000478 [0.000540/33.036328] [12612/0.000371]
Epoch 9 done. Evaluation:
(50000, 50000)
(8799, 10000)
  5  10  50, 0.000495 [0.001060/33.033267] [12703/0.000371]
  5  10 100, 0.000508 [0.001020/33.031588] [12753/0.000371]
  5  10 150, 0.000452 [0.000417/33.029909] [12803/0.000371]
  5  10 200, 0.000468 [0.000315/33.028230] [12853/0.000371]
  5  10 250, 0.000426 [0.001103/33.026548] [12903/0.000371]
  5  10 300, 0.000462 [0.002004/33.024871] [12953/0.000371]
  5  10 350, 0.000443 [0.000499/33.023194] [13003/0.000371]
Epoch 10 done. Evaluation:
(50000, 50000)
(8800, 10000)
  5  11  50, 0.000437 [0.000305/33.020144] [13094/0.000371]
  5  11 100, 0.000442 [0.000396/33.018470] [13144/0.000371]
  5  11 150, 0.000444 [0.000514/33.016797] [13194/0.000371]
  5  11 200, 0.000399 [0.000442/33.015123] [13244/0.000371]
  5  11 250, 0.000479 [0.000663/33.013454] [13294/0.000371]
  5  11 300, 0.000424 [0.000495/33.011785] [13344/0.000371]
  5  11 350, 0.000428 [0.000582/33.010115] [13394/0.000371]
Epoch 11 done. Evaluation:
(50000, 50000)
(8812, 10000)
  5  12  50, 0.000462 [0.001489/33.007079] [13485/0.000371]
  5  12 100, 0.000429 [0.000211/33.005413] [13535/0.000371]
  5  12 150, 0.000413 [0.000791/33.003745] [13585/0.000371]
  5  12 200, 0.000439 [0.000274/33.002080] [13635/0.000371]
  5  12 250, 0.000379 [0.000280/33.000413] [13685/0.000371]
  5  12 300, 0.000412 [0.000162/32.998750] [13735/0.000371]
  5  12 350, 0.000378 [0.001376/32.997085] [13785/0.000371]
Epoch 12 done. Evaluation:
(50000, 50000)
(8811, 10000)
  5  13  50, 0.000445 [0.000586/32.994061] [13876/0.000371]
  5  13 100, 0.000388 [0.000223/32.992401] [13926/0.000371]
  5  13 150, 0.000394 [0.000297/32.990743] [13976/0.000371]
  5  13 200, 0.000391 [0.000263/32.989083] [14026/0.000371]
  5  13 250, 0.000442 [0.000283/32.987425] [14076/0.000371]
  5  13 300, 0.000427 [0.000395/32.985770] [14126/0.000371]
  5  13 350, 0.000434 [0.000704/32.984116] [14176/0.000371]
Epoch 13 done. Evaluation:
(50000, 50000)
(8803, 10000)
  5  14  50, 0.000446 [0.000410/32.981108] [14267/0.000371]
  5  14 100, 0.000414 [0.000215/32.979456] [14317/0.000371]
  5  14 150, 0.000446 [0.008012/32.977806] [14367/0.000371]
  5  14 200, 0.000499 [0.000190/32.976158] [14417/0.000371]
  5  14 250, 0.000452 [0.000287/32.974509] [14467/0.000371]
  5  14 300, 0.000389 [0.000273/32.972861] [14517/0.000371]
  5  14 350, 0.000455 [0.000372/32.971215] [14567/0.000371]
Epoch 14 done. Evaluation:
(50000, 50000)
(8799, 10000)
  5  15  50, 0.000414 [0.000538/32.968217] [14658/0.000371]
  5  15 100, 0.000443 [0.000209/32.966573] [14708/0.000371]
  5  15 150, 0.000411 [0.000309/32.964930] [14758/0.000371]
  5  15 200, 0.000380 [0.000684/32.963287] [14808/0.000371]
  5  15 250, 0.000445 [0.000272/32.961645] [14858/0.000371]
  5  15 300, 0.000367 [0.000250/32.960001] [   0/0.000367]
  5  15 350, 0.000525 [0.001200/32.958367] [  50/0.000367]
Epoch 15 done. Evaluation:
(50000, 50000)
(8803, 10000)
  5  16  50, 0.000397 [0.000307/32.955383] [ 141/0.000367]
  5  16 100, 0.000432 [0.000331/32.953748] [ 191/0.000367]
  5  16 150, 0.000418 [0.000412/32.952112] [ 241/0.000367]
  5  16 200, 0.000401 [0.000301/32.950476] [ 291/0.000367]
  5  16 250, 0.000426 [0.000597/32.948841] [ 341/0.000367]
  5  16 300, 0.000435 [0.000388/32.947209] [ 391/0.000367]
  5  16 350, 0.000374 [0.000350/32.945575] [ 441/0.000367]
Epoch 16 done. Evaluation:
(50000, 50000)
(8804, 10000)
  5  17  50, 0.000385 [0.000276/32.942605] [ 532/0.000367]
  5  17 100, 0.000390 [0.000285/32.940973] [ 582/0.000367]
  5  17 150, 0.000399 [0.000409/32.939344] [ 632/0.000367]
  5  17 200, 0.000467 [0.000223/32.937718] [ 682/0.000367]
  5  17 250, 0.000378 [0.000510/32.936088] [ 732/0.000367]
  5  17 300, 0.000399 [0.000808/32.934463] [ 782/0.000367]
  5  17 350, 0.000425 [0.000339/32.932838] [ 832/0.000367]
Epoch 17 done. Evaluation:
(50000, 50000)
(8817, 10000)
  5  18  50, 0.000371 [0.000350/32.929878] [ 923/0.000367]
  5  18 100, 0.000374 [0.000403/32.928254] [ 973/0.000367]
  5  18 150, 0.000375 [0.001252/32.926631] [1023/0.000367]
  5  18 200, 0.000385 [0.000203/32.925008] [1073/0.000367]
  5  18 250, 0.000381 [0.000356/32.923386] [1123/0.000367]
  5  18 300, 0.000417 [0.000273/32.921767] [1173/0.000367]
  5  18 350, 0.000465 [0.000213/32.920151] [1223/0.000367]
Epoch 18 done. Evaluation:
(50000, 50000)
(8805, 10000)
  5  19  50, 0.000406 [0.000249/32.917205] [1314/0.000367]
  5  19 100, 0.000410 [0.000529/32.915589] [1364/0.000367]
  5  19 150, 0.000395 [0.000412/32.913974] [1414/0.000367]
  5  19 200, 0.000364 [0.000287/32.912358] [   0/0.000364]
  5  19 250, 0.000395 [0.000433/32.910743] [  50/0.000364]
  5  19 300, 0.000400 [0.000513/32.909132] [ 100/0.000364]
  5  19 350, 0.000381 [0.000248/32.907519] [ 150/0.000364]
Epoch 19 done. Evaluation:
(50000, 50000)
(8804, 10000)
  6   0  50, 0.000384 [0.000407/32.905397] [ 241/0.000364]
  6   0 100, 0.000405 [0.000228/32.904595] [ 291/0.000364]
  6   0 150, 0.000366 [0.000222/32.903794] [ 341/0.000364]
  6   0 200, 0.000337 [0.000131/32.902991] [   0/0.000337]
  6   0 250, 0.000411 [0.000469/32.902193] [  50/0.000337]
  6   0 300, 0.000347 [0.000347/32.901392] [ 100/0.000337]
  6   0 350, 0.000374 [0.000144/32.900592] [ 150/0.000337]
Epoch 0 done. Evaluation:
(50000, 50000)
(8799, 10000)
  6   1  50, 0.000396 [0.000192/32.899137] [ 241/0.000337]
  6   1 100, 0.000366 [0.000173/32.898337] [ 291/0.000337]
  6   1 150, 0.000364 [0.000329/32.897538] [ 341/0.000337]
  6   1 200, 0.000386 [0.000261/32.896740] [ 391/0.000337]
  6   1 250, 0.000330 [0.000211/32.895941] [   0/0.000330]
  6   1 300, 0.000425 [0.000152/32.895144] [  50/0.000330]
  6   1 350, 0.000401 [0.000240/32.894345] [ 100/0.000330]
Epoch 1 done. Evaluation:
(50000, 50000)
(8811, 10000)
  6   2  50, 0.000392 [0.000200/32.892892] [ 191/0.000330]
  6   2 100, 0.000415 [0.000196/32.892096] [ 241/0.000330]
  6   2 150, 0.000359 [0.000184/32.891297] [ 291/0.000330]
  6   2 200, 0.000320 [0.000153/32.890501] [   0/0.000320]
  6   2 250, 0.000364 [0.000125/32.889705] [  50/0.000320]
  6   2 300, 0.000389 [0.000153/32.888907] [ 100/0.000320]
  6   2 350, 0.000404 [0.000153/32.888113] [ 150/0.000320]
Epoch 2 done. Evaluation:
(50000, 50000)
(8816, 10000)
  6   3  50, 0.000382 [0.000202/32.886662] [ 241/0.000320]
  6   3 100, 0.000340 [0.000138/32.885867] [ 291/0.000320]
  6   3 150, 0.000315 [0.000227/32.885071] [   0/0.000315]
  6   3 200, 0.000351 [0.000212/32.884277] [  50/0.000315]
  6   3 250, 0.000388 [0.000288/32.883482] [ 100/0.000315]
  6   3 300, 0.000360 [0.000163/32.882687] [ 150/0.000315]
  6   3 350, 0.000342 [0.000160/32.881891] [ 200/0.000315]
Epoch 3 done. Evaluation:
(50000, 50000)
(8798, 10000)
  6   4  50, 0.000373 [0.000139/32.880445] [ 291/0.000315]
  6   4 100, 0.000335 [0.000134/32.879654] [ 341/0.000315]
  6   4 150, 0.000359 [0.000246/32.878858] [ 391/0.000315]
  6   4 200, 0.000331 [0.000115/32.878065] [ 441/0.000315]
  6   4 250, 0.000364 [0.000171/32.877270] [ 491/0.000315]
  6   4 300, 0.000395 [0.000258/32.876479] [ 541/0.000315]
  6   4 350, 0.000389 [0.000198/32.875688] [ 591/0.000315]
Epoch 4 done. Evaluation:
(50000, 50000)
(8799, 10000)
  6   5  50, 0.000371 [0.000160/32.874245] [ 682/0.000315]
  6   5 100, 0.000358 [0.001061/32.873454] [ 732/0.000315]
  6   5 150, 0.000376 [0.000349/32.872659] [ 782/0.000315]
  6   5 200, 0.000422 [0.000152/32.871870] [ 832/0.000315]
  6   5 250, 0.000387 [0.000573/32.871079] [ 882/0.000315]
  6   5 300, 0.000421 [0.000273/32.870287] [ 932/0.000315]
  6   5 350, 0.000378 [0.000453/32.869497] [ 982/0.000315]
Epoch 5 done. Evaluation:
(50000, 50000)
(8792, 10000)
  6   6  50, 0.000378 [0.000238/32.868059] [1073/0.000315]
  6   6 100, 0.000374 [0.000149/32.867268] [1123/0.000315]
  6   6 150, 0.000318 [0.000301/32.866477] [1173/0.000315]
  6   6 200, 0.000369 [0.000155/32.865687] [1223/0.000315]
  6   6 250, 0.000376 [0.000189/32.864897] [1273/0.000315]
  6   6 300, 0.000373 [0.000196/32.864107] [1323/0.000315]
  6   6 350, 0.000324 [0.000160/32.863316] [1373/0.000315]
Epoch 6 done. Evaluation:
(50000, 50000)
(8805, 10000)
  6   7  50, 0.000372 [0.000291/32.861882] [1464/0.000315]
  6   7 100, 0.000336 [0.000192/32.861093] [1514/0.000315]
  6   7 150, 0.000372 [0.000232/32.860304] [1564/0.000315]
  6   7 200, 0.000405 [0.000131/32.859516] [1614/0.000315]
  6   7 250, 0.000355 [0.000182/32.858728] [1664/0.000315]
  6   7 300, 0.000348 [0.000141/32.857941] [1714/0.000315]
  6   7 350, 0.000339 [0.000171/32.857151] [1764/0.000315]
Epoch 7 done. Evaluation:
(50000, 50000)
(8808, 10000)
  6   8  50, 0.000319 [0.000261/32.855719] [1855/0.000315]
  6   8 100, 0.000392 [0.000143/32.854930] [1905/0.000315]
  6   8 150, 0.000347 [0.000161/32.854145] [1955/0.000315]
  6   8 200, 0.000395 [0.000163/32.853357] [2005/0.000315]
  6   8 250, 0.000387 [0.000255/32.852572] [2055/0.000315]
  6   8 300, 0.000322 [0.000179/32.851786] [2105/0.000315]
  6   8 350, 0.000304 [0.000253/32.850999] [   0/0.000304]
Epoch 8 done. Evaluation:
(50000, 50000)
(8803, 10000)
  6   9  50, 0.000342 [0.000159/32.849569] [  91/0.000304]
  6   9 100, 0.000345 [0.000170/32.848782] [ 141/0.000304]
  6   9 150, 0.000407 [0.000145/32.848001] [ 191/0.000304]
  6   9 200, 0.000378 [0.000134/32.847215] [ 241/0.000304]
  6   9 250, 0.000373 [0.000205/32.846431] [ 291/0.000304]
  6   9 300, 0.000343 [0.000166/32.845645] [ 341/0.000304]
  6   9 350, 0.000419 [0.000290/32.844862] [ 391/0.000304]
Epoch 9 done. Evaluation:
(50000, 50000)
(8805, 10000)
  6  10  50, 0.000355 [0.000161/32.843434] [ 482/0.000304]
  6  10 100, 0.000388 [0.000155/32.842652] [ 532/0.000304]
  6  10 150, 0.000361 [0.000300/32.841868] [ 582/0.000304]
  6  10 200, 0.000318 [0.000207/32.841085] [ 632/0.000304]
  6  10 250, 0.000381 [0.000378/32.840301] [ 682/0.000304]
  6  10 300, 0.000328 [0.000402/32.839518] [ 732/0.000304]
  6  10 350, 0.000336 [0.000133/32.838735] [ 782/0.000304]
Epoch 10 done. Evaluation:
(50000, 50000)
(8811, 10000)
  6  11  50, 0.000340 [0.000159/32.837313] [ 873/0.000304]
  6  11 100, 0.000396 [0.000182/32.836532] [ 923/0.000304]
  6  11 150, 0.000302 [0.000233/32.835748] [   0/0.000302]
  6  11 200, 0.000344 [0.000140/32.834966] [  50/0.000302]
  6  11 250, 0.000383 [0.000195/32.834185] [ 100/0.000302]
  6  11 300, 0.000385 [0.000131/32.833404] [ 150/0.000302]
  6  11 350, 0.000343 [0.000306/32.832624] [ 200/0.000302]
Epoch 11 done. Evaluation:
(50000, 50000)
(8807, 10000)
  6  12  50, 0.000345 [0.000148/32.831202] [ 291/0.000302]
  6  12 100, 0.000373 [0.000150/32.830421] [ 341/0.000302]
  6  12 150, 0.000397 [0.000255/32.829644] [ 391/0.000302]
  6  12 200, 0.000386 [0.000143/32.828863] [ 441/0.000302]
  6  12 250, 0.000370 [0.000206/32.828083] [ 491/0.000302]
  6  12 300, 0.000361 [0.000163/32.827303] [ 541/0.000302]
  6  12 350, 0.000355 [0.000172/32.826525] [ 591/0.000302]
Epoch 12 done. Evaluation:
(50000, 50000)
(8803, 10000)
  6  13  50, 0.000336 [0.000150/32.825107] [ 682/0.000302]
  6  13 100, 0.000347 [0.000136/32.824328] [ 732/0.000302]
  6  13 150, 0.000320 [0.000207/32.823549] [ 782/0.000302]
  6  13 200, 0.000358 [0.000306/32.822771] [ 832/0.000302]
  6  13 250, 0.000361 [0.000151/32.821993] [ 882/0.000302]
  6  13 300, 0.000331 [0.000154/32.821215] [ 932/0.000302]
  6  13 350, 0.000327 [0.000199/32.820438] [ 982/0.000302]
Epoch 13 done. Evaluation:
(50000, 50000)
(8800, 10000)
  6  14  50, 0.000357 [0.000194/32.819023] [1073/0.000302]
  6  14 100, 0.000333 [0.000161/32.818245] [1123/0.000302]
  6  14 150, 0.000353 [0.000460/32.817470] [1173/0.000302]
  6  14 200, 0.000338 [0.000380/32.816694] [1223/0.000302]
  6  14 250, 0.000350 [0.000277/32.815916] [1273/0.000302]
  6  14 300, 0.000387 [0.000208/32.815141] [1323/0.000302]
  6  14 350, 0.000421 [0.000158/32.814366] [1373/0.000302]
Epoch 14 done. Evaluation:
(50000, 50000)
(8799, 10000)
  6  15  50, 0.000317 [0.000162/32.812954] [1464/0.000302]
  6  15 100, 0.000361 [0.000178/32.812178] [1514/0.000302]
  6  15 150, 0.000336 [0.000133/32.811401] [1564/0.000302]
  6  15 200, 0.000304 [0.000191/32.810625] [1614/0.000302]
  6  15 250, 0.000329 [0.000149/32.809851] [1664/0.000302]
  6  15 300, 0.000358 [0.000306/32.809076] [1714/0.000302]
  6  15 350, 0.000300 [0.000533/32.808302] [   0/0.000300]
Epoch 15 done. Evaluation:
(50000, 50000)
(8804, 10000)
  6  16  50, 0.000337 [0.000127/32.806892] [  91/0.000300]
  6  16 100, 0.000323 [0.000173/32.806119] [ 141/0.000300]
  6  16 150, 0.000379 [0.000159/32.805347] [ 191/0.000300]
  6  16 200, 0.000308 [0.000228/32.804573] [ 241/0.000300]
  6  16 250, 0.000339 [0.000294/32.803800] [ 291/0.000300]
  6  16 300, 0.000373 [0.000686/32.803027] [ 341/0.000300]
  6  16 350, 0.000301 [0.000170/32.802255] [ 391/0.000300]
Epoch 16 done. Evaluation:
(50000, 50000)
(8798, 10000)
  6  17  50, 0.000394 [0.000154/32.800848] [ 482/0.000300]
  6  17 100, 0.000325 [0.000539/32.800076] [ 532/0.000300]
  6  17 150, 0.000355 [0.000133/32.799305] [ 582/0.000300]
  6  17 200, 0.000352 [0.000171/32.798533] [ 632/0.000300]
  6  17 250, 0.000365 [0.000388/32.797762] [ 682/0.000300]
  6  17 300, 0.000346 [0.000467/32.796992] [ 732/0.000300]
  6  17 350, 0.000348 [0.000208/32.796217] [ 782/0.000300]
Epoch 17 done. Evaluation:
(50000, 50000)
(8798, 10000)
  6  18  50, 0.000394 [0.000186/32.794816] [ 873/0.000300]
  6  18 100, 0.000305 [0.000158/32.794047] [ 923/0.000300]
  6  18 150, 0.000349 [0.000726/32.793277] [ 973/0.000300]
  6  18 200, 0.000345 [0.000270/32.792507] [1023/0.000300]
  6  18 250, 0.000314 [0.000159/32.791737] [1073/0.000300]
  6  18 300, 0.000350 [0.000218/32.790969] [1123/0.000300]
  6  18 350, 0.000346 [0.000625/32.790198] [1173/0.000300]
Epoch 18 done. Evaluation:
(50000, 50000)
(8807, 10000)
  6  19  50, 0.000336 [0.000277/32.788798] [1264/0.000300]
  6  19 100, 0.000285 [0.000158/32.788030] [   0/0.000285]
  6  19 150, 0.000335 [0.000232/32.787260] [  50/0.000285]
  6  19 200, 0.000326 [0.000179/32.786491] [ 100/0.000285]
  6  19 250, 0.000323 [0.000217/32.785722] [ 150/0.000285]
  6  19 300, 0.000458 [0.000173/32.784960] [ 200/0.000285]
  6  19 350, 0.000413 [0.000219/32.784193] [ 250/0.000285]
Epoch 19 done. Evaluation:
(49999, 50000)
(8805, 10000)
  7   0  50, 0.000329 [0.000130/32.783185] [ 341/0.000285]
  7   0 100, 0.000346 [0.000128/32.782806] [ 391/0.000285]
  7   0 150, 0.000357 [0.000126/32.782426] [ 441/0.000285]
  7   0 200, 0.000398 [0.000141/32.782050] [ 491/0.000285]
  7   0 250, 0.000354 [0.000124/32.781672] [ 541/0.000285]
  7   0 300, 0.000346 [0.000130/32.781293] [ 591/0.000285]
  7   0 350, 0.000354 [0.000161/32.780914] [ 641/0.000285]
Epoch 0 done. Evaluation:
(50000, 50000)
(8800, 10000)
  7   1  50, 0.000340 [0.000165/32.780225] [ 732/0.000285]
  7   1 100, 0.000316 [0.000117/32.779847] [ 782/0.000285]
  7   1 150, 0.000339 [0.000177/32.779469] [ 832/0.000285]
  7   1 200, 0.000346 [0.000128/32.779092] [ 882/0.000285]
  7   1 250, 0.000340 [0.000108/32.778714] [ 932/0.000285]
  7   1 300, 0.000327 [0.000125/32.778336] [ 982/0.000285]
  7   1 350, 0.000341 [0.000140/32.777958] [1032/0.000285]
Epoch 1 done. Evaluation:
(50000, 50000)
(8797, 10000)
  7   2  50, 0.000346 [0.000109/32.777271] [1123/0.000285]
  7   2 100, 0.000364 [0.000111/32.776893] [1173/0.000285]
  7   2 150, 0.000373 [0.000279/32.776516] [1223/0.000285]
  7   2 200, 0.000316 [0.000142/32.776137] [1273/0.000285]
  7   2 250, 0.000349 [0.000199/32.775760] [1323/0.000285]
  7   2 300, 0.000305 [0.000226/32.775382] [1373/0.000285]
  7   2 350, 0.000326 [0.000289/32.775004] [1423/0.000285]
Epoch 2 done. Evaluation:
(50000, 50000)
(8815, 10000)
  7   3  50, 0.000328 [0.000189/32.774318] [1514/0.000285]
  7   3 100, 0.000320 [0.000154/32.773942] [1564/0.000285]
  7   3 150, 0.000313 [0.000136/32.773564] [1614/0.000285]
  7   3 200, 0.000313 [0.000110/32.773186] [1664/0.000285]
  7   3 250, 0.000358 [0.000129/32.772810] [1714/0.000285]
  7   3 300, 0.000320 [0.000114/32.772432] [1764/0.000285]
  7   3 350, 0.000345 [0.000219/32.772056] [1814/0.000285]
Epoch 3 done. Evaluation:
(50000, 50000)
(8807, 10000)
  7   4  50, 0.000329 [0.000137/32.771370] [1905/0.000285]
  7   4 100, 0.000303 [0.000114/32.770992] [1955/0.000285]
  7   4 150, 0.000396 [0.000201/32.770617] [2005/0.000285]
  7   4 200, 0.000329 [0.000106/32.770241] [2055/0.000285]
  7   4 250, 0.000317 [0.000129/32.769865] [2105/0.000285]
  7   4 300, 0.000299 [0.000107/32.769486] [2155/0.000285]
  7   4 350, 0.000345 [0.000116/32.769112] [2205/0.000285]
Epoch 4 done. Evaluation:
(50000, 50000)
(8795, 10000)
  7   5  50, 0.000325 [0.000111/32.768427] [2296/0.000285]
  7   5 100, 0.000323 [0.000143/32.768050] [2346/0.000285]
  7   5 150, 0.000314 [0.000111/32.767674] [2396/0.000285]
  7   5 200, 0.000316 [0.000114/32.767296] [2446/0.000285]
  7   5 250, 0.000354 [0.000349/32.766921] [2496/0.000285]
  7   5 300, 0.000324 [0.000140/32.766544] [2546/0.000285]
  7   5 350, 0.000317 [0.000137/32.766168] [2596/0.000285]
Epoch 5 done. Evaluation:
(50000, 50000)
(8800, 10000)
  7   6  50, 0.000329 [0.000123/32.765484] [2687/0.000285]
  7   6 100, 0.000333 [0.000124/32.765109] [2737/0.000285]
  7   6 150, 0.000386 [0.000123/32.764732] [2787/0.000285]
  7   6 200, 0.000334 [0.000444/32.764357] [2837/0.000285]
  7   6 250, 0.000338 [0.000118/32.763980] [2887/0.000285]
  7   6 300, 0.000310 [0.000119/32.763604] [2937/0.000285]
  7   6 350, 0.000313 [0.000117/32.763230] [2987/0.000285]
Epoch 6 done. Evaluation:
(50000, 50000)
(8814, 10000)
  7   7  50, 0.000340 [0.000124/32.762547] [3078/0.000285]
  7   7 100, 0.000333 [0.000123/32.762172] [3128/0.000285]
  7   7 150, 0.000306 [0.000117/32.761795] [3178/0.000285]
  7   7 200, 0.000296 [0.000123/32.761420] [3228/0.000285]
  7   7 250, 0.000312 [0.000114/32.761044] [3278/0.000285]
  7   7 300, 0.000342 [0.000105/32.760670] [3328/0.000285]
  7   7 350, 0.000274 [0.000123/32.760295] [   0/0.000274]
Epoch 7 done. Evaluation:
(50000, 50000)
(8806, 10000)
  7   8  50, 0.000341 [0.000118/32.759611] [  91/0.000274]
  7   8 100, 0.000358 [0.000145/32.759236] [ 141/0.000274]
  7   8 150, 0.000299 [0.000113/32.758861] [ 191/0.000274]
  7   8 200, 0.000320 [0.000317/32.758486] [ 241/0.000274]
  7   8 250, 0.000352 [0.000254/32.758111] [ 291/0.000274]
  7   8 300, 0.000289 [0.000129/32.757736] [ 341/0.000274]
  7   8 350, 0.000321 [0.000140/32.757362] [ 391/0.000274]
Epoch 8 done. Evaluation:
(50000, 50000)
(8804, 10000)
  7   9  50, 0.000360 [0.000122/32.756678] [ 482/0.000274]
  7   9 100, 0.000337 [0.000129/32.756305] [ 532/0.000274]
  7   9 150, 0.000324 [0.000131/32.755930] [ 582/0.000274]
  7   9 200, 0.000320 [0.000119/32.755555] [ 632/0.000274]
  7   9 250, 0.000371 [0.000256/32.755181] [ 682/0.000274]
  7   9 300, 0.000301 [0.000130/32.754806] [ 732/0.000274]
  7   9 350, 0.000322 [0.000137/32.754433] [ 782/0.000274]
Epoch 9 done. Evaluation:
(50000, 50000)
(8809, 10000)
  7  10  50, 0.000355 [0.000114/32.753750] [ 873/0.000274]
  7  10 100, 0.000297 [0.000135/32.753376] [ 923/0.000274]
  7  10 150, 0.000307 [0.000121/32.753002] [ 973/0.000274]
  7  10 200, 0.000365 [0.000566/32.752628] [1023/0.000274]
  7  10 250, 0.000333 [0.000126/32.752254] [1073/0.000274]
  7  10 300, 0.000310 [0.000155/32.751879] [1123/0.000274]
  7  10 350, 0.000292 [0.000110/32.751506] [1173/0.000274]
Epoch 10 done. Evaluation:
(50000, 50000)
(8799, 10000)
  7  11  50, 0.000330 [0.000119/32.750825] [1264/0.000274]
  7  11 100, 0.000322 [0.000130/32.750453] [1314/0.000274]
  7  11 150, 0.000315 [0.000263/32.750078] [1364/0.000274]
  7  11 200, 0.000307 [0.000133/32.749705] [1414/0.000274]
  7  11 250, 0.000327 [0.000110/32.749331] [1464/0.000274]
  7  11 300, 0.000286 [0.000137/32.748957] [1514/0.000274]
  7  11 350, 0.000310 [0.000133/32.748583] [1564/0.000274]
Epoch 11 done. Evaluation:
(50000, 50000)
(8817, 10000)
  7  12  50, 0.000328 [0.000141/32.747904] [1655/0.000274]
  7  12 100, 0.000317 [0.000146/32.747531] [1705/0.000274]
  7  12 150, 0.000288 [0.000132/32.747158] [1755/0.000274]
  7  12 200, 0.000352 [0.000186/32.746785] [1805/0.000274]
  7  12 250, 0.000331 [0.000154/32.746411] [1855/0.000274]
  7  12 300, 0.000324 [0.000124/32.746038] [1905/0.000274]
  7  12 350, 0.000359 [0.000138/32.745663] [1955/0.000274]
Epoch 12 done. Evaluation:
(50000, 50000)
(8804, 10000)
  7  13  50, 0.000299 [0.000110/32.744985] [2046/0.000274]
  7  13 100, 0.000317 [0.000121/32.744612] [2096/0.000274]
  7  13 150, 0.000316 [0.000122/32.744239] [2146/0.000274]
  7  13 200, 0.000363 [0.000155/32.743866] [2196/0.000274]
  7  13 250, 0.000331 [0.000127/32.743492] [2246/0.000274]
  7  13 300, 0.000315 [0.000157/32.743120] [2296/0.000274]
  7  13 350, 0.000297 [0.000202/32.742749] [2346/0.000274]
Epoch 13 done. Evaluation:
(50000, 50000)
(8804, 10000)
  7  14  50, 0.000398 [0.000122/32.742070] [2437/0.000274]
  7  14 100, 0.000363 [0.000110/32.741695] [2487/0.000274]
  7  14 150, 0.000316 [0.000119/32.741323] [2537/0.000274]
  7  14 200, 0.000342 [0.000167/32.740950] [2587/0.000274]
  7  14 250, 0.000306 [0.000172/32.740577] [2637/0.000274]
  7  14 300, 0.000314 [0.000132/32.740205] [2687/0.000274]
  7  14 350, 0.000306 [0.000108/32.739834] [2737/0.000274]
Epoch 14 done. Evaluation:
(49999, 50000)
(8802, 10000)
  7  15  50, 0.000278 [0.000111/32.739154] [2828/0.000274]
  7  15 100, 0.000306 [0.000144/32.738783] [2878/0.000274]
  7  15 150, 0.000337 [0.000125/32.738411] [2928/0.000274]
  7  15 200, 0.000320 [0.000301/32.738038] [2978/0.000274]
  7  15 250, 0.000319 [0.000166/32.737667] [3028/0.000274]
  7  15 300, 0.000271 [0.000109/32.737296] [   0/0.000271]
  7  15 350, 0.000337 [0.000124/32.736923] [  50/0.000271]
Epoch 15 done. Evaluation:
(50000, 50000)
(8793, 10000)
  7  16  50, 0.000310 [0.000114/32.736246] [ 141/0.000271]
  7  16 100, 0.000308 [0.000162/32.735874] [ 191/0.000271]
  7  16 150, 0.000323 [0.000120/32.735502] [ 241/0.000271]
  7  16 200, 0.000300 [0.000130/32.735130] [ 291/0.000271]
  7  16 250, 0.000320 [0.000193/32.734758] [ 341/0.000271]
  7  16 300, 0.000306 [0.000124/32.734387] [ 391/0.000271]
  7  16 350, 0.000324 [0.000123/32.734014] [ 441/0.000271]
Epoch 16 done. Evaluation:
(50000, 50000)
(8807, 10000)
  7  17  50, 0.000339 [0.000163/32.733339] [ 532/0.000271]
  7  17 100, 0.000282 [0.000137/32.732967] [ 582/0.000271]
  7  17 150, 0.000310 [0.000140/32.732597] [ 632/0.000271]
  7  17 200, 0.000316 [0.000137/32.732224] [ 682/0.000271]
  7  17 250, 0.000308 [0.000128/32.731853] [ 732/0.000271]
  7  17 300, 0.000294 [0.000107/32.731482] [ 782/0.000271]
  7  17 350, 0.000311 [0.000194/32.731112] [ 832/0.000271]
Epoch 17 done. Evaluation:
(50000, 50000)
(8808, 10000)
  7  18  50, 0.000304 [0.000170/32.730437] [ 923/0.000271]
  7  18 100, 0.000317 [0.000167/32.730065] [ 973/0.000271]
  7  18 150, 0.000334 [0.000186/32.729693] [1023/0.000271]
  7  18 200, 0.000343 [0.000241/32.729323] [1073/0.000271]
  7  18 250, 0.000308 [0.000105/32.728953] [1123/0.000271]
  7  18 300, 0.000337 [0.000142/32.728582] [1173/0.000271]
  7  18 350, 0.000320 [0.000138/32.728211] [1223/0.000271]
Epoch 18 done. Evaluation:
(50000, 50000)
(8806, 10000)
  7  19  50, 0.000307 [0.000114/32.727536] [1314/0.000271]
  7  19 100, 0.000316 [0.000334/32.727165] [1364/0.000271]
  7  19 150, 0.000300 [0.000181/32.726795] [1414/0.000271]
  7  19 200, 0.000334 [0.000115/32.726425] [1464/0.000271]
  7  19 250, 0.000318 [0.000345/32.726054] [1514/0.000271]
  7  19 300, 0.000309 [0.000118/32.725684] [1564/0.000271]
  7  19 350, 0.000294 [0.000119/32.725312] [1614/0.000271]
Epoch 19 done. Evaluation:
(50000, 50000)
(8823, 10000)
  8   0  50, 0.000329 [0.000102/32.724827] [1705/0.000271]
  8   0 100, 0.000294 [0.000107/32.724644] [1755/0.000271]
  8   0 150, 0.000295 [0.000108/32.724461] [1805/0.000271]
  8   0 200, 0.000311 [0.000107/32.724279] [1855/0.000271]
  8   0 250, 0.000311 [0.000107/32.724094] [1905/0.000271]
  8   0 300, 0.000284 [0.000140/32.723911] [1955/0.000271]
  8   0 350, 0.000316 [0.000118/32.723729] [2005/0.000271]
Epoch 0 done. Evaluation:
(50000, 50000)
(8809, 10000)
  8   1  50, 0.000293 [0.000124/32.723395] [2096/0.000271]
  8   1 100, 0.000340 [0.000107/32.723212] [2146/0.000271]
  8   1 150, 0.000278 [0.000117/32.723029] [2196/0.000271]
  8   1 200, 0.000330 [0.000125/32.722846] [2246/0.000271]
  8   1 250, 0.000310 [0.000107/32.722662] [2296/0.000271]
  8   1 300, 0.000339 [0.000142/32.722479] [2346/0.000271]
  8   1 350, 0.000297 [0.000112/32.722296] [2396/0.000271]
Epoch 1 done. Evaluation:
(50000, 50000)
(8809, 10000)
  8   2  50, 0.000305 [0.000144/32.721962] [2487/0.000271]
  8   2 100, 0.000299 [0.000143/32.721781] [2537/0.000271]
  8   2 150, 0.000266 [0.000104/32.721599] [   0/0.000266]
  8   2 200, 0.000323 [0.000106/32.721416] [  50/0.000266]
  8   2 250, 0.000291 [0.000104/32.721233] [ 100/0.000266]
  8   2 300, 0.000306 [0.000102/32.721049] [ 150/0.000266]
  8   2 350, 0.000291 [0.000111/32.720866] [ 200/0.000266]
Epoch 2 done. Evaluation:
(50000, 50000)
(8801, 10000)
  8   3  50, 0.000286 [0.000102/32.720533] [ 291/0.000266]
  8   3 100, 0.000320 [0.000185/32.720350] [ 341/0.000266]
  8   3 150, 0.000293 [0.000123/32.720167] [ 391/0.000266]
  8   3 200, 0.000333 [0.000109/32.719984] [ 441/0.000266]
  8   3 250, 0.000321 [0.000111/32.719802] [ 491/0.000266]
  8   3 300, 0.000302 [0.000103/32.719620] [ 541/0.000266]
  8   3 350, 0.000343 [0.000108/32.719436] [ 591/0.000266]
Epoch 3 done. Evaluation:
(50000, 50000)
(8797, 10000)
  8   4  50, 0.000277 [0.000109/32.719104] [ 682/0.000266]
  8   4 100, 0.000301 [0.000103/32.718921] [ 732/0.000266]
  8   4 150, 0.000324 [0.000116/32.718738] [ 782/0.000266]
  8   4 200, 0.000316 [0.000128/32.718555] [ 832/0.000266]
  8   4 250, 0.000309 [0.000110/32.718374] [ 882/0.000266]
  8   4 300, 0.000370 [0.000119/32.718190] [ 932/0.000266]
  8   4 350, 0.000333 [0.000108/32.718008] [ 982/0.000266]
Epoch 4 done. Evaluation:
(50000, 50000)
(8804, 10000)
  8   5  50, 0.000278 [0.000108/32.717676] [1073/0.000266]
  8   5 100, 0.000302 [0.000103/32.717494] [1123/0.000266]
  8   5 150, 0.000309 [0.000113/32.717310] [1173/0.000266]
  8   5 200, 0.000305 [0.000105/32.717128] [1223/0.000266]
  8   5 250, 0.000283 [0.000107/32.716944] [1273/0.000266]
  8   5 300, 0.000322 [0.000128/32.716763] [1323/0.000266]
  8   5 350, 0.000309 [0.000105/32.716581] [1373/0.000266]
Epoch 5 done. Evaluation:
(50000, 50000)
(8813, 10000)
  8   6  50, 0.000330 [0.000106/32.716248] [1464/0.000266]
  8   6 100, 0.000354 [0.000105/32.716064] [1514/0.000266]
  8   6 150, 0.000348 [0.000520/32.715882] [1564/0.000266]
  8   6 200, 0.000295 [0.000114/32.715700] [1614/0.000266]
  8   6 250, 0.000299 [0.000103/32.715517] [1664/0.000266]
  8   6 300, 0.000348 [0.000129/32.715335] [1714/0.000266]
  8   6 350, 0.000317 [0.000105/32.715151] [1764/0.000266]
Epoch 6 done. Evaluation:
(50000, 50000)
(8807, 10000)
  8   7  50, 0.000251 [0.000105/32.714822] [   0/0.000251]
  8   7 100, 0.000328 [0.000112/32.714637] [  50/0.000251]
  8   7 150, 0.000301 [0.000114/32.714455] [ 100/0.000251]
  8   7 200, 0.000290 [0.000117/32.714273] [ 150/0.000251]
  8   7 250, 0.000342 [0.000220/32.714090] [ 200/0.000251]
  8   7 300, 0.000289 [0.000105/32.713908] [ 250/0.000251]
  8   7 350, 0.000293 [0.000107/32.713725] [ 300/0.000251]
Epoch 7 done. Evaluation:
(50000, 50000)
(8799, 10000)
  8   8  50, 0.000292 [0.000107/32.713394] [ 391/0.000251]
  8   8 100, 0.000281 [0.000105/32.713211] [ 441/0.000251]
  8   8 150, 0.000257 [0.000104/32.713028] [ 491/0.000251]
  8   8 200, 0.000295 [0.000115/32.712847] [ 541/0.000251]
  8   8 250, 0.000298 [0.000147/32.712665] [ 591/0.000251]
  8   8 300, 0.000297 [0.000106/32.712483] [ 641/0.000251]
  8   8 350, 0.000296 [0.000116/32.712301] [ 691/0.000251]
Epoch 8 done. Evaluation:
(50000, 50000)
(8805, 10000)
  8   9  50, 0.000323 [0.000104/32.711970] [ 782/0.000251]
  8   9 100, 0.000304 [0.000103/32.711787] [ 832/0.000251]
  8   9 150, 0.000291 [0.000122/32.711605] [ 882/0.000251]
  8   9 200, 0.000329 [0.000115/32.711421] [ 932/0.000251]
  8   9 250, 0.000292 [0.000126/32.711240] [ 982/0.000251]
  8   9 300, 0.000298 [0.000106/32.711058] [1032/0.000251]
  8   9 350, 0.000315 [0.000112/32.710874] [1082/0.000251]
Epoch 9 done. Evaluation:
(50000, 50000)
(8808, 10000)
  8  10  50, 0.000287 [0.000106/32.710544] [1173/0.000251]
  8  10 100, 0.000296 [0.000111/32.710361] [1223/0.000251]
  8  10 150, 0.000251 [0.000131/32.710181] [   0/0.000251]
  8  10 200, 0.000283 [0.000366/32.709999] [  50/0.000251]
  8  10 250, 0.000297 [0.000120/32.709816] [ 100/0.000251]
  8  10 300, 0.000290 [0.000108/32.709633] [ 150/0.000251]
  8  10 350, 0.000322 [0.000158/32.709451] [ 200/0.000251]
Epoch 10 done. Evaluation:
(50000, 50000)
(8811, 10000)
  8  11  50, 0.000274 [0.000118/32.709120] [ 291/0.000251]
  8  11 100, 0.000313 [0.000107/32.708940] [ 341/0.000251]
  8  11 150, 0.000317 [0.000214/32.708755] [ 391/0.000251]
  8  11 200, 0.000305 [0.000127/32.708574] [ 441/0.000251]
  8  11 250, 0.000291 [0.000110/32.708391] [ 491/0.000251]
  8  11 300, 0.000289 [0.000107/32.708210] [ 541/0.000251]
  8  11 350, 0.000254 [0.000106/32.708030] [ 591/0.000251]
Epoch 11 done. Evaluation:
(50000, 50000)
(8804, 10000)
  8  12  50, 0.000307 [0.000103/32.707697] [ 682/0.000251]
  8  12 100, 0.000333 [0.000157/32.707514] [ 732/0.000251]
  8  12 150, 0.000300 [0.000103/32.707332] [ 782/0.000251]
  8  12 200, 0.000344 [0.000104/32.707151] [ 832/0.000251]
  8  12 250, 0.000303 [0.000170/32.706969] [ 882/0.000251]
  8  12 300, 0.000281 [0.000122/32.706788] [ 932/0.000251]
  8  12 350, 0.000373 [0.000113/32.706606] [ 982/0.000251]
Epoch 12 done. Evaluation:
(50000, 50000)
(8800, 10000)
  8  13  50, 0.000272 [0.000111/32.706274] [1073/0.000251]
  8  13 100, 0.000312 [0.000151/32.706091] [1123/0.000251]
  8  13 150, 0.000309 [0.000378/32.705910] [1173/0.000251]
  8  13 200, 0.000312 [0.000109/32.705729] [1223/0.000251]
  8  13 250, 0.000337 [0.000102/32.705547] [1273/0.000251]
  8  13 300, 0.000282 [0.000104/32.705366] [1323/0.000251]
  8  13 350, 0.000297 [0.000120/32.705183] [1373/0.000251]
Epoch 13 done. Evaluation:
(50000, 50000)
(8805, 10000)
  8  14  50, 0.000288 [0.000106/32.704853] [1464/0.000251]
  8  14 100, 0.000292 [0.000115/32.704671] [1514/0.000251]
  8  14 150, 0.000296 [0.000105/32.704488] [1564/0.000251]
  8  14 200, 0.000311 [0.000120/32.704307] [1614/0.000251]
  8  14 250, 0.000291 [0.000115/32.704125] [1664/0.000251]
  8  14 300, 0.000256 [0.000119/32.703944] [1714/0.000251]
  8  14 350, 0.000358 [0.000109/32.703763] [1764/0.000251]
Epoch 14 done. Evaluation:
(50000, 50000)
(8799, 10000)
  8  15  50, 0.000306 [0.000103/32.703431] [1855/0.000251]
  8  15 100, 0.000323 [0.000105/32.703249] [1905/0.000251]
  8  15 150, 0.000314 [0.000106/32.703067] [1955/0.000251]
  8  15 200, 0.000271 [0.000108/32.702887] [2005/0.000251]
  8  15 250, 0.000324 [0.000104/32.702705] [2055/0.000251]
  8  15 300, 0.000298 [0.000108/32.702523] [2105/0.000251]
  8  15 350, 0.000318 [0.000103/32.702342] [2155/0.000251]
Epoch 15 done. Evaluation:
(50000, 50000)
(8800, 10000)
  8  16  50, 0.000307 [0.000102/32.702012] [2246/0.000251]
  8  16 100, 0.000303 [0.000108/32.701829] [2296/0.000251]
  8  16 150, 0.000315 [0.000104/32.701648] [2346/0.000251]
  8  16 200, 0.000323 [0.000111/32.701468] [2396/0.000251]
  8  16 250, 0.000299 [0.000102/32.701285] [2446/0.000251]
  8  16 300, 0.000291 [0.000111/32.701103] [2496/0.000251]
  8  16 350, 0.000284 [0.000107/32.700922] [2546/0.000251]
Epoch 16 done. Evaluation:
(50000, 50000)
(8808, 10000)
  8  17  50, 0.000308 [0.000135/32.700592] [2637/0.000251]
  8  17 100, 0.000308 [0.000102/32.700410] [2687/0.000251]
  8  17 150, 0.000284 [0.000108/32.700228] [2737/0.000251]
  8  17 200, 0.000300 [0.000106/32.700047] [2787/0.000251]
  8  17 250, 0.000292 [0.000178/32.699867] [2837/0.000251]
  8  17 300, 0.000345 [0.000104/32.699683] [2887/0.000251]
  8  17 350, 0.000313 [0.000109/32.699503] [2937/0.000251]
Epoch 17 done. Evaluation:
(50000, 50000)
(8799, 10000)
  8  18  50, 0.000324 [0.000109/32.699172] [3028/0.000251]
  8  18 100, 0.000257 [0.000105/32.698992] [3078/0.000251]
  8  18 150, 0.000281 [0.000104/32.698809] [3128/0.000251]
  8  18 200, 0.000281 [0.000103/32.698630] [3178/0.000251]
  8  18 250, 0.000297 [0.000109/32.698449] [3228/0.000251]
  8  18 300, 0.000289 [0.000110/32.698266] [3278/0.000251]
  8  18 350, 0.000290 [0.000105/32.698085] [3328/0.000251]
Epoch 18 done. Evaluation:
(50000, 50000)
(8810, 10000)
  8  19  50, 0.000282 [0.000103/32.697754] [3419/0.000251]
  8  19 100, 0.000286 [0.000110/32.697573] [3469/0.000251]
  8  19 150, 0.000267 [0.000126/32.697392] [3519/0.000251]
  8  19 200, 0.000335 [0.000121/32.697211] [3569/0.000251]
  8  19 250, 0.000310 [0.000146/32.697031] [3619/0.000251]
  8  19 300, 0.000305 [0.000111/32.696849] [3669/0.000251]
  8  19 350, 0.000300 [0.000104/32.696668] [3719/0.000251]
Epoch 19 done. Evaluation:
(50000, 50000)
(8804, 10000)
  9   0  50, 0.000283 [0.000103/32.696428] [3810/0.000251]
  9   0 100, 0.000319 [0.000104/32.696338] [3860/0.000251]
  9   0 150, 0.000285 [0.000103/32.696246] [3910/0.000251]
  9   0 200, 0.000294 [0.000105/32.696156] [3960/0.000251]
  9   0 250, 0.000316 [0.000105/32.696066] [4010/0.000251]
  9   0 300, 0.000287 [0.000101/32.695975] [4060/0.000251]
  9   0 350, 0.000334 [0.000101/32.695883] [4110/0.000251]
Epoch 0 done. Evaluation:
(50000, 50000)
(8804, 10000)
  9   1  50, 0.000279 [0.000103/32.695719] [4201/0.000251]
  9   1 100, 0.000306 [0.000101/32.695629] [4251/0.000251]
  9   1 150, 0.000267 [0.000102/32.695538] [4301/0.000251]
  9   1 200, 0.000309 [0.000101/32.695448] [4351/0.000251]
  9   1 250, 0.000296 [0.000103/32.695358] [4401/0.000251]
  9   1 300, 0.000351 [0.000725/32.695268] [4451/0.000251]
  9   1 350, 0.000291 [0.000105/32.695177] [4501/0.000251]
Epoch 1 done. Evaluation:
(50000, 50000)
(8801, 10000)
  9   2  50, 0.000302 [0.000101/32.695014] [4592/0.000251]
  9   2 100, 0.000289 [0.000104/32.694923] [4642/0.000251]
  9   2 150, 0.000295 [0.000101/32.694831] [4692/0.000251]
  9   2 200, 0.000285 [0.000106/32.694741] [4742/0.000251]
  9   2 250, 0.000265 [0.000101/32.694651] [4792/0.000251]
  9   2 300, 0.000293 [0.000101/32.694561] [4842/0.000251]
  9   2 350, 0.000302 [0.000105/32.694471] [4892/0.000251]
Epoch 2 done. Evaluation:
(50000, 50000)
(8808, 10000)
  9   3  50, 0.000343 [0.000105/32.694305] [4983/0.000251]
  9   3 100, 0.000267 [0.000101/32.694215] [5033/0.000251]
  9   3 150, 0.000346 [0.000103/32.694125] [5083/0.000251]
  9   3 200, 0.000314 [0.000101/32.694035] [5133/0.000251]
  9   3 250, 0.000297 [0.000102/32.693945] [5183/0.000251]
  9   3 300, 0.000310 [0.000101/32.693855] [5233/0.000251]
  9   3 350, 0.000256 [0.000101/32.693764] [5283/0.000251]
Epoch 3 done. Evaluation:
(50000, 50000)
(8802, 10000)
  9   4  50, 0.000339 [0.000101/32.693600] [5374/0.000251]
  9   4 100, 0.000322 [0.000101/32.693510] [5424/0.000251]
  9   4 150, 0.000286 [0.000102/32.693419] [5474/0.000251]
  9   4 200, 0.000292 [0.000108/32.693329] [5524/0.000251]
  9   4 250, 0.000296 [0.000101/32.693239] [5574/0.000251]
  9   4 300, 0.000321 [0.000105/32.693148] [5624/0.000251]
  9   4 350, 0.000266 [0.000101/32.693059] [5674/0.000251]
Epoch 4 done. Evaluation:
(50000, 50000)
(8802, 10000)
  9   5  50, 0.000266 [0.000109/32.692895] [5765/0.000251]
  9   5 100, 0.000285 [0.000101/32.692804] [5815/0.000251]
  9   5 150, 0.000322 [0.000101/32.692713] [5865/0.000251]
  9   5 200, 0.000312 [0.000102/32.692624] [5915/0.000251]
  9   5 250, 0.000300 [0.000100/32.692534] [5965/0.000251]
  9   5 300, 0.000320 [0.000101/32.692442] [6015/0.000251]
  9   5 350, 0.000294 [0.000106/32.692351] [6065/0.000251]
Epoch 5 done. Evaluation:
(50000, 50000)
(8796, 10000)
  9   6  50, 0.000276 [0.000106/32.692185] [6156/0.000251]
  9   6 100, 0.000300 [0.000101/32.692097] [6206/0.000251]
  9   6 150, 0.000278 [0.000102/32.692006] [6256/0.000251]
  9   6 200, 0.000317 [0.000105/32.691916] [6306/0.000251]
  9   6 250, 0.000306 [0.000101/32.691826] [6356/0.000251]
  9   6 300, 0.000295 [0.000101/32.691734] [6406/0.000251]
  9   6 350, 0.000291 [0.000103/32.691645] [6456/0.000251]
Epoch 6 done. Evaluation:
(50000, 50000)
(8805, 10000)
  9   7  50, 0.000295 [0.000101/32.691481] [6547/0.000251]
  9   7 100, 0.000293 [0.000105/32.691391] [6597/0.000251]
  9   7 150, 0.000293 [0.000102/32.691299] [6647/0.000251]
  9   7 200, 0.000309 [0.000102/32.691209] [6697/0.000251]
  9   7 250, 0.000271 [0.000102/32.691118] [6747/0.000251]
  9   7 300, 0.000292 [0.000105/32.691028] [6797/0.000251]
  9   7 350, 0.000312 [0.000103/32.690938] [6847/0.000251]
Epoch 7 done. Evaluation:
(50000, 50000)
(8798, 10000)
  9   8  50, 0.000337 [0.000101/32.690773] [6938/0.000251]
  9   8 100, 0.000295 [0.000106/32.690683] [6988/0.000251]
  9   8 150, 0.000264 [0.000102/32.690593] [7038/0.000251]
  9   8 200, 0.000280 [0.000102/32.690503] [7088/0.000251]
  9   8 250, 0.000296 [0.000101/32.690411] [7138/0.000251]
  9   8 300, 0.000320 [0.000101/32.690323] [7188/0.000251]
  9   8 350, 0.000318 [0.000102/32.690232] [7238/0.000251]
Epoch 8 done. Evaluation:
(50000, 50000)
(8801, 10000)
  9   9  50, 0.000270 [0.000102/32.690068] [7329/0.000251]
  9   9 100, 0.000329 [0.000105/32.689978] [7379/0.000251]
  9   9 150, 0.000289 [0.000119/32.689887] [7429/0.000251]
  9   9 200, 0.000258 [0.000102/32.689797] [7479/0.000251]
  9   9 250, 0.000277 [0.000106/32.689707] [7529/0.000251]
  9   9 300, 0.000295 [0.000104/32.689617] [7579/0.000251]
  9   9 350, 0.000278 [0.000102/32.689527] [7629/0.000251]
Epoch 9 done. Evaluation:
(50000, 50000)
(8799, 10000)
  9  10  50, 0.000298 [0.000101/32.689363] [7720/0.000251]
  9  10 100, 0.000299 [0.000125/32.689274] [7770/0.000251]
  9  10 150, 0.000278 [0.000101/32.689183] [7820/0.000251]
  9  10 200, 0.000296 [0.000101/32.689093] [7870/0.000251]
  9  10 250, 0.000283 [0.000102/32.689002] [7920/0.000251]
  9  10 300, 0.000287 [0.000101/32.688912] [7970/0.000251]
  9  10 350, 0.000265 [0.000104/32.688822] [8020/0.000251]
Epoch 10 done. Evaluation:
(50000, 50000)
(8805, 10000)
  9  11  50, 0.000310 [0.000105/32.688659] [8111/0.000251]
  9  11 100, 0.000300 [0.000110/32.688567] [8161/0.000251]
  9  11 150, 0.000334 [0.000100/32.688477] [8211/0.000251]
  9  11 200, 0.000267 [0.000102/32.688388] [8261/0.000251]
  9  11 250, 0.000307 [0.000102/32.688297] [8311/0.000251]
  9  11 300, 0.000297 [0.000101/32.688207] [8361/0.000251]
  9  11 350, 0.000317 [0.000102/32.688116] [8411/0.000251]
Epoch 11 done. Evaluation:
(50000, 50000)
(8801, 10000)
  9  12  50, 0.000278 [0.000109/32.687953] [8502/0.000251]
  9  12 100, 0.000303 [0.000102/32.687862] [8552/0.000251]
  9  12 150, 0.000288 [0.000102/32.687772] [8602/0.000251]
  9  12 200, 0.000260 [0.000100/32.687682] [8652/0.000251]
  9  12 250, 0.000286 [0.000111/32.687591] [8702/0.000251]
  9  12 300, 0.000302 [0.000121/32.687501] [8752/0.000251]
  9  12 350, 0.000279 [0.000101/32.687411] [8802/0.000251]
Epoch 12 done. Evaluation:
(50000, 50000)
(8804, 10000)
  9  13  50, 0.000279 [0.000101/32.687248] [8893/0.000251]
  9  13 100, 0.000292 [0.000119/32.687156] [8943/0.000251]
  9  13 150, 0.000304 [0.000105/32.687066] [8993/0.000251]
  9  13 200, 0.000299 [0.000102/32.686975] [9043/0.000251]
  9  13 250, 0.000303 [0.000101/32.686886] [9093/0.000251]
  9  13 300, 0.000308 [0.000101/32.686796] [9143/0.000251]
  9  13 350, 0.000308 [0.000101/32.686705] [9193/0.000251]
Epoch 13 done. Evaluation:
(50000, 50000)
(8796, 10000)
  9  14  50, 0.000283 [0.000101/32.686541] [9284/0.000251]
  9  14 100, 0.000287 [0.000103/32.686451] [9334/0.000251]
  9  14 150, 0.000333 [0.000113/32.686360] [9384/0.000251]
  9  14 200, 0.000276 [0.000104/32.686270] [9434/0.000251]
  9  14 250, 0.000322 [0.000102/32.686180] [9484/0.000251]
  9  14 300, 0.000309 [0.000101/32.686091] [9534/0.000251]
  9  14 350, 0.000301 [0.000105/32.686001] [9584/0.000251]
Epoch 14 done. Evaluation:
(50000, 50000)
(8795, 10000)
  9  15  50, 0.000288 [0.000102/32.685836] [9675/0.000251]
  9  15 100, 0.000271 [0.000101/32.685746] [9725/0.000251]
  9  15 150, 0.000285 [0.000101/32.685656] [9775/0.000251]
  9  15 200, 0.000281 [0.000101/32.685566] [9825/0.000251]
  9  15 250, 0.000303 [0.000101/32.685475] [9875/0.000251]
  9  15 300, 0.000322 [0.000105/32.685385] [9925/0.000251]
  9  15 350, 0.000264 [0.000102/32.685295] [9975/0.000251]
Epoch 15 done. Evaluation:
(50000, 50000)
(8807, 10000)
  9  16  50, 0.000312 [0.000104/32.685131] [10066/0.000251]
  9  16 100, 0.000283 [0.000102/32.685041] [10116/0.000251]
  9  16 150, 0.000290 [0.000102/32.684951] [10166/0.000251]
  9  16 200, 0.000350 [0.000112/32.684862] [10216/0.000251]
  9  16 250, 0.000292 [0.000109/32.684772] [10266/0.000251]
  9  16 300, 0.000297 [0.000101/32.684683] [10316/0.000251]
  9  16 350, 0.000312 [0.000101/32.684593] [10366/0.000251]
Epoch 16 done. Evaluation:
(50000, 50000)
(8796, 10000)
  9  17  50, 0.000317 [0.000103/32.684429] [10457/0.000251]
  9  17 100, 0.000263 [0.000102/32.684339] [10507/0.000251]
  9  17 150, 0.000310 [0.000101/32.684249] [10557/0.000251]
  9  17 200, 0.000303 [0.000101/32.684160] [10607/0.000251]
  9  17 250, 0.000323 [0.000104/32.684070] [10657/0.000251]
  9  17 300, 0.000287 [0.000103/32.683979] [10707/0.000251]
  9  17 350, 0.000268 [0.000102/32.683890] [10757/0.000251]
Epoch 17 done. Evaluation:
(50000, 50000)
(8802, 10000)
  9  18  50, 0.000308 [0.000101/32.683725] [10848/0.000251]
  9  18 100, 0.000287 [0.000107/32.683635] [10898/0.000251]
  9  18 150, 0.000284 [0.000102/32.683545] [10948/0.000251]
  9  18 200, 0.000331 [0.000103/32.683454] [10998/0.000251]
  9  18 250, 0.000316 [0.000101/32.683364] [11048/0.000251]
  9  18 300, 0.000287 [0.000101/32.683275] [11098/0.000251]
  9  18 350, 0.000286 [0.000103/32.683184] [11148/0.000251]
Epoch 18 done. Evaluation:
(50000, 50000)
(8807, 10000)
  9  19  50, 0.000265 [0.000102/32.683020] [11239/0.000251]
  9  19 100, 0.000303 [0.000101/32.682931] [11289/0.000251]
  9  19 150, 0.000277 [0.000105/32.682841] [11339/0.000251]
  9  19 200, 0.000284 [0.000100/32.682751] [11389/0.000251]
  9  19 250, 0.000303 [0.000101/32.682661] [11439/0.000251]
  9  19 300, 0.000317 [0.000117/32.682571] [11489/0.000251]
  9  19 350, 0.000290 [0.000100/32.682481] [11539/0.000251]
Epoch 19 done. Evaluation:
(50000, 50000)
(8805, 10000)
0.00214951386384
0.0230345180969
0.00568409428892
0.011466424867
0.00289256851129
0.00579938210928
0.00144155182641
0.00287779161883
0.000718935264668
0.000719579241139
1.99502706338e-05
1.91820724192e-05
