Sequential (
  (conv1_1): Sequential (
    (0): Conv2d(3, 32, kernel_size=(3, 3), stride=(1, 1), padding=(1, 1))
    (1): BatchNorm2d(32, eps=1e-05, momentum=0.1, affine=True)
    (2): ReLU (inplace)
  )
  (conv1_2): Sequential (
    (0): Conv2d(32, 32, kernel_size=(3, 3), stride=(1, 1), padding=(1, 1))
    (1): BatchNorm2d(32, eps=1e-05, momentum=0.1, affine=True)
    (2): ReLU (inplace)
  )
  (pool1): MaxPool2d (size=(2, 2), stride=(2, 2), dilation=(1, 1))
  (conv2_1): Sequential (
    (0): Conv2d(32, 64, kernel_size=(3, 3), stride=(1, 1), padding=(1, 1))
    (1): BatchNorm2d(64, eps=1e-05, momentum=0.1, affine=True)
    (2): ReLU (inplace)
  )
  (conv2_2): Sequential (
    (0): Conv2d(64, 64, kernel_size=(3, 3), stride=(1, 1), padding=(1, 1))
    (1): BatchNorm2d(64, eps=1e-05, momentum=0.1, affine=True)
    (2): ReLU (inplace)
  )
  (pool2): MaxPool2d (size=(2, 2), stride=(2, 2), dilation=(1, 1))
  (conv3_1): Sequential (
    (0): Conv2d(64, 128, kernel_size=(3, 3), stride=(1, 1), padding=(1, 1))
    (1): BatchNorm2d(128, eps=1e-05, momentum=0.1, affine=True)
    (2): ReLU (inplace)
  )
  (conv3_2): Sequential (
    (0): Conv2d(128, 128, kernel_size=(3, 3), stride=(1, 1), padding=(1, 1))
    (1): BatchNorm2d(128, eps=1e-05, momentum=0.1, affine=True)
    (2): ReLU (inplace)
  )
  (pool3): MaxPool2d (size=(2, 2), stride=(2, 2), dilation=(1, 1))
  (conv4_1): Sequential (
    (0): Conv2d(128, 256, kernel_size=(3, 3), stride=(1, 1), padding=(1, 1))
    (1): BatchNorm2d(256, eps=1e-05, momentum=0.1, affine=True)
    (2): ReLU (inplace)
  )
  (conv4_2): Sequential (
    (0): Conv2d(256, 256, kernel_size=(3, 3), stride=(1, 1), padding=(1, 1))
    (1): BatchNorm2d(256, eps=1e-05, momentum=0.1, affine=True)
    (2): ReLU (inplace)
  )
  (pool4): MaxPool2d (size=(2, 2), stride=(2, 2), dilation=(1, 1))
  (conv5_1): Sequential (
    (0): Conv2d(256, 256, kernel_size=(3, 3), stride=(1, 1), padding=(1, 1))
    (1): BatchNorm2d(256, eps=1e-05, momentum=0.1, affine=True)
    (2): ReLU (inplace)
  )
  (conv5_2): Sequential (
    (0): Conv2d(256, 256, kernel_size=(3, 3), stride=(1, 1), padding=(1, 1))
    (1): BatchNorm2d(256, eps=1e-05, momentum=0.1, affine=True)
    (2): ReLU (inplace)
  )
  (pool5): MaxPool2d (size=(2, 2), stride=(2, 2), dilation=(1, 1))
  (fc6): Sequential (
    (0): Conv2d(256, 256, kernel_size=(1, 1), stride=(1, 1))
    (1): BatchNorm2d(256, eps=1e-05, momentum=0.1, affine=True)
    (2): ReLU (inplace)
  )
  (logit): Conv2d(256, 10, kernel_size=(1, 1), stride=(1, 1))
  (flatter): Flatten()
)
{'L1_decay': 5e-06,
 'batch_size': 128,
 'force_name': False,
 'graphfolder': 'logs/cxp7_graphs/',
 'learning_rate': 0.1,
 'logfile': 'logs/cxp7.log',
 'mode': '',
 'name': 'cxp7',
 'num_base': 32,
 'optimizer': 'SGD_var_dup',
 'weight_decay': 0.00032}
Decayed training with schedule: [20, 20, 20, 20, 20, 20, 20, 20, 20, 20]
  0   0  50, 1.849386 [0.495675/70.460154] [   0/1.849386]
  0   0 100, 1.473605 [0.433117/68.940869] [   0/1.473605]
  0   0 150, 1.323540 [0.390311/67.571333] [   0/1.323540]
  0   0 200, 1.264440 [0.423796/66.319163] [   0/1.264440]
  0   0 250, 1.178457 [0.408509/65.165247] [   0/1.178457]
  0   0 300, 1.075953 [0.397070/64.093007] [   0/1.075953]
  0   0 350, 1.046688 [0.373517/63.087187] [   0/1.046688]
Epoch 0 done. Evaluation:
(26842, 50000)
(4989, 10000)
  0   1  50, 0.921280 [0.387498/61.417987] [   0/0.921280]
  0   1 100, 0.911660 [0.366709/60.570047] [   0/0.911660]
  0   1 150, 0.907397 [0.451516/59.762858] [   0/0.907397]
  0   1 200, 0.846285 [0.361337/58.992703] [   0/0.846285]
  0   1 250, 0.847620 [0.360770/58.258964] [  50/0.846285]
  0   1 300, 0.824219 [0.476391/57.557179] [   0/0.824219]
  0   1 350, 0.807572 [0.316278/56.885283] [   0/0.807572]
Epoch 1 done. Evaluation:
(34875, 50000)
(3256, 10000)
  0   2  50, 0.729175 [0.346822/55.738595] [   0/0.729175]
  0   2 100, 0.725390 [0.409504/55.143083] [   0/0.725390]
  0   2 150, 0.751502 [0.457214/54.573902] [  50/0.725390]
  0   2 200, 0.752591 [0.337775/54.022373] [ 100/0.725390]
  0   2 250, 0.736643 [0.441839/53.493897] [ 150/0.725390]
  0   2 300, 0.719202 [0.382646/52.985349] [   0/0.719202]
  0   2 350, 0.711035 [0.368190/52.488975] [   0/0.711035]
Epoch 2 done. Evaluation:
(37211, 50000)
(6771, 10000)
  0   3  50, 0.643206 [0.375974/51.638468] [   0/0.643206]
  0   3 100, 0.646027 [0.382017/51.195547] [  50/0.643206]
  0   3 150, 0.676078 [0.393801/50.764214] [ 100/0.643206]
  0   3 200, 0.661506 [0.384140/50.342362] [ 150/0.643206]
  0   3 250, 0.693380 [0.536561/49.939110] [ 200/0.643206]
  0   3 300, 0.667382 [0.478099/49.542096] [ 250/0.643206]
  0   3 350, 0.639436 [0.359740/49.157718] [   0/0.639436]
Epoch 3 done. Evaluation:
(38513, 50000)
(6333, 10000)
  0   4  50, 0.588663 [0.398362/48.491204] [   0/0.588663]
  0   4 100, 0.612556 [0.362215/48.141653] [  50/0.588663]
  0   4 150, 0.656095 [0.339945/47.809440] [ 100/0.588663]
  0   4 200, 0.609095 [0.317077/47.479782] [ 150/0.588663]
  0   4 250, 0.638279 [0.413840/47.157796] [ 200/0.588663]
  0   4 300, 0.613779 [0.408472/46.837827] [ 250/0.588663]
  0   4 350, 0.624926 [0.367277/46.533128] [ 300/0.588663]
Epoch 4 done. Evaluation:
(39180, 50000)
(6100, 10000)
  0   5  50, 0.580052 [0.385969/45.998418] [   0/0.580052]
  0   5 100, 0.599010 [0.470063/45.714335] [  50/0.580052]
  0   5 150, 0.575450 [0.403545/45.436575] [   0/0.575450]
  0   5 200, 0.609002 [0.418268/45.161928] [  50/0.575450]
  0   5 250, 0.597400 [0.435481/44.894547] [ 100/0.575450]
  0   5 300, 0.589818 [0.369306/44.640735] [ 150/0.575450]
  0   5 350, 0.585530 [0.462245/44.385859] [ 200/0.575450]
Epoch 5 done. Evaluation:
(39748, 50000)
(6799, 10000)
  0   6  50, 0.547141 [0.437158/43.942787] [   0/0.547141]
  0   6 100, 0.554079 [0.397720/43.710086] [  50/0.547141]
  0   6 150, 0.542217 [0.471568/43.484032] [   0/0.542217]
  0   6 200, 0.627369 [0.362111/43.275148] [  50/0.542217]
  0   6 250, 0.572407 [0.405032/43.050111] [ 100/0.542217]
  0   6 300, 0.563007 [0.404690/42.826686] [ 150/0.542217]
  0   6 350, 0.587692 [0.428422/42.619910] [ 200/0.542217]
Epoch 6 done. Evaluation:
(40106, 50000)
(5478, 10000)
  0   7  50, 0.542494 [0.422425/42.244539] [ 291/0.542217]
  0   7 100, 0.506199 [0.447832/42.045894] [   0/0.506199]
  0   7 150, 0.546096 [0.473191/41.858226] [  50/0.506199]
  0   7 200, 0.540183 [0.426206/41.667737] [ 100/0.506199]
  0   7 250, 0.560090 [0.430748/41.484188] [ 150/0.506199]
  0   7 300, 0.599193 [0.495018/41.301908] [ 200/0.506199]
  0   7 350, 0.553833 [0.424361/41.123249] [ 250/0.506199]
Epoch 7 done. Evaluation:
(40522, 50000)
(6112, 10000)
  0   8  50, 0.505151 [0.402347/40.801594] [   0/0.505151]
  0   8 100, 0.507471 [0.317375/40.632953] [  50/0.505151]
  0   8 150, 0.509072 [0.497590/40.467851] [ 100/0.505151]
  0   8 200, 0.519540 [0.411735/40.308638] [ 150/0.505151]
  0   8 250, 0.570912 [0.391269/40.157930] [ 200/0.505151]
  0   8 300, 0.533227 [0.407967/39.996404] [ 250/0.505151]
  0   8 350, 0.519506 [0.373220/39.840235] [ 300/0.505151]
Epoch 8 done. Evaluation:
(40760, 50000)
(5636, 10000)
  0   9  50, 0.492628 [0.491148/39.580048] [   0/0.492628]
  0   9 100, 0.505150 [0.436981/39.435981] [  50/0.492628]
  0   9 150, 0.507194 [0.450392/39.300213] [ 100/0.492628]
  0   9 200, 0.518492 [0.588565/39.161968] [ 150/0.492628]
  0   9 250, 0.535444 [0.438048/39.021836] [ 200/0.492628]
  0   9 300, 0.534555 [0.357632/38.892624] [ 250/0.492628]
  0   9 350, 0.531497 [0.386737/38.761804] [ 300/0.492628]
Epoch 9 done. Evaluation:
(41004, 50000)
(6178, 10000)
  0  10  50, 0.462370 [0.453217/38.515165] [   0/0.462370]
  0  10 100, 0.505487 [0.501769/38.392287] [  50/0.462370]
  0  10 150, 0.522518 [0.542965/38.272215] [ 100/0.462370]
  0  10 200, 0.530788 [0.485977/38.155400] [ 150/0.462370]
  0  10 250, 0.510322 [0.499268/38.035626] [ 200/0.462370]
  0  10 300, 0.514393 [0.468818/37.920017] [ 250/0.462370]
  0  10 350, 0.518851 [0.402729/37.804145] [ 300/0.462370]
Epoch 10 done. Evaluation:
(41135, 50000)
(4601, 10000)
  0  11  50, 0.472193 [0.399816/37.605640] [ 391/0.462370]
  0  11 100, 0.484762 [0.396448/37.497819] [ 441/0.462370]
  0  11 150, 0.489239 [0.491424/37.392241] [ 491/0.462370]
  0  11 200, 0.488810 [0.462620/37.287810] [ 541/0.462370]
  0  11 250, 0.507182 [0.551575/37.186805] [ 591/0.462370]
  0  11 300, 0.533730 [0.405251/37.093192] [ 641/0.462370]
  0  11 350, 0.542181 [0.419396/36.988310] [ 691/0.462370]
Epoch 11 done. Evaluation:
(41252, 50000)
(6808, 10000)
  0  12  50, 0.467569 [0.566194/36.804628] [ 782/0.462370]
  0  12 100, 0.463963 [0.465602/36.708777] [ 832/0.462370]
  0  12 150, 0.497641 [0.346320/36.624524] [ 882/0.462370]
  0  12 200, 0.471010 [0.575049/36.533305] [ 932/0.462370]
  0  12 250, 0.475580 [0.508703/36.431772] [ 982/0.462370]
  0  12 300, 0.497933 [0.346956/36.343613] [1032/0.462370]
  0  12 350, 0.500710 [0.447204/36.249712] [1082/0.462370]
Epoch 12 done. Evaluation:
(41527, 50000)
(3206, 10000)
  0  13  50, 0.456440 [0.380018/36.104228] [   0/0.456440]
  0  13 100, 0.450995 [0.465803/36.020944] [   0/0.450995]
  0  13 150, 0.484830 [0.400271/35.944083] [  50/0.450995]
  0  13 200, 0.480826 [0.505863/35.863910] [ 100/0.450995]
  0  13 250, 0.518194 [0.391664/35.797350] [ 150/0.450995]
  0  13 300, 0.491613 [0.478236/35.715702] [ 200/0.450995]
  0  13 350, 0.494008 [0.434952/35.627732] [ 250/0.450995]
Epoch 13 done. Evaluation:
(41589, 50000)
(4270, 10000)
  0  14  50, 0.413156 [0.487255/35.477633] [   0/0.413156]
  0  14 100, 0.459404 [0.488676/35.413417] [  50/0.413156]
  0  14 150, 0.482000 [0.424726/35.351835] [ 100/0.413156]
  0  14 200, 0.501677 [0.600242/35.291865] [ 150/0.413156]
  0  14 250, 0.483947 [0.467153/35.220186] [ 200/0.413156]
  0  14 300, 0.480440 [0.404498/35.146531] [ 250/0.413156]
  0  14 350, 0.484536 [0.434028/35.077860] [ 300/0.413156]
Epoch 14 done. Evaluation:
(41719, 50000)
(6964, 10000)
  0  15  50, 0.425466 [0.565029/34.950139] [ 391/0.413156]
  0  15 100, 0.443583 [0.465255/34.890122] [ 441/0.413156]
  0  15 150, 0.492856 [0.494498/34.836879] [ 491/0.413156]
  0  15 200, 0.444055 [0.483379/34.767865] [ 541/0.413156]
  0  15 250, 0.486054 [0.467707/34.711378] [ 591/0.413156]
  0  15 300, 0.459512 [0.530277/34.645105] [ 641/0.413156]
  0  15 350, 0.484379 [0.416080/34.585366] [ 691/0.413156]
Epoch 15 done. Evaluation:
(41863, 50000)
(6705, 10000)
  0  16  50, 0.421735 [0.386100/34.476156] [ 782/0.413156]
  0  16 100, 0.448387 [0.438557/34.422636] [ 832/0.413156]
  0  16 150, 0.457399 [0.399617/34.374146] [ 882/0.413156]
  0  16 200, 0.467705 [0.538845/34.320509] [ 932/0.413156]
  0  16 250, 0.458820 [0.445969/34.269024] [ 982/0.413156]
  0  16 300, 0.474088 [0.427129/34.212738] [1032/0.413156]
  0  16 350, 0.485678 [0.536323/34.164067] [1082/0.413156]
Epoch 16 done. Evaluation:
(41985, 50000)
(6409, 10000)
  0  17  50, 0.406870 [0.396106/34.056957] [   0/0.406870]
  0  17 100, 0.450957 [0.338768/34.016065] [  50/0.406870]
  0  17 150, 0.455424 [0.413857/33.971998] [ 100/0.406870]
  0  17 200, 0.442612 [0.549890/33.928964] [ 150/0.406870]
  0  17 250, 0.467740 [0.522090/33.877424] [ 200/0.406870]
  0  17 300, 0.509278 [0.521433/33.842119] [ 250/0.406870]
  0  17 350, 0.464707 [0.399704/33.783236] [ 300/0.406870]
Epoch 17 done. Evaluation:
(42011, 50000)
(7339, 10000)
  0  18  50, 0.402285 [0.597129/33.693796] [   0/0.402285]
  0  18 100, 0.425593 [0.383130/33.642983] [  50/0.402285]
  0  18 150, 0.432081 [0.409875/33.604237] [ 100/0.402285]
  0  18 200, 0.474135 [0.513707/33.581994] [ 150/0.402285]
  0  18 250, 0.451974 [0.507825/33.539356] [ 200/0.402285]
  0  18 300, 0.446511 [0.452595/33.492877] [ 250/0.402285]
  0  18 350, 0.490256 [0.577799/33.463240] [ 300/0.402285]
Epoch 18 done. Evaluation:
(42256, 50000)
(7260, 10000)
  0  19  50, 0.408033 [0.418380/33.380718] [ 391/0.402285]
  0  19 100, 0.413758 [0.399868/33.341969] [ 441/0.402285]
  0  19 150, 0.431392 [0.596370/33.313663] [ 491/0.402285]
  0  19 200, 0.436026 [0.539120/33.281094] [ 541/0.402285]
  0  19 250, 0.489733 [0.645032/33.259065] [ 591/0.402285]
  0  19 300, 0.502522 [0.495994/33.218133] [ 641/0.402285]
  0  19 350, 0.469425 [0.484057/33.167445] [ 691/0.402285]
Epoch 19 done. Evaluation:
(42192, 50000)
(6885, 10000)
  1   0  50, 0.316454 [0.201468/33.068464] [   0/0.316454]
  1   0 100, 0.268874 [0.228136/33.010573] [   0/0.268874]
  1   0 150, 0.288378 [0.126645/32.956009] [  50/0.268874]
  1   0 200, 0.274816 [0.265597/32.906703] [ 100/0.268874]
  1   0 250, 0.284625 [0.262966/32.860358] [ 150/0.268874]
  1   0 300, 0.271087 [0.277107/32.818352] [ 200/0.268874]
  1   0 350, 0.299884 [0.249612/32.780488] [ 250/0.268874]
Epoch 0 done. Evaluation:
(45021, 50000)
(7592, 10000)
  1   1  50, 0.240594 [0.223777/32.711780] [   0/0.240594]
  1   1 100, 0.259274 [0.208262/32.679222] [  50/0.240594]
  1   1 150, 0.261718 [0.250010/32.649018] [ 100/0.240594]
  1   1 200, 0.266690 [0.237475/32.622242] [ 150/0.240594]
  1   1 250, 0.290014 [0.339740/32.596544] [ 200/0.240594]
  1   1 300, 0.288481 [0.203126/32.573231] [ 250/0.240594]
  1   1 350, 0.291485 [0.216321/32.547024] [ 300/0.240594]
Epoch 1 done. Evaluation:
(45237, 50000)
(6108, 10000)
  1   2  50, 0.231364 [0.221636/32.499809] [   0/0.231364]
  1   2 100, 0.260995 [0.292387/32.476909] [  50/0.231364]
  1   2 150, 0.263254 [0.316225/32.456522] [ 100/0.231364]
  1   2 200, 0.268896 [0.284778/32.441977] [ 150/0.231364]
  1   2 250, 0.280352 [0.260692/32.427033] [ 200/0.231364]
  1   2 300, 0.305723 [0.215065/32.410624] [ 250/0.231364]
  1   2 350, 0.305238 [0.299912/32.393593] [ 300/0.231364]
Epoch 2 done. Evaluation:
(45123, 50000)
(7900, 10000)
  1   3  50, 0.232415 [0.264494/32.354692] [ 391/0.231364]
  1   3 100, 0.252295 [0.275651/32.337895] [ 441/0.231364]
  1   3 150, 0.260958 [0.317885/32.319181] [ 491/0.231364]
  1   3 200, 0.271399 [0.352968/32.304864] [ 541/0.231364]
  1   3 250, 0.294080 [0.360197/32.295529] [ 591/0.231364]
  1   3 300, 0.290743 [0.249349/32.282576] [ 641/0.231364]
  1   3 350, 0.313655 [0.313775/32.268882] [ 691/0.231364]
Epoch 3 done. Evaluation:
(45145, 50000)
(7606, 10000)
  1   4  50, 0.227562 [0.217826/32.239798] [   0/0.227562]
  1   4 100, 0.261377 [0.326947/32.223936] [  50/0.227562]
  1   4 150, 0.262456 [0.352524/32.208315] [ 100/0.227562]
  1   4 200, 0.263723 [0.261597/32.193666] [ 150/0.227562]
  1   4 250, 0.291010 [0.345025/32.184244] [ 200/0.227562]
  1   4 300, 0.304308 [0.311083/32.177157] [ 250/0.227562]
  1   4 350, 0.292649 [0.333810/32.166962] [ 300/0.227562]
Epoch 4 done. Evaluation:
(45178, 50000)
(7294, 10000)
  1   5  50, 0.222671 [0.220852/32.138885] [   0/0.222671]
  1   5 100, 0.254410 [0.298752/32.127110] [  50/0.222671]
  1   5 150, 0.262368 [0.296187/32.115278] [ 100/0.222671]
  1   5 200, 0.272565 [0.380284/32.104363] [ 150/0.222671]
  1   5 250, 0.260153 [0.277498/32.089216] [ 200/0.222671]
  1   5 300, 0.279449 [0.301495/32.080018] [ 250/0.222671]
  1   5 350, 0.317621 [0.276992/32.071324] [ 300/0.222671]
Epoch 5 done. Evaluation:
(45381, 50000)
(7169, 10000)
  1   6  50, 0.228391 [0.232837/32.041368] [ 391/0.222671]
  1   6 100, 0.237753 [0.303615/32.025615] [ 441/0.222671]
  1   6 150, 0.261023 [0.321830/32.015079] [ 491/0.222671]
  1   6 200, 0.279928 [0.299660/32.008754] [ 541/0.222671]
  1   6 250, 0.265562 [0.259825/31.997002] [ 591/0.222671]
  1   6 300, 0.283157 [0.284353/31.989664] [ 641/0.222671]
  1   6 350, 0.303757 [0.331199/31.983385] [ 691/0.222671]
Epoch 6 done. Evaluation:
(45328, 50000)
(7831, 10000)
  1   7  50, 0.218108 [0.316472/31.951816] [   0/0.218108]
  1   7 100, 0.233117 [0.268209/31.944355] [  50/0.218108]
  1   7 150, 0.254438 [0.259859/31.934868] [ 100/0.218108]
  1   7 200, 0.272872 [0.289482/31.928112] [ 150/0.218108]
  1   7 250, 0.264906 [0.342259/31.921761] [ 200/0.218108]
  1   7 300, 0.266815 [0.320125/31.913800] [ 250/0.218108]
  1   7 350, 0.324249 [0.383378/31.913875] [ 300/0.218108]
Epoch 7 done. Evaluation:
(45269, 50000)
(6438, 10000)
  1   8  50, 0.222832 [0.274160/31.892148] [ 391/0.218108]
  1   8 100, 0.236112 [0.331549/31.880723] [ 441/0.218108]
  1   8 150, 0.245020 [0.282341/31.868407] [ 491/0.218108]
  1   8 200, 0.262162 [0.329443/31.862233] [ 541/0.218108]
  1   8 250, 0.261712 [0.300658/31.856106] [ 591/0.218108]
  1   8 300, 0.293741 [0.348184/31.853709] [ 641/0.218108]
  1   8 350, 0.290085 [0.331395/31.844475] [ 691/0.218108]
Epoch 8 done. Evaluation:
(45392, 50000)
(8130, 10000)
  1   9  50, 0.204229 [0.312725/31.815504] [   0/0.204229]
  1   9 100, 0.226842 [0.284726/31.804260] [  50/0.204229]
  1   9 150, 0.240567 [0.360845/31.801326] [ 100/0.204229]
  1   9 200, 0.271519 [0.280122/31.801008] [ 150/0.204229]
  1   9 250, 0.266582 [0.258181/31.790832] [ 200/0.204229]
  1   9 300, 0.294532 [0.221978/31.789527] [ 250/0.204229]
  1   9 350, 0.250311 [0.390556/31.774060] [ 300/0.204229]
Epoch 9 done. Evaluation:
(45551, 50000)
(7570, 10000)
  1  10  50, 0.225074 [0.348583/31.753658] [ 391/0.204229]
  1  10 100, 0.234311 [0.292246/31.746298] [ 441/0.204229]
  1  10 150, 0.237606 [0.300912/31.740872] [ 491/0.204229]
  1  10 200, 0.262632 [0.335483/31.739369] [ 541/0.204229]
  1  10 250, 0.279416 [0.358478/31.733195] [ 591/0.204229]
  1  10 300, 0.276213 [0.286786/31.727483] [ 641/0.204229]
  1  10 350, 0.294485 [0.336250/31.722151] [ 691/0.204229]
Epoch 10 done. Evaluation:
(45301, 50000)
(7303, 10000)
  1  11  50, 0.203984 [0.282704/31.700238] [   0/0.203984]
  1  11 100, 0.245289 [0.412510/31.693301] [  50/0.203984]
  1  11 150, 0.229346 [0.297497/31.684733] [ 100/0.203984]
  1  11 200, 0.274799 [0.377434/31.678925] [ 150/0.203984]
  1  11 250, 0.256952 [0.310749/31.675251] [ 200/0.203984]
  1  11 300, 0.263615 [0.286753/31.666079] [ 250/0.203984]
  1  11 350, 0.276750 [0.297408/31.660042] [ 300/0.203984]
Epoch 11 done. Evaluation:
(45580, 50000)
(6911, 10000)
  1  12  50, 0.202860 [0.299247/31.637692] [   0/0.202860]
  1  12 100, 0.221803 [0.333465/31.623996] [  50/0.202860]
  1  12 150, 0.244791 [0.389849/31.625020] [ 100/0.202860]
  1  12 200, 0.264111 [0.317073/31.625975] [ 150/0.202860]
  1  12 250, 0.263402 [0.300886/31.620278] [ 200/0.202860]
  1  12 300, 0.259435 [0.328881/31.611945] [ 250/0.202860]
  1  12 350, 0.271919 [0.335157/31.610173] [ 300/0.202860]
Epoch 12 done. Evaluation:
(45663, 50000)
(7695, 10000)
  1  13  50, 0.217966 [0.295088/31.588299] [ 391/0.202860]
  1  13 100, 0.230660 [0.236764/31.578765] [ 441/0.202860]
  1  13 150, 0.240441 [0.270973/31.575343] [ 491/0.202860]
  1  13 200, 0.257238 [0.326538/31.577032] [ 541/0.202860]
  1  13 250, 0.255325 [0.265177/31.571880] [ 591/0.202860]
  1  13 300, 0.267650 [0.259059/31.565253] [ 641/0.202860]
  1  13 350, 0.265828 [0.326890/31.560979] [ 691/0.202860]
Epoch 13 done. Evaluation:
(45589, 50000)
(6934, 10000)
  1  14  50, 0.210884 [0.193438/31.546408] [ 782/0.202860]
  1  14 100, 0.213844 [0.342765/31.534255] [ 832/0.202860]
  1  14 150, 0.229950 [0.285652/31.524514] [ 882/0.202860]
  1  14 200, 0.244753 [0.404913/31.522194] [ 932/0.202860]
  1  14 250, 0.265460 [0.232641/31.519103] [ 982/0.202860]
  1  14 300, 0.253926 [0.345400/31.509069] [1032/0.202860]
  1  14 350, 0.263157 [0.326774/31.506264] [1082/0.202860]
Epoch 14 done. Evaluation:
(45724, 50000)
(7786, 10000)
  1  15  50, 0.186583 [0.244291/31.487090] [   0/0.186583]
  1  15 100, 0.236213 [0.266273/31.484739] [  50/0.186583]
  1  15 150, 0.244067 [0.278749/31.482792] [ 100/0.186583]
  1  15 200, 0.243663 [0.239944/31.480197] [ 150/0.186583]
  1  15 250, 0.255731 [0.284614/31.480057] [ 200/0.186583]
  1  15 300, 0.274849 [0.369003/31.479716] [ 250/0.186583]
  1  15 350, 0.291021 [0.311076/31.482781] [ 300/0.186583]
Epoch 15 done. Evaluation:
(45628, 50000)
(7409, 10000)
  1  16  50, 0.215358 [0.355361/31.462507] [ 391/0.186583]
  1  16 100, 0.192231 [0.280521/31.447301] [ 441/0.186583]
  1  16 150, 0.246633 [0.359415/31.441845] [ 491/0.186583]
  1  16 200, 0.257661 [0.247721/31.442665] [ 541/0.186583]
  1  16 250, 0.249353 [0.302408/31.437566] [ 591/0.186583]
  1  16 300, 0.265898 [0.371769/31.438502] [ 641/0.186583]
  1  16 350, 0.266303 [0.368675/31.435029] [ 691/0.186583]
Epoch 16 done. Evaluation:
(45748, 50000)
(7597, 10000)
  1  17  50, 0.191925 [0.299793/31.410584] [ 782/0.186583]
  1  17 100, 0.241278 [0.243046/31.410089] [ 832/0.186583]
  1  17 150, 0.219314 [0.357377/31.405265] [ 882/0.186583]
  1  17 200, 0.239622 [0.344226/31.399674] [ 932/0.186583]
  1  17 250, 0.248731 [0.327459/31.394949] [ 982/0.186583]
  1  17 300, 0.267307 [0.369399/31.396683] [1032/0.186583]
  1  17 350, 0.283794 [0.302624/31.397651] [1082/0.186583]
Epoch 17 done. Evaluation:
(45752, 50000)
(7635, 10000)
  1  18  50, 0.190814 [0.299620/31.373055] [1173/0.186583]
  1  18 100, 0.200433 [0.330915/31.358618] [1223/0.186583]
  1  18 150, 0.220398 [0.374097/31.351594] [1273/0.186583]
  1  18 200, 0.238600 [0.328896/31.348294] [1323/0.186583]
  1  18 250, 0.247900 [0.314484/31.347349] [1373/0.186583]
  1  18 300, 0.248187 [0.353802/31.345406] [1423/0.186583]
  1  18 350, 0.265440 [0.317696/31.348453] [1473/0.186583]
Epoch 18 done. Evaluation:
(45851, 50000)
(7949, 10000)
  1  19  50, 0.189662 [0.255024/31.331577] [1564/0.186583]
  1  19 100, 0.194663 [0.256230/31.319698] [1614/0.186583]
  1  19 150, 0.218292 [0.311609/31.315550] [1664/0.186583]
  1  19 200, 0.244965 [0.280443/31.315660] [1714/0.186583]
  1  19 250, 0.253154 [0.254676/31.314517] [1764/0.186583]
  1  19 300, 0.241482 [0.301701/31.311852] [1814/0.186583]
  1  19 350, 0.264402 [0.316858/31.309695] [1864/0.186583]
Epoch 19 done. Evaluation:
(45881, 50000)
(6772, 10000)
  2   0  50, 0.142665 [0.095071/31.285446] [   0/0.142665]
  2   0 100, 0.105144 [0.056957/31.257368] [   0/0.105144]
  2   0 150, 0.102158 [0.104436/31.230034] [   0/0.102158]
  2   0 200, 0.099302 [0.160036/31.204398] [   0/0.099302]
  2   0 250, 0.088920 [0.123380/31.178762] [   0/0.088920]
  2   0 300, 0.100124 [0.161231/31.154951] [  50/0.088920]
  2   0 350, 0.109245 [0.126139/31.133627] [ 100/0.088920]
Epoch 0 done. Evaluation:
(48228, 50000)
(8306, 10000)
  2   1  50, 0.069732 [0.096568/31.090907] [   0/0.069732]
  2   1 100, 0.066993 [0.134683/31.067062] [   0/0.066993]
  2   1 150, 0.070760 [0.116613/31.044619] [  50/0.066993]
  2   1 200, 0.078125 [0.124555/31.023657] [ 100/0.066993]
  2   1 250, 0.081422 [0.102101/31.003494] [ 150/0.066993]
  2   1 300, 0.068826 [0.124644/30.983453] [ 200/0.066993]
  2   1 350, 0.098210 [0.220486/30.968568] [ 250/0.066993]
Epoch 1 done. Evaluation:
(48696, 50000)
(7194, 10000)
  2   2  50, 0.076093 [0.046730/30.939773] [ 341/0.066993]
  2   2 100, 0.064435 [0.160856/30.919686] [   0/0.064435]
  2   2 150, 0.082972 [0.171979/30.903114] [  50/0.064435]
  2   2 200, 0.088771 [0.212496/30.889322] [ 100/0.064435]
  2   2 250, 0.091132 [0.134649/30.876184] [ 150/0.064435]
  2   2 300, 0.089917 [0.176300/30.863019] [ 200/0.064435]
  2   2 350, 0.092685 [0.099445/30.851391] [ 250/0.064435]
Epoch 2 done. Evaluation:
(48579, 50000)
(8046, 10000)
  2   3  50, 0.073031 [0.123959/30.827563] [ 341/0.064435]
  2   3 100, 0.083603 [0.189079/30.813968] [ 391/0.064435]
  2   3 150, 0.096269 [0.116400/30.804244] [ 441/0.064435]
  2   3 200, 0.077591 [0.110772/30.790631] [ 491/0.064435]
  2   3 250, 0.095623 [0.177272/30.781150] [ 541/0.064435]
  2   3 300, 0.103537 [0.165711/30.774361] [ 591/0.064435]
  2   3 350, 0.100008 [0.084031/30.768013] [ 641/0.064435]
Epoch 3 done. Evaluation:
(48422, 50000)
(8181, 10000)
  2   4  50, 0.109819 [0.145296/30.757144] [ 732/0.064435]
  2   4 100, 0.081240 [0.112424/30.745350] [ 782/0.064435]
  2   4 150, 0.089947 [0.202724/30.735195] [ 832/0.064435]
  2   4 200, 0.101683 [0.139675/30.727784] [ 882/0.064435]
  2   4 250, 0.099025 [0.226452/30.720091] [ 932/0.064435]
  2   4 300, 0.114794 [0.177673/30.715338] [ 982/0.064435]
  2   4 350, 0.126554 [0.141575/30.712959] [1032/0.064435]
Epoch 4 done. Evaluation:
(48172, 50000)
(8210, 10000)
  2   5  50, 0.095106 [0.187638/30.701960] [1123/0.064435]
  2   5 100, 0.093098 [0.171935/30.692882] [1173/0.064435]
  2   5 150, 0.091260 [0.139902/30.683104] [1223/0.064435]
  2   5 200, 0.083580 [0.208001/30.672611] [1273/0.064435]
  2   5 250, 0.111566 [0.129616/30.667902] [1323/0.064435]
  2   5 300, 0.120692 [0.151085/30.665275] [1373/0.064435]
  2   5 350, 0.113986 [0.117584/30.662002] [1423/0.064435]
Epoch 5 done. Evaluation:
(48180, 50000)
(8140, 10000)
  2   6  50, 0.116863 [0.141964/30.658712] [1514/0.064435]
  2   6 100, 0.095400 [0.176439/30.651473] [1564/0.064435]
  2   6 150, 0.093679 [0.180123/30.642714] [1614/0.064435]
  2   6 200, 0.092729 [0.151680/30.635508] [1664/0.064435]
  2   6 250, 0.107405 [0.179212/30.630919] [1714/0.064435]
  2   6 300, 0.118062 [0.175312/30.628693] [1764/0.064435]
  2   6 350, 0.116905 [0.156297/30.625402] [1814/0.064435]
Epoch 6 done. Evaluation:
(48122, 50000)
(7763, 10000)
  2   7  50, 0.083090 [0.140516/30.612666] [1905/0.064435]
  2   7 100, 0.081653 [0.161188/30.602571] [1955/0.064435]
  2   7 150, 0.098700 [0.186646/30.597050] [2005/0.064435]
  2   7 200, 0.110185 [0.196389/30.596139] [2055/0.064435]
  2   7 250, 0.112485 [0.211648/30.595354] [2105/0.064435]
  2   7 300, 0.134492 [0.182384/30.596853] [2155/0.064435]
  2   7 350, 0.131938 [0.155548/30.598787] [2205/0.064435]
Epoch 7 done. Evaluation:
(48099, 50000)
(8020, 10000)
  2   8  50, 0.094006 [0.155519/30.590468] [2296/0.064435]
  2   8 100, 0.093160 [0.147853/30.581903] [2346/0.064435]
  2   8 150, 0.078582 [0.202757/30.570382] [2396/0.064435]
  2   8 200, 0.101746 [0.178413/30.566771] [2446/0.064435]
  2   8 250, 0.112232 [0.096034/30.565012] [2496/0.064435]
  2   8 300, 0.123293 [0.225022/30.564146] [2546/0.064435]
  2   8 350, 0.130379 [0.194051/30.565732] [2596/0.064435]
Epoch 8 done. Evaluation:
(48137, 50000)
(7877, 10000)
  2   9  50, 0.089321 [0.123526/30.556445] [2687/0.064435]
  2   9 100, 0.093536 [0.193899/30.549556] [2737/0.064435]
  2   9 150, 0.102792 [0.181952/30.544599] [2787/0.064435]
  2   9 200, 0.097760 [0.160806/30.538275] [2837/0.064435]
  2   9 250, 0.121599 [0.193328/30.537840] [2887/0.064435]
  2   9 300, 0.141068 [0.275645/30.541575] [2937/0.064435]
  2   9 350, 0.135415 [0.166183/30.542837] [2987/0.064435]
Epoch 9 done. Evaluation:
(48001, 50000)
(7879, 10000)
  2  10  50, 0.103422 [0.174982/30.537125] [3078/0.064435]
  2  10 100, 0.078976 [0.157687/30.525869] [3128/0.064435]
  2  10 150, 0.095281 [0.157746/30.519513] [3178/0.064435]
  2  10 200, 0.096745 [0.158335/30.514253] [3228/0.064435]
  2  10 250, 0.111447 [0.255303/30.511930] [3278/0.064435]
  2  10 300, 0.132179 [0.235314/30.513636] [3328/0.064435]
  2  10 350, 0.137038 [0.254143/30.515777] [3378/0.064435]
Epoch 10 done. Evaluation:
(48040, 50000)
(7884, 10000)
  2  11  50, 0.095744 [0.127085/30.509601] [3469/0.064435]
  2  11 100, 0.081769 [0.141395/30.499965] [3519/0.064435]
  2  11 150, 0.095760 [0.212471/30.494142] [3569/0.064435]
  2  11 200, 0.099346 [0.161590/30.488538] [3619/0.064435]
  2  11 250, 0.114369 [0.173570/30.489767] [3669/0.064435]
  2  11 300, 0.118636 [0.190024/30.490548] [3719/0.064435]
  2  11 350, 0.129701 [0.115604/30.492693] [3769/0.064435]
Epoch 11 done. Evaluation:
(48066, 50000)
(8155, 10000)
  2  12  50, 0.105756 [0.155538/30.491635] [3860/0.064435]
  2  12 100, 0.092332 [0.214550/30.484521] [3910/0.064435]
  2  12 150, 0.094912 [0.149887/30.478587] [3960/0.064435]
  2  12 200, 0.117753 [0.189522/30.477392] [4010/0.064435]
  2  12 250, 0.122826 [0.187668/30.476072] [4060/0.064435]
  2  12 300, 0.127581 [0.169952/30.477467] [4110/0.064435]
  2  12 350, 0.130276 [0.169516/30.478073] [4160/0.064435]
Epoch 12 done. Evaluation:
(47994, 50000)
(7992, 10000)
  2  13  50, 0.084286 [0.109696/30.467746] [4251/0.064435]
  2  13 100, 0.076198 [0.206194/30.458588] [4301/0.064435]
  2  13 150, 0.107453 [0.235068/30.455567] [4351/0.064435]
  2  13 200, 0.095618 [0.185696/30.450699] [4401/0.064435]
  2  13 250, 0.117892 [0.167796/30.449485] [4451/0.064435]
  2  13 300, 0.106700 [0.188996/30.444922] [4501/0.064435]
  2  13 350, 0.114589 [0.240010/30.444909] [4551/0.064435]
Epoch 13 done. Evaluation:
(48209, 50000)
(7969, 10000)
  2  14  50, 0.104814 [0.169819/30.446934] [4642/0.064435]
  2  14 100, 0.104241 [0.207323/30.442876] [4692/0.064435]
  2  14 150, 0.100678 [0.209901/30.439000] [4742/0.064435]
  2  14 200, 0.125581 [0.226286/30.440497] [4792/0.064435]
  2  14 250, 0.111946 [0.249563/30.439809] [4842/0.064435]
  2  14 300, 0.129355 [0.203005/30.440807] [4892/0.064435]
  2  14 350, 0.110095 [0.210980/30.437387] [4942/0.064435]
Epoch 14 done. Evaluation:
(48016, 50000)
(8298, 10000)
  2  15  50, 0.086277 [0.183904/30.429857] [5033/0.064435]
  2  15 100, 0.103107 [0.136068/30.426238] [5083/0.064435]
  2  15 150, 0.095930 [0.170449/30.421341] [5133/0.064435]
  2  15 200, 0.104742 [0.153721/30.418455] [5183/0.064435]
  2  15 250, 0.109440 [0.219550/30.417056] [5233/0.064435]
  2  15 300, 0.120584 [0.235308/30.416507] [5283/0.064435]
  2  15 350, 0.129948 [0.199937/30.417191] [5333/0.064435]
Epoch 15 done. Evaluation:
(48069, 50000)
(8182, 10000)
  2  16  50, 0.083043 [0.129118/30.412549] [5424/0.064435]
  2  16 100, 0.092443 [0.201163/30.408376] [5474/0.064435]
  2  16 150, 0.120084 [0.188591/30.408971] [5524/0.064435]
  2  16 200, 0.113325 [0.203157/30.409502] [5574/0.064435]
  2  16 250, 0.151108 [0.117667/30.416919] [5624/0.064435]
  2  16 300, 0.120360 [0.163123/30.415400] [5674/0.064435]
  2  16 350, 0.120460 [0.173910/30.413581] [5724/0.064435]
Epoch 16 done. Evaluation:
(47911, 50000)
(8297, 10000)
  2  17  50, 0.088839 [0.167277/30.407489] [5815/0.064435]
  2  17 100, 0.078989 [0.112468/30.398116] [5865/0.064435]
  2  17 150, 0.095639 [0.161593/30.393505] [5915/0.064435]
  2  17 200, 0.097384 [0.228035/30.390416] [5965/0.064435]
  2  17 250, 0.113873 [0.164976/30.391257] [6015/0.064435]
  2  17 300, 0.127157 [0.214888/30.394131] [6065/0.064435]
  2  17 350, 0.142967 [0.237593/30.397713] [6115/0.064435]
Epoch 17 done. Evaluation:
(48128, 50000)
(5935, 10000)
  2  18  50, 0.116929 [0.177487/30.402668] [6206/0.064435]
  2  18 100, 0.090092 [0.192661/30.395057] [6256/0.064435]
  2  18 150, 0.111631 [0.165428/30.393781] [6306/0.064435]
  2  18 200, 0.129925 [0.225792/30.394137] [6356/0.064435]
  2  18 250, 0.113130 [0.236886/30.391776] [6406/0.064435]
  2  18 300, 0.135577 [0.183656/30.392237] [6456/0.064435]
  2  18 350, 0.105145 [0.190919/30.388216] [6506/0.064435]
Epoch 18 done. Evaluation:
(47922, 50000)
(8090, 10000)
  2  19  50, 0.099103 [0.146026/30.384891] [6597/0.064435]
  2  19 100, 0.087134 [0.131262/30.377178] [6647/0.064435]
  2  19 150, 0.096800 [0.098842/30.372096] [6697/0.064435]
  2  19 200, 0.096579 [0.162427/30.367951] [6747/0.064435]
  2  19 250, 0.109495 [0.224433/30.365951] [6797/0.064435]
  2  19 300, 0.118551 [0.185644/30.367803] [6847/0.064435]
  2  19 350, 0.119045 [0.189248/30.367317] [6897/0.064435]
Epoch 19 done. Evaluation:
(48144, 50000)
(8228, 10000)
  3   0  50, 0.057806 [0.085999/30.358228] [   0/0.057806]
  3   0 100, 0.044848 [0.061475/30.346670] [   0/0.044848]
  3   0 150, 0.035717 [0.026902/30.334565] [   0/0.035717]
  3   0 200, 0.034261 [0.029917/30.322434] [   0/0.034261]
  3   0 250, 0.029006 [0.051876/30.310295] [   0/0.029006]
  3   0 300, 0.029619 [0.027220/30.298229] [  50/0.029006]
  3   0 350, 0.031819 [0.045767/30.286618] [ 100/0.029006]
Epoch 0 done. Evaluation:
(49442, 50000)
(8556, 10000)
  3   1  50, 0.019676 [0.018438/30.264812] [   0/0.019676]
  3   1 100, 0.016197 [0.025143/30.252210] [   0/0.016197]
  3   1 150, 0.019284 [0.016501/30.239882] [  50/0.016197]
  3   1 200, 0.017507 [0.014789/30.227649] [ 100/0.016197]
  3   1 250, 0.016456 [0.014791/30.215298] [ 150/0.016197]
  3   1 300, 0.017450 [0.015150/30.203347] [ 200/0.016197]
  3   1 350, 0.019827 [0.009284/30.191872] [ 250/0.016197]
Epoch 1 done. Evaluation:
(49791, 50000)
(8704, 10000)
  3   2  50, 0.014830 [0.094123/30.170663] [   0/0.014830]
  3   2 100, 0.011715 [0.068038/30.158694] [   0/0.011715]
  3   2 150, 0.014521 [0.050176/30.147280] [  50/0.011715]
  3   2 200, 0.013377 [0.005338/30.135695] [ 100/0.011715]
  3   2 250, 0.013300 [0.019819/30.124293] [ 150/0.011715]
  3   2 300, 0.013558 [0.022873/30.112988] [ 200/0.011715]
  3   2 350, 0.008206 [0.008108/30.101104] [   0/0.008206]
Epoch 2 done. Evaluation:
(49843, 50000)
(8679, 10000)
  3   3  50, 0.008835 [0.008997/30.080459] [  91/0.008206]
  3   3 100, 0.007110 [0.021480/30.068702] [   0/0.007110]
  3   3 150, 0.008093 [0.042396/30.057273] [  50/0.007110]
  3   3 200, 0.012199 [0.063202/30.046424] [ 100/0.007110]
  3   3 250, 0.011513 [0.049353/30.035684] [ 150/0.007110]
  3   3 300, 0.012196 [0.015207/30.025287] [ 200/0.007110]
  3   3 350, 0.011026 [0.048998/30.014795] [ 250/0.007110]
Epoch 3 done. Evaluation:
(49881, 50000)
(8730, 10000)
  3   4  50, 0.008379 [0.070626/29.995375] [ 341/0.007110]
  3   4 100, 0.008303 [0.018896/29.984672] [ 391/0.007110]
  3   4 150, 0.007005 [0.007259/29.973814] [   0/0.007005]
  3   4 200, 0.008517 [0.008599/29.963212] [  50/0.007005]
  3   4 250, 0.010100 [0.012238/29.953077] [ 100/0.007005]
  3   4 300, 0.009457 [0.004759/29.942952] [ 150/0.007005]
  3   4 350, 0.012896 [0.062248/29.933730] [ 200/0.007005]
Epoch 4 done. Evaluation:
(49892, 50000)
(8573, 10000)
  3   5  50, 0.009432 [0.006561/29.916692] [ 291/0.007005]
  3   5 100, 0.017239 [0.027939/29.908448] [ 341/0.007005]
  3   5 150, 0.010370 [0.009560/29.898728] [ 391/0.007005]
  3   5 200, 0.018294 [0.095069/29.890787] [ 441/0.007005]
  3   5 250, 0.020318 [0.027908/29.883422] [ 491/0.007005]
  3   5 300, 0.027877 [0.076034/29.877544] [ 541/0.007005]
  3   5 350, 0.021660 [0.089160/29.870654] [ 591/0.007005]
Epoch 5 done. Evaluation:
(49717, 50000)
(8551, 10000)
  3   6  50, 0.019794 [0.055522/29.857992] [ 682/0.007005]
  3   6 100, 0.015359 [0.019748/29.849510] [ 732/0.007005]
  3   6 150, 0.021265 [0.015804/29.842932] [ 782/0.007005]
  3   6 200, 0.020907 [0.098981/29.836191] [ 832/0.007005]
  3   6 250, 0.025135 [0.049232/29.830363] [ 882/0.007005]
  3   6 300, 0.028036 [0.083034/29.824809] [ 932/0.007005]
  3   6 350, 0.025815 [0.137123/29.819112] [ 982/0.007005]
Epoch 6 done. Evaluation:
(49630, 50000)
(8522, 10000)
  3   7  50, 0.030882 [0.028634/29.810537] [1073/0.007005]
  3   7 100, 0.028494 [0.050518/29.804568] [1123/0.007005]
  3   7 150, 0.022922 [0.070415/29.797988] [1173/0.007005]
  3   7 200, 0.024677 [0.022034/29.791905] [1223/0.007005]
  3   7 250, 0.029089 [0.088744/29.787122] [1273/0.007005]
  3   7 300, 0.030841 [0.117196/29.782162] [1323/0.007005]
  3   7 350, 0.041706 [0.105588/29.779987] [1373/0.007005]
Epoch 7 done. Evaluation:
(49520, 50000)
(8123, 10000)
  3   8  50, 0.043637 [0.071325/29.773400] [1464/0.007005]
  3   8 100, 0.038381 [0.025363/29.769473] [1514/0.007005]
  3   8 150, 0.037291 [0.040176/29.765554] [1564/0.007005]
  3   8 200, 0.042661 [0.042499/29.763069] [1614/0.007005]
  3   8 250, 0.045888 [0.054775/29.759932] [1664/0.007005]
  3   8 300, 0.043780 [0.179217/29.757296] [1714/0.007005]
  3   8 350, 0.062818 [0.089942/29.757814] [1764/0.007005]
Epoch 8 done. Evaluation:
(49206, 50000)
(8373, 10000)
  3   9  50, 0.047313 [0.154030/29.755682] [1855/0.007005]
  3   9 100, 0.042371 [0.022173/29.751910] [1905/0.007005]
  3   9 150, 0.049955 [0.121893/29.749901] [1955/0.007005]
  3   9 200, 0.042120 [0.062050/29.746064] [2005/0.007005]
  3   9 250, 0.036387 [0.073740/29.741738] [2055/0.007005]
  3   9 300, 0.044690 [0.091981/29.738788] [2105/0.007005]
  3   9 350, 0.049163 [0.120053/29.737037] [2155/0.007005]
Epoch 9 done. Evaluation:
(49208, 50000)
(8381, 10000)
  3  10  50, 0.029616 [0.073992/29.729618] [2246/0.007005]
  3  10 100, 0.035728 [0.086097/29.724784] [2296/0.007005]
  3  10 150, 0.036997 [0.063465/29.720246] [2346/0.007005]
  3  10 200, 0.039527 [0.129766/29.716367] [2396/0.007005]
  3  10 250, 0.029076 [0.063342/29.710892] [2446/0.007005]
  3  10 300, 0.037326 [0.112751/29.706809] [2496/0.007005]
  3  10 350, 0.041627 [0.086363/29.703391] [2546/0.007005]
Epoch 10 done. Evaluation:
(49363, 50000)
(7849, 10000)
  3  11  50, 0.030649 [0.051937/29.696617] [2637/0.007005]
  3  11 100, 0.024969 [0.030092/29.690427] [2687/0.007005]
  3  11 150, 0.029363 [0.069564/29.685426] [2737/0.007005]
  3  11 200, 0.023286 [0.127899/29.678908] [2787/0.007005]
  3  11 250, 0.034319 [0.071955/29.674921] [2837/0.007005]
  3  11 300, 0.032733 [0.084536/29.671060] [2887/0.007005]
  3  11 350, 0.039041 [0.129357/29.668118] [2937/0.007005]
Epoch 11 done. Evaluation:
(49455, 50000)
(8258, 10000)
  3  12  50, 0.032973 [0.025222/29.664320] [3028/0.007005]
  3  12 100, 0.031932 [0.067601/29.659950] [3078/0.007005]
  3  12 150, 0.031735 [0.050540/29.655401] [3128/0.007005]
  3  12 200, 0.035125 [0.090613/29.651289] [3178/0.007005]
  3  12 250, 0.038266 [0.088145/29.647576] [3228/0.007005]
  3  12 300, 0.044022 [0.104500/29.644941] [3278/0.007005]
  3  12 350, 0.046702 [0.083451/29.643368] [3328/0.007005]
Epoch 12 done. Evaluation:
(49328, 50000)
(8198, 10000)
  3  13  50, 0.043871 [0.126896/29.641974] [3419/0.007005]
  3  13 100, 0.033877 [0.032851/29.637702] [3469/0.007005]
  3  13 150, 0.043466 [0.022588/29.634592] [3519/0.007005]
  3  13 200, 0.034494 [0.053228/29.630284] [3569/0.007005]
  3  13 250, 0.044172 [0.046603/29.628595] [3619/0.007005]
  3  13 300, 0.042660 [0.071939/29.626428] [3669/0.007005]
  3  13 350, 0.042826 [0.121817/29.624050] [3719/0.007005]
Epoch 13 done. Evaluation:
(49287, 50000)
(7845, 10000)
  3  14  50, 0.059869 [0.048805/29.625978] [3810/0.007005]
  3  14 100, 0.052795 [0.121097/29.625058] [3860/0.007005]
  3  14 150, 0.040125 [0.129838/29.621702] [3910/0.007005]
  3  14 200, 0.054318 [0.145325/29.621539] [3960/0.007005]
  3  14 250, 0.050201 [0.179307/29.619704] [4010/0.007005]
  3  14 300, 0.062891 [0.091321/29.620277] [4060/0.007005]
  3  14 350, 0.064851 [0.157401/29.620883] [4110/0.007005]
Epoch 14 done. Evaluation:
(49041, 50000)
(8142, 10000)
  3  15  50, 0.041370 [0.070388/29.616844] [4201/0.007005]
  3  15 100, 0.042494 [0.101651/29.613932] [4251/0.007005]
  3  15 150, 0.043666 [0.132835/29.611241] [4301/0.007005]
  3  15 200, 0.045783 [0.092498/29.608280] [4351/0.007005]
  3  15 250, 0.052227 [0.084455/29.607374] [4401/0.007005]
  3  15 300, 0.044970 [0.097487/29.605532] [4451/0.007005]
  3  15 350, 0.056355 [0.137204/29.604844] [4501/0.007005]
Epoch 15 done. Evaluation:
(49169, 50000)
(8538, 10000)
  3  16  50, 0.042609 [0.115441/29.601851] [4592/0.007005]
  3  16 100, 0.043436 [0.104741/29.598134] [4642/0.007005]
  3  16 150, 0.056969 [0.164435/29.597648] [4692/0.007005]
  3  16 200, 0.056635 [0.127773/29.597367] [4742/0.007005]
  3  16 250, 0.062900 [0.198767/29.597504] [4792/0.007005]
  3  16 300, 0.065849 [0.110721/29.597494] [4842/0.007005]
  3  16 350, 0.058573 [0.156409/29.597247] [4892/0.007005]
Epoch 16 done. Evaluation:
(49055, 50000)
(8262, 10000)
  3  17  50, 0.040142 [0.105979/29.591832] [4983/0.007005]
  3  17 100, 0.034258 [0.121227/29.587622] [5033/0.007005]
  3  17 150, 0.038557 [0.106440/29.584201] [5083/0.007005]
  3  17 200, 0.046311 [0.052109/29.581926] [5133/0.007005]
  3  17 250, 0.062875 [0.129026/29.582475] [5183/0.007005]
  3  17 300, 0.050728 [0.089864/29.580249] [5233/0.007005]
  3  17 350, 0.062192 [0.105248/29.579949] [5283/0.007005]
Epoch 17 done. Evaluation:
(49152, 50000)
(8543, 10000)
  3  18  50, 0.034129 [0.158036/29.574215] [5374/0.007005]
  3  18 100, 0.041867 [0.066271/29.571116] [5424/0.007005]
  3  18 150, 0.031068 [0.064407/29.566173] [5474/0.007005]
  3  18 200, 0.038687 [0.094547/29.562365] [5524/0.007005]
  3  18 250, 0.038453 [0.054286/29.558403] [5574/0.007005]
  3  18 300, 0.048637 [0.135008/29.557136] [5624/0.007005]
  3  18 350, 0.048099 [0.125582/29.555172] [5674/0.007005]
Epoch 18 done. Evaluation:
(49327, 50000)
(7869, 10000)
  3  19  50, 0.042451 [0.087146/29.552065] [5765/0.007005]
  3  19 100, 0.048863 [0.110616/29.550052] [5815/0.007005]
  3  19 150, 0.036761 [0.139001/29.546292] [5865/0.007005]
  3  19 200, 0.036648 [0.073395/29.542550] [5915/0.007005]
  3  19 250, 0.051428 [0.141148/29.541518] [5965/0.007005]
  3  19 300, 0.065329 [0.075420/29.542445] [6015/0.007005]
  3  19 350, 0.064627 [0.120905/29.543701] [6065/0.007005]
Epoch 19 done. Evaluation:
(49153, 50000)
(8460, 10000)
  4   0  50, 0.030746 [0.033377/29.539649] [6156/0.007005]
  4   0 100, 0.017058 [0.016425/29.535294] [6206/0.007005]
  4   0 150, 0.015557 [0.008563/29.530887] [6256/0.007005]
  4   0 200, 0.013865 [0.018660/29.526439] [6306/0.007005]
  4   0 250, 0.013710 [0.010778/29.521977] [6356/0.007005]
  4   0 300, 0.011744 [0.018752/29.517438] [6406/0.007005]
  4   0 350, 0.010466 [0.012984/29.512823] [6456/0.007005]
Epoch 0 done. Evaluation:
(49805, 50000)
(8802, 10000)
  4   1  50, 0.005867 [0.010823/29.504235] [   0/0.005867]
  4   1 100, 0.006820 [0.031362/29.499537] [  50/0.005867]
  4   1 150, 0.006417 [0.005594/29.494816] [ 100/0.005867]
  4   1 200, 0.006158 [0.016680/29.490141] [ 150/0.005867]
  4   1 250, 0.005935 [0.006404/29.485450] [ 200/0.005867]
  4   1 300, 0.005864 [0.010717/29.480806] [   0/0.005864]
  4   1 350, 0.004878 [0.004885/29.476108] [   0/0.004878]
Epoch 1 done. Evaluation:
(49942, 50000)
(8776, 10000)
  4   2  50, 0.005319 [0.005959/29.467751] [  91/0.004878]
  4   2 100, 0.003438 [0.001807/29.463013] [   0/0.003438]
  4   2 150, 0.003308 [0.001767/29.458285] [   0/0.003308]
  4   2 200, 0.002543 [0.002718/29.453531] [   0/0.002543]
  4   2 250, 0.003426 [0.013735/29.448848] [  50/0.002543]
  4   2 300, 0.003452 [0.003578/29.444205] [ 100/0.002543]
  4   2 350, 0.003076 [0.003122/29.439561] [ 150/0.002543]
Epoch 2 done. Evaluation:
(49980, 50000)
(8834, 10000)
  4   3  50, 0.002371 [0.003709/29.431116] [   0/0.002371]
  4   3 100, 0.003028 [0.009177/29.426495] [  50/0.002371]
  4   3 150, 0.003009 [0.010907/29.421919] [ 100/0.002371]
  4   3 200, 0.002601 [0.001327/29.417322] [ 150/0.002371]
  4   3 250, 0.002495 [0.001629/29.412755] [ 200/0.002371]
  4   3 300, 0.002608 [0.009783/29.408201] [ 250/0.002371]
  4   3 350, 0.002478 [0.007532/29.403663] [ 300/0.002371]
Epoch 3 done. Evaluation:
(49987, 50000)
(8832, 10000)
  4   4  50, 0.001675 [0.001301/29.395357] [   0/0.001675]
  4   4 100, 0.001892 [0.002642/29.390828] [  50/0.001675]
  4   4 150, 0.002474 [0.005927/29.386385] [ 100/0.001675]
  4   4 200, 0.001718 [0.002311/29.381875] [ 150/0.001675]
  4   4 250, 0.001705 [0.001170/29.377392] [ 200/0.001675]
  4   4 300, 0.001641 [0.006244/29.372916] [   0/0.001641]
  4   4 350, 0.001863 [0.006110/29.368471] [  50/0.001641]
Epoch 4 done. Evaluation:
(49995, 50000)
(8867, 10000)
  4   5  50, 0.001267 [0.002345/29.360384] [   0/0.001267]
  4   5 100, 0.001380 [0.001347/29.355955] [  50/0.001267]
  4   5 150, 0.001340 [0.001508/29.351553] [ 100/0.001267]
  4   5 200, 0.001246 [0.001519/29.347151] [   0/0.001246]
  4   5 250, 0.001369 [0.002265/29.342770] [  50/0.001246]
  4   5 300, 0.001523 [0.001526/29.338420] [ 100/0.001246]
  4   5 350, 0.001073 [0.002050/29.334056] [   0/0.001073]
Epoch 5 done. Evaluation:
(49998, 50000)
(8867, 10000)
  4   6  50, 0.001178 [0.001119/29.326202] [  91/0.001073]
  4   6 100, 0.001628 [0.007557/29.321936] [ 141/0.001073]
  4   6 150, 0.001274 [0.002137/29.317660] [ 191/0.001073]
  4   6 200, 0.001481 [0.002995/29.313411] [ 241/0.001073]
  4   6 250, 0.001149 [0.002676/29.309153] [ 291/0.001073]
  4   6 300, 0.001239 [0.001428/29.304910] [ 341/0.001073]
  4   6 350, 0.001528 [0.002492/29.300715] [ 391/0.001073]
Epoch 6 done. Evaluation:
(49998, 50000)
(8870, 10000)
  4   7  50, 0.001209 [0.001650/29.293081] [ 482/0.001073]
  4   7 100, 0.001065 [0.001011/29.288884] [   0/0.001065]
  4   7 150, 0.000950 [0.001300/29.284695] [   0/0.000950]
  4   7 200, 0.001036 [0.001954/29.280527] [  50/0.000950]
  4   7 250, 0.001204 [0.003584/29.276397] [ 100/0.000950]
  4   7 300, 0.000951 [0.001064/29.272254] [ 150/0.000950]
  4   7 350, 0.000968 [0.000881/29.268131] [ 200/0.000950]
Epoch 7 done. Evaluation:
(49998, 50000)
(8876, 10000)
  4   8  50, 0.000937 [0.000794/29.260705] [   0/0.000937]
  4   8 100, 0.001126 [0.005066/29.256634] [  50/0.000937]
  4   8 150, 0.000867 [0.000834/29.252558] [   0/0.000867]
  4   8 200, 0.000878 [0.001987/29.248490] [  50/0.000867]
  4   8 250, 0.000756 [0.001115/29.244427] [   0/0.000756]
  4   8 300, 0.000846 [0.001524/29.240386] [  50/0.000756]
  4   8 350, 0.000879 [0.001874/29.236366] [ 100/0.000756]
Epoch 8 done. Evaluation:
(50000, 50000)
(8855, 10000)
  4   9  50, 0.000617 [0.002005/29.229048] [   0/0.000617]
  4   9 100, 0.000665 [0.001898/29.225045] [  50/0.000617]
  4   9 150, 0.000639 [0.001848/29.221053] [ 100/0.000617]
  4   9 200, 0.000871 [0.000996/29.217098] [ 150/0.000617]
  4   9 250, 0.000820 [0.003129/29.213147] [ 200/0.000617]
  4   9 300, 0.000700 [0.001004/29.209202] [ 250/0.000617]
  4   9 350, 0.000692 [0.001830/29.205269] [ 300/0.000617]
Epoch 9 done. Evaluation:
(50000, 50000)
(8875, 10000)
  4  10  50, 0.000687 [0.000721/29.198155] [ 391/0.000617]
  4  10 100, 0.000631 [0.000514/29.194257] [ 441/0.000617]
  4  10 150, 0.000608 [0.001528/29.190367] [   0/0.000608]
  4  10 200, 0.000609 [0.000504/29.186489] [  50/0.000608]
  4  10 250, 0.000710 [0.000583/29.182633] [ 100/0.000608]
  4  10 300, 0.000599 [0.000436/29.178784] [   0/0.000599]
  4  10 350, 0.000703 [0.000864/29.174950] [  50/0.000599]
Epoch 10 done. Evaluation:
(50000, 50000)
(8879, 10000)
  4  11  50, 0.000674 [0.000692/29.168000] [ 141/0.000599]
  4  11 100, 0.000570 [0.000971/29.164188] [   0/0.000570]
  4  11 150, 0.000589 [0.000830/29.160395] [  50/0.000570]
  4  11 200, 0.000612 [0.001511/29.156616] [ 100/0.000570]
  4  11 250, 0.000655 [0.003291/29.152854] [ 150/0.000570]
  4  11 300, 0.000635 [0.000558/29.149103] [ 200/0.000570]
  4  11 350, 0.000569 [0.000828/29.145357] [   0/0.000569]
Epoch 11 done. Evaluation:
(50000, 50000)
(8878, 10000)
  4  12  50, 0.000548 [0.000609/29.138561] [   0/0.000548]
  4  12 100, 0.000552 [0.001373/29.134844] [  50/0.000548]
  4  12 150, 0.000536 [0.000359/29.131141] [   0/0.000536]
  4  12 200, 0.000511 [0.000682/29.127447] [   0/0.000511]
  4  12 250, 0.000589 [0.001304/29.123770] [  50/0.000511]
  4  12 300, 0.000519 [0.000749/29.120097] [ 100/0.000511]
  4  12 350, 0.000539 [0.000594/29.116441] [ 150/0.000511]
Epoch 12 done. Evaluation:
(50000, 50000)
(8875, 10000)
  4  13  50, 0.000487 [0.000649/29.109819] [   0/0.000487]
  4  13 100, 0.000584 [0.001928/29.106201] [  50/0.000487]
  4  13 150, 0.000484 [0.000711/29.102578] [   0/0.000484]
  4  13 200, 0.001165 [0.001201/29.099076] [  50/0.000484]
  4  13 250, 0.000688 [0.002013/29.095503] [ 100/0.000484]
  4  13 300, 0.000591 [0.002857/29.091930] [ 150/0.000484]
  4  13 350, 0.000546 [0.002036/29.088362] [ 200/0.000484]
Epoch 13 done. Evaluation:
(50000, 50000)
(8856, 10000)
  4  14  50, 0.000813 [0.001242/29.081934] [ 291/0.000484]
  4  14 100, 0.000650 [0.000942/29.078404] [ 341/0.000484]
  4  14 150, 0.000614 [0.000886/29.074884] [ 391/0.000484]
  4  14 200, 0.000559 [0.000528/29.071369] [ 441/0.000484]
  4  14 250, 0.000654 [0.007348/29.067879] [ 491/0.000484]
  4  14 300, 0.000518 [0.001711/29.064377] [ 541/0.000484]
  4  14 350, 0.000679 [0.001622/29.060921] [ 591/0.000484]
Epoch 14 done. Evaluation:
(50000, 50000)
(8780, 10000)
  4  15  50, 0.000553 [0.002513/29.054654] [ 682/0.000484]
  4  15 100, 0.000459 [0.001086/29.051184] [   0/0.000459]
  4  15 150, 0.000548 [0.000641/29.047733] [  50/0.000459]
  4  15 200, 0.000574 [0.001396/29.044308] [ 100/0.000459]
  4  15 250, 0.000684 [0.000623/29.040903] [ 150/0.000459]
  4  15 300, 0.000792 [0.002711/29.037526] [ 200/0.000459]
  4  15 350, 0.000606 [0.001985/29.034127] [ 250/0.000459]
Epoch 15 done. Evaluation:
(50000, 50000)
(8876, 10000)
  4  16  50, 0.000458 [0.004337/29.027959] [   0/0.000458]
  4  16 100, 0.000411 [0.001325/29.024561] [   0/0.000411]
  4  16 150, 0.000507 [0.000500/29.021190] [  50/0.000411]
  4  16 200, 0.000584 [0.001032/29.017836] [ 100/0.000411]
  4  16 250, 1.256465 [0.122253/29.052255] [ 150/0.000411]
  4  16 300, 0.470610 [0.112427/29.059813] [ 200/0.000411]
  4  16 350, 0.184497 [0.066768/29.064219] [ 250/0.000411]
Epoch 16 done. Evaluation:
(46246, 50000)
(7867, 10000)
  4  17  50, 0.078166 [0.061702/29.067755] [ 341/0.000411]
  4  17 100, 0.067448 [0.100272/29.068122] [ 391/0.000411]
  4  17 150, 0.054065 [0.029255/29.067973] [ 441/0.000411]
  4  17 200, 0.049751 [0.050019/29.067602] [ 491/0.000411]
  4  17 250, 0.047798 [0.047113/29.067016] [ 541/0.000411]
  4  17 300, 0.041811 [0.027000/29.066045] [ 591/0.000411]
  4  17 350, 0.041506 [0.044913/29.065057] [ 641/0.000411]
Epoch 17 done. Evaluation:
(49110, 50000)
(6919, 10000)
  4  18  50, 0.026472 [0.022711/29.062626] [ 732/0.000411]
  4  18 100, 0.029365 [0.047998/29.060991] [ 782/0.000411]
  4  18 150, 0.025440 [0.025668/29.059129] [ 832/0.000411]
  4  18 200, 0.022238 [0.053215/29.056890] [ 882/0.000411]
  4  18 250, 0.018724 [0.014561/29.054566] [ 932/0.000411]
  4  18 300, 0.021860 [0.042900/29.052389] [ 982/0.000411]
  4  18 350, 0.018726 [0.052428/29.050094] [1032/0.000411]
Epoch 18 done. Evaluation:
(49631, 50000)
(8213, 10000)
  4  19  50, 0.016319 [0.031853/29.046484] [1123/0.000411]
  4  19 100, 0.017514 [0.012227/29.044084] [1173/0.000411]
  4  19 150, 0.013689 [0.040018/29.041356] [1223/0.000411]
  4  19 200, 0.015613 [0.011569/29.038897] [1273/0.000411]
  4  19 250, 0.026211 [0.032167/29.037310] [1323/0.000411]
  4  19 300, 0.017895 [0.014115/29.035045] [1373/0.000411]
  4  19 350, 0.013268 [0.012614/29.032419] [1423/0.000411]
Epoch 19 done. Evaluation:
(49769, 50000)
(8606, 10000)
  5   0  50, 0.010950 [0.013161/29.028688] [1514/0.000411]
  5   0 100, 0.006839 [0.002532/29.026978] [1564/0.000411]
  5   0 150, 0.006340 [0.001191/29.025241] [1614/0.000411]
  5   0 200, 0.006974 [0.010827/29.023541] [1664/0.000411]
  5   0 250, 0.006158 [0.001813/29.021808] [1714/0.000411]
  5   0 300, 0.004636 [0.007418/29.020049] [1764/0.000411]
  5   0 350, 0.005187 [0.005505/29.018318] [1814/0.000411]
Epoch 0 done. Evaluation:
(49930, 50000)
(8737, 10000)
  5   1  50, 0.002619 [0.002756/29.015096] [1905/0.000411]
  5   1 100, 0.002511 [0.002058/29.013279] [1955/0.000411]
  5   1 150, 0.003408 [0.000667/29.011507] [2005/0.000411]
  5   1 200, 0.003422 [0.001067/29.009745] [2055/0.000411]
  5   1 250, 0.003358 [0.005460/29.007976] [2105/0.000411]
  5   1 300, 0.002649 [0.001953/29.006187] [2155/0.000411]
  5   1 350, 0.002709 [0.001343/29.004400] [2205/0.000411]
Epoch 1 done. Evaluation:
(49981, 50000)
(8776, 10000)
  5   2  50, 0.002442 [0.000732/29.001158] [2296/0.000411]
  5   2 100, 0.001846 [0.000707/28.999358] [2346/0.000411]
  5   2 150, 0.002636 [0.001032/28.997574] [2396/0.000411]
  5   2 200, 0.002159 [0.002128/28.995792] [2446/0.000411]
  5   2 250, 0.002267 [0.000662/28.994014] [2496/0.000411]
  5   2 300, 0.001615 [0.001265/28.992219] [2546/0.000411]
  5   2 350, 0.002050 [0.001065/28.990443] [2596/0.000411]
Epoch 2 done. Evaluation:
(49994, 50000)
(8782, 10000)
  5   3  50, 0.001589 [0.013930/28.987217] [2687/0.000411]
  5   3 100, 0.001540 [0.000994/28.985442] [2737/0.000411]
  5   3 150, 0.001950 [0.000432/28.983682] [2787/0.000411]
  5   3 200, 0.002189 [0.001363/28.981937] [2837/0.000411]
  5   3 250, 0.001617 [0.004318/28.980167] [2887/0.000411]
  5   3 300, 0.001909 [0.008275/28.978410] [2937/0.000411]
  5   3 350, 0.001678 [0.001416/28.976650] [2987/0.000411]
Epoch 3 done. Evaluation:
(49994, 50000)
(8772, 10000)
  5   4  50, 0.001701 [0.001661/28.973462] [3078/0.000411]
  5   4 100, 0.001707 [0.001102/28.971713] [3128/0.000411]
  5   4 150, 0.001238 [0.000775/28.969953] [3178/0.000411]
  5   4 200, 0.001675 [0.000979/28.968208] [3228/0.000411]
  5   4 250, 0.001517 [0.000923/28.966465] [3278/0.000411]
  5   4 300, 0.001625 [0.010777/28.964727] [3328/0.000411]
  5   4 350, 0.001554 [0.001052/28.962994] [3378/0.000411]
Epoch 4 done. Evaluation:
(49996, 50000)
(8801, 10000)
  5   5  50, 0.001050 [0.001120/28.959817] [3469/0.000411]
  5   5 100, 0.001228 [0.002161/28.958082] [3519/0.000411]
  5   5 150, 0.001074 [0.000421/28.956346] [3569/0.000411]
  5   5 200, 0.001011 [0.001157/28.954608] [3619/0.000411]
  5   5 250, 0.001176 [0.002875/28.952881] [3669/0.000411]
  5   5 300, 0.001053 [0.001265/28.951151] [3719/0.000411]
  5   5 350, 0.001074 [0.000982/28.949429] [3769/0.000411]
Epoch 5 done. Evaluation:
(50000, 50000)
(8799, 10000)
  5   6  50, 0.001090 [0.001566/28.946320] [3860/0.000411]
  5   6 100, 0.001081 [0.000267/28.944604] [3910/0.000411]
  5   6 150, 0.000995 [0.000802/28.942888] [3960/0.000411]
  5   6 200, 0.001171 [0.000860/28.941179] [4010/0.000411]
  5   6 250, 0.000951 [0.002650/28.939467] [4060/0.000411]
  5   6 300, 0.000930 [0.001286/28.937755] [4110/0.000411]
  5   6 350, 0.001073 [0.000776/28.936055] [4160/0.000411]
Epoch 6 done. Evaluation:
(50000, 50000)
(8807, 10000)
  5   7  50, 0.000918 [0.000686/28.932969] [4251/0.000411]
  5   7 100, 0.000885 [0.000376/28.931269] [4301/0.000411]
  5   7 150, 0.000814 [0.000576/28.929572] [4351/0.000411]
  5   7 200, 0.000854 [0.001114/28.927879] [4401/0.000411]
  5   7 250, 0.000814 [0.000947/28.926187] [4451/0.000411]
  5   7 300, 0.000779 [0.001768/28.924498] [4501/0.000411]
  5   7 350, 0.000865 [0.000774/28.922817] [4551/0.000411]
Epoch 7 done. Evaluation:
(50000, 50000)
(8815, 10000)
  5   8  50, 0.000720 [0.000511/28.919755] [4642/0.000411]
  5   8 100, 0.001000 [0.000406/28.918085] [4692/0.000411]
  5   8 150, 0.000815 [0.000761/28.916410] [4742/0.000411]
  5   8 200, 0.001065 [0.000566/28.914750] [4792/0.000411]
  5   8 250, 0.000813 [0.000915/28.913084] [4842/0.000411]
  5   8 300, 0.000763 [0.001847/28.911418] [4892/0.000411]
  5   8 350, 0.000883 [0.006150/28.909760] [4942/0.000411]
Epoch 8 done. Evaluation:
(50000, 50000)
(8806, 10000)
  5   9  50, 0.000779 [0.002001/28.906746] [5033/0.000411]
  5   9 100, 0.000797 [0.001244/28.905094] [5083/0.000411]
  5   9 150, 0.000699 [0.000754/28.903441] [5133/0.000411]
  5   9 200, 0.000740 [0.000476/28.901792] [5183/0.000411]
  5   9 250, 0.000759 [0.000640/28.900147] [5233/0.000411]
  5   9 300, 0.000690 [0.000273/28.898498] [5283/0.000411]
  5   9 350, 0.000778 [0.000430/28.896861] [5333/0.000411]
Epoch 9 done. Evaluation:
(50000, 50000)
(8814, 10000)
  5  10  50, 0.000786 [0.001109/28.893884] [5424/0.000411]
  5  10 100, 0.000681 [0.000384/28.892250] [5474/0.000411]
  5  10 150, 0.000585 [0.000523/28.890613] [5524/0.000411]
  5  10 200, 0.000666 [0.000805/28.888982] [5574/0.000411]
  5  10 250, 0.000657 [0.000579/28.887354] [5624/0.000411]
  5  10 300, 0.000605 [0.000302/28.885726] [5674/0.000411]
  5  10 350, 0.000733 [0.000330/28.884107] [5724/0.000411]
Epoch 10 done. Evaluation:
(50000, 50000)
(8826, 10000)
  5  11  50, 0.000595 [0.000875/28.881157] [5815/0.000411]
  5  11 100, 0.000709 [0.000477/28.879544] [5865/0.000411]
  5  11 150, 0.000630 [0.000897/28.877927] [5915/0.000411]
  5  11 200, 0.000558 [0.000739/28.876316] [5965/0.000411]
  5  11 250, 0.000520 [0.000684/28.874705] [6015/0.000411]
  5  11 300, 0.000634 [0.000576/28.873102] [6065/0.000411]
  5  11 350, 0.000618 [0.000591/28.871502] [6115/0.000411]
Epoch 11 done. Evaluation:
(50000, 50000)
(8804, 10000)
  5  12  50, 0.000589 [0.000500/28.868590] [6206/0.000411]
  5  12 100, 0.000621 [0.000641/28.866997] [6256/0.000411]
  5  12 150, 0.000544 [0.000446/28.865403] [6306/0.000411]
  5  12 200, 0.000587 [0.001429/28.863809] [6356/0.000411]
  5  12 250, 0.000520 [0.000416/28.862219] [6406/0.000411]
  5  12 300, 0.000600 [0.000397/28.860635] [6456/0.000411]
  5  12 350, 0.000559 [0.000960/28.859049] [6506/0.000411]
Epoch 12 done. Evaluation:
(50000, 50000)
(8819, 10000)
  5  13  50, 0.000535 [0.000837/28.856176] [6597/0.000411]
  5  13 100, 0.000666 [0.002307/28.854604] [6647/0.000411]
  5  13 150, 0.000636 [0.001261/28.853036] [6697/0.000411]
  5  13 200, 0.000562 [0.000542/28.851466] [6747/0.000411]
  5  13 250, 0.000528 [0.000291/28.849893] [6797/0.000411]
  5  13 300, 0.000551 [0.000698/28.848325] [6847/0.000411]
  5  13 350, 0.000586 [0.000941/28.846765] [6897/0.000411]
Epoch 13 done. Evaluation:
(49999, 50000)
(8829, 10000)
  5  14  50, 0.000568 [0.000279/28.843935] [6988/0.000411]
  5  14 100, 0.000529 [0.000382/28.842376] [7038/0.000411]
  5  14 150, 0.000576 [0.000204/28.840821] [7088/0.000411]
  5  14 200, 0.000567 [0.000315/28.839272] [7138/0.000411]
  5  14 250, 0.000487 [0.000580/28.837718] [7188/0.000411]
  5  14 300, 0.000491 [0.001027/28.836169] [7238/0.000411]
  5  14 350, 0.000569 [0.000397/28.834628] [7288/0.000411]
Epoch 14 done. Evaluation:
(50000, 50000)
(8826, 10000)
  5  15  50, 0.000565 [0.000304/28.831825] [7379/0.000411]
  5  15 100, 0.000513 [0.000321/28.830285] [7429/0.000411]
  5  15 150, 0.000526 [0.000251/28.828749] [7479/0.000411]
  5  15 200, 0.000566 [0.000572/28.827219] [7529/0.000411]
  5  15 250, 0.000491 [0.000974/28.825686] [7579/0.000411]
  5  15 300, 0.000494 [0.000906/28.824156] [7629/0.000411]
  5  15 350, 0.000508 [0.000701/28.822628] [7679/0.000411]
Epoch 15 done. Evaluation:
(50000, 50000)
(8831, 10000)
  5  16  50, 0.000567 [0.000224/28.819860] [7770/0.000411]
  5  16 100, 0.000537 [0.000458/28.818342] [7820/0.000411]
  5  16 150, 0.000477 [0.000375/28.816823] [7870/0.000411]
  5  16 200, 0.000521 [0.002978/28.815309] [7920/0.000411]
  5  16 250, 0.000626 [0.000440/28.813806] [7970/0.000411]
  5  16 300, 0.000562 [0.001086/28.812301] [8020/0.000411]
  5  16 350, 0.000491 [0.001218/28.810790] [8070/0.000411]
Epoch 16 done. Evaluation:
(50000, 50000)
(8819, 10000)
  5  17  50, 0.000491 [0.000234/28.808048] [8161/0.000411]
  5  17 100, 0.000480 [0.000587/28.806546] [8211/0.000411]
  5  17 150, 0.000517 [0.000560/28.805049] [8261/0.000411]
  5  17 200, 0.000524 [0.001313/28.803552] [8311/0.000411]
  5  17 250, 0.000520 [0.000356/28.802062] [8361/0.000411]
  5  17 300, 0.000469 [0.000261/28.800568] [8411/0.000411]
  5  17 350, 0.000581 [0.001553/28.799086] [8461/0.000411]
Epoch 17 done. Evaluation:
(49999, 50000)
(8839, 10000)
  5  18  50, 0.000565 [0.000388/28.796390] [8552/0.000411]
  5  18 100, 0.000506 [0.000331/28.794905] [8602/0.000411]
  5  18 150, 0.000548 [0.000648/28.793427] [8652/0.000411]
  5  18 200, 0.000539 [0.000408/28.791953] [8702/0.000411]
  5  18 250, 0.000558 [0.000294/28.790483] [8752/0.000411]
  5  18 300, 0.000506 [0.000344/28.789007] [8802/0.000411]
  5  18 350, 0.000471 [0.000385/28.787536] [8852/0.000411]
Epoch 18 done. Evaluation:
(50000, 50000)
(8828, 10000)
  5  19  50, 0.000447 [0.000662/28.784864] [8943/0.000411]
  5  19 100, 0.000456 [0.008330/28.783395] [8993/0.000411]
  5  19 150, 0.000556 [0.000639/28.781943] [9043/0.000411]
  5  19 200, 0.000491 [0.000285/28.780483] [9093/0.000411]
  5  19 250, 0.000516 [0.000347/28.779028] [9143/0.000411]
  5  19 300, 0.000418 [0.000757/28.777566] [9193/0.000411]
  5  19 350, 0.000477 [0.000504/28.776117] [9243/0.000411]
Epoch 19 done. Evaluation:
(50000, 50000)
(8837, 10000)
  6   0  50, 0.000418 [0.000164/28.774195] [9334/0.000411]
  6   0 100, 0.000519 [0.000302/28.773471] [9384/0.000411]
  6   0 150, 0.000531 [0.000157/28.772743] [9434/0.000411]
  6   0 200, 0.000443 [0.000467/28.772016] [9484/0.000411]
  6   0 250, 0.000449 [0.000325/28.771291] [9534/0.000411]
  6   0 300, 0.000463 [0.000210/28.770565] [9584/0.000411]
  6   0 350, 0.000477 [0.000265/28.769841] [9634/0.000411]
Epoch 0 done. Evaluation:
(50000, 50000)
(8824, 10000)
  6   1  50, 0.000449 [0.000179/28.768526] [9725/0.000411]
  6   1 100, 0.000476 [0.000287/28.767803] [9775/0.000411]
  6   1 150, 0.000451 [0.000159/28.767080] [9825/0.000411]
  6   1 200, 0.000389 [0.000147/28.766353] [   0/0.000389]
  6   1 250, 0.000484 [0.000270/28.765632] [  50/0.000389]
  6   1 300, 0.000531 [0.000378/28.764915] [ 100/0.000389]
  6   1 350, 0.000479 [0.000259/28.764197] [ 150/0.000389]
Epoch 1 done. Evaluation:
(50000, 50000)
(8838, 10000)
  6   2  50, 0.000412 [0.000366/28.762882] [ 241/0.000389]
  6   2 100, 0.000409 [0.000155/28.762162] [ 291/0.000389]
  6   2 150, 0.000430 [0.000180/28.761443] [ 341/0.000389]
  6   2 200, 0.000491 [0.000349/28.760728] [ 391/0.000389]
  6   2 250, 0.000440 [0.000209/28.760010] [ 441/0.000389]
  6   2 300, 0.000400 [0.000161/28.759291] [ 491/0.000389]
  6   2 350, 0.000426 [0.000359/28.758573] [ 541/0.000389]
Epoch 2 done. Evaluation:
(50000, 50000)
(8840, 10000)
  6   3  50, 0.000433 [0.000152/28.757273] [ 632/0.000389]
  6   3 100, 0.000426 [0.000185/28.756557] [ 682/0.000389]
  6   3 150, 0.000416 [0.000173/28.755842] [ 732/0.000389]
  6   3 200, 0.000420 [0.000367/28.755128] [ 782/0.000389]
  6   3 250, 0.000425 [0.000279/28.754415] [ 832/0.000389]
  6   3 300, 0.000630 [0.000335/28.753717] [ 882/0.000389]
  6   3 350, 0.000427 [0.000505/28.753005] [ 932/0.000389]
Epoch 3 done. Evaluation:
(50000, 50000)
(8831, 10000)
  6   4  50, 0.000431 [0.000278/28.751708] [1023/0.000389]
  6   4 100, 0.000413 [0.000306/28.750996] [1073/0.000389]
  6   4 150, 0.000421 [0.000827/28.750285] [1123/0.000389]
  6   4 200, 0.000481 [0.000211/28.749577] [1173/0.000389]
  6   4 250, 0.000449 [0.000337/28.748869] [1223/0.000389]
  6   4 300, 0.000409 [0.000210/28.748158] [1273/0.000389]
  6   4 350, 0.000411 [0.000368/28.747450] [1323/0.000389]
Epoch 4 done. Evaluation:
(50000, 50000)
(8846, 10000)
  6   5  50, 0.000440 [0.000138/28.746163] [1414/0.000389]
  6   5 100, 0.000419 [0.000266/28.745454] [1464/0.000389]
  6   5 150, 0.000486 [0.000269/28.744753] [1514/0.000389]
  6   5 200, 0.000409 [0.000751/28.744046] [1564/0.000389]
  6   5 250, 0.000430 [0.000175/28.743344] [1614/0.000389]
  6   5 300, 0.000407 [0.000433/28.742638] [1664/0.000389]
  6   5 350, 0.000389 [0.000269/28.741932] [   0/0.000389]
Epoch 5 done. Evaluation:
(50000, 50000)
(8830, 10000)
  6   6  50, 0.000424 [0.000270/28.740652] [  91/0.000389]
  6   6 100, 0.000423 [0.000500/28.739948] [ 141/0.000389]
  6   6 150, 0.000371 [0.000221/28.739245] [   0/0.000371]
  6   6 200, 0.000434 [0.000190/28.738545] [  50/0.000371]
  6   6 250, 0.000415 [0.000422/28.737843] [ 100/0.000371]
  6   6 300, 0.000442 [0.001150/28.737147] [ 150/0.000371]
  6   6 350, 0.000402 [0.000345/28.736446] [ 200/0.000371]
Epoch 6 done. Evaluation:
(50000, 50000)
(8799, 10000)
  6   7  50, 0.000445 [0.000219/28.735172] [ 291/0.000371]
  6   7 100, 0.000427 [0.000332/28.734475] [ 341/0.000371]
  6   7 150, 0.000490 [0.000551/28.733780] [ 391/0.000371]
  6   7 200, 0.000420 [0.000166/28.733083] [ 441/0.000371]
  6   7 250, 0.000408 [0.000268/28.732385] [ 491/0.000371]
  6   7 300, 0.000421 [0.000189/28.731689] [ 541/0.000371]
  6   7 350, 0.000421 [0.000242/28.730999] [ 591/0.000371]
Epoch 7 done. Evaluation:
(50000, 50000)
(8831, 10000)
  6   8  50, 0.000397 [0.000147/28.729732] [ 682/0.000371]
  6   8 100, 0.000376 [0.000213/28.729033] [ 732/0.000371]
  6   8 150, 0.000390 [0.000178/28.728339] [ 782/0.000371]
  6   8 200, 0.000412 [0.000390/28.727647] [ 832/0.000371]
  6   8 250, 0.000389 [0.000193/28.726952] [ 882/0.000371]
  6   8 300, 0.000435 [0.001031/28.726261] [ 932/0.000371]
  6   8 350, 0.000402 [0.000174/28.725572] [ 982/0.000371]
Epoch 8 done. Evaluation:
(50000, 50000)
(8825, 10000)
  6   9  50, 0.000440 [0.000306/28.724318] [1073/0.000371]
  6   9 100, 0.000453 [0.000469/28.723629] [1123/0.000371]
  6   9 150, 0.000367 [0.000212/28.722937] [   0/0.000367]
  6   9 200, 0.000414 [0.000274/28.722249] [  50/0.000367]
  6   9 250, 0.000394 [0.000222/28.721557] [ 100/0.000367]
  6   9 300, 0.000404 [0.000234/28.720872] [ 150/0.000367]
  6   9 350, 0.000408 [0.000174/28.720180] [ 200/0.000367]
Epoch 9 done. Evaluation:
(50000, 50000)
(8824, 10000)
  6  10  50, 0.000355 [0.000179/28.718930] [   0/0.000355]
  6  10 100, 0.000414 [0.000298/28.718245] [  50/0.000355]
  6  10 150, 0.000398 [0.000202/28.717557] [ 100/0.000355]
  6  10 200, 0.000377 [0.000305/28.716872] [ 150/0.000355]
  6  10 250, 0.000477 [0.000440/28.716190] [ 200/0.000355]
  6  10 300, 0.000376 [0.000192/28.715503] [ 250/0.000355]
  6  10 350, 0.000405 [0.000723/28.714819] [ 300/0.000355]
Epoch 10 done. Evaluation:
(50000, 50000)
(8823, 10000)
  6  11  50, 0.000411 [0.000300/28.713577] [ 391/0.000355]
  6  11 100, 0.000406 [0.001095/28.712896] [ 441/0.000355]
  6  11 150, 0.000383 [0.000258/28.712211] [ 491/0.000355]
  6  11 200, 0.000402 [0.000221/28.711529] [ 541/0.000355]
  6  11 250, 0.000423 [0.000184/28.710851] [ 591/0.000355]
  6  11 300, 0.000373 [0.000271/28.710169] [ 641/0.000355]
  6  11 350, 0.000403 [0.000181/28.709494] [ 691/0.000355]
Epoch 11 done. Evaluation:
(50000, 50000)
(8835, 10000)
  6  12  50, 0.000340 [0.000195/28.708252] [   0/0.000340]
  6  12 100, 0.000418 [0.002314/28.707578] [  50/0.000340]
  6  12 150, 0.000400 [0.000185/28.706899] [ 100/0.000340]
  6  12 200, 0.000490 [0.000414/28.706227] [ 150/0.000340]
  6  12 250, 0.000418 [0.000289/28.705547] [ 200/0.000340]
  6  12 300, 0.000386 [0.000324/28.704870] [ 250/0.000340]
  6  12 350, 0.000437 [0.000221/28.704198] [ 300/0.000340]
Epoch 12 done. Evaluation:
(50000, 50000)
(8826, 10000)
  6  13  50, 0.000421 [0.000206/28.702971] [ 391/0.000340]
  6  13 100, 0.000398 [0.000222/28.702298] [ 441/0.000340]
  6  13 150, 0.000360 [0.000213/28.701619] [ 491/0.000340]
  6  13 200, 0.000429 [0.000234/28.700947] [ 541/0.000340]
  6  13 250, 0.000407 [0.000545/28.700276] [ 591/0.000340]
  6  13 300, 0.000409 [0.000642/28.699602] [ 641/0.000340]
  6  13 350, 0.000395 [0.000568/28.698931] [ 691/0.000340]
Epoch 13 done. Evaluation:
(50000, 50000)
(8831, 10000)
  6  14  50, 0.000494 [0.000224/28.697722] [ 782/0.000340]
  6  14 100, 0.000387 [0.000188/28.697048] [ 832/0.000340]
  6  14 150, 0.000402 [0.000357/28.696377] [ 882/0.000340]
  6  14 200, 0.000420 [0.001511/28.695710] [ 932/0.000340]
  6  14 250, 0.000418 [0.000151/28.695038] [ 982/0.000340]
  6  14 300, 0.000424 [0.000218/28.694370] [1032/0.000340]
  6  14 350, 0.000424 [0.000341/28.693703] [1082/0.000340]
Epoch 14 done. Evaluation:
(50000, 50000)
(8826, 10000)
  6  15  50, 0.000424 [0.000340/28.692490] [1173/0.000340]
  6  15 100, 0.000418 [0.000217/28.691826] [1223/0.000340]
  6  15 150, 0.000394 [0.000264/28.691155] [1273/0.000340]
  6  15 200, 0.000405 [0.000137/28.690490] [1323/0.000340]
  6  15 250, 0.000381 [0.000651/28.689822] [1373/0.000340]
  6  15 300, 0.000351 [0.000150/28.689155] [1423/0.000340]
  6  15 350, 0.000342 [0.000212/28.688486] [1473/0.000340]
Epoch 15 done. Evaluation:
(50000, 50000)
(8820, 10000)
  6  16  50, 0.000419 [0.000197/28.687281] [1564/0.000340]
  6  16 100, 0.000362 [0.000401/28.686613] [1614/0.000340]
  6  16 150, 0.000466 [0.000198/28.685959] [1664/0.000340]
  6  16 200, 0.000393 [0.000179/28.685295] [1714/0.000340]
  6  16 250, 0.000375 [0.000425/28.684630] [1764/0.000340]
  6  16 300, 0.000370 [0.000624/28.683966] [1814/0.000340]
  6  16 350, 0.000376 [0.000211/28.683303] [1864/0.000340]
Epoch 16 done. Evaluation:
(50000, 50000)
(8823, 10000)
  6  17  50, 0.000407 [0.000170/28.682103] [1955/0.000340]
  6  17 100, 0.000396 [0.000321/28.681443] [2005/0.000340]
  6  17 150, 0.000390 [0.000404/28.680784] [2055/0.000340]
  6  17 200, 0.000462 [0.000272/28.680124] [2105/0.000340]
  6  17 250, 0.000355 [0.000950/28.679463] [2155/0.000340]
  6  17 300, 0.000389 [0.000219/28.678801] [2205/0.000340]
  6  17 350, 0.000392 [0.000254/28.678142] [2255/0.000340]
Epoch 17 done. Evaluation:
(50000, 50000)
(8818, 10000)
  6  18  50, 0.000357 [0.000163/28.676947] [2346/0.000340]
  6  18 100, 0.000404 [0.000547/28.676289] [2396/0.000340]
  6  18 150, 0.000434 [0.000244/28.675639] [2446/0.000340]
  6  18 200, 0.000411 [0.000703/28.674988] [2496/0.000340]
  6  18 250, 0.000411 [0.000293/28.674333] [2546/0.000340]
  6  18 300, 0.000395 [0.000155/28.673675] [2596/0.000340]
  6  18 350, 0.000424 [0.000361/28.673022] [2646/0.000340]
Epoch 18 done. Evaluation:
(50000, 50000)
(8807, 10000)
  6  19  50, 0.000373 [0.000272/28.671835] [2737/0.000340]
  6  19 100, 0.000367 [0.000332/28.671178] [2787/0.000340]
  6  19 150, 0.000435 [0.000416/28.670531] [2837/0.000340]
  6  19 200, 0.000409 [0.001003/28.669881] [2887/0.000340]
  6  19 250, 0.000393 [0.000594/28.669229] [2937/0.000340]
  6  19 300, 0.000354 [0.000194/28.668576] [2987/0.000340]
  6  19 350, 0.000373 [0.000180/28.667923] [3037/0.000340]
Epoch 19 done. Evaluation:
(50000, 50000)
(8823, 10000)
  7   0  50, 0.000422 [0.000153/28.667074] [3128/0.000340]
  7   0 100, 0.000340 [0.000133/28.666760] [   0/0.000340]
  7   0 150, 0.000398 [0.000164/28.666445] [  50/0.000340]
  7   0 200, 0.000392 [0.000142/28.666129] [ 100/0.000340]
  7   0 250, 0.000381 [0.000109/28.665816] [ 150/0.000340]
  7   0 300, 0.000383 [0.000147/28.665505] [ 200/0.000340]
  7   0 350, 0.000415 [0.000193/28.665194] [ 250/0.000340]
Epoch 0 done. Evaluation:
(50000, 50000)
(8823, 10000)
  7   1  50, 0.000358 [0.000110/28.664623] [ 341/0.000340]
  7   1 100, 0.000377 [0.000155/28.664311] [ 391/0.000340]
  7   1 150, 0.000376 [0.000208/28.663997] [ 441/0.000340]
  7   1 200, 0.000369 [0.000136/28.663682] [ 491/0.000340]
  7   1 250, 0.000373 [0.000153/28.663371] [ 541/0.000340]
  7   1 300, 0.000395 [0.000279/28.663059] [ 591/0.000340]
  7   1 350, 0.000404 [0.000278/28.662747] [ 641/0.000340]
Epoch 1 done. Evaluation:
(50000, 50000)
(8829, 10000)
  7   2  50, 0.000337 [0.000220/28.662178] [   0/0.000337]
  7   2 100, 0.000381 [0.000143/28.661865] [  50/0.000337]
  7   2 150, 0.000366 [0.000147/28.661551] [ 100/0.000337]
  7   2 200, 0.000329 [0.000247/28.661239] [   0/0.000329]
  7   2 250, 0.000356 [0.000118/28.660928] [  50/0.000329]
  7   2 300, 0.000371 [0.000139/28.660618] [ 100/0.000329]
  7   2 350, 0.000499 [0.000196/28.660312] [ 150/0.000329]
Epoch 2 done. Evaluation:
(50000, 50000)
(8825, 10000)
  7   3  50, 0.000385 [0.000251/28.659742] [ 241/0.000329]
  7   3 100, 0.000357 [0.000129/28.659431] [ 291/0.000329]
  7   3 150, 0.000402 [0.000140/28.659125] [ 341/0.000329]
  7   3 200, 0.000363 [0.000130/28.658812] [ 391/0.000329]
  7   3 250, 0.000382 [0.000112/28.658500] [ 441/0.000329]
  7   3 300, 0.000350 [0.000208/28.658187] [ 491/0.000329]
  7   3 350, 0.000331 [0.000156/28.657877] [ 541/0.000329]
Epoch 3 done. Evaluation:
(50000, 50000)
(8825, 10000)
  7   4  50, 0.000378 [0.000154/28.657311] [ 632/0.000329]
  7   4 100, 0.000316 [0.000548/28.656999] [   0/0.000316]
  7   4 150, 0.000318 [0.000235/28.656688] [  50/0.000316]
  7   4 200, 0.000377 [0.000460/28.656376] [ 100/0.000316]
  7   4 250, 0.000351 [0.000315/28.656063] [ 150/0.000316]
  7   4 300, 0.000343 [0.000151/28.655755] [ 200/0.000316]
  7   4 350, 0.000387 [0.000277/28.655445] [ 250/0.000316]
Epoch 4 done. Evaluation:
(50000, 50000)
(8818, 10000)
  7   5  50, 0.000368 [0.000217/28.654884] [ 341/0.000316]
  7   5 100, 0.000304 [0.000125/28.654574] [   0/0.000304]
  7   5 150, 0.000329 [0.000127/28.654263] [  50/0.000304]
  7   5 200, 0.000365 [0.000134/28.653950] [ 100/0.000304]
  7   5 250, 0.000328 [0.000158/28.653640] [ 150/0.000304]
  7   5 300, 0.000358 [0.000206/28.653332] [ 200/0.000304]
  7   5 350, 0.000362 [0.000206/28.653023] [ 250/0.000304]
Epoch 5 done. Evaluation:
(50000, 50000)
(8812, 10000)
  7   6  50, 0.000341 [0.000171/28.652459] [ 341/0.000304]
  7   6 100, 0.000355 [0.000227/28.652155] [ 391/0.000304]
  7   6 150, 0.000338 [0.000126/28.651845] [ 441/0.000304]
  7   6 200, 0.000305 [0.000170/28.651534] [ 491/0.000304]
  7   6 250, 0.000336 [0.000120/28.651225] [ 541/0.000304]
  7   6 300, 0.000360 [0.000135/28.650915] [ 591/0.000304]
  7   6 350, 0.000320 [0.000115/28.650607] [ 641/0.000304]
Epoch 6 done. Evaluation:
(50000, 50000)
(8815, 10000)
  7   7  50, 0.000331 [0.000140/28.650044] [ 732/0.000304]
  7   7 100, 0.000320 [0.000122/28.649736] [ 782/0.000304]
  7   7 150, 0.000367 [0.000143/28.649430] [ 832/0.000304]
  7   7 200, 0.000337 [0.000151/28.649120] [ 882/0.000304]
  7   7 250, 0.000365 [0.000275/28.648815] [ 932/0.000304]
  7   7 300, 0.000338 [0.000114/28.648506] [ 982/0.000304]
  7   7 350, 0.000360 [0.000172/28.648200] [1032/0.000304]
Epoch 7 done. Evaluation:
(50000, 50000)
(8817, 10000)
  7   8  50, 0.000370 [0.000127/28.647646] [1123/0.000304]
  7   8 100, 0.000320 [0.000216/28.647340] [1173/0.000304]
  7   8 150, 0.000344 [0.000119/28.647033] [1223/0.000304]
  7   8 200, 0.000306 [0.000112/28.646723] [1273/0.000304]
  7   8 250, 0.000330 [0.000162/28.646418] [1323/0.000304]
  7   8 300, 0.000320 [0.000240/28.646111] [1373/0.000304]
  7   8 350, 0.000335 [0.000242/28.645805] [1423/0.000304]
Epoch 8 done. Evaluation:
(50000, 50000)
(8799, 10000)
  7   9  50, 0.000303 [0.000442/28.645246] [   0/0.000303]
  7   9 100, 0.000338 [0.000201/28.644941] [  50/0.000303]
  7   9 150, 0.000336 [0.000220/28.644634] [ 100/0.000303]
  7   9 200, 0.000370 [0.000410/28.644325] [ 150/0.000303]
  7   9 250, 0.000357 [0.000165/28.644023] [ 200/0.000303]
  7   9 300, 0.000376 [0.000162/28.643716] [ 250/0.000303]
  7   9 350, 0.000341 [0.000155/28.643412] [ 300/0.000303]
Epoch 9 done. Evaluation:
(50000, 50000)
(8814, 10000)
  7  10  50, 0.000335 [0.000136/28.642855] [ 391/0.000303]
  7  10 100, 0.000355 [0.000155/28.642547] [ 441/0.000303]
  7  10 150, 0.000384 [0.000125/28.642240] [ 491/0.000303]
  7  10 200, 0.000359 [0.000118/28.641935] [ 541/0.000303]
  7  10 250, 0.000387 [0.000125/28.641633] [ 591/0.000303]
  7  10 300, 0.000320 [0.000128/28.641327] [ 641/0.000303]
  7  10 350, 0.000300 [0.000176/28.641022] [   0/0.000300]
Epoch 10 done. Evaluation:
(50000, 50000)
(8805, 10000)
  7  11  50, 0.000340 [0.000120/28.640469] [  91/0.000300]
  7  11 100, 0.000353 [0.000124/28.640164] [ 141/0.000300]
  7  11 150, 0.000358 [0.000122/28.639859] [ 191/0.000300]
  7  11 200, 0.000387 [0.000241/28.639552] [ 241/0.000300]
  7  11 250, 0.000364 [0.000111/28.639250] [ 291/0.000300]
  7  11 300, 0.000321 [0.000134/28.638945] [ 341/0.000300]
  7  11 350, 0.000327 [0.000128/28.638641] [ 391/0.000300]
Epoch 11 done. Evaluation:
(50000, 50000)
(8814, 10000)
  7  12  50, 0.000391 [0.000128/28.638088] [ 482/0.000300]
  7  12 100, 0.000338 [0.000116/28.637785] [ 532/0.000300]
  7  12 150, 0.000338 [0.000147/28.637482] [ 582/0.000300]
  7  12 200, 0.000385 [0.000177/28.637180] [ 632/0.000300]
  7  12 250, 0.000358 [0.000214/28.636874] [ 682/0.000300]
  7  12 300, 0.000353 [0.000171/28.636570] [ 732/0.000300]
  7  12 350, 0.000375 [0.000162/28.636268] [ 782/0.000300]
Epoch 12 done. Evaluation:
(50000, 50000)
(8815, 10000)
  7  13  50, 0.000295 [0.000125/28.635716] [   0/0.000295]
  7  13 100, 0.000346 [0.000206/28.635414] [  50/0.000295]
  7  13 150, 0.000317 [0.000271/28.635110] [ 100/0.000295]
  7  13 200, 0.000301 [0.000131/28.634808] [ 150/0.000295]
  7  13 250, 0.000387 [0.000385/28.634504] [ 200/0.000295]
  7  13 300, 0.000381 [0.000128/28.634201] [ 250/0.000295]
  7  13 350, 0.000354 [0.000173/28.633895] [ 300/0.000295]
Epoch 13 done. Evaluation:
(50000, 50000)
(8812, 10000)
  7  14  50, 0.000327 [0.000180/28.633347] [ 391/0.000295]
  7  14 100, 0.000354 [0.000288/28.633049] [ 441/0.000295]
  7  14 150, 0.000338 [0.000203/28.632746] [ 491/0.000295]
  7  14 200, 0.000367 [0.000294/28.632447] [ 541/0.000295]
  7  14 250, 0.000353 [0.000131/28.632146] [ 591/0.000295]
  7  14 300, 0.000342 [0.000139/28.631842] [ 641/0.000295]
  7  14 350, 0.000362 [0.000132/28.631541] [ 691/0.000295]
Epoch 14 done. Evaluation:
(50000, 50000)
(8810, 10000)
  7  15  50, 0.000318 [0.000146/28.630991] [ 782/0.000295]
  7  15 100, 0.000324 [0.000123/28.630694] [ 832/0.000295]
  7  15 150, 0.000341 [0.000193/28.630392] [ 882/0.000295]
  7  15 200, 0.000302 [0.000150/28.630093] [ 932/0.000295]
  7  15 250, 0.000354 [0.000111/28.629792] [ 982/0.000295]
  7  15 300, 0.000321 [0.000144/28.629490] [1032/0.000295]
  7  15 350, 0.000358 [0.000299/28.629188] [1082/0.000295]
Epoch 15 done. Evaluation:
(50000, 50000)
(8814, 10000)
  7  16  50, 0.000342 [0.000136/28.628641] [1173/0.000295]
  7  16 100, 0.000330 [0.000179/28.628339] [1223/0.000295]
  7  16 150, 0.000308 [0.000229/28.628039] [1273/0.000295]
  7  16 200, 0.000315 [0.000119/28.627737] [1323/0.000295]
  7  16 250, 0.000341 [0.000149/28.627434] [1373/0.000295]
  7  16 300, 0.000323 [0.000454/28.627136] [1423/0.000295]
  7  16 350, 0.000317 [0.000234/28.626835] [1473/0.000295]
Epoch 16 done. Evaluation:
(50000, 50000)
(8816, 10000)
  7  17  50, 0.000313 [0.000144/28.626288] [1564/0.000295]
  7  17 100, 0.000316 [0.000296/28.625987] [1614/0.000295]
  7  17 150, 0.000316 [0.000140/28.625687] [1664/0.000295]
  7  17 200, 0.000357 [0.000172/28.625387] [1714/0.000295]
  7  17 250, 0.000308 [0.000148/28.625085] [1764/0.000295]
  7  17 300, 0.000333 [0.000122/28.624788] [1814/0.000295]
  7  17 350, 0.000305 [0.000196/28.624489] [1864/0.000295]
Epoch 17 done. Evaluation:
(50000, 50000)
(8811, 10000)
  7  18  50, 0.000338 [0.000325/28.623943] [1955/0.000295]
  7  18 100, 0.000352 [0.000204/28.623643] [2005/0.000295]
  7  18 150, 0.000336 [0.000160/28.623347] [2055/0.000295]
  7  18 200, 0.000349 [0.000119/28.623052] [2105/0.000295]
  7  18 250, 0.000343 [0.000184/28.622752] [2155/0.000295]
  7  18 300, 0.000325 [0.000174/28.622453] [2205/0.000295]
  7  18 350, 0.000323 [0.000136/28.622155] [2255/0.000295]
Epoch 18 done. Evaluation:
(50000, 50000)
(8803, 10000)
  7  19  50, 0.000325 [0.000144/28.621610] [2346/0.000295]
  7  19 100, 0.000342 [0.000142/28.621311] [2396/0.000295]
  7  19 150, 0.000321 [0.000167/28.621009] [2446/0.000295]
  7  19 200, 0.000354 [0.003834/28.620717] [2496/0.000295]
  7  19 250, 0.000341 [0.000132/28.620419] [2546/0.000295]
  7  19 300, 0.000336 [0.000130/28.620121] [2596/0.000295]
  7  19 350, 0.000321 [0.000330/28.619823] [2646/0.000295]
Epoch 19 done. Evaluation:
(50000, 50000)
(8800, 10000)
  8   0  50, 0.000300 [0.000203/28.619436] [2737/0.000295]
  8   0 100, 0.000328 [0.000110/28.619294] [2787/0.000295]
  8   0 150, 0.000375 [0.000343/28.619155] [2837/0.000295]
  8   0 200, 0.000360 [0.000133/28.619016] [2887/0.000295]
  8   0 250, 0.000332 [0.000120/28.618874] [2937/0.000295]
  8   0 300, 0.000364 [0.000160/28.618731] [2987/0.000295]
  8   0 350, 0.000335 [0.000106/28.618591] [3037/0.000295]
Epoch 0 done. Evaluation:
(50000, 50000)
(8801, 10000)
  8   1  50, 0.000326 [0.000109/28.618336] [3128/0.000295]
  8   1 100, 0.000336 [0.000299/28.618194] [3178/0.000295]
  8   1 150, 0.000318 [0.000107/28.618055] [3228/0.000295]
  8   1 200, 0.000355 [0.000109/28.617914] [3278/0.000295]
  8   1 250, 0.000354 [0.000131/28.617773] [3328/0.000295]
  8   1 300, 0.000395 [0.000310/28.617633] [3378/0.000295]
  8   1 350, 0.000325 [0.000111/28.617492] [3428/0.000295]
Epoch 1 done. Evaluation:
(50000, 50000)
(8811, 10000)
  8   2  50, 0.000333 [0.000104/28.617237] [3519/0.000295]
  8   2 100, 0.000381 [0.000248/28.617095] [3569/0.000295]
  8   2 150, 0.000326 [0.000122/28.616955] [3619/0.000295]
  8   2 200, 0.000351 [0.000103/28.616813] [3669/0.000295]
  8   2 250, 0.000364 [0.000131/28.616674] [3719/0.000295]
  8   2 300, 0.000319 [0.000102/28.616534] [3769/0.000295]
  8   2 350, 0.000327 [0.000168/28.616394] [3819/0.000295]
Epoch 2 done. Evaluation:
(50000, 50000)
(8810, 10000)
  8   3  50, 0.000360 [0.000135/28.616138] [3910/0.000295]
  8   3 100, 0.000328 [0.000111/28.615997] [3960/0.000295]
  8   3 150, 0.000369 [0.000125/28.615859] [4010/0.000295]
  8   3 200, 0.000323 [0.000115/28.615718] [4060/0.000295]
  8   3 250, 0.000302 [0.000152/28.615576] [4110/0.000295]
  8   3 300, 0.000334 [0.000148/28.615436] [4160/0.000295]
  8   3 350, 0.000373 [0.000161/28.615296] [4210/0.000295]
Epoch 3 done. Evaluation:
(50000, 50000)
(8812, 10000)
  8   4  50, 0.000347 [0.000133/28.615040] [4301/0.000295]
  8   4 100, 0.000314 [0.000134/28.614899] [4351/0.000295]
  8   4 150, 0.000320 [0.000102/28.614760] [4401/0.000295]
  8   4 200, 0.000305 [0.000109/28.614618] [4451/0.000295]
  8   4 250, 0.000417 [0.000132/28.614480] [4501/0.000295]
  8   4 300, 0.000317 [0.000110/28.614338] [4551/0.000295]
  8   4 350, 0.000360 [0.000111/28.614199] [4601/0.000295]
Epoch 4 done. Evaluation:
(50000, 50000)
(8805, 10000)
  8   5  50, 0.000337 [0.000127/28.613945] [4692/0.000295]
  8   5 100, 0.000346 [0.000115/28.613805] [4742/0.000295]
  8   5 150, 0.000354 [0.000114/28.613666] [4792/0.000295]
  8   5 200, 0.000327 [0.000102/28.613526] [4842/0.000295]
  8   5 250, 0.000323 [0.000120/28.613387] [4892/0.000295]
  8   5 300, 0.000361 [0.000142/28.613247] [4942/0.000295]
  8   5 350, 0.000315 [0.000179/28.613106] [4992/0.000295]
Epoch 5 done. Evaluation:
(50000, 50000)
(8802, 10000)
  8   6  50, 0.000315 [0.000104/28.612853] [5083/0.000295]
  8   6 100, 0.000331 [0.000142/28.612710] [5133/0.000295]
  8   6 150, 0.000356 [0.000119/28.612570] [5183/0.000295]
  8   6 200, 0.000308 [0.000128/28.612429] [5233/0.000295]
  8   6 250, 0.000322 [0.000152/28.612291] [5283/0.000295]
  8   6 300, 0.000343 [0.000118/28.612151] [5333/0.000295]
  8   6 350, 0.000285 [0.000169/28.612011] [   0/0.000285]
Epoch 6 done. Evaluation:
(50000, 50000)
(8803, 10000)
  8   7  50, 0.000325 [0.000113/28.611760] [  91/0.000285]
  8   7 100, 0.000328 [0.000136/28.611619] [ 141/0.000285]
  8   7 150, 0.000335 [0.000119/28.611479] [ 191/0.000285]
  8   7 200, 0.000316 [0.000143/28.611340] [ 241/0.000285]
  8   7 250, 0.000322 [0.000112/28.611201] [ 291/0.000285]
  8   7 300, 0.000289 [0.000115/28.611060] [ 341/0.000285]
  8   7 350, 0.000320 [0.000119/28.610920] [ 391/0.000285]
Epoch 7 done. Evaluation:
(50000, 50000)
(8808, 10000)
  8   8  50, 0.000349 [0.000108/28.610666] [ 482/0.000285]
  8   8 100, 0.000333 [0.000135/28.610528] [ 532/0.000285]
  8   8 150, 0.000309 [0.000219/28.610387] [ 582/0.000285]
  8   8 200, 0.000302 [0.000109/28.610246] [ 632/0.000285]
  8   8 250, 0.000313 [0.000139/28.610108] [ 682/0.000285]
  8   8 300, 0.000357 [0.000244/28.609971] [ 732/0.000285]
  8   8 350, 0.000313 [0.000121/28.609832] [ 782/0.000285]
Epoch 8 done. Evaluation:
(50000, 50000)
(8804, 10000)
  8   9  50, 0.000329 [0.000258/28.609575] [ 873/0.000285]
  8   9 100, 0.000284 [0.000108/28.609437] [   0/0.000284]
  8   9 150, 0.000288 [0.000104/28.609298] [  50/0.000284]
  8   9 200, 0.000339 [0.000105/28.609157] [ 100/0.000284]
  8   9 250, 0.000332 [0.000125/28.609018] [ 150/0.000284]
  8   9 300, 0.000285 [0.000113/28.608879] [ 200/0.000284]
  8   9 350, 0.000336 [0.000104/28.608741] [ 250/0.000284]
Epoch 9 done. Evaluation:
(50000, 50000)
(8805, 10000)
  8  10  50, 0.000318 [0.000115/28.608486] [ 341/0.000284]
  8  10 100, 0.000324 [0.000108/28.608349] [ 391/0.000284]
  8  10 150, 0.000349 [0.000185/28.608210] [ 441/0.000284]
  8  10 200, 0.000367 [0.000116/28.608069] [ 491/0.000284]
  8  10 250, 0.000351 [0.000117/28.607930] [ 541/0.000284]
  8  10 300, 0.000305 [0.000290/28.607791] [ 591/0.000284]
  8  10 350, 0.000336 [0.000115/28.607654] [ 641/0.000284]
Epoch 10 done. Evaluation:
(50000, 50000)
(8805, 10000)
  8  11  50, 0.000315 [0.000108/28.607400] [ 732/0.000284]
  8  11 100, 0.000278 [0.000112/28.607262] [   0/0.000278]
  8  11 150, 0.000324 [0.000212/28.607124] [  50/0.000278]
  8  11 200, 0.000321 [0.000105/28.606984] [ 100/0.000278]
  8  11 250, 0.000304 [0.000108/28.606845] [ 150/0.000278]
  8  11 300, 0.000364 [0.000112/28.606707] [ 200/0.000278]
  8  11 350, 0.000413 [0.000213/28.606571] [ 250/0.000278]
Epoch 11 done. Evaluation:
(50000, 50000)
(8808, 10000)
  8  12  50, 0.000301 [0.000184/28.606319] [ 341/0.000278]
  8  12 100, 0.000346 [0.000112/28.606182] [ 391/0.000278]
  8  12 150, 0.000293 [0.000104/28.606041] [ 441/0.000278]
  8  12 200, 0.000329 [0.000104/28.605905] [ 491/0.000278]
  8  12 250, 0.000308 [0.000109/28.605766] [ 541/0.000278]
  8  12 300, 0.000317 [0.000108/28.605627] [ 591/0.000278]
  8  12 350, 0.000310 [0.000109/28.605488] [ 641/0.000278]
Epoch 12 done. Evaluation:
(50000, 50000)
(8810, 10000)
  8  13  50, 0.000320 [0.000107/28.605236] [ 732/0.000278]
  8  13 100, 0.000310 [0.000197/28.605097] [ 782/0.000278]
  8  13 150, 0.000300 [0.000136/28.604960] [ 832/0.000278]
  8  13 200, 0.000361 [0.000111/28.604821] [ 882/0.000278]
  8  13 250, 0.000338 [0.000416/28.604684] [ 932/0.000278]
  8  13 300, 0.000317 [0.000122/28.604544] [ 982/0.000278]
  8  13 350, 0.000324 [0.000132/28.604406] [1032/0.000278]
Epoch 13 done. Evaluation:
(50000, 50000)
(8818, 10000)
  8  14  50, 0.000348 [0.000129/28.604155] [1123/0.000278]
  8  14 100, 0.000299 [0.000283/28.604016] [1173/0.000278]
  8  14 150, 0.000326 [0.000133/28.603877] [1223/0.000278]
  8  14 200, 0.000368 [0.000122/28.603741] [1273/0.000278]
  8  14 250, 0.000356 [0.000107/28.603602] [1323/0.000278]
  8  14 300, 0.000351 [0.000134/28.603467] [1373/0.000278]
  8  14 350, 0.000347 [0.000107/28.603327] [1423/0.000278]
Epoch 14 done. Evaluation:
(50000, 50000)
(8808, 10000)
  8  15  50, 0.000322 [0.000109/28.603077] [1514/0.000278]
  8  15 100, 0.000329 [0.000141/28.602936] [1564/0.000278]
  8  15 150, 0.000348 [0.000113/28.602797] [1614/0.000278]
  8  15 200, 0.000291 [0.000105/28.602660] [1664/0.000278]
  8  15 250, 0.000332 [0.000109/28.602524] [1714/0.000278]
  8  15 300, 0.000307 [0.000102/28.602385] [1764/0.000278]
  8  15 350, 0.000285 [0.000107/28.602244] [1814/0.000278]
Epoch 15 done. Evaluation:
(50000, 50000)
(8810, 10000)
  8  16  50, 0.000343 [0.000113/28.601994] [1905/0.000278]
  8  16 100, 0.000324 [0.000112/28.601856] [1955/0.000278]
  8  16 150, 0.000338 [0.000221/28.601719] [2005/0.000278]
  8  16 200, 0.000349 [0.000129/28.601581] [2055/0.000278]
  8  16 250, 0.000352 [0.000109/28.601444] [2105/0.000278]
  8  16 300, 0.000306 [0.000120/28.601305] [2155/0.000278]
  8  16 350, 0.000345 [0.000119/28.601166] [2205/0.000278]
Epoch 16 done. Evaluation:
(50000, 50000)
(8805, 10000)
  8  17  50, 0.000321 [0.000128/28.600917] [2296/0.000278]
  8  17 100, 0.000293 [0.000115/28.600778] [2346/0.000278]
  8  17 150, 0.000340 [0.000120/28.600640] [2396/0.000278]
  8  17 200, 0.000317 [0.000128/28.600503] [2446/0.000278]
  8  17 250, 0.000294 [0.000146/28.600364] [2496/0.000278]
  8  17 300, 0.000309 [0.000106/28.600226] [2546/0.000278]
  8  17 350, 0.000357 [0.000107/28.600089] [2596/0.000278]
Epoch 17 done. Evaluation:
(50000, 50000)
(8816, 10000)
  8  18  50, 0.000302 [0.000105/28.599839] [2687/0.000278]
  8  18 100, 0.000345 [0.000111/28.599702] [2737/0.000278]
  8  18 150, 0.000303 [0.000103/28.599564] [2787/0.000278]
  8  18 200, 0.000355 [0.000112/28.599426] [2837/0.000278]
  8  18 250, 0.000321 [0.000126/28.599290] [2887/0.000278]
  8  18 300, 0.000327 [0.000618/28.599149] [2937/0.000278]
  8  18 350, 0.000362 [0.000121/28.599017] [2987/0.000278]
Epoch 18 done. Evaluation:
(50000, 50000)
(8813, 10000)
  8  19  50, 0.000293 [0.000105/28.598768] [3078/0.000278]
  8  19 100, 0.000315 [0.000119/28.598629] [3128/0.000278]
  8  19 150, 0.000311 [0.000112/28.598491] [3178/0.000278]
  8  19 200, 0.000319 [0.000108/28.598354] [3228/0.000278]
  8  19 250, 0.000304 [0.000104/28.598217] [3278/0.000278]
  8  19 300, 0.000354 [0.000151/28.598078] [3328/0.000278]
  8  19 350, 0.000316 [0.000106/28.597942] [3378/0.000278]
Epoch 19 done. Evaluation:
(50000, 50000)
(8804, 10000)
  9   0  50, 0.000350 [0.000112/28.597760] [3469/0.000278]
  9   0 100, 0.000311 [0.000103/28.597694] [3519/0.000278]
  9   0 150, 0.000293 [0.000102/28.597626] [3569/0.000278]
  9   0 200, 0.000305 [0.000106/28.597558] [3619/0.000278]
  9   0 250, 0.000309 [0.000101/28.597491] [3669/0.000278]
  9   0 300, 0.000320 [0.000101/28.597425] [3719/0.000278]
  9   0 350, 0.000309 [0.000102/28.597357] [3769/0.000278]
Epoch 0 done. Evaluation:
(50000, 50000)
(8813, 10000)
  9   1  50, 0.000316 [0.000101/28.597234] [3860/0.000278]
  9   1 100, 0.000282 [0.000103/28.597168] [3910/0.000278]
  9   1 150, 0.000315 [0.000105/28.597098] [3960/0.000278]
  9   1 200, 0.000343 [0.000101/28.597033] [4010/0.000278]
  9   1 250, 0.000321 [0.000116/28.596966] [4060/0.000278]
  9   1 300, 0.000319 [0.000111/28.596900] [4110/0.000278]
  9   1 350, 0.000332 [0.000107/28.596832] [4160/0.000278]
Epoch 1 done. Evaluation:
(50000, 50000)
(8812, 10000)
  9   2  50, 0.000301 [0.000117/28.596711] [4251/0.000278]
  9   2 100, 0.000308 [0.000103/28.596643] [4301/0.000278]
  9   2 150, 0.000322 [0.000104/28.596576] [4351/0.000278]
  9   2 200, 0.000303 [0.000102/28.596508] [4401/0.000278]
  9   2 250, 0.000325 [0.000101/28.596441] [4451/0.000278]
  9   2 300, 0.000339 [0.000111/28.596374] [4501/0.000278]
  9   2 350, 0.000317 [0.000120/28.596305] [4551/0.000278]
Epoch 2 done. Evaluation:
(50000, 50000)
(8804, 10000)
  9   3  50, 0.000331 [0.000102/28.596186] [4642/0.000278]
  9   3 100, 0.000310 [0.000124/28.596119] [4692/0.000278]
  9   3 150, 0.000378 [0.000105/28.596051] [4742/0.000278]
  9   3 200, 0.000312 [0.000101/28.595984] [4792/0.000278]
  9   3 250, 0.000330 [0.000103/28.595915] [4842/0.000278]
  9   3 300, 0.000342 [0.000135/28.595849] [4892/0.000278]
  9   3 350, 0.000340 [0.000101/28.595782] [4942/0.000278]
Epoch 3 done. Evaluation:
(50000, 50000)
(8807, 10000)
  9   4  50, 0.000370 [0.000105/28.595659] [5033/0.000278]
  9   4 100, 0.000317 [0.000105/28.595591] [5083/0.000278]
  9   4 150, 0.000290 [0.000102/28.595525] [5133/0.000278]
  9   4 200, 0.000315 [0.000102/28.595459] [5183/0.000278]
  9   4 250, 0.000323 [0.000106/28.595393] [5233/0.000278]
  9   4 300, 0.000325 [0.000105/28.595325] [5283/0.000278]
  9   4 350, 0.000314 [0.000107/28.595259] [5333/0.000278]
Epoch 4 done. Evaluation:
(50000, 50000)
(8794, 10000)
  9   5  50, 0.000303 [0.000106/28.595136] [5424/0.000278]
  9   5 100, 0.000323 [0.000106/28.595070] [5474/0.000278]
  9   5 150, 0.000293 [0.000107/28.595002] [5524/0.000278]
  9   5 200, 0.000294 [0.000106/28.594935] [5574/0.000278]
  9   5 250, 0.000346 [0.000103/28.594869] [5624/0.000278]
  9   5 300, 0.000341 [0.000123/28.594802] [5674/0.000278]
  9   5 350, 0.000356 [0.000102/28.594737] [5724/0.000278]
Epoch 5 done. Evaluation:
(50000, 50000)
(8814, 10000)
  9   6  50, 0.000296 [0.000118/28.594614] [5815/0.000278]
  9   6 100, 0.000324 [0.000103/28.594547] [5865/0.000278]
  9   6 150, 0.000375 [0.000126/28.594481] [5915/0.000278]
  9   6 200, 0.000320 [0.000102/28.594413] [5965/0.000278]
  9   6 250, 0.000277 [0.000102/28.594345] [   0/0.000277]
  9   6 300, 0.000295 [0.000120/28.594277] [  50/0.000277]
  9   6 350, 0.000368 [0.000154/28.594210] [ 100/0.000277]
Epoch 6 done. Evaluation:
(50000, 50000)
(8810, 10000)
  9   7  50, 0.000291 [0.000101/28.594089] [ 191/0.000277]
  9   7 100, 0.000314 [0.000107/28.594023] [ 241/0.000277]
  9   7 150, 0.000308 [0.000114/28.593955] [ 291/0.000277]
  9   7 200, 0.000351 [0.000116/28.593888] [ 341/0.000277]
  9   7 250, 0.000300 [0.000105/28.593821] [ 391/0.000277]
  9   7 300, 0.000342 [0.000102/28.593753] [ 441/0.000277]
  9   7 350, 0.000336 [0.000101/28.593687] [ 491/0.000277]
Epoch 7 done. Evaluation:
(50000, 50000)
(8802, 10000)
  9   8  50, 0.000340 [0.000102/28.593567] [ 582/0.000277]
  9   8 100, 0.000294 [0.000144/28.593499] [ 632/0.000277]
  9   8 150, 0.000346 [0.000160/28.593433] [ 682/0.000277]
  9   8 200, 0.000311 [0.000114/28.593366] [ 732/0.000277]
  9   8 250, 0.000327 [0.000102/28.593300] [ 782/0.000277]
  9   8 300, 0.000293 [0.000101/28.593232] [ 832/0.000277]
  9   8 350, 0.000323 [0.000111/28.593166] [ 882/0.000277]
Epoch 8 done. Evaluation:
(50000, 50000)
(8807, 10000)
  9   9  50, 0.000323 [0.000104/28.593044] [ 973/0.000277]
  9   9 100, 0.000335 [0.000103/28.592976] [1023/0.000277]
  9   9 150, 0.000300 [0.000106/28.592909] [1073/0.000277]
  9   9 200, 0.000297 [0.000101/28.592842] [1123/0.000277]
  9   9 250, 0.000292 [0.000112/28.592776] [1173/0.000277]
  9   9 300, 0.000348 [0.000104/28.592709] [1223/0.000277]
  9   9 350, 0.000307 [0.000114/28.592641] [1273/0.000277]
Epoch 9 done. Evaluation:
(50000, 50000)
(8809, 10000)
  9  10  50, 0.000272 [0.000118/28.592521] [   0/0.000272]
  9  10 100, 0.000336 [0.000126/28.592454] [  50/0.000272]
  9  10 150, 0.000339 [0.000102/28.592388] [ 100/0.000272]
  9  10 200, 0.000344 [0.000113/28.592321] [ 150/0.000272]
  9  10 250, 0.000338 [0.000102/28.592254] [ 200/0.000272]
  9  10 300, 0.000309 [0.000101/28.592188] [ 250/0.000272]
  9  10 350, 0.000284 [0.000103/28.592122] [ 300/0.000272]
Epoch 10 done. Evaluation:
(50000, 50000)
(8807, 10000)
  9  11  50, 0.000318 [0.000103/28.592000] [ 391/0.000272]
  9  11 100, 0.000289 [0.000102/28.591933] [ 441/0.000272]
  9  11 150, 0.000354 [0.000104/28.591868] [ 491/0.000272]
  9  11 200, 0.000308 [0.000101/28.591802] [ 541/0.000272]
  9  11 250, 0.000332 [0.000101/28.591734] [ 591/0.000272]
  9  11 300, 0.000323 [0.000104/28.591667] [ 641/0.000272]
  9  11 350, 0.000325 [0.000102/28.591600] [ 691/0.000272]
Epoch 11 done. Evaluation:
(50000, 50000)
(8803, 10000)
  9  12  50, 0.000354 [0.000156/28.591478] [ 782/0.000272]
  9  12 100, 0.000288 [0.000102/28.591409] [ 832/0.000272]
  9  12 150, 0.000333 [0.000105/28.591343] [ 882/0.000272]
  9  12 200, 0.000326 [0.000101/28.591276] [ 932/0.000272]
  9  12 250, 0.000346 [0.000102/28.591210] [ 982/0.000272]
  9  12 300, 0.000319 [0.000103/28.591145] [1032/0.000272]
  9  12 350, 0.000294 [0.000107/28.591077] [1082/0.000272]
Epoch 12 done. Evaluation:
(50000, 50000)
(8808, 10000)
  9  13  50, 0.000310 [0.000105/28.590956] [1173/0.000272]
  9  13 100, 0.000306 [0.000104/28.590890] [1223/0.000272]
  9  13 150, 0.000327 [0.000110/28.590822] [1273/0.000272]
  9  13 200, 0.000321 [0.000101/28.590757] [1323/0.000272]
  9  13 250, 0.000355 [0.000104/28.590691] [1373/0.000272]
  9  13 300, 0.000376 [0.000102/28.590626] [1423/0.000272]
  9  13 350, 0.000290 [0.000108/28.590558] [1473/0.000272]
Epoch 13 done. Evaluation:
(50000, 50000)
(8806, 10000)
  9  14  50, 0.000308 [0.000101/28.590438] [1564/0.000272]
  9  14 100, 0.000314 [0.000105/28.590372] [1614/0.000272]
  9  14 150, 0.000317 [0.000104/28.590304] [1664/0.000272]
  9  14 200, 0.000368 [0.000102/28.590237] [1714/0.000272]
  9  14 250, 0.000309 [0.000101/28.590170] [1764/0.000272]
  9  14 300, 0.000328 [0.000101/28.590103] [1814/0.000272]
  9  14 350, 0.000296 [0.000102/28.590037] [1864/0.000272]
Epoch 14 done. Evaluation:
(50000, 50000)
(8806, 10000)
  9  15  50, 0.000290 [0.000105/28.589916] [1955/0.000272]
  9  15 100, 0.000305 [0.000102/28.589850] [2005/0.000272]
  9  15 150, 0.000344 [0.000108/28.589784] [2055/0.000272]
  9  15 200, 0.000304 [0.000109/28.589716] [2105/0.000272]
  9  15 250, 0.000296 [0.000105/28.589649] [2155/0.000272]
  9  15 300, 0.000291 [0.000103/28.589583] [2205/0.000272]
  9  15 350, 0.000349 [0.000105/28.589516] [2255/0.000272]
Epoch 15 done. Evaluation:
(50000, 50000)
(8798, 10000)
  9  16  50, 0.000328 [0.000101/28.589396] [2346/0.000272]
  9  16 100, 0.000301 [0.000105/28.589329] [2396/0.000272]
  9  16 150, 0.000337 [0.000106/28.589264] [2446/0.000272]
  9  16 200, 0.000314 [0.000104/28.589198] [2496/0.000272]
  9  16 250, 0.000322 [0.000103/28.589131] [2546/0.000272]
  9  16 300, 0.000309 [0.000102/28.589066] [2596/0.000272]
  9  16 350, 0.000283 [0.000111/28.589000] [2646/0.000272]
Epoch 16 done. Evaluation:
(50000, 50000)
(8809, 10000)
  9  17  50, 0.000308 [0.000115/28.588877] [2737/0.000272]
  9  17 100, 0.000283 [0.000102/28.588809] [2787/0.000272]
  9  17 150, 0.000358 [0.000111/28.588742] [2837/0.000272]
  9  17 200, 0.000303 [0.000104/28.588677] [2887/0.000272]
  9  17 250, 0.000329 [0.000103/28.588610] [2937/0.000272]
  9  17 300, 0.000288 [0.000102/28.588544] [2987/0.000272]
  9  17 350, 0.000304 [0.000105/28.588478] [3037/0.000272]
Epoch 17 done. Evaluation:
(50000, 50000)
(8803, 10000)
  9  18  50, 0.000336 [0.000116/28.588357] [3128/0.000272]
  9  18 100, 0.000336 [0.000103/28.588292] [3178/0.000272]
  9  18 150, 0.000340 [0.000101/28.588225] [3228/0.000272]
  9  18 200, 0.000320 [0.000108/28.588158] [3278/0.000272]
  9  18 250, 0.000319 [0.000114/28.588093] [3328/0.000272]
  9  18 300, 0.000320 [0.000107/28.588025] [3378/0.000272]
  9  18 350, 0.000289 [0.000106/28.587959] [3428/0.000272]
Epoch 18 done. Evaluation:
(50000, 50000)
(8792, 10000)
  9  19  50, 0.000329 [0.000102/28.587839] [3519/0.000272]
  9  19 100, 0.000295 [0.000116/28.587772] [3569/0.000272]
  9  19 150, 0.000344 [0.000110/28.587706] [3619/0.000272]
  9  19 200, 0.000330 [0.000115/28.587641] [3669/0.000272]
  9  19 250, 0.000336 [0.000101/28.587574] [3719/0.000272]
  9  19 300, 0.000309 [0.000104/28.587507] [3769/0.000272]
  9  19 350, 0.000323 [0.000129/28.587441] [3819/0.000272]
Epoch 19 done. Evaluation:
(50000, 50000)
(8807, 10000)
0.00437426929897
0.047751249075
0.0114577933389
0.0231094408959
0.00573870916542
0.0115723401612
0.00288926755467
0.00576617750135
0.00144119861392
0.00144195429907
3.97157226975e-05
3.88936603478e-05
