Sequential (
  (conv1_1): Sequential (
    (0): Conv2d(3, 32, kernel_size=(3, 3), stride=(1, 1), padding=(1, 1))
    (1): BatchNorm2d(32, eps=1e-05, momentum=0.1, affine=True)
    (2): ReLU (inplace)
  )
  (conv1_2): Sequential (
    (0): Conv2d(32, 32, kernel_size=(3, 3), stride=(1, 1), padding=(1, 1))
    (1): BatchNorm2d(32, eps=1e-05, momentum=0.1, affine=True)
    (2): ReLU (inplace)
  )
  (pool1): MaxPool2d (size=(2, 2), stride=(2, 2), dilation=(1, 1))
  (conv2_1): Sequential (
    (0): Conv2d(32, 64, kernel_size=(3, 3), stride=(1, 1), padding=(1, 1))
    (1): BatchNorm2d(64, eps=1e-05, momentum=0.1, affine=True)
    (2): ReLU (inplace)
  )
  (conv2_2): Sequential (
    (0): Conv2d(64, 64, kernel_size=(3, 3), stride=(1, 1), padding=(1, 1))
    (1): BatchNorm2d(64, eps=1e-05, momentum=0.1, affine=True)
    (2): ReLU (inplace)
  )
  (pool2): MaxPool2d (size=(2, 2), stride=(2, 2), dilation=(1, 1))
  (conv3_1): Sequential (
    (0): Conv2d(64, 128, kernel_size=(3, 3), stride=(1, 1), padding=(1, 1))
    (1): BatchNorm2d(128, eps=1e-05, momentum=0.1, affine=True)
    (2): ReLU (inplace)
  )
  (conv3_2): Sequential (
    (0): Conv2d(128, 128, kernel_size=(3, 3), stride=(1, 1), padding=(1, 1))
    (1): BatchNorm2d(128, eps=1e-05, momentum=0.1, affine=True)
    (2): ReLU (inplace)
  )
  (pool3): MaxPool2d (size=(2, 2), stride=(2, 2), dilation=(1, 1))
  (conv4_1): Sequential (
    (0): Conv2d(128, 256, kernel_size=(3, 3), stride=(1, 1), padding=(1, 1))
    (1): BatchNorm2d(256, eps=1e-05, momentum=0.1, affine=True)
    (2): ReLU (inplace)
  )
  (conv4_2): Sequential (
    (0): Conv2d(256, 256, kernel_size=(3, 3), stride=(1, 1), padding=(1, 1))
    (1): BatchNorm2d(256, eps=1e-05, momentum=0.1, affine=True)
    (2): ReLU (inplace)
  )
  (pool4): MaxPool2d (size=(2, 2), stride=(2, 2), dilation=(1, 1))
  (conv5_1): Sequential (
    (0): Conv2d(256, 256, kernel_size=(3, 3), stride=(1, 1), padding=(1, 1))
    (1): BatchNorm2d(256, eps=1e-05, momentum=0.1, affine=True)
    (2): ReLU (inplace)
  )
  (conv5_2): Sequential (
    (0): Conv2d(256, 256, kernel_size=(3, 3), stride=(1, 1), padding=(1, 1))
    (1): BatchNorm2d(256, eps=1e-05, momentum=0.1, affine=True)
    (2): ReLU (inplace)
  )
  (pool5): MaxPool2d (size=(2, 2), stride=(2, 2), dilation=(1, 1))
  (fc6): Sequential (
    (0): Conv2d(256, 256, kernel_size=(1, 1), stride=(1, 1))
    (1): BatchNorm2d(256, eps=1e-05, momentum=0.1, affine=True)
    (2): ReLU (inplace)
  )
  (logit): Conv2d(256, 10, kernel_size=(1, 1), stride=(1, 1))
  (flatter): Flatten()
)
{'L1_decay': 5e-06,
 'batch_size': 128,
 'force_name': False,
 'graphfolder': 'logs/cxp8_graphs/',
 'learning_rate': 0.1,
 'logfile': 'logs/cxp8.log',
 'mode': '',
 'name': 'cxp8',
 'num_base': 32,
 'optimizer': 'SGD_var_dup',
 'weight_decay': 0.00064}
Decayed training with schedule: [20, 20, 20, 20, 20, 20, 20, 20, 20, 20]
  0   0  50, 1.835962 [0.523090/68.962144] [   0/1.835962]
  0   0 100, 1.507953 [0.436724/66.300360] [   0/1.507953]
  0   0 150, 1.368936 [0.462074/64.039362] [   0/1.368936]
  0   0 200, 1.288174 [0.453186/62.062632] [   0/1.288174]
  0   0 250, 1.213602 [0.421717/60.300996] [   0/1.213602]
  0   0 300, 1.098557 [0.477058/58.714956] [   0/1.098557]
  0   0 350, 1.077306 [0.452262/57.271136] [   0/1.077306]
Epoch 0 done. Evaluation:
(26327, 50000)
(3589, 10000)
  0   1  50, 0.962270 [0.423364/54.943559] [   0/0.962270]
  0   1 100, 0.929220 [0.448318/53.797232] [   0/0.929220]
  0   1 150, 0.952759 [0.433061/52.734734] [  50/0.929220]
  0   1 200, 0.946266 [0.452851/51.743738] [ 100/0.929220]
  0   1 250, 0.915496 [0.405807/50.813906] [   0/0.915496]
  0   1 300, 0.866561 [0.384330/49.939303] [   0/0.866561]
  0   1 350, 0.892850 [0.354028/49.119931] [  50/0.866561]
Epoch 1 done. Evaluation:
(33778, 50000)
(3691, 10000)
  0   2  50, 0.854938 [0.373392/47.748402] [   0/0.854938]
  0   2 100, 0.817949 [0.401991/47.055398] [   0/0.817949]
  0   2 150, 0.809598 [0.474445/46.396455] [   0/0.809598]
  0   2 200, 0.835583 [0.434726/45.772024] [  50/0.809598]
  0   2 250, 0.823000 [0.450337/45.178692] [ 100/0.809598]
  0   2 300, 0.791498 [0.441590/44.607555] [   0/0.791498]
  0   2 350, 0.808579 [0.406783/44.064658] [  50/0.791498]
Epoch 2 done. Evaluation:
(35823, 50000)
(4153, 10000)
  0   3  50, 0.754998 [0.471167/43.138511] [   0/0.754998]
  0   3 100, 0.763415 [0.462244/42.669884] [  50/0.754998]
  0   3 150, 0.764137 [0.553111/42.213307] [ 100/0.754998]
  0   3 200, 0.758971 [0.566507/41.779117] [ 150/0.754998]
  0   3 250, 0.766560 [0.403600/41.361242] [ 200/0.754998]
  0   3 300, 0.756649 [0.455851/40.955253] [ 250/0.754998]
  0   3 350, 0.765829 [0.423468/40.567863] [ 300/0.754998]
Epoch 3 done. Evaluation:
(36840, 50000)
(4180, 10000)
  0   4  50, 0.700603 [0.445394/39.902943] [   0/0.700603]
  0   4 100, 1.153905 [0.371490/39.628300] [  50/0.700603]
  0   4 150, 0.814997 [0.482849/39.265367] [ 100/0.700603]
  0   4 200, 0.749462 [0.461364/38.926089] [ 150/0.700603]
  0   4 250, 0.749246 [0.399652/38.606082] [ 200/0.700603]
  0   4 300, 0.721344 [0.750868/38.309806] [ 250/0.700603]
  0   4 350, 0.728516 [0.404126/38.010579] [ 300/0.700603]
Epoch 4 done. Evaluation:
(36378, 50000)
(3022, 10000)
  0   5  50, 0.697049 [0.512263/37.511737] [   0/0.697049]
  0   5 100, 0.720331 [0.646316/37.256477] [  50/0.697049]
  0   5 150, 0.733874 [0.446127/36.999143] [ 100/0.697049]
  0   5 200, 0.730261 [0.477047/36.749443] [ 150/0.697049]
  0   5 250, 0.738635 [0.413062/36.520896] [ 200/0.697049]
  0   5 300, 0.722673 [0.472553/36.284368] [ 250/0.697049]
  0   5 350, 0.852788 [0.413122/36.092556] [ 300/0.697049]
Epoch 5 done. Evaluation:
(37192, 50000)
(5584, 10000)
  0   6  50, 0.734790 [0.438685/35.693433] [ 391/0.697049]
  0   6 100, 0.714282 [0.402716/35.485499] [ 441/0.697049]
  0   6 150, 0.696585 [0.408389/35.290008] [   0/0.696585]
  0   6 200, 0.674584 [0.403249/35.091801] [   0/0.674584]
  0   6 250, 0.697756 [0.493013/34.906833] [  50/0.674584]
  0   6 300, 0.728513 [0.359268/34.734478] [ 100/0.674584]
  0   6 350, 0.697434 [0.417573/34.551154] [ 150/0.674584]
Epoch 6 done. Evaluation:
(37513, 50000)
(6813, 10000)
  0   7  50, 0.672874 [0.413079/34.239086] [   0/0.672874]
  0   7 100, 0.693901 [0.414210/34.078551] [  50/0.672874]
  0   7 150, 0.698702 [0.433578/33.925848] [ 100/0.672874]
  0   7 200, 0.675131 [0.387344/33.782213] [ 150/0.672874]
  0   7 250, 0.671604 [0.483590/33.627961] [   0/0.671604]
  0   7 300, 0.704609 [0.367541/33.485872] [  50/0.671604]
  0   7 350, 0.701895 [0.400005/33.338570] [ 100/0.671604]
Epoch 7 done. Evaluation:
(38033, 50000)
(3807, 10000)
  0   8  50, 0.657019 [0.461782/33.095463] [   0/0.657019]
  0   8 100, 0.673516 [0.521521/32.981029] [  50/0.657019]
  0   8 150, 0.692858 [0.474788/32.853223] [ 100/0.657019]
  0   8 200, 0.662565 [0.520270/32.734645] [ 150/0.657019]
  0   8 250, 0.731288 [0.390672/32.640584] [ 200/0.657019]
  0   8 300, 0.665272 [0.407346/32.504194] [ 250/0.657019]
  0   8 350, 0.682147 [0.442779/32.390604] [ 300/0.657019]
Epoch 8 done. Evaluation:
(38158, 50000)
(3120, 10000)
  0   9  50, 0.659578 [0.427242/32.208935] [ 391/0.657019]
  0   9 100, 0.654687 [0.428174/32.104586] [   0/0.654687]
  0   9 150, 0.653950 [0.413821/32.012499] [   0/0.653950]
  0   9 200, 0.664443 [0.453569/31.916505] [  50/0.653950]
  0   9 250, 0.683836 [0.672708/31.824175] [ 100/0.653950]
  0   9 300, 0.920851 [0.401848/31.797450] [ 150/0.653950]
  0   9 350, 0.684662 [0.441455/31.677149] [ 200/0.653950]
Epoch 9 done. Evaluation:
(37761, 50000)
(5594, 10000)
  0  10  50, 0.691821 [0.417333/31.527130] [ 291/0.653950]
  0  10 100, 0.639034 [0.440666/31.428251] [   0/0.639034]
  0  10 150, 0.666856 [0.624774/31.351426] [  50/0.639034]
  0  10 200, 0.660226 [0.471835/31.264652] [ 100/0.639034]
  0  10 250, 0.639323 [0.402956/31.185959] [ 150/0.639034]
  0  10 300, 0.669410 [0.532607/31.104670] [ 200/0.639034]
  0  10 350, 0.727675 [0.513463/31.047495] [ 250/0.639034]
Epoch 10 done. Evaluation:
(38227, 50000)
(6804, 10000)
  0  11  50, 0.600465 [0.444058/30.900429] [   0/0.600465]
  0  11 100, 0.682340 [0.487291/30.857374] [  50/0.600465]
  0  11 150, 0.658764 [0.440324/30.785019] [ 100/0.600465]
  0  11 200, 0.661588 [0.425450/30.722633] [ 150/0.600465]
  0  11 250, 0.787399 [0.887921/30.747628] [ 200/0.600465]
  0  11 300, 0.735351 [0.393726/30.639420] [ 250/0.600465]
  0  11 350, 0.653680 [0.455426/30.557653] [ 300/0.600465]
Epoch 11 done. Evaluation:
(38117, 50000)
(5742, 10000)
  0  12  50, 0.657790 [0.473725/30.459688] [ 391/0.600465]
  0  12 100, 0.693466 [0.405554/30.428188] [ 441/0.600465]
  0  12 150, 0.626037 [0.460215/30.354422] [ 491/0.600465]
  0  12 200, 0.661358 [0.554905/30.291508] [ 541/0.600465]
  0  12 250, 0.653784 [0.391403/30.230057] [ 591/0.600465]
  0  12 300, 0.679641 [0.421699/30.183583] [ 641/0.600465]
  0  12 350, 0.645280 [0.551819/30.122473] [ 691/0.600465]
Epoch 12 done. Evaluation:
(38512, 50000)
(4946, 10000)
  0  13  50, 0.746833 [0.429311/30.116700] [ 782/0.600465]
  0  13 100, 0.633814 [0.451241/30.035774] [ 832/0.600465]
  0  13 150, 0.636364 [0.479892/29.982742] [ 882/0.600465]
  0  13 200, 0.670605 [0.474525/29.944241] [ 932/0.600465]
  0  13 250, 0.636752 [0.581866/29.887341] [ 982/0.600465]
  0  13 300, 0.678311 [0.392284/29.842090] [1032/0.600465]
  0  13 350, 0.661110 [0.522822/29.797243] [1082/0.600465]
Epoch 13 done. Evaluation:
(38433, 50000)
(6133, 10000)
  0  14  50, 0.631097 [0.448775/29.734177] [1173/0.600465]
  0  14 100, 0.610731 [0.549050/29.693492] [1223/0.600465]
  0  14 150, 0.764290 [0.440073/29.710048] [1273/0.600465]
  0  14 200, 0.640303 [0.396034/29.642861] [1323/0.600465]
  0  14 250, 0.660646 [0.465345/29.598612] [1373/0.600465]
  0  14 300, 0.660219 [0.454082/29.551170] [1423/0.600465]
  0  14 350, 0.629099 [0.400005/29.509027] [1473/0.600465]
Epoch 14 done. Evaluation:
(38700, 50000)
(4855, 10000)
  0  15  50, 0.611029 [0.461191/29.441831] [1564/0.600465]
  0  15 100, 0.627203 [0.374328/29.423236] [1614/0.600465]
  0  15 150, 0.689327 [0.391376/29.410121] [1664/0.600465]
  0  15 200, 0.641594 [0.514370/29.369917] [1714/0.600465]
  0  15 250, 0.970696 [0.404056/29.436424] [1764/0.600465]
  0  15 300, 0.688016 [0.436416/29.363869] [1814/0.600465]
  0  15 350, 0.690271 [0.400478/29.318925] [1864/0.600465]
Epoch 15 done. Evaluation:
(38097, 50000)
(4220, 10000)
  0  16  50, 0.636833 [0.367033/29.245127] [1955/0.600465]
  0  16 100, 0.643393 [0.587426/29.216222] [2005/0.600465]
  0  16 150, 0.696239 [0.527197/29.205278] [2055/0.600465]
  0  16 200, 0.655964 [0.433446/29.161760] [2105/0.600465]
  0  16 250, 0.634769 [0.457356/29.122894] [2155/0.600465]
  0  16 300, 0.625117 [0.566863/29.093773] [2205/0.600465]
  0  16 350, 0.681235 [0.506232/29.069012] [2255/0.600465]
Epoch 16 done. Evaluation:
(38726, 50000)
(3447, 10000)
  0  17  50, 0.609632 [0.523028/29.026307] [2346/0.600465]
  0  17 100, 0.609615 [0.501491/29.012029] [2396/0.600465]
  0  17 150, 0.628114 [0.438746/28.985218] [2446/0.600465]
  0  17 200, 0.934291 [0.589570/29.094248] [2496/0.600465]
  0  17 250, 0.855388 [0.430371/29.004099] [2546/0.600465]
  0  17 300, 0.731425 [0.448436/28.962462] [2596/0.600465]
  0  17 350, 0.688089 [0.428890/28.913503] [2646/0.600465]
Epoch 17 done. Evaluation:
(37796, 50000)
(4556, 10000)
  0  18  50, 0.652097 [0.345676/28.862866] [2737/0.600465]
  0  18 100, 0.636369 [0.427744/28.838544] [2787/0.600465]
  0  18 150, 0.635919 [0.992104/28.822986] [2837/0.600465]
  0  18 200, 0.767318 [0.421667/28.817514] [2887/0.600465]
  0  18 250, 0.635188 [0.455975/28.785311] [2937/0.600465]
  0  18 300, 0.665556 [0.502571/28.771486] [2987/0.600465]
  0  18 350, 0.669044 [0.417691/28.741106] [3037/0.600465]
Epoch 18 done. Evaluation:
(38413, 50000)
(3953, 10000)
  0  19  50, 0.601489 [0.434139/28.709229] [3128/0.600465]
  0  19 100, 0.630413 [0.495548/28.687633] [3178/0.600465]
  0  19 150, 0.637654 [0.391855/28.674651] [3228/0.600465]
  0  19 200, 0.629398 [0.651906/28.652683] [3278/0.600465]
  0  19 250, 0.684621 [0.422550/28.642248] [3328/0.600465]
  0  19 300, 0.652881 [0.471058/28.625869] [3378/0.600465]
  0  19 350, 0.629637 [0.576819/28.609706] [3428/0.600465]
Epoch 19 done. Evaluation:
(38891, 50000)
(6498, 10000)
  1   0  50, 0.461437 [0.224117/28.538703] [   0/0.461437]
  1   0 100, 0.438402 [0.216377/28.490472] [   0/0.438402]
  1   0 150, 0.450788 [0.267011/28.448945] [  50/0.438402]
  1   0 200, 0.447883 [0.212544/28.411652] [ 100/0.438402]
  1   0 250, 0.467131 [0.233873/28.384124] [ 150/0.438402]
  1   0 300, 0.473854 [0.278328/28.358405] [ 200/0.438402]
  1   0 350, 0.482893 [0.259756/28.332431] [ 250/0.438402]
Epoch 0 done. Evaluation:
(41999, 50000)
(4175, 10000)
  1   1  50, 0.424828 [0.228444/28.293867] [   0/0.424828]
  1   1 100, 0.437313 [0.284124/28.281497] [  50/0.424828]
  1   1 150, 0.467330 [0.279909/28.269023] [ 100/0.424828]
  1   1 200, 0.448906 [0.314566/28.256440] [ 150/0.424828]
  1   1 250, 0.487059 [0.263307/28.248125] [ 200/0.424828]
  1   1 300, 0.472776 [0.267612/28.235262] [ 250/0.424828]
  1   1 350, 0.469119 [0.344627/28.228825] [ 300/0.424828]
Epoch 1 done. Evaluation:
(41923, 50000)
(6626, 10000)
  1   2  50, 0.420213 [0.338845/28.209624] [   0/0.420213]
  1   2 100, 0.483653 [0.281215/28.213974] [  50/0.420213]
  1   2 150, 0.466690 [0.265848/28.210492] [ 100/0.420213]
  1   2 200, 0.449032 [0.241084/28.197930] [ 150/0.420213]
  1   2 250, 0.466664 [0.259021/28.190066] [ 200/0.420213]
  1   2 300, 0.456035 [0.306048/28.182093] [ 250/0.420213]
  1   2 350, 0.471329 [0.242984/28.176684] [ 300/0.420213]
Epoch 2 done. Evaluation:
(41927, 50000)
(6625, 10000)
  1   3  50, 0.424928 [0.262676/28.164572] [ 391/0.420213]
  1   3 100, 0.444441 [0.358638/28.163036] [ 441/0.420213]
  1   3 150, 0.433540 [0.295432/28.160592] [ 491/0.420213]
  1   3 200, 0.468250 [0.250687/28.160545] [ 541/0.420213]
  1   3 250, 0.473094 [0.378302/28.159197] [ 591/0.420213]
  1   3 300, 0.460254 [0.298207/28.152091] [ 641/0.420213]
  1   3 350, 0.485937 [0.303927/28.143759] [ 691/0.420213]
Epoch 3 done. Evaluation:
(41976, 50000)
(7206, 10000)
  1   4  50, 0.377820 [0.283402/28.126411] [   0/0.377820]
  1   4 100, 0.441981 [0.277933/28.127104] [  50/0.377820]
  1   4 150, 0.454903 [0.341487/28.123422] [ 100/0.377820]
  1   4 200, 0.462953 [0.335029/28.123948] [ 150/0.377820]
  1   4 250, 0.453274 [0.285330/28.121791] [ 200/0.377820]
  1   4 300, 0.455704 [0.283922/28.116259] [ 250/0.377820]
  1   4 350, 0.487407 [0.346611/28.115182] [ 300/0.377820]
Epoch 4 done. Evaluation:
(42086, 50000)
(6401, 10000)
  1   5  50, 0.401678 [0.274381/28.109253] [ 391/0.377820]
  1   5 100, 0.423738 [0.271212/28.106552] [ 441/0.377820]
  1   5 150, 0.423277 [0.385047/28.106502] [ 491/0.377820]
  1   5 200, 0.472357 [0.320712/28.104398] [ 541/0.377820]
  1   5 250, 0.442386 [0.350449/28.101177] [ 591/0.377820]
  1   5 300, 0.507616 [0.286986/28.100240] [ 641/0.377820]
  1   5 350, 0.472305 [0.298998/28.092880] [ 691/0.377820]
Epoch 5 done. Evaluation:
(42162, 50000)
(6347, 10000)
  1   6  50, 0.386198 [0.337929/28.081426] [ 782/0.377820]
  1   6 100, 0.453810 [0.310285/28.087981] [ 832/0.377820]
  1   6 150, 0.436273 [0.310261/28.088713] [ 882/0.377820]
  1   6 200, 0.438886 [0.353666/28.089079] [ 932/0.377820]
  1   6 250, 0.443870 [0.311764/28.091836] [ 982/0.377820]
  1   6 300, 0.456373 [0.288214/28.089957] [1032/0.377820]
  1   6 350, 0.461383 [0.307510/28.088356] [1082/0.377820]
Epoch 6 done. Evaluation:
(42200, 50000)
(7207, 10000)
  1   7  50, 0.390045 [0.240488/28.078757] [1173/0.377820]
  1   7 100, 0.422801 [0.362267/28.080174] [1223/0.377820]
  1   7 150, 0.414197 [0.313608/28.076628] [1273/0.377820]
  1   7 200, 0.462928 [0.310717/28.081350] [1323/0.377820]
  1   7 250, 0.459699 [0.365715/28.081126] [1373/0.377820]
  1   7 300, 0.452400 [0.325925/28.078856] [1423/0.377820]
  1   7 350, 0.457651 [0.326423/28.075435] [1473/0.377820]
Epoch 7 done. Evaluation:
(42363, 50000)
(6899, 10000)
  1   8  50, 0.385492 [0.281236/28.067657] [1564/0.377820]
  1   8 100, 0.411938 [0.319984/28.064925] [1614/0.377820]
  1   8 150, 0.442247 [0.293508/28.067519] [1664/0.377820]
  1   8 200, 0.431244 [0.269616/28.066028] [1714/0.377820]
  1   8 250, 0.440435 [0.280648/28.064535] [1764/0.377820]
  1   8 300, 0.459095 [0.366237/28.062752] [1814/0.377820]
  1   8 350, 0.435828 [0.318678/28.056339] [1864/0.377820]
Epoch 8 done. Evaluation:
(42472, 50000)
(7421, 10000)
  1   9  50, 0.388313 [0.261005/28.055645] [1955/0.377820]
  1   9 100, 0.419205 [0.290345/28.056311] [2005/0.377820]
  1   9 150, 0.419458 [0.305899/28.053846] [2055/0.377820]
  1   9 200, 0.433985 [0.317875/28.052750] [2105/0.377820]
  1   9 250, 0.433232 [0.312583/28.050208] [2155/0.377820]
  1   9 300, 0.466259 [0.348385/28.053653] [2205/0.377820]
  1   9 350, 0.437737 [0.422063/28.048228] [2255/0.377820]
Epoch 9 done. Evaluation:
(42561, 50000)
(6060, 10000)
  1  10  50, 0.400654 [0.424149/28.037039] [2346/0.377820]
  1  10 100, 0.421326 [0.207927/28.041154] [2396/0.377820]
  1  10 150, 0.416985 [0.361287/28.037936] [2446/0.377820]
  1  10 200, 0.420493 [0.336385/28.034870] [2496/0.377820]
  1  10 250, 0.455765 [0.290225/28.035328] [2546/0.377820]
  1  10 300, 0.443990 [0.331878/28.030717] [2596/0.377820]
  1  10 350, 0.431730 [0.309736/28.027837] [2646/0.377820]
Epoch 10 done. Evaluation:
(42588, 50000)
(6849, 10000)
  1  11  50, 0.404303 [0.328487/28.028518] [2737/0.377820]
  1  11 100, 0.681424 [0.346120/28.085263] [2787/0.377820]
  1  11 150, 0.438171 [0.321327/28.067118] [2837/0.377820]
  1  11 200, 0.422624 [0.324554/28.049398] [2887/0.377820]
  1  11 250, 0.424094 [0.320986/28.039255] [2937/0.377820]
  1  11 300, 0.462569 [0.336240/28.035872] [2987/0.377820]
  1  11 350, 0.440772 [0.284392/28.031160] [3037/0.377820]
Epoch 11 done. Evaluation:
(41985, 50000)
(6481, 10000)
  1  12  50, 0.363495 [0.321688/28.018668] [   0/0.363495]
  1  12 100, 0.395574 [0.252691/28.022862] [  50/0.363495]
  1  12 150, 0.425970 [0.528232/28.027527] [ 100/0.363495]
  1  12 200, 0.446430 [0.318069/28.022925] [ 150/0.363495]
  1  12 250, 0.414263 [0.245935/28.020962] [ 200/0.363495]
  1  12 300, 0.443789 [0.346773/28.017596] [ 250/0.363495]
  1  12 350, 0.441826 [0.367007/28.012132] [ 300/0.363495]
Epoch 12 done. Evaluation:
(42592, 50000)
(5501, 10000)
  1  13  50, 0.388050 [0.281037/28.009453] [ 391/0.363495]
  1  13 100, 0.412849 [0.351812/28.007720] [ 441/0.363495]
  1  13 150, 0.411758 [0.323023/28.010625] [ 491/0.363495]
  1  13 200, 0.409250 [0.281193/28.011285] [ 541/0.363495]
  1  13 250, 0.448245 [0.441308/28.014806] [ 591/0.363495]
  1  13 300, 0.430253 [0.288201/28.010729] [ 641/0.363495]
  1  13 350, 0.437904 [0.309140/28.008001] [ 691/0.363495]
Epoch 13 done. Evaluation:
(42610, 50000)
(6844, 10000)
  1  14  50, 0.363594 [0.355727/27.996525] [ 782/0.363495]
  1  14 100, 0.385706 [0.312746/27.999889] [ 832/0.363495]
  1  14 150, 0.432276 [0.330623/27.999470] [ 882/0.363495]
  1  14 200, 0.432588 [0.425059/27.998399] [ 932/0.363495]
  1  14 250, 0.429178 [0.323073/27.996093] [ 982/0.363495]
  1  14 300, 0.434570 [0.454317/27.999365] [1032/0.363495]
  1  14 350, 0.600984 [0.299025/28.027718] [1082/0.363495]
Epoch 14 done. Evaluation:
(42263, 50000)
(6559, 10000)
  1  15  50, 0.389783 [0.271422/28.002291] [1173/0.363495]
  1  15 100, 0.404059 [0.338091/27.996028] [1223/0.363495]
  1  15 150, 0.403418 [0.329057/27.993384] [1273/0.363495]
  1  15 200, 0.417504 [0.314215/27.994447] [1323/0.363495]
  1  15 250, 0.427687 [0.317236/27.995076] [1373/0.363495]
  1  15 300, 0.421828 [0.351087/27.991997] [1423/0.363495]
  1  15 350, 0.432145 [0.301981/27.984361] [1473/0.363495]
Epoch 15 done. Evaluation:
(42674, 50000)
(4264, 10000)
  1  16  50, 0.384394 [0.262210/27.979205] [1564/0.363495]
  1  16 100, 0.372050 [0.299009/27.976434] [1614/0.363495]
  1  16 150, 0.417185 [0.322900/27.981037] [1664/0.363495]
  1  16 200, 0.426136 [0.333738/27.983709] [1714/0.363495]
  1  16 250, 0.431285 [0.262835/27.976664] [1764/0.363495]
  1  16 300, 0.422550 [0.398271/27.971836] [1814/0.363495]
  1  16 350, 0.432429 [0.312853/27.974169] [1864/0.363495]
Epoch 16 done. Evaluation:
(42671, 50000)
(5688, 10000)
  1  17  50, 0.375253 [0.337223/27.966977] [1955/0.363495]
  1  17 100, 0.375657 [0.271440/27.966724] [2005/0.363495]
  1  17 150, 0.397885 [0.313534/27.965113] [2055/0.363495]
  1  17 200, 0.441458 [0.314120/27.974020] [2105/0.363495]
  1  17 250, 0.429262 [0.401412/27.973346] [2155/0.363495]
  1  17 300, 0.440543 [0.310829/27.975814] [2205/0.363495]
  1  17 350, 0.442156 [0.342563/27.970967] [2255/0.363495]
Epoch 17 done. Evaluation:
(42708, 50000)
(7424, 10000)
  1  18  50, 0.362963 [0.410745/27.953745] [   0/0.362963]
  1  18 100, 0.395970 [0.315241/27.957699] [  50/0.362963]
  1  18 150, 0.403905 [0.378831/27.957888] [ 100/0.362963]
  1  18 200, 0.430896 [0.338208/27.964763] [ 150/0.362963]
  1  18 250, 0.412194 [0.348547/27.959508] [ 200/0.362963]
  1  18 300, 0.454629 [0.315806/27.963411] [ 250/0.362963]
  1  18 350, 0.432689 [0.266578/27.956647] [ 300/0.362963]
Epoch 18 done. Evaluation:
(42763, 50000)
(3487, 10000)
  1  19  50, 0.377676 [0.349420/27.946454] [ 391/0.362963]
  1  19 100, 0.397710 [0.277846/27.951777] [ 441/0.362963]
  1  19 150, 0.400084 [0.285260/27.950063] [ 491/0.362963]
  1  19 200, 0.426906 [0.358441/27.954707] [ 541/0.362963]
  1  19 250, 0.411331 [0.214478/27.950058] [ 591/0.362963]
  1  19 300, 0.424222 [0.292012/27.946132] [ 641/0.362963]
  1  19 350, 0.430716 [0.346565/27.937988] [ 691/0.362963]
Epoch 19 done. Evaluation:
(42813, 50000)
(4883, 10000)
  2   0  50, 0.264174 [0.139876/27.907202] [   0/0.264174]
  2   0 100, 0.230405 [0.109113/27.880362] [   0/0.230405]
  2   0 150, 0.247941 [0.155166/27.856391] [  50/0.230405]
  2   0 200, 0.255754 [0.176410/27.836228] [ 100/0.230405]
  2   0 250, 0.255637 [0.181779/27.817208] [ 150/0.230405]
  2   0 300, 0.259808 [0.135509/27.799380] [ 200/0.230405]
  2   0 350, 0.250548 [0.150521/27.783883] [ 250/0.230405]
Epoch 0 done. Evaluation:
(45652, 50000)
(7726, 10000)
  2   1  50, 0.196053 [0.165708/27.756560] [   0/0.196053]
  2   1 100, 0.212242 [0.139403/27.743121] [  50/0.196053]
  2   1 150, 0.228525 [0.148246/27.732716] [ 100/0.196053]
  2   1 200, 0.249216 [0.168118/27.725313] [ 150/0.196053]
  2   1 250, 0.249400 [0.188319/27.717364] [ 200/0.196053]
  2   1 300, 0.267812 [0.189730/27.711956] [ 250/0.196053]
  2   1 350, 0.253753 [0.165365/27.704396] [ 300/0.196053]
Epoch 1 done. Evaluation:
(45833, 50000)
(7892, 10000)
  2   2  50, 0.199391 [0.174882/27.689466] [ 391/0.196053]
  2   2 100, 0.226033 [0.202059/27.685753] [ 441/0.196053]
  2   2 150, 0.225747 [0.198166/27.680574] [ 491/0.196053]
  2   2 200, 0.240748 [0.194582/27.678758] [ 541/0.196053]
  2   2 250, 0.237649 [0.163315/27.674931] [ 591/0.196053]
  2   2 300, 0.285593 [0.196459/27.675746] [ 641/0.196053]
  2   2 350, 0.243678 [0.226700/27.669849] [ 691/0.196053]
Epoch 2 done. Evaluation:
(45808, 50000)
(8060, 10000)
  2   3  50, 0.215115 [0.167618/27.661042] [ 782/0.196053]
  2   3 100, 0.199169 [0.206432/27.655065] [ 832/0.196053]
  2   3 150, 0.241571 [0.225017/27.655747] [ 882/0.196053]
  2   3 200, 0.254167 [0.210742/27.656538] [ 932/0.196053]
  2   3 250, 0.257063 [0.178283/27.656860] [ 982/0.196053]
  2   3 300, 0.260837 [0.303841/27.656288] [1032/0.196053]
  2   3 350, 0.259073 [0.204341/27.657680] [1082/0.196053]
Epoch 3 done. Evaluation:
(45763, 50000)
(7132, 10000)
  2   4  50, 0.215829 [0.231905/27.651123] [1173/0.196053]
  2   4 100, 0.214992 [0.224504/27.647968] [1223/0.196053]
  2   4 150, 0.228457 [0.214297/27.646248] [1273/0.196053]
  2   4 200, 0.240258 [0.259346/27.647584] [1323/0.196053]
  2   4 250, 0.263026 [0.218252/27.649346] [1373/0.196053]
  2   4 300, 0.272824 [0.213342/27.651962] [1423/0.196053]
  2   4 350, 0.264987 [0.196405/27.651865] [1473/0.196053]
Epoch 4 done. Evaluation:
(45665, 50000)
(7383, 10000)
  2   5  50, 0.198722 [0.225715/27.647256] [1564/0.196053]
  2   5 100, 0.204572 [0.145366/27.643754] [1614/0.196053]
  2   5 150, 0.234380 [0.247352/27.646880] [1664/0.196053]
  2   5 200, 0.253317 [0.169636/27.648673] [1714/0.196053]
  2   5 250, 0.234402 [0.169674/27.645325] [1764/0.196053]
  2   5 300, 0.267598 [0.169946/27.647870] [1814/0.196053]
  2   5 350, 0.281623 [0.211552/27.649331] [1864/0.196053]
Epoch 5 done. Evaluation:
(45687, 50000)
(7976, 10000)
  2   6  50, 0.186765 [0.169488/27.644636] [   0/0.186765]
  2   6 100, 0.208785 [0.225670/27.642397] [  50/0.186765]
  2   6 150, 0.229684 [0.191315/27.642922] [ 100/0.186765]
  2   6 200, 0.250916 [0.203345/27.646756] [ 150/0.186765]
  2   6 250, 0.275752 [0.234524/27.652974] [ 200/0.186765]
  2   6 300, 0.259364 [0.192019/27.652346] [ 250/0.186765]
  2   6 350, 0.267510 [0.221742/27.653727] [ 300/0.186765]
Epoch 6 done. Evaluation:
(45667, 50000)
(6323, 10000)
  2   7  50, 0.195077 [0.179193/27.646356] [ 391/0.186765]
  2   7 100, 0.205659 [0.192937/27.644206] [ 441/0.186765]
  2   7 150, 0.216940 [0.142866/27.642674] [ 491/0.186765]
  2   7 200, 0.252490 [0.248271/27.647770] [ 541/0.186765]
  2   7 250, 0.252180 [0.203902/27.650693] [ 591/0.186765]
  2   7 300, 0.246978 [0.171445/27.653588] [ 641/0.186765]
  2   7 350, 0.263748 [0.241925/27.657136] [ 691/0.186765]
Epoch 7 done. Evaluation:
(45754, 50000)
(7093, 10000)
  2   8  50, 0.190573 [0.171692/27.654256] [ 782/0.186765]
  2   8 100, 0.223254 [0.171155/27.654145] [ 832/0.186765]
  2   8 150, 0.218327 [0.221804/27.653324] [ 882/0.186765]
  2   8 200, 0.256525 [0.238727/27.657360] [ 932/0.186765]
  2   8 250, 0.274599 [0.171803/27.663287] [ 982/0.186765]
  2   8 300, 0.236839 [0.251488/27.663228] [1032/0.186765]
  2   8 350, 0.260966 [0.235281/27.667109] [1082/0.186765]
Epoch 8 done. Evaluation:
(45748, 50000)
(7171, 10000)
  2   9  50, 0.204248 [0.194934/27.664965] [1173/0.186765]
  2   9 100, 0.207029 [0.190769/27.662031] [1223/0.186765]
  2   9 150, 0.206278 [0.148569/27.660950] [1273/0.186765]
  2   9 200, 0.231076 [0.184222/27.661229] [1323/0.186765]
  2   9 250, 0.243300 [0.214450/27.662326] [1373/0.186765]
  2   9 300, 0.273337 [0.177184/27.667612] [1423/0.186765]
  2   9 350, 0.268956 [0.230378/27.671467] [1473/0.186765]
Epoch 9 done. Evaluation:
(45805, 50000)
(6094, 10000)
  2  10  50, 0.195947 [0.203068/27.669030] [1564/0.186765]
  2  10 100, 0.199413 [0.214866/27.665763] [1614/0.186765]
  2  10 150, 0.219302 [0.200253/27.668253] [1664/0.186765]
  2  10 200, 0.247053 [0.214087/27.672966] [1714/0.186765]
  2  10 250, 0.238538 [0.182418/27.675657] [1764/0.186765]
  2  10 300, 0.246209 [0.149560/27.678042] [1814/0.186765]
  2  10 350, 0.264792 [0.219217/27.681508] [1864/0.186765]
Epoch 10 done. Evaluation:
(45997, 50000)
(7199, 10000)
  2  11  50, 0.197190 [0.194294/27.678817] [1955/0.186765]
  2  11 100, 0.228739 [0.221652/27.679139] [2005/0.186765]
  2  11 150, 0.219555 [0.221014/27.678194] [2055/0.186765]
  2  11 200, 0.241784 [0.202159/27.681171] [2105/0.186765]
  2  11 250, 0.252701 [0.230571/27.682510] [2155/0.186765]
  2  11 300, 0.254832 [0.169281/27.684311] [2205/0.186765]
  2  11 350, 0.258459 [0.231224/27.688342] [2255/0.186765]
Epoch 11 done. Evaluation:
(45793, 50000)
(7519, 10000)
  2  12  50, 0.179752 [0.190851/27.682740] [   0/0.179752]
  2  12 100, 0.218367 [0.226362/27.684130] [  50/0.179752]
  2  12 150, 0.215810 [0.174832/27.684999] [ 100/0.179752]
  2  12 200, 0.218919 [0.219629/27.685671] [ 150/0.179752]
  2  12 250, 0.242750 [0.254714/27.689416] [ 200/0.179752]
  2  12 300, 0.257539 [0.187908/27.694070] [ 250/0.179752]
  2  12 350, 0.248250 [0.240585/27.694165] [ 300/0.179752]
Epoch 12 done. Evaluation:
(45959, 50000)
(7267, 10000)
  2  13  50, 0.177290 [0.177026/27.686915] [   0/0.177290]
  2  13 100, 0.192392 [0.201392/27.681946] [  50/0.177290]
  2  13 150, 0.234739 [0.234678/27.686996] [ 100/0.177290]
  2  13 200, 0.234959 [0.211265/27.691881] [ 150/0.177290]
  2  13 250, 0.254424 [0.251802/27.694326] [ 200/0.177290]
  2  13 300, 0.242690 [0.224534/27.695703] [ 250/0.177290]
  2  13 350, 0.260362 [0.315316/27.698658] [ 300/0.177290]
Epoch 13 done. Evaluation:
(45933, 50000)
(7965, 10000)
  2  14  50, 0.191577 [0.183329/27.694139] [ 391/0.177290]
  2  14 100, 0.206185 [0.200434/27.692147] [ 441/0.177290]
  2  14 150, 0.219688 [0.256170/27.694985] [ 491/0.177290]
  2  14 200, 0.233375 [0.185766/27.695831] [ 541/0.177290]
  2  14 250, 0.239488 [0.238845/27.697985] [ 591/0.177290]
  2  14 300, 0.259528 [0.220471/27.703169] [ 641/0.177290]
  2  14 350, 0.264569 [0.207171/27.707405] [ 691/0.177290]
Epoch 14 done. Evaluation:
(45888, 50000)
(7697, 10000)
  2  15  50, 0.186031 [0.177912/27.698231] [ 782/0.177290]
  2  15 100, 0.194713 [0.230133/27.695078] [ 832/0.177290]
  2  15 150, 0.200407 [0.266423/27.690740] [ 882/0.177290]
  2  15 200, 0.217790 [0.203190/27.691686] [ 932/0.177290]
  2  15 250, 0.234016 [0.274268/27.693938] [ 982/0.177290]
  2  15 300, 0.230996 [0.172869/27.695552] [1032/0.177290]
  2  15 350, 0.293749 [0.259987/27.704343] [1082/0.177290]
Epoch 15 done. Evaluation:
(46170, 50000)
(7316, 10000)
  2  16  50, 0.191049 [0.207310/27.702314] [1173/0.177290]
  2  16 100, 0.223154 [0.256281/27.704839] [1223/0.177290]
  2  16 150, 0.190210 [0.235024/27.701737] [1273/0.177290]
  2  16 200, 0.213187 [0.195601/27.702681] [1323/0.177290]
  2  16 250, 0.242948 [0.259611/27.706032] [1373/0.177290]
  2  16 300, 0.257276 [0.153406/27.712495] [1423/0.177290]
  2  16 350, 0.269413 [0.226278/27.716772] [1473/0.177290]
Epoch 16 done. Evaluation:
(45939, 50000)
(7880, 10000)
  2  17  50, 0.174529 [0.182638/27.706720] [   0/0.174529]
  2  17 100, 0.191242 [0.203746/27.703333] [  50/0.174529]
  2  17 150, 0.222925 [0.271363/27.706720] [ 100/0.174529]
  2  17 200, 0.213415 [0.262218/27.707716] [ 150/0.174529]
  2  17 250, 0.229568 [0.207917/27.709104] [ 200/0.174529]
  2  17 300, 0.260093 [0.264198/27.714323] [ 250/0.174529]
  2  17 350, 0.241199 [0.207623/27.715401] [ 300/0.174529]
Epoch 17 done. Evaluation:
(46086, 50000)
(7089, 10000)
  2  18  50, 0.194058 [0.201866/27.714112] [ 391/0.174529]
  2  18 100, 0.179936 [0.210430/27.707988] [ 441/0.174529]
  2  18 150, 0.217088 [0.273539/27.709341] [ 491/0.174529]
  2  18 200, 0.217840 [0.225039/27.710836] [ 541/0.174529]
  2  18 250, 0.213736 [0.200256/27.710273] [ 591/0.174529]
  2  18 300, 0.246975 [0.196738/27.713866] [ 641/0.174529]
  2  18 350, 0.246469 [0.228208/27.718486] [ 691/0.174529]
Epoch 18 done. Evaluation:
(46049, 50000)
(7281, 10000)
  2  19  50, 0.166673 [0.172897/27.715677] [   0/0.166673]
  2  19 100, 0.182295 [0.192381/27.713326] [  50/0.166673]
  2  19 150, 0.211605 [0.209751/27.713775] [ 100/0.166673]
  2  19 200, 0.213516 [0.225788/27.714125] [ 150/0.166673]
  2  19 250, 0.230625 [0.217379/27.716429] [ 200/0.166673]
  2  19 300, 0.280150 [0.367281/27.730416] [ 250/0.166673]
  2  19 350, 0.261505 [0.225292/27.733320] [ 300/0.166673]
Epoch 19 done. Evaluation:
(45992, 50000)
(7751, 10000)
  3   0  50, 0.140174 [0.064011/27.721060] [   0/0.140174]
  3   0 100, 0.102326 [0.067160/27.706632] [   0/0.102326]
  3   0 150, 0.098804 [0.100014/27.692796] [   0/0.098804]
  3   0 200, 0.093100 [0.070265/27.679024] [   0/0.093100]
  3   0 250, 0.095567 [0.105347/27.665851] [  50/0.093100]
  3   0 300, 0.104140 [0.045979/27.653328] [ 100/0.093100]
  3   0 350, 0.093080 [0.087892/27.641006] [   0/0.093080]
Epoch 0 done. Evaluation:
(48291, 50000)
(8404, 10000)
  3   1  50, 0.060142 [0.061782/27.617367] [   0/0.060142]
  3   1 100, 0.054800 [0.083649/27.603855] [   0/0.054800]
  3   1 150, 0.055052 [0.074769/27.590732] [  50/0.054800]
  3   1 200, 0.062132 [0.085884/27.578418] [ 100/0.054800]
  3   1 250, 0.066509 [0.055285/27.567119] [ 150/0.054800]
  3   1 300, 0.072699 [0.082589/27.556677] [ 200/0.054800]
  3   1 350, 0.073503 [0.087594/27.546636] [ 250/0.054800]
Epoch 1 done. Evaluation:
(48992, 50000)
(8067, 10000)
  3   2  50, 0.051111 [0.071206/27.527311] [   0/0.051111]
  3   2 100, 0.049728 [0.074962/27.516030] [   0/0.049728]
  3   2 150, 0.061703 [0.117863/27.506399] [  50/0.049728]
  3   2 200, 0.067107 [0.082963/27.497306] [ 100/0.049728]
  3   2 250, 0.076227 [0.110966/27.489933] [ 150/0.049728]
  3   2 300, 0.075213 [0.096091/27.482496] [ 200/0.049728]
  3   2 350, 0.074066 [0.119498/27.474954] [ 250/0.049728]
Epoch 2 done. Evaluation:
(48929, 50000)
(8285, 10000)
  3   3  50, 0.059540 [0.111737/27.461984] [ 341/0.049728]
  3   3 100, 0.060386 [0.049620/27.454375] [ 391/0.049728]
  3   3 150, 0.063305 [0.057795/27.446517] [ 441/0.049728]
  3   3 200, 0.070609 [0.052246/27.439623] [ 491/0.049728]
  3   3 250, 0.079233 [0.135357/27.434437] [ 541/0.049728]
  3   3 300, 0.073080 [0.106414/27.428295] [ 591/0.049728]
  3   3 350, 0.094737 [0.096694/27.425157] [ 641/0.049728]
Epoch 3 done. Evaluation:
(48728, 50000)
(8078, 10000)
  3   4  50, 0.081505 [0.088795/27.419857] [ 732/0.049728]
  3   4 100, 0.087799 [0.145477/27.415895] [ 782/0.049728]
  3   4 150, 0.071847 [0.121433/27.409845] [ 832/0.049728]
  3   4 200, 0.092591 [0.106064/27.406567] [ 882/0.049728]
  3   4 250, 0.085020 [0.118393/27.402372] [ 932/0.049728]
  3   4 300, 0.096921 [0.114961/27.399509] [ 982/0.049728]
  3   4 350, 0.096830 [0.099077/27.396370] [1032/0.049728]
Epoch 4 done. Evaluation:
(48484, 50000)
(7929, 10000)
  3   5  50, 0.079600 [0.114769/27.389851] [1123/0.049728]
  3   5 100, 0.078754 [0.108505/27.385096] [1173/0.049728]
  3   5 150, 0.084998 [0.109949/27.381284] [1223/0.049728]
  3   5 200, 0.087511 [0.061210/27.377287] [1273/0.049728]
  3   5 250, 0.085349 [0.103154/27.373681] [1323/0.049728]
  3   5 300, 0.098630 [0.125273/27.371914] [1373/0.049728]
  3   5 350, 0.123795 [0.153022/27.373337] [1423/0.049728]
Epoch 5 done. Evaluation:
(48431, 50000)
(7889, 10000)
  3   6  50, 0.092377 [0.131423/27.371078] [1514/0.049728]
  3   6 100, 0.074913 [0.105939/27.365200] [1564/0.049728]
  3   6 150, 0.096531 [0.137098/27.363147] [1614/0.049728]
  3   6 200, 0.103871 [0.120638/27.361795] [1664/0.049728]
  3   6 250, 0.105545 [0.130643/27.360470] [1714/0.049728]
  3   6 300, 0.104758 [0.116780/27.359186] [1764/0.049728]
  3   6 350, 0.108918 [0.120059/27.358917] [1814/0.049728]
Epoch 6 done. Evaluation:
(48270, 50000)
(8170, 10000)
  3   7  50, 0.069598 [0.082207/27.352642] [1905/0.049728]
  3   7 100, 0.069276 [0.117248/27.346989] [1955/0.049728]
  3   7 150, 0.093373 [0.122300/27.345141] [2005/0.049728]
  3   7 200, 0.098632 [0.116736/27.343863] [2055/0.049728]
  3   7 250, 0.098251 [0.075668/27.342140] [2105/0.049728]
  3   7 300, 0.108958 [0.207593/27.342513] [2155/0.049728]
  3   7 350, 0.103893 [0.150186/27.340823] [2205/0.049728]
Epoch 7 done. Evaluation:
(48418, 50000)
(8076, 10000)
  3   8  50, 0.078783 [0.115077/27.334560] [2296/0.049728]
  3   8 100, 0.080459 [0.108821/27.330368] [2346/0.049728]
  3   8 150, 0.076906 [0.098228/27.326341] [2396/0.049728]
  3   8 200, 0.087646 [0.128432/27.323500] [2446/0.049728]
  3   8 250, 0.102062 [0.118662/27.322917] [2496/0.049728]
  3   8 300, 0.102043 [0.109744/27.322473] [2546/0.049728]
  3   8 350, 0.094633 [0.182918/27.321121] [2596/0.049728]
Epoch 8 done. Evaluation:
(48431, 50000)
(8089, 10000)
  3   9  50, 0.086868 [0.134710/27.319367] [2687/0.049728]
  3   9 100, 0.078491 [0.102728/27.315623] [2737/0.049728]
  3   9 150, 0.088894 [0.131092/27.313704] [2787/0.049728]
  3   9 200, 0.111798 [0.119839/27.314256] [2837/0.049728]
  3   9 250, 0.114424 [0.193485/27.315797] [2887/0.049728]
  3   9 300, 0.106163 [0.097589/27.315471] [2937/0.049728]
  3   9 350, 0.102331 [0.094735/27.313858] [2987/0.049728]
Epoch 9 done. Evaluation:
(48254, 50000)
(7509, 10000)
  3  10  50, 0.097060 [0.133546/27.312938] [3078/0.049728]
  3  10 100, 0.106647 [0.107428/27.312356] [3128/0.049728]
  3  10 150, 0.089082 [0.116594/27.309284] [3178/0.049728]
  3  10 200, 0.090891 [0.127822/27.306680] [3228/0.049728]
  3  10 250, 0.103542 [0.165749/27.306219] [3278/0.049728]
  3  10 300, 0.092512 [0.123544/27.304297] [3328/0.049728]
  3  10 350, 0.115329 [0.166764/27.306074] [3378/0.049728]
Epoch 10 done. Evaluation:
(48168, 50000)
(7731, 10000)
  3  11  50, 0.097353 [0.159839/27.309204] [3469/0.049728]
  3  11 100, 0.082840 [0.143617/27.305979] [3519/0.049728]
  3  11 150, 0.084123 [0.119673/27.302463] [3569/0.049728]
  3  11 200, 0.096863 [0.129419/27.300408] [3619/0.049728]
  3  11 250, 0.097320 [0.143499/27.299567] [3669/0.049728]
  3  11 300, 0.124935 [0.166471/27.302131] [3719/0.049728]
  3  11 350, 0.111976 [0.109752/27.302849] [3769/0.049728]
Epoch 11 done. Evaluation:
(48225, 50000)
(7225, 10000)
  3  12  50, 0.076656 [0.096744/27.299114] [3860/0.049728]
  3  12 100, 0.088702 [0.128500/27.296375] [3910/0.049728]
  3  12 150, 0.089575 [0.085160/27.294235] [3960/0.049728]
  3  12 200, 0.089411 [0.102744/27.292482] [4010/0.049728]
  3  12 250, 0.108734 [0.123678/27.293046] [4060/0.049728]
  3  12 300, 0.137293 [0.151847/27.297766] [4110/0.049728]
  3  12 350, 0.112356 [0.127792/27.298161] [4160/0.049728]
Epoch 12 done. Evaluation:
(48173, 50000)
(7774, 10000)
  3  13  50, 0.093739 [0.090762/27.297801] [4251/0.049728]
  3  13 100, 0.080746 [0.063524/27.293460] [4301/0.049728]
  3  13 150, 0.092302 [0.125478/27.291121] [4351/0.049728]
  3  13 200, 0.098927 [0.145272/27.290156] [4401/0.049728]
  3  13 250, 0.098561 [0.127727/27.288857] [4451/0.049728]
  3  13 300, 0.115382 [0.144842/27.291042] [4501/0.049728]
  3  13 350, 0.118972 [0.167695/27.293013] [4551/0.049728]
Epoch 13 done. Evaluation:
(48175, 50000)
(7991, 10000)
  3  14  50, 0.086471 [0.109274/27.291314] [4642/0.049728]
  3  14 100, 0.092470 [0.135030/27.288644] [4692/0.049728]
  3  14 150, 0.089472 [0.147553/27.285855] [4742/0.049728]
  3  14 200, 0.091713 [0.114338/27.283435] [4792/0.049728]
  3  14 250, 0.094887 [0.119670/27.282167] [4842/0.049728]
  3  14 300, 0.114430 [0.131562/27.282944] [4892/0.049728]
  3  14 350, 0.119577 [0.126612/27.284294] [4942/0.049728]
Epoch 14 done. Evaluation:
(48236, 50000)
(7477, 10000)
  3  15  50, 0.091268 [0.104339/27.282515] [5033/0.049728]
  3  15 100, 0.080248 [0.086133/27.278745] [5083/0.049728]
  3  15 150, 0.082909 [0.091554/27.276172] [5133/0.049728]
  3  15 200, 0.088859 [0.122593/27.273514] [5183/0.049728]
  3  15 250, 0.091201 [0.160149/27.272486] [5233/0.049728]
  3  15 300, 0.106559 [0.148842/27.272694] [5283/0.049728]
  3  15 350, 0.108421 [0.116930/27.272270] [5333/0.049728]
Epoch 15 done. Evaluation:
(48380, 50000)
(7849, 10000)
  3  16  50, 0.084304 [0.121366/27.271223] [5424/0.049728]
  3  16 100, 0.084902 [0.104105/27.269357] [5474/0.049728]
  3  16 150, 0.090407 [0.088061/27.268229] [5524/0.049728]
  3  16 200, 0.091571 [0.098331/27.266891] [5574/0.049728]
  3  16 250, 0.120729 [0.139366/27.269345] [5624/0.049728]
  3  16 300, 0.127092 [0.124132/27.273186] [5674/0.049728]
  3  16 350, 0.129282 [0.139563/27.275685] [5724/0.049728]
Epoch 16 done. Evaluation:
(48099, 50000)
(7691, 10000)
  3  17  50, 0.111518 [0.090339/27.279279] [5815/0.049728]
  3  17 100, 0.104794 [0.150655/27.278423] [5865/0.049728]
  3  17 150, 0.109521 [0.179484/27.277677] [5915/0.049728]
  3  17 200, 0.108838 [0.137656/27.277078] [5965/0.049728]
  3  17 250, 0.096830 [0.087168/27.274614] [6015/0.049728]
  3  17 300, 0.097415 [0.092085/27.273533] [6065/0.049728]
  3  17 350, 0.102006 [0.071990/27.272327] [6115/0.049728]
Epoch 17 done. Evaluation:
(48152, 50000)
(7952, 10000)
  3  18  50, 0.081705 [0.141225/27.268146] [6206/0.049728]
  3  18 100, 0.094465 [0.114678/27.267109] [6256/0.049728]
  3  18 150, 0.099032 [0.140350/27.266057] [6306/0.049728]
  3  18 200, 0.111497 [0.118690/27.267153] [6356/0.049728]
  3  18 250, 0.097127 [0.169397/27.267271] [6406/0.049728]
  3  18 300, 0.110657 [0.122638/27.267835] [6456/0.049728]
  3  18 350, 0.126465 [0.118944/27.269980] [6506/0.049728]
Epoch 18 done. Evaluation:
(48176, 50000)
(7722, 10000)
  3  19  50, 0.080398 [0.138014/27.267326] [6597/0.049728]
  3  19 100, 0.082856 [0.074542/27.264250] [6647/0.049728]
  3  19 150, 0.113637 [0.150441/27.266573] [6697/0.049728]
  3  19 200, 0.116482 [0.112250/27.268013] [6747/0.049728]
  3  19 250, 0.111632 [0.103610/27.267988] [6797/0.049728]
  3  19 300, 0.087394 [0.120102/27.265072] [6847/0.049728]
  3  19 350, 0.119194 [0.111832/27.267513] [6897/0.049728]
Epoch 19 done. Evaluation:
(48176, 50000)
(7924, 10000)
  4   0  50, 0.058824 [0.056557/27.264346] [6988/0.049728]
  4   0 100, 0.044889 [0.041884/27.258502] [   0/0.044889]
  4   0 150, 0.039880 [0.028395/27.252555] [   0/0.039880]
  4   0 200, 0.035301 [0.049425/27.246408] [   0/0.035301]
  4   0 250, 0.030517 [0.038965/27.240205] [   0/0.030517]
  4   0 300, 0.028324 [0.037760/27.234041] [   0/0.028324]
  4   0 350, 0.027803 [0.050765/27.227771] [   0/0.027803]
Epoch 0 done. Evaluation:
(49468, 50000)
(8566, 10000)
  4   1  50, 0.011959 [0.013582/27.215756] [   0/0.011959]
  4   1 100, 0.015699 [0.010016/27.209194] [  50/0.011959]
  4   1 150, 0.013335 [0.008838/27.202553] [ 100/0.011959]
  4   1 200, 0.016708 [0.016589/27.196142] [ 150/0.011959]
  4   1 250, 0.017740 [0.037530/27.189896] [ 200/0.011959]
  4   1 300, 0.014626 [0.015933/27.183562] [ 250/0.011959]
  4   1 350, 0.014199 [0.022152/27.177192] [ 300/0.011959]
Epoch 1 done. Evaluation:
(49840, 50000)
(8618, 10000)
  4   2  50, 0.009298 [0.018506/27.165459] [   0/0.009298]
  4   2 100, 0.012558 [0.019322/27.159207] [  50/0.009298]
  4   2 150, 0.008687 [0.011350/27.152798] [   0/0.008687]
  4   2 200, 0.010524 [0.009508/27.146480] [  50/0.008687]
  4   2 250, 0.010792 [0.025877/27.140366] [ 100/0.008687]
  4   2 300, 0.009302 [0.024372/27.134132] [ 150/0.008687]
  4   2 350, 0.011344 [0.014800/27.128148] [ 200/0.008687]
Epoch 2 done. Evaluation:
(49901, 50000)
(8631, 10000)
  4   3  50, 0.008588 [0.039560/27.116979] [   0/0.008588]
  4   3 100, 0.006317 [0.008039/27.110757] [   0/0.006317]
  4   3 150, 0.006636 [0.008169/27.104602] [  50/0.006317]
  4   3 200, 0.008045 [0.017900/27.098617] [ 100/0.006317]
  4   3 250, 0.006226 [0.020077/27.092510] [   0/0.006226]
  4   3 300, 0.007082 [0.003770/27.086506] [  50/0.006226]
  4   3 350, 0.007283 [0.005933/27.080573] [ 100/0.006226]
Epoch 3 done. Evaluation:
(49939, 50000)
(8514, 10000)
  4   4  50, 0.005099 [0.005287/27.069897] [   0/0.005099]
  4   4 100, 0.005208 [0.005111/27.063946] [  50/0.005099]
  4   4 150, 0.005963 [0.041067/27.058058] [ 100/0.005099]
  4   4 200, 0.005531 [0.002697/27.052205] [ 150/0.005099]
  4   4 250, 0.005075 [0.003847/27.046387] [   0/0.005075]
  4   4 300, 0.006061 [0.007202/27.040751] [  50/0.005075]
  4   4 350, 0.005311 [0.002653/27.035018] [ 100/0.005075]
Epoch 4 done. Evaluation:
(49977, 50000)
(8414, 10000)
  4   5  50, 0.010067 [0.012965/27.025448] [ 191/0.005075]
  4   5 100, 0.007068 [0.041196/27.020082] [ 241/0.005075]
  4   5 150, 0.008888 [0.006055/27.014930] [ 291/0.005075]
  4   5 200, 0.010672 [0.007201/27.010019] [ 341/0.005075]
  4   5 250, 0.008716 [0.004312/27.004902] [ 391/0.005075]
  4   5 300, 0.010354 [0.015489/27.000100] [ 441/0.005075]
  4   5 350, 0.015337 [0.046944/26.995960] [ 491/0.005075]
Epoch 5 done. Evaluation:
(49879, 50000)
(8493, 10000)
  4   6  50, 0.010796 [0.016323/26.987224] [ 582/0.005075]
  4   6 100, 0.007027 [0.005274/26.982104] [ 632/0.005075]
  4   6 150, 0.007917 [0.035819/26.977161] [ 682/0.005075]
  4   6 200, 0.006272 [0.024422/26.972039] [ 732/0.005075]
  4   6 250, 0.011079 [0.060978/26.967653] [ 782/0.005075]
  4   6 300, 0.011310 [0.005085/26.963171] [ 832/0.005075]
  4   6 350, 0.017161 [0.037769/26.959594] [ 882/0.005075]
Epoch 6 done. Evaluation:
(49876, 50000)
(8409, 10000)
  4   7  50, 0.010238 [0.047795/26.951733] [ 973/0.005075]
  4   7 100, 0.006937 [0.005185/26.946764] [1023/0.005075]
  4   7 150, 0.010183 [0.024651/26.942303] [1073/0.005075]
  4   7 200, 0.014278 [0.037336/26.938461] [1123/0.005075]
  4   7 250, 0.016776 [0.055207/26.935006] [1173/0.005075]
  4   7 300, 0.011409 [0.005442/26.930723] [1223/0.005075]
  4   7 350, 0.021031 [0.026239/26.927938] [1273/0.005075]
Epoch 7 done. Evaluation:
(49816, 50000)
(8209, 10000)
  4   8  50, 0.017209 [0.032213/26.922159] [1364/0.005075]
  4   8 100, 0.015696 [0.028550/26.918581] [1414/0.005075]
  4   8 150, 0.019213 [0.057226/26.915228] [1464/0.005075]
  4   8 200, 0.021298 [0.056141/26.912291] [1514/0.005075]
  4   8 250, 0.026869 [0.048475/26.909771] [1564/0.005075]
  4   8 300, 0.021467 [0.020752/26.906879] [1614/0.005075]
  4   8 350, 0.021505 [0.078252/26.904040] [1664/0.005075]
Epoch 8 done. Evaluation:
(49688, 50000)
(8305, 10000)
  4   9  50, 0.022139 [0.044832/26.899549] [1755/0.005075]
  4   9 100, 0.017971 [0.050523/26.896035] [1805/0.005075]
  4   9 150, 0.019566 [0.064530/26.892731] [1855/0.005075]
  4   9 200, 0.031420 [0.055381/26.890596] [1905/0.005075]
  4   9 250, 0.040168 [0.100050/26.890084] [1955/0.005075]
  4   9 300, 0.042030 [0.101135/26.889368] [2005/0.005075]
  4   9 350, 0.059525 [0.106118/26.890598] [2055/0.005075]
Epoch 9 done. Evaluation:
(49428, 50000)
(7191, 10000)
  4  10  50, 0.047559 [0.145634/26.890729] [2146/0.005075]
  4  10 100, 0.042663 [0.061873/26.889537] [2196/0.005075]
  4  10 150, 0.049327 [0.083616/26.889203] [2246/0.005075]
  4  10 200, 0.044548 [0.052274/26.888394] [2296/0.005075]
  4  10 250, 0.037795 [0.065050/26.886623] [2346/0.005075]
  4  10 300, 0.047732 [0.073539/26.885659] [2396/0.005075]
  4  10 350, 0.051423 [0.069365/26.885199] [2446/0.005075]
Epoch 10 done. Evaluation:
(49193, 50000)
(8243, 10000)
  4  11  50, 0.028951 [0.053678/26.882868] [2537/0.005075]
  4  11 100, 0.030717 [0.029237/26.880353] [2587/0.005075]
  4  11 150, 0.038851 [0.070615/26.878907] [2637/0.005075]
  4  11 200, 0.041251 [0.043533/26.877353] [2687/0.005075]
  4  11 250, 0.040907 [0.054429/26.875729] [2737/0.005075]
  4  11 300, 0.037991 [0.045180/26.874123] [2787/0.005075]
  4  11 350, 0.031659 [0.023196/26.872088] [2837/0.005075]
Epoch 11 done. Evaluation:
(49427, 50000)
(8422, 10000)
  4  12  50, 0.021752 [0.014308/26.866825] [2928/0.005075]
  4  12 100, 0.020515 [0.078465/26.863320] [2978/0.005075]
  4  12 150, 0.018962 [0.038032/26.859884] [3028/0.005075]
  4  12 200, 0.027045 [0.049310/26.857566] [3078/0.005075]
  4  12 250, 0.030174 [0.015740/26.855637] [3128/0.005075]
  4  12 300, 0.029972 [0.028013/26.853145] [3178/0.005075]
  4  12 350, 0.029878 [0.067227/26.850978] [3228/0.005075]
Epoch 12 done. Evaluation:
(49615, 50000)
(8350, 10000)
  4  13  50, 0.029483 [0.021166/26.846849] [3319/0.005075]
  4  13 100, 0.024506 [0.051684/26.844077] [3369/0.005075]
  4  13 150, 0.025802 [0.044480/26.841712] [3419/0.005075]
  4  13 200, 0.040066 [0.066260/26.840838] [3469/0.005075]
  4  13 250, 0.036530 [0.083415/26.839563] [3519/0.005075]
  4  13 300, 0.052284 [0.061418/26.839733] [3569/0.005075]
  4  13 350, 0.056529 [0.092529/26.840507] [3619/0.005075]
Epoch 13 done. Evaluation:
(49334, 50000)
(8319, 10000)
  4  14  50, 0.042814 [0.057302/26.839010] [3710/0.005075]
  4  14 100, 0.037123 [0.056456/26.837494] [3760/0.005075]
  4  14 150, 0.067231 [0.093946/26.838882] [3810/0.005075]
  4  14 200, 0.047813 [0.088307/26.838586] [3860/0.005075]
  4  14 250, 0.048645 [0.034398/26.837845] [3910/0.005075]
  4  14 300, 0.045305 [0.064806/26.837122] [3960/0.005075]
  4  14 350, 0.047445 [0.094592/26.836198] [4010/0.005075]
Epoch 14 done. Evaluation:
(49196, 50000)
(7964, 10000)
  4  15  50, 0.026331 [0.052377/26.832221] [4101/0.005075]
  4  15 100, 0.031505 [0.056422/26.830063] [4151/0.005075]
  4  15 150, 0.036711 [0.073582/26.828641] [4201/0.005075]
  4  15 200, 0.036771 [0.016289/26.827167] [4251/0.005075]
  4  15 250, 0.035556 [0.084656/26.825423] [4301/0.005075]
  4  15 300, 0.036680 [0.089551/26.823772] [4351/0.005075]
  4  15 350, 0.029764 [0.076140/26.821488] [4401/0.005075]
Epoch 15 done. Evaluation:
(49452, 50000)
(8328, 10000)
  4  16  50, 0.027987 [0.021615/26.818842] [4492/0.005075]
  4  16 100, 0.031644 [0.020508/26.816992] [4542/0.005075]
  4  16 150, 0.023647 [0.045359/26.814095] [4592/0.005075]
  4  16 200, 0.034882 [0.062558/26.812578] [4642/0.005075]
  4  16 250, 0.039343 [0.042614/26.811577] [4692/0.005075]
  4  16 300, 0.045357 [0.069697/26.811220] [4742/0.005075]
  4  16 350, 0.059852 [0.066781/26.812190] [4792/0.005075]
Epoch 16 done. Evaluation:
(49350, 50000)
(8256, 10000)
  4  17  50, 0.036986 [0.045379/26.810678] [4883/0.005075]
  4  17 100, 0.035003 [0.057433/26.809127] [4933/0.005075]
  4  17 150, 0.031227 [0.056216/26.807122] [4983/0.005075]
  4  17 200, 0.031834 [0.086804/26.805173] [5033/0.005075]
  4  17 250, 0.033941 [0.063691/26.803274] [5083/0.005075]
  4  17 300, 0.044900 [0.056808/26.802577] [5133/0.005075]
  4  17 350, 0.050863 [0.036094/26.802437] [5183/0.005075]
Epoch 17 done. Evaluation:
(49319, 50000)
(8272, 10000)
  4  18  50, 0.037949 [0.037617/26.802343] [5274/0.005075]
  4  18 100, 0.040543 [0.040999/26.801451] [5324/0.005075]
  4  18 150, 0.052280 [0.078841/26.801486] [5374/0.005075]
  4  18 200, 0.040750 [0.089743/26.800288] [5424/0.005075]
  4  18 250, 0.045771 [0.077110/26.799467] [5474/0.005075]
  4  18 300, 0.049611 [0.053062/26.799053] [5524/0.005075]
  4  18 350, 0.043946 [0.082531/26.798365] [5574/0.005075]
Epoch 18 done. Evaluation:
(49223, 50000)
(8324, 10000)
  4  19  50, 0.035680 [0.024038/26.796404] [5665/0.005075]
  4  19 100, 0.032694 [0.068706/26.794394] [5715/0.005075]
  4  19 150, 0.031385 [0.052099/26.792529] [5765/0.005075]
  4  19 200, 0.051379 [0.038353/26.792905] [5815/0.005075]
  4  19 250, 0.047889 [0.086641/26.792619] [5865/0.005075]
  4  19 300, 0.053045 [0.082936/26.792777] [5915/0.005075]
  4  19 350, 0.068948 [0.067064/26.794379] [5965/0.005075]
Epoch 19 done. Evaluation:
(49227, 50000)
(7949, 10000)
  5   0  50, 0.029669 [0.016439/26.792252] [6056/0.005075]
  5   0 100, 0.020098 [0.006666/26.790171] [6106/0.005075]
  5   0 150, 0.014575 [0.001716/26.787904] [6156/0.005075]
  5   0 200, 0.013537 [0.006317/26.785644] [6206/0.005075]
  5   0 250, 0.013524 [0.025640/26.783401] [6256/0.005075]
  5   0 300, 0.010587 [0.004649/26.781095] [6306/0.005075]
  5   0 350, 0.011430 [0.033482/26.778817] [6356/0.005075]
Epoch 0 done. Evaluation:
(49788, 50000)
(8583, 10000)
  5   1  50, 0.006319 [0.010891/26.774539] [6447/0.005075]
  5   1 100, 0.007595 [0.012606/26.772186] [6497/0.005075]
  5   1 150, 0.006242 [0.005037/26.769767] [6547/0.005075]
  5   1 200, 0.006144 [0.009071/26.767361] [6597/0.005075]
  5   1 250, 0.005957 [0.004812/26.764971] [6647/0.005075]
  5   1 300, 0.006384 [0.006520/26.762620] [6697/0.005075]
  5   1 350, 0.004618 [0.002615/26.760186] [   0/0.004618]
Epoch 1 done. Evaluation:
(49953, 50000)
(8658, 10000)
  5   2  50, 0.003857 [0.002766/26.755783] [   0/0.003857]
  5   2 100, 0.002987 [0.002914/26.753345] [   0/0.002987]
  5   2 150, 0.002941 [0.002199/26.750915] [   0/0.002941]
  5   2 200, 0.003890 [0.002185/26.748548] [  50/0.002941]
  5   2 250, 0.003456 [0.004077/26.746154] [ 100/0.002941]
  5   2 300, 0.003375 [0.003032/26.743781] [ 150/0.002941]
  5   2 350, 0.003159 [0.003207/26.741400] [ 200/0.002941]
Epoch 2 done. Evaluation:
(49984, 50000)
(8643, 10000)
  5   3  50, 0.002992 [0.007925/26.737127] [ 291/0.002941]
  5   3 100, 0.002365 [0.002572/26.734737] [   0/0.002365]
  5   3 150, 0.002701 [0.009553/26.732360] [  50/0.002365]
  5   3 200, 0.003902 [0.004200/26.730063] [ 100/0.002365]
  5   3 250, 0.002493 [0.001171/26.727711] [ 150/0.002365]
  5   3 300, 0.002761 [0.006096/26.725390] [ 200/0.002365]
  5   3 350, 0.002944 [0.005034/26.723065] [ 250/0.002365]
Epoch 3 done. Evaluation:
(49990, 50000)
(8679, 10000)
  5   4  50, 0.001941 [0.001586/26.718817] [   0/0.001941]
  5   4 100, 0.002371 [0.023587/26.716498] [  50/0.001941]
  5   4 150, 0.002163 [0.001275/26.714186] [ 100/0.001941]
  5   4 200, 0.001742 [0.002090/26.711857] [   0/0.001742]
  5   4 250, 0.001854 [0.001206/26.709544] [  50/0.001742]
  5   4 300, 0.001849 [0.001585/26.707247] [ 100/0.001742]
  5   4 350, 0.002094 [0.001101/26.704965] [ 150/0.001742]
Epoch 4 done. Evaluation:
(49995, 50000)
(8714, 10000)
  5   5  50, 0.001738 [0.001588/26.700804] [   0/0.001738]
  5   5 100, 0.002310 [0.000753/26.698539] [  50/0.001738]
  5   5 150, 0.001437 [0.000704/26.696258] [   0/0.001437]
  5   5 200, 0.001744 [0.005732/26.694000] [  50/0.001437]
  5   5 250, 0.001243 [0.000852/26.691729] [   0/0.001243]
  5   5 300, 0.001478 [0.001627/26.689478] [  50/0.001243]
  5   5 350, 0.002048 [0.000680/26.687265] [ 100/0.001243]
Epoch 5 done. Evaluation:
(49997, 50000)
(8702, 10000)
  5   6  50, 0.001450 [0.001034/26.683205] [ 191/0.001243]
  5   6 100, 0.001330 [0.000714/26.680973] [ 241/0.001243]
  5   6 150, 0.001283 [0.003097/26.678754] [ 291/0.001243]
  5   6 200, 0.001334 [0.001889/26.676540] [ 341/0.001243]
  5   6 250, 0.001620 [0.002131/26.674355] [ 391/0.001243]
  5   6 300, 0.001267 [0.000521/26.672152] [ 441/0.001243]
  5   6 350, 0.001571 [0.001565/26.669979] [ 491/0.001243]
Epoch 6 done. Evaluation:
(49997, 50000)
(8699, 10000)
  5   7  50, 0.001157 [0.001811/26.666020] [   0/0.001157]
  5   7 100, 0.000998 [0.001104/26.663830] [   0/0.000998]
  5   7 150, 0.001299 [0.002971/26.661671] [  50/0.000998]
  5   7 200, 0.001159 [0.001172/26.659507] [ 100/0.000998]
  5   7 250, 0.001118 [0.004108/26.657352] [ 150/0.000998]
  5   7 300, 0.001120 [0.000522/26.655198] [ 200/0.000998]
  5   7 350, 0.001093 [0.001062/26.653057] [ 250/0.000998]
Epoch 7 done. Evaluation:
(50000, 50000)
(8594, 10000)
  5   8  50, 0.001231 [0.000988/26.649213] [ 341/0.000998]
  5   8 100, 0.001724 [0.001702/26.647131] [ 391/0.000998]
  5   8 150, 0.001144 [0.003197/26.645017] [ 441/0.000998]
  5   8 200, 0.001156 [0.001689/26.642919] [ 491/0.000998]
  5   8 250, 0.001032 [0.000971/26.640815] [ 541/0.000998]
  5   8 300, 0.001142 [0.002333/26.638722] [ 591/0.000998]
  5   8 350, 0.001046 [0.000809/26.636633] [ 641/0.000998]
Epoch 8 done. Evaluation:
(49999, 50000)
(8710, 10000)
  5   9  50, 0.001020 [0.000708/26.632849] [ 732/0.000998]
  5   9 100, 0.000846 [0.000586/26.630773] [   0/0.000846]
  5   9 150, 0.000905 [0.000740/26.628706] [  50/0.000846]
  5   9 200, 0.000959 [0.002589/26.626647] [ 100/0.000846]
  5   9 250, 0.000975 [0.000716/26.624611] [ 150/0.000846]
  5   9 300, 0.000937 [0.000558/26.622562] [ 200/0.000846]
  5   9 350, 0.000906 [0.001000/26.620517] [ 250/0.000846]
Epoch 9 done. Evaluation:
(50000, 50000)
(8689, 10000)
  5  10  50, 0.000966 [0.001507/26.616850] [ 341/0.000846]
  5  10 100, 0.001002 [0.000682/26.614843] [ 391/0.000846]
  5  10 150, 0.000869 [0.001520/26.612833] [ 441/0.000846]
  5  10 200, 0.001101 [0.000792/26.610848] [ 491/0.000846]
  5  10 250, 0.000929 [0.002557/26.608858] [ 541/0.000846]
  5  10 300, 0.000982 [0.002056/26.606873] [ 591/0.000846]
  5  10 350, 0.000892 [0.001093/26.604899] [ 641/0.000846]
Epoch 10 done. Evaluation:
(50000, 50000)
(8678, 10000)
  5  11  50, 0.001544 [0.001310/26.601387] [ 732/0.000846]
  5  11 100, 0.000992 [0.001063/26.599432] [ 782/0.000846]
  5  11 150, 0.001025 [0.000759/26.597488] [ 832/0.000846]
  5  11 200, 0.001097 [0.001711/26.595558] [ 882/0.000846]
  5  11 250, 0.000978 [0.001194/26.593622] [ 932/0.000846]
  5  11 300, 0.001005 [0.001916/26.591695] [ 982/0.000846]
  5  11 350, 0.000887 [0.001470/26.589761] [1032/0.000846]
Epoch 11 done. Evaluation:
(49998, 50000)
(8723, 10000)
  5  12  50, 0.000818 [0.001530/26.586245] [   0/0.000818]
  5  12 100, 0.000997 [0.000474/26.584371] [  50/0.000818]
  5  12 150, 0.000867 [0.010988/26.582453] [ 100/0.000818]
  5  12 200, 0.001105 [0.002715/26.580576] [ 150/0.000818]
  5  12 250, 0.000881 [0.001121/26.578688] [ 200/0.000818]
  5  12 300, 0.000897 [0.014783/26.576801] [ 250/0.000818]
  5  12 350, 0.001044 [0.000554/26.574930] [ 300/0.000818]
Epoch 12 done. Evaluation:
(50000, 50000)
(8609, 10000)
  5  13  50, 0.000923 [0.000720/26.571554] [ 391/0.000818]
  5  13 100, 0.000875 [0.000930/26.569675] [ 441/0.000818]
  5  13 150, 0.000804 [0.001303/26.567820] [   0/0.000804]
  5  13 200, 0.000874 [0.000775/26.565978] [  50/0.000804]
  5  13 250, 0.000888 [0.000868/26.564126] [ 100/0.000804]
  5  13 300, 0.000899 [0.002242/26.562271] [ 150/0.000804]
  5  13 350, 0.000749 [0.001232/26.560414] [   0/0.000749]
Epoch 13 done. Evaluation:
(50000, 50000)
(8715, 10000)
  5  14  50, 0.000708 [0.000691/26.557053] [   0/0.000708]
  5  14 100, 0.000730 [0.000401/26.555217] [  50/0.000708]
  5  14 150, 0.000752 [0.000809/26.553401] [ 100/0.000708]
  5  14 200, 0.000780 [0.001622/26.551595] [ 150/0.000708]
  5  14 250, 0.000830 [0.005266/26.549790] [ 200/0.000708]
  5  14 300, 0.000790 [0.000926/26.547992] [ 250/0.000708]
  5  14 350, 0.000841 [0.001255/26.546208] [ 300/0.000708]
Epoch 14 done. Evaluation:
(50000, 50000)
(8658, 10000)
  5  15  50, 0.000636 [0.001751/26.542929] [   0/0.000636]
  5  15 100, 0.001006 [0.002169/26.541207] [  50/0.000636]
  5  15 150, 0.000856 [0.001434/26.539434] [ 100/0.000636]
  5  15 200, 0.001051 [0.000947/26.537707] [ 150/0.000636]
  5  15 250, 0.000835 [0.000650/26.535931] [ 200/0.000636]
  5  15 300, 0.000753 [0.000935/26.534153] [ 250/0.000636]
  5  15 350, 0.000756 [0.001671/26.532384] [ 300/0.000636]
Epoch 15 done. Evaluation:
(50000, 50000)
(8696, 10000)
  5  16  50, 0.000675 [0.001443/26.529168] [ 391/0.000636]
  5  16 100, 0.000651 [0.001344/26.527404] [ 441/0.000636]
  5  16 150, 0.000623 [0.000287/26.525638] [   0/0.000623]
  5  16 200, 0.000748 [0.000704/26.523918] [  50/0.000623]
  5  16 250, 0.000789 [0.000874/26.522183] [ 100/0.000623]
  5  16 300, 0.000659 [0.000464/26.520423] [ 150/0.000623]
  5  16 350, 0.000685 [0.000757/26.518696] [ 200/0.000623]
Epoch 16 done. Evaluation:
(50000, 50000)
(8683, 10000)
  5  17  50, 0.000803 [0.000990/26.515596] [ 291/0.000623]
  5  17 100, 0.000693 [0.001004/26.513890] [ 341/0.000623]
  5  17 150, 0.000682 [0.003778/26.512189] [ 391/0.000623]
  5  17 200, 0.000864 [0.002589/26.510504] [ 441/0.000623]
  5  17 250, 0.000699 [0.000804/26.508790] [ 491/0.000623]
  5  17 300, 0.001160 [0.001099/26.507175] [ 541/0.000623]
  5  17 350, 0.000782 [0.001095/26.505472] [ 591/0.000623]
Epoch 17 done. Evaluation:
(50000, 50000)
(8633, 10000)
  5  18  50, 0.001043 [0.001441/26.502459] [ 682/0.000623]
  5  18 100, 0.452381 [0.118460/26.518705] [ 732/0.000623]
  5  18 150, 0.170764 [0.071014/26.522776] [ 782/0.000623]
  5  18 200, 0.075312 [0.023449/26.523560] [ 832/0.000623]
  5  18 250, 0.048584 [0.051301/26.523627] [ 882/0.000623]
  5  18 300, 0.046025 [0.049944/26.523654] [ 932/0.000623]
  5  18 350, 0.041243 [0.049634/26.523358] [ 982/0.000623]
Epoch 18 done. Evaluation:
(48368, 50000)
(8416, 10000)
  5  19  50, 0.017934 [0.020173/26.521589] [1073/0.000623]
  5  19 100, 0.019660 [0.017210/26.520458] [1123/0.000623]
  5  19 150, 0.022904 [0.020440/26.519464] [1173/0.000623]
  5  19 200, 0.019286 [0.008999/26.518354] [1223/0.000623]
  5  19 250, 0.014966 [0.004976/26.517086] [1273/0.000623]
  5  19 300, 0.020197 [0.005448/26.516189] [1323/0.000623]
  5  19 350, 0.012344 [0.014079/26.514827] [1373/0.000623]
Epoch 19 done. Evaluation:
(49735, 50000)
(8473, 10000)
  6   0  50, 0.009081 [0.001943/26.512999] [1464/0.000623]
  6   0 100, 0.008271 [0.020201/26.512149] [1514/0.000623]
  6   0 150, 0.006140 [0.001218/26.511274] [1564/0.000623]
  6   0 200, 0.004847 [0.006140/26.510370] [1614/0.000623]
  6   0 250, 0.005757 [0.000634/26.509498] [1664/0.000623]
  6   0 300, 0.005826 [0.009186/26.508614] [1714/0.000623]
  6   0 350, 0.004916 [0.001674/26.507732] [1764/0.000623]
Epoch 0 done. Evaluation:
(49941, 50000)
(8589, 10000)
  6   1  50, 0.003157 [0.000946/26.506085] [1855/0.000623]
  6   1 100, 0.002832 [0.001529/26.505171] [1905/0.000623]
  6   1 150, 0.002511 [0.000677/26.504246] [1955/0.000623]
  6   1 200, 0.002691 [0.010160/26.503327] [2005/0.000623]
  6   1 250, 0.003181 [0.001104/26.502427] [2055/0.000623]
  6   1 300, 0.003268 [0.000874/26.501542] [2105/0.000623]
  6   1 350, 0.002737 [0.001457/26.500640] [2155/0.000623]
Epoch 1 done. Evaluation:
(49989, 50000)
(8631, 10000)
  6   2  50, 0.002112 [0.003675/26.498977] [2246/0.000623]
  6   2 100, 0.002257 [0.000754/26.498062] [2296/0.000623]
  6   2 150, 0.002026 [0.000680/26.497153] [2346/0.000623]
  6   2 200, 0.002328 [0.000869/26.496252] [2396/0.000623]
  6   2 250, 0.002321 [0.001973/26.495342] [2446/0.000623]
  6   2 300, 0.001852 [0.000839/26.494432] [2496/0.000623]
  6   2 350, 0.002150 [0.001622/26.493528] [2546/0.000623]
Epoch 2 done. Evaluation:
(49994, 50000)
(8657, 10000)
  6   3  50, 0.002265 [0.000623/26.491879] [2637/0.000623]
  6   3 100, 0.001365 [0.000833/26.490961] [2687/0.000623]
  6   3 150, 0.001768 [0.001486/26.490053] [2737/0.000623]
  6   3 200, 0.001768 [0.001419/26.489159] [2787/0.000623]
  6   3 250, 0.001706 [0.000925/26.488274] [2837/0.000623]
  6   3 300, 0.001599 [0.001661/26.487369] [2887/0.000623]
  6   3 350, 0.001720 [0.001478/26.486475] [2937/0.000623]
Epoch 3 done. Evaluation:
(49997, 50000)
(8657, 10000)
  6   4  50, 0.001279 [0.000315/26.484836] [3028/0.000623]
  6   4 100, 0.001289 [0.000445/26.483932] [3078/0.000623]
  6   4 150, 0.001276 [0.000469/26.483028] [3128/0.000623]
  6   4 200, 0.001417 [0.000581/26.482134] [3178/0.000623]
  6   4 250, 0.001167 [0.000409/26.481237] [3228/0.000623]
  6   4 300, 0.001229 [0.000541/26.480339] [3278/0.000623]
  6   4 350, 0.001205 [0.000349/26.479443] [3328/0.000623]
Epoch 4 done. Evaluation:
(49999, 50000)
(8651, 10000)
  6   5  50, 0.001273 [0.001473/26.477823] [3419/0.000623]
  6   5 100, 0.001077 [0.000566/26.476931] [3469/0.000623]
  6   5 150, 0.001376 [0.000822/26.476044] [3519/0.000623]
  6   5 200, 0.001008 [0.000333/26.475155] [3569/0.000623]
  6   5 250, 0.001256 [0.000410/26.474273] [3619/0.000623]
  6   5 300, 0.001206 [0.001919/26.473392] [3669/0.000623]
  6   5 350, 0.001113 [0.000967/26.472513] [3719/0.000623]
Epoch 5 done. Evaluation:
(50000, 50000)
(8641, 10000)
  6   6  50, 0.001173 [0.000569/26.470930] [3810/0.000623]
  6   6 100, 0.001064 [0.001513/26.470048] [3860/0.000623]
  6   6 150, 0.001070 [0.000672/26.469175] [3910/0.000623]
  6   6 200, 0.001052 [0.000417/26.468303] [3960/0.000623]
  6   6 250, 0.001409 [0.001812/26.467440] [4010/0.000623]
  6   6 300, 0.001179 [0.001436/26.466566] [4060/0.000623]
  6   6 350, 0.001093 [0.000994/26.465692] [4110/0.000623]
Epoch 6 done. Evaluation:
(49998, 50000)
(8647, 10000)
  6   7  50, 0.000939 [0.000213/26.464117] [4201/0.000623]
  6   7 100, 0.001034 [0.000656/26.463254] [4251/0.000623]
  6   7 150, 0.000905 [0.000718/26.462385] [4301/0.000623]
  6   7 200, 0.001017 [0.001086/26.461531] [4351/0.000623]
  6   7 250, 0.000965 [0.001264/26.460672] [4401/0.000623]
  6   7 300, 0.001005 [0.000195/26.459816] [4451/0.000623]
  6   7 350, 0.001163 [0.000448/26.458959] [4501/0.000623]
Epoch 7 done. Evaluation:
(50000, 50000)
(8652, 10000)
  6   8  50, 0.000968 [0.000956/26.457415] [4592/0.000623]
  6   8 100, 0.000860 [0.000390/26.456553] [4642/0.000623]
  6   8 150, 0.000770 [0.000216/26.455696] [4692/0.000623]
  6   8 200, 0.000885 [0.000173/26.454846] [4742/0.000623]
  6   8 250, 0.001034 [0.003815/26.454007] [4792/0.000623]
  6   8 300, 0.000812 [0.000249/26.453155] [4842/0.000623]
  6   8 350, 0.000824 [0.000219/26.452306] [4892/0.000623]
Epoch 8 done. Evaluation:
(50000, 50000)
(8653, 10000)
  6   9  50, 0.000835 [0.000290/26.450773] [4983/0.000623]
  6   9 100, 0.000744 [0.000220/26.449929] [5033/0.000623]
  6   9 150, 0.000846 [0.000606/26.449090] [5083/0.000623]
  6   9 200, 0.000787 [0.000241/26.448250] [5133/0.000623]
  6   9 250, 0.000835 [0.000651/26.447414] [5183/0.000623]
  6   9 300, 0.000942 [0.000317/26.446584] [5233/0.000623]
  6   9 350, 0.000847 [0.000560/26.445760] [5283/0.000623]
Epoch 9 done. Evaluation:
(50000, 50000)
(8654, 10000)
  6  10  50, 0.000885 [0.000312/26.444264] [5374/0.000623]
  6  10 100, 0.000885 [0.004345/26.443439] [5424/0.000623]
  6  10 150, 0.000798 [0.000738/26.442613] [5474/0.000623]
  6  10 200, 0.000724 [0.000635/26.441783] [5524/0.000623]
  6  10 250, 0.000816 [0.000319/26.440966] [5574/0.000623]
  6  10 300, 0.000822 [0.000594/26.440145] [5624/0.000623]
  6  10 350, 0.001041 [0.000497/26.439348] [5674/0.000623]
Epoch 10 done. Evaluation:
(50000, 50000)
(8649, 10000)
  6  11  50, 0.000808 [0.000960/26.437861] [5765/0.000623]
  6  11 100, 0.000762 [0.000417/26.437043] [5815/0.000623]
  6  11 150, 0.000762 [0.000417/26.436228] [5865/0.000623]
  6  11 200, 0.000795 [0.000219/26.435418] [5915/0.000623]
  6  11 250, 0.000774 [0.000637/26.434615] [5965/0.000623]
  6  11 300, 0.000809 [0.001449/26.433813] [6015/0.000623]
  6  11 350, 0.000805 [0.001083/26.433009] [6065/0.000623]
Epoch 11 done. Evaluation:
(50000, 50000)
(8666, 10000)
  6  12  50, 0.000859 [0.000283/26.431554] [6156/0.000623]
  6  12 100, 0.000842 [0.000350/26.430752] [6206/0.000623]
  6  12 150, 0.000835 [0.000384/26.429955] [6256/0.000623]
  6  12 200, 0.000860 [0.002109/26.429161] [6306/0.000623]
  6  12 250, 0.000730 [0.000444/26.428352] [6356/0.000623]
  6  12 300, 0.000875 [0.000376/26.427562] [6406/0.000623]
  6  12 350, 0.000854 [0.001831/26.426765] [6456/0.000623]
Epoch 12 done. Evaluation:
(50000, 50000)
(8643, 10000)
  6  13  50, 0.000680 [0.000273/26.425312] [6547/0.000623]
  6  13 100, 0.000723 [0.000182/26.424517] [6597/0.000623]
  6  13 150, 0.000898 [0.000298/26.423755] [6647/0.000623]
  6  13 200, 0.000693 [0.000394/26.422961] [6697/0.000623]
  6  13 250, 0.000777 [0.000272/26.422173] [6747/0.000623]
  6  13 300, 0.000772 [0.000347/26.421386] [6797/0.000623]
  6  13 350, 0.000683 [0.000529/26.420597] [6847/0.000623]
Epoch 13 done. Evaluation:
(50000, 50000)
(8664, 10000)
  6  14  50, 0.000741 [0.000608/26.419164] [6938/0.000623]
  6  14 100, 0.000745 [0.000321/26.418380] [6988/0.000623]
  6  14 150, 0.000724 [0.000188/26.417591] [7038/0.000623]
  6  14 200, 0.000703 [0.000349/26.416806] [7088/0.000623]
  6  14 250, 0.000746 [0.000638/26.416036] [7138/0.000623]
  6  14 300, 0.000669 [0.000266/26.415248] [7188/0.000623]
  6  14 350, 0.000654 [0.000630/26.414470] [7238/0.000623]
Epoch 14 done. Evaluation:
(50000, 50000)
(8655, 10000)
  6  15  50, 0.000676 [0.000400/26.413071] [7329/0.000623]
  6  15 100, 0.000700 [0.000649/26.412292] [7379/0.000623]
  6  15 150, 0.000725 [0.000371/26.411529] [7429/0.000623]
  6  15 200, 0.000668 [0.000354/26.410752] [7479/0.000623]
  6  15 250, 0.000835 [0.000989/26.409999] [7529/0.000623]
  6  15 300, 0.000693 [0.001072/26.409234] [7579/0.000623]
  6  15 350, 0.000646 [0.000993/26.408461] [7629/0.000623]
Epoch 15 done. Evaluation:
(50000, 50000)
(8644, 10000)
  6  16  50, 0.000714 [0.000312/26.407067] [7720/0.000623]
  6  16 100, 0.000743 [0.002685/26.406302] [7770/0.000623]
  6  16 150, 0.000640 [0.000400/26.405534] [7820/0.000623]
  6  16 200, 0.000670 [0.000572/26.404765] [7870/0.000623]
  6  16 250, 0.000678 [0.002787/26.404010] [7920/0.000623]
  6  16 300, 0.000630 [0.000352/26.403247] [7970/0.000623]
  6  16 350, 0.000656 [0.000307/26.402479] [8020/0.000623]
Epoch 16 done. Evaluation:
(50000, 50000)
(8655, 10000)
  6  17  50, 0.000683 [0.000355/26.401101] [8111/0.000623]
  6  17 100, 0.000713 [0.000422/26.400357] [8161/0.000623]
  6  17 150, 0.000609 [0.000273/26.399594] [   0/0.000609]
  6  17 200, 0.000649 [0.001205/26.398837] [  50/0.000609]
  6  17 250, 0.000658 [0.000297/26.398085] [ 100/0.000609]
  6  17 300, 0.000624 [0.000411/26.397329] [ 150/0.000609]
  6  17 350, 0.000671 [0.000547/26.396585] [ 200/0.000609]
Epoch 17 done. Evaluation:
(50000, 50000)
(8646, 10000)
  6  18  50, 0.000723 [0.000411/26.395236] [ 291/0.000609]
  6  18 100, 0.000616 [0.000570/26.394484] [ 341/0.000609]
  6  18 150, 0.000671 [0.000290/26.393746] [ 391/0.000609]
  6  18 200, 0.000730 [0.000216/26.393002] [ 441/0.000609]
  6  18 250, 0.000644 [0.000353/26.392251] [ 491/0.000609]
  6  18 300, 0.000623 [0.002160/26.391511] [ 541/0.000609]
  6  18 350, 0.000724 [0.000728/26.390769] [ 591/0.000609]
Epoch 18 done. Evaluation:
(50000, 50000)
(8661, 10000)
  6  19  50, 0.000613 [0.001124/26.389413] [ 682/0.000609]
  6  19 100, 0.000738 [0.000305/26.388677] [ 732/0.000609]
  6  19 150, 0.000651 [0.002987/26.387931] [ 782/0.000609]
  6  19 200, 0.000641 [0.000499/26.387189] [ 832/0.000609]
  6  19 250, 0.000641 [0.000223/26.386448] [ 882/0.000609]
  6  19 300, 0.000629 [0.000332/26.385715] [ 932/0.000609]
  6  19 350, 0.000691 [0.000567/26.384983] [ 982/0.000609]
Epoch 19 done. Evaluation:
(50000, 50000)
(8639, 10000)
  7   0  50, 0.000674 [0.000166/26.384005] [1073/0.000609]
  7   0 100, 0.000638 [0.000168/26.383634] [1123/0.000609]
  7   0 150, 0.000661 [0.000204/26.383265] [1173/0.000609]
  7   0 200, 0.000647 [0.000222/26.382900] [1223/0.000609]
  7   0 250, 0.000594 [0.000252/26.382526] [   0/0.000594]
  7   0 300, 0.000618 [0.000127/26.382154] [  50/0.000594]
  7   0 350, 0.000612 [0.000166/26.381786] [ 100/0.000594]
Epoch 0 done. Evaluation:
(50000, 50000)
(8651, 10000)
  7   1  50, 0.000643 [0.000358/26.381116] [ 191/0.000594]
  7   1 100, 0.000586 [0.000297/26.380741] [   0/0.000586]
  7   1 150, 0.000647 [0.000740/26.380372] [  50/0.000586]
  7   1 200, 0.000522 [0.000270/26.379994] [   0/0.000522]
  7   1 250, 0.000761 [0.000165/26.379635] [  50/0.000522]
  7   1 300, 0.000555 [0.000984/26.379264] [ 100/0.000522]
  7   1 350, 0.000566 [0.000166/26.378890] [ 150/0.000522]
Epoch 1 done. Evaluation:
(50000, 50000)
(8637, 10000)
  7   2  50, 0.000596 [0.000913/26.378219] [ 241/0.000522]
  7   2 100, 0.000553 [0.000192/26.377846] [ 291/0.000522]
  7   2 150, 0.000636 [0.000382/26.377477] [ 341/0.000522]
  7   2 200, 0.000583 [0.000216/26.377108] [ 391/0.000522]
  7   2 250, 0.000616 [0.000135/26.376737] [ 441/0.000522]
  7   2 300, 0.000597 [0.000168/26.376372] [ 491/0.000522]
  7   2 350, 0.000621 [0.000397/26.376007] [ 541/0.000522]
Epoch 2 done. Evaluation:
(50000, 50000)
(8648, 10000)
  7   3  50, 0.000622 [0.000136/26.375340] [ 632/0.000522]
  7   3 100, 0.000708 [0.004832/26.374979] [ 682/0.000522]
  7   3 150, 0.000568 [0.000207/26.374607] [ 732/0.000522]
  7   3 200, 0.000669 [0.000146/26.374242] [ 782/0.000522]
  7   3 250, 0.000571 [0.000386/26.373873] [ 832/0.000522]
  7   3 300, 0.000678 [0.000116/26.373512] [ 882/0.000522]
  7   3 350, 0.000586 [0.000151/26.373147] [ 932/0.000522]
Epoch 3 done. Evaluation:
(50000, 50000)
(8643, 10000)
  7   4  50, 0.000574 [0.000165/26.372475] [1023/0.000522]
  7   4 100, 0.000579 [0.000155/26.372112] [1073/0.000522]
  7   4 150, 0.000617 [0.000280/26.371745] [1123/0.000522]
  7   4 200, 0.000543 [0.000215/26.371376] [1173/0.000522]
  7   4 250, 0.000573 [0.000228/26.371014] [1223/0.000522]
  7   4 300, 0.000664 [0.000420/26.370655] [1273/0.000522]
  7   4 350, 0.000663 [0.000238/26.370289] [1323/0.000522]
Epoch 4 done. Evaluation:
(50000, 50000)
(8620, 10000)
  7   5  50, 0.000646 [0.000135/26.369634] [1414/0.000522]
  7   5 100, 0.000613 [0.000203/26.369273] [1464/0.000522]
  7   5 150, 0.000577 [0.000187/26.368908] [1514/0.000522]
  7   5 200, 0.000601 [0.000300/26.368542] [1564/0.000522]
  7   5 250, 0.000604 [0.000201/26.368182] [1614/0.000522]
  7   5 300, 0.000653 [0.000656/26.367828] [1664/0.000522]
  7   5 350, 0.000654 [0.000478/26.367470] [1714/0.000522]
Epoch 5 done. Evaluation:
(50000, 50000)
(8630, 10000)
  7   6  50, 0.000601 [0.000178/26.366809] [1805/0.000522]
  7   6 100, 0.000530 [0.000303/26.366442] [1855/0.000522]
  7   6 150, 0.000768 [0.000148/26.366088] [1905/0.000522]
  7   6 200, 0.000600 [0.000204/26.365729] [1955/0.000522]
  7   6 250, 0.000705 [0.000552/26.365381] [2005/0.000522]
  7   6 300, 0.000557 [0.000236/26.365013] [2055/0.000522]
  7   6 350, 0.000536 [0.000167/26.364648] [2105/0.000522]
Epoch 6 done. Evaluation:
(50000, 50000)
(8627, 10000)
  7   7  50, 0.000578 [0.000376/26.363990] [2196/0.000522]
  7   7 100, 0.000546 [0.000527/26.363623] [2246/0.000522]
  7   7 150, 0.000584 [0.000463/26.363266] [2296/0.000522]
  7   7 200, 0.000829 [0.001485/26.362925] [2346/0.000522]
  7   7 250, 0.000626 [0.000160/26.362570] [2396/0.000522]
  7   7 300, 0.000664 [0.001167/26.362215] [2446/0.000522]
  7   7 350, 0.000590 [0.000133/26.361859] [2496/0.000522]
Epoch 7 done. Evaluation:
(49999, 50000)
(8635, 10000)
  7   8  50, 0.000623 [0.000274/26.361209] [2587/0.000522]
  7   8 100, 0.000584 [0.000160/26.360848] [2637/0.000522]
  7   8 150, 0.000539 [0.000136/26.360482] [2687/0.000522]
  7   8 200, 0.000551 [0.000554/26.360122] [2737/0.000522]
  7   8 250, 0.000730 [0.000167/26.359772] [2787/0.000522]
  7   8 300, 0.000564 [0.001038/26.359412] [2837/0.000522]
  7   8 350, 0.000627 [0.000170/26.359056] [2887/0.000522]
Epoch 8 done. Evaluation:
(50000, 50000)
(8641, 10000)
  7   9  50, 0.000584 [0.000182/26.358397] [2978/0.000522]
  7   9 100, 0.000573 [0.000156/26.358037] [3028/0.000522]
  7   9 150, 0.000583 [0.000334/26.357681] [3078/0.000522]
  7   9 200, 0.000603 [0.000130/26.357326] [3128/0.000522]
  7   9 250, 0.000610 [0.000189/26.356970] [3178/0.000522]
  7   9 300, 0.000620 [0.000387/26.356617] [3228/0.000522]
  7   9 350, 0.000625 [0.000191/26.356267] [3278/0.000522]
Epoch 9 done. Evaluation:
(50000, 50000)
(8644, 10000)
  7  10  50, 0.000660 [0.000199/26.355643] [3369/0.000522]
  7  10 100, 0.000567 [0.000136/26.355281] [3419/0.000522]
  7  10 150, 0.000520 [0.000240/26.354922] [   0/0.000520]
  7  10 200, 0.000611 [0.000158/26.354569] [  50/0.000520]
  7  10 250, 0.000528 [0.000218/26.354209] [ 100/0.000520]
  7  10 300, 0.000575 [0.000711/26.353851] [ 150/0.000520]
  7  10 350, 0.000629 [0.001468/26.353495] [ 200/0.000520]
Epoch 10 done. Evaluation:
(50000, 50000)
(8636, 10000)
  7  11  50, 0.000606 [0.000134/26.352842] [ 291/0.000520]
  7  11 100, 0.000564 [0.000132/26.352488] [ 341/0.000520]
  7  11 150, 0.000583 [0.000157/26.352135] [ 391/0.000520]
  7  11 200, 0.000653 [0.000206/26.351788] [ 441/0.000520]
  7  11 250, 0.000573 [0.000119/26.351436] [ 491/0.000520]
  7  11 300, 0.000563 [0.000335/26.351082] [ 541/0.000520]
  7  11 350, 0.000573 [0.000135/26.350728] [ 591/0.000520]
Epoch 11 done. Evaluation:
(50000, 50000)
(8636, 10000)
  7  12  50, 0.000564 [0.000150/26.350085] [ 682/0.000520]
  7  12 100, 0.000552 [0.000126/26.349732] [ 732/0.000520]
  7  12 150, 0.000557 [0.000140/26.349376] [ 782/0.000520]
  7  12 200, 0.000521 [0.000266/26.349016] [ 832/0.000520]
  7  12 250, 0.000598 [0.000256/26.348671] [ 882/0.000520]
  7  12 300, 0.000618 [0.000392/26.348326] [ 932/0.000520]
  7  12 350, 0.000575 [0.000168/26.347972] [ 982/0.000520]
Epoch 12 done. Evaluation:
(50000, 50000)
(8642, 10000)
  7  13  50, 0.000594 [0.000326/26.347340] [1073/0.000520]
  7  13 100, 0.000555 [0.000128/26.346987] [1123/0.000520]
  7  13 150, 0.000525 [0.000288/26.346633] [1173/0.000520]
  7  13 200, 0.000553 [0.000169/26.346281] [1223/0.000520]
  7  13 250, 0.000613 [0.000168/26.345936] [1273/0.000520]
  7  13 300, 0.000549 [0.000319/26.345580] [1323/0.000520]
  7  13 350, 0.000541 [0.000166/26.345225] [1373/0.000520]
Epoch 13 done. Evaluation:
(50000, 50000)
(8628, 10000)
  7  14  50, 0.000627 [0.000460/26.344585] [1464/0.000520]
  7  14 100, 0.000662 [0.000296/26.344243] [1514/0.000520]
  7  14 150, 0.000548 [0.000510/26.343899] [1564/0.000520]
  7  14 200, 0.000554 [0.000593/26.343545] [1614/0.000520]
  7  14 250, 0.000571 [0.000209/26.343196] [1664/0.000520]
  7  14 300, 0.000638 [0.000247/26.342855] [1714/0.000520]
  7  14 350, 0.000578 [0.000250/26.342509] [1764/0.000520]
Epoch 14 done. Evaluation:
(50000, 50000)
(8635, 10000)
  7  15  50, 0.000518 [0.000386/26.341870] [   0/0.000518]
  7  15 100, 0.000518 [0.000233/26.341519] [  50/0.000518]
  7  15 150, 0.000558 [0.000170/26.341175] [ 100/0.000518]
  7  15 200, 0.000542 [0.000419/26.340826] [ 150/0.000518]
  7  15 250, 0.000523 [0.000127/26.340474] [ 200/0.000518]
  7  15 300, 0.000619 [0.000175/26.340136] [ 250/0.000518]
  7  15 350, 0.000553 [0.000159/26.339787] [ 300/0.000518]
Epoch 15 done. Evaluation:
(50000, 50000)
(8650, 10000)
  7  16  50, 0.000550 [0.000286/26.339158] [ 391/0.000518]
  7  16 100, 0.000579 [0.000196/26.338812] [ 441/0.000518]
  7  16 150, 0.000580 [0.000257/26.338464] [ 491/0.000518]
  7  16 200, 0.000623 [0.000300/26.338123] [ 541/0.000518]
  7  16 250, 0.000571 [0.000176/26.337775] [ 591/0.000518]
  7  16 300, 0.000570 [0.000303/26.337422] [ 641/0.000518]
  7  16 350, 0.000586 [0.000223/26.337081] [ 691/0.000518]
Epoch 16 done. Evaluation:
(50000, 50000)
(8634, 10000)
  7  17  50, 0.000595 [0.000189/26.336460] [ 782/0.000518]
  7  17 100, 0.000594 [0.000150/26.336117] [ 832/0.000518]
  7  17 150, 0.000616 [0.000320/26.335775] [ 882/0.000518]
  7  17 200, 0.000665 [0.000192/26.335434] [ 932/0.000518]
  7  17 250, 0.000557 [0.000192/26.335085] [ 982/0.000518]
  7  17 300, 0.000523 [0.000303/26.334740] [1032/0.000518]
  7  17 350, 0.000616 [0.000419/26.334399] [1082/0.000518]
Epoch 17 done. Evaluation:
(50000, 50000)
(8615, 10000)
  7  18  50, 0.000594 [0.000450/26.333768] [1173/0.000518]
  7  18 100, 0.000551 [0.000169/26.333421] [1223/0.000518]
  7  18 150, 0.000548 [0.000182/26.333080] [1273/0.000518]
  7  18 200, 0.000566 [0.000363/26.332739] [1323/0.000518]
  7  18 250, 0.000563 [0.000345/26.332398] [1373/0.000518]
  7  18 300, 0.000574 [0.000214/26.332057] [1423/0.000518]
  7  18 350, 0.000609 [0.000309/26.331717] [1473/0.000518]
Epoch 18 done. Evaluation:
(50000, 50000)
(8629, 10000)
  7  19  50, 0.000528 [0.000335/26.331092] [1564/0.000518]
  7  19 100, 0.000563 [0.000151/26.330753] [1614/0.000518]
  7  19 150, 0.000536 [0.000124/26.330412] [1664/0.000518]
  7  19 200, 0.000504 [0.000118/26.330059] [   0/0.000504]
  7  19 250, 0.000600 [0.000306/26.329722] [  50/0.000504]
  7  19 300, 0.000557 [0.000215/26.329387] [ 100/0.000504]
  7  19 350, 0.000566 [0.000178/26.329043] [ 150/0.000504]
Epoch 19 done. Evaluation:
(50000, 50000)
(8631, 10000)
  8   0  50, 0.000558 [0.000187/26.328605] [ 241/0.000504]
  8   0 100, 0.000516 [0.000109/26.328450] [ 291/0.000504]
  8   0 150, 0.000518 [0.000205/26.328297] [ 341/0.000504]
  8   0 200, 0.000561 [0.000190/26.328143] [ 391/0.000504]
  8   0 250, 0.000551 [0.000124/26.327989] [ 441/0.000504]
  8   0 300, 0.000655 [0.000112/26.327835] [ 491/0.000504]
  8   0 350, 0.000549 [0.000223/26.327684] [ 541/0.000504]
Epoch 0 done. Evaluation:
(50000, 50000)
(8625, 10000)
  8   1  50, 0.000572 [0.000132/26.327407] [ 632/0.000504]
  8   1 100, 0.000562 [0.000125/26.327253] [ 682/0.000504]
  8   1 150, 0.000516 [0.000145/26.327101] [ 732/0.000504]
  8   1 200, 0.000522 [0.000139/26.326945] [ 782/0.000504]
  8   1 250, 0.000592 [0.000146/26.326794] [ 832/0.000504]
  8   1 300, 0.000593 [0.000132/26.326641] [ 882/0.000504]
  8   1 350, 0.000565 [0.000159/26.326488] [ 932/0.000504]
Epoch 1 done. Evaluation:
(50000, 50000)
(8627, 10000)
  8   2  50, 0.000564 [0.000125/26.326206] [1023/0.000504]
  8   2 100, 0.000535 [0.000149/26.326052] [1073/0.000504]
  8   2 150, 0.000557 [0.000172/26.325898] [1123/0.000504]
  8   2 200, 0.000593 [0.000400/26.325748] [1173/0.000504]
  8   2 250, 0.000511 [0.000167/26.325596] [1223/0.000504]
  8   2 300, 0.000564 [0.000133/26.325443] [1273/0.000504]
  8   2 350, 0.000539 [0.000119/26.325291] [1323/0.000504]
Epoch 2 done. Evaluation:
(50000, 50000)
(8633, 10000)
  8   3  50, 0.000493 [0.000206/26.325011] [   0/0.000493]
  8   3 100, 0.000524 [0.000121/26.324859] [  50/0.000493]
  8   3 150, 0.000609 [0.000137/26.324708] [ 100/0.000493]
  8   3 200, 0.000535 [0.000135/26.324555] [ 150/0.000493]
  8   3 250, 0.000509 [0.000117/26.324404] [ 200/0.000493]
  8   3 300, 0.000589 [0.000319/26.324248] [ 250/0.000493]
  8   3 350, 0.000574 [0.000118/26.324093] [ 300/0.000493]
Epoch 3 done. Evaluation:
(50000, 50000)
(8629, 10000)
  8   4  50, 0.000583 [0.001706/26.323823] [ 391/0.000493]
  8   4 100, 0.000481 [0.000166/26.323669] [   0/0.000481]
  8   4 150, 0.000609 [0.000197/26.323518] [  50/0.000481]
  8   4 200, 0.000510 [0.000144/26.323365] [ 100/0.000481]
  8   4 250, 0.000539 [0.000107/26.323209] [ 150/0.000481]
  8   4 300, 0.000549 [0.000178/26.323058] [ 200/0.000481]
  8   4 350, 0.000601 [0.000174/26.322909] [ 250/0.000481]
Epoch 4 done. Evaluation:
(50000, 50000)
(8631, 10000)
  8   5  50, 0.000537 [0.000190/26.322629] [ 341/0.000481]
  8   5 100, 0.000513 [0.000206/26.322478] [ 391/0.000481]
  8   5 150, 0.000548 [0.000138/26.322325] [ 441/0.000481]
  8   5 200, 0.000622 [0.000158/26.322172] [ 491/0.000481]
  8   5 250, 0.000564 [0.000122/26.322021] [ 541/0.000481]
  8   5 300, 0.000658 [0.000117/26.321866] [ 591/0.000481]
  8   5 350, 0.000600 [0.000232/26.321715] [ 641/0.000481]
Epoch 5 done. Evaluation:
(50000, 50000)
(8629, 10000)
  8   6  50, 0.000587 [0.000125/26.321444] [ 732/0.000481]
  8   6 100, 0.000491 [0.000135/26.321291] [ 782/0.000481]
  8   6 150, 0.000617 [0.000190/26.321139] [ 832/0.000481]
  8   6 200, 0.000572 [0.000342/26.320989] [ 882/0.000481]
  8   6 250, 0.000519 [0.000121/26.320840] [ 932/0.000481]
  8   6 300, 0.000495 [0.000144/26.320685] [ 982/0.000481]
  8   6 350, 0.000632 [0.000127/26.320533] [1032/0.000481]
Epoch 6 done. Evaluation:
(50000, 50000)
(8626, 10000)
  8   7  50, 0.000553 [0.000133/26.320258] [1123/0.000481]
  8   7 100, 0.000597 [0.000187/26.320113] [1173/0.000481]
  8   7 150, 0.000515 [0.000117/26.319959] [1223/0.000481]
  8   7 200, 0.000683 [0.000125/26.319812] [1273/0.000481]
  8   7 250, 0.000492 [0.000172/26.319659] [1323/0.000481]
  8   7 300, 0.000602 [0.000240/26.319509] [1373/0.000481]
  8   7 350, 0.000562 [0.000148/26.319357] [1423/0.000481]
Epoch 7 done. Evaluation:
(50000, 50000)
(8622, 10000)
  8   8  50, 0.000517 [0.000112/26.319084] [1514/0.000481]
  8   8 100, 0.000530 [0.000109/26.318932] [1564/0.000481]
  8   8 150, 0.000548 [0.000123/26.318784] [1614/0.000481]
  8   8 200, 0.000572 [0.000128/26.318633] [1664/0.000481]
  8   8 250, 0.000608 [0.000122/26.318485] [1714/0.000481]
  8   8 300, 0.000515 [0.000118/26.318331] [1764/0.000481]
  8   8 350, 0.000547 [0.000118/26.318182] [1814/0.000481]
Epoch 8 done. Evaluation:
(50000, 50000)
(8631, 10000)
  8   9  50, 0.000569 [0.000185/26.317909] [1905/0.000481]
  8   9 100, 0.000495 [0.000147/26.317758] [1955/0.000481]
  8   9 150, 0.000545 [0.000239/26.317606] [2005/0.000481]
  8   9 200, 0.000560 [0.000158/26.317456] [2055/0.000481]
  8   9 250, 0.000569 [0.000178/26.317306] [2105/0.000481]
  8   9 300, 0.000531 [0.000133/26.317156] [2155/0.000481]
  8   9 350, 0.000551 [0.000272/26.317002] [2205/0.000481]
Epoch 9 done. Evaluation:
(50000, 50000)
(8633, 10000)
  8  10  50, 0.000538 [0.000191/26.316725] [2296/0.000481]
  8  10 100, 0.000521 [0.000520/26.316574] [2346/0.000481]
  8  10 150, 0.000566 [0.000151/26.316425] [2396/0.000481]
  8  10 200, 0.000588 [0.000125/26.316277] [2446/0.000481]
  8  10 250, 0.000541 [0.000159/26.316128] [2496/0.000481]
  8  10 300, 0.000469 [0.000147/26.315979] [   0/0.000469]
  8  10 350, 0.000520 [0.000178/26.315830] [  50/0.000469]
Epoch 10 done. Evaluation:
(50000, 50000)
(8598, 10000)
  8  11  50, 0.000655 [0.000139/26.315557] [ 141/0.000469]
  8  11 100, 0.000520 [0.000112/26.315409] [ 191/0.000469]
  8  11 150, 0.000558 [0.000107/26.315257] [ 241/0.000469]
  8  11 200, 0.000631 [0.000248/26.315112] [ 291/0.000469]
  8  11 250, 0.000468 [0.000118/26.314960] [   0/0.000468]
  8  11 300, 0.000501 [0.000111/26.314810] [  50/0.000468]
  8  11 350, 0.000522 [0.000113/26.314657] [ 100/0.000468]
Epoch 11 done. Evaluation:
(50000, 50000)
(8619, 10000)
  8  12  50, 0.000573 [0.000173/26.314388] [ 191/0.000468]
  8  12 100, 0.000576 [0.000149/26.314239] [ 241/0.000468]
  8  12 150, 0.000512 [0.000106/26.314088] [ 291/0.000468]
  8  12 200, 0.000612 [0.000149/26.313942] [ 341/0.000468]
  8  12 250, 0.000534 [0.000133/26.313791] [ 391/0.000468]
  8  12 300, 0.000585 [0.000147/26.313643] [ 441/0.000468]
  8  12 350, 0.000523 [0.000118/26.313493] [ 491/0.000468]
Epoch 12 done. Evaluation:
(50000, 50000)
(8629, 10000)
  8  13  50, 0.000467 [0.000234/26.313220] [   0/0.000467]
  8  13 100, 0.000555 [0.000130/26.313070] [  50/0.000467]
  8  13 150, 0.000522 [0.000118/26.312922] [ 100/0.000467]
  8  13 200, 0.000555 [0.000114/26.312775] [ 150/0.000467]
  8  13 250, 0.000577 [0.000114/26.312627] [ 200/0.000467]
  8  13 300, 0.000583 [0.000139/26.312481] [ 250/0.000467]
  8  13 350, 0.000524 [0.000256/26.312331] [ 300/0.000467]
Epoch 13 done. Evaluation:
(50000, 50000)
(8623, 10000)
  8  14  50, 0.000539 [0.000234/26.312062] [ 391/0.000467]
  8  14 100, 0.000486 [0.000109/26.311911] [ 441/0.000467]
  8  14 150, 0.000538 [0.000173/26.311760] [ 491/0.000467]
  8  14 200, 0.000551 [0.000181/26.311611] [ 541/0.000467]
  8  14 250, 0.000541 [0.000172/26.311465] [ 591/0.000467]
  8  14 300, 0.000489 [0.000112/26.311314] [ 641/0.000467]
  8  14 350, 0.000533 [0.000158/26.311168] [ 691/0.000467]
Epoch 14 done. Evaluation:
(50000, 50000)
(8619, 10000)
  8  15  50, 0.000601 [0.000198/26.310908] [ 782/0.000467]
  8  15 100, 0.000517 [0.000120/26.310757] [ 832/0.000467]
  8  15 150, 0.000615 [0.000125/26.310611] [ 882/0.000467]
  8  15 200, 0.000527 [0.000145/26.310461] [ 932/0.000467]
  8  15 250, 0.000574 [0.000104/26.310313] [ 982/0.000467]
  8  15 300, 0.000551 [0.000141/26.310162] [1032/0.000467]
  8  15 350, 0.000565 [0.000185/26.310015] [1082/0.000467]
Epoch 15 done. Evaluation:
(50000, 50000)
(8617, 10000)
  8  16  50, 0.000558 [0.000192/26.309748] [1173/0.000467]
  8  16 100, 0.000524 [0.000149/26.309598] [1223/0.000467]
  8  16 150, 0.000499 [0.000158/26.309450] [1273/0.000467]
  8  16 200, 0.000561 [0.000226/26.309299] [1323/0.000467]
  8  16 250, 0.000515 [0.000251/26.309151] [1373/0.000467]
  8  16 300, 0.000529 [0.000140/26.309003] [1423/0.000467]
  8  16 350, 0.000496 [0.000146/26.308862] [1473/0.000467]
Epoch 16 done. Evaluation:
(50000, 50000)
(8630, 10000)
  8  17  50, 0.000493 [0.000133/26.308590] [1564/0.000467]
  8  17 100, 0.000534 [0.000595/26.308437] [1614/0.000467]
  8  17 150, 0.000491 [0.000321/26.308289] [1664/0.000467]
  8  17 200, 0.000491 [0.000119/26.308141] [1714/0.000467]
  8  17 250, 0.000561 [0.000129/26.307998] [1764/0.000467]
  8  17 300, 0.000501 [0.000125/26.307847] [1814/0.000467]
  8  17 350, 0.000503 [0.000134/26.307702] [1864/0.000467]
Epoch 17 done. Evaluation:
(50000, 50000)
(8611, 10000)
  8  18  50, 0.000526 [0.000190/26.307433] [1955/0.000467]
  8  18 100, 0.000538 [0.000419/26.307284] [2005/0.000467]
  8  18 150, 0.000631 [0.000130/26.307140] [2055/0.000467]
  8  18 200, 0.000558 [0.000127/26.306990] [2105/0.000467]
  8  18 250, 0.000497 [0.000159/26.306844] [2155/0.000467]
  8  18 300, 0.000532 [0.000124/26.306697] [2205/0.000467]
  8  18 350, 0.000501 [0.000111/26.306549] [2255/0.000467]
Epoch 18 done. Evaluation:
(50000, 50000)
(8607, 10000)
  8  19  50, 0.000488 [0.000112/26.306278] [2346/0.000467]
  8  19 100, 0.000567 [0.000266/26.306133] [2396/0.000467]
  8  19 150, 0.000539 [0.000201/26.305986] [2446/0.000467]
  8  19 200, 0.000548 [0.000123/26.305838] [2496/0.000467]
  8  19 250, 0.000498 [0.000111/26.305691] [2546/0.000467]
  8  19 300, 0.000525 [0.000239/26.305543] [2596/0.000467]
  8  19 350, 0.000547 [0.000129/26.305393] [2646/0.000467]
Epoch 19 done. Evaluation:
(50000, 50000)
(8614, 10000)
  9   0  50, 0.000549 [0.000177/26.305207] [2737/0.000467]
  9   0 100, 0.000513 [0.000106/26.305139] [2787/0.000467]
  9   0 150, 0.000598 [0.000196/26.305073] [2837/0.000467]
  9   0 200, 0.000562 [0.000106/26.305006] [2887/0.000467]
  9   0 250, 0.000589 [0.000113/26.304941] [2937/0.000467]
  9   0 300, 0.000591 [0.000176/26.304874] [2987/0.000467]
  9   0 350, 0.000540 [0.000113/26.304807] [3037/0.000467]
Epoch 0 done. Evaluation:
(50000, 50000)
(8611, 10000)
  9   1  50, 0.000521 [0.000109/26.304684] [3128/0.000467]
  9   1 100, 0.000498 [0.000147/26.304617] [3178/0.000467]
  9   1 150, 0.000542 [0.000143/26.304553] [3228/0.000467]
  9   1 200, 0.000598 [0.000106/26.304484] [3278/0.000467]
  9   1 250, 0.000629 [0.000105/26.304419] [3328/0.000467]
  9   1 300, 0.000494 [0.000104/26.304352] [3378/0.000467]
  9   1 350, 0.000567 [0.000108/26.304286] [3428/0.000467]
Epoch 1 done. Evaluation:
(50000, 50000)
(8602, 10000)
  9   2  50, 0.000542 [0.000103/26.304166] [3519/0.000467]
  9   2 100, 0.000533 [0.000111/26.304099] [3569/0.000467]
  9   2 150, 0.000525 [0.000125/26.304033] [3619/0.000467]
  9   2 200, 0.000548 [0.000103/26.303965] [3669/0.000467]
  9   2 250, 0.000554 [0.000112/26.303900] [3719/0.000467]
  9   2 300, 0.000607 [0.000108/26.303832] [3769/0.000467]
  9   2 350, 0.000550 [0.000127/26.303765] [3819/0.000467]
Epoch 2 done. Evaluation:
(50000, 50000)
(8609, 10000)
  9   3  50, 0.000489 [0.000126/26.303646] [3910/0.000467]
  9   3 100, 0.000571 [0.000112/26.303578] [3960/0.000467]
  9   3 150, 0.000502 [0.000105/26.303511] [4010/0.000467]
  9   3 200, 0.000483 [0.000106/26.303444] [4060/0.000467]
  9   3 250, 0.000533 [0.000106/26.303380] [4110/0.000467]
  9   3 300, 0.000499 [0.000114/26.303312] [4160/0.000467]
  9   3 350, 0.000542 [0.000171/26.303246] [4210/0.000467]
Epoch 3 done. Evaluation:
(50000, 50000)
(8604, 10000)
  9   4  50, 0.000549 [0.000104/26.303124] [4301/0.000467]
  9   4 100, 0.000515 [0.000110/26.303058] [4351/0.000467]
  9   4 150, 0.000572 [0.000104/26.302994] [4401/0.000467]
  9   4 200, 0.000580 [0.000131/26.302926] [4451/0.000467]
  9   4 250, 0.000656 [0.000105/26.302864] [4501/0.000467]
  9   4 300, 0.000527 [0.000171/26.302796] [4551/0.000467]
  9   4 350, 0.000532 [0.000105/26.302728] [4601/0.000467]
Epoch 4 done. Evaluation:
(50000, 50000)
(8607, 10000)
  9   5  50, 0.000584 [0.000121/26.302608] [4692/0.000467]
  9   5 100, 0.000550 [0.000107/26.302543] [4742/0.000467]
  9   5 150, 0.000539 [0.000106/26.302476] [4792/0.000467]
  9   5 200, 0.000550 [0.000106/26.302408] [4842/0.000467]
  9   5 250, 0.000516 [0.000105/26.302344] [4892/0.000467]
  9   5 300, 0.000585 [0.000124/26.302279] [4942/0.000467]
  9   5 350, 0.000545 [0.000113/26.302211] [4992/0.000467]
Epoch 5 done. Evaluation:
(50000, 50000)
(8617, 10000)
  9   6  50, 0.000524 [0.000112/26.302091] [5083/0.000467]
  9   6 100, 0.000488 [0.000136/26.302023] [5133/0.000467]
  9   6 150, 0.000516 [0.000123/26.301956] [5183/0.000467]
  9   6 200, 0.000574 [0.000107/26.301891] [5233/0.000467]
  9   6 250, 0.000560 [0.000152/26.301826] [5283/0.000467]
  9   6 300, 0.000621 [0.000102/26.301763] [5333/0.000467]
  9   6 350, 0.000560 [0.000110/26.301696] [5383/0.000467]
Epoch 6 done. Evaluation:
(50000, 50000)
(8606, 10000)
  9   7  50, 0.000500 [0.000128/26.301577] [5474/0.000467]
  9   7 100, 0.000516 [0.000131/26.301511] [5524/0.000467]
  9   7 150, 0.000566 [0.000108/26.301445] [5574/0.000467]
  9   7 200, 0.000497 [0.000104/26.301378] [5624/0.000467]
  9   7 250, 0.000589 [0.000157/26.301313] [5674/0.000467]
  9   7 300, 0.000492 [0.000237/26.301245] [5724/0.000467]
  9   7 350, 0.000532 [0.000121/26.301178] [5774/0.000467]
Epoch 7 done. Evaluation:
(50000, 50000)
(8606, 10000)
  9   8  50, 0.000502 [0.000115/26.301059] [5865/0.000467]
  9   8 100, 0.000520 [0.000131/26.300992] [5915/0.000467]
  9   8 150, 0.000490 [0.000103/26.300927] [5965/0.000467]
  9   8 200, 0.000472 [0.000112/26.300860] [6015/0.000467]
  9   8 250, 0.000542 [0.000116/26.300792] [6065/0.000467]
  9   8 300, 0.000583 [0.000106/26.300728] [6115/0.000467]
  9   8 350, 0.000513 [0.000104/26.300663] [6165/0.000467]
Epoch 8 done. Evaluation:
(50000, 50000)
(8610, 10000)
  9   9  50, 0.000522 [0.000142/26.300541] [6256/0.000467]
  9   9 100, 0.000511 [0.000114/26.300477] [6306/0.000467]
  9   9 150, 0.000554 [0.000111/26.300409] [6356/0.000467]
  9   9 200, 0.000547 [0.000192/26.300346] [6406/0.000467]
  9   9 250, 0.000468 [0.000105/26.300278] [6456/0.000467]
  9   9 300, 0.000542 [0.000109/26.300211] [6506/0.000467]
  9   9 350, 0.000585 [0.000105/26.300146] [6556/0.000467]
Epoch 9 done. Evaluation:
(50000, 50000)
(8606, 10000)
  9  10  50, 0.000610 [0.000106/26.300029] [6647/0.000467]
  9  10 100, 0.000561 [0.000184/26.299965] [6697/0.000467]
  9  10 150, 0.000561 [0.000178/26.299898] [6747/0.000467]
  9  10 200, 0.000547 [0.000114/26.299831] [6797/0.000467]
  9  10 250, 0.000493 [0.000106/26.299766] [6847/0.000467]
  9  10 300, 0.000549 [0.000147/26.299701] [6897/0.000467]
  9  10 350, 0.000641 [0.000116/26.299635] [6947/0.000467]
Epoch 10 done. Evaluation:
(50000, 50000)
(8616, 10000)
  9  11  50, 0.000505 [0.000112/26.299514] [7038/0.000467]
  9  11 100, 0.000538 [0.000124/26.299449] [7088/0.000467]
  9  11 150, 0.000540 [0.000105/26.299382] [7138/0.000467]
  9  11 200, 0.000529 [0.000106/26.299318] [7188/0.000467]
  9  11 250, 0.000503 [0.000103/26.299251] [7238/0.000467]
  9  11 300, 0.000545 [0.000104/26.299185] [7288/0.000467]
  9  11 350, 0.000583 [0.000165/26.299120] [7338/0.000467]
Epoch 11 done. Evaluation:
(50000, 50000)
(8600, 10000)
  9  12  50, 0.000566 [0.000117/26.298999] [7429/0.000467]
  9  12 100, 0.000485 [0.000106/26.298935] [7479/0.000467]
  9  12 150, 0.000514 [0.000105/26.298870] [7529/0.000467]
  9  12 200, 0.000511 [0.000103/26.298805] [7579/0.000467]
  9  12 250, 0.000631 [0.000149/26.298740] [7629/0.000467]
  9  12 300, 0.000575 [0.000123/26.298674] [7679/0.000467]
  9  12 350, 0.000503 [0.000107/26.298606] [7729/0.000467]
Epoch 12 done. Evaluation:
(50000, 50000)
(8610, 10000)
  9  13  50, 0.000579 [0.000104/26.298487] [7820/0.000467]
  9  13 100, 0.000548 [0.000128/26.298421] [7870/0.000467]
  9  13 150, 0.000547 [0.000121/26.298357] [7920/0.000467]
  9  13 200, 0.000548 [0.000123/26.298292] [7970/0.000467]
  9  13 250, 0.000481 [0.000129/26.298223] [8020/0.000467]
  9  13 300, 0.000508 [0.000104/26.298159] [8070/0.000467]
  9  13 350, 0.000527 [0.000117/26.298093] [8120/0.000467]
Epoch 13 done. Evaluation:
(50000, 50000)
(8619, 10000)
  9  14  50, 0.000559 [0.000108/26.297972] [8211/0.000467]
  9  14 100, 0.000565 [0.000150/26.297907] [8261/0.000467]
  9  14 150, 0.000556 [0.000126/26.297841] [8311/0.000467]
  9  14 200, 0.000509 [0.000105/26.297775] [8361/0.000467]
  9  14 250, 0.000565 [0.000108/26.297708] [8411/0.000467]
  9  14 300, 0.000481 [0.000105/26.297644] [8461/0.000467]
  9  14 350, 0.000499 [0.000113/26.297577] [8511/0.000467]
Epoch 14 done. Evaluation:
(50000, 50000)
(8607, 10000)
  9  15  50, 0.000535 [0.000103/26.297462] [8602/0.000467]
  9  15 100, 0.000528 [0.000109/26.297396] [8652/0.000467]
  9  15 150, 0.000522 [0.000124/26.297329] [8702/0.000467]
  9  15 200, 0.000563 [0.000108/26.297264] [8752/0.000467]
  9  15 250, 0.000574 [0.000126/26.297202] [8802/0.000467]
  9  15 300, 0.000508 [0.000126/26.297136] [8852/0.000467]
  9  15 350, 0.000542 [0.000110/26.297071] [8902/0.000467]
Epoch 15 done. Evaluation:
(50000, 50000)
(8608, 10000)
  9  16  50, 0.000554 [0.000187/26.296948] [8993/0.000467]
  9  16 100, 0.000501 [0.000158/26.296884] [9043/0.000467]
  9  16 150, 0.000572 [0.000104/26.296818] [9093/0.000467]
  9  16 200, 0.000577 [0.000114/26.296754] [9143/0.000467]
  9  16 250, 0.000513 [0.000102/26.296689] [9193/0.000467]
  9  16 300, 0.000563 [0.000104/26.296621] [9243/0.000467]
  9  16 350, 0.000489 [0.000109/26.296557] [9293/0.000467]
Epoch 16 done. Evaluation:
(50000, 50000)
(8621, 10000)
  9  17  50, 0.000479 [0.000102/26.296437] [9384/0.000467]
  9  17 100, 0.000533 [0.000102/26.296373] [9434/0.000467]
  9  17 150, 0.000581 [0.000111/26.296306] [9484/0.000467]
  9  17 200, 0.000479 [0.000106/26.296242] [9534/0.000467]
  9  17 250, 0.000514 [0.000102/26.296177] [9584/0.000467]
  9  17 300, 0.000543 [0.000113/26.296111] [9634/0.000467]
  9  17 350, 0.000478 [0.000101/26.296044] [9684/0.000467]
Epoch 17 done. Evaluation:
(50000, 50000)
(8604, 10000)
  9  18  50, 0.000580 [0.000123/26.295924] [9775/0.000467]
  9  18 100, 0.000511 [0.000114/26.295862] [9825/0.000467]
  9  18 150, 0.000512 [0.000109/26.295798] [9875/0.000467]
  9  18 200, 0.000576 [0.000108/26.295733] [9925/0.000467]
  9  18 250, 0.000530 [0.000110/26.295666] [9975/0.000467]
  9  18 300, 0.000508 [0.000107/26.295602] [10025/0.000467]
  9  18 350, 0.000585 [0.000110/26.295539] [10075/0.000467]
Epoch 18 done. Evaluation:
(50000, 50000)
(8609, 10000)
  9  19  50, 0.000538 [0.000105/26.295421] [10166/0.000467]
  9  19 100, 0.000582 [0.000102/26.295355] [10216/0.000467]
  9  19 150, 0.000505 [0.000106/26.295290] [10266/0.000467]
  9  19 200, 0.000512 [0.000123/26.295224] [10316/0.000467]
  9  19 250, 0.000492 [0.000106/26.295159] [10366/0.000467]
  9  19 300, 0.000504 [0.000103/26.295094] [10416/0.000467]
  9  19 350, 0.000574 [0.000134/26.295029] [10466/0.000467]
Epoch 19 done. Evaluation:
(50000, 50000)
(8625, 10000)
