Sequential (
  (conv1_1): Sequential (
    (0): Conv2d(3, 32, kernel_size=(3, 3), stride=(1, 1), padding=(1, 1))
    (1): BatchNorm2d(32, eps=1e-05, momentum=0.1, affine=True)
    (2): ReLU (inplace)
  )
  (conv1_2): Sequential (
    (0): Conv2d(32, 32, kernel_size=(3, 3), stride=(1, 1), padding=(1, 1))
    (1): BatchNorm2d(32, eps=1e-05, momentum=0.1, affine=True)
    (2): ReLU (inplace)
  )
  (pool1): MaxPool2d (size=(2, 2), stride=(2, 2), dilation=(1, 1))
  (conv2_1): Sequential (
    (0): Conv2d(32, 64, kernel_size=(3, 3), stride=(1, 1), padding=(1, 1))
    (1): BatchNorm2d(64, eps=1e-05, momentum=0.1, affine=True)
    (2): ReLU (inplace)
  )
  (conv2_2): Sequential (
    (0): Conv2d(64, 64, kernel_size=(3, 3), stride=(1, 1), padding=(1, 1))
    (1): BatchNorm2d(64, eps=1e-05, momentum=0.1, affine=True)
    (2): ReLU (inplace)
  )
  (pool2): MaxPool2d (size=(2, 2), stride=(2, 2), dilation=(1, 1))
  (conv3_1): Sequential (
    (0): Conv2d(64, 128, kernel_size=(3, 3), stride=(1, 1), padding=(1, 1))
    (1): BatchNorm2d(128, eps=1e-05, momentum=0.1, affine=True)
    (2): ReLU (inplace)
  )
  (conv3_2): Sequential (
    (0): Conv2d(128, 128, kernel_size=(3, 3), stride=(1, 1), padding=(1, 1))
    (1): BatchNorm2d(128, eps=1e-05, momentum=0.1, affine=True)
    (2): ReLU (inplace)
  )
  (pool3): MaxPool2d (size=(2, 2), stride=(2, 2), dilation=(1, 1))
  (conv4_1): Sequential (
    (0): Conv2d(128, 256, kernel_size=(3, 3), stride=(1, 1), padding=(1, 1))
    (1): BatchNorm2d(256, eps=1e-05, momentum=0.1, affine=True)
    (2): ReLU (inplace)
  )
  (conv4_2): Sequential (
    (0): Conv2d(256, 256, kernel_size=(3, 3), stride=(1, 1), padding=(1, 1))
    (1): BatchNorm2d(256, eps=1e-05, momentum=0.1, affine=True)
    (2): ReLU (inplace)
  )
  (pool4): MaxPool2d (size=(2, 2), stride=(2, 2), dilation=(1, 1))
  (conv5_1): Sequential (
    (0): Conv2d(256, 256, kernel_size=(3, 3), stride=(1, 1), padding=(1, 1))
    (1): BatchNorm2d(256, eps=1e-05, momentum=0.1, affine=True)
    (2): ReLU (inplace)
  )
  (conv5_2): Sequential (
    (0): Conv2d(256, 256, kernel_size=(3, 3), stride=(1, 1), padding=(1, 1))
    (1): BatchNorm2d(256, eps=1e-05, momentum=0.1, affine=True)
    (2): ReLU (inplace)
  )
  (pool5): MaxPool2d (size=(2, 2), stride=(2, 2), dilation=(1, 1))
  (fc6): Sequential (
    (0): Conv2d(256, 256, kernel_size=(1, 1), stride=(1, 1))
    (1): BatchNorm2d(256, eps=1e-05, momentum=0.1, affine=True)
    (2): ReLU (inplace)
  )
  (logit): Conv2d(256, 10, kernel_size=(1, 1), stride=(1, 1))
  (flatter): Flatten()
)
{'L1_decay': 5e-06,
 'batch_size': 128,
 'force_name': False,
 'graphfolder': 'logs/cxp9_graphs/',
 'learning_rate': 0.1,
 'logfile': 'logs/cxp9.log',
 'mode': '',
 'name': 'cxp9',
 'num_base': 32,
 'optimizer': 'SGD_var_dup',
 'weight_decay': 0.00128}
Decayed training with schedule: [20, 20, 20, 20, 20, 20, 20, 20, 20, 20]
  0   0  50, 1.828129 [0.509386/66.196140] [   0/1.828129]
  0   0 100, 1.544705 [0.497903/61.918650] [   0/1.544705]
  0   0 150, 1.411783 [0.506659/58.539123] [   0/1.411783]
  0   0 200, 1.341996 [0.611467/55.744181] [   0/1.341996]
  0   0 250, 1.289277 [0.381515/53.368214] [   0/1.289277]
  0   0 300, 1.186030 [0.434674/51.314963] [   0/1.186030]
  0   0 350, 1.139154 [0.394506/49.520674] [   0/1.139154]
Epoch 0 done. Evaluation:
(25475, 50000)
(3262, 10000)
  0   1  50, 1.087106 [0.531087/46.760650] [   0/1.087106]
  0   1 100, 1.096350 [0.421140/45.458055] [  50/1.087106]
  0   1 150, 1.085375 [0.483695/44.284932] [   0/1.085375]
  0   1 200, 1.024397 [0.426257/43.203764] [   0/1.024397]
  0   1 250, 1.052453 [0.583486/42.227401] [  50/1.024397]
  0   1 300, 1.054859 [0.525647/41.328387] [ 100/1.024397]
  0   1 350, 1.042266 [0.581528/40.495305] [ 150/1.024397]
Epoch 1 done. Evaluation:
(31374, 50000)
(4983, 10000)
  0   2  50, 1.044212 [0.487888/39.151177] [ 241/1.024397]
  0   2 100, 1.245420 [0.325162/38.528079] [ 291/1.024397]
  0   2 150, 1.054083 [0.697591/37.872127] [ 341/1.024397]
  0   2 200, 1.065385 [0.533242/37.276158] [ 391/1.024397]
  0   2 250, 1.004096 [0.456343/36.721624] [   0/1.004096]
  0   2 300, 1.040335 [0.474876/36.212036] [  50/1.004096]
  0   2 350, 1.035816 [0.523697/35.741356] [ 100/1.004096]
Epoch 2 done. Evaluation:
(31572, 50000)
(1602, 10000)
  0   3  50, 1.068949 [0.421960/34.933992] [ 191/1.004096]
  0   3 100, 1.068624 [0.392934/34.550601] [ 241/1.004096]
  0   3 150, 0.933822 [0.501354/34.156981] [   0/0.933822]
  0   3 200, 1.205573 [0.364117/33.869499] [  50/0.933822]
  0   3 250, 1.073923 [0.423659/33.473988] [ 100/0.933822]
  0   3 300, 1.130907 [0.424037/33.166481] [ 150/0.933822]
  0   3 350, 0.978966 [0.394091/32.835549] [ 200/0.933822]
Epoch 3 done. Evaluation:
(31570, 50000)
(3051, 10000)
  0   4  50, 1.026258 [0.396470/32.330954] [ 291/0.933822]
  0   4 100, 0.982233 [0.457623/32.073861] [ 341/0.933822]
  0   4 150, 0.966513 [0.395182/31.816189] [ 391/0.933822]
  0   4 200, 0.978790 [0.604482/31.588328] [ 441/0.933822]
  0   4 250, 0.933104 [0.515309/31.360039] [   0/0.933104]
  0   4 300, 0.983587 [0.473058/31.158754] [  50/0.933104]
  0   4 350, 0.959102 [0.432583/30.953810] [ 100/0.933104]
Epoch 4 done. Evaluation:
(32903, 50000)
(3260, 10000)
  0   5  50, 0.924548 [0.424945/30.639871] [   0/0.924548]
  0   5 100, 0.923880 [0.417776/30.463092] [   0/0.923880]
  0   5 150, 0.946197 [0.418255/30.301332] [  50/0.923880]
  0   5 200, 1.008453 [0.926144/30.201846] [ 100/0.923880]
  0   5 250, 1.100759 [0.518446/30.035950] [ 150/0.923880]
  0   5 300, 0.960252 [0.535952/29.871706] [ 200/0.923880]
  0   5 350, 1.000175 [0.394358/29.737062] [ 250/0.923880]
Epoch 5 done. Evaluation:
(33055, 50000)
(3416, 10000)
  0   6  50, 0.931721 [0.623252/29.502336] [ 341/0.923880]
  0   6 100, 0.981238 [0.464181/29.405121] [ 391/0.923880]
  0   6 150, 0.917848 [0.507748/29.273317] [   0/0.917848]
  0   6 200, 0.957671 [0.725633/29.175327] [  50/0.917848]
  0   6 250, 0.999247 [0.485788/29.064061] [ 100/0.917848]
  0   6 300, 1.094475 [0.349805/29.003190] [ 150/0.917848]
  0   6 350, 0.912202 [0.445503/28.876148] [   0/0.912202]
Epoch 6 done. Evaluation:
(33197, 50000)
(3264, 10000)
  0   7  50, 1.087690 [0.395806/28.730571] [  91/0.912202]
  0   7 100, 0.911071 [0.476758/28.639210] [   0/0.911071]
  0   7 150, 0.956675 [0.407166/28.568006] [  50/0.911071]
  0   7 200, 1.107891 [0.429119/28.515639] [ 100/0.911071]
  0   7 250, 0.929086 [0.429140/28.411167] [ 150/0.911071]
  0   7 300, 0.924934 [0.430879/28.335376] [ 200/0.911071]
  0   7 350, 0.920696 [0.425705/28.272001] [ 250/0.911071]
Epoch 7 done. Evaluation:
(33021, 50000)
(3864, 10000)
  0   8  50, 0.976197 [0.451079/28.168002] [ 341/0.911071]
  0   8 100, 0.888186 [0.452626/28.098726] [   0/0.888186]
  0   8 150, 1.405704 [0.503046/28.074930] [  50/0.888186]
  0   8 200, 0.978182 [0.376236/27.986715] [ 100/0.888186]
  0   8 250, 0.962701 [0.462890/27.927957] [ 150/0.888186]
  0   8 300, 0.983680 [0.416538/27.873471] [ 200/0.888186]
  0   8 350, 0.991303 [0.489097/27.824526] [ 250/0.888186]
Epoch 8 done. Evaluation:
(32289, 50000)
(1855, 10000)
  0   9  50, 0.937340 [0.586826/27.732609] [ 341/0.888186]
  0   9 100, 0.978309 [0.486838/27.698799] [ 391/0.888186]
  0   9 150, 0.930210 [0.466035/27.645354] [ 441/0.888186]
  0   9 200, 0.961007 [0.428647/27.603851] [ 491/0.888186]
  0   9 250, 1.063626 [0.500739/27.575985] [ 541/0.888186]
  0   9 300, 0.959382 [0.355721/27.511839] [ 591/0.888186]
  0   9 350, 0.965727 [0.454012/27.475459] [ 641/0.888186]
Epoch 9 done. Evaluation:
(33170, 50000)
(3365, 10000)
  0  10  50, 0.994565 [0.488069/27.412589] [ 732/0.888186]
  0  10 100, 1.014766 [0.517148/27.409040] [ 782/0.888186]
  0  10 150, 0.930512 [0.481511/27.339172] [ 832/0.888186]
  0  10 200, 1.111226 [1.025039/27.350285] [ 882/0.888186]
  0  10 250, 1.048729 [0.451951/27.277497] [ 932/0.888186]
  0  10 300, 0.961362 [0.484466/27.240768] [ 982/0.888186]
  0  10 350, 0.938498 [0.500757/27.199052] [1032/0.888186]
Epoch 10 done. Evaluation:
(32593, 50000)
(4987, 10000)
  0  11  50, 0.973613 [0.470089/27.148176] [1123/0.888186]
  0  11 100, 0.954353 [0.454510/27.112435] [1173/0.888186]
  0  11 150, 0.955585 [0.512007/27.085467] [1223/0.888186]
  0  11 200, 0.920422 [0.538367/27.046897] [1273/0.888186]
  0  11 250, 1.119901 [0.463841/27.094792] [1323/0.888186]
  0  11 300, 1.221116 [0.431457/26.999351] [1373/0.888186]
  0  11 350, 0.976947 [0.593458/26.947597] [1423/0.888186]
Epoch 11 done. Evaluation:
(32496, 50000)
(2195, 10000)
  0  12  50, 0.993583 [0.515447/26.919243] [1514/0.888186]
  0  12 100, 1.091802 [0.427714/26.925317] [1564/0.888186]
  0  12 150, 0.951462 [0.364781/26.870759] [1614/0.888186]
  0  12 200, 0.934564 [0.432882/26.828855] [1664/0.888186]
  0  12 250, 0.967027 [0.412082/26.799643] [1714/0.888186]
  0  12 300, 1.132765 [0.439667/26.854397] [1764/0.888186]
  0  12 350, 1.095343 [0.462006/26.771609] [1814/0.888186]
Epoch 12 done. Evaluation:
(32320, 50000)
(3669, 10000)
  0  13  50, 0.950897 [0.475585/26.698908] [1905/0.888186]
  0  13 100, 0.918527 [0.464275/26.675175] [1955/0.888186]
  0  13 150, 1.019019 [0.397865/26.671956] [2005/0.888186]
  0  13 200, 0.938457 [0.471622/26.637074] [2055/0.888186]
  0  13 250, 0.941464 [0.542416/26.607521] [2105/0.888186]
  0  13 300, 1.015699 [0.417258/26.587668] [2155/0.888186]
  0  13 350, 1.578176 [0.343743/26.582537] [2205/0.888186]
Epoch 13 done. Evaluation:
(31710, 50000)
(2207, 10000)
  0  14  50, 1.205138 [0.392986/26.544015] [2296/0.888186]
  0  14 100, 0.982124 [0.377809/26.494283] [2346/0.888186]
  0  14 150, 0.943868 [0.511481/26.458653] [2396/0.888186]
  0  14 200, 0.989790 [0.574482/26.444506] [2446/0.888186]
  0  14 250, 0.939571 [0.479838/26.414169] [2496/0.888186]
  0  14 300, 0.959193 [0.480305/26.390080] [2546/0.888186]
  0  14 350, 1.001480 [0.434463/26.364431] [2596/0.888186]
Epoch 14 done. Evaluation:
(32179, 50000)
(2196, 10000)
  0  15  50, 1.086182 [0.431386/26.351418] [2687/0.888186]
  0  15 100, 0.943457 [0.465312/26.313382] [2737/0.888186]
  0  15 150, 1.053461 [0.526384/26.312053] [2787/0.888186]
  0  15 200, 1.401842 [0.284589/26.323407] [2837/0.888186]
  0  15 250, 1.263479 [0.411875/26.250880] [2887/0.888186]
  0  15 300, 1.086012 [0.435139/26.219088] [2937/0.888186]
  0  15 350, 1.449316 [0.442476/26.263023] [2987/0.888186]
Epoch 15 done. Evaluation:
(29724, 50000)
(3600, 10000)
  0  16  50, 1.064727 [0.452655/26.163923] [3078/0.888186]
  0  16 100, 1.057627 [0.371136/26.133345] [3128/0.888186]
  0  16 150, 0.996168 [0.363670/26.099713] [3178/0.888186]
  0  16 200, 1.011383 [0.548314/26.073047] [3228/0.888186]
  0  16 250, 1.184257 [0.498768/26.076871] [3278/0.888186]
  0  16 300, 1.055098 [0.389297/26.039417] [3328/0.888186]
  0  16 350, 1.015065 [0.418150/26.017570] [3378/0.888186]
Epoch 16 done. Evaluation:
(31683, 50000)
(2086, 10000)
  0  17  50, 1.039367 [0.448626/25.980875] [3469/0.888186]
  0  17 100, 1.234764 [0.382602/26.027738] [3519/0.888186]
  0  17 150, 1.195078 [0.431947/25.946424] [3569/0.888186]
  0  17 200, 1.109844 [0.411232/25.929555] [3619/0.888186]
  0  17 250, 1.058220 [0.470887/25.883363] [3669/0.888186]
  0  17 300, 1.046476 [0.387982/25.862840] [3719/0.888186]
  0  17 350, 1.014558 [0.630951/25.844875] [3769/0.888186]
Epoch 17 done. Evaluation:
(30991, 50000)
(1824, 10000)
  0  18  50, 1.017397 [0.476844/25.807469] [3860/0.888186]
  0  18 100, 1.041617 [0.365776/25.811177] [3910/0.888186]
  0  18 150, 1.084121 [0.426744/25.806692] [3960/0.888186]
  0  18 200, 1.019150 [0.489473/25.778064] [4010/0.888186]
  0  18 250, 1.202892 [0.464828/25.806898] [4060/0.888186]
  0  18 300, 1.085862 [0.465514/25.734938] [4110/0.888186]
  0  18 350, 1.041723 [0.426691/25.717297] [4160/0.888186]
Epoch 18 done. Evaluation:
(31342, 50000)
(4406, 10000)
  0  19  50, 0.965703 [0.466219/25.681283] [4251/0.888186]
  0  19 100, 1.044963 [0.560818/25.673351] [4301/0.888186]
  0  19 150, 1.188912 [0.567112/25.722140] [4351/0.888186]
  0  19 200, 1.206964 [0.429926/25.654894] [4401/0.888186]
  0  19 250, 1.089302 [0.384850/25.613191] [4451/0.888186]
  0  19 300, 1.086106 [0.402862/25.587243] [4501/0.888186]
  0  19 350, 1.057188 [0.666630/25.563507] [4551/0.888186]
Epoch 19 done. Evaluation:
(30248, 50000)
(2328, 10000)
  1   0  50, 0.997896 [0.227417/25.517137] [4642/0.888186]
  1   0 100, 0.942097 [0.207850/25.466670] [4692/0.888186]
  1   0 150, 0.938304 [0.211840/25.428966] [4742/0.888186]
  1   0 200, 0.949538 [0.233482/25.400172] [4792/0.888186]
  1   0 250, 0.944305 [0.273727/25.373133] [4842/0.888186]
  1   0 300, 0.933075 [0.261379/25.348497] [4892/0.888186]
  1   0 350, 0.962398 [0.265694/25.327678] [4942/0.888186]
Epoch 0 done. Evaluation:
(33435, 50000)
(6089, 10000)
  1   1  50, 0.881351 [0.253364/25.300280] [   0/0.881351]
  1   1 100, 0.920645 [0.268656/25.287837] [  50/0.881351]
  1   1 150, 0.949026 [0.275722/25.279374] [ 100/0.881351]
  1   1 200, 0.912476 [0.310351/25.270347] [ 150/0.881351]
  1   1 250, 0.917977 [0.256996/25.258810] [ 200/0.881351]
  1   1 300, 0.926264 [0.282663/25.248888] [ 250/0.881351]
  1   1 350, 0.912256 [0.259607/25.238515] [ 300/0.881351]
Epoch 1 done. Evaluation:
(33781, 50000)
(4895, 10000)
  1   2  50, 0.863890 [0.275108/25.226496] [   0/0.863890]
  1   2 100, 0.921775 [0.296246/25.218754] [  50/0.863890]
  1   2 150, 0.879986 [0.243447/25.211228] [ 100/0.863890]
  1   2 200, 0.905613 [0.287721/25.205710] [ 150/0.863890]
  1   2 250, 0.922415 [0.225925/25.198254] [ 200/0.863890]
  1   2 300, 0.912805 [0.262093/25.192234] [ 250/0.863890]
  1   2 350, 0.941298 [0.264389/25.183898] [ 300/0.863890]
Epoch 2 done. Evaluation:
(34019, 50000)
(4254, 10000)
  1   3  50, 0.873009 [0.335322/25.173658] [ 391/0.863890]
  1   3 100, 0.872494 [0.218852/25.169892] [ 441/0.863890]
  1   3 150, 0.869815 [0.314959/25.171311] [ 491/0.863890]
  1   3 200, 0.953399 [0.340995/25.164364] [ 541/0.863890]
  1   3 250, 0.892395 [0.321291/25.156944] [ 591/0.863890]
  1   3 300, 0.896095 [0.289964/25.154171] [ 641/0.863890]
  1   3 350, 0.907996 [0.246984/25.141094] [ 691/0.863890]
Epoch 3 done. Evaluation:
(34186, 50000)
(4506, 10000)
  1   4  50, 0.923569 [0.256358/25.240850] [ 782/0.863890]
  1   4 100, 0.936472 [0.328352/25.173273] [ 832/0.863890]
  1   4 150, 0.947305 [0.273351/25.139305] [ 882/0.863890]
  1   4 200, 0.919015 [0.273076/25.120432] [ 932/0.863890]
  1   4 250, 0.902010 [0.285687/25.109274] [ 982/0.863890]
  1   4 300, 0.913900 [0.286297/25.104387] [1032/0.863890]
  1   4 350, 0.884212 [0.310182/25.096153] [1082/0.863890]
Epoch 4 done. Evaluation:
(33926, 50000)
(5290, 10000)
  1   5  50, 0.858795 [0.308457/25.086746] [   0/0.858795]
  1   5 100, 0.883141 [0.261774/25.082743] [  50/0.858795]
  1   5 150, 0.897612 [0.283277/25.074519] [ 100/0.858795]
  1   5 200, 0.892210 [0.286034/25.067580] [ 150/0.858795]
  1   5 250, 0.884621 [0.328609/25.060808] [ 200/0.858795]
  1   5 300, 0.888062 [0.380659/25.058203] [ 250/0.858795]
  1   5 350, 0.900584 [0.311482/25.049986] [ 300/0.858795]
Epoch 5 done. Evaluation:
(34548, 50000)
(5425, 10000)
  1   6  50, 0.857093 [0.361265/25.047332] [   0/0.857093]
  1   6 100, 0.901790 [0.247089/25.045861] [  50/0.857093]
  1   6 150, 0.863710 [0.283791/25.048793] [ 100/0.857093]
  1   6 200, 0.880927 [0.322520/25.037524] [ 150/0.857093]
  1   6 250, 0.883532 [0.285844/25.030291] [ 200/0.857093]
  1   6 300, 0.865670 [0.259204/25.025057] [ 250/0.857093]
  1   6 350, 0.883022 [0.322363/25.017771] [ 300/0.857093]
Epoch 6 done. Evaluation:
(34677, 50000)
(2938, 10000)
  1   7  50, 0.862156 [0.288043/25.006452] [ 391/0.857093]
  1   7 100, 0.858335 [0.291936/25.004927] [ 441/0.857093]
  1   7 150, 0.863325 [0.302544/24.999883] [ 491/0.857093]
  1   7 200, 0.868446 [0.263178/24.994704] [ 541/0.857093]
  1   7 250, 0.867395 [0.317197/24.989304] [ 591/0.857093]
  1   7 300, 0.893669 [0.334986/24.983033] [ 641/0.857093]
  1   7 350, 0.880850 [0.357894/24.978028] [ 691/0.857093]
Epoch 7 done. Evaluation:
(34803, 50000)
(3733, 10000)
  1   8  50, 0.840254 [0.327990/24.972593] [   0/0.840254]
  1   8 100, 0.847363 [0.291114/24.966599] [  50/0.840254]
  1   8 150, 0.883058 [0.280594/24.966659] [ 100/0.840254]
  1   8 200, 0.870055 [0.325699/24.962205] [ 150/0.840254]
  1   8 250, 0.910050 [0.276458/24.963444] [ 200/0.840254]
  1   8 300, 0.890447 [0.324186/24.952065] [ 250/0.840254]
  1   8 350, 0.865113 [0.321269/24.940804] [ 300/0.840254]
Epoch 8 done. Evaluation:
(34718, 50000)
(5308, 10000)
  1   9  50, 0.842611 [0.305576/24.929835] [ 391/0.840254]
  1   9 100, 0.862513 [0.281147/24.926257] [ 441/0.840254]
  1   9 150, 0.866789 [0.334842/24.923703] [ 491/0.840254]
  1   9 200, 0.861065 [0.334909/24.915267] [ 541/0.840254]
  1   9 250, 0.877411 [0.294259/24.907319] [ 591/0.840254]
  1   9 300, 0.876656 [0.322619/24.902288] [ 641/0.840254]
  1   9 350, 0.934691 [0.295391/24.904990] [ 691/0.840254]
Epoch 9 done. Evaluation:
(34749, 50000)
(4881, 10000)
  1  10  50, 0.834108 [0.297678/24.887232] [   0/0.834108]
  1  10 100, 0.858451 [0.253236/24.884470] [  50/0.834108]
  1  10 150, 0.852513 [0.309033/24.882315] [ 100/0.834108]
  1  10 200, 0.844831 [0.301434/24.875674] [ 150/0.834108]
  1  10 250, 0.891013 [0.293486/24.866743] [ 200/0.834108]
  1  10 300, 0.859253 [0.298587/24.862818] [ 250/0.834108]
  1  10 350, 0.878048 [0.306000/24.859629] [ 300/0.834108]
Epoch 10 done. Evaluation:
(34907, 50000)
(5683, 10000)
  1  11  50, 0.816044 [0.308825/24.855141] [   0/0.816044]
  1  11 100, 0.842212 [0.278133/24.847054] [  50/0.816044]
  1  11 150, 0.855788 [0.270004/24.839602] [ 100/0.816044]
  1  11 200, 0.853981 [0.350346/24.833245] [ 150/0.816044]
  1  11 250, 0.864050 [0.248849/24.824725] [ 200/0.816044]
  1  11 300, 0.858705 [0.357558/24.822961] [ 250/0.816044]
  1  11 350, 0.846201 [0.334349/24.812371] [ 300/0.816044]
Epoch 11 done. Evaluation:
(35067, 50000)
(3941, 10000)
  1  12  50, 0.821481 [0.327327/24.803204] [ 391/0.816044]
  1  12 100, 0.823874 [0.467414/24.815361] [ 441/0.816044]
  1  12 150, 0.992232 [0.300932/24.822708] [ 491/0.816044]
  1  12 200, 0.857129 [0.326400/24.810778] [ 541/0.816044]
  1  12 250, 0.861048 [0.260642/24.801037] [ 591/0.816044]
  1  12 300, 0.811583 [0.320463/24.791219] [   0/0.811583]
  1  12 350, 0.878863 [0.301366/24.783901] [  50/0.811583]
Epoch 12 done. Evaluation:
(34962, 50000)
(4596, 10000)
  1  13  50, 0.815249 [0.320505/24.772959] [ 141/0.811583]
  1  13 100, 0.839575 [0.303795/24.770242] [ 191/0.811583]
  1  13 150, 0.877790 [0.290928/24.764364] [ 241/0.811583]
  1  13 200, 0.853323 [0.296233/24.757430] [ 291/0.811583]
  1  13 250, 0.868281 [0.311068/24.751439] [ 341/0.811583]
  1  13 300, 0.845688 [0.316373/24.742628] [ 391/0.811583]
  1  13 350, 1.234257 [0.271007/24.758274] [ 441/0.811583]
Epoch 13 done. Evaluation:
(33818, 50000)
(5772, 10000)
  1  14  50, 0.969828 [0.241770/24.702188] [ 532/0.811583]
  1  14 100, 0.966885 [0.394820/24.692381] [ 582/0.811583]
  1  14 150, 0.977727 [0.259377/24.675864] [ 632/0.811583]
  1  14 200, 0.922621 [0.298087/24.660934] [ 682/0.811583]
  1  14 250, 0.943434 [0.298972/24.642842] [ 732/0.811583]
  1  14 300, 0.956599 [0.234016/24.628675] [ 782/0.811583]
  1  14 350, 0.928965 [0.376663/24.617379] [ 832/0.811583]
Epoch 14 done. Evaluation:
(33159, 50000)
(5765, 10000)
  1  15  50, 0.906006 [0.333695/24.602288] [ 923/0.811583]
  1  15 100, 0.863980 [0.282820/24.594495] [ 973/0.811583]
  1  15 150, 0.880748 [0.275670/24.587604] [1023/0.811583]
  1  15 200, 0.853340 [0.255872/24.578936] [1073/0.811583]
  1  15 250, 0.859626 [0.278705/24.573351] [1123/0.811583]
  1  15 300, 0.899505 [0.262452/24.565236] [1173/0.811583]
  1  15 350, 0.887507 [0.266722/24.556721] [1223/0.811583]
Epoch 15 done. Evaluation:
(34598, 50000)
(4875, 10000)
  1  16  50, 0.825841 [0.245723/24.549967] [1314/0.811583]
  1  16 100, 0.841390 [0.295427/24.548308] [1364/0.811583]
  1  16 150, 0.885247 [0.295639/24.545855] [1414/0.811583]
  1  16 200, 0.881136 [0.317469/24.543740] [1464/0.811583]
  1  16 250, 0.859320 [0.309708/24.536140] [1514/0.811583]
  1  16 300, 0.827371 [0.298603/24.527426] [1564/0.811583]
  1  16 350, 1.080208 [0.249522/24.560906] [1614/0.811583]
Epoch 16 done. Evaluation:
(34437, 50000)
(3389, 10000)
  1  17  50, 0.865716 [0.270846/24.523257] [1705/0.811583]
  1  17 100, 0.868661 [0.279223/24.518294] [1755/0.811583]
  1  17 150, 0.860687 [0.320691/24.513446] [1805/0.811583]
  1  17 200, 0.847333 [0.346477/24.505895] [1855/0.811583]
  1  17 250, 0.880509 [0.354752/24.495445] [1905/0.811583]
  1  17 300, 0.884568 [0.311716/24.487538] [1955/0.811583]
  1  17 350, 0.861876 [0.309527/24.484545] [2005/0.811583]
Epoch 17 done. Evaluation:
(34663, 50000)
(5687, 10000)
  1  18  50, 0.798301 [0.300156/24.477641] [   0/0.798301]
  1  18 100, 0.840890 [0.309161/24.479836] [  50/0.798301]
  1  18 150, 0.869034 [0.324353/24.478054] [ 100/0.798301]
  1  18 200, 0.840825 [0.310101/24.469830] [ 150/0.798301]
  1  18 250, 0.876516 [0.297589/24.463665] [ 200/0.798301]
  1  18 300, 0.901597 [0.296709/24.457737] [ 250/0.798301]
  1  18 350, 0.896854 [0.308239/24.451527] [ 300/0.798301]
Epoch 18 done. Evaluation:
(34870, 50000)
(5419, 10000)
  1  19  50, 0.820883 [0.327457/24.438445] [ 391/0.798301]
  1  19 100, 0.848640 [0.336381/24.435863] [ 441/0.798301]
  1  19 150, 0.840082 [0.312988/24.434424] [ 491/0.798301]
  1  19 200, 0.864722 [0.321019/24.434113] [ 541/0.798301]
  1  19 250, 0.863093 [0.282052/24.429542] [ 591/0.798301]
  1  19 300, 0.862559 [0.282886/24.423346] [ 641/0.798301]
  1  19 350, 0.866839 [0.340834/24.417453] [ 691/0.798301]
Epoch 19 done. Evaluation:
(35034, 50000)
(4403, 10000)
  2   0  50, 0.705072 [0.137032/24.389387] [   0/0.705072]
  2   0 100, 0.676698 [0.150265/24.371023] [   0/0.676698]
  2   0 150, 0.702890 [0.152236/24.354154] [  50/0.676698]
  2   0 200, 0.675873 [0.145123/24.339024] [   0/0.675873]
  2   0 250, 0.680852 [0.184628/24.327372] [  50/0.675873]
  2   0 300, 0.699512 [0.158188/24.315433] [ 100/0.675873]
  2   0 350, 0.712626 [0.190047/24.305610] [ 150/0.675873]
Epoch 0 done. Evaluation:
(37840, 50000)
(5082, 10000)
  2   1  50, 0.639231 [0.191470/24.293362] [   0/0.639231]
  2   1 100, 0.673159 [0.180324/24.288316] [  50/0.639231]
  2   1 150, 0.677323 [0.177081/24.285736] [ 100/0.639231]
  2   1 200, 0.671942 [0.230690/24.281562] [ 150/0.639231]
  2   1 250, 0.697194 [0.197838/24.276594] [ 200/0.639231]
  2   1 300, 0.687375 [0.179916/24.271960] [ 250/0.639231]
  2   1 350, 0.726373 [0.194051/24.267152] [ 300/0.639231]
Epoch 1 done. Evaluation:
(38121, 50000)
(4352, 10000)
  2   2  50, 0.622737 [0.215414/24.261566] [   0/0.622737]
  2   2 100, 0.651730 [0.209830/24.261046] [  50/0.622737]
  2   2 150, 0.668972 [0.216854/24.262476] [ 100/0.622737]
  2   2 200, 0.685567 [0.220623/24.263748] [ 150/0.622737]
  2   2 250, 0.686512 [0.200810/24.261716] [ 200/0.622737]
  2   2 300, 0.708278 [0.164923/24.258991] [ 250/0.622737]
  2   2 350, 0.707873 [0.205691/24.257863] [ 300/0.622737]
Epoch 2 done. Evaluation:
(38225, 50000)
(5661, 10000)
  2   3  50, 0.627532 [0.180394/24.255458] [ 391/0.622737]
  2   3 100, 0.675054 [0.180785/24.259330] [ 441/0.622737]
  2   3 150, 0.651313 [0.190229/24.260463] [ 491/0.622737]
  2   3 200, 0.695159 [0.215139/24.262499] [ 541/0.622737]
  2   3 250, 0.669827 [0.213117/24.263439] [ 591/0.622737]
  2   3 300, 0.678127 [0.213046/24.261685] [ 641/0.622737]
  2   3 350, 0.690994 [0.217305/24.262230] [ 691/0.622737]
Epoch 3 done. Evaluation:
(38133, 50000)
(5288, 10000)
  2   4  50, 0.631024 [0.210231/24.262490] [ 782/0.622737]
  2   4 100, 0.644244 [0.159609/24.263431] [ 832/0.622737]
  2   4 150, 0.643097 [0.251127/24.267623] [ 882/0.622737]
  2   4 200, 0.671157 [0.205555/24.268985] [ 932/0.622737]
  2   4 250, 0.681905 [0.203152/24.268195] [ 982/0.622737]
  2   4 300, 0.659259 [0.195526/24.267348] [1032/0.622737]
  2   4 350, 0.693550 [0.221714/24.267585] [1082/0.622737]
Epoch 4 done. Evaluation:
(38349, 50000)
(5556, 10000)
  2   5  50, 0.612266 [0.224109/24.269324] [   0/0.612266]
  2   5 100, 0.638497 [0.228576/24.271143] [  50/0.612266]
  2   5 150, 0.648231 [0.209648/24.273628] [ 100/0.612266]
  2   5 200, 0.643969 [0.223829/24.274946] [ 150/0.612266]
  2   5 250, 0.679961 [0.245603/24.276918] [ 200/0.612266]
  2   5 300, 0.680311 [0.223828/24.279025] [ 250/0.612266]
  2   5 350, 0.686716 [0.217361/24.279248] [ 300/0.612266]
Epoch 5 done. Evaluation:
(38427, 50000)
(6245, 10000)
  2   6  50, 0.609021 [0.241961/24.278700] [   0/0.609021]
  2   6 100, 0.619291 [0.217002/24.279014] [  50/0.609021]
  2   6 150, 0.640197 [0.234374/24.283445] [ 100/0.609021]
  2   6 200, 0.684325 [0.220282/24.286226] [ 150/0.609021]
  2   6 250, 0.646591 [0.160970/24.283608] [ 200/0.609021]
  2   6 300, 0.681847 [0.239206/24.286235] [ 250/0.609021]
  2   6 350, 0.677107 [0.216617/24.284567] [ 300/0.609021]
Epoch 6 done. Evaluation:
(38407, 50000)
(4840, 10000)
  2   7  50, 0.602390 [0.232068/24.285921] [   0/0.602390]
  2   7 100, 0.648004 [0.203081/24.287739] [  50/0.602390]
  2   7 150, 0.640403 [0.199360/24.287512] [ 100/0.602390]
  2   7 200, 0.626859 [0.249650/24.289055] [ 150/0.602390]
  2   7 250, 0.650734 [0.189494/24.293199] [ 200/0.602390]
  2   7 300, 0.650244 [0.206523/24.292734] [ 250/0.602390]
  2   7 350, 0.643800 [0.183976/24.293725] [ 300/0.602390]
Epoch 7 done. Evaluation:
(38839, 50000)
(5772, 10000)
  2   8  50, 0.588729 [0.218865/24.292037] [   0/0.588729]
  2   8 100, 0.616395 [0.232233/24.297088] [  50/0.588729]
  2   8 150, 0.634123 [0.230305/24.298696] [ 100/0.588729]
  2   8 200, 0.635648 [0.239077/24.301676] [ 150/0.588729]
  2   8 250, 0.669426 [0.193212/24.301980] [ 200/0.588729]
  2   8 300, 0.655637 [0.227104/24.301617] [ 250/0.588729]
  2   8 350, 0.675234 [0.192935/24.300312] [ 300/0.588729]
Epoch 8 done. Evaluation:
(38773, 50000)
(5211, 10000)
  2   9  50, 0.597083 [0.219584/24.302033] [ 391/0.588729]
  2   9 100, 0.615572 [0.209228/24.304268] [ 441/0.588729]
  2   9 150, 0.627909 [0.207784/24.305704] [ 491/0.588729]
  2   9 200, 0.629560 [0.199372/24.307726] [ 541/0.588729]
  2   9 250, 0.635392 [0.234346/24.309699] [ 591/0.588729]
  2   9 300, 0.675601 [0.200597/24.311860] [ 641/0.588729]
  2   9 350, 0.664469 [0.190819/24.311245] [ 691/0.588729]
Epoch 9 done. Evaluation:
(38730, 50000)
(6408, 10000)
  2  10  50, 0.575056 [0.221307/24.310760] [   0/0.575056]
  2  10 100, 0.585633 [0.203202/24.315412] [  50/0.575056]
  2  10 150, 0.623012 [0.212395/24.315405] [ 100/0.575056]
  2  10 200, 0.652279 [0.242226/24.317387] [ 150/0.575056]
  2  10 250, 0.636167 [0.229077/24.317513] [ 200/0.575056]
  2  10 300, 0.659878 [0.218402/24.317504] [ 250/0.575056]
  2  10 350, 0.679987 [0.202283/24.316677] [ 300/0.575056]
Epoch 10 done. Evaluation:
(38843, 50000)
(6209, 10000)
  2  11  50, 0.581320 [0.234810/24.317402] [ 391/0.575056]
  2  11 100, 0.595306 [0.224296/24.321581] [ 441/0.575056]
  2  11 150, 0.631450 [0.248414/24.324281] [ 491/0.575056]
  2  11 200, 0.618762 [0.202105/24.324620] [ 541/0.575056]
  2  11 250, 0.635140 [0.199877/24.325298] [ 591/0.575056]
  2  11 300, 0.656670 [0.181141/24.324950] [ 641/0.575056]
  2  11 350, 0.648249 [0.218054/24.324302] [ 691/0.575056]
Epoch 11 done. Evaluation:
(38978, 50000)
(5884, 10000)
  2  12  50, 0.544733 [0.200913/24.321619] [   0/0.544733]
  2  12 100, 0.594544 [0.277287/24.326573] [  50/0.544733]
  2  12 150, 0.616253 [0.183141/24.329459] [ 100/0.544733]
  2  12 200, 0.634326 [0.251015/24.330638] [ 150/0.544733]
  2  12 250, 0.642205 [0.200826/24.331323] [ 200/0.544733]
  2  12 300, 0.639430 [0.195208/24.330506] [ 250/0.544733]
  2  12 350, 0.641002 [0.230852/24.330560] [ 300/0.544733]
Epoch 12 done. Evaluation:
(39078, 50000)
(5198, 10000)
  2  13  50, 0.572196 [0.194254/24.331566] [ 391/0.544733]
  2  13 100, 0.579652 [0.244306/24.332800] [ 441/0.544733]
  2  13 150, 0.597981 [0.234660/24.335443] [ 491/0.544733]
  2  13 200, 0.614795 [0.240781/24.338778] [ 541/0.544733]
  2  13 250, 0.619095 [0.213612/24.339893] [ 591/0.544733]
  2  13 300, 0.647323 [0.229804/24.340466] [ 641/0.544733]
  2  13 350, 0.656594 [0.214233/24.339907] [ 691/0.544733]
Epoch 13 done. Evaluation:
(39273, 50000)
(3773, 10000)
  2  14  50, 0.565946 [0.207747/24.342242] [ 782/0.544733]
  2  14 100, 0.587326 [0.238162/24.344301] [ 832/0.544733]
  2  14 150, 0.592857 [0.197858/24.346712] [ 882/0.544733]
  2  14 200, 0.614920 [0.236913/24.348418] [ 932/0.544733]
  2  14 250, 0.630976 [0.225340/24.347426] [ 982/0.544733]
  2  14 300, 0.628597 [0.206805/24.346615] [1032/0.544733]
  2  14 350, 0.635744 [0.248337/24.345099] [1082/0.544733]
Epoch 14 done. Evaluation:
(39310, 50000)
(5489, 10000)
  2  15  50, 0.573311 [0.226874/24.347344] [1173/0.544733]
  2  15 100, 0.576178 [0.231234/24.350479] [1223/0.544733]
  2  15 150, 0.614978 [0.187828/24.351663] [1273/0.544733]
  2  15 200, 0.619783 [0.226322/24.352973] [1323/0.544733]
  2  15 250, 0.593948 [0.225274/24.350986] [1373/0.544733]
  2  15 300, 0.614113 [0.220787/24.349327] [1423/0.544733]
  2  15 350, 0.636183 [0.221267/24.349403] [1473/0.544733]
Epoch 15 done. Evaluation:
(39283, 50000)
(5897, 10000)
  2  16  50, 0.538041 [0.215119/24.350355] [   0/0.538041]
  2  16 100, 0.576987 [0.220525/24.352943] [  50/0.538041]
  2  16 150, 0.597620 [0.256287/24.354350] [ 100/0.538041]
  2  16 200, 0.584120 [0.211754/24.355318] [ 150/0.538041]
  2  16 250, 0.648263 [0.217530/24.356576] [ 200/0.538041]
  2  16 300, 0.649050 [0.210687/24.357757] [ 250/0.538041]
  2  16 350, 0.613890 [0.256533/24.356193] [ 300/0.538041]
Epoch 16 done. Evaluation:
(39378, 50000)
(5281, 10000)
  2  17  50, 0.567262 [0.209815/24.356077] [ 391/0.538041]
  2  17 100, 0.563928 [0.253962/24.354987] [ 441/0.538041]
  2  17 150, 0.591424 [0.248086/24.356719] [ 491/0.538041]
  2  17 200, 0.599140 [0.246696/24.358081] [ 541/0.538041]
  2  17 250, 0.619524 [0.247637/24.357908] [ 591/0.538041]
  2  17 300, 0.634696 [0.224942/24.357747] [ 641/0.538041]
  2  17 350, 0.631585 [0.194553/24.358053] [ 691/0.538041]
Epoch 17 done. Evaluation:
(39358, 50000)
(6176, 10000)
  2  18  50, 0.554063 [0.211357/24.356267] [ 782/0.538041]
  2  18 100, 0.566757 [0.219765/24.358408] [ 832/0.538041]
  2  18 150, 0.588163 [0.258855/24.361040] [ 882/0.538041]
  2  18 200, 0.594867 [0.256491/24.362512] [ 932/0.538041]
  2  18 250, 0.624309 [0.274083/24.361708] [ 982/0.538041]
  2  18 300, 0.620670 [0.235015/24.361762] [1032/0.538041]
  2  18 350, 0.611555 [0.193757/24.361231] [1082/0.538041]
Epoch 18 done. Evaluation:
(39531, 50000)
(6846, 10000)
  2  19  50, 0.533693 [0.209706/24.361713] [   0/0.533693]
  2  19 100, 0.566891 [0.242509/24.362008] [  50/0.533693]
  2  19 150, 0.585470 [0.243862/24.366582] [ 100/0.533693]
  2  19 200, 0.601570 [0.241110/24.367436] [ 150/0.533693]
  2  19 250, 0.600613 [0.231754/24.368114] [ 200/0.533693]
  2  19 300, 0.621511 [0.240604/24.368815] [ 250/0.533693]
  2  19 350, 0.608555 [0.181510/24.367797] [ 300/0.533693]
Epoch 19 done. Evaluation:
(39621, 50000)
(5889, 10000)
  3   0  50, 0.442230 [0.105729/24.353466] [   0/0.442230]
  3   0 100, 0.415583 [0.109841/24.340845] [   0/0.415583]
  3   0 150, 0.390392 [0.093376/24.329628] [   0/0.390392]
  3   0 200, 0.401325 [0.116001/24.319864] [  50/0.390392]
  3   0 250, 0.403902 [0.101989/24.310640] [ 100/0.390392]
  3   0 300, 0.407223 [0.094575/24.302508] [ 150/0.390392]
  3   0 350, 0.426909 [0.145725/24.295167] [ 200/0.390392]
Epoch 0 done. Evaluation:
(42961, 50000)
(7085, 10000)
  3   1  50, 0.345041 [0.106780/24.283069] [   0/0.345041]
  3   1 100, 0.351177 [0.113671/24.277860] [  50/0.345041]
  3   1 150, 0.370901 [0.114947/24.273803] [ 100/0.345041]
  3   1 200, 0.362136 [0.166769/24.270038] [ 150/0.345041]
  3   1 250, 0.391686 [0.156533/24.266961] [ 200/0.345041]
  3   1 300, 0.410553 [0.129210/24.265282] [ 250/0.345041]
  3   1 350, 0.426693 [0.139808/24.262905] [ 300/0.345041]
Epoch 1 done. Evaluation:
(43446, 50000)
(7077, 10000)
  3   2  50, 0.330474 [0.134152/24.257246] [   0/0.330474]
  3   2 100, 0.337527 [0.104965/24.255653] [  50/0.330474]
  3   2 150, 0.345457 [0.121895/24.253680] [ 100/0.330474]
  3   2 200, 0.363097 [0.149731/24.253293] [ 150/0.330474]
  3   2 250, 0.404943 [0.151348/24.253853] [ 200/0.330474]
  3   2 300, 0.399976 [0.140199/24.254003] [ 250/0.330474]
  3   2 350, 0.421189 [0.148163/24.255146] [ 300/0.330474]
Epoch 2 done. Evaluation:
(43514, 50000)
(6873, 10000)
  3   3  50, 0.331838 [0.119003/24.253324] [ 391/0.330474]
  3   3 100, 0.318908 [0.135886/24.252684] [   0/0.318908]
  3   3 150, 0.365399 [0.161850/24.254528] [  50/0.318908]
  3   3 200, 0.373995 [0.157069/24.256400] [ 100/0.318908]
  3   3 250, 0.401364 [0.151588/24.257963] [ 150/0.318908]
  3   3 300, 0.401359 [0.155488/24.259849] [ 200/0.318908]
  3   3 350, 0.436159 [0.149935/24.262245] [ 250/0.318908]
Epoch 3 done. Evaluation:
(43439, 50000)
(6723, 10000)
  3   4  50, 0.316961 [0.130970/24.261538] [   0/0.316961]
  3   4 100, 0.344948 [0.144205/24.261802] [  50/0.316961]
  3   4 150, 0.352069 [0.183781/24.262352] [ 100/0.316961]
  3   4 200, 0.386647 [0.183086/24.265938] [ 150/0.316961]
  3   4 250, 0.391646 [0.159187/24.268436] [ 200/0.316961]
  3   4 300, 0.389682 [0.158446/24.270199] [ 250/0.316961]
  3   4 350, 0.390685 [0.169351/24.273666] [ 300/0.316961]
Epoch 4 done. Evaluation:
(43571, 50000)
(6344, 10000)
  3   5  50, 0.329153 [0.131263/24.276081] [ 391/0.316961]
  3   5 100, 0.342628 [0.137962/24.276894] [ 441/0.316961]
  3   5 150, 0.360444 [0.124990/24.279728] [ 491/0.316961]
  3   5 200, 0.379515 [0.150937/24.283286] [ 541/0.316961]
  3   5 250, 0.391750 [0.169464/24.286159] [ 591/0.316961]
  3   5 300, 0.392206 [0.165275/24.288224] [ 641/0.316961]
  3   5 350, 0.408003 [0.177974/24.292099] [ 691/0.316961]
Epoch 5 done. Evaluation:
(43403, 50000)
(5944, 10000)
  3   6  50, 0.303008 [0.153402/24.292879] [   0/0.303008]
  3   6 100, 0.346449 [0.175900/24.295133] [  50/0.303008]
  3   6 150, 0.350948 [0.160857/24.297658] [ 100/0.303008]
  3   6 200, 0.363608 [0.127381/24.299592] [ 150/0.303008]
  3   6 250, 0.396921 [0.158956/24.303343] [ 200/0.303008]
  3   6 300, 0.396025 [0.148794/24.306728] [ 250/0.303008]
  3   6 350, 0.385787 [0.147778/24.308420] [ 300/0.303008]
Epoch 6 done. Evaluation:
(43605, 50000)
(6819, 10000)
  3   7  50, 0.333880 [0.156008/24.310843] [ 391/0.303008]
  3   7 100, 0.344824 [0.152274/24.312158] [ 441/0.303008]
  3   7 150, 0.350540 [0.149938/24.314688] [ 491/0.303008]
  3   7 200, 0.356199 [0.163629/24.316346] [ 541/0.303008]
  3   7 250, 0.378819 [0.139953/24.319022] [ 591/0.303008]
  3   7 300, 0.410139 [0.179640/24.322663] [ 641/0.303008]
  3   7 350, 0.407745 [0.150420/24.326383] [ 691/0.303008]
Epoch 7 done. Evaluation:
(43450, 50000)
(6693, 10000)
  3   8  50, 0.315274 [0.148399/24.327114] [ 782/0.303008]
  3   8 100, 0.316100 [0.186463/24.328085] [ 832/0.303008]
  3   8 150, 0.339905 [0.157635/24.330335] [ 882/0.303008]
  3   8 200, 0.356801 [0.203317/24.333991] [ 932/0.303008]
  3   8 250, 0.361003 [0.165249/24.337293] [ 982/0.303008]
  3   8 300, 0.388035 [0.189218/24.340565] [1032/0.303008]
  3   8 350, 0.393127 [0.163773/24.343530] [1082/0.303008]
Epoch 8 done. Evaluation:
(43746, 50000)
(6638, 10000)
  3   9  50, 0.324943 [0.143385/24.348607] [1173/0.303008]
  3   9 100, 0.319996 [0.130533/24.348815] [1223/0.303008]
  3   9 150, 0.322769 [0.140113/24.350358] [1273/0.303008]
  3   9 200, 0.351207 [0.171915/24.352881] [1323/0.303008]
  3   9 250, 0.354531 [0.159618/24.356502] [1373/0.303008]
  3   9 300, 0.376977 [0.181941/24.359845] [1423/0.303008]
  3   9 350, 0.412468 [0.163326/24.363907] [1473/0.303008]
Epoch 9 done. Evaluation:
(43701, 50000)
(6220, 10000)
  3  10  50, 0.277875 [0.142466/24.362922] [   0/0.277875]
  3  10 100, 0.298686 [0.152157/24.362612] [  50/0.277875]
  3  10 150, 0.316205 [0.155643/24.363317] [ 100/0.277875]
  3  10 200, 0.342211 [0.175697/24.366346] [ 150/0.277875]
  3  10 250, 0.346755 [0.180843/24.370906] [ 200/0.277875]
  3  10 300, 0.385200 [0.191615/24.374394] [ 250/0.277875]
  3  10 350, 0.389678 [0.190000/24.378284] [ 300/0.277875]
Epoch 10 done. Evaluation:
(43948, 50000)
(6823, 10000)
  3  11  50, 0.298761 [0.149615/24.381972] [ 391/0.277875]
  3  11 100, 0.306822 [0.146060/24.382898] [ 441/0.277875]
  3  11 150, 0.316541 [0.181528/24.384388] [ 491/0.277875]
  3  11 200, 0.354466 [0.190866/24.387601] [ 541/0.277875]
  3  11 250, 0.352143 [0.153906/24.390026] [ 591/0.277875]
  3  11 300, 0.380618 [0.175394/24.394475] [ 641/0.277875]
  3  11 350, 0.376746 [0.191285/24.398308] [ 691/0.277875]
Epoch 11 done. Evaluation:
(44011, 50000)
(5800, 10000)
  3  12  50, 0.309043 [0.165651/24.399233] [ 782/0.277875]
  3  12 100, 0.310436 [0.160101/24.399923] [ 832/0.277875]
  3  12 150, 0.308326 [0.125110/24.401751] [ 882/0.277875]
  3  12 200, 0.365061 [0.145682/24.406531] [ 932/0.277875]
  3  12 250, 0.366039 [0.148632/24.409671] [ 982/0.277875]
  3  12 300, 0.373409 [0.164187/24.412789] [1032/0.277875]
  3  12 350, 0.359891 [0.170085/24.415151] [1082/0.277875]
Epoch 12 done. Evaluation:
(43977, 50000)
(5588, 10000)
  3  13  50, 0.304356 [0.155411/24.419416] [1173/0.277875]
  3  13 100, 0.299911 [0.150996/24.419943] [1223/0.277875]
  3  13 150, 0.299644 [0.152501/24.420708] [1273/0.277875]
  3  13 200, 0.336846 [0.167851/24.423527] [1323/0.277875]
  3  13 250, 0.361004 [0.182981/24.426245] [1373/0.277875]
  3  13 300, 0.350857 [0.167823/24.429985] [1423/0.277875]
  3  13 350, 0.370194 [0.211329/24.432881] [1473/0.277875]
Epoch 13 done. Evaluation:
(44052, 50000)
(6163, 10000)
  3  14  50, 0.285396 [0.134792/24.434876] [1564/0.277875]
  3  14 100, 0.305555 [0.166884/24.435902] [1614/0.277875]
  3  14 150, 0.320520 [0.171352/24.437641] [1664/0.277875]
  3  14 200, 0.336824 [0.195721/24.440616] [1714/0.277875]
  3  14 250, 0.357544 [0.155639/24.443658] [1764/0.277875]
  3  14 300, 0.367459 [0.205654/24.447556] [1814/0.277875]
  3  14 350, 0.364836 [0.151855/24.450221] [1864/0.277875]
Epoch 14 done. Evaluation:
(44031, 50000)
(6420, 10000)
  3  15  50, 0.273897 [0.152381/24.450711] [   0/0.273897]
  3  15 100, 0.306235 [0.157656/24.451818] [  50/0.273897]
  3  15 150, 0.331485 [0.152259/24.454245] [ 100/0.273897]
  3  15 200, 0.323356 [0.165429/24.454170] [ 150/0.273897]
  3  15 250, 0.338318 [0.135266/24.455126] [ 200/0.273897]
  3  15 300, 0.330996 [0.194155/24.457249] [ 250/0.273897]
  3  15 350, 0.368841 [0.181622/24.461784] [ 300/0.273897]
Epoch 15 done. Evaluation:
(44290, 50000)
(6341, 10000)
  3  16  50, 0.293089 [0.144992/24.462143] [ 391/0.273897]
  3  16 100, 0.277954 [0.161066/24.462747] [ 441/0.273897]
  3  16 150, 0.305492 [0.149849/24.465282] [ 491/0.273897]
  3  16 200, 0.325436 [0.162461/24.467270] [ 541/0.273897]
  3  16 250, 0.331544 [0.195639/24.472306] [ 591/0.273897]
  3  16 300, 0.335945 [0.140557/24.473490] [ 641/0.273897]
  3  16 350, 0.361173 [0.204266/24.476256] [ 691/0.273897]
Epoch 16 done. Evaluation:
(44356, 50000)
(6719, 10000)
  3  17  50, 0.278347 [0.158036/24.477285] [ 782/0.273897]
  3  17 100, 0.277765 [0.142599/24.476219] [ 832/0.273897]
  3  17 150, 0.293639 [0.138528/24.477160] [ 882/0.273897]
  3  17 200, 0.307626 [0.162464/24.479218] [ 932/0.273897]
  3  17 250, 0.339587 [0.175410/24.483389] [ 982/0.273897]
  3  17 300, 0.352926 [0.182427/24.486702] [1032/0.273897]
  3  17 350, 0.359395 [0.181764/24.489016] [1082/0.273897]
Epoch 17 done. Evaluation:
(44375, 50000)
(6999, 10000)
  3  18  50, 0.263023 [0.141089/24.488509] [   0/0.263023]
  3  18 100, 0.259323 [0.180304/24.486367] [   0/0.259323]
  3  18 150, 0.295719 [0.154075/24.488222] [  50/0.259323]
  3  18 200, 0.305439 [0.174635/24.490815] [ 100/0.259323]
  3  18 250, 0.359877 [0.159972/24.496001] [ 150/0.259323]
  3  18 300, 0.347164 [0.164252/24.499754] [ 200/0.259323]
  3  18 350, 0.383586 [0.182716/24.505381] [ 250/0.259323]
Epoch 18 done. Evaluation:
(44282, 50000)
(6008, 10000)
  3  19  50, 0.261764 [0.131902/24.503393] [ 341/0.259323]
  3  19 100, 0.288316 [0.147143/24.503971] [ 391/0.259323]
  3  19 150, 0.273742 [0.130726/24.503828] [ 441/0.259323]
  3  19 200, 0.310681 [0.151731/24.505828] [ 491/0.259323]
  3  19 250, 0.334572 [0.173412/24.509946] [ 541/0.259323]
  3  19 300, 0.357350 [0.166743/24.513607] [ 591/0.259323]
  3  19 350, 0.370680 [0.198993/24.518645] [ 641/0.259323]
Epoch 19 done. Evaluation:
(44322, 50000)
(6562, 10000)
  4   0  50, 0.209737 [0.047070/24.513799] [   0/0.209737]
  4   0 100, 0.167783 [0.048187/24.505638] [   0/0.167783]
  4   0 150, 0.151127 [0.065110/24.497430] [   0/0.151127]
  4   0 200, 0.153848 [0.066878/24.489442] [  50/0.151127]
  4   0 250, 0.150304 [0.039463/24.481572] [   0/0.150304]
  4   0 300, 0.146400 [0.061382/24.473784] [   0/0.146400]
  4   0 350, 0.140744 [0.067448/24.466291] [   0/0.140744]
Epoch 0 done. Evaluation:
(47500, 50000)
(7495, 10000)
  4   1  50, 0.100678 [0.057741/24.452502] [   0/0.100678]
  4   1 100, 0.091304 [0.055621/24.444047] [   0/0.091304]
  4   1 150, 0.101563 [0.045972/24.436258] [  50/0.091304]
  4   1 200, 0.098628 [0.047129/24.428396] [ 100/0.091304]
  4   1 250, 0.101575 [0.044779/24.421197] [ 150/0.091304]
  4   1 300, 0.105776 [0.045721/24.414091] [ 200/0.091304]
  4   1 350, 0.109300 [0.089535/24.407444] [ 250/0.091304]
Epoch 1 done. Evaluation:
(48538, 50000)
(7386, 10000)
  4   2  50, 0.080705 [0.062263/24.394556] [   0/0.080705]
  4   2 100, 0.070702 [0.061438/24.386780] [   0/0.070702]
  4   2 150, 0.078659 [0.045786/24.379418] [  50/0.070702]
  4   2 200, 0.086209 [0.072841/24.372877] [ 100/0.070702]
  4   2 250, 0.081109 [0.065014/24.366244] [ 150/0.070702]
  4   2 300, 0.087951 [0.066392/24.360255] [ 200/0.070702]
  4   2 350, 0.102309 [0.063935/24.354759] [ 250/0.070702]
Epoch 2 done. Evaluation:
(48791, 50000)
(7280, 10000)
  4   3  50, 0.070404 [0.057594/24.343974] [   0/0.070404]
  4   3 100, 0.071626 [0.062091/24.337298] [  50/0.070404]
  4   3 150, 0.071159 [0.056677/24.330963] [ 100/0.070404]
  4   3 200, 0.082952 [0.062382/24.325415] [ 150/0.070404]
  4   3 250, 0.087455 [0.077074/24.320696] [ 200/0.070404]
  4   3 300, 0.093049 [0.068427/24.316171] [ 250/0.070404]
  4   3 350, 0.089024 [0.065993/24.311650] [ 300/0.070404]
Epoch 3 done. Evaluation:
(48777, 50000)
(7198, 10000)
  4   4  50, 0.080384 [0.101531/24.303654] [ 391/0.070404]
  4   4 100, 0.073201 [0.080343/24.298395] [ 441/0.070404]
  4   4 150, 0.088232 [0.067388/24.294489] [ 491/0.070404]
  4   4 200, 0.085103 [0.058321/24.290345] [ 541/0.070404]
  4   4 250, 0.100746 [0.069120/24.286726] [ 591/0.070404]
  4   4 300, 0.104229 [0.093086/24.283844] [ 641/0.070404]
  4   4 350, 0.111349 [0.094939/24.281387] [ 691/0.070404]
Epoch 4 done. Evaluation:
(48508, 50000)
(7071, 10000)
  4   5  50, 0.097705 [0.061129/24.277872] [ 782/0.070404]
  4   5 100, 0.087845 [0.062920/24.273792] [ 832/0.070404]
  4   5 150, 0.099876 [0.084994/24.270811] [ 882/0.070404]
  4   5 200, 0.105649 [0.068980/24.268568] [ 932/0.070404]
  4   5 250, 0.120024 [0.086972/24.267207] [ 982/0.070404]
  4   5 300, 0.123651 [0.087408/24.265871] [1032/0.070404]
  4   5 350, 0.134356 [0.089609/24.265390] [1082/0.070404]
Epoch 5 done. Evaluation:
(48173, 50000)
(6583, 10000)
  4   6  50, 0.089998 [0.041794/24.260728] [1173/0.070404]
  4   6 100, 0.098169 [0.049539/24.257844] [1223/0.070404]
  4   6 150, 0.099291 [0.103572/24.254839] [1273/0.070404]
  4   6 200, 0.117455 [0.068622/24.253359] [1323/0.070404]
  4   6 250, 0.147115 [0.106788/24.253824] [1373/0.070404]
  4   6 300, 0.139403 [0.094421/24.254036] [1423/0.070404]
  4   6 350, 0.154048 [0.111118/24.255118] [1473/0.070404]
Epoch 6 done. Evaluation:
(47975, 50000)
(6816, 10000)
  4   7  50, 0.124881 [0.102391/24.254367] [1564/0.070404]
  4   7 100, 0.130035 [0.100482/24.253222] [1614/0.070404]
  4   7 150, 0.126767 [0.098110/24.252293] [1664/0.070404]
  4   7 200, 0.136658 [0.098490/24.251694] [1714/0.070404]
  4   7 250, 0.142061 [0.123581/24.251836] [1764/0.070404]
  4   7 300, 0.146877 [0.078409/24.251741] [1814/0.070404]
  4   7 350, 0.162258 [0.113712/24.253064] [1864/0.070404]
Epoch 7 done. Evaluation:
(47631, 50000)
(7013, 10000)
  4   8  50, 0.119746 [0.104258/24.251601] [1955/0.070404]
  4   8 100, 0.121494 [0.099916/24.250425] [2005/0.070404]
  4   8 150, 0.125042 [0.081426/24.249560] [2055/0.070404]
  4   8 200, 0.126970 [0.059669/24.248317] [2105/0.070404]
  4   8 250, 0.141565 [0.100200/24.248293] [2155/0.070404]
  4   8 300, 0.153416 [0.088801/24.249033] [2205/0.070404]
  4   8 350, 0.160653 [0.095480/24.249623] [2255/0.070404]
Epoch 8 done. Evaluation:
(47636, 50000)
(6712, 10000)
  4   9  50, 0.106832 [0.083743/24.248261] [2346/0.070404]
  4   9 100, 0.101485 [0.070317/24.245609] [2396/0.070404]
  4   9 150, 0.112226 [0.089861/24.243350] [2446/0.070404]
  4   9 200, 0.133735 [0.065158/24.242827] [2496/0.070404]
  4   9 250, 0.136736 [0.083145/24.242680] [2546/0.070404]
  4   9 300, 0.151478 [0.093573/24.242818] [2596/0.070404]
  4   9 350, 0.146088 [0.098516/24.242797] [2646/0.070404]
Epoch 9 done. Evaluation:
(47807, 50000)
(7251, 10000)
  4  10  50, 0.118906 [0.076045/24.241527] [2737/0.070404]
  4  10 100, 0.100761 [0.079405/24.238564] [2787/0.070404]
  4  10 150, 0.121465 [0.091469/24.237262] [2837/0.070404]
  4  10 200, 0.122822 [0.077652/24.236374] [2887/0.070404]
  4  10 250, 0.142175 [0.106445/24.236406] [2937/0.070404]
  4  10 300, 0.155796 [0.086256/24.237133] [2987/0.070404]
  4  10 350, 0.158066 [0.079274/24.238038] [3037/0.070404]
Epoch 10 done. Evaluation:
(47753, 50000)
(6963, 10000)
  4  11  50, 0.112756 [0.056010/24.237374] [3128/0.070404]
  4  11 100, 0.119992 [0.078945/24.236368] [3178/0.070404]
  4  11 150, 0.118684 [0.091817/24.234684] [3228/0.070404]
  4  11 200, 0.122500 [0.114636/24.233830] [3278/0.070404]
  4  11 250, 0.123963 [0.080152/24.232770] [3328/0.070404]
  4  11 300, 0.145216 [0.094154/24.233432] [3378/0.070404]
  4  11 350, 0.155593 [0.104927/24.234347] [3428/0.070404]
Epoch 11 done. Evaluation:
(47705, 50000)
(6799, 10000)
  4  12  50, 0.114311 [0.054937/24.234264] [3519/0.070404]
  4  12 100, 0.114299 [0.116839/24.232432] [3569/0.070404]
  4  12 150, 0.136122 [0.115835/24.231664] [3619/0.070404]
  4  12 200, 0.126096 [0.093413/24.230680] [3669/0.070404]
  4  12 250, 0.149341 [0.101762/24.231681] [3719/0.070404]
  4  12 300, 0.164783 [0.097253/24.233349] [3769/0.070404]
  4  12 350, 0.167817 [0.097820/24.234639] [3819/0.070404]
Epoch 12 done. Evaluation:
(47541, 50000)
(6686, 10000)
  4  13  50, 0.128957 [0.108348/24.235069] [3910/0.070404]
  4  13 100, 0.117935 [0.091980/24.233418] [3960/0.070404]
  4  13 150, 0.118845 [0.089034/24.231457] [4010/0.070404]
  4  13 200, 0.129860 [0.083323/24.230978] [4060/0.070404]
  4  13 250, 0.139653 [0.114788/24.231020] [4110/0.070404]
  4  13 300, 0.157980 [0.118038/24.232279] [4160/0.070404]
  4  13 350, 0.169352 [0.091784/24.233883] [4210/0.070404]
Epoch 13 done. Evaluation:
(47555, 50000)
(6675, 10000)
  4  14  50, 0.120095 [0.074955/24.234174] [4301/0.070404]
  4  14 100, 0.109998 [0.103888/24.231960] [4351/0.070404]
  4  14 150, 0.116366 [0.069514/24.230444] [4401/0.070404]
  4  14 200, 0.136470 [0.108302/24.229927] [4451/0.070404]
  4  14 250, 0.144533 [0.090255/24.230176] [4501/0.070404]
  4  14 300, 0.144306 [0.123410/24.231054] [4551/0.070404]
  4  14 350, 0.146961 [0.093453/24.231418] [4601/0.070404]
Epoch 14 done. Evaluation:
(47702, 50000)
(6591, 10000)
  4  15  50, 0.125596 [0.103448/24.231908] [4692/0.070404]
  4  15 100, 0.122816 [0.090799/24.231211] [4742/0.070404]
  4  15 150, 0.128345 [0.096729/24.230846] [4792/0.070404]
  4  15 200, 0.139235 [0.114004/24.231095] [4842/0.070404]
  4  15 250, 0.148621 [0.131424/24.232208] [4892/0.070404]
  4  15 300, 0.152972 [0.110334/24.233543] [4942/0.070404]
  4  15 350, 0.176628 [0.091928/24.235969] [4992/0.070404]
Epoch 15 done. Evaluation:
(47493, 50000)
(6672, 10000)
  4  16  50, 0.134434 [0.063202/24.236988] [5083/0.070404]
  4  16 100, 0.130631 [0.126759/24.235423] [5133/0.070404]
  4  16 150, 0.123810 [0.104436/24.233774] [5183/0.070404]
  4  16 200, 0.129686 [0.126083/24.233362] [5233/0.070404]
  4  16 250, 0.133804 [0.111845/24.232787] [5283/0.070404]
  4  16 300, 0.132004 [0.097725/24.232437] [5333/0.070404]
  4  16 350, 0.144304 [0.114376/24.232950] [5383/0.070404]
Epoch 16 done. Evaluation:
(47700, 50000)
(6579, 10000)
  4  17  50, 0.130135 [0.088121/24.233390] [5474/0.070404]
  4  17 100, 0.121710 [0.095929/24.232133] [5524/0.070404]
  4  17 150, 0.117772 [0.091265/24.230703] [5574/0.070404]
  4  17 200, 0.127379 [0.089950/24.229924] [5624/0.070404]
  4  17 250, 0.146298 [0.108361/24.230867] [5674/0.070404]
  4  17 300, 0.159893 [0.144280/24.232408] [5724/0.070404]
  4  17 350, 0.155319 [0.074312/24.233551] [5774/0.070404]
Epoch 17 done. Evaluation:
(47618, 50000)
(7122, 10000)
  4  18  50, 0.111752 [0.101536/24.232546] [5865/0.070404]
  4  18 100, 0.104523 [0.109784/24.229794] [5915/0.070404]
  4  18 150, 0.114450 [0.092063/24.228206] [5965/0.070404]
  4  18 200, 0.115677 [0.103401/24.227181] [6015/0.070404]
  4  18 250, 0.129833 [0.083505/24.226818] [6065/0.070404]
  4  18 300, 0.153496 [0.102179/24.228339] [6115/0.070404]
  4  18 350, 0.157141 [0.114351/24.229466] [6165/0.070404]
Epoch 18 done. Evaluation:
(47855, 50000)
(6935, 10000)
  4  19  50, 0.118195 [0.081106/24.228923] [6256/0.070404]
  4  19 100, 0.115186 [0.091223/24.227460] [6306/0.070404]
  4  19 150, 0.115733 [0.077832/24.226228] [6356/0.070404]
  4  19 200, 0.119017 [0.095623/24.225204] [6406/0.070404]
  4  19 250, 0.130248 [0.110857/24.225186] [6456/0.070404]
  4  19 300, 0.157766 [0.097075/24.226819] [6506/0.070404]
  4  19 350, 0.156944 [0.086608/24.228778] [6556/0.070404]
Epoch 19 done. Evaluation:
(47744, 50000)
(6847, 10000)
  5   0  50, 0.082133 [0.040075/24.226695] [6647/0.070404]
  5   0 100, 0.067671 [0.037763/24.223095] [   0/0.067671]
  5   0 150, 0.057614 [0.042714/24.219303] [   0/0.057614]
  5   0 200, 0.048808 [0.033985/24.215399] [   0/0.048808]
  5   0 250, 0.047948 [0.028563/24.211465] [   0/0.047948]
  5   0 300, 0.048368 [0.039367/24.207688] [  50/0.047948]
  5   0 350, 0.050212 [0.015938/24.203933] [ 100/0.047948]
Epoch 0 done. Evaluation:
(49209, 50000)
(7389, 10000)
  5   1  50, 0.026379 [0.015561/24.196371] [   0/0.026379]
  5   1 100, 0.027044 [0.014312/24.192109] [  50/0.026379]
  5   1 150, 0.026692 [0.012533/24.187973] [ 100/0.026379]
  5   1 200, 0.023052 [0.013221/24.183746] [   0/0.023052]
  5   1 250, 0.026017 [0.008904/24.179596] [  50/0.023052]
  5   1 300, 0.024364 [0.025954/24.175445] [ 100/0.023052]
  5   1 350, 0.023869 [0.014710/24.171354] [ 150/0.023052]
Epoch 1 done. Evaluation:
(49740, 50000)
(7505, 10000)
  5   2  50, 0.016251 [0.006033/24.163731] [   0/0.016251]
  5   2 100, 0.020218 [0.013586/24.159590] [  50/0.016251]
  5   2 150, 0.017820 [0.007184/24.155393] [ 100/0.016251]
  5   2 200, 0.014630 [0.008992/24.151132] [   0/0.014630]
  5   2 250, 0.015150 [0.009099/24.146906] [  50/0.014630]
  5   2 300, 0.017055 [0.024697/24.142804] [ 100/0.014630]
  5   2 350, 0.016464 [0.016825/24.138689] [ 150/0.014630]
Epoch 2 done. Evaluation:
(49877, 50000)
(7560, 10000)
  5   3  50, 0.011367 [0.025478/24.131102] [   0/0.011367]
  5   3 100, 0.009890 [0.006180/24.126826] [   0/0.009890]
  5   3 150, 0.011778 [0.011659/24.122649] [  50/0.009890]
  5   3 200, 0.011373 [0.004682/24.118506] [ 100/0.009890]
  5   3 250, 0.011553 [0.008334/24.114382] [ 150/0.009890]
  5   3 300, 0.010873 [0.004791/24.110280] [ 200/0.009890]
  5   3 350, 0.012457 [0.025161/24.106233] [ 250/0.009890]
Epoch 3 done. Evaluation:
(49942, 50000)
(7478, 10000)
  5   4  50, 0.009501 [0.008089/24.098844] [   0/0.009501]
  5   4 100, 0.010453 [0.015831/24.094780] [  50/0.009501]
  5   4 150, 0.009478 [0.006595/24.090720] [   0/0.009478]
  5   4 200, 0.009329 [0.005454/24.086709] [   0/0.009329]
  5   4 250, 0.008402 [0.018633/24.082677] [   0/0.008402]
  5   4 300, 0.010327 [0.005459/24.078772] [  50/0.008402]
  5   4 350, 0.008470 [0.018327/24.074822] [ 100/0.008402]
Epoch 4 done. Evaluation:
(49953, 50000)
(7520, 10000)
  5   5  50, 0.006850 [0.002160/24.067639] [   0/0.006850]
  5   5 100, 0.006134 [0.002383/24.063604] [   0/0.006134]
  5   5 150, 0.007987 [0.017634/24.059669] [  50/0.006134]
  5   5 200, 0.008928 [0.014182/24.055826] [ 100/0.006134]
  5   5 250, 0.008764 [0.028422/24.052014] [ 150/0.006134]
  5   5 300, 0.006038 [0.004873/24.048073] [   0/0.006038]
  5   5 350, 0.009193 [0.014227/24.044338] [  50/0.006038]
Epoch 5 done. Evaluation:
(49964, 50000)
(7554, 10000)
  5   6  50, 0.005153 [0.009204/24.037293] [   0/0.005153]
  5   6 100, 0.006066 [0.019354/24.033458] [  50/0.005153]
  5   6 150, 0.005981 [0.005939/24.029632] [ 100/0.005153]
  5   6 200, 0.005619 [0.009063/24.025808] [ 150/0.005153]
  5   6 250, 0.005796 [0.004194/24.022018] [ 200/0.005153]
  5   6 300, 0.006544 [0.002554/24.018273] [ 250/0.005153]
  5   6 350, 0.006011 [0.005619/24.014549] [ 300/0.005153]
Epoch 6 done. Evaluation:
(49984, 50000)
(7569, 10000)
  5   7  50, 0.004709 [0.003160/24.007689] [   0/0.004709]
  5   7 100, 0.005985 [0.002616/24.004058] [  50/0.004709]
  5   7 150, 0.004428 [0.003634/24.000321] [   0/0.004428]
  5   7 200, 0.004198 [0.002675/23.996600] [   0/0.004198]
  5   7 250, 0.005339 [0.004471/23.992959] [  50/0.004198]
  5   7 300, 0.005733 [0.013629/23.989374] [ 100/0.004198]
  5   7 350, 0.004940 [0.005203/23.985756] [ 150/0.004198]
Epoch 7 done. Evaluation:
(49983, 50000)
(7543, 10000)
  5   8  50, 0.003719 [0.002537/23.979204] [   0/0.003719]
  5   8 100, 0.003709 [0.004601/23.975587] [   0/0.003709]
  5   8 150, 0.004215 [0.003698/23.972025] [  50/0.003709]
  5   8 200, 0.003685 [0.003085/23.968436] [   0/0.003685]
  5   8 250, 0.003605 [0.011419/23.964872] [   0/0.003605]
  5   8 300, 0.008392 [0.017194/23.961708] [  50/0.003605]
  5   8 350, 0.009568 [0.009954/23.958634] [ 100/0.003605]
Epoch 8 done. Evaluation:
(49976, 50000)
(7499, 10000)
  5   9  50, 0.004288 [0.006585/23.952478] [ 191/0.003605]
  5   9 100, 0.003588 [0.002714/23.948994] [   0/0.003588]
  5   9 150, 0.004128 [0.014239/23.945572] [  50/0.003588]
  5   9 200, 0.003597 [0.003815/23.942105] [ 100/0.003588]
  5   9 250, 0.003452 [0.001468/23.938670] [   0/0.003452]
  5   9 300, 0.003767 [0.006123/23.935293] [  50/0.003452]
  5   9 350, 0.003951 [0.011892/23.931960] [ 100/0.003452]
Epoch 9 done. Evaluation:
(49996, 50000)
(7554, 10000)
  5  10  50, 0.011294 [0.031437/23.926584] [ 191/0.003452]
  5  10 100, 0.008366 [0.005896/23.923602] [ 241/0.003452]
  5  10 150, 0.008738 [0.056676/23.920604] [ 291/0.003452]
  5  10 200, 0.020076 [0.006267/23.918414] [ 341/0.003452]
  5  10 250, 0.021701 [0.024102/23.916342] [ 391/0.003452]
  5  10 300, 0.011007 [0.004623/23.913402] [ 441/0.003452]
  5  10 350, 0.013557 [0.012235/23.910812] [ 491/0.003452]
Epoch 10 done. Evaluation:
(49879, 50000)
(7414, 10000)
  5  11  50, 0.008059 [0.019381/23.905322] [ 582/0.003452]
  5  11 100, 0.012517 [0.014961/23.902726] [ 632/0.003452]
  5  11 150, 0.008245 [0.010762/23.899757] [ 682/0.003452]
  5  11 200, 0.009810 [0.025064/23.896994] [ 732/0.003452]
  5  11 250, 0.007331 [0.012403/23.894035] [ 782/0.003452]
  5  11 300, 0.009443 [0.044778/23.891234] [ 832/0.003452]
  5  11 350, 0.009881 [0.016301/23.888423] [ 882/0.003452]
Epoch 11 done. Evaluation:
(49943, 50000)
(7487, 10000)
  5  12  50, 0.006953 [0.018908/23.883348] [ 973/0.003452]
  5  12 100, 0.006875 [0.006372/23.880348] [1023/0.003452]
  5  12 150, 0.006714 [0.004985/23.877371] [1073/0.003452]
  5  12 200, 0.009346 [0.031700/23.874656] [1123/0.003452]
  5  12 250, 0.010933 [0.012357/23.872070] [1173/0.003452]
  5  12 300, 0.013028 [0.006295/23.869712] [1223/0.003452]
  5  12 350, 0.008852 [0.022259/23.866979] [1273/0.003452]
Epoch 12 done. Evaluation:
(49942, 50000)
(7251, 10000)
  5  13  50, 0.008451 [0.019132/23.862182] [1364/0.003452]
  5  13 100, 0.007533 [0.018111/23.859457] [1414/0.003452]
  5  13 150, 0.007212 [0.009540/23.856684] [1464/0.003452]
  5  13 200, 0.010493 [0.036266/23.854344] [1514/0.003452]
  5  13 250, 0.009227 [0.004131/23.851653] [1564/0.003452]
  5  13 300, 0.009210 [0.005166/23.849089] [1614/0.003452]
  5  13 350, 0.011284 [0.052462/23.846682] [1664/0.003452]
Epoch 13 done. Evaluation:
(49908, 50000)
(7259, 10000)
  5  14  50, 0.047825 [0.055328/23.846017] [1755/0.003452]
  5  14 100, 0.066006 [0.045630/23.847309] [1805/0.003452]
  5  14 150, 0.116978 [0.072547/23.851169] [1855/0.003452]
  5  14 200, 0.117375 [0.072425/23.853939] [1905/0.003452]
  5  14 250, 0.129386 [0.072149/23.857277] [1955/0.003452]
  5  14 300, 0.147950 [0.084061/23.861015] [2005/0.003452]
  5  14 350, 0.118792 [0.051758/23.863226] [2055/0.003452]
Epoch 14 done. Evaluation:
(48276, 50000)
(7131, 10000)
  5  15  50, 0.078499 [0.061156/23.864040] [2146/0.003452]
  5  15 100, 0.077075 [0.042467/23.864303] [2196/0.003452]
  5  15 150, 0.068809 [0.042976/23.864330] [2246/0.003452]
  5  15 200, 0.061760 [0.041846/23.863786] [2296/0.003452]
  5  15 250, 0.059555 [0.049794/23.863095] [2346/0.003452]
  5  15 300, 0.069653 [0.041675/23.863002] [2396/0.003452]
  5  15 350, 0.061687 [0.045350/23.862803] [2446/0.003452]
Epoch 15 done. Evaluation:
(48877, 50000)
(6981, 10000)
  5  16  50, 0.055550 [0.037071/23.862305] [2537/0.003452]
  5  16 100, 0.051659 [0.040184/23.861506] [2587/0.003452]
  5  16 150, 0.050724 [0.025352/23.860645] [2637/0.003452]
  5  16 200, 0.062901 [0.027985/23.860363] [2687/0.003452]
  5  16 250, 0.064208 [0.063000/23.860232] [2737/0.003452]
  5  16 300, 0.067027 [0.034074/23.860104] [2787/0.003452]
  5  16 350, 0.064231 [0.042413/23.859795] [2837/0.003452]
Epoch 16 done. Evaluation:
(49059, 50000)
(7250, 10000)
  5  17  50, 0.052249 [0.036976/23.858922] [2928/0.003452]
  5  17 100, 0.053399 [0.025654/23.858005] [2978/0.003452]
  5  17 150, 0.040847 [0.037503/23.856571] [3028/0.003452]
  5  17 200, 0.046238 [0.012653/23.855428] [3078/0.003452]
  5  17 250, 0.042564 [0.028711/23.854091] [3128/0.003452]
  5  17 300, 0.048027 [0.041416/23.853153] [3178/0.003452]
  5  17 350, 0.064169 [0.083650/23.853145] [3228/0.003452]
Epoch 17 done. Evaluation:
(49220, 50000)
(6864, 10000)
  5  18  50, 0.048028 [0.053193/23.851865] [3319/0.003452]
  5  18 100, 0.046608 [0.039093/23.850650] [3369/0.003452]
  5  18 150, 0.038634 [0.037376/23.849043] [3419/0.003452]
  5  18 200, 0.045212 [0.034786/23.847577] [3469/0.003452]
  5  18 250, 0.054843 [0.023383/23.846816] [3519/0.003452]
  5  18 300, 0.036713 [0.024889/23.845328] [3569/0.003452]
  5  18 350, 0.033275 [0.030376/23.843662] [3619/0.003452]
Epoch 18 done. Evaluation:
(49393, 50000)
(7331, 10000)
  5  19  50, 0.026589 [0.030356/23.840421] [3710/0.003452]
  5  19 100, 0.029883 [0.023339/23.838448] [3760/0.003452]
  5  19 150, 0.035788 [0.027766/23.836959] [3810/0.003452]
  5  19 200, 0.035281 [0.041995/23.835422] [3860/0.003452]
  5  19 250, 0.039947 [0.050113/23.834185] [3910/0.003452]
  5  19 300, 0.044190 [0.068644/23.833111] [3960/0.003452]
  5  19 350, 0.049115 [0.067305/23.832371] [4010/0.003452]
Epoch 19 done. Evaluation:
(49472, 50000)
(7173, 10000)
  6   0  50, 0.026582 [0.003965/23.830614] [4101/0.003452]
  6   0 100, 0.019244 [0.010035/23.829215] [4151/0.003452]
  6   0 150, 0.017035 [0.009937/23.827824] [4201/0.003452]
  6   0 200, 0.014826 [0.005023/23.826383] [4251/0.003452]
  6   0 250, 0.014511 [0.017931/23.824932] [4301/0.003452]
  6   0 300, 0.013242 [0.005516/23.823504] [4351/0.003452]
  6   0 350, 0.014840 [0.023099/23.822092] [4401/0.003452]
Epoch 0 done. Evaluation:
(49840, 50000)
(7542, 10000)
  6   1  50, 0.008111 [0.005903/23.819355] [4492/0.003452]
  6   1 100, 0.008966 [0.002290/23.817859] [4542/0.003452]
  6   1 150, 0.007716 [0.002293/23.816347] [4592/0.003452]
  6   1 200, 0.006753 [0.002757/23.814804] [4642/0.003452]
  6   1 250, 0.006232 [0.001528/23.813256] [4692/0.003452]
  6   1 300, 0.007160 [0.003168/23.811721] [4742/0.003452]
  6   1 350, 0.007165 [0.012312/23.810228] [4792/0.003452]
Epoch 1 done. Evaluation:
(49962, 50000)
(7560, 10000)
  6   2  50, 0.005489 [0.001009/23.807453] [4883/0.003452]
  6   2 100, 0.005154 [0.007016/23.805911] [4933/0.003452]
  6   2 150, 0.005083 [0.001003/23.804383] [4983/0.003452]
  6   2 200, 0.005776 [0.002913/23.802853] [5033/0.003452]
  6   2 250, 0.005238 [0.002012/23.801338] [5083/0.003452]
  6   2 300, 0.005680 [0.002899/23.799825] [5133/0.003452]
  6   2 350, 0.004893 [0.002839/23.798288] [5183/0.003452]
Epoch 2 done. Evaluation:
(49986, 50000)
(7571, 10000)
  6   3  50, 0.004274 [0.001750/23.795559] [5274/0.003452]
  6   3 100, 0.003781 [0.009424/23.794016] [5324/0.003452]
  6   3 150, 0.003461 [0.006130/23.792470] [5374/0.003452]
  6   3 200, 0.004135 [0.001498/23.790975] [5424/0.003452]
  6   3 250, 0.004028 [0.001011/23.789474] [5474/0.003452]
  6   3 300, 0.005211 [0.002345/23.788003] [5524/0.003452]
  6   3 350, 0.004576 [0.001791/23.786519] [5574/0.003452]
Epoch 3 done. Evaluation:
(49991, 50000)
(7605, 10000)
  6   4  50, 0.003375 [0.006551/23.783805] [   0/0.003375]
  6   4 100, 0.003285 [0.001183/23.782294] [   0/0.003285]
  6   4 150, 0.002983 [0.001691/23.780782] [   0/0.002983]
  6   4 200, 0.003302 [0.001987/23.779293] [  50/0.002983]
  6   4 250, 0.003156 [0.004976/23.777812] [ 100/0.002983]
  6   4 300, 0.003306 [0.001325/23.776325] [ 150/0.002983]
  6   4 350, 0.003642 [0.000739/23.774860] [ 200/0.002983]
Epoch 4 done. Evaluation:
(49997, 50000)
(7615, 10000)
  6   5  50, 0.002687 [0.001814/23.772160] [   0/0.002687]
  6   5 100, 0.002994 [0.007896/23.770687] [  50/0.002687]
  6   5 150, 0.002828 [0.001185/23.769224] [ 100/0.002687]
  6   5 200, 0.002697 [0.000852/23.767771] [ 150/0.002687]
  6   5 250, 0.002865 [0.000886/23.766300] [ 200/0.002687]
  6   5 300, 0.003111 [0.001800/23.764855] [ 250/0.002687]
  6   5 350, 0.002767 [0.001802/23.763415] [ 300/0.002687]
Epoch 5 done. Evaluation:
(49999, 50000)
(7576, 10000)
  6   6  50, 0.002349 [0.001493/23.760767] [   0/0.002349]
  6   6 100, 0.002433 [0.002675/23.759311] [  50/0.002349]
  6   6 150, 0.002446 [0.005528/23.757860] [ 100/0.002349]
  6   6 200, 0.002401 [0.001470/23.756427] [ 150/0.002349]
  6   6 250, 0.002399 [0.000816/23.754990] [ 200/0.002349]
  6   6 300, 0.002733 [0.001827/23.753575] [ 250/0.002349]
  6   6 350, 0.002538 [0.001030/23.752170] [ 300/0.002349]
Epoch 6 done. Evaluation:
(50000, 50000)
(7595, 10000)
  6   7  50, 0.002436 [0.000634/23.749599] [ 391/0.002349]
  6   7 100, 0.002139 [0.000819/23.748178] [   0/0.002139]
  6   7 150, 0.002113 [0.000913/23.746755] [   0/0.002113]
  6   7 200, 0.002316 [0.007560/23.745338] [  50/0.002113]
  6   7 250, 0.002235 [0.001983/23.743927] [ 100/0.002113]
  6   7 300, 0.002501 [0.012273/23.742555] [ 150/0.002113]
  6   7 350, 0.002122 [0.001179/23.741161] [ 200/0.002113]
Epoch 7 done. Evaluation:
(49999, 50000)
(7604, 10000)
  6   8  50, 0.002343 [0.002868/23.738629] [ 291/0.002113]
  6   8 100, 0.002050 [0.000930/23.737245] [   0/0.002050]
  6   8 150, 0.002108 [0.000943/23.735867] [  50/0.002050]
  6   8 200, 0.002387 [0.001318/23.734499] [ 100/0.002050]
  6   8 250, 0.001957 [0.000581/23.733109] [   0/0.001957]
  6   8 300, 0.002101 [0.000611/23.731725] [  50/0.001957]
  6   8 350, 0.002044 [0.003400/23.730355] [ 100/0.001957]
Epoch 8 done. Evaluation:
(50000, 50000)
(7609, 10000)
  6   9  50, 0.001966 [0.000823/23.727863] [ 191/0.001957]
  6   9 100, 0.002227 [0.001997/23.726501] [ 241/0.001957]
  6   9 150, 0.002089 [0.000912/23.725132] [ 291/0.001957]
  6   9 200, 0.002027 [0.002531/23.723788] [ 341/0.001957]
  6   9 250, 0.002178 [0.002154/23.722444] [ 391/0.001957]
  6   9 300, 0.001875 [0.000834/23.721082] [   0/0.001875]
  6   9 350, 0.002047 [0.001650/23.719732] [  50/0.001875]
Epoch 9 done. Evaluation:
(50000, 50000)
(7591, 10000)
  6  10  50, 0.001812 [0.001143/23.717277] [   0/0.001812]
  6  10 100, 0.002160 [0.001086/23.715954] [  50/0.001812]
  6  10 150, 0.001728 [0.000967/23.714599] [   0/0.001728]
  6  10 200, 0.001882 [0.001174/23.713269] [  50/0.001728]
  6  10 250, 0.001942 [0.000688/23.711948] [ 100/0.001728]
  6  10 300, 0.002145 [0.001068/23.710621] [ 150/0.001728]
  6  10 350, 0.001899 [0.000502/23.709286] [ 200/0.001728]
Epoch 10 done. Evaluation:
(50000, 50000)
(7614, 10000)
  6  11  50, 0.001789 [0.000674/23.706894] [ 291/0.001728]
  6  11 100, 0.002441 [0.000810/23.705633] [ 341/0.001728]
  6  11 150, 0.001889 [0.004224/23.704312] [ 391/0.001728]
  6  11 200, 0.001987 [0.000629/23.703005] [ 441/0.001728]
  6  11 250, 0.001833 [0.001934/23.701703] [ 491/0.001728]
  6  11 300, 0.001845 [0.002277/23.700393] [ 541/0.001728]
  6  11 350, 0.001903 [0.001309/23.699099] [ 591/0.001728]
Epoch 11 done. Evaluation:
(49999, 50000)
(7614, 10000)
  6  12  50, 0.001702 [0.000813/23.696729] [   0/0.001702]
  6  12 100, 0.001760 [0.000748/23.695423] [  50/0.001702]
  6  12 150, 0.001865 [0.003974/23.694150] [ 100/0.001702]
  6  12 200, 0.001727 [0.004411/23.692856] [ 150/0.001702]
  6  12 250, 0.001678 [0.000926/23.691555] [   0/0.001678]
  6  12 300, 0.001690 [0.000541/23.690265] [  50/0.001678]
  6  12 350, 0.001877 [0.001169/23.688996] [ 100/0.001678]
Epoch 12 done. Evaluation:
(49999, 50000)
(7593, 10000)
  6  13  50, 0.001704 [0.000569/23.686667] [ 191/0.001678]
  6  13 100, 0.001671 [0.001375/23.685405] [   0/0.001671]
  6  13 150, 0.001603 [0.000585/23.684122] [   0/0.001603]
  6  13 200, 0.001947 [0.001181/23.682849] [  50/0.001603]
  6  13 250, 0.001604 [0.002124/23.681592] [ 100/0.001603]
  6  13 300, 0.001676 [0.001937/23.680327] [ 150/0.001603]
  6  13 350, 0.001935 [0.001080/23.679094] [ 200/0.001603]
Epoch 13 done. Evaluation:
(50000, 50000)
(7595, 10000)
  6  14  50, 0.001672 [0.000728/23.676802] [ 291/0.001603]
  6  14 100, 0.001734 [0.000756/23.675556] [ 341/0.001603]
  6  14 150, 0.001484 [0.000525/23.674293] [   0/0.001484]
  6  14 200, 0.001578 [0.001107/23.673049] [  50/0.001484]
  6  14 250, 0.001674 [0.001001/23.671805] [ 100/0.001484]
  6  14 300, 0.001671 [0.001120/23.670567] [ 150/0.001484]
  6  14 350, 0.001728 [0.000702/23.669320] [ 200/0.001484]
Epoch 14 done. Evaluation:
(49996, 50000)
(7521, 10000)
  6  15  50, 0.002268 [0.000921/23.667209] [ 291/0.001484]
  6  15 100, 0.001617 [0.001133/23.665960] [ 341/0.001484]
  6  15 150, 0.001770 [0.001415/23.664733] [ 391/0.001484]
  6  15 200, 0.001843 [0.000940/23.663527] [ 441/0.001484]
  6  15 250, 0.001686 [0.000587/23.662288] [ 491/0.001484]
  6  15 300, 0.001676 [0.004053/23.661043] [ 541/0.001484]
  6  15 350, 0.001594 [0.002061/23.659829] [ 591/0.001484]
Epoch 15 done. Evaluation:
(49999, 50000)
(7593, 10000)
  6  16  50, 0.001543 [0.000719/23.657590] [ 682/0.001484]
  6  16 100, 0.001700 [0.000911/23.656385] [ 732/0.001484]
  6  16 150, 0.001540 [0.000890/23.655184] [ 782/0.001484]
  6  16 200, 0.001508 [0.000367/23.653959] [ 832/0.001484]
  6  16 250, 0.001623 [0.001198/23.652743] [ 882/0.001484]
  6  16 300, 0.001902 [0.001252/23.651578] [ 932/0.001484]
  6  16 350, 0.001591 [0.000514/23.650363] [ 982/0.001484]
Epoch 16 done. Evaluation:
(50000, 50000)
(7628, 10000)
  6  17  50, 0.001549 [0.000522/23.648179] [1073/0.001484]
  6  17 100, 0.001604 [0.000940/23.646982] [1123/0.001484]
  6  17 150, 0.001595 [0.010596/23.645776] [1173/0.001484]
  6  17 200, 0.001604 [0.001297/23.644582] [1223/0.001484]
  6  17 250, 0.001582 [0.001056/23.643402] [1273/0.001484]
  6  17 300, 0.001696 [0.000532/23.642220] [1323/0.001484]
  6  17 350, 0.001620 [0.000724/23.641044] [1373/0.001484]
Epoch 17 done. Evaluation:
(50000, 50000)
(7608, 10000)
  6  18  50, 0.001590 [0.000759/23.638905] [1464/0.001484]
  6  18 100, 0.001336 [0.000509/23.637702] [   0/0.001336]
  6  18 150, 0.001499 [0.001370/23.636534] [  50/0.001336]
  6  18 200, 0.001661 [0.000876/23.635378] [ 100/0.001336]
  6  18 250, 0.001538 [0.000822/23.634195] [ 150/0.001336]
  6  18 300, 0.001664 [0.000863/23.633031] [ 200/0.001336]
  6  18 350, 0.001578 [0.000896/23.631868] [ 250/0.001336]
Epoch 18 done. Evaluation:
(50000, 50000)
(7617, 10000)
  6  19  50, 0.001554 [0.000502/23.629764] [ 341/0.001336]
  6  19 100, 0.001559 [0.001232/23.628607] [ 391/0.001336]
  6  19 150, 0.001419 [0.000708/23.627442] [ 441/0.001336]
  6  19 200, 0.001591 [0.000789/23.626279] [ 491/0.001336]
  6  19 250, 0.001435 [0.000921/23.625119] [ 541/0.001336]
  6  19 300, 0.001607 [0.000828/23.623966] [ 591/0.001336]
  6  19 350, 0.001690 [0.000800/23.622840] [ 641/0.001336]
Epoch 19 done. Evaluation:
(50000, 50000)
(7627, 10000)
  7   0  50, 0.001613 [0.000921/23.621347] [ 732/0.001336]
  7   0 100, 0.001384 [0.000409/23.620773] [ 782/0.001336]
  7   0 150, 0.001455 [0.000296/23.620192] [ 832/0.001336]
  7   0 200, 0.001551 [0.000354/23.619620] [ 882/0.001336]
  7   0 250, 0.001551 [0.000820/23.619044] [ 932/0.001336]
  7   0 300, 0.001390 [0.000304/23.618473] [ 982/0.001336]
  7   0 350, 0.001499 [0.000368/23.617914] [1032/0.001336]
Epoch 0 done. Evaluation:
(50000, 50000)
(7645, 10000)
  7   1  50, 0.001336 [0.000250/23.616865] [   0/0.001336]
  7   1 100, 0.001322 [0.000422/23.616289] [   0/0.001322]
  7   1 150, 0.001441 [0.000587/23.615720] [  50/0.001322]
  7   1 200, 0.001441 [0.001387/23.615155] [ 100/0.001322]
  7   1 250, 0.001450 [0.000290/23.614583] [ 150/0.001322]
  7   1 300, 0.001517 [0.000701/23.614026] [ 200/0.001322]
  7   1 350, 0.001509 [0.000207/23.613468] [ 250/0.001322]
Epoch 1 done. Evaluation:
(50000, 50000)
(7631, 10000)
  7   2  50, 0.001313 [0.000406/23.612436] [   0/0.001313]
  7   2 100, 0.001444 [0.000546/23.611872] [  50/0.001313]
  7   2 150, 0.001642 [0.000300/23.611302] [ 100/0.001313]
  7   2 200, 0.001444 [0.000699/23.610738] [ 150/0.001313]
  7   2 250, 0.001498 [0.000322/23.610185] [ 200/0.001313]
  7   2 300, 0.001501 [0.000777/23.609622] [ 250/0.001313]
  7   2 350, 0.001394 [0.000316/23.609051] [ 300/0.001313]
Epoch 2 done. Evaluation:
(50000, 50000)
(7613, 10000)
  7   3  50, 0.001406 [0.000361/23.608037] [ 391/0.001313]
  7   3 100, 0.001338 [0.001199/23.607479] [ 441/0.001313]
  7   3 150, 0.001431 [0.000415/23.606924] [ 491/0.001313]
  7   3 200, 0.001425 [0.000401/23.606370] [ 541/0.001313]
  7   3 250, 0.001423 [0.000183/23.605807] [ 591/0.001313]
  7   3 300, 0.001459 [0.000664/23.605246] [ 641/0.001313]
  7   3 350, 0.001460 [0.000362/23.604685] [ 691/0.001313]
Epoch 3 done. Evaluation:
(50000, 50000)
(7616, 10000)
  7   4  50, 0.001344 [0.000486/23.603668] [ 782/0.001313]
  7   4 100, 0.001325 [0.001110/23.603105] [ 832/0.001313]
  7   4 150, 0.001339 [0.000419/23.602539] [ 882/0.001313]
  7   4 200, 0.001395 [0.000421/23.601992] [ 932/0.001313]
  7   4 250, 0.001401 [0.000329/23.601437] [ 982/0.001313]
  7   4 300, 0.001287 [0.000394/23.600874] [   0/0.001287]
  7   4 350, 0.001375 [0.001057/23.600326] [  50/0.001287]
Epoch 4 done. Evaluation:
(50000, 50000)
(7640, 10000)
  7   5  50, 0.001319 [0.000445/23.599313] [ 141/0.001287]
  7   5 100, 0.001366 [0.000589/23.598756] [ 191/0.001287]
  7   5 150, 0.001402 [0.000706/23.598205] [ 241/0.001287]
  7   5 200, 0.001276 [0.000223/23.597649] [   0/0.001276]
  7   5 250, 0.001452 [0.000505/23.597105] [  50/0.001276]
  7   5 300, 0.001413 [0.000714/23.596556] [ 100/0.001276]
  7   5 350, 0.001456 [0.000682/23.596003] [ 150/0.001276]
Epoch 5 done. Evaluation:
(50000, 50000)
(7655, 10000)
  7   6  50, 0.001435 [0.000408/23.595003] [ 241/0.001276]
  7   6 100, 0.001405 [0.000409/23.594461] [ 291/0.001276]
  7   6 150, 0.001387 [0.000275/23.593905] [ 341/0.001276]
  7   6 200, 0.001355 [0.000365/23.593353] [ 391/0.001276]
  7   6 250, 0.001264 [0.000435/23.592805] [   0/0.001264]
  7   6 300, 0.001383 [0.000350/23.592262] [  50/0.001264]
  7   6 350, 0.001314 [0.000341/23.591712] [ 100/0.001264]
Epoch 6 done. Evaluation:
(50000, 50000)
(7635, 10000)
  7   7  50, 0.001245 [0.000312/23.590715] [   0/0.001245]
  7   7 100, 0.001510 [0.000573/23.590179] [  50/0.001245]
  7   7 150, 0.001383 [0.000671/23.589640] [ 100/0.001245]
  7   7 200, 0.001428 [0.000423/23.589098] [ 150/0.001245]
  7   7 250, 0.001396 [0.000319/23.588556] [ 200/0.001245]
  7   7 300, 0.001426 [0.000855/23.588015] [ 250/0.001245]
  7   7 350, 0.001322 [0.000570/23.587465] [ 300/0.001245]
Epoch 7 done. Evaluation:
(50000, 50000)
(7639, 10000)
  7   8  50, 0.001392 [0.001285/23.586491] [ 391/0.001245]
  7   8 100, 0.001338 [0.000390/23.585944] [ 441/0.001245]
  7   8 150, 0.001511 [0.000596/23.585404] [ 491/0.001245]
  7   8 200, 0.001421 [0.000453/23.584863] [ 541/0.001245]
  7   8 250, 0.001504 [0.000481/23.584334] [ 591/0.001245]
  7   8 300, 0.001350 [0.000332/23.583788] [ 641/0.001245]
  7   8 350, 0.001369 [0.000473/23.583245] [ 691/0.001245]
Epoch 8 done. Evaluation:
(50000, 50000)
(7639, 10000)
  7   9  50, 0.001259 [0.000335/23.582268] [ 782/0.001245]
  7   9 100, 0.001199 [0.000286/23.581726] [   0/0.001199]
  7   9 150, 0.001482 [0.000815/23.581197] [  50/0.001199]
  7   9 200, 0.001378 [0.000512/23.580665] [ 100/0.001199]
  7   9 250, 0.001241 [0.000322/23.580121] [ 150/0.001199]
  7   9 300, 0.001298 [0.000292/23.579585] [ 200/0.001199]
  7   9 350, 0.001270 [0.000598/23.579039] [ 250/0.001199]
Epoch 9 done. Evaluation:
(50000, 50000)
(7618, 10000)
  7  10  50, 0.001201 [0.000405/23.578072] [ 341/0.001199]
  7  10 100, 0.001186 [0.000242/23.577528] [   0/0.001186]
  7  10 150, 0.001285 [0.000624/23.576989] [  50/0.001186]
  7  10 200, 0.001335 [0.000871/23.576460] [ 100/0.001186]
  7  10 250, 0.001568 [0.000918/23.575938] [ 150/0.001186]
  7  10 300, 0.001293 [0.000472/23.575410] [ 200/0.001186]
  7  10 350, 0.001187 [0.000347/23.574868] [ 250/0.001186]
Epoch 10 done. Evaluation:
(50000, 50000)
(7583, 10000)
  7  11  50, 0.001538 [0.000471/23.573925] [ 341/0.001186]
  7  11 100, 0.001281 [0.000281/23.573389] [ 391/0.001186]
  7  11 150, 0.001597 [0.000548/23.572878] [ 441/0.001186]
  7  11 200, 0.001287 [0.000358/23.572344] [ 491/0.001186]
  7  11 250, 0.001301 [0.000292/23.571813] [ 541/0.001186]
  7  11 300, 0.001357 [0.000625/23.571283] [ 591/0.001186]
  7  11 350, 0.001351 [0.000355/23.570749] [ 641/0.001186]
Epoch 11 done. Evaluation:
(50000, 50000)
(7607, 10000)
  7  12  50, 0.001385 [0.000335/23.569805] [ 732/0.001186]
  7  12 100, 0.001405 [0.000457/23.569282] [ 782/0.001186]
  7  12 150, 0.001255 [0.001216/23.568749] [ 832/0.001186]
  7  12 200, 0.001156 [0.000327/23.568215] [   0/0.001156]
  7  12 250, 0.001438 [0.000868/23.567697] [  50/0.001156]
  7  12 300, 0.001275 [0.000368/23.567167] [ 100/0.001156]
  7  12 350, 0.001339 [0.001885/23.566651] [ 150/0.001156]
Epoch 12 done. Evaluation:
(50000, 50000)
(7599, 10000)
  7  13  50, 0.001481 [0.000502/23.565703] [ 241/0.001156]
  7  13 100, 0.001368 [0.000513/23.565181] [ 291/0.001156]
  7  13 150, 0.001303 [0.000554/23.564653] [ 341/0.001156]
  7  13 200, 0.001225 [0.000426/23.564128] [ 391/0.001156]
  7  13 250, 0.001160 [0.000271/23.563595] [ 441/0.001156]
  7  13 300, 0.001338 [0.000669/23.563071] [ 491/0.001156]
  7  13 350, 0.001293 [0.000603/23.562547] [ 541/0.001156]
Epoch 13 done. Evaluation:
(50000, 50000)
(7630, 10000)
  7  14  50, 0.001270 [0.000447/23.561614] [ 632/0.001156]
  7  14 100, 0.001316 [0.000482/23.561098] [ 682/0.001156]
  7  14 150, 0.001322 [0.000307/23.560571] [ 732/0.001156]
  7  14 200, 0.001583 [0.000272/23.560068] [ 782/0.001156]
  7  14 250, 0.001306 [0.000671/23.559545] [ 832/0.001156]
  7  14 300, 0.001479 [0.000214/23.559041] [ 882/0.001156]
  7  14 350, 0.001236 [0.000482/23.558525] [ 932/0.001156]
Epoch 14 done. Evaluation:
(50000, 50000)
(7629, 10000)
  7  15  50, 0.001423 [0.000440/23.557589] [1023/0.001156]
  7  15 100, 0.001292 [0.000317/23.557062] [1073/0.001156]
  7  15 150, 0.001278 [0.000466/23.556541] [1123/0.001156]
  7  15 200, 0.001434 [0.000451/23.556032] [1173/0.001156]
  7  15 250, 0.001409 [0.000387/23.555509] [1223/0.001156]
  7  15 300, 0.001455 [0.000296/23.554999] [1273/0.001156]
  7  15 350, 0.001376 [0.000397/23.554498] [1323/0.001156]
Epoch 15 done. Evaluation:
(50000, 50000)
(7626, 10000)
  7  16  50, 0.001224 [0.000312/23.553551] [1414/0.001156]
  7  16 100, 0.001311 [0.000250/23.553041] [1464/0.001156]
  7  16 150, 0.001359 [0.000386/23.552533] [1514/0.001156]
  7  16 200, 0.001383 [0.000477/23.552023] [1564/0.001156]
  7  16 250, 0.001382 [0.000448/23.551516] [1614/0.001156]
  7  16 300, 0.001313 [0.000768/23.551004] [1664/0.001156]
  7  16 350, 0.001171 [0.000295/23.550491] [1714/0.001156]
Epoch 16 done. Evaluation:
(50000, 50000)
(7608, 10000)
  7  17  50, 0.001172 [0.000280/23.549567] [1805/0.001156]
  7  17 100, 0.001202 [0.000538/23.549043] [1855/0.001156]
  7  17 150, 0.001355 [0.000382/23.548534] [1905/0.001156]
  7  17 200, 0.001300 [0.000317/23.548031] [1955/0.001156]
  7  17 250, 0.001237 [0.000471/23.547518] [2005/0.001156]
  7  17 300, 0.001471 [0.000412/23.547022] [2055/0.001156]
  7  17 350, 0.001396 [0.000426/23.546514] [2105/0.001156]
Epoch 17 done. Evaluation:
(50000, 50000)
(7629, 10000)
  7  18  50, 0.001246 [0.000381/23.545592] [2196/0.001156]
  7  18 100, 0.001239 [0.000303/23.545076] [2246/0.001156]
  7  18 150, 0.001421 [0.000467/23.544583] [2296/0.001156]
  7  18 200, 0.001252 [0.000350/23.544076] [2346/0.001156]
  7  18 250, 0.001266 [0.000351/23.543572] [2396/0.001156]
  7  18 300, 0.001264 [0.000472/23.543062] [2446/0.001156]
  7  18 350, 0.001325 [0.000313/23.542562] [2496/0.001156]
Epoch 18 done. Evaluation:
(50000, 50000)
(7603, 10000)
  7  19  50, 0.001443 [0.000413/23.541652] [2587/0.001156]
  7  19 100, 0.001270 [0.000420/23.541147] [2637/0.001156]
  7  19 150, 0.002140 [0.000746/23.540687] [2687/0.001156]
  7  19 200, 0.001765 [0.000309/23.540198] [2737/0.001156]
  7  19 250, 0.001434 [0.000389/23.539701] [2787/0.001156]
  7  19 300, 0.001258 [0.000324/23.539195] [2837/0.001156]
  7  19 350, 0.001429 [0.000977/23.538699] [2887/0.001156]
Epoch 19 done. Evaluation:
(49998, 50000)
(7655, 10000)
  8   0  50, 0.001227 [0.000263/23.538031] [2978/0.001156]
  8   0 100, 0.001298 [0.000177/23.537775] [3028/0.001156]
  8   0 150, 0.001241 [0.000577/23.537516] [3078/0.001156]
  8   0 200, 0.001216 [0.000164/23.537258] [3128/0.001156]
  8   0 250, 0.001272 [0.000263/23.537006] [3178/0.001156]
  8   0 300, 0.001215 [0.000142/23.536748] [3228/0.001156]
  8   0 350, 0.001269 [0.000154/23.536494] [3278/0.001156]
Epoch 0 done. Evaluation:
(50000, 50000)
(7630, 10000)
  8   1  50, 0.001262 [0.000265/23.536025] [3369/0.001156]
  8   1 100, 0.001271 [0.000146/23.535771] [3419/0.001156]
  8   1 150, 0.001234 [0.000262/23.535513] [3469/0.001156]
  8   1 200, 0.001334 [0.000564/23.535262] [3519/0.001156]
  8   1 250, 0.001327 [0.000182/23.535012] [3569/0.001156]
  8   1 300, 0.001264 [0.000192/23.534754] [3619/0.001156]
  8   1 350, 0.001324 [0.000218/23.534504] [3669/0.001156]
Epoch 1 done. Evaluation:
(50000, 50000)
(7637, 10000)
  8   2  50, 0.001232 [0.000542/23.534042] [3760/0.001156]
  8   2 100, 0.001265 [0.000244/23.533789] [3810/0.001156]
  8   2 150, 0.001260 [0.000169/23.533530] [3860/0.001156]
  8   2 200, 0.001193 [0.000259/23.533276] [3910/0.001156]
  8   2 250, 0.001244 [0.000135/23.533021] [3960/0.001156]
  8   2 300, 0.001223 [0.000774/23.532764] [4010/0.001156]
  8   2 350, 0.001341 [0.000765/23.532517] [4060/0.001156]
Epoch 2 done. Evaluation:
(50000, 50000)
(7631, 10000)
  8   3  50, 0.001305 [0.000679/23.532058] [4151/0.001156]
  8   3 100, 0.001341 [0.000244/23.531806] [4201/0.001156]
  8   3 150, 0.001182 [0.000205/23.531551] [4251/0.001156]
  8   3 200, 0.001317 [0.000545/23.531303] [4301/0.001156]
  8   3 250, 0.001286 [0.000310/23.531049] [4351/0.001156]
  8   3 300, 0.001351 [0.000188/23.530793] [4401/0.001156]
  8   3 350, 0.001254 [0.000280/23.530541] [4451/0.001156]
Epoch 3 done. Evaluation:
(50000, 50000)
(7633, 10000)
  8   4  50, 0.001267 [0.000169/23.530078] [4542/0.001156]
  8   4 100, 0.001170 [0.000229/23.529824] [4592/0.001156]
  8   4 150, 0.001277 [0.000162/23.529577] [4642/0.001156]
  8   4 200, 0.001340 [0.000140/23.529327] [4692/0.001156]
  8   4 250, 0.001257 [0.000280/23.529075] [4742/0.001156]
  8   4 300, 0.001276 [0.000710/23.528823] [4792/0.001156]
  8   4 350, 0.001221 [0.000231/23.528568] [4842/0.001156]
Epoch 4 done. Evaluation:
(50000, 50000)
(7622, 10000)
  8   5  50, 0.001270 [0.000272/23.528114] [4933/0.001156]
  8   5 100, 0.001264 [0.000241/23.527865] [4983/0.001156]
  8   5 150, 0.001185 [0.000234/23.527613] [5033/0.001156]
  8   5 200, 0.001222 [0.000148/23.527358] [5083/0.001156]
  8   5 250, 0.001262 [0.000168/23.527107] [5133/0.001156]
  8   5 300, 0.001202 [0.000198/23.526853] [5183/0.001156]
  8   5 350, 0.001189 [0.000267/23.526604] [5233/0.001156]
Epoch 5 done. Evaluation:
(50000, 50000)
(7640, 10000)
  8   6  50, 0.001235 [0.000180/23.526143] [5324/0.001156]
  8   6 100, 0.001323 [0.000273/23.525894] [5374/0.001156]
  8   6 150, 0.001277 [0.000393/23.525643] [5424/0.001156]
  8   6 200, 0.001378 [0.000304/23.525399] [5474/0.001156]
  8   6 250, 0.001275 [0.000188/23.525144] [5524/0.001156]
  8   6 300, 0.001316 [0.000138/23.524902] [5574/0.001156]
  8   6 350, 0.001263 [0.000254/23.524646] [5624/0.001156]
Epoch 6 done. Evaluation:
(50000, 50000)
(7618, 10000)
  8   7  50, 0.001334 [0.000171/23.524193] [5715/0.001156]
  8   7 100, 0.001394 [0.000198/23.523951] [5765/0.001156]
  8   7 150, 0.001205 [0.000203/23.523702] [5815/0.001156]
  8   7 200, 0.001280 [0.000296/23.523455] [5865/0.001156]
  8   7 250, 0.001390 [0.000179/23.523206] [5915/0.001156]
  8   7 300, 0.001256 [0.000247/23.522959] [5965/0.001156]
  8   7 350, 0.001171 [0.000162/23.522704] [6015/0.001156]
Epoch 7 done. Evaluation:
(50000, 50000)
(7633, 10000)
  8   8  50, 0.001248 [0.000471/23.522250] [6106/0.001156]
  8   8 100, 0.001227 [0.000278/23.522001] [6156/0.001156]
  8   8 150, 0.001220 [0.000135/23.521754] [6206/0.001156]
  8   8 200, 0.001246 [0.000197/23.521506] [6256/0.001156]
  8   8 250, 0.001179 [0.000281/23.521251] [6306/0.001156]
  8   8 300, 0.001235 [0.000198/23.521003] [6356/0.001156]
  8   8 350, 0.001263 [0.000278/23.520756] [6406/0.001156]
Epoch 8 done. Evaluation:
(50000, 50000)
(7621, 10000)
  8   9  50, 0.001233 [0.000332/23.520304] [6497/0.001156]
  8   9 100, 0.001084 [0.000172/23.520046] [   0/0.001084]
  8   9 150, 0.001397 [0.000548/23.519806] [  50/0.001084]
  8   9 200, 0.001326 [0.000205/23.519560] [ 100/0.001084]
  8   9 250, 0.001235 [0.000213/23.519315] [ 150/0.001084]
  8   9 300, 0.001323 [0.000243/23.519067] [ 200/0.001084]
  8   9 350, 0.001495 [0.002602/23.518830] [ 250/0.001084]
Epoch 9 done. Evaluation:
(50000, 50000)
(7602, 10000)
  8  10  50, 0.001348 [0.000306/23.518383] [ 341/0.001084]
  8  10 100, 0.001215 [0.000204/23.518129] [ 391/0.001084]
  8  10 150, 0.001261 [0.000210/23.517884] [ 441/0.001084]
  8  10 200, 0.001216 [0.001178/23.517629] [ 491/0.001084]
  8  10 250, 0.001272 [0.000220/23.517386] [ 541/0.001084]
  8  10 300, 0.001301 [0.000222/23.517142] [ 591/0.001084]
  8  10 350, 0.001317 [0.000242/23.516896] [ 641/0.001084]
Epoch 10 done. Evaluation:
(50000, 50000)
(7631, 10000)
  8  11  50, 0.001213 [0.000340/23.516445] [ 732/0.001084]
  8  11 100, 0.001450 [0.000259/23.516213] [ 782/0.001084]
  8  11 150, 0.001177 [0.000284/23.515964] [ 832/0.001084]
  8  11 200, 0.001223 [0.000195/23.515713] [ 882/0.001084]
  8  11 250, 0.001266 [0.000209/23.515467] [ 932/0.001084]
  8  11 300, 0.001269 [0.000135/23.515221] [ 982/0.001084]
  8  11 350, 0.001291 [0.000235/23.514977] [1032/0.001084]
Epoch 11 done. Evaluation:
(50000, 50000)
(7623, 10000)
  8  12  50, 0.001224 [0.000258/23.514531] [1123/0.001084]
  8  12 100, 0.001292 [0.000132/23.514288] [1173/0.001084]
  8  12 150, 0.001244 [0.000365/23.514043] [1223/0.001084]
  8  12 200, 0.001259 [0.000340/23.513793] [1273/0.001084]
  8  12 250, 0.001321 [0.000325/23.513547] [1323/0.001084]
  8  12 300, 0.001178 [0.000178/23.513297] [1373/0.001084]
  8  12 350, 0.001212 [0.000202/23.513051] [1423/0.001084]
Epoch 12 done. Evaluation:
(50000, 50000)
(7625, 10000)
  8  13  50, 0.001198 [0.000298/23.512609] [1514/0.001084]
  8  13 100, 0.001291 [0.000161/23.512364] [1564/0.001084]
  8  13 150, 0.001273 [0.000193/23.512119] [1614/0.001084]
  8  13 200, 0.001229 [0.000196/23.511877] [1664/0.001084]
  8  13 250, 0.001237 [0.000256/23.511631] [1714/0.001084]
  8  13 300, 0.001298 [0.000176/23.511384] [1764/0.001084]
  8  13 350, 0.001260 [0.000144/23.511138] [1814/0.001084]
Epoch 13 done. Evaluation:
(50000, 50000)
(7614, 10000)
  8  14  50, 0.001258 [0.000158/23.510695] [1905/0.001084]
  8  14 100, 0.001200 [0.000288/23.510451] [1955/0.001084]
  8  14 150, 0.001274 [0.000689/23.510202] [2005/0.001084]
  8  14 200, 0.001320 [0.000244/23.509955] [2055/0.001084]
  8  14 250, 0.001254 [0.000244/23.509713] [2105/0.001084]
  8  14 300, 0.001428 [0.000587/23.509473] [2155/0.001084]
  8  14 350, 0.001421 [0.000190/23.509236] [2205/0.001084]
Epoch 14 done. Evaluation:
(50000, 50000)
(7622, 10000)
  8  15  50, 0.001282 [0.000127/23.508798] [2296/0.001084]
  8  15 100, 0.001288 [0.000155/23.508551] [2346/0.001084]
  8  15 150, 0.001373 [0.000358/23.508316] [2396/0.001084]
  8  15 200, 0.001239 [0.000161/23.508067] [2446/0.001084]
  8  15 250, 0.001334 [0.000350/23.507830] [2496/0.001084]
  8  15 300, 0.001265 [0.000171/23.507588] [2546/0.001084]
  8  15 350, 0.001252 [0.000177/23.507345] [2596/0.001084]
Epoch 15 done. Evaluation:
(50000, 50000)
(7636, 10000)
  8  16  50, 0.001158 [0.000159/23.506901] [2687/0.001084]
  8  16 100, 0.001256 [0.000580/23.506660] [2737/0.001084]
  8  16 150, 0.001229 [0.000279/23.506418] [2787/0.001084]
  8  16 200, 0.001214 [0.000157/23.506173] [2837/0.001084]
  8  16 250, 0.001260 [0.000197/23.505934] [2887/0.001084]
  8  16 300, 0.001257 [0.000137/23.505688] [2937/0.001084]
  8  16 350, 0.001286 [0.000356/23.505448] [2987/0.001084]
Epoch 16 done. Evaluation:
(50000, 50000)
(7611, 10000)
  8  17  50, 0.001290 [0.000349/23.505007] [3078/0.001084]
  8  17 100, 0.001170 [0.000176/23.504761] [3128/0.001084]
  8  17 150, 0.001237 [0.000152/23.504518] [3178/0.001084]
  8  17 200, 0.001367 [0.000176/23.504278] [3228/0.001084]
  8  17 250, 0.001294 [0.000276/23.504036] [3278/0.001084]
  8  17 300, 0.001294 [0.000207/23.503796] [3328/0.001084]
  8  17 350, 0.001308 [0.000248/23.503553] [3378/0.001084]
Epoch 17 done. Evaluation:
(50000, 50000)
(7607, 10000)
  8  18  50, 0.001335 [0.000244/23.503120] [3469/0.001084]
  8  18 100, 0.001347 [0.000204/23.502880] [3519/0.001084]
  8  18 150, 0.001397 [0.000155/23.502643] [3569/0.001084]
  8  18 200, 0.001236 [0.000355/23.502400] [3619/0.001084]
  8  18 250, 0.001275 [0.000149/23.502160] [3669/0.001084]
  8  18 300, 0.001264 [0.000225/23.501919] [3719/0.001084]
  8  18 350, 0.001131 [0.000226/23.501676] [3769/0.001084]
Epoch 18 done. Evaluation:
(50000, 50000)
(7626, 10000)
  8  19  50, 0.001254 [0.000339/23.501240] [3860/0.001084]
  8  19 100, 0.001348 [0.000274/23.501006] [3910/0.001084]
  8  19 150, 0.001202 [0.000364/23.500759] [3960/0.001084]
  8  19 200, 0.001190 [0.000203/23.500515] [4010/0.001084]
  8  19 250, 0.001295 [0.000270/23.500279] [4060/0.001084]
  8  19 300, 0.001194 [0.000154/23.500034] [4110/0.001084]
  8  19 350, 0.001292 [0.000343/23.499792] [4160/0.001084]
Epoch 19 done. Evaluation:
(50000, 50000)
(7613, 10000)
  9   0  50, 0.001255 [0.000120/23.499494] [4251/0.001084]
  9   0 100, 0.001224 [0.000123/23.499388] [4301/0.001084]
  9   0 150, 0.001357 [0.000131/23.499280] [4351/0.001084]
  9   0 200, 0.001233 [0.000126/23.499177] [4401/0.001084]
  9   0 250, 0.001493 [0.000612/23.499072] [4451/0.001084]
  9   0 300, 0.001349 [0.000342/23.498968] [4501/0.001084]
  9   0 350, 0.001190 [0.000160/23.498863] [4551/0.001084]
Epoch 0 done. Evaluation:
(50000, 50000)
(7611, 10000)
  9   1  50, 0.001287 [0.000132/23.498671] [4642/0.001084]
  9   1 100, 0.001287 [0.000135/23.498565] [4692/0.001084]
  9   1 150, 0.001170 [0.000304/23.498458] [4742/0.001084]
  9   1 200, 0.001219 [0.000181/23.498353] [4792/0.001084]
  9   1 250, 0.001177 [0.000190/23.498249] [4842/0.001084]
  9   1 300, 0.001314 [0.000119/23.498144] [4892/0.001084]
  9   1 350, 0.001176 [0.000111/23.498040] [4942/0.001084]
Epoch 1 done. Evaluation:
(50000, 50000)
(7633, 10000)
  9   2  50, 0.001225 [0.000131/23.497846] [5033/0.001084]
  9   2 100, 0.001277 [0.000237/23.497741] [5083/0.001084]
  9   2 150, 0.001275 [0.000223/23.497636] [5133/0.001084]
  9   2 200, 0.001300 [0.000126/23.497534] [5183/0.001084]
  9   2 250, 0.001243 [0.000112/23.497427] [5233/0.001084]
  9   2 300, 0.001510 [0.000126/23.497322] [5283/0.001084]
  9   2 350, 0.001289 [0.000170/23.497216] [5333/0.001084]
Epoch 2 done. Evaluation:
(50000, 50000)
(7623, 10000)
  9   3  50, 0.001192 [0.000178/23.497028] [5424/0.001084]
  9   3 100, 0.001320 [0.000225/23.496923] [5474/0.001084]
  9   3 150, 0.001221 [0.000166/23.496819] [5524/0.001084]
  9   3 200, 0.001278 [0.000117/23.496718] [5574/0.001084]
  9   3 250, 0.001226 [0.000117/23.496610] [5624/0.001084]
  9   3 300, 0.001392 [0.000209/23.496507] [5674/0.001084]
  9   3 350, 0.001265 [0.000143/23.496404] [5724/0.001084]
Epoch 3 done. Evaluation:
(50000, 50000)
(7631, 10000)
  9   4  50, 0.001245 [0.000235/23.496212] [5815/0.001084]
  9   4 100, 0.001237 [0.000134/23.496107] [5865/0.001084]
  9   4 150, 0.001299 [0.000124/23.496004] [5915/0.001084]
  9   4 200, 0.001215 [0.000123/23.495899] [5965/0.001084]
  9   4 250, 0.001294 [0.000146/23.495794] [6015/0.001084]
  9   4 300, 0.001213 [0.000125/23.495691] [6065/0.001084]
  9   4 350, 0.001245 [0.000143/23.495587] [6115/0.001084]
Epoch 4 done. Evaluation:
(50000, 50000)
(7617, 10000)
  9   5  50, 0.001372 [0.000117/23.495394] [6206/0.001084]
  9   5 100, 0.001298 [0.000133/23.495290] [6256/0.001084]
  9   5 150, 0.001229 [0.000211/23.495189] [6306/0.001084]
  9   5 200, 0.001304 [0.000147/23.495080] [6356/0.001084]
  9   5 250, 0.001258 [0.000126/23.494976] [6406/0.001084]
  9   5 300, 0.001313 [0.000137/23.494872] [6456/0.001084]
  9   5 350, 0.001183 [0.000150/23.494767] [6506/0.001084]
Epoch 5 done. Evaluation:
(50000, 50000)
(7616, 10000)
  9   6  50, 0.001310 [0.000140/23.494577] [6597/0.001084]
  9   6 100, 0.001168 [0.000142/23.494473] [6647/0.001084]
  9   6 150, 0.001292 [0.000112/23.494371] [6697/0.001084]
  9   6 200, 0.001171 [0.000139/23.494266] [6747/0.001084]
  9   6 250, 0.001262 [0.000141/23.494161] [6797/0.001084]
  9   6 300, 0.001176 [0.000203/23.494055] [6847/0.001084]
  9   6 350, 0.001210 [0.000140/23.493951] [6897/0.001084]
Epoch 6 done. Evaluation:
(50000, 50000)
(7605, 10000)
  9   7  50, 0.001155 [0.000147/23.493762] [6988/0.001084]
  9   7 100, 0.001303 [0.000113/23.493659] [7038/0.001084]
  9   7 150, 0.001290 [0.000126/23.493554] [7088/0.001084]
  9   7 200, 0.001276 [0.000125/23.493449] [7138/0.001084]
  9   7 250, 0.001336 [0.000127/23.493345] [7188/0.001084]
  9   7 300, 0.001266 [0.000166/23.493241] [7238/0.001084]
  9   7 350, 0.001171 [0.000127/23.493137] [7288/0.001084]
Epoch 7 done. Evaluation:
(50000, 50000)
(7624, 10000)
  9   8  50, 0.001255 [0.000140/23.492947] [7379/0.001084]
  9   8 100, 0.001264 [0.000136/23.492842] [7429/0.001084]
  9   8 150, 0.001204 [0.000115/23.492739] [7479/0.001084]
  9   8 200, 0.001234 [0.000133/23.492633] [7529/0.001084]
  9   8 250, 0.001140 [0.000111/23.492529] [7579/0.001084]
  9   8 300, 0.001264 [0.000163/23.492428] [7629/0.001084]
  9   8 350, 0.001240 [0.000164/23.492326] [7679/0.001084]
Epoch 8 done. Evaluation:
(50000, 50000)
(7603, 10000)
  9   9  50, 0.001254 [0.000165/23.492139] [7770/0.001084]
  9   9 100, 0.001243 [0.000115/23.492035] [7820/0.001084]
  9   9 150, 0.001291 [0.000162/23.491929] [7870/0.001084]
  9   9 200, 0.001155 [0.000122/23.491824] [7920/0.001084]
  9   9 250, 0.001232 [0.000127/23.491722] [7970/0.001084]
  9   9 300, 0.001188 [0.000115/23.491616] [8020/0.001084]
  9   9 350, 0.001325 [0.000131/23.491517] [8070/0.001084]
Epoch 9 done. Evaluation:
(50000, 50000)
(7614, 10000)
  9  10  50, 0.001283 [0.000206/23.491327] [8161/0.001084]
  9  10 100, 0.001323 [0.000211/23.491225] [8211/0.001084]
  9  10 150, 0.001242 [0.000171/23.491120] [8261/0.001084]
  9  10 200, 0.001277 [0.000148/23.491017] [8311/0.001084]
  9  10 250, 0.001331 [0.000251/23.490916] [8361/0.001084]
  9  10 300, 0.001268 [0.000144/23.490810] [8411/0.001084]
  9  10 350, 0.001282 [0.000134/23.490707] [8461/0.001084]
Epoch 10 done. Evaluation:
(50000, 50000)
(7621, 10000)
  9  11  50, 0.001151 [0.000109/23.490520] [8552/0.001084]
  9  11 100, 0.001420 [0.000242/23.490419] [8602/0.001084]
  9  11 150, 0.001314 [0.000132/23.490316] [8652/0.001084]
  9  11 200, 0.001381 [0.000117/23.490213] [8702/0.001084]
  9  11 250, 0.001327 [0.000140/23.490106] [8752/0.001084]
  9  11 300, 0.001359 [0.000139/23.490004] [8802/0.001084]
  9  11 350, 0.001377 [0.000141/23.489899] [8852/0.001084]
Epoch 11 done. Evaluation:
(50000, 50000)
(7630, 10000)
  9  12  50, 0.001347 [0.000121/23.489714] [8943/0.001084]
  9  12 100, 0.001237 [0.000133/23.489609] [8993/0.001084]
  9  12 150, 0.001196 [0.000196/23.489507] [9043/0.001084]
  9  12 200, 0.001272 [0.000115/23.489404] [9093/0.001084]
  9  12 250, 0.001238 [0.000124/23.489299] [9143/0.001084]
  9  12 300, 0.001289 [0.000118/23.489200] [9193/0.001084]
  9  12 350, 0.001270 [0.000123/23.489097] [9243/0.001084]
Epoch 12 done. Evaluation:
(50000, 50000)
(7622, 10000)
  9  13  50, 0.001229 [0.000137/23.488909] [9334/0.001084]
  9  13 100, 0.001188 [0.000111/23.488806] [9384/0.001084]
  9  13 150, 0.001249 [0.000115/23.488708] [9434/0.001084]
  9  13 200, 0.001178 [0.000146/23.488603] [9484/0.001084]
  9  13 250, 0.001336 [0.000201/23.488499] [9534/0.001084]
  9  13 300, 0.001194 [0.000148/23.488396] [9584/0.001084]
  9  13 350, 0.001221 [0.000113/23.488292] [9634/0.001084]
Epoch 13 done. Evaluation:
(50000, 50000)
(7617, 10000)
  9  14  50, 0.001158 [0.000155/23.488102] [9725/0.001084]
  9  14 100, 0.001110 [0.000177/23.488002] [9775/0.001084]
  9  14 150, 0.001229 [0.000107/23.487899] [9825/0.001084]
  9  14 200, 0.001192 [0.000143/23.487796] [9875/0.001084]
  9  14 250, 0.001231 [0.000120/23.487692] [9925/0.001084]
  9  14 300, 0.001268 [0.000238/23.487590] [9975/0.001084]
  9  14 350, 0.001285 [0.000159/23.487488] [10025/0.001084]
Epoch 14 done. Evaluation:
(50000, 50000)
(7634, 10000)
  9  15  50, 0.001379 [0.000274/23.487304] [10116/0.001084]
  9  15 100, 0.001231 [0.000226/23.487200] [10166/0.001084]
  9  15 150, 0.001194 [0.000137/23.487100] [10216/0.001084]
  9  15 200, 0.001316 [0.000143/23.486997] [10266/0.001084]
  9  15 250, 0.001312 [0.000142/23.486896] [10316/0.001084]
  9  15 300, 0.001191 [0.000139/23.486791] [10366/0.001084]
  9  15 350, 0.001190 [0.000158/23.486685] [10416/0.001084]
Epoch 15 done. Evaluation:
(50000, 50000)
(7626, 10000)
  9  16  50, 0.001200 [0.000118/23.486497] [10507/0.001084]
  9  16 100, 0.001284 [0.000123/23.486397] [10557/0.001084]
  9  16 150, 0.001259 [0.000143/23.486294] [10607/0.001084]
  9  16 200, 0.001210 [0.000121/23.486191] [10657/0.001084]
  9  16 250, 0.001181 [0.000185/23.486088] [10707/0.001084]
  9  16 300, 0.001324 [0.000185/23.485986] [10757/0.001084]
  9  16 350, 0.001362 [0.000203/23.485885] [10807/0.001084]
Epoch 16 done. Evaluation:
(50000, 50000)
(7603, 10000)
  9  17  50, 0.001195 [0.000131/23.485699] [10898/0.001084]
  9  17 100, 0.001337 [0.000389/23.485597] [10948/0.001084]
  9  17 150, 0.001244 [0.000226/23.485496] [10998/0.001084]
  9  17 200, 0.001221 [0.000200/23.485395] [11048/0.001084]
  9  17 250, 0.001264 [0.000125/23.485291] [11098/0.001084]
  9  17 300, 0.001197 [0.000113/23.485190] [11148/0.001084]
  9  17 350, 0.001200 [0.000155/23.485089] [11198/0.001084]
Epoch 17 done. Evaluation:
(50000, 50000)
(7614, 10000)
  9  18  50, 0.001265 [0.000126/23.484905] [11289/0.001084]
  9  18 100, 0.001274 [0.000132/23.484799] [11339/0.001084]
  9  18 150, 0.001173 [0.000135/23.484698] [11389/0.001084]
  9  18 200, 0.001206 [0.000130/23.484597] [11439/0.001084]
  9  18 250, 0.001153 [0.000140/23.484495] [11489/0.001084]
  9  18 300, 0.001221 [0.000150/23.484392] [11539/0.001084]
  9  18 350, 0.001277 [0.000127/23.484288] [11589/0.001084]
Epoch 18 done. Evaluation:
(50000, 50000)
(7626, 10000)
  9  19  50, 0.001196 [0.000126/23.484106] [11680/0.001084]
  9  19 100, 0.001253 [0.000118/23.484002] [11730/0.001084]
  9  19 150, 0.001235 [0.000137/23.483901] [11780/0.001084]
  9  19 200, 0.001266 [0.000224/23.483802] [11830/0.001084]
  9  19 250, 0.001200 [0.000148/23.483700] [11880/0.001084]
  9  19 300, 0.001170 [0.000126/23.483597] [11930/0.001084]
  9  19 350, 0.001269 [0.000156/23.483495] [11980/0.001084]
Epoch 19 done. Evaluation:
(50000, 50000)
(7610, 10000)
