Sequential (
  (conv1_1): Sequential (
    (0): Conv2d(3, 32, kernel_size=(3, 3), stride=(1, 1), padding=(1, 1))
    (1): BatchNorm2d(32, eps=1e-05, momentum=0.1, affine=True)
    (2): ReLU (inplace)
  )
  (conv1_2): Sequential (
    (0): Conv2d(32, 32, kernel_size=(3, 3), stride=(1, 1), padding=(1, 1))
    (1): BatchNorm2d(32, eps=1e-05, momentum=0.1, affine=True)
    (2): ReLU (inplace)
  )
  (pool1): MaxPool2d (size=(2, 2), stride=(2, 2), dilation=(1, 1))
  (conv2_1): Sequential (
    (0): Conv2d(32, 64, kernel_size=(3, 3), stride=(1, 1), padding=(1, 1))
    (1): BatchNorm2d(64, eps=1e-05, momentum=0.1, affine=True)
    (2): ReLU (inplace)
  )
  (conv2_2): Sequential (
    (0): Conv2d(64, 64, kernel_size=(3, 3), stride=(1, 1), padding=(1, 1))
    (1): BatchNorm2d(64, eps=1e-05, momentum=0.1, affine=True)
    (2): ReLU (inplace)
  )
  (pool2): MaxPool2d (size=(2, 2), stride=(2, 2), dilation=(1, 1))
  (conv3_1): Sequential (
    (0): Conv2d(64, 128, kernel_size=(3, 3), stride=(1, 1), padding=(1, 1))
    (1): BatchNorm2d(128, eps=1e-05, momentum=0.1, affine=True)
    (2): ReLU (inplace)
  )
  (conv3_2): Sequential (
    (0): Conv2d(128, 128, kernel_size=(3, 3), stride=(1, 1), padding=(1, 1))
    (1): BatchNorm2d(128, eps=1e-05, momentum=0.1, affine=True)
    (2): ReLU (inplace)
  )
  (pool3): MaxPool2d (size=(2, 2), stride=(2, 2), dilation=(1, 1))
  (conv4_1): Sequential (
    (0): Conv2d(128, 256, kernel_size=(3, 3), stride=(1, 1), padding=(1, 1))
    (1): BatchNorm2d(256, eps=1e-05, momentum=0.1, affine=True)
    (2): ReLU (inplace)
  )
  (conv4_2): Sequential (
    (0): Conv2d(256, 256, kernel_size=(3, 3), stride=(1, 1), padding=(1, 1))
    (1): BatchNorm2d(256, eps=1e-05, momentum=0.1, affine=True)
    (2): ReLU (inplace)
  )
  (pool4): MaxPool2d (size=(2, 2), stride=(2, 2), dilation=(1, 1))
  (conv5_1): Sequential (
    (0): Conv2d(256, 256, kernel_size=(3, 3), stride=(1, 1), padding=(1, 1))
    (1): BatchNorm2d(256, eps=1e-05, momentum=0.1, affine=True)
    (2): ReLU (inplace)
  )
  (conv5_2): Sequential (
    (0): Conv2d(256, 256, kernel_size=(3, 3), stride=(1, 1), padding=(1, 1))
    (1): BatchNorm2d(256, eps=1e-05, momentum=0.1, affine=True)
    (2): ReLU (inplace)
  )
  (pool5): MaxPool2d (size=(2, 2), stride=(2, 2), dilation=(1, 1))
  (fc6): Sequential (
    (0): Conv2d(256, 256, kernel_size=(1, 1), stride=(1, 1))
    (1): BatchNorm2d(256, eps=1e-05, momentum=0.1, affine=True)
    (2): ReLU (inplace)
  )
  (logit): Conv2d(256, 10, kernel_size=(1, 1), stride=(1, 1))
  (flatter): Flatten()
)
{'L1_decay': 5e-06,
 'batch_size': 128,
 'force_name': True,
 'graphfolder': 'logs/dxp1_graphs/',
 'learning_rate': 0.1,
 'logfile': 'logs/dxp1.log',
 'mode': '',
 'name': 'dxp1',
 'num_base': 32,
 'optimizer': 'SGD_var_dup2',
 'weight_decay': 2e-05}
0.000282405758212
0.00289115937047
0.00143502721828
0.00292030915124
0.00143947634435
0.00289587994797
0.0014391609899
0.00287162181275
0.00144002905427
0.00143871910884
7.89742377933e-05
7.91629418207e-05
Decayed training with schedule: [20, 20, 20, 20, 20, 20, 20, 20, 20, 20]
  0   0  50, 1.818535 [0.346115/71.690424] [   0/1.818535]
  0   0 100, 1.453575 [0.411594/71.162983] [   0/1.453575]
  0   0 150, 1.302003 [0.396551/70.643449] [   0/1.302003]
  0   0 200, 1.218740 [0.393634/70.125946] [   0/1.218740]
  0   0 250, 1.141121 [0.294294/69.616419] [   0/1.141121]
  0   0 300, 1.089061 [0.310902/69.112742] [   0/1.089061]
  0   0 350, 1.022552 [0.317428/68.613546] [   0/1.022552]
Epoch 0 done. Evaluation:
(27402, 50000)
(5942, 10000)
  0   1  50, 0.906508 [0.334034/67.728690] [   0/0.906508]
  0   1 100, 0.885215 [0.327724/67.251760] [   0/0.885215]
  0   1 150, 0.845003 [0.347391/66.778940] [   0/0.845003]
  0   1 200, 0.834038 [0.329772/66.310595] [   0/0.834038]
  0   1 250, 0.842661 [0.339839/65.846796] [  50/0.834038]
  0   1 300, 0.769379 [0.293148/65.389479] [   0/0.769379]
  0   1 350, 0.791124 [0.325566/64.936022] [  50/0.769379]
Epoch 1 done. Evaluation:
(35298, 50000)
(6520, 10000)
  0   2  50, 0.689651 [0.377038/64.137173] [   0/0.689651]
  0   2 100, 0.703974 [0.285069/63.705516] [  50/0.689651]
  0   2 150, 0.679096 [0.318421/63.282100] [   0/0.679096]
  0   2 200, 0.659217 [0.316349/62.863030] [   0/0.659217]
  0   2 250, 0.691309 [0.341276/62.446870] [  50/0.659217]
  0   2 300, 0.661565 [0.318741/62.037867] [ 100/0.659217]
  0   2 350, 0.676413 [0.283242/61.631371] [ 150/0.659217]
Epoch 2 done. Evaluation:
(38200, 50000)
(7296, 10000)
  0   3  50, 0.581526 [0.349764/60.913336] [   0/0.581526]
  0   3 100, 0.588127 [0.278400/60.526411] [  50/0.581526]
  0   3 150, 0.560261 [0.347356/60.145659] [   0/0.560261]
  0   3 200, 0.568958 [0.271210/59.771060] [  50/0.560261]
  0   3 250, 0.589933 [0.334492/59.399110] [ 100/0.560261]
  0   3 300, 0.589280 [0.316850/59.030655] [ 150/0.560261]
  0   3 350, 0.595776 [0.273118/58.669069] [ 200/0.560261]
Epoch 3 done. Evaluation:
(39767, 50000)
(7068, 10000)
  0   4  50, 0.502034 [0.336456/58.024671] [   0/0.502034]
  0   4 100, 0.491980 [0.346295/57.680399] [   0/0.491980]
  0   4 150, 0.515860 [0.344346/57.339630] [  50/0.491980]
  0   4 200, 0.507654 [0.286458/57.003713] [ 100/0.491980]
  0   4 250, 0.524781 [0.310900/56.671909] [ 150/0.491980]
  0   4 300, 0.529686 [0.335711/56.343316] [ 200/0.491980]
  0   4 350, 0.534151 [0.423650/56.017768] [ 250/0.491980]
Epoch 4 done. Evaluation:
(41102, 50000)
(7331, 10000)
  0   5  50, 0.430961 [0.327936/55.444366] [   0/0.430961]
  0   5 100, 0.450871 [0.305684/55.136549] [  50/0.430961]
  0   5 150, 0.464536 [0.295614/54.834048] [ 100/0.430961]
  0   5 200, 0.481407 [0.354622/54.534366] [ 150/0.430961]
  0   5 250, 0.464640 [0.375399/54.239380] [ 200/0.430961]
  0   5 300, 0.491033 [0.414386/53.948817] [ 250/0.430961]
  0   5 350, 0.478393 [0.304273/53.658528] [ 300/0.430961]
Epoch 5 done. Evaluation:
(41856, 50000)
(7665, 10000)
  0   6  50, 0.394402 [0.333597/53.144514] [   0/0.394402]
  0   6 100, 0.419907 [0.353325/52.868751] [  50/0.394402]
  0   6 150, 0.410521 [0.369911/52.596756] [ 100/0.394402]
  0   6 200, 0.427291 [0.387124/52.330884] [ 150/0.394402]
  0   6 250, 0.436347 [0.353716/52.067650] [ 200/0.394402]
  0   6 300, 0.438526 [0.373891/51.808200] [ 250/0.394402]
  0   6 350, 0.439838 [0.313335/51.549804] [ 300/0.394402]
Epoch 6 done. Evaluation:
(42564, 50000)
(7596, 10000)
  0   7  50, 0.360860 [0.366260/51.092937] [   0/0.360860]
  0   7 100, 0.370368 [0.384933/50.848738] [  50/0.360860]
  0   7 150, 0.384914 [0.315233/50.608299] [ 100/0.360860]
  0   7 200, 0.394298 [0.287775/50.371319] [ 150/0.360860]
  0   7 250, 0.407795 [0.355422/50.135916] [ 200/0.360860]
  0   7 300, 0.422284 [0.315392/49.900757] [ 250/0.360860]
  0   7 350, 0.425073 [0.369165/49.670342] [ 300/0.360860]
Epoch 7 done. Evaluation:
(43105, 50000)
(7524, 10000)
  0   8  50, 0.320554 [0.364709/49.260859] [   0/0.320554]
  0   8 100, 0.350342 [0.356887/49.041459] [  50/0.320554]
  0   8 150, 0.366845 [0.434055/48.830944] [ 100/0.320554]
  0   8 200, 0.369624 [0.386233/48.621393] [ 150/0.320554]
  0   8 250, 0.374585 [0.328277/48.411309] [ 200/0.320554]
  0   8 300, 0.386207 [0.357698/48.203845] [ 250/0.320554]
  0   8 350, 0.381806 [0.346830/47.995813] [ 300/0.320554]
Epoch 8 done. Evaluation:
(43667, 50000)
(8159, 10000)
  0   9  50, 0.307987 [0.371373/47.627961] [   0/0.307987]
  0   9 100, 0.322460 [0.382332/47.431471] [  50/0.307987]
  0   9 150, 0.316417 [0.364201/47.243185] [ 100/0.307987]
  0   9 200, 0.368892 [0.322160/47.055496] [ 150/0.307987]
  0   9 250, 0.367223 [0.343367/46.870103] [ 200/0.307987]
  0   9 300, 0.348418 [0.349241/46.688320] [ 250/0.307987]
  0   9 350, 0.383726 [0.323296/46.506577] [ 300/0.307987]
Epoch 9 done. Evaluation:
(43974, 50000)
(7356, 10000)
  0  10  50, 0.276571 [0.249704/46.174666] [   0/0.276571]
  0  10 100, 0.313850 [0.388298/46.004917] [  50/0.276571]
  0  10 150, 0.318381 [0.422135/45.835659] [ 100/0.276571]
  0  10 200, 0.328321 [0.347108/45.669328] [ 150/0.276571]
  0  10 250, 0.350155 [0.338520/45.503289] [ 200/0.276571]
  0  10 300, 0.321358 [0.418382/45.338590] [ 250/0.276571]
  0  10 350, 0.330227 [0.383825/45.175748] [ 300/0.276571]
Epoch 10 done. Evaluation:
(44340, 50000)
(7974, 10000)
  0  11  50, 0.275195 [0.430370/44.876043] [   0/0.275195]
  0  11 100, 0.266229 [0.460480/44.719531] [   0/0.266229]
  0  11 150, 0.298709 [0.402843/44.563531] [  50/0.266229]
  0  11 200, 0.313440 [0.336195/44.414191] [ 100/0.266229]
  0  11 250, 0.330092 [0.469081/44.269373] [ 150/0.266229]
  0  11 300, 0.348930 [0.342881/44.125736] [ 200/0.266229]
  0  11 350, 0.334575 [0.420109/43.979081] [ 250/0.266229]
Epoch 11 done. Evaluation:
(44599, 50000)
(7802, 10000)
  0  12  50, 0.258309 [0.431251/43.712512] [   0/0.258309]
  0  12 100, 0.268747 [0.384172/43.571214] [  50/0.258309]
  0  12 150, 0.286312 [0.369572/43.436142] [ 100/0.258309]
  0  12 200, 0.294394 [0.336569/43.303458] [ 150/0.258309]
  0  12 250, 0.323453 [0.297293/43.173092] [ 200/0.258309]
  0  12 300, 0.305629 [0.368273/43.039938] [ 250/0.258309]
  0  12 350, 0.314089 [0.376667/42.909993] [ 300/0.258309]
Epoch 12 done. Evaluation:
(44837, 50000)
(7765, 10000)
  0  13  50, 0.251868 [0.373521/42.663143] [   0/0.251868]
  0  13 100, 0.248616 [0.407121/42.536946] [   0/0.248616]
  0  13 150, 0.263710 [0.410235/42.413876] [  50/0.248616]
  0  13 200, 0.305584 [0.424059/42.297792] [ 100/0.248616]
  0  13 250, 0.308730 [0.390227/42.179114] [ 150/0.248616]
  0  13 300, 0.288192 [0.333008/42.058651] [ 200/0.248616]
  0  13 350, 0.291175 [0.458857/41.942391] [ 250/0.248616]
Epoch 13 done. Evaluation:
(45079, 50000)
(7943, 10000)
  0  14  50, 0.237431 [0.342415/41.729359] [   0/0.237431]
  0  14 100, 0.246892 [0.302903/41.615236] [  50/0.237431]
  0  14 150, 0.273400 [0.317385/41.509564] [ 100/0.237431]
  0  14 200, 0.282937 [0.422741/41.410422] [ 150/0.237431]
  0  14 250, 0.263991 [0.472640/41.307212] [ 200/0.237431]
  0  14 300, 0.302184 [0.379261/41.205004] [ 250/0.237431]
  0  14 350, 0.273724 [0.437032/41.098615] [ 300/0.237431]
Epoch 14 done. Evaluation:
(45219, 50000)
(8072, 10000)
  0  15  50, 0.226127 [0.338776/40.905968] [   0/0.226127]
  0  15 100, 0.217017 [0.361985/40.801032] [   0/0.217017]
  0  15 150, 0.248249 [0.377548/40.704877] [  50/0.217017]
  0  15 200, 0.263568 [0.472517/40.612398] [ 100/0.217017]
  0  15 250, 0.281028 [0.417682/40.522045] [ 150/0.217017]
  0  15 300, 0.271182 [0.307705/40.429156] [ 200/0.217017]
  0  15 350, 0.301887 [0.394267/40.338528] [ 250/0.217017]
Epoch 15 done. Evaluation:
(45369, 50000)
(7544, 10000)
  0  16  50, 0.230173 [0.418515/40.163773] [ 341/0.217017]
  0  16 100, 0.237420 [0.347646/40.074362] [ 391/0.217017]
  0  16 150, 0.252108 [0.438981/39.984789] [ 441/0.217017]
  0  16 200, 0.271270 [0.437458/39.904841] [ 491/0.217017]
  0  16 250, 0.273217 [0.399080/39.818037] [ 541/0.217017]
  0  16 300, 0.256341 [0.459479/39.734460] [ 591/0.217017]
  0  16 350, 0.277232 [0.424768/39.658315] [ 641/0.217017]
Epoch 16 done. Evaluation:
(45429, 50000)
(7656, 10000)
  0  17  50, 0.192869 [0.363749/39.499289] [   0/0.192869]
  0  17 100, 0.215947 [0.398288/39.419027] [  50/0.192869]
  0  17 150, 0.240476 [0.344401/39.346462] [ 100/0.192869]
  0  17 200, 0.277873 [0.371497/39.278814] [ 150/0.192869]
  0  17 250, 0.251505 [0.376408/39.202034] [ 200/0.192869]
  0  17 300, 0.254787 [0.350720/39.121379] [ 250/0.192869]
  0  17 350, 0.260822 [0.369163/39.046360] [ 300/0.192869]
Epoch 17 done. Evaluation:
(45621, 50000)
(7238, 10000)
  0  18  50, 0.203882 [0.418587/38.909541] [ 391/0.192869]
  0  18 100, 0.228148 [0.395543/38.835688] [ 441/0.192869]
  0  18 150, 0.233634 [0.303343/38.758966] [ 491/0.192869]
  0  18 200, 0.254032 [0.393052/38.693152] [ 541/0.192869]
  0  18 250, 0.240386 [0.366681/38.627899] [ 591/0.192869]
  0  18 300, 0.253081 [0.407770/38.564302] [ 641/0.192869]
  0  18 350, 0.266908 [0.426330/38.502803] [ 691/0.192869]
Epoch 18 done. Evaluation:
(45831, 50000)
(7710, 10000)
  0  19  50, 0.205203 [0.366118/38.374476] [ 782/0.192869]
  0  19 100, 0.203741 [0.407130/38.301158] [ 832/0.192869]
  0  19 150, 0.211055 [0.291058/38.237185] [ 882/0.192869]
  0  19 200, 0.226815 [0.383157/38.174292] [ 932/0.192869]
  0  19 250, 0.232581 [0.376817/38.110107] [ 982/0.192869]
  0  19 300, 0.255291 [0.407352/38.055419] [1032/0.192869]
  0  19 350, 0.254475 [0.446527/38.000331] [1082/0.192869]
Epoch 19 done. Evaluation:
(45929, 50000)
(8010, 10000)
  1   0  50, 0.140074 [0.138152/37.897634] [   0/0.140074]
  1   0 100, 0.119283 [0.155705/37.835916] [   0/0.119283]
  1   0 150, 0.113709 [0.139425/37.775815] [   0/0.113709]
  1   0 200, 0.113721 [0.105356/37.717073] [  50/0.113709]
  1   0 250, 0.114889 [0.223939/37.658801] [ 100/0.113709]
  1   0 300, 0.114727 [0.183271/37.601936] [ 150/0.113709]
  1   0 350, 0.115461 [0.131846/37.544277] [ 200/0.113709]
Epoch 0 done. Evaluation:
(48053, 50000)
(8377, 10000)
  1   1  50, 0.082190 [0.127563/37.437929] [   0/0.082190]
  1   1 100, 0.072130 [0.205399/37.378613] [   0/0.072130]
  1   1 150, 0.076372 [0.168730/37.320917] [  50/0.072130]
  1   1 200, 0.072792 [0.129293/37.263319] [ 100/0.072130]
  1   1 250, 0.084288 [0.193209/37.208844] [ 150/0.072130]
  1   1 300, 0.095155 [0.193199/37.155799] [ 200/0.072130]
  1   1 350, 0.091693 [0.200251/37.102490] [ 250/0.072130]
Epoch 1 done. Evaluation:
(48690, 50000)
(8671, 10000)
  1   2  50, 0.066755 [0.196276/37.003893] [   0/0.066755]
  1   2 100, 0.067538 [0.199936/36.949004] [  50/0.066755]
  1   2 150, 0.063584 [0.174129/36.896129] [   0/0.063584]
  1   2 200, 0.078466 [0.245759/36.848380] [  50/0.063584]
  1   2 250, 0.077313 [0.132746/36.800209] [ 100/0.063584]
  1   2 300, 0.073820 [0.166670/36.752051] [ 150/0.063584]
  1   2 350, 0.088269 [0.166929/36.707104] [ 200/0.063584]
Epoch 2 done. Evaluation:
(48736, 50000)
(8174, 10000)
  1   3  50, 0.065125 [0.142661/36.623367] [ 291/0.063584]
  1   3 100, 0.060830 [0.132817/36.573250] [   0/0.060830]
  1   3 150, 0.061815 [0.240155/36.526422] [  50/0.060830]
  1   3 200, 0.075490 [0.096079/36.483889] [ 100/0.060830]
  1   3 250, 0.073422 [0.230271/36.440888] [ 150/0.060830]
  1   3 300, 0.080713 [0.257236/36.400498] [ 200/0.060830]
  1   3 350, 0.105197 [0.184188/36.368051] [ 250/0.060830]
Epoch 3 done. Evaluation:
(48691, 50000)
(8256, 10000)
  1   4  50, 0.070680 [0.247253/36.297329] [ 341/0.060830]
  1   4 100, 0.059979 [0.168905/36.252739] [   0/0.059979]
  1   4 150, 0.078619 [0.281394/36.214737] [  50/0.059979]
  1   4 200, 0.081477 [0.192905/36.175946] [ 100/0.059979]
  1   4 250, 0.088627 [0.167341/36.141741] [ 150/0.059979]
  1   4 300, 0.091010 [0.197603/36.106796] [ 200/0.059979]
  1   4 350, 0.105268 [0.182533/36.075127] [ 250/0.059979]
Epoch 4 done. Evaluation:
(48540, 50000)
(8109, 10000)
  1   5  50, 0.074201 [0.147812/36.009701] [ 341/0.059979]
  1   5 100, 0.073732 [0.110977/35.970867] [ 391/0.059979]
  1   5 150, 0.089700 [0.269558/35.938838] [ 441/0.059979]
  1   5 200, 0.095018 [0.183205/35.909309] [ 491/0.059979]
  1   5 250, 0.110247 [0.269510/35.881961] [ 541/0.059979]
  1   5 300, 0.095648 [0.223623/35.849810] [ 591/0.059979]
  1   5 350, 0.106807 [0.287996/35.824363] [ 641/0.059979]
Epoch 5 done. Evaluation:
(48355, 50000)
(8278, 10000)
  1   6  50, 0.081753 [0.143750/35.767974] [ 732/0.059979]
  1   6 100, 0.091204 [0.236209/35.739394] [ 782/0.059979]
  1   6 150, 0.080673 [0.297056/35.705539] [ 832/0.059979]
  1   6 200, 0.111606 [0.203746/35.682156] [ 882/0.059979]
  1   6 250, 0.104824 [0.184963/35.655527] [ 932/0.059979]
  1   6 300, 0.104281 [0.271383/35.629334] [ 982/0.059979]
  1   6 350, 0.116354 [0.232125/35.606994] [1032/0.059979]
Epoch 6 done. Evaluation:
(48202, 50000)
(7941, 10000)
  1   7  50, 0.087845 [0.186738/35.559268] [1123/0.059979]
  1   7 100, 0.081814 [0.197967/35.527663] [1173/0.059979]
  1   7 150, 0.094594 [0.166441/35.499333] [1223/0.059979]
  1   7 200, 0.091821 [0.242317/35.470989] [1273/0.059979]
  1   7 250, 0.102931 [0.242862/35.445791] [1323/0.059979]
  1   7 300, 0.120051 [0.224633/35.429060] [1373/0.059979]
  1   7 350, 0.119664 [0.280140/35.409007] [1423/0.059979]
Epoch 7 done. Evaluation:
(48220, 50000)
(8150, 10000)
  1   8  50, 0.091465 [0.218647/35.361638] [1514/0.059979]
  1   8 100, 0.079653 [0.178286/35.329274] [1564/0.059979]
  1   8 150, 0.092230 [0.276861/35.303595] [1614/0.059979]
  1   8 200, 0.081724 [0.259350/35.274880] [1664/0.059979]
  1   8 250, 0.110173 [0.237971/35.257211] [1714/0.059979]
  1   8 300, 0.109147 [0.269427/35.234082] [1764/0.059979]
  1   8 350, 0.117516 [0.245354/35.216846] [1814/0.059979]
Epoch 8 done. Evaluation:
(48267, 50000)
(8456, 10000)
  1   9  50, 0.074146 [0.197976/35.165157] [1905/0.059979]
  1   9 100, 0.077759 [0.167851/35.133380] [1955/0.059979]
  1   9 150, 0.082356 [0.166807/35.103273] [2005/0.059979]
  1   9 200, 0.097776 [0.208909/35.081992] [2055/0.059979]
  1   9 250, 0.122695 [0.235282/35.068163] [2105/0.059979]
  1   9 300, 0.098584 [0.279819/35.045972] [2155/0.059979]
  1   9 350, 0.106224 [0.225792/35.025273] [2205/0.059979]
Epoch 9 done. Evaluation:
(48297, 50000)
(8116, 10000)
  1  10  50, 0.077201 [0.252943/34.982939] [2296/0.059979]
  1  10 100, 0.075638 [0.182982/34.953928] [2346/0.059979]
  1  10 150, 0.098822 [0.323917/34.934101] [2396/0.059979]
  1  10 200, 0.104753 [0.257929/34.917018] [2446/0.059979]
  1  10 250, 0.118121 [0.149586/34.903324] [2496/0.059979]
  1  10 300, 0.132855 [0.221113/34.896479] [2546/0.059979]
  1  10 350, 0.135010 [0.259985/34.887454] [2596/0.059979]
Epoch 10 done. Evaluation:
(48043, 50000)
(7546, 10000)
  1  11  50, 0.106081 [0.266689/34.860070] [2687/0.059979]
  1  11 100, 0.094746 [0.128715/34.836438] [2737/0.059979]
  1  11 150, 0.082741 [0.256565/34.809162] [2787/0.059979]
  1  11 200, 0.094735 [0.226916/34.789153] [2837/0.059979]
  1  11 250, 0.104301 [0.262389/34.770249] [2887/0.059979]
  1  11 300, 0.111879 [0.262325/34.754648] [2937/0.059979]
  1  11 350, 0.115238 [0.293315/34.738568] [2987/0.059979]
Epoch 11 done. Evaluation:
(48170, 50000)
(8280, 10000)
  1  12  50, 0.078878 [0.110798/34.695070] [3078/0.059979]
  1  12 100, 0.085850 [0.229035/34.668192] [3128/0.059979]
  1  12 150, 0.103507 [0.265194/34.650571] [3178/0.059979]
  1  12 200, 0.112555 [0.268900/34.638173] [3228/0.059979]
  1  12 250, 0.096680 [0.307094/34.618337] [3278/0.059979]
  1  12 300, 0.104105 [0.313762/34.600870] [3328/0.059979]
  1  12 350, 0.113722 [0.214042/34.583765] [3378/0.059979]
Epoch 12 done. Evaluation:
(48275, 50000)
(8211, 10000)
  1  13  50, 0.084134 [0.243736/34.546932] [3469/0.059979]
  1  13 100, 0.087751 [0.324035/34.523933] [3519/0.059979]
  1  13 150, 0.101361 [0.273557/34.507159] [3569/0.059979]
  1  13 200, 0.097164 [0.234776/34.486413] [3619/0.059979]
  1  13 250, 0.123820 [0.204288/34.474312] [3669/0.059979]
  1  13 300, 0.106010 [0.240302/34.455968] [3719/0.059979]
  1  13 350, 0.121531 [0.243423/34.441318] [3769/0.059979]
Epoch 13 done. Evaluation:
(48160, 50000)
(8330, 10000)
  1  14  50, 0.081979 [0.226501/34.411513] [3860/0.059979]
  1  14 100, 0.079250 [0.276562/34.386161] [3910/0.059979]
  1  14 150, 0.089374 [0.205367/34.368487] [3960/0.059979]
  1  14 200, 0.097296 [0.251147/34.350704] [4010/0.059979]
  1  14 250, 0.110551 [0.332194/34.337585] [4060/0.059979]
  1  14 300, 0.118563 [0.247642/34.326825] [4110/0.059979]
  1  14 350, 0.102537 [0.117444/34.309788] [4160/0.059979]
Epoch 14 done. Evaluation:
(48285, 50000)
(8477, 10000)
  1  15  50, 0.072249 [0.255626/34.269926] [4251/0.059979]
  1  15 100, 0.078826 [0.218464/34.247451] [4301/0.059979]
  1  15 150, 0.077393 [0.213438/34.224733] [4351/0.059979]
  1  15 200, 0.100168 [0.299710/34.213821] [4401/0.059979]
  1  15 250, 0.105758 [0.162487/34.202474] [4451/0.059979]
  1  15 300, 0.108576 [0.290779/34.192129] [4501/0.059979]
  1  15 350, 0.131665 [0.267245/34.185914] [4551/0.059979]
Epoch 15 done. Evaluation:
(48263, 50000)
(7776, 10000)
  1  16  50, 0.080964 [0.207993/34.155890] [4642/0.059979]
  1  16 100, 0.088329 [0.233421/34.135774] [4692/0.059979]
  1  16 150, 0.097240 [0.168385/34.118137] [4742/0.059979]
  1  16 200, 0.090449 [0.180571/34.101945] [4792/0.059979]
  1  16 250, 0.094365 [0.173504/34.085548] [4842/0.059979]
  1  16 300, 0.107500 [0.278238/34.076941] [4892/0.059979]
  1  16 350, 0.117196 [0.285815/34.066809] [4942/0.059979]
Epoch 16 done. Evaluation:
(48294, 50000)
(8323, 10000)
  1  17  50, 0.090383 [0.199426/34.037120] [5033/0.059979]
  1  17 100, 0.072702 [0.169027/34.013902] [5083/0.059979]
  1  17 150, 0.079752 [0.295802/33.994461] [5133/0.059979]
  1  17 200, 0.087310 [0.255155/33.975796] [5183/0.059979]
  1  17 250, 0.109942 [0.230595/33.966529] [5233/0.059979]
  1  17 300, 0.119257 [0.192197/33.958871] [5283/0.059979]
  1  17 350, 0.111466 [0.254666/33.949218] [5333/0.059979]
Epoch 17 done. Evaluation:
(48205, 50000)
(8277, 10000)
  1  18  50, 0.093405 [0.306730/33.926608] [5424/0.059979]
  1  18 100, 0.095326 [0.262185/33.911049] [5474/0.059979]
  1  18 150, 0.083664 [0.162994/33.892437] [5524/0.059979]
  1  18 200, 0.098892 [0.174997/33.878217] [5574/0.059979]
  1  18 250, 0.101006 [0.310183/33.862658] [5624/0.059979]
  1  18 300, 0.096241 [0.222171/33.846924] [5674/0.059979]
  1  18 350, 0.095376 [0.160962/33.832929] [5724/0.059979]
Epoch 18 done. Evaluation:
(48353, 50000)
(7586, 10000)
  1  19  50, 0.092632 [0.230848/33.810533] [5815/0.059979]
  1  19 100, 0.101632 [0.246267/33.799379] [5865/0.059979]
  1  19 150, 0.097301 [0.205724/33.784468] [5915/0.059979]
  1  19 200, 0.102333 [0.216837/33.771201] [5965/0.059979]
  1  19 250, 0.106180 [0.290107/33.761267] [6015/0.059979]
  1  19 300, 0.110121 [0.252622/33.750580] [6065/0.059979]
  1  19 350, 0.108338 [0.257843/33.738230] [6115/0.059979]
Epoch 19 done. Evaluation:
(48176, 50000)
(8338, 10000)
  2   0  50, 0.062164 [0.080360/33.713511] [6206/0.059979]
  2   0 100, 0.044571 [0.043703/33.691157] [   0/0.044571]
  2   0 150, 0.037940 [0.057386/33.668520] [   0/0.037940]
  2   0 200, 0.035485 [0.088839/33.645387] [   0/0.035485]
  2   0 250, 0.033268 [0.111735/33.622256] [   0/0.033268]
  2   0 300, 0.032030 [0.112271/33.599307] [   0/0.032030]
  2   0 350, 0.029364 [0.050289/33.576525] [   0/0.029364]
Epoch 0 done. Evaluation:
(49403, 50000)
(8736, 10000)
  2   1  50, 0.019276 [0.033961/33.532856] [   0/0.019276]
  2   1 100, 0.021283 [0.060322/33.508940] [  50/0.019276]
  2   1 150, 0.014050 [0.063035/33.484080] [   0/0.014050]
  2   1 200, 0.015764 [0.021550/33.459669] [  50/0.014050]
  2   1 250, 0.013986 [0.012897/33.434982] [   0/0.013986]
  2   1 300, 0.012727 [0.057090/33.410174] [   0/0.012727]
  2   1 350, 0.012533 [0.039012/33.385498] [   0/0.012533]
Epoch 1 done. Evaluation:
(49789, 50000)
(8765, 10000)
  2   2  50, 0.012082 [0.103044/33.341059] [   0/0.012082]
  2   2 100, 0.010771 [0.079648/33.316202] [   0/0.010771]
  2   2 150, 0.008038 [0.050237/33.290967] [   0/0.008038]
  2   2 200, 0.009696 [0.040121/33.266207] [  50/0.008038]
  2   2 250, 0.011293 [0.081060/33.241909] [ 100/0.008038]
  2   2 300, 0.011517 [0.054023/33.217888] [ 150/0.008038]
  2   2 350, 0.011100 [0.065930/33.193518] [ 200/0.008038]
Epoch 2 done. Evaluation:
(49867, 50000)
(8779, 10000)
  2   3  50, 0.005991 [0.044778/33.148779] [   0/0.005991]
  2   3 100, 0.006994 [0.025969/33.124093] [  50/0.005991]
  2   3 150, 0.005866 [0.078911/33.099235] [   0/0.005866]
  2   3 200, 0.006805 [0.081565/33.074780] [  50/0.005866]
  2   3 250, 0.004604 [0.010955/33.049877] [   0/0.004604]
  2   3 300, 0.007142 [0.018315/33.025731] [  50/0.004604]
  2   3 350, 0.008377 [0.009658/33.002054] [ 100/0.004604]
Epoch 3 done. Evaluation:
(49930, 50000)
(8821, 10000)
  2   4  50, 0.004658 [0.008599/32.957813] [ 191/0.004604]
  2   4 100, 0.007931 [0.007932/32.934230] [ 241/0.004604]
  2   4 150, 0.005484 [0.004898/32.910226] [ 291/0.004604]
  2   4 200, 0.004081 [0.007050/32.886017] [   0/0.004081]
  2   4 250, 0.004987 [0.032919/32.862069] [  50/0.004081]
  2   4 300, 0.005990 [0.048789/32.838430] [ 100/0.004081]
  2   4 350, 0.004887 [0.006012/32.814685] [ 150/0.004081]
Epoch 4 done. Evaluation:
(49938, 50000)
(8761, 10000)
  2   5  50, 0.007149 [0.104329/32.773893] [ 241/0.004081]
  2   5 100, 0.004649 [0.036663/32.750360] [ 291/0.004081]
  2   5 150, 0.003307 [0.078786/32.726497] [   0/0.003307]
  2   5 200, 0.004388 [0.020683/32.703067] [  50/0.003307]
  2   5 250, 0.004161 [0.008955/32.679635] [ 100/0.003307]
  2   5 300, 0.004262 [0.012741/32.656460] [ 150/0.003307]
  2   5 350, 0.004077 [0.013123/32.633318] [ 200/0.003307]
Epoch 5 done. Evaluation:
(49955, 50000)
(8814, 10000)
  2   6  50, 0.002723 [0.012429/32.591332] [   0/0.002723]
  2   6 100, 0.003894 [0.011681/32.568401] [  50/0.002723]
  2   6 150, 0.004421 [0.003570/32.545699] [ 100/0.002723]
  2   6 200, 0.002630 [0.002361/32.522521] [   0/0.002630]
  2   6 250, 0.002755 [0.018445/32.499444] [  50/0.002630]
  2   6 300, 0.002882 [0.003309/32.476580] [ 100/0.002630]
  2   6 350, 0.003336 [0.008003/32.453913] [ 150/0.002630]
Epoch 6 done. Evaluation:
(49978, 50000)
(8799, 10000)
  2   7  50, 0.002424 [0.003097/32.412444] [   0/0.002424]
  2   7 100, 0.001897 [0.004049/32.389562] [   0/0.001897]
  2   7 150, 0.001973 [0.021095/32.366813] [  50/0.001897]
  2   7 200, 0.002216 [0.003812/32.344236] [ 100/0.001897]
  2   7 250, 0.002309 [0.002829/32.321729] [ 150/0.001897]
  2   7 300, 0.002341 [0.016790/32.299396] [ 200/0.001897]
  2   7 350, 0.002299 [0.003601/32.277089] [ 250/0.001897]
Epoch 7 done. Evaluation:
(49990, 50000)
(8841, 10000)
  2   8  50, 0.001648 [0.005363/32.236537] [   0/0.001648]
  2   8 100, 0.001272 [0.001338/32.214144] [   0/0.001272]
  2   8 150, 0.001255 [0.008461/32.191820] [   0/0.001255]
  2   8 200, 0.001645 [0.021666/32.169777] [  50/0.001255]
  2   8 250, 0.001485 [0.002376/32.147697] [ 100/0.001255]
  2   8 300, 0.001216 [0.005758/32.125625] [   0/0.001216]
  2   8 350, 0.001703 [0.001847/32.103916] [  50/0.001216]
Epoch 8 done. Evaluation:
(49995, 50000)
(8831, 10000)
  2   9  50, 0.001048 [0.003380/32.064312] [   0/0.001048]
  2   9 100, 0.001193 [0.001510/32.042598] [  50/0.001048]
  2   9 150, 0.001474 [0.001748/32.021065] [ 100/0.001048]
  2   9 200, 0.001077 [0.008825/31.999444] [ 150/0.001048]
  2   9 250, 0.001176 [0.001434/31.977948] [ 200/0.001048]
  2   9 300, 0.001623 [0.005510/31.956827] [ 250/0.001048]
  2   9 350, 0.001100 [0.007492/31.935475] [ 300/0.001048]
Epoch 9 done. Evaluation:
(49998, 50000)
(8851, 10000)
  2  10  50, 0.000877 [0.004638/31.896708] [   0/0.000877]
  2  10 100, 0.001239 [0.003648/31.875729] [  50/0.000877]
  2  10 150, 0.001115 [0.016414/31.854736] [ 100/0.000877]
  2  10 200, 0.001154 [0.004080/31.833854] [ 150/0.000877]
  2  10 250, 0.001341 [0.006696/31.813125] [ 200/0.000877]
  2  10 300, 0.000929 [0.002550/31.792268] [ 250/0.000877]
  2  10 350, 0.001045 [0.002240/31.771577] [ 300/0.000877]
Epoch 10 done. Evaluation:
(49996, 50000)
(8834, 10000)
  2  11  50, 0.000748 [0.003385/31.733931] [   0/0.000748]
  2  11 100, 0.000972 [0.005625/31.713416] [  50/0.000748]
  2  11 150, 0.000956 [0.001656/31.693045] [ 100/0.000748]
  2  11 200, 0.000790 [0.008452/31.672601] [ 150/0.000748]
  2  11 250, 0.000718 [0.003080/31.652207] [   0/0.000718]
  2  11 300, 0.000781 [0.001386/31.631947] [  50/0.000718]
  2  11 350, 0.000768 [0.002334/31.611736] [ 100/0.000718]
Epoch 11 done. Evaluation:
(49999, 50000)
(8856, 10000)
  2  12  50, 0.000629 [0.001304/31.575080] [   0/0.000629]
  2  12 100, 0.000603 [0.006071/31.555028] [   0/0.000603]
  2  12 150, 0.000664 [0.001512/31.535090] [  50/0.000603]
  2  12 200, 0.000528 [0.006154/31.515163] [   0/0.000528]
  2  12 250, 0.000584 [0.004559/31.495340] [  50/0.000528]
  2  12 300, 0.000883 [0.014837/31.475754] [ 100/0.000528]
  2  12 350, 0.001288 [0.003015/31.456443] [ 150/0.000528]
Epoch 12 done. Evaluation:
(49998, 50000)
(8864, 10000)
  2  13  50, 0.000800 [0.002660/31.420931] [ 241/0.000528]
  2  13 100, 0.000646 [0.005420/31.401502] [ 291/0.000528]
  2  13 150, 0.000531 [0.001671/31.382084] [ 341/0.000528]
  2  13 200, 0.000528 [0.002292/31.362741] [ 391/0.000528]
  2  13 250, 0.000481 [0.006853/31.343451] [   0/0.000481]
  2  13 300, 0.000757 [0.003856/31.324445] [  50/0.000481]
  2  13 350, 0.000544 [0.004913/31.305327] [ 100/0.000481]
Epoch 13 done. Evaluation:
(50000, 50000)
(8860, 10000)
  2  14  50, 0.000498 [0.002866/31.270699] [ 191/0.000481]
  2  14 100, 0.000545 [0.002072/31.251784] [ 241/0.000481]
  2  14 150, 0.000517 [0.001120/31.232929] [ 291/0.000481]
  2  14 200, 0.000556 [0.001289/31.214160] [ 341/0.000481]
  2  14 250, 0.000463 [0.002507/31.195423] [   0/0.000463]
  2  14 300, 0.000435 [0.002967/31.176746] [   0/0.000435]
  2  14 350, 0.000434 [0.000957/31.158144] [   0/0.000434]
Epoch 14 done. Evaluation:
(50000, 50000)
(8870, 10000)
  2  15  50, 0.000598 [0.000990/31.124640] [  91/0.000434]
  2  15 100, 0.000412 [0.001122/31.106221] [   0/0.000412]
  2  15 150, 0.000476 [0.002267/31.087896] [  50/0.000412]
  2  15 200, 0.000476 [0.006517/31.069642] [ 100/0.000412]
  2  15 250, 0.000443 [0.001049/31.051437] [ 150/0.000412]
  2  15 300, 0.000536 [0.002028/31.033349] [ 200/0.000412]
  2  15 350, 0.000419 [0.001284/31.015272] [ 250/0.000412]
Epoch 15 done. Evaluation:
(49999, 50000)
(8869, 10000)
  2  16  50, 0.000366 [0.002853/30.982529] [   0/0.000366]
  2  16 100, 0.000348 [0.001874/30.964615] [   0/0.000348]
  2  16 150, 0.000465 [0.008466/30.946811] [  50/0.000348]
  2  16 200, 0.000333 [0.001016/30.929021] [   0/0.000333]
  2  16 250, 0.000346 [0.001867/30.911305] [  50/0.000333]
  2  16 300, 0.000359 [0.004472/30.893658] [ 100/0.000333]
  2  16 350, 0.000371 [0.001210/30.876082] [ 150/0.000333]
Epoch 16 done. Evaluation:
(50000, 50000)
(8864, 10000)
  2  17  50, 0.000309 [0.003631/30.844246] [   0/0.000309]
  2  17 100, 0.000371 [0.001296/30.826849] [  50/0.000309]
  2  17 150, 0.000358 [0.001106/30.809510] [ 100/0.000309]
  2  17 200, 0.000362 [0.002543/30.792238] [ 150/0.000309]
  2  17 250, 0.000458 [0.003358/30.775084] [ 200/0.000309]
  2  17 300, 0.000338 [0.001502/30.757929] [ 250/0.000309]
  2  17 350, 0.000330 [0.001946/30.740833] [ 300/0.000309]
Epoch 17 done. Evaluation:
(50000, 50000)
(8860, 10000)
  2  18  50, 0.000402 [0.001924/30.709949] [ 391/0.000309]
  2  18 100, 0.000335 [0.001289/30.693029] [ 441/0.000309]
  2  18 150, 0.000326 [0.001715/30.676170] [ 491/0.000309]
  2  18 200, 0.000339 [0.000867/30.659377] [ 541/0.000309]
  2  18 250, 0.000311 [0.001198/30.642633] [ 591/0.000309]
  2  18 300, 0.000306 [0.001381/30.625946] [   0/0.000306]
  2  18 350, 0.000384 [0.001947/30.609353] [  50/0.000306]
Epoch 18 done. Evaluation:
(50000, 50000)
(8879, 10000)
  2  19  50, 0.000253 [0.001256/30.579221] [   0/0.000253]
  2  19 100, 0.000260 [0.001966/30.562745] [  50/0.000253]
  2  19 150, 0.000307 [0.003742/30.546351] [ 100/0.000253]
  2  19 200, 0.000235 [0.000889/30.529984] [   0/0.000235]
  2  19 250, 0.000292 [0.001614/30.513699] [  50/0.000235]
  2  19 300, 0.000311 [0.000925/30.497485] [ 100/0.000235]
  2  19 350, 0.000297 [0.005565/30.481321] [ 150/0.000235]
Epoch 19 done. Evaluation:
(50000, 50000)
(8877, 10000)
  3   0  50, 0.000324 [0.000935/30.460086] [ 241/0.000235]
  3   0 100, 0.000234 [0.000491/30.452049] [   0/0.000234]
  3   0 150, 0.000260 [0.000592/30.444032] [  50/0.000234]
  3   0 200, 0.000213 [0.002072/30.436019] [   0/0.000213]
  3   0 250, 0.000266 [0.000662/30.428034] [  50/0.000213]
  3   0 300, 0.000230 [0.000516/30.420055] [ 100/0.000213]
  3   0 350, 0.000304 [0.000519/30.412104] [ 150/0.000213]
Epoch 0 done. Evaluation:
(50000, 50000)
(8881, 10000)
  3   1  50, 0.000270 [0.000649/30.397658] [ 241/0.000213]
  3   1 100, 0.000238 [0.001281/30.389734] [ 291/0.000213]
  3   1 150, 0.000239 [0.000673/30.381826] [ 341/0.000213]
  3   1 200, 0.000247 [0.000371/30.373931] [ 391/0.000213]
  3   1 250, 0.000297 [0.000512/30.366060] [ 441/0.000213]
  3   1 300, 0.000263 [0.000402/30.358197] [ 491/0.000213]
  3   1 350, 0.000251 [0.002766/30.350344] [ 541/0.000213]
Epoch 1 done. Evaluation:
(50000, 50000)
(8887, 10000)
  3   2  50, 0.000221 [0.000755/30.336086] [ 632/0.000213]
  3   2 100, 0.000289 [0.000478/30.328283] [ 682/0.000213]
  3   2 150, 0.000247 [0.000515/30.320484] [ 732/0.000213]
  3   2 200, 0.000271 [0.000500/30.312705] [ 782/0.000213]
  3   2 250, 0.000282 [0.000507/30.304941] [ 832/0.000213]
  3   2 300, 0.000240 [0.000609/30.297183] [ 882/0.000213]
  3   2 350, 0.000275 [0.000503/30.289443] [ 932/0.000213]
Epoch 2 done. Evaluation:
(50000, 50000)
(8871, 10000)
  3   3  50, 0.000268 [0.000953/30.275392] [1023/0.000213]
  3   3 100, 0.000273 [0.000832/30.267691] [1073/0.000213]
  3   3 150, 0.000225 [0.001056/30.259997] [1123/0.000213]
  3   3 200, 0.000236 [0.000347/30.252316] [1173/0.000213]
  3   3 250, 0.000216 [0.000460/30.244646] [1223/0.000213]
  3   3 300, 0.000233 [0.000504/30.236993] [1273/0.000213]
  3   3 350, 0.000217 [0.000694/30.229350] [1323/0.000213]
Epoch 3 done. Evaluation:
(50000, 50000)
(8865, 10000)
  3   4  50, 0.000215 [0.000437/30.215477] [1414/0.000213]
  3   4 100, 0.000254 [0.001066/30.207879] [1464/0.000213]
  3   4 150, 0.000293 [0.000509/30.200303] [1514/0.000213]
  3   4 200, 0.000240 [0.000981/30.192731] [1564/0.000213]
  3   4 250, 0.000222 [0.000509/30.185165] [1614/0.000213]
  3   4 300, 0.000193 [0.000546/30.177609] [   0/0.000193]
  3   4 350, 0.000211 [0.000461/30.170066] [  50/0.000193]
Epoch 4 done. Evaluation:
(50000, 50000)
(8874, 10000)
  3   5  50, 0.000212 [0.000375/30.156383] [ 141/0.000193]
  3   5 100, 0.000219 [0.000758/30.148882] [ 191/0.000193]
  3   5 150, 0.000229 [0.000445/30.141399] [ 241/0.000193]
  3   5 200, 0.000207 [0.000711/30.133921] [ 291/0.000193]
  3   5 250, 0.000205 [0.000341/30.126456] [ 341/0.000193]
  3   5 300, 0.000222 [0.000603/30.119009] [ 391/0.000193]
  3   5 350, 0.000209 [0.000580/30.111571] [ 441/0.000193]
Epoch 5 done. Evaluation:
(50000, 50000)
(8881, 10000)
  3   6  50, 0.000219 [0.001506/30.098068] [ 532/0.000193]
  3   6 100, 0.000190 [0.001280/30.090663] [   0/0.000190]
  3   6 150, 0.000251 [0.001190/30.083283] [  50/0.000190]
  3   6 200, 0.000188 [0.000409/30.075902] [   0/0.000188]
  3   6 250, 0.000211 [0.002176/30.068541] [  50/0.000188]
  3   6 300, 0.000189 [0.000565/30.061186] [ 100/0.000188]
  3   6 350, 0.000213 [0.000419/30.053848] [ 150/0.000188]
Epoch 6 done. Evaluation:
(50000, 50000)
(8894, 10000)
  3   7  50, 0.000188 [0.000429/30.040528] [   0/0.000188]
  3   7 100, 0.000183 [0.000815/30.033221] [   0/0.000183]
  3   7 150, 0.000188 [0.000562/30.025929] [  50/0.000183]
  3   7 200, 0.000211 [0.000480/30.018653] [ 100/0.000183]
  3   7 250, 0.000207 [0.000437/30.011387] [ 150/0.000183]
  3   7 300, 0.000205 [0.000640/30.004137] [ 200/0.000183]
  3   7 350, 0.000795 [0.000945/29.997149] [ 250/0.000183]
Epoch 7 done. Evaluation:
(49998, 50000)
(8868, 10000)
  3   8  50, 0.000223 [0.000928/29.984029] [ 341/0.000183]
  3   8 100, 0.000300 [0.000571/29.976843] [ 391/0.000183]
  3   8 150, 0.000206 [0.000653/29.969652] [ 441/0.000183]
  3   8 200, 0.000259 [0.001236/29.962482] [ 491/0.000183]
  3   8 250, 0.000245 [0.000821/29.955323] [ 541/0.000183]
  3   8 300, 0.000235 [0.001364/29.948175] [ 591/0.000183]
  3   8 350, 0.000225 [0.001480/29.941037] [ 641/0.000183]
Epoch 8 done. Evaluation:
(50000, 50000)
(8869, 10000)
  3   9  50, 0.000194 [0.000345/29.928065] [ 732/0.000183]
  3   9 100, 0.000216 [0.000471/29.920960] [ 782/0.000183]
  3   9 150, 0.000208 [0.000539/29.913863] [ 832/0.000183]
  3   9 200, 0.000202 [0.000456/29.906779] [ 882/0.000183]
  3   9 250, 0.000251 [0.000589/29.899718] [ 932/0.000183]
  3   9 300, 0.000223 [0.000587/29.892662] [ 982/0.000183]
  3   9 350, 0.000201 [0.001518/29.885613] [1032/0.000183]
Epoch 9 done. Evaluation:
(50000, 50000)
(8877, 10000)
  3  10  50, 0.000225 [0.001814/29.872822] [1123/0.000183]
  3  10 100, 0.000187 [0.000329/29.865804] [1173/0.000183]
  3  10 150, 0.000179 [0.000935/29.858796] [   0/0.000179]
  3  10 200, 0.000190 [0.000359/29.851803] [  50/0.000179]
  3  10 250, 0.000212 [0.000689/29.844826] [ 100/0.000179]
  3  10 300, 0.000209 [0.000820/29.837861] [ 150/0.000179]
  3  10 350, 0.000198 [0.000793/29.830907] [ 200/0.000179]
Epoch 10 done. Evaluation:
(50000, 50000)
(8861, 10000)
  3  11  50, 0.000186 [0.000726/29.818284] [ 291/0.000179]
  3  11 100, 0.000207 [0.000871/29.811363] [ 341/0.000179]
  3  11 150, 0.000227 [0.000487/29.804459] [ 391/0.000179]
  3  11 200, 0.000188 [0.000445/29.797560] [ 441/0.000179]
  3  11 250, 0.000211 [0.001090/29.790675] [ 491/0.000179]
  3  11 300, 0.000160 [0.000540/29.783793] [   0/0.000160]
  3  11 350, 0.000180 [0.000362/29.776924] [  50/0.000160]
Epoch 11 done. Evaluation:
(50000, 50000)
(8879, 10000)
  3  12  50, 0.000186 [0.000796/29.764463] [ 141/0.000160]
  3  12 100, 0.000186 [0.000327/29.757632] [ 191/0.000160]
  3  12 150, 0.000177 [0.000354/29.750807] [ 241/0.000160]
  3  12 200, 0.000176 [0.001667/29.743995] [ 291/0.000160]
  3  12 250, 0.000175 [0.000719/29.737195] [ 341/0.000160]
  3  12 300, 0.000190 [0.000424/29.730408] [ 391/0.000160]
  3  12 350, 0.000199 [0.000595/29.723635] [ 441/0.000160]
Epoch 12 done. Evaluation:
(50000, 50000)
(8873, 10000)
  3  13  50, 0.000204 [0.000429/29.711338] [ 532/0.000160]
  3  13 100, 0.000194 [0.000684/29.704596] [ 582/0.000160]
  3  13 150, 0.000188 [0.000517/29.697866] [ 632/0.000160]
  3  13 200, 0.000183 [0.000354/29.691143] [ 682/0.000160]
  3  13 250, 0.000167 [0.000538/29.684432] [ 732/0.000160]
  3  13 300, 0.000196 [0.000325/29.677737] [ 782/0.000160]
  3  13 350, 0.000188 [0.000352/29.671050] [ 832/0.000160]
Epoch 13 done. Evaluation:
(50000, 50000)
(8869, 10000)
  3  14  50, 0.000173 [0.000329/29.658902] [ 923/0.000160]
  3  14 100, 0.000178 [0.000380/29.652245] [ 973/0.000160]
  3  14 150, 0.000173 [0.000476/29.645595] [1023/0.000160]
  3  14 200, 0.000178 [0.000666/29.638963] [1073/0.000160]
  3  14 250, 0.000151 [0.002500/29.632331] [   0/0.000151]
  3  14 300, 0.000171 [0.000670/29.625717] [  50/0.000151]
  3  14 350, 0.000183 [0.000696/29.619117] [ 100/0.000151]
Epoch 14 done. Evaluation:
(50000, 50000)
(8868, 10000)
  3  15  50, 0.000199 [0.000432/29.607141] [ 191/0.000151]
  3  15 100, 0.000197 [0.000427/29.600576] [ 241/0.000151]
  3  15 150, 0.000170 [0.000581/29.594015] [ 291/0.000151]
  3  15 200, 0.000155 [0.000406/29.587460] [ 341/0.000151]
  3  15 250, 0.000186 [0.001024/29.580924] [ 391/0.000151]
  3  15 300, 0.000164 [0.000419/29.574392] [ 441/0.000151]
  3  15 350, 0.000187 [0.000336/29.567878] [ 491/0.000151]
Epoch 15 done. Evaluation:
(50000, 50000)
(8876, 10000)
  3  16  50, 0.000187 [0.000609/29.556051] [ 582/0.000151]
  3  16 100, 0.000179 [0.000738/29.549565] [ 632/0.000151]
  3  16 150, 0.000164 [0.000463/29.543086] [ 682/0.000151]
  3  16 200, 0.000167 [0.000475/29.536620] [ 732/0.000151]
  3  16 250, 0.000157 [0.000515/29.530165] [ 782/0.000151]
  3  16 300, 0.000166 [0.000380/29.523719] [ 832/0.000151]
  3  16 350, 0.000173 [0.000426/29.517285] [ 882/0.000151]
Epoch 16 done. Evaluation:
(50000, 50000)
(8873, 10000)
  3  17  50, 0.000163 [0.000336/29.505604] [ 973/0.000151]
  3  17 100, 0.000144 [0.000335/29.499193] [   0/0.000144]
  3  17 150, 0.000166 [0.000342/29.492798] [  50/0.000144]
  3  17 200, 0.000199 [0.001506/29.486423] [ 100/0.000144]
  3  17 250, 0.000158 [0.000798/29.480047] [ 150/0.000144]
  3  17 300, 0.000155 [0.000386/29.473682] [ 200/0.000144]
  3  17 350, 0.000159 [0.000358/29.467329] [ 250/0.000144]
Epoch 17 done. Evaluation:
(50000, 50000)
(8873, 10000)
  3  18  50, 0.000151 [0.000359/29.455792] [ 341/0.000144]
  3  18 100, 0.000153 [0.001848/29.449464] [ 391/0.000144]
  3  18 150, 0.000155 [0.000392/29.443151] [ 441/0.000144]
  3  18 200, 0.000173 [0.000397/29.436849] [ 491/0.000144]
  3  18 250, 0.000170 [0.000505/29.430558] [ 541/0.000144]
  3  18 300, 0.000144 [0.000937/29.424273] [ 591/0.000144]
  3  18 350, 0.000157 [0.000375/29.417998] [ 641/0.000144]
Epoch 18 done. Evaluation:
(50000, 50000)
(8875, 10000)
  3  19  50, 0.000173 [0.000382/29.406615] [ 732/0.000144]
  3  19 100, 0.000145 [0.000329/29.400370] [ 782/0.000144]
  3  19 150, 0.000167 [0.000302/29.394139] [ 832/0.000144]
  3  19 200, 0.000162 [0.000894/29.387913] [ 882/0.000144]
  3  19 250, 0.000156 [0.000503/29.381701] [ 932/0.000144]
  3  19 300, 0.000146 [0.000551/29.375494] [ 982/0.000144]
  3  19 350, 0.000158 [0.000325/29.369302] [1032/0.000144]
Epoch 19 done. Evaluation:
(50000, 50000)
(8873, 10000)
  4   0  50, 0.000152 [0.000181/29.361139] [1123/0.000144]
  4   0 100, 0.000148 [0.000259/29.358051] [1173/0.000144]
  4   0 150, 0.000160 [0.000263/29.354969] [1223/0.000144]
  4   0 200, 0.000143 [0.000239/29.351889] [   0/0.000143]
  4   0 250, 0.000155 [0.000274/29.348809] [  50/0.000143]
  4   0 300, 0.000158 [0.000343/29.345733] [ 100/0.000143]
  4   0 350, 0.000157 [0.000641/29.342660] [ 150/0.000143]
Epoch 0 done. Evaluation:
(50000, 50000)
(8875, 10000)
  4   1  50, 0.000135 [0.000321/29.337074] [   0/0.000135]
  4   1 100, 0.000145 [0.000284/29.334007] [  50/0.000135]
  4   1 150, 0.000155 [0.000208/29.330945] [ 100/0.000135]
  4   1 200, 0.000154 [0.000236/29.327881] [ 150/0.000135]
  4   1 250, 0.000146 [0.000200/29.324821] [ 200/0.000135]
  4   1 300, 0.000133 [0.000378/29.321762] [   0/0.000133]
  4   1 350, 0.000141 [0.000196/29.318707] [  50/0.000133]
Epoch 1 done. Evaluation:
(50000, 50000)
(8847, 10000)
  4   2  50, 0.000145 [0.000189/29.313155] [ 141/0.000133]
  4   2 100, 0.000145 [0.000270/29.310106] [ 191/0.000133]
  4   2 150, 0.000142 [0.000243/29.307061] [ 241/0.000133]
  4   2 200, 0.000142 [0.000289/29.304018] [ 291/0.000133]
  4   2 250, 0.000115 [0.000185/29.300974] [   0/0.000115]
  4   2 300, 0.000127 [0.000283/29.297934] [  50/0.000115]
  4   2 350, 0.000151 [0.000335/29.294899] [ 100/0.000115]
Epoch 2 done. Evaluation:
(50000, 50000)
(8875, 10000)
  4   3  50, 0.000147 [0.000186/29.289381] [ 191/0.000115]
  4   3 100, 0.000147 [0.000272/29.286352] [ 241/0.000115]
  4   3 150, 0.000142 [0.000305/29.283324] [ 291/0.000115]
  4   3 200, 0.000151 [0.000354/29.280303] [ 341/0.000115]
  4   3 250, 0.000129 [0.000321/29.277279] [ 391/0.000115]
  4   3 300, 0.000165 [0.000229/29.274262] [ 441/0.000115]
  4   3 350, 0.000153 [0.000461/29.271245] [ 491/0.000115]
Epoch 3 done. Evaluation:
(50000, 50000)
(8875, 10000)
  4   4  50, 0.000159 [0.000187/29.265761] [ 582/0.000115]
  4   4 100, 0.000123 [0.000193/29.262750] [ 632/0.000115]
  4   4 150, 0.000183 [0.000207/29.259746] [ 682/0.000115]
  4   4 200, 0.000160 [0.000215/29.256742] [ 732/0.000115]
  4   4 250, 0.000151 [0.000208/29.253739] [ 782/0.000115]
  4   4 300, 0.000139 [0.000197/29.250739] [ 832/0.000115]
  4   4 350, 0.000142 [0.000229/29.247741] [ 882/0.000115]
Epoch 4 done. Evaluation:
(50000, 50000)
(8881, 10000)
  4   5  50, 0.000136 [0.000188/29.242291] [ 973/0.000115]
  4   5 100, 0.000137 [0.000170/29.239302] [1023/0.000115]
  4   5 150, 0.000147 [0.000367/29.236312] [1073/0.000115]
  4   5 200, 0.000127 [0.000192/29.233324] [1123/0.000115]
  4   5 250, 0.000142 [0.000448/29.230340] [1173/0.000115]
  4   5 300, 0.000147 [0.000235/29.227359] [1223/0.000115]
  4   5 350, 0.000137 [0.000546/29.224380] [1273/0.000115]
Epoch 5 done. Evaluation:
(50000, 50000)
(8871, 10000)
  4   6  50, 0.000147 [0.000246/29.218963] [1364/0.000115]
  4   6 100, 0.000131 [0.000205/29.215991] [1414/0.000115]
  4   6 150, 0.000138 [0.000204/29.213020] [1464/0.000115]
  4   6 200, 0.000157 [0.000497/29.210055] [1514/0.000115]
  4   6 250, 0.000149 [0.000363/29.207090] [1564/0.000115]
  4   6 300, 0.000127 [0.000184/29.204124] [1614/0.000115]
  4   6 350, 0.000161 [0.000285/29.201165] [1664/0.000115]
Epoch 6 done. Evaluation:
(50000, 50000)
(8877, 10000)
  4   7  50, 0.000131 [0.000345/29.195780] [1755/0.000115]
  4   7 100, 0.000133 [0.000822/29.192825] [1805/0.000115]
  4   7 150, 0.000144 [0.000323/29.189873] [1855/0.000115]
  4   7 200, 0.000126 [0.000480/29.186922] [1905/0.000115]
  4   7 250, 0.000130 [0.000175/29.183974] [1955/0.000115]
  4   7 300, 0.000132 [0.000196/29.181029] [2005/0.000115]
  4   7 350, 0.000122 [0.000227/29.178084] [2055/0.000115]
Epoch 7 done. Evaluation:
(50000, 50000)
(8878, 10000)
  4   8  50, 0.000124 [0.000433/29.172733] [2146/0.000115]
  4   8 100, 0.000128 [0.000223/29.169798] [2196/0.000115]
  4   8 150, 0.000130 [0.000284/29.166862] [2246/0.000115]
  4   8 200, 0.000157 [0.000221/29.163931] [2296/0.000115]
  4   8 250, 0.000139 [0.000323/29.161002] [2346/0.000115]
  4   8 300, 0.000138 [0.000456/29.158076] [2396/0.000115]
  4   8 350, 0.000124 [0.000193/29.155149] [2446/0.000115]
Epoch 8 done. Evaluation:
(50000, 50000)
(8880, 10000)
  4   9  50, 0.000133 [0.000170/29.149834] [2537/0.000115]
  4   9 100, 0.000141 [0.000201/29.146915] [2587/0.000115]
  4   9 150, 0.000145 [0.000405/29.144001] [2637/0.000115]
  4   9 200, 0.000134 [0.000201/29.141088] [2687/0.000115]
  4   9 250, 0.000111 [0.000340/29.138175] [   0/0.000111]
  4   9 300, 0.000127 [0.000171/29.135264] [  50/0.000111]
  4   9 350, 0.000136 [0.000195/29.132358] [ 100/0.000111]
Epoch 9 done. Evaluation:
(50000, 50000)
(8869, 10000)
  4  10  50, 0.000135 [0.000170/29.127073] [ 191/0.000111]
  4  10 100, 0.000142 [0.002119/29.124173] [ 241/0.000111]
  4  10 150, 0.000129 [0.000200/29.121274] [ 291/0.000111]
  4  10 200, 0.000131 [0.000442/29.118378] [ 341/0.000111]
  4  10 250, 0.000126 [0.000183/29.115485] [ 391/0.000111]
  4  10 300, 0.000119 [0.000182/29.112590] [ 441/0.000111]
  4  10 350, 0.000141 [0.000186/29.109702] [ 491/0.000111]
Epoch 10 done. Evaluation:
(50000, 50000)
(8873, 10000)
  4  11  50, 0.000118 [0.000563/29.104449] [ 582/0.000111]
  4  11 100, 0.000156 [0.000228/29.101568] [ 632/0.000111]
  4  11 150, 0.000119 [0.000205/29.098686] [ 682/0.000111]
  4  11 200, 0.000134 [0.000218/29.095808] [ 732/0.000111]
  4  11 250, 0.000127 [0.000273/29.092931] [ 782/0.000111]
  4  11 300, 0.000140 [0.000246/29.090060] [ 832/0.000111]
  4  11 350, 0.000147 [0.000358/29.087190] [ 882/0.000111]
Epoch 11 done. Evaluation:
(50000, 50000)
(8877, 10000)
  4  12  50, 0.000138 [0.000209/29.081971] [ 973/0.000111]
  4  12 100, 0.000136 [0.000174/29.079107] [1023/0.000111]
  4  12 150, 0.000139 [0.000295/29.076246] [1073/0.000111]
  4  12 200, 0.000133 [0.000179/29.073385] [1123/0.000111]
  4  12 250, 0.000146 [0.000205/29.070528] [1173/0.000111]
  4  12 300, 0.000124 [0.000179/29.067672] [1223/0.000111]
  4  12 350, 0.000128 [0.000198/29.064817] [1273/0.000111]
Epoch 12 done. Evaluation:
(50000, 50000)
(8882, 10000)
  4  13  50, 0.000130 [0.000226/29.059631] [1364/0.000111]
  4  13 100, 0.000148 [0.001733/29.056783] [1414/0.000111]
  4  13 150, 0.000133 [0.000222/29.053941] [1464/0.000111]
  4  13 200, 0.000116 [0.000196/29.051094] [1514/0.000111]
  4  13 250, 0.000140 [0.000188/29.048254] [1564/0.000111]
  4  13 300, 0.000125 [0.000170/29.045415] [1614/0.000111]
  4  13 350, 0.000130 [0.000221/29.042579] [1664/0.000111]
Epoch 13 done. Evaluation:
(50000, 50000)
(8889, 10000)
  4  14  50, 0.000128 [0.000248/29.037425] [1755/0.000111]
  4  14 100, 0.000126 [0.000293/29.034592] [1805/0.000111]
  4  14 150, 0.000135 [0.000250/29.031765] [1855/0.000111]
  4  14 200, 0.000126 [0.000201/29.028939] [1905/0.000111]
  4  14 250, 0.000136 [0.000467/29.026115] [1955/0.000111]
  4  14 300, 0.000138 [0.000386/29.023295] [2005/0.000111]
  4  14 350, 0.000109 [0.000405/29.020473] [   0/0.000109]
Epoch 14 done. Evaluation:
(50000, 50000)
(8882, 10000)
  4  15  50, 0.000167 [0.000238/29.015352] [  91/0.000109]
  4  15 100, 0.000137 [0.000178/29.012540] [ 141/0.000109]
  4  15 150, 0.000143 [0.000244/29.009732] [ 191/0.000109]
  4  15 200, 0.000135 [0.000190/29.006925] [ 241/0.000109]
  4  15 250, 0.000136 [0.000500/29.004120] [ 291/0.000109]
  4  15 300, 0.000122 [0.000198/29.001314] [ 341/0.000109]
  4  15 350, 0.000126 [0.000445/28.998511] [ 391/0.000109]
Epoch 15 done. Evaluation:
(50000, 50000)
(8863, 10000)
  4  16  50, 0.000147 [0.000190/28.993420] [ 482/0.000109]
  4  16 100, 0.000114 [0.000169/28.990623] [ 532/0.000109]
  4  16 150, 0.000121 [0.000196/28.987826] [ 582/0.000109]
  4  16 200, 0.000119 [0.000207/28.985035] [ 632/0.000109]
  4  16 250, 0.000109 [0.000227/28.982245] [   0/0.000109]
  4  16 300, 0.000128 [0.000229/28.979455] [  50/0.000109]
  4  16 350, 0.000120 [0.000204/28.976669] [ 100/0.000109]
Epoch 16 done. Evaluation:
(50000, 50000)
(8880, 10000)
  4  17  50, 0.000125 [0.000218/28.971604] [ 191/0.000109]
  4  17 100, 0.000115 [0.000426/28.968823] [ 241/0.000109]
  4  17 150, 0.000115 [0.000186/28.966044] [ 291/0.000109]
  4  17 200, 0.000144 [0.000215/28.963270] [ 341/0.000109]
  4  17 250, 0.000140 [0.000295/28.960499] [ 391/0.000109]
  4  17 300, 0.000125 [0.000175/28.957730] [ 441/0.000109]
  4  17 350, 0.000117 [0.000194/28.954961] [ 491/0.000109]
Epoch 17 done. Evaluation:
(50000, 50000)
(8868, 10000)
  4  18  50, 0.000134 [0.000204/28.949929] [ 582/0.000109]
  4  18 100, 0.000116 [0.000171/28.947167] [ 632/0.000109]
  4  18 150, 0.000149 [0.000268/28.944407] [ 682/0.000109]
  4  18 200, 0.000159 [0.000175/28.941652] [ 732/0.000109]
  4  18 250, 0.000140 [0.000189/28.938897] [ 782/0.000109]
  4  18 300, 0.000119 [0.000494/28.936142] [ 832/0.000109]
  4  18 350, 0.000125 [0.000282/28.933390] [ 882/0.000109]
Epoch 18 done. Evaluation:
(50000, 50000)
(8871, 10000)
  4  19  50, 0.000128 [0.000213/28.928386] [ 973/0.000109]
  4  19 100, 0.000137 [0.000180/28.925638] [1023/0.000109]
  4  19 150, 0.000113 [0.000253/28.922895] [1073/0.000109]
  4  19 200, 0.000126 [0.000307/28.920155] [1123/0.000109]
  4  19 250, 0.000134 [0.000323/28.917417] [1173/0.000109]
  4  19 300, 0.000112 [0.000304/28.914677] [1223/0.000109]
  4  19 350, 0.000132 [0.000196/28.911943] [1273/0.000109]
Epoch 19 done. Evaluation:
(50000, 50000)
(8878, 10000)
  5   0  50, 0.000110 [0.000122/28.908329] [1364/0.000109]
  5   0 100, 0.000113 [0.000148/28.906960] [1414/0.000109]
  5   0 150, 0.000117 [0.000127/28.905591] [1464/0.000109]
  5   0 200, 0.000102 [0.000278/28.904224] [   0/0.000102]
  5   0 250, 0.000124 [0.000122/28.902856] [  50/0.000102]
  5   0 300, 0.000116 [0.000200/28.901488] [ 100/0.000102]
  5   0 350, 0.000137 [0.000123/28.900122] [ 150/0.000102]
Epoch 0 done. Evaluation:
(50000, 50000)
(8879, 10000)
  5   1  50, 0.000133 [0.000417/28.897639] [ 241/0.000102]
  5   1 100, 0.000125 [0.000171/28.896275] [ 291/0.000102]
  5   1 150, 0.000116 [0.000149/28.894911] [ 341/0.000102]
  5   1 200, 0.000118 [0.000125/28.893546] [ 391/0.000102]
  5   1 250, 0.000128 [0.000143/28.892185] [ 441/0.000102]
  5   1 300, 0.000150 [0.000124/28.890823] [ 491/0.000102]
  5   1 350, 0.000121 [0.000151/28.889461] [ 541/0.000102]
Epoch 1 done. Evaluation:
(50000, 50000)
(8874, 10000)
  5   2  50, 0.000117 [0.000124/28.886984] [ 632/0.000102]
  5   2 100, 0.000129 [0.000151/28.885623] [ 682/0.000102]
  5   2 150, 0.000147 [0.000136/28.884265] [ 732/0.000102]
  5   2 200, 0.000127 [0.000138/28.882908] [ 782/0.000102]
  5   2 250, 0.000119 [0.000184/28.881547] [ 832/0.000102]
  5   2 300, 0.000128 [0.000126/28.880189] [ 882/0.000102]
  5   2 350, 0.000109 [0.000149/28.878830] [ 932/0.000102]
Epoch 2 done. Evaluation:
(50000, 50000)
(8873, 10000)
  5   3  50, 0.000112 [0.000184/28.876360] [1023/0.000102]
  5   3 100, 0.000111 [0.000125/28.875002] [1073/0.000102]
  5   3 150, 0.000120 [0.000121/28.873645] [1123/0.000102]
  5   3 200, 0.000131 [0.000183/28.872291] [1173/0.000102]
  5   3 250, 0.000106 [0.000170/28.870934] [1223/0.000102]
  5   3 300, 0.000131 [0.000150/28.869583] [1273/0.000102]
  5   3 350, 0.000144 [0.000128/28.868228] [1323/0.000102]
Epoch 3 done. Evaluation:
(50000, 50000)
(8873, 10000)
  5   4  50, 0.000107 [0.000125/28.865764] [1414/0.000102]
  5   4 100, 0.000131 [0.000608/28.864412] [1464/0.000102]
  5   4 150, 0.000111 [0.000123/28.863059] [1514/0.000102]
  5   4 200, 0.000110 [0.000123/28.861706] [1564/0.000102]
  5   4 250, 0.000126 [0.000397/28.860357] [1614/0.000102]
  5   4 300, 0.000112 [0.000162/28.859005] [1664/0.000102]
  5   4 350, 0.000121 [0.000120/28.857655] [1714/0.000102]
Epoch 4 done. Evaluation:
(50000, 50000)
(8869, 10000)
  5   5  50, 0.000125 [0.000147/28.855200] [1805/0.000102]
  5   5 100, 0.000108 [0.000142/28.853851] [1855/0.000102]
  5   5 150, 0.000108 [0.000129/28.852503] [1905/0.000102]
  5   5 200, 0.000130 [0.000152/28.851154] [1955/0.000102]
  5   5 250, 0.000106 [0.000145/28.849805] [2005/0.000102]
  5   5 300, 0.000126 [0.000163/28.848461] [2055/0.000102]
  5   5 350, 0.000115 [0.000175/28.847114] [2105/0.000102]
Epoch 5 done. Evaluation:
(50000, 50000)
(8884, 10000)
  5   6  50, 0.000125 [0.000138/28.844665] [2196/0.000102]
  5   6 100, 0.000107 [0.000122/28.843320] [2246/0.000102]
  5   6 150, 0.000124 [0.000120/28.841977] [2296/0.000102]
  5   6 200, 0.000122 [0.000148/28.840633] [2346/0.000102]
  5   6 250, 0.000113 [0.000123/28.839288] [2396/0.000102]
  5   6 300, 0.000106 [0.000121/28.837947] [2446/0.000102]
  5   6 350, 0.000144 [0.000122/28.836606] [2496/0.000102]
Epoch 6 done. Evaluation:
(50000, 50000)
(8876, 10000)
  5   7  50, 0.000102 [0.000134/28.834165] [   0/0.000102]
  5   7 100, 0.000118 [0.000125/28.832823] [  50/0.000102]
  5   7 150, 0.000123 [0.000140/28.831485] [ 100/0.000102]
  5   7 200, 0.000108 [0.000139/28.830143] [ 150/0.000102]
  5   7 250, 0.000111 [0.000520/28.828803] [ 200/0.000102]
  5   7 300, 0.000120 [0.000147/28.827467] [ 250/0.000102]
  5   7 350, 0.000111 [0.000158/28.826126] [ 300/0.000102]
Epoch 7 done. Evaluation:
(50000, 50000)
(8869, 10000)
  5   8  50, 0.000113 [0.000126/28.823692] [ 391/0.000102]
  5   8 100, 0.000116 [0.000120/28.822355] [ 441/0.000102]
  5   8 150, 0.000135 [0.000120/28.821020] [ 491/0.000102]
  5   8 200, 0.000106 [0.000131/28.819683] [ 541/0.000102]
  5   8 250, 0.000107 [0.000136/28.818347] [ 591/0.000102]
  5   8 300, 0.000123 [0.000126/28.817014] [ 641/0.000102]
  5   8 350, 0.000115 [0.000235/28.815678] [ 691/0.000102]
Epoch 8 done. Evaluation:
(50000, 50000)
(8872, 10000)
  5   9  50, 0.000129 [0.000137/28.813253] [ 782/0.000102]
  5   9 100, 0.000125 [0.000125/28.811920] [ 832/0.000102]
  5   9 150, 0.000122 [0.000154/28.810589] [ 882/0.000102]
  5   9 200, 0.000115 [0.000188/28.809256] [ 932/0.000102]
  5   9 250, 0.000137 [0.000120/28.807925] [ 982/0.000102]
  5   9 300, 0.000131 [0.000120/28.806595] [1032/0.000102]
  5   9 350, 0.000112 [0.000148/28.805264] [1082/0.000102]
Epoch 9 done. Evaluation:
(50000, 50000)
(8863, 10000)
  5  10  50, 0.000109 [0.000120/28.802844] [1173/0.000102]
  5  10 100, 0.000137 [0.000144/28.801516] [1223/0.000102]
  5  10 150, 0.000110 [0.000122/28.800185] [1273/0.000102]
  5  10 200, 0.000104 [0.000118/28.798857] [1323/0.000102]
  5  10 250, 0.000091 [0.000129/28.797528] [   0/0.000091]
  5  10 300, 0.000107 [0.000140/28.796202] [  50/0.000091]
  5  10 350, 0.000117 [0.000226/28.794877] [ 100/0.000091]
Epoch 10 done. Evaluation:
(50000, 50000)
(8874, 10000)
  5  11  50, 0.000121 [0.000126/28.792463] [ 191/0.000091]
  5  11 100, 0.000096 [0.000175/28.791135] [ 241/0.000091]
  5  11 150, 0.000115 [0.000139/28.789810] [ 291/0.000091]
  5  11 200, 0.000114 [0.000126/28.788487] [ 341/0.000091]
  5  11 250, 0.000107 [0.000153/28.787163] [ 391/0.000091]
  5  11 300, 0.000129 [0.000153/28.785841] [ 441/0.000091]
  5  11 350, 0.000119 [0.000131/28.784519] [ 491/0.000091]
Epoch 11 done. Evaluation:
(50000, 50000)
(8883, 10000)
  5  12  50, 0.000135 [0.000170/28.782115] [ 582/0.000091]
  5  12 100, 0.000113 [0.000461/28.780793] [ 632/0.000091]
  5  12 150, 0.000103 [0.000120/28.779471] [ 682/0.000091]
  5  12 200, 0.000108 [0.000122/28.778151] [ 732/0.000091]
  5  12 250, 0.000107 [0.000196/28.776830] [ 782/0.000091]
  5  12 300, 0.000115 [0.000137/28.775511] [ 832/0.000091]
  5  12 350, 0.000111 [0.000152/28.774192] [ 882/0.000091]
Epoch 12 done. Evaluation:
(50000, 50000)
(8860, 10000)
  5  13  50, 0.000107 [0.000185/28.771793] [ 973/0.000091]
  5  13 100, 0.000104 [0.000118/28.770475] [1023/0.000091]
  5  13 150, 0.000106 [0.000160/28.769156] [1073/0.000091]
  5  13 200, 0.000112 [0.000138/28.767839] [1123/0.000091]
  5  13 250, 0.000119 [0.000147/28.766524] [1173/0.000091]
  5  13 300, 0.000105 [0.000117/28.765208] [1223/0.000091]
  5  13 350, 0.000116 [0.000161/28.763893] [1273/0.000091]
Epoch 13 done. Evaluation:
(50000, 50000)
(8872, 10000)
  5  14  50, 0.000116 [0.000133/28.761503] [1364/0.000091]
  5  14 100, 0.000128 [0.000123/28.760192] [1414/0.000091]
  5  14 150, 0.000130 [0.000120/28.758880] [1464/0.000091]
  5  14 200, 0.000117 [0.000124/28.757568] [1514/0.000091]
  5  14 250, 0.000105 [0.000144/28.756254] [1564/0.000091]
  5  14 300, 0.000110 [0.000169/28.754942] [1614/0.000091]
  5  14 350, 0.000118 [0.000145/28.753634] [1664/0.000091]
Epoch 14 done. Evaluation:
(50000, 50000)
(8869, 10000)
  5  15  50, 0.000106 [0.000119/28.751245] [1755/0.000091]
  5  15 100, 0.000105 [0.000172/28.749934] [1805/0.000091]
  5  15 150, 0.000106 [0.000129/28.748626] [1855/0.000091]
  5  15 200, 0.000116 [0.000121/28.747317] [1905/0.000091]
  5  15 250, 0.000094 [0.000123/28.746007] [1955/0.000091]
  5  15 300, 0.000113 [0.000122/28.744700] [2005/0.000091]
  5  15 350, 0.000116 [0.000240/28.743391] [2055/0.000091]
Epoch 15 done. Evaluation:
(50000, 50000)
(8857, 10000)
  5  16  50, 0.000122 [0.000128/28.741014] [2146/0.000091]
  5  16 100, 0.000105 [0.000164/28.739708] [2196/0.000091]
  5  16 150, 0.000102 [0.000121/28.738401] [2246/0.000091]
  5  16 200, 0.000099 [0.000120/28.737095] [2296/0.000091]
  5  16 250, 0.000145 [0.000194/28.735793] [2346/0.000091]
  5  16 300, 0.000093 [0.000137/28.734487] [2396/0.000091]
  5  16 350, 0.000121 [0.000148/28.733185] [2446/0.000091]
Epoch 16 done. Evaluation:
(50000, 50000)
(8864, 10000)
  5  17  50, 0.000098 [0.000157/28.730813] [2537/0.000091]
  5  17 100, 0.000138 [0.000333/28.729512] [2587/0.000091]
  5  17 150, 0.000100 [0.000270/28.728209] [2637/0.000091]
  5  17 200, 0.000105 [0.000177/28.726907] [2687/0.000091]
  5  17 250, 0.000128 [0.000130/28.725607] [2737/0.000091]
  5  17 300, 0.000099 [0.000126/28.724307] [2787/0.000091]
  5  17 350, 0.000109 [0.000134/28.723009] [2837/0.000091]
Epoch 17 done. Evaluation:
(50000, 50000)
(8881, 10000)
  5  18  50, 0.000108 [0.000125/28.720644] [2928/0.000091]
  5  18 100, 0.000107 [0.001109/28.719344] [2978/0.000091]
  5  18 150, 0.000110 [0.000130/28.718046] [3028/0.000091]
  5  18 200, 0.000109 [0.000129/28.716748] [3078/0.000091]
  5  18 250, 0.000110 [0.000139/28.715451] [3128/0.000091]
  5  18 300, 0.000110 [0.000146/28.714154] [3178/0.000091]
  5  18 350, 0.000107 [0.000135/28.712858] [3228/0.000091]
Epoch 18 done. Evaluation:
(50000, 50000)
(8875, 10000)
  5  19  50, 0.000124 [0.000124/28.710500] [3319/0.000091]
  5  19 100, 0.000130 [0.000142/28.709208] [3369/0.000091]
  5  19 150, 0.000118 [0.000122/28.707913] [3419/0.000091]
  5  19 200, 0.000108 [0.000123/28.706620] [3469/0.000091]
  5  19 250, 0.000122 [0.000270/28.705327] [3519/0.000091]
  5  19 300, 0.000111 [0.000124/28.704034] [3569/0.000091]
  5  19 350, 0.000116 [0.000126/28.702743] [3619/0.000091]
Epoch 19 done. Evaluation:
(50000, 50000)
(8868, 10000)
  6   0  50, 0.000114 [0.000107/28.701037] [3710/0.000091]
  6   0 100, 0.000115 [0.000110/28.700393] [3760/0.000091]
  6   0 150, 0.000102 [0.000109/28.699746] [3810/0.000091]
  6   0 200, 0.000117 [0.000113/28.699101] [3860/0.000091]
  6   0 250, 0.000117 [0.000116/28.698456] [3910/0.000091]
  6   0 300, 0.000106 [0.000107/28.697811] [3960/0.000091]
  6   0 350, 0.000097 [0.000105/28.697164] [4010/0.000091]
Epoch 0 done. Evaluation:
(50000, 50000)
(8875, 10000)
  6   1  50, 0.000100 [0.000113/28.695990] [4101/0.000091]
  6   1 100, 0.000110 [0.000112/28.695344] [4151/0.000091]
  6   1 150, 0.000133 [0.000114/28.694701] [4201/0.000091]
  6   1 200, 0.000107 [0.000106/28.694056] [4251/0.000091]
  6   1 250, 0.000116 [0.000135/28.693410] [4301/0.000091]
  6   1 300, 0.000105 [0.000113/28.692769] [4351/0.000091]
  6   1 350, 0.000104 [0.000108/28.692122] [4401/0.000091]
Epoch 1 done. Evaluation:
(50000, 50000)
(8867, 10000)
  6   2  50, 0.000102 [0.000108/28.690950] [4492/0.000091]
  6   2 100, 0.000123 [0.000110/28.690306] [4542/0.000091]
  6   2 150, 0.000095 [0.000107/28.689662] [4592/0.000091]
  6   2 200, 0.000105 [0.000107/28.689018] [4642/0.000091]
  6   2 250, 0.000106 [0.000126/28.688376] [4692/0.000091]
  6   2 300, 0.000108 [0.000109/28.687731] [4742/0.000091]
  6   2 350, 0.000101 [0.000107/28.687087] [4792/0.000091]
Epoch 2 done. Evaluation:
(50000, 50000)
(8876, 10000)
  6   3  50, 0.000109 [0.000110/28.685917] [4883/0.000091]
  6   3 100, 0.000100 [0.000108/28.685275] [4933/0.000091]
  6   3 150, 0.000111 [0.000120/28.684630] [4983/0.000091]
  6   3 200, 0.000124 [0.000105/28.683988] [5033/0.000091]
  6   3 250, 0.000130 [0.000222/28.683348] [5083/0.000091]
  6   3 300, 0.000110 [0.000120/28.682704] [5133/0.000091]
  6   3 350, 0.000111 [0.000106/28.682061] [5183/0.000091]
Epoch 3 done. Evaluation:
(50000, 50000)
(8877, 10000)
  6   4  50, 0.000101 [0.000115/28.680893] [5274/0.000091]
  6   4 100, 0.000107 [0.000106/28.680250] [5324/0.000091]
  6   4 150, 0.000099 [0.000116/28.679609] [5374/0.000091]
  6   4 200, 0.000102 [0.000106/28.678966] [5424/0.000091]
  6   4 250, 0.000092 [0.000115/28.678325] [5474/0.000091]
  6   4 300, 0.000123 [0.000121/28.677682] [5524/0.000091]
  6   4 350, 0.000103 [0.000112/28.677042] [5574/0.000091]
Epoch 4 done. Evaluation:
(50000, 50000)
(8864, 10000)
  6   5  50, 0.000112 [0.000128/28.675873] [5665/0.000091]
  6   5 100, 0.000106 [0.000108/28.675232] [5715/0.000091]
  6   5 150, 0.000134 [0.000105/28.674591] [5765/0.000091]
  6   5 200, 0.000096 [0.000109/28.673952] [5815/0.000091]
  6   5 250, 0.000102 [0.000107/28.673311] [5865/0.000091]
  6   5 300, 0.000108 [0.000106/28.672669] [5915/0.000091]
  6   5 350, 0.000102 [0.000115/28.672029] [5965/0.000091]
Epoch 5 done. Evaluation:
(50000, 50000)
(8871, 10000)
  6   6  50, 0.000117 [0.000155/28.670863] [6056/0.000091]
  6   6 100, 0.000102 [0.000105/28.670224] [6106/0.000091]
  6   6 150, 0.000097 [0.000108/28.669581] [6156/0.000091]
  6   6 200, 0.000107 [0.000110/28.668943] [6206/0.000091]
  6   6 250, 0.000114 [0.000108/28.668303] [6256/0.000091]
  6   6 300, 0.000107 [0.000106/28.667664] [6306/0.000091]
  6   6 350, 0.000092 [0.000124/28.667022] [6356/0.000091]
Epoch 6 done. Evaluation:
(50000, 50000)
(8862, 10000)
  6   7  50, 0.000110 [0.000149/28.665859] [6447/0.000091]
  6   7 100, 0.000121 [0.000107/28.665219] [6497/0.000091]
  6   7 150, 0.000094 [0.000106/28.664581] [6547/0.000091]
  6   7 200, 0.000096 [0.000112/28.663942] [6597/0.000091]
  6   7 250, 0.000096 [0.000105/28.663301] [6647/0.000091]
  6   7 300, 0.000097 [0.000107/28.662662] [6697/0.000091]
  6   7 350, 0.000110 [0.000105/28.662023] [6747/0.000091]
Epoch 7 done. Evaluation:
(50000, 50000)
(8870, 10000)
  6   8  50, 0.000094 [0.000111/28.660861] [6838/0.000091]
  6   8 100, 0.000116 [0.000106/28.660222] [6888/0.000091]
  6   8 150, 0.000106 [0.000145/28.659584] [6938/0.000091]
  6   8 200, 0.000120 [0.000117/28.658947] [6988/0.000091]
  6   8 250, 0.000087 [0.000112/28.658307] [   0/0.000087]
  6   8 300, 0.000102 [0.000108/28.657669] [  50/0.000087]
  6   8 350, 0.000120 [0.000135/28.657031] [ 100/0.000087]
Epoch 8 done. Evaluation:
(50000, 50000)
(8869, 10000)
  6   9  50, 0.000116 [0.000106/28.655872] [ 191/0.000087]
  6   9 100, 0.000110 [0.000114/28.655234] [ 241/0.000087]
  6   9 150, 0.000145 [0.000111/28.654599] [ 291/0.000087]
  6   9 200, 0.000095 [0.000110/28.653960] [ 341/0.000087]
  6   9 250, 0.000112 [0.000109/28.653325] [ 391/0.000087]
  6   9 300, 0.000124 [0.000114/28.652686] [ 441/0.000087]
  6   9 350, 0.000116 [0.000111/28.652049] [ 491/0.000087]
Epoch 9 done. Evaluation:
(50000, 50000)
(8872, 10000)
  6  10  50, 0.000101 [0.000110/28.650890] [ 582/0.000087]
  6  10 100, 0.000131 [0.000105/28.650255] [ 632/0.000087]
  6  10 150, 0.000117 [0.000109/28.649618] [ 682/0.000087]
  6  10 200, 0.000098 [0.000105/28.648982] [ 732/0.000087]
  6  10 250, 0.000104 [0.000105/28.648345] [ 782/0.000087]
  6  10 300, 0.000093 [0.000105/28.647708] [ 832/0.000087]
  6  10 350, 0.000103 [0.000112/28.647074] [ 882/0.000087]
Epoch 10 done. Evaluation:
(50000, 50000)
(8870, 10000)
  6  11  50, 0.000107 [0.000105/28.645916] [ 973/0.000087]
  6  11 100, 0.000109 [0.000106/28.645281] [1023/0.000087]
  6  11 150, 0.000097 [0.000106/28.644645] [1073/0.000087]
  6  11 200, 0.000105 [0.000114/28.644010] [1123/0.000087]
  6  11 250, 0.000092 [0.000110/28.643373] [1173/0.000087]
  6  11 300, 0.000101 [0.000126/28.642738] [1223/0.000087]
  6  11 350, 0.000108 [0.000138/28.642102] [1273/0.000087]
Epoch 11 done. Evaluation:
(50000, 50000)
(8873, 10000)
  6  12  50, 0.000092 [0.000106/28.640946] [1364/0.000087]
  6  12 100, 0.000101 [0.000131/28.640312] [1414/0.000087]
  6  12 150, 0.000144 [0.000106/28.639678] [1464/0.000087]
  6  12 200, 0.000098 [0.000119/28.639043] [1514/0.000087]
  6  12 250, 0.000108 [0.000106/28.638409] [1564/0.000087]
  6  12 300, 0.000127 [0.000122/28.637776] [1614/0.000087]
  6  12 350, 0.000132 [0.000119/28.637145] [1664/0.000087]
Epoch 12 done. Evaluation:
(50000, 50000)
(8861, 10000)
  6  13  50, 0.000104 [0.000106/28.635988] [1755/0.000087]
  6  13 100, 0.000110 [0.000105/28.635354] [1805/0.000087]
  6  13 150, 0.000102 [0.000111/28.634721] [1855/0.000087]
  6  13 200, 0.000094 [0.000106/28.634086] [1905/0.000087]
  6  13 250, 0.000095 [0.000105/28.633453] [1955/0.000087]
  6  13 300, 0.000109 [0.000106/28.632818] [2005/0.000087]
  6  13 350, 0.000099 [0.000105/28.632186] [2055/0.000087]
Epoch 13 done. Evaluation:
(50000, 50000)
(8869, 10000)
  6  14  50, 0.000106 [0.000105/28.631033] [2146/0.000087]
  6  14 100, 0.000100 [0.000108/28.630402] [2196/0.000087]
  6  14 150, 0.000107 [0.000105/28.629768] [2246/0.000087]
  6  14 200, 0.000106 [0.000105/28.629135] [2296/0.000087]
  6  14 250, 0.000108 [0.000109/28.628502] [2346/0.000087]
  6  14 300, 0.000107 [0.000110/28.627871] [2396/0.000087]
  6  14 350, 0.000102 [0.000108/28.627236] [2446/0.000087]
Epoch 14 done. Evaluation:
(50000, 50000)
(8878, 10000)
  6  15  50, 0.000110 [0.000110/28.626089] [2537/0.000087]
  6  15 100, 0.000126 [0.000127/28.625456] [2587/0.000087]
  6  15 150, 0.000117 [0.000112/28.624824] [2637/0.000087]
  6  15 200, 0.000101 [0.000109/28.624191] [2687/0.000087]
  6  15 250, 0.000098 [0.000169/28.623559] [2737/0.000087]
  6  15 300, 0.000097 [0.000114/28.622927] [2787/0.000087]
  6  15 350, 0.000109 [0.000116/28.622295] [2837/0.000087]
Epoch 15 done. Evaluation:
(50000, 50000)
(8875, 10000)
  6  16  50, 0.000111 [0.000105/28.621148] [2928/0.000087]
  6  16 100, 0.000091 [0.000106/28.620517] [2978/0.000087]
  6  16 150, 0.000098 [0.000109/28.619885] [3028/0.000087]
  6  16 200, 0.000106 [0.000107/28.619255] [3078/0.000087]
  6  16 250, 0.000099 [0.000107/28.618623] [3128/0.000087]
  6  16 300, 0.000093 [0.000106/28.617991] [3178/0.000087]
  6  16 350, 0.000103 [0.000105/28.617361] [3228/0.000087]
Epoch 16 done. Evaluation:
(50000, 50000)
(8866, 10000)
  6  17  50, 0.000105 [0.000105/28.616215] [3319/0.000087]
  6  17 100, 0.000122 [0.000113/28.615586] [3369/0.000087]
  6  17 150, 0.000106 [0.000106/28.614956] [3419/0.000087]
  6  17 200, 0.000098 [0.000129/28.614325] [3469/0.000087]
  6  17 250, 0.000101 [0.000107/28.613694] [3519/0.000087]
  6  17 300, 0.000124 [0.000108/28.613064] [3569/0.000087]
  6  17 350, 0.000092 [0.000132/28.612434] [3619/0.000087]
Epoch 17 done. Evaluation:
(50000, 50000)
(8865, 10000)
  6  18  50, 0.000140 [0.000166/28.611289] [3710/0.000087]
  6  18 100, 0.000095 [0.000106/28.610661] [3760/0.000087]
  6  18 150, 0.000111 [0.000112/28.610030] [3810/0.000087]
  6  18 200, 0.000100 [0.000203/28.609402] [3860/0.000087]
  6  18 250, 0.000106 [0.000106/28.608772] [3910/0.000087]
  6  18 300, 0.000118 [0.000105/28.608144] [3960/0.000087]
  6  18 350, 0.000115 [0.000108/28.607516] [4010/0.000087]
Epoch 18 done. Evaluation:
(50000, 50000)
(8871, 10000)
  6  19  50, 0.000100 [0.000107/28.606370] [4101/0.000087]
  6  19 100, 0.000091 [0.000108/28.605743] [4151/0.000087]
  6  19 150, 0.000123 [0.000239/28.605115] [4201/0.000087]
  6  19 200, 0.000101 [0.000108/28.604486] [4251/0.000087]
  6  19 250, 0.000104 [0.000105/28.603856] [4301/0.000087]
  6  19 300, 0.000093 [0.000106/28.603229] [4351/0.000087]
  6  19 350, 0.000112 [0.000105/28.602602] [4401/0.000087]
Epoch 19 done. Evaluation:
(50000, 50000)
(8868, 10000)
  7   0  50, 0.000107 [0.000102/28.601760] [4492/0.000087]
  7   0 100, 0.000101 [0.000106/28.601431] [4542/0.000087]
  7   0 150, 0.000099 [0.000103/28.601103] [4592/0.000087]
  7   0 200, 0.000126 [0.000101/28.600778] [4642/0.000087]
  7   0 250, 0.000105 [0.000102/28.600449] [4692/0.000087]
  7   0 300, 0.000108 [0.000133/28.600122] [4742/0.000087]
  7   0 350, 0.000105 [0.000101/28.599795] [4792/0.000087]
Epoch 0 done. Evaluation:
(50000, 50000)
(8863, 10000)
  7   1  50, 0.000100 [0.000102/28.599198] [4883/0.000087]
  7   1 100, 0.000119 [0.000102/28.598869] [4933/0.000087]
  7   1 150, 0.000103 [0.000102/28.598545] [4983/0.000087]
  7   1 200, 0.000108 [0.000102/28.598216] [5033/0.000087]
  7   1 250, 0.000121 [0.000102/28.597890] [5083/0.000087]
  7   1 300, 0.000115 [0.000101/28.597564] [5133/0.000087]
  7   1 350, 0.000113 [0.000102/28.597238] [5183/0.000087]
Epoch 1 done. Evaluation:
(50000, 50000)
(8869, 10000)
  7   2  50, 0.000108 [0.000106/28.596641] [5274/0.000087]
  7   2 100, 0.000111 [0.000109/28.596315] [5324/0.000087]
  7   2 150, 0.000095 [0.000102/28.595988] [5374/0.000087]
  7   2 200, 0.000095 [0.000116/28.595661] [5424/0.000087]
  7   2 250, 0.000102 [0.000103/28.595333] [5474/0.000087]
  7   2 300, 0.000106 [0.000101/28.595005] [5524/0.000087]
  7   2 350, 0.000100 [0.000102/28.594679] [5574/0.000087]
Epoch 2 done. Evaluation:
(50000, 50000)
(8875, 10000)
  7   3  50, 0.000104 [0.000105/28.594083] [5665/0.000087]
  7   3 100, 0.000103 [0.000102/28.593756] [5715/0.000087]
  7   3 150, 0.000100 [0.000103/28.593429] [5765/0.000087]
  7   3 200, 0.000093 [0.000101/28.593100] [5815/0.000087]
  7   3 250, 0.000110 [0.000101/28.592774] [5865/0.000087]
  7   3 300, 0.000103 [0.000105/28.592446] [5915/0.000087]
  7   3 350, 0.000119 [0.000163/28.592121] [5965/0.000087]
Epoch 3 done. Evaluation:
(50000, 50000)
(8870, 10000)
  7   4  50, 0.000105 [0.000101/28.591526] [6056/0.000087]
  7   4 100, 0.000114 [0.000102/28.591199] [6106/0.000087]
  7   4 150, 0.000101 [0.000102/28.590874] [6156/0.000087]
  7   4 200, 0.000113 [0.000101/28.590548] [6206/0.000087]
  7   4 250, 0.000098 [0.000101/28.590218] [6256/0.000087]
  7   4 300, 0.000106 [0.000103/28.589893] [6306/0.000087]
  7   4 350, 0.000089 [0.000101/28.589565] [6356/0.000087]
Epoch 4 done. Evaluation:
(50000, 50000)
(8867, 10000)
  7   5  50, 0.000101 [0.000102/28.588970] [6447/0.000087]
  7   5 100, 0.000117 [0.000164/28.588644] [6497/0.000087]
  7   5 150, 0.000112 [0.000102/28.588318] [6547/0.000087]
  7   5 200, 0.000112 [0.000101/28.587992] [6597/0.000087]
  7   5 250, 0.000092 [0.000101/28.587666] [6647/0.000087]
  7   5 300, 0.000093 [0.000103/28.587338] [6697/0.000087]
  7   5 350, 0.000116 [0.000116/28.587011] [6747/0.000087]
Epoch 5 done. Evaluation:
(50000, 50000)
(8867, 10000)
  7   6  50, 0.000099 [0.000102/28.586417] [6838/0.000087]
  7   6 100, 0.000101 [0.000107/28.586091] [6888/0.000087]
  7   6 150, 0.000121 [0.000103/28.585767] [6938/0.000087]
  7   6 200, 0.000102 [0.000101/28.585440] [6988/0.000087]
  7   6 250, 0.000097 [0.000102/28.585111] [7038/0.000087]
  7   6 300, 0.000103 [0.000105/28.584786] [7088/0.000087]
  7   6 350, 0.000099 [0.000107/28.584460] [7138/0.000087]
Epoch 6 done. Evaluation:
(50000, 50000)
(8869, 10000)
  7   7  50, 0.000091 [0.000107/28.583866] [7229/0.000087]
  7   7 100, 0.000104 [0.000102/28.583538] [7279/0.000087]
  7   7 150, 0.000093 [0.000103/28.583212] [7329/0.000087]
  7   7 200, 0.000106 [0.000102/28.582884] [7379/0.000087]
  7   7 250, 0.000115 [0.000102/28.582562] [7429/0.000087]
  7   7 300, 0.000106 [0.000102/28.582234] [7479/0.000087]
  7   7 350, 0.000102 [0.000103/28.581909] [7529/0.000087]
Epoch 7 done. Evaluation:
(50000, 50000)
(8871, 10000)
  7   8  50, 0.000101 [0.000101/28.581312] [7620/0.000087]
  7   8 100, 0.000099 [0.000102/28.580988] [7670/0.000087]
  7   8 150, 0.000099 [0.000102/28.580660] [7720/0.000087]
  7   8 200, 0.000105 [0.000101/28.580336] [7770/0.000087]
  7   8 250, 0.000105 [0.000101/28.580010] [7820/0.000087]
  7   8 300, 0.000096 [0.000104/28.579682] [7870/0.000087]
  7   8 350, 0.000098 [0.000102/28.579356] [7920/0.000087]
Epoch 8 done. Evaluation:
(50000, 50000)
(8881, 10000)
  7   9  50, 0.000099 [0.000102/28.578762] [8011/0.000087]
  7   9 100, 0.000095 [0.000103/28.578436] [8061/0.000087]
  7   9 150, 0.000093 [0.000109/28.578110] [8111/0.000087]
  7   9 200, 0.000102 [0.000103/28.577784] [8161/0.000087]
  7   9 250, 0.000097 [0.000101/28.577458] [8211/0.000087]
  7   9 300, 0.000091 [0.000101/28.577132] [8261/0.000087]
  7   9 350, 0.000110 [0.000101/28.576806] [8311/0.000087]
Epoch 9 done. Evaluation:
(50000, 50000)
(8876, 10000)
  7  10  50, 0.000120 [0.000126/28.576214] [8402/0.000087]
  7  10 100, 0.000095 [0.000103/28.575887] [8452/0.000087]
  7  10 150, 0.000104 [0.000104/28.575561] [8502/0.000087]
  7  10 200, 0.000117 [0.000103/28.575237] [8552/0.000087]
  7  10 250, 0.000099 [0.000101/28.574910] [8602/0.000087]
  7  10 300, 0.000102 [0.000103/28.574584] [8652/0.000087]
  7  10 350, 0.000121 [0.000129/28.574259] [8702/0.000087]
Epoch 10 done. Evaluation:
(50000, 50000)
(8870, 10000)
  7  11  50, 0.000102 [0.000102/28.573666] [8793/0.000087]
  7  11 100, 0.000103 [0.000110/28.573342] [8843/0.000087]
  7  11 150, 0.000098 [0.000102/28.573017] [8893/0.000087]
  7  11 200, 0.000108 [0.000103/28.572690] [8943/0.000087]
  7  11 250, 0.000093 [0.000107/28.572366] [8993/0.000087]
  7  11 300, 0.000093 [0.000102/28.572038] [9043/0.000087]
  7  11 350, 0.000120 [0.000103/28.571713] [9093/0.000087]
Epoch 11 done. Evaluation:
(50000, 50000)
(8876, 10000)
  7  12  50, 0.000108 [0.000106/28.571123] [9184/0.000087]
  7  12 100, 0.000095 [0.000102/28.570798] [9234/0.000087]
  7  12 150, 0.000106 [0.000102/28.570472] [9284/0.000087]
  7  12 200, 0.000111 [0.000109/28.570147] [9334/0.000087]
  7  12 250, 0.000095 [0.000103/28.569822] [9384/0.000087]
  7  12 300, 0.000108 [0.000102/28.569497] [9434/0.000087]
  7  12 350, 0.000105 [0.000107/28.569175] [9484/0.000087]
Epoch 12 done. Evaluation:
(50000, 50000)
(8867, 10000)
  7  13  50, 0.000103 [0.000105/28.568582] [9575/0.000087]
  7  13 100, 0.000105 [0.000101/28.568257] [9625/0.000087]
  7  13 150, 0.000086 [0.000101/28.567931] [   0/0.000086]
  7  13 200, 0.000111 [0.000162/28.567606] [  50/0.000086]
  7  13 250, 0.000095 [0.000104/28.567280] [ 100/0.000086]
  7  13 300, 0.000093 [0.000112/28.566955] [ 150/0.000086]
  7  13 350, 0.000098 [0.000177/28.566629] [ 200/0.000086]
Epoch 13 done. Evaluation:
(50000, 50000)
(8871, 10000)
  7  14  50, 0.000101 [0.000101/28.566039] [ 291/0.000086]
  7  14 100, 0.000092 [0.000102/28.565713] [ 341/0.000086]
  7  14 150, 0.000093 [0.000101/28.565387] [ 391/0.000086]
  7  14 200, 0.000104 [0.000102/28.565062] [ 441/0.000086]
  7  14 250, 0.000081 [0.000102/28.564735] [   0/0.000081]
  7  14 300, 0.000100 [0.000101/28.564411] [  50/0.000081]
  7  14 350, 0.000102 [0.000101/28.564087] [ 100/0.000081]
Epoch 14 done. Evaluation:
(50000, 50000)
(8870, 10000)
  7  15  50, 0.000123 [0.000102/28.563495] [ 191/0.000081]
  7  15 100, 0.000107 [0.000101/28.563172] [ 241/0.000081]
  7  15 150, 0.000106 [0.000103/28.562846] [ 291/0.000081]
  7  15 200, 0.000104 [0.000102/28.562521] [ 341/0.000081]
  7  15 250, 0.000094 [0.000103/28.562197] [ 391/0.000081]
  7  15 300, 0.000090 [0.000102/28.561872] [ 441/0.000081]
  7  15 350, 0.000102 [0.000105/28.561548] [ 491/0.000081]
Epoch 15 done. Evaluation:
(50000, 50000)
(8864, 10000)
  7  16  50, 0.000093 [0.000103/28.560956] [ 582/0.000081]
  7  16 100, 0.000100 [0.000106/28.560632] [ 632/0.000081]
  7  16 150, 0.000100 [0.000101/28.560309] [ 682/0.000081]
  7  16 200, 0.000125 [0.000102/28.559985] [ 732/0.000081]
  7  16 250, 0.000094 [0.000112/28.559662] [ 782/0.000081]
  7  16 300, 0.000102 [0.000104/28.559335] [ 832/0.000081]
  7  16 350, 0.000103 [0.000112/28.559012] [ 882/0.000081]
Epoch 16 done. Evaluation:
(50000, 50000)
(8865, 10000)
  7  17  50, 0.000110 [0.000102/28.558424] [ 973/0.000081]
  7  17 100, 0.000123 [0.000102/28.558099] [1023/0.000081]
  7  17 150, 0.000107 [0.000103/28.557776] [1073/0.000081]
  7  17 200, 0.000108 [0.000104/28.557451] [1123/0.000081]
  7  17 250, 0.000104 [0.000105/28.557127] [1173/0.000081]
  7  17 300, 0.000116 [0.000101/28.556804] [1223/0.000081]
  7  17 350, 0.000095 [0.000103/28.556480] [1273/0.000081]
Epoch 17 done. Evaluation:
(50000, 50000)
(8874, 10000)
  7  18  50, 0.000103 [0.000117/28.555891] [1364/0.000081]
  7  18 100, 0.000108 [0.000106/28.555567] [1414/0.000081]
  7  18 150, 0.000090 [0.000102/28.555242] [1464/0.000081]
  7  18 200, 0.000101 [0.000102/28.554919] [1514/0.000081]
  7  18 250, 0.000106 [0.000102/28.554595] [1564/0.000081]
  7  18 300, 0.000105 [0.000103/28.554272] [1614/0.000081]
  7  18 350, 0.000104 [0.000102/28.553947] [1664/0.000081]
Epoch 18 done. Evaluation:
(50000, 50000)
(8871, 10000)
  7  19  50, 0.000106 [0.000102/28.553360] [1755/0.000081]
  7  19 100, 0.000101 [0.000104/28.553036] [1805/0.000081]
  7  19 150, 0.000093 [0.000105/28.552713] [1855/0.000081]
  7  19 200, 0.000121 [0.000104/28.552389] [1905/0.000081]
  7  19 250, 0.000103 [0.000101/28.552067] [1955/0.000081]
  7  19 300, 0.000098 [0.000107/28.551743] [2005/0.000081]
  7  19 350, 0.000098 [0.000102/28.551419] [2055/0.000081]
Epoch 19 done. Evaluation:
(50000, 50000)
(8872, 10000)
  8   0  50, 0.000097 [0.000101/28.551027] [2146/0.000081]
  8   0 100, 0.000110 [0.000100/28.550901] [2196/0.000081]
  8   0 150, 0.000110 [0.000101/28.550775] [2246/0.000081]
  8   0 200, 0.000102 [0.000100/28.550648] [2296/0.000081]
  8   0 250, 0.000109 [0.000101/28.550521] [2346/0.000081]
  8   0 300, 0.000098 [0.000100/28.550396] [2396/0.000081]
  8   0 350, 0.000104 [0.000100/28.550270] [2446/0.000081]
Epoch 0 done. Evaluation:
(50000, 50000)
(8874, 10000)
  8   1  50, 0.000101 [0.000100/28.550039] [2537/0.000081]
  8   1 100, 0.000105 [0.000102/28.549914] [2587/0.000081]
  8   1 150, 0.000102 [0.000101/28.549788] [2637/0.000081]
  8   1 200, 0.000097 [0.000101/28.549662] [2687/0.000081]
  8   1 250, 0.000104 [0.000100/28.549536] [2737/0.000081]
  8   1 300, 0.000093 [0.000100/28.549409] [2787/0.000081]
  8   1 350, 0.000086 [0.000100/28.549283] [2837/0.000081]
Epoch 1 done. Evaluation:
(50000, 50000)
(8862, 10000)
  8   2  50, 0.000104 [0.000101/28.549055] [2928/0.000081]
  8   2 100, 0.000119 [0.000105/28.548927] [2978/0.000081]
  8   2 150, 0.000102 [0.000100/28.548801] [3028/0.000081]
  8   2 200, 0.000099 [0.000100/28.548675] [3078/0.000081]
  8   2 250, 0.000099 [0.000101/28.548548] [3128/0.000081]
  8   2 300, 0.000092 [0.000101/28.548422] [3178/0.000081]
  8   2 350, 0.000096 [0.000101/28.548298] [3228/0.000081]
Epoch 2 done. Evaluation:
(50000, 50000)
(8867, 10000)
  8   3  50, 0.000091 [0.000100/28.548067] [3319/0.000081]
  8   3 100, 0.000110 [0.000100/28.547942] [3369/0.000081]
  8   3 150, 0.000100 [0.000100/28.547815] [3419/0.000081]
  8   3 200, 0.000094 [0.000101/28.547688] [3469/0.000081]
  8   3 250, 0.000100 [0.000100/28.547564] [3519/0.000081]
  8   3 300, 0.000090 [0.000100/28.547437] [3569/0.000081]
  8   3 350, 0.000088 [0.000100/28.547312] [3619/0.000081]
Epoch 3 done. Evaluation:
(50000, 50000)
(8875, 10000)
  8   4  50, 0.000102 [0.000101/28.547084] [3710/0.000081]
  8   4 100, 0.000111 [0.000100/28.546957] [3760/0.000081]
  8   4 150, 0.000105 [0.000102/28.546830] [3810/0.000081]
  8   4 200, 0.000095 [0.000102/28.546703] [3860/0.000081]
  8   4 250, 0.000116 [0.000100/28.546578] [3910/0.000081]
  8   4 300, 0.000106 [0.000101/28.546453] [3960/0.000081]
  8   4 350, 0.000095 [0.000101/28.546326] [4010/0.000081]
Epoch 4 done. Evaluation:
(50000, 50000)
(8868, 10000)
  8   5  50, 0.000105 [0.000100/28.546096] [4101/0.000081]
  8   5 100, 0.000109 [0.000100/28.545970] [4151/0.000081]
  8   5 150, 0.000097 [0.000100/28.545845] [4201/0.000081]
  8   5 200, 0.000098 [0.000102/28.545719] [4251/0.000081]
  8   5 250, 0.000101 [0.000110/28.545591] [4301/0.000081]
  8   5 300, 0.000097 [0.000121/28.545466] [4351/0.000081]
  8   5 350, 0.000090 [0.000102/28.545342] [4401/0.000081]
Epoch 5 done. Evaluation:
(50000, 50000)
(8872, 10000)
  8   6  50, 0.000099 [0.000101/28.545111] [4492/0.000081]
  8   6 100, 0.000098 [0.000100/28.544985] [4542/0.000081]
  8   6 150, 0.000111 [0.000104/28.544858] [4592/0.000081]
  8   6 200, 0.000108 [0.000100/28.544732] [4642/0.000081]
  8   6 250, 0.000108 [0.000100/28.544606] [4692/0.000081]
  8   6 300, 0.000095 [0.000101/28.544482] [4742/0.000081]
  8   6 350, 0.000094 [0.000101/28.544356] [4792/0.000081]
Epoch 6 done. Evaluation:
(50000, 50000)
(8866, 10000)
  8   7  50, 0.000105 [0.000100/28.544126] [4883/0.000081]
  8   7 100, 0.000089 [0.000100/28.544001] [4933/0.000081]
  8   7 150, 0.000110 [0.000101/28.543876] [4983/0.000081]
  8   7 200, 0.000097 [0.000100/28.543751] [5033/0.000081]
  8   7 250, 0.000094 [0.000101/28.543624] [5083/0.000081]
  8   7 300, 0.000099 [0.000100/28.543498] [5133/0.000081]
  8   7 350, 0.000087 [0.000100/28.543374] [5183/0.000081]
Epoch 7 done. Evaluation:
(50000, 50000)
(8868, 10000)
  8   8  50, 0.000092 [0.000100/28.543145] [5274/0.000081]
  8   8 100, 0.000107 [0.000100/28.543019] [5324/0.000081]
  8   8 150, 0.000106 [0.000101/28.542893] [5374/0.000081]
  8   8 200, 0.000100 [0.000101/28.542767] [5424/0.000081]
  8   8 250, 0.000107 [0.000100/28.542642] [5474/0.000081]
  8   8 300, 0.000100 [0.000101/28.542516] [5524/0.000081]
  8   8 350, 0.000103 [0.000100/28.542389] [5574/0.000081]
Epoch 8 done. Evaluation:
(50000, 50000)
(8866, 10000)
  8   9  50, 0.000103 [0.000100/28.542161] [5665/0.000081]
  8   9 100, 0.000112 [0.000100/28.542033] [5715/0.000081]
  8   9 150, 0.000096 [0.000106/28.541908] [5765/0.000081]
  8   9 200, 0.000097 [0.000100/28.541785] [5815/0.000081]
  8   9 250, 0.000113 [0.000100/28.541658] [5865/0.000081]
  8   9 300, 0.000088 [0.000101/28.541532] [5915/0.000081]
  8   9 350, 0.000093 [0.000100/28.541407] [5965/0.000081]
Epoch 9 done. Evaluation:
(50000, 50000)
(8864, 10000)
  8  10  50, 0.000099 [0.000100/28.541179] [6056/0.000081]
  8  10 100, 0.000096 [0.000101/28.541054] [6106/0.000081]
  8  10 150, 0.000122 [0.000101/28.540927] [6156/0.000081]
  8  10 200, 0.000095 [0.000101/28.540803] [6206/0.000081]
  8  10 250, 0.000091 [0.000100/28.540677] [6256/0.000081]
  8  10 300, 0.000097 [0.000101/28.540551] [6306/0.000081]
  8  10 350, 0.000102 [0.000100/28.540426] [6356/0.000081]
Epoch 10 done. Evaluation:
(50000, 50000)
(8877, 10000)
  8  11  50, 0.000096 [0.000101/28.540198] [6447/0.000081]
  8  11 100, 0.000109 [0.000100/28.540073] [6497/0.000081]
  8  11 150, 0.000113 [0.000102/28.539943] [6547/0.000081]
  8  11 200, 0.000100 [0.000100/28.539819] [6597/0.000081]
  8  11 250, 0.000104 [0.000100/28.539695] [6647/0.000081]
  8  11 300, 0.000105 [0.000133/28.539567] [6697/0.000081]
  8  11 350, 0.000085 [0.000101/28.539442] [6747/0.000081]
Epoch 11 done. Evaluation:
(50000, 50000)
(8873, 10000)
  8  12  50, 0.000093 [0.000100/28.539215] [6838/0.000081]
  8  12 100, 0.000110 [0.000100/28.539088] [6888/0.000081]
  8  12 150, 0.000101 [0.000101/28.538963] [6938/0.000081]
  8  12 200, 0.000096 [0.000101/28.538838] [6988/0.000081]
  8  12 250, 0.000091 [0.000102/28.538713] [7038/0.000081]
  8  12 300, 0.000098 [0.000101/28.538588] [7088/0.000081]
  8  12 350, 0.000107 [0.000107/28.538463] [7138/0.000081]
Epoch 12 done. Evaluation:
(50000, 50000)
(8877, 10000)
  8  13  50, 0.000086 [0.000100/28.538235] [7229/0.000081]
  8  13 100, 0.000113 [0.000101/28.538109] [7279/0.000081]
  8  13 150, 0.000108 [0.000100/28.537982] [7329/0.000081]
  8  13 200, 0.000095 [0.000101/28.537857] [7379/0.000081]
  8  13 250, 0.000090 [0.000100/28.537732] [7429/0.000081]
  8  13 300, 0.000097 [0.000103/28.537606] [7479/0.000081]
  8  13 350, 0.000089 [0.000101/28.537482] [7529/0.000081]
Epoch 13 done. Evaluation:
(50000, 50000)
(8872, 10000)
  8  14  50, 0.000101 [0.000101/28.537255] [7620/0.000081]
  8  14 100, 0.000096 [0.000101/28.537130] [7670/0.000081]
  8  14 150, 0.000106 [0.000101/28.537003] [7720/0.000081]
  8  14 200, 0.000098 [0.000102/28.536878] [7770/0.000081]
  8  14 250, 0.000093 [0.000101/28.536754] [7820/0.000081]
  8  14 300, 0.000107 [0.000100/28.536627] [7870/0.000081]
  8  14 350, 0.000092 [0.000101/28.536503] [7920/0.000081]
Epoch 14 done. Evaluation:
(50000, 50000)
(8859, 10000)
  8  15  50, 0.000097 [0.000100/28.536275] [8011/0.000081]
  8  15 100, 0.000102 [0.000100/28.536150] [8061/0.000081]
  8  15 150, 0.000098 [0.000101/28.536024] [8111/0.000081]
  8  15 200, 0.000105 [0.000101/28.535898] [8161/0.000081]
  8  15 250, 0.000100 [0.000101/28.535773] [8211/0.000081]
  8  15 300, 0.000102 [0.000100/28.535649] [8261/0.000081]
  8  15 350, 0.000099 [0.000100/28.535524] [8311/0.000081]
Epoch 15 done. Evaluation:
(50000, 50000)
(8876, 10000)
  8  16  50, 0.000131 [0.000100/28.535294] [8402/0.000081]
  8  16 100, 0.000096 [0.000101/28.535168] [8452/0.000081]
  8  16 150, 0.000090 [0.000101/28.535044] [8502/0.000081]
  8  16 200, 0.000100 [0.000100/28.534919] [8552/0.000081]
  8  16 250, 0.000097 [0.000100/28.534794] [8602/0.000081]
  8  16 300, 0.000098 [0.000101/28.534670] [8652/0.000081]
  8  16 350, 0.000095 [0.000101/28.534543] [8702/0.000081]
Epoch 16 done. Evaluation:
(50000, 50000)
(8876, 10000)
  8  17  50, 0.000101 [0.000103/28.534316] [8793/0.000081]
  8  17 100, 0.000094 [0.000100/28.534191] [8843/0.000081]
  8  17 150, 0.000107 [0.000100/28.534066] [8893/0.000081]
  8  17 200, 0.000093 [0.000101/28.533941] [8943/0.000081]
  8  17 250, 0.000102 [0.000102/28.533814] [8993/0.000081]
  8  17 300, 0.000093 [0.000107/28.533691] [9043/0.000081]
  8  17 350, 0.000098 [0.000100/28.533565] [9093/0.000081]
Epoch 17 done. Evaluation:
(50000, 50000)
(8867, 10000)
  8  18  50, 0.000102 [0.000100/28.533337] [9184/0.000081]
  8  18 100, 0.000120 [0.000100/28.533211] [9234/0.000081]
  8  18 150, 0.000088 [0.000101/28.533086] [9284/0.000081]
  8  18 200, 0.000100 [0.000100/28.532963] [9334/0.000081]
  8  18 250, 0.000100 [0.000100/28.532836] [9384/0.000081]
  8  18 300, 0.000120 [0.000100/28.532710] [9434/0.000081]
  8  18 350, 0.000099 [0.000100/28.532585] [9484/0.000081]
Epoch 18 done. Evaluation:
(50000, 50000)
(8874, 10000)
  8  19  50, 0.000101 [0.000113/28.532356] [9575/0.000081]
  8  19 100, 0.000092 [0.000101/28.532233] [9625/0.000081]
  8  19 150, 0.000099 [0.000100/28.532108] [9675/0.000081]
  8  19 200, 0.000105 [0.000101/28.531981] [9725/0.000081]
  8  19 250, 0.000097 [0.000100/28.531857] [9775/0.000081]
  8  19 300, 0.000096 [0.000100/28.531732] [9825/0.000081]
  8  19 350, 0.000118 [0.000101/28.531604] [9875/0.000081]
Epoch 19 done. Evaluation:
(50000, 50000)
(8876, 10000)
  9   0  50, 0.000115 [0.000100/28.531445] [9966/0.000081]
  9   0 100, 0.000093 [0.000100/28.531385] [10016/0.000081]
  9   0 150, 0.000097 [0.000101/28.531325] [10066/0.000081]
  9   0 200, 0.000088 [0.000100/28.531265] [10116/0.000081]
  9   0 250, 0.000110 [0.000103/28.531203] [10166/0.000081]
  9   0 300, 0.000105 [0.000100/28.531143] [10216/0.000081]
  9   0 350, 0.000105 [0.000100/28.531083] [10266/0.000081]
Epoch 0 done. Evaluation:
(50000, 50000)
(8872, 10000)
  9   1  50, 0.000094 [0.000100/28.530972] [10357/0.000081]
  9   1 100, 0.000097 [0.000100/28.530912] [10407/0.000081]
  9   1 150, 0.000101 [0.000100/28.530852] [10457/0.000081]
  9   1 200, 0.000120 [0.000100/28.530792] [10507/0.000081]
  9   1 250, 0.000106 [0.000100/28.530730] [10557/0.000081]
  9   1 300, 0.000104 [0.000100/28.530669] [10607/0.000081]
  9   1 350, 0.000088 [0.000100/28.530608] [10657/0.000081]
Epoch 1 done. Evaluation:
(50000, 50000)
(8870, 10000)
  9   2  50, 0.000092 [0.000100/28.530499] [10748/0.000081]
  9   2 100, 0.000113 [0.000100/28.530439] [10798/0.000081]
  9   2 150, 0.000099 [0.000100/28.530379] [10848/0.000081]
  9   2 200, 0.000085 [0.000100/28.530319] [10898/0.000081]
  9   2 250, 0.000109 [0.000100/28.530258] [10948/0.000081]
  9   2 300, 0.000097 [0.000100/28.530198] [10998/0.000081]
  9   2 350, 0.000093 [0.000100/28.530138] [11048/0.000081]
Epoch 2 done. Evaluation:
(50000, 50000)
(8872, 10000)
  9   3  50, 0.000116 [0.000100/28.530027] [11139/0.000081]
  9   3 100, 0.000098 [0.000100/28.529967] [11189/0.000081]
  9   3 150, 0.000097 [0.000100/28.529907] [11239/0.000081]
  9   3 200, 0.000098 [0.000100/28.529847] [11289/0.000081]
  9   3 250, 0.000113 [0.000100/28.529785] [11339/0.000081]
  9   3 300, 0.000090 [0.000101/28.529725] [11389/0.000081]
  9   3 350, 0.000118 [0.000100/28.529665] [11439/0.000081]
Epoch 3 done. Evaluation:
(50000, 50000)
(8859, 10000)
  9   4  50, 0.000095 [0.000100/28.529556] [11530/0.000081]
  9   4 100, 0.000101 [0.000100/28.529496] [11580/0.000081]
  9   4 150, 0.000104 [0.000100/28.529434] [11630/0.000081]
  9   4 200, 0.000094 [0.000100/28.529374] [11680/0.000081]
  9   4 250, 0.000109 [0.000100/28.529314] [11730/0.000081]
  9   4 300, 0.000116 [0.000101/28.529254] [11780/0.000081]
  9   4 350, 0.000083 [0.000100/28.529194] [11830/0.000081]
Epoch 4 done. Evaluation:
(50000, 50000)
(8874, 10000)
  9   5  50, 0.000092 [0.000100/28.529084] [11921/0.000081]
  9   5 100, 0.000095 [0.000100/28.529024] [11971/0.000081]
  9   5 150, 0.000107 [0.000100/28.528964] [12021/0.000081]
  9   5 200, 0.000092 [0.000100/28.528904] [12071/0.000081]
  9   5 250, 0.000097 [0.000100/28.528842] [12121/0.000081]
  9   5 300, 0.000102 [0.000101/28.528783] [12171/0.000081]
  9   5 350, 0.000107 [0.000100/28.528721] [12221/0.000081]
Epoch 5 done. Evaluation:
(50000, 50000)
(8875, 10000)
  9   6  50, 0.000112 [0.000100/28.528612] [12312/0.000081]
  9   6 100, 0.000106 [0.000101/28.528552] [12362/0.000081]
  9   6 150, 0.000109 [0.000100/28.528491] [12412/0.000081]
  9   6 200, 0.000097 [0.000100/28.528430] [12462/0.000081]
  9   6 250, 0.000093 [0.000100/28.528370] [12512/0.000081]
  9   6 300, 0.000107 [0.000100/28.528310] [12562/0.000081]
  9   6 350, 0.000104 [0.000100/28.528250] [12612/0.000081]
Epoch 6 done. Evaluation:
(50000, 50000)
(8865, 10000)
  9   7  50, 0.000098 [0.000100/28.528139] [12703/0.000081]
  9   7 100, 0.000102 [0.000106/28.528079] [12753/0.000081]
  9   7 150, 0.000096 [0.000100/28.528019] [12803/0.000081]
  9   7 200, 0.000094 [0.000101/28.527959] [12853/0.000081]
  9   7 250, 0.000100 [0.000100/28.527899] [12903/0.000081]
  9   7 300, 0.000100 [0.000101/28.527837] [12953/0.000081]
  9   7 350, 0.000094 [0.000100/28.527777] [13003/0.000081]
Epoch 7 done. Evaluation:
(50000, 50000)
(8875, 10000)
  9   8  50, 0.000097 [0.000100/28.527668] [13094/0.000081]
  9   8 100, 0.000098 [0.000100/28.527608] [13144/0.000081]
  9   8 150, 0.000103 [0.000100/28.527548] [13194/0.000081]
  9   8 200, 0.000097 [0.000100/28.527488] [13244/0.000081]
  9   8 250, 0.000101 [0.000100/28.527428] [13294/0.000081]
  9   8 300, 0.000092 [0.000100/28.527368] [13344/0.000081]
  9   8 350, 0.000094 [0.000100/28.527307] [13394/0.000081]
Epoch 8 done. Evaluation:
(50000, 50000)
(8876, 10000)
  9   9  50, 0.000096 [0.000100/28.527197] [13485/0.000081]
  9   9 100, 0.000101 [0.000100/28.527137] [13535/0.000081]
  9   9 150, 0.000099 [0.000100/28.527077] [13585/0.000081]
  9   9 200, 0.000103 [0.000100/28.527017] [13635/0.000081]
  9   9 250, 0.000095 [0.000100/28.526957] [13685/0.000081]
  9   9 300, 0.000119 [0.000100/28.526897] [13735/0.000081]
  9   9 350, 0.000091 [0.000100/28.526837] [13785/0.000081]
Epoch 9 done. Evaluation:
(50000, 50000)
(8870, 10000)
  9  10  50, 0.000108 [0.000101/28.526726] [13876/0.000081]
  9  10 100, 0.000103 [0.000101/28.526666] [13926/0.000081]
  9  10 150, 0.000125 [0.000100/28.526606] [13976/0.000081]
  9  10 200, 0.000106 [0.000100/28.526546] [14026/0.000081]
  9  10 250, 0.000108 [0.000100/28.526486] [14076/0.000081]
  9  10 300, 0.000087 [0.000101/28.526426] [14126/0.000081]
  9  10 350, 0.000102 [0.000101/28.526365] [14176/0.000081]
Epoch 10 done. Evaluation:
(50000, 50000)
(8873, 10000)
  9  11  50, 0.000099 [0.000100/28.526255] [14267/0.000081]
  9  11 100, 0.000095 [0.000103/28.526195] [14317/0.000081]
  9  11 150, 0.000126 [0.000101/28.526135] [14367/0.000081]
  9  11 200, 0.000113 [0.000104/28.526076] [14417/0.000081]
  9  11 250, 0.000101 [0.000100/28.526016] [14467/0.000081]
  9  11 300, 0.000098 [0.000100/28.525956] [14517/0.000081]
  9  11 350, 0.000113 [0.000105/28.525894] [14567/0.000081]
Epoch 11 done. Evaluation:
(50000, 50000)
(8860, 10000)
  9  12  50, 0.000095 [0.000100/28.525785] [14658/0.000081]
  9  12 100, 0.000087 [0.000100/28.525725] [14708/0.000081]
  9  12 150, 0.000105 [0.000100/28.525664] [14758/0.000081]
  9  12 200, 0.000099 [0.000100/28.525604] [14808/0.000081]
  9  12 250, 0.000098 [0.000100/28.525544] [14858/0.000081]
  9  12 300, 0.000106 [0.000101/28.525484] [14908/0.000081]
  9  12 350, 0.000094 [0.000100/28.525424] [14958/0.000081]
Epoch 12 done. Evaluation:
(50000, 50000)
(8869, 10000)
  9  13  50, 0.000094 [0.000101/28.525314] [15049/0.000081]
  9  13 100, 0.000107 [0.000101/28.525255] [15099/0.000081]
  9  13 150, 0.000099 [0.000100/28.525195] [15149/0.000081]
  9  13 200, 0.000107 [0.000100/28.525135] [15199/0.000081]
  9  13 250, 0.000101 [0.000100/28.525074] [15249/0.000081]
  9  13 300, 0.000122 [0.000101/28.525014] [15299/0.000081]
  9  13 350, 0.000094 [0.000101/28.524954] [15349/0.000081]
Epoch 13 done. Evaluation:
(50000, 50000)
(8876, 10000)
  9  14  50, 0.000095 [0.000101/28.524844] [15440/0.000081]
  9  14 100, 0.000100 [0.000101/28.524783] [15490/0.000081]
  9  14 150, 0.000096 [0.000100/28.524723] [15540/0.000081]
  9  14 200, 0.000102 [0.000100/28.524663] [15590/0.000081]
  9  14 250, 0.000095 [0.000100/28.524602] [15640/0.000081]
  9  14 300, 0.000082 [0.000100/28.524542] [15690/0.000081]
  9  14 350, 0.000109 [0.000100/28.524482] [15740/0.000081]
Epoch 14 done. Evaluation:
(50000, 50000)
(8869, 10000)
  9  15  50, 0.000102 [0.000100/28.524373] [15831/0.000081]
  9  15 100, 0.000092 [0.000100/28.524313] [15881/0.000081]
  9  15 150, 0.000104 [0.000100/28.524251] [15931/0.000081]
  9  15 200, 0.000096 [0.000100/28.524191] [15981/0.000081]
  9  15 250, 0.000105 [0.000100/28.524131] [16031/0.000081]
  9  15 300, 0.000108 [0.000100/28.524071] [16081/0.000081]
  9  15 350, 0.000101 [0.000106/28.524012] [16131/0.000081]
Epoch 15 done. Evaluation:
(50000, 50000)
(8880, 10000)
  9  16  50, 0.000099 [0.000100/28.523902] [16222/0.000081]
  9  16 100, 0.000094 [0.000100/28.523843] [16272/0.000081]
  9  16 150, 0.000086 [0.000100/28.523782] [16322/0.000081]
  9  16 200, 0.000093 [0.000100/28.523722] [16372/0.000081]
  9  16 250, 0.000095 [0.000100/28.523662] [16422/0.000081]
  9  16 300, 0.000093 [0.000100/28.523602] [16472/0.000081]
  9  16 350, 0.000100 [0.000100/28.523541] [16522/0.000081]
Epoch 16 done. Evaluation:
(50000, 50000)
(8871, 10000)
  9  17  50, 0.000085 [0.000100/28.523432] [16613/0.000081]
  9  17 100, 0.000095 [0.000101/28.523372] [16663/0.000081]
  9  17 150, 0.000111 [0.000101/28.523312] [16713/0.000081]
  9  17 200, 0.000106 [0.000100/28.523252] [16763/0.000081]
  9  17 250, 0.000095 [0.000100/28.523191] [16813/0.000081]
  9  17 300, 0.000089 [0.000100/28.523131] [16863/0.000081]
  9  17 350, 0.000118 [0.000100/28.523071] [16913/0.000081]
Epoch 17 done. Evaluation:
(50000, 50000)
(8867, 10000)
  9  18  50, 0.000097 [0.000100/28.522962] [17004/0.000081]
  9  18 100, 0.000100 [0.000100/28.522901] [17054/0.000081]
  9  18 150, 0.000094 [0.000100/28.522841] [17104/0.000081]
  9  18 200, 0.000090 [0.000100/28.522781] [17154/0.000081]
  9  18 250, 0.000089 [0.000100/28.522722] [17204/0.000081]
  9  18 300, 0.000113 [0.000100/28.522660] [17254/0.000081]
  9  18 350, 0.000101 [0.000100/28.522600] [17304/0.000081]
Epoch 18 done. Evaluation:
(50000, 50000)
(8872, 10000)
  9  19  50, 0.000101 [0.000100/28.522491] [17395/0.000081]
  9  19 100, 0.000101 [0.000100/28.522431] [17445/0.000081]
  9  19 150, 0.000098 [0.000100/28.522371] [17495/0.000081]
  9  19 200, 0.000102 [0.000102/28.522310] [17545/0.000081]
  9  19 250, 0.000100 [0.000100/28.522250] [17595/0.000081]
  9  19 300, 0.000097 [0.000100/28.522190] [17645/0.000081]
  9  19 350, 0.000099 [0.000100/28.522130] [17695/0.000081]
Epoch 19 done. Evaluation:
(50000, 50000)
(8877, 10000)
