Sequential (
  (conv1_1): Sequential (
    (0): Conv2d(3, 32, kernel_size=(3, 3), stride=(1, 1), padding=(1, 1))
    (1): BatchNorm2d(32, eps=1e-05, momentum=0.1, affine=True)
    (2): ReLU (inplace)
  )
  (conv1_2): Sequential (
    (0): Conv2d(32, 32, kernel_size=(3, 3), stride=(1, 1), padding=(1, 1))
    (1): BatchNorm2d(32, eps=1e-05, momentum=0.1, affine=True)
    (2): ReLU (inplace)
  )
  (pool1): MaxPool2d (size=(2, 2), stride=(2, 2), dilation=(1, 1))
  (conv2_1): Sequential (
    (0): Conv2d(32, 64, kernel_size=(3, 3), stride=(1, 1), padding=(1, 1))
    (1): BatchNorm2d(64, eps=1e-05, momentum=0.1, affine=True)
    (2): ReLU (inplace)
  )
  (conv2_2): Sequential (
    (0): Conv2d(64, 64, kernel_size=(3, 3), stride=(1, 1), padding=(1, 1))
    (1): BatchNorm2d(64, eps=1e-05, momentum=0.1, affine=True)
    (2): ReLU (inplace)
  )
  (pool2): MaxPool2d (size=(2, 2), stride=(2, 2), dilation=(1, 1))
  (conv3_1): Sequential (
    (0): Conv2d(64, 128, kernel_size=(3, 3), stride=(1, 1), padding=(1, 1))
    (1): BatchNorm2d(128, eps=1e-05, momentum=0.1, affine=True)
    (2): ReLU (inplace)
  )
  (conv3_2): Sequential (
    (0): Conv2d(128, 128, kernel_size=(3, 3), stride=(1, 1), padding=(1, 1))
    (1): BatchNorm2d(128, eps=1e-05, momentum=0.1, affine=True)
    (2): ReLU (inplace)
  )
  (pool3): MaxPool2d (size=(2, 2), stride=(2, 2), dilation=(1, 1))
  (conv4_1): Sequential (
    (0): Conv2d(128, 256, kernel_size=(3, 3), stride=(1, 1), padding=(1, 1))
    (1): BatchNorm2d(256, eps=1e-05, momentum=0.1, affine=True)
    (2): ReLU (inplace)
  )
  (conv4_2): Sequential (
    (0): Conv2d(256, 256, kernel_size=(3, 3), stride=(1, 1), padding=(1, 1))
    (1): BatchNorm2d(256, eps=1e-05, momentum=0.1, affine=True)
    (2): ReLU (inplace)
  )
  (pool4): MaxPool2d (size=(2, 2), stride=(2, 2), dilation=(1, 1))
  (conv5_1): Sequential (
    (0): Conv2d(256, 256, kernel_size=(3, 3), stride=(1, 1), padding=(1, 1))
    (1): BatchNorm2d(256, eps=1e-05, momentum=0.1, affine=True)
    (2): ReLU (inplace)
  )
  (conv5_2): Sequential (
    (0): Conv2d(256, 256, kernel_size=(3, 3), stride=(1, 1), padding=(1, 1))
    (1): BatchNorm2d(256, eps=1e-05, momentum=0.1, affine=True)
    (2): ReLU (inplace)
  )
  (pool5): MaxPool2d (size=(2, 2), stride=(2, 2), dilation=(1, 1))
  (fc6): Sequential (
    (0): Conv2d(256, 256, kernel_size=(1, 1), stride=(1, 1))
    (1): BatchNorm2d(256, eps=1e-05, momentum=0.1, affine=True)
    (2): ReLU (inplace)
  )
  (logit): Conv2d(256, 10, kernel_size=(1, 1), stride=(1, 1))
  (flatter): Flatten()
)
{'L1_decay': 5e-06,
 'batch_size': 128,
 'force_name': False,
 'graphfolder': 'logs/dxp2_graphs/',
 'learning_rate': 0.1,
 'logfile': 'logs/dxp2.log',
 'mode': '',
 'name': 'dxp2',
 'num_base': 32,
 'optimizer': 'SGD_var_dup2',
 'weight_decay': 4e-05}
0.000522469611866
0.00573186427803
0.00292478465454
0.005763555541
0.00288527365669
0.00577650976991
0.00287908835906
0.00574919093543
0.00287865668993
0.00288500329343
0.000159238848672
0.000155305568473
Decayed training with schedule: [20, 20, 20, 20, 20, 20, 20, 20, 20, 20]
  0   0  50, 1.816430 [0.431086/71.113531] [   0/1.816430]
  0   0 100, 1.459758 [0.378135/70.039762] [   0/1.459758]
  0   0 150, 1.343971 [0.447676/68.991206] [   0/1.343971]
  0   0 200, 1.237737 [0.390105/67.969394] [   0/1.237737]
  0   0 250, 1.188147 [0.378367/66.973620] [   0/1.188147]
  0   0 300, 1.117436 [0.302647/66.005033] [   0/1.117436]
  0   0 350, 1.050531 [0.332627/65.060969] [   0/1.050531]
Epoch 0 done. Evaluation:
(26844, 50000)
(5869, 10000)
  0   1  50, 0.919600 [0.318734/63.408564] [   0/0.919600]
  0   1 100, 0.894917 [0.296963/62.535402] [   0/0.894917]
  0   1 150, 0.874242 [0.306898/61.683384] [   0/0.874242]
  0   1 200, 0.880165 [0.314124/60.854353] [  50/0.874242]
  0   1 250, 0.856061 [0.370388/60.045906] [   0/0.856061]
  0   1 300, 0.806151 [0.351856/59.257826] [   0/0.806151]
  0   1 350, 0.810388 [0.324762/58.489297] [  50/0.806151]
Epoch 1 done. Evaluation:
(34966, 50000)
(6745, 10000)
  0   2  50, 0.726533 [0.361305/57.148761] [   0/0.726533]
  0   2 100, 0.719604 [0.363631/56.440586] [   0/0.719604]
  0   2 150, 0.678433 [0.336939/55.750779] [   0/0.678433]
  0   2 200, 0.678154 [0.353104/55.077291] [   0/0.678154]
  0   2 250, 0.699630 [0.365184/54.420036] [  50/0.678154]
  0   2 300, 0.701057 [0.374947/53.777663] [ 100/0.678154]
  0   2 350, 0.687162 [0.327017/53.155409] [ 150/0.678154]
Epoch 2 done. Evaluation:
(37838, 50000)
(7097, 10000)
  0   3  50, 0.578979 [0.362019/52.068249] [   0/0.578979]
  0   3 100, 0.583696 [0.402116/51.494227] [  50/0.578979]
  0   3 150, 0.609877 [0.345976/50.934971] [ 100/0.578979]
  0   3 200, 0.613593 [0.336808/50.389936] [ 150/0.578979]
  0   3 250, 0.604078 [0.377852/49.858517] [ 200/0.578979]
  0   3 300, 0.598556 [0.315665/49.340588] [ 250/0.578979]
  0   3 350, 0.610325 [0.358995/48.831847] [ 300/0.578979]
Epoch 3 done. Evaluation:
(39472, 50000)
(7352, 10000)
  0   4  50, 0.528676 [0.372068/47.950557] [   0/0.528676]
  0   4 100, 0.539759 [0.326120/47.482092] [  50/0.528676]
  0   4 150, 0.541563 [0.360406/47.029566] [ 100/0.528676]
  0   4 200, 0.544113 [0.391951/46.587057] [ 150/0.528676]
  0   4 250, 0.540584 [0.401364/46.155350] [ 200/0.528676]
  0   4 300, 0.547074 [0.374811/45.734824] [ 250/0.528676]
  0   4 350, 0.548085 [0.408648/45.324478] [ 300/0.528676]
Epoch 4 done. Evaluation:
(40585, 50000)
(7629, 10000)
  0   5  50, 0.477725 [0.365939/44.603766] [   0/0.477725]
  0   5 100, 0.482873 [0.343726/44.229069] [  50/0.477725]
  0   5 150, 0.506389 [0.341308/43.862231] [ 100/0.477725]
  0   5 200, 0.496442 [0.412449/43.504301] [ 150/0.477725]
  0   5 250, 0.502889 [0.348591/43.154142] [ 200/0.477725]
  0   5 300, 0.507580 [0.300003/42.811997] [ 250/0.477725]
  0   5 350, 0.483993 [0.333830/42.475336] [ 300/0.477725]
Epoch 5 done. Evaluation:
(41398, 50000)
(7643, 10000)
  0   6  50, 0.422515 [0.457787/41.889971] [   0/0.422515]
  0   6 100, 0.453270 [0.299739/41.585123] [  50/0.422515]
  0   6 150, 0.442190 [0.416144/41.285834] [ 100/0.422515]
  0   6 200, 0.472559 [0.379360/40.992840] [ 150/0.422515]
  0   6 250, 0.484206 [0.441348/40.713150] [ 200/0.422515]
  0   6 300, 0.493126 [0.364374/40.439423] [ 250/0.422515]
  0   6 350, 0.481856 [0.286524/40.163309] [ 300/0.422515]
Epoch 6 done. Evaluation:
(41979, 50000)
(6608, 10000)
  0   7  50, 0.403232 [0.350576/39.688673] [   0/0.403232]
  0   7 100, 0.429772 [0.422186/39.442661] [  50/0.403232]
  0   7 150, 0.427586 [0.387789/39.200346] [ 100/0.403232]
  0   7 200, 0.449929 [0.387859/38.962298] [ 150/0.403232]
  0   7 250, 0.450601 [0.340723/38.732045] [ 200/0.403232]
  0   7 300, 0.430744 [0.375166/38.506742] [ 250/0.403232]
  0   7 350, 0.443694 [0.350780/38.287134] [ 300/0.403232]
Epoch 7 done. Evaluation:
(42449, 50000)
(7657, 10000)
  0   8  50, 0.378653 [0.402909/37.890009] [   0/0.378653]
  0   8 100, 0.413265 [0.357080/37.687460] [  50/0.378653]
  0   8 150, 0.399163 [0.387383/37.490548] [ 100/0.378653]
  0   8 200, 0.434122 [0.365751/37.298645] [ 150/0.378653]
  0   8 250, 0.428265 [0.320015/37.109984] [ 200/0.378653]
  0   8 300, 0.412222 [0.367641/36.924104] [ 250/0.378653]
  0   8 350, 0.430057 [0.429388/36.744843] [ 300/0.378653]
Epoch 8 done. Evaluation:
(42860, 50000)
(7722, 10000)
  0   9  50, 0.354143 [0.339649/36.422750] [   0/0.354143]
  0   9 100, 0.397241 [0.312232/36.259334] [  50/0.354143]
  0   9 150, 0.399947 [0.413103/36.101289] [ 100/0.354143]
  0   9 200, 0.421216 [0.430417/35.942579] [ 150/0.354143]
  0   9 250, 0.403673 [0.388800/35.790975] [ 200/0.354143]
  0   9 300, 0.412419 [0.395630/35.641166] [ 250/0.354143]
  0   9 350, 0.419858 [0.359654/35.490823] [ 300/0.354143]
Epoch 9 done. Evaluation:
(42989, 50000)
(6845, 10000)
  0  10  50, 0.337156 [0.385682/35.234233] [   0/0.337156]
  0  10 100, 0.375308 [0.451400/35.105484] [  50/0.337156]
  0  10 150, 0.388271 [0.347889/34.977005] [ 100/0.337156]
  0  10 200, 0.397710 [0.500526/34.847779] [ 150/0.337156]
  0  10 250, 0.405192 [0.434251/34.721631] [ 200/0.337156]
  0  10 300, 0.381791 [0.370413/34.595949] [ 250/0.337156]
  0  10 350, 0.403029 [0.432884/34.473292] [ 300/0.337156]
Epoch 10 done. Evaluation:
(43178, 50000)
(7189, 10000)
  0  11  50, 0.340140 [0.317786/34.259436] [ 391/0.337156]
  0  11 100, 0.335301 [0.432579/34.151912] [   0/0.335301]
  0  11 150, 0.362822 [0.470508/34.057423] [  50/0.335301]
  0  11 200, 0.400263 [0.376208/33.955701] [ 100/0.335301]
  0  11 250, 0.387005 [0.362505/33.853104] [ 150/0.335301]
  0  11 300, 0.394361 [0.391036/33.748497] [ 200/0.335301]
  0  11 350, 0.422607 [0.376067/33.654198] [ 250/0.335301]
Epoch 11 done. Evaluation:
(43486, 50000)
(7425, 10000)
  0  12  50, 0.317227 [0.341382/33.467936] [   0/0.317227]
  0  12 100, 0.354606 [0.347977/33.374585] [  50/0.317227]
  0  12 150, 0.344234 [0.434895/33.285663] [ 100/0.317227]
  0  12 200, 0.360046 [0.456839/33.196777] [ 150/0.317227]
  0  12 250, 0.375274 [0.400354/33.110128] [ 200/0.317227]
  0  12 300, 0.401451 [0.439352/33.027384] [ 250/0.317227]
  0  12 350, 0.374840 [0.301969/32.937286] [ 300/0.317227]
Epoch 12 done. Evaluation:
(43662, 50000)
(7408, 10000)
  0  13  50, 0.302982 [0.341815/32.783523] [   0/0.302982]
  0  13 100, 0.327036 [0.311149/32.712758] [  50/0.302982]
  0  13 150, 0.353261 [0.335345/32.648232] [ 100/0.302982]
  0  13 200, 0.359168 [0.523445/32.585770] [ 150/0.302982]
  0  13 250, 0.380512 [0.390655/32.521892] [ 200/0.302982]
  0  13 300, 0.392288 [0.420692/32.459863] [ 250/0.302982]
  0  13 350, 0.362415 [0.389420/32.391229] [ 300/0.302982]
Epoch 13 done. Evaluation:
(43755, 50000)
(7610, 10000)
  0  14  50, 0.318291 [0.421796/32.258336] [ 391/0.302982]
  0  14 100, 0.329735 [0.414298/32.194337] [ 441/0.302982]
  0  14 150, 0.330966 [0.452382/32.133080] [ 491/0.302982]
  0  14 200, 0.341455 [0.339240/32.072590] [ 541/0.302982]
  0  14 250, 0.347822 [0.436794/32.014903] [ 591/0.302982]
  0  14 300, 0.369099 [0.479682/31.964699] [ 641/0.302982]
  0  14 350, 0.380842 [0.463588/31.910490] [ 691/0.302982]
Epoch 14 done. Evaluation:
(43922, 50000)
(7583, 10000)
  0  15  50, 0.294532 [0.393601/31.796792] [   0/0.294532]
  0  15 100, 0.316036 [0.405223/31.753735] [  50/0.294532]
  0  15 150, 0.335273 [0.339283/31.709174] [ 100/0.294532]
  0  15 200, 0.326692 [0.382952/31.664244] [ 150/0.294532]
  0  15 250, 0.357475 [0.387494/31.621974] [ 200/0.294532]
  0  15 300, 0.346894 [0.443987/31.567262] [ 250/0.294532]
  0  15 350, 0.357922 [0.378112/31.522493] [ 300/0.294532]
Epoch 15 done. Evaluation:
(44171, 50000)
(7492, 10000)
  0  16  50, 0.308914 [0.327302/31.439144] [ 391/0.294532]
  0  16 100, 0.315919 [0.396920/31.400371] [ 441/0.294532]
  0  16 150, 0.302600 [0.276407/31.352404] [ 491/0.294532]
  0  16 200, 0.354362 [0.390683/31.317522] [ 541/0.294532]
  0  16 250, 0.315650 [0.470104/31.276906] [ 591/0.294532]
  0  16 300, 0.348500 [0.405926/31.241247] [ 641/0.294532]
  0  16 350, 0.369582 [0.446595/31.210846] [ 691/0.294532]
Epoch 16 done. Evaluation:
(44204, 50000)
(6551, 10000)
  0  17  50, 0.285637 [0.433562/31.130006] [   0/0.285637]
  0  17 100, 0.297001 [0.453893/31.095564] [  50/0.285637]
  0  17 150, 0.312845 [0.430582/31.065261] [ 100/0.285637]
  0  17 200, 0.351365 [0.462924/31.036928] [ 150/0.285637]
  0  17 250, 0.322770 [0.333466/31.004620] [ 200/0.285637]
  0  17 300, 0.350210 [0.392141/30.974693] [ 250/0.285637]
  0  17 350, 0.353496 [0.484675/30.932781] [ 300/0.285637]
Epoch 17 done. Evaluation:
(44326, 50000)
(6142, 10000)
  0  18  50, 0.296986 [0.366833/30.850272] [ 391/0.285637]
  0  18 100, 0.290514 [0.312444/30.813602] [ 441/0.285637]
  0  18 150, 0.299173 [0.295139/30.787065] [ 491/0.285637]
  0  18 200, 0.331743 [0.452371/30.766353] [ 541/0.285637]
  0  18 250, 0.339637 [0.364745/30.731334] [ 591/0.285637]
  0  18 300, 0.334728 [0.442764/30.704650] [ 641/0.285637]
  0  18 350, 0.343582 [0.455696/30.677743] [ 691/0.285637]
Epoch 18 done. Evaluation:
(44438, 50000)
(7735, 10000)
  0  19  50, 0.274164 [0.352397/30.611547] [   0/0.274164]
  0  19 100, 0.284211 [0.396392/30.584192] [  50/0.274164]
  0  19 150, 0.313324 [0.444982/30.561191] [ 100/0.274164]
  0  19 200, 0.324486 [0.495044/30.534196] [ 150/0.274164]
  0  19 250, 0.312156 [0.523952/30.513801] [ 200/0.274164]
  0  19 300, 0.330734 [0.412991/30.482086] [ 250/0.274164]
  0  19 350, 0.344983 [0.441994/30.460173] [ 300/0.274164]
Epoch 19 done. Evaluation:
(44550, 50000)
(7031, 10000)
  1   0  50, 0.219565 [0.151264/30.379026] [   0/0.219565]
  1   0 100, 0.190413 [0.194031/30.325119] [   0/0.190413]
  1   0 150, 0.171851 [0.196738/30.270647] [   0/0.171851]
  1   0 200, 0.177526 [0.211211/30.219788] [  50/0.171851]
  1   0 250, 0.165862 [0.252461/30.171805] [   0/0.165862]
  1   0 300, 0.186095 [0.183852/30.125757] [  50/0.165862]
  1   0 350, 0.184094 [0.201096/30.080955] [ 100/0.165862]
Epoch 0 done. Evaluation:
(46860, 50000)
(8381, 10000)
  1   1  50, 0.136407 [0.208407/30.004016] [   0/0.136407]
  1   1 100, 0.136646 [0.222732/29.961654] [  50/0.136407]
  1   1 150, 0.141396 [0.176651/29.923250] [ 100/0.136407]
  1   1 200, 0.171410 [0.235527/29.886144] [ 150/0.136407]
  1   1 250, 0.156001 [0.206990/29.850436] [ 200/0.136407]
  1   1 300, 0.176776 [0.266394/29.823071] [ 250/0.136407]
  1   1 350, 0.171391 [0.217217/29.791632] [ 300/0.136407]
Epoch 1 done. Evaluation:
(47270, 50000)
(7956, 10000)
  1   2  50, 0.122984 [0.249862/29.734477] [   0/0.122984]
  1   2 100, 0.134915 [0.242032/29.702667] [  50/0.122984]
  1   2 150, 0.162367 [0.331028/29.680911] [ 100/0.122984]
  1   2 200, 0.165868 [0.280845/29.659435] [ 150/0.122984]
  1   2 250, 0.181565 [0.315935/29.643539] [ 200/0.122984]
  1   2 300, 0.181014 [0.332476/29.624180] [ 250/0.122984]
  1   2 350, 0.190329 [0.309599/29.607582] [ 300/0.122984]
Epoch 2 done. Evaluation:
(47135, 50000)
(8372, 10000)
  1   3  50, 0.135432 [0.281451/29.563063] [ 391/0.122984]
  1   3 100, 0.133500 [0.203079/29.536628] [ 441/0.122984]
  1   3 150, 0.165627 [0.271419/29.521470] [ 491/0.122984]
  1   3 200, 0.177008 [0.341021/29.508544] [ 541/0.122984]
  1   3 250, 0.180552 [0.286895/29.494746] [ 591/0.122984]
  1   3 300, 0.166107 [0.207112/29.479679] [ 641/0.122984]
  1   3 350, 0.187583 [0.260147/29.467332] [ 691/0.122984]
Epoch 3 done. Evaluation:
(47088, 50000)
(8412, 10000)
  1   4  50, 0.126750 [0.195056/29.431810] [ 782/0.122984]
  1   4 100, 0.144833 [0.287913/29.413402] [ 832/0.122984]
  1   4 150, 0.161800 [0.315950/29.397103] [ 882/0.122984]
  1   4 200, 0.157997 [0.194647/29.386821] [ 932/0.122984]
  1   4 250, 0.200424 [0.219989/29.382107] [ 982/0.122984]
  1   4 300, 0.196244 [0.260928/29.371555] [1032/0.122984]
  1   4 350, 0.203981 [0.251657/29.362954] [1082/0.122984]
Epoch 4 done. Evaluation:
(47014, 50000)
(8014, 10000)
  1   5  50, 0.167706 [0.270326/29.335975] [1173/0.122984]
  1   5 100, 0.157627 [0.209624/29.319587] [1223/0.122984]
  1   5 150, 0.161653 [0.300864/29.304619] [1273/0.122984]
  1   5 200, 0.166779 [0.267235/29.289732] [1323/0.122984]
  1   5 250, 0.176443 [0.240918/29.277959] [1373/0.122984]
  1   5 300, 0.176893 [0.301493/29.263136] [1423/0.122984]
  1   5 350, 0.174242 [0.279228/29.250991] [1473/0.122984]
Epoch 5 done. Evaluation:
(47043, 50000)
(8075, 10000)
  1   6  50, 0.132467 [0.249095/29.223755] [1564/0.122984]
  1   6 100, 0.143979 [0.259992/29.208123] [1614/0.122984]
  1   6 150, 0.151478 [0.221861/29.197790] [1664/0.122984]
  1   6 200, 0.186673 [0.235301/29.195541] [1714/0.122984]
  1   6 250, 0.178174 [0.217870/29.185270] [1764/0.122984]
  1   6 300, 0.189297 [0.258336/29.179264] [1814/0.122984]
  1   6 350, 0.186702 [0.217817/29.173027] [1864/0.122984]
Epoch 6 done. Evaluation:
(46987, 50000)
(7699, 10000)
  1   7  50, 0.150221 [0.314107/29.159076] [1955/0.122984]
  1   7 100, 0.138759 [0.268068/29.142482] [2005/0.122984]
  1   7 150, 0.161184 [0.251516/29.130308] [2055/0.122984]
  1   7 200, 0.152023 [0.232998/29.120104] [2105/0.122984]
  1   7 250, 0.187982 [0.243083/29.120301] [2155/0.122984]
  1   7 300, 0.201406 [0.276879/29.116044] [2205/0.122984]
  1   7 350, 0.192306 [0.245080/29.109075] [2255/0.122984]
Epoch 7 done. Evaluation:
(46996, 50000)
(7961, 10000)
  1   8  50, 0.147280 [0.175220/29.090065] [2346/0.122984]
  1   8 100, 0.148557 [0.290396/29.079905] [2396/0.122984]
  1   8 150, 0.167737 [0.263467/29.073819] [2446/0.122984]
  1   8 200, 0.167985 [0.309133/29.067211] [2496/0.122984]
  1   8 250, 0.188876 [0.282575/29.060915] [2546/0.122984]
  1   8 300, 0.184488 [0.270262/29.054830] [2596/0.122984]
  1   8 350, 0.185779 [0.272753/29.048421] [2646/0.122984]
Epoch 8 done. Evaluation:
(46967, 50000)
(7984, 10000)
  1   9  50, 0.144071 [0.228077/29.029558] [2737/0.122984]
  1   9 100, 0.128292 [0.208152/29.012101] [2787/0.122984]
  1   9 150, 0.158967 [0.276550/29.005103] [2837/0.122984]
  1   9 200, 0.184668 [0.314513/29.003197] [2887/0.122984]
  1   9 250, 0.172214 [0.206692/28.994871] [2937/0.122984]
  1   9 300, 0.190127 [0.216955/28.993409] [2987/0.122984]
  1   9 350, 0.191886 [0.337188/28.986475] [3037/0.122984]
Epoch 9 done. Evaluation:
(47071, 50000)
(8187, 10000)
  1  10  50, 0.146186 [0.211725/28.959841] [3128/0.122984]
  1  10 100, 0.138950 [0.156215/28.947534] [3178/0.122984]
  1  10 150, 0.147540 [0.337349/28.936815] [3228/0.122984]
  1  10 200, 0.182267 [0.364408/28.938347] [3278/0.122984]
  1  10 250, 0.172130 [0.320824/28.932503] [3328/0.122984]
  1  10 300, 0.167130 [0.314137/28.923014] [3378/0.122984]
  1  10 350, 0.188223 [0.323648/28.918100] [3428/0.122984]
Epoch 10 done. Evaluation:
(47089, 50000)
(7255, 10000)
  1  11  50, 0.138898 [0.205302/28.897521] [3519/0.122984]
  1  11 100, 0.139491 [0.345448/28.882791] [3569/0.122984]
  1  11 150, 0.176006 [0.262939/28.878937] [3619/0.122984]
  1  11 200, 0.174117 [0.295071/28.875721] [3669/0.122984]
  1  11 250, 0.173294 [0.273761/28.867075] [3719/0.122984]
  1  11 300, 0.194042 [0.271805/28.866390] [3769/0.122984]
  1  11 350, 0.199863 [0.246359/28.860595] [3819/0.122984]
Epoch 11 done. Evaluation:
(47027, 50000)
(8284, 10000)
  1  12  50, 0.127075 [0.323995/28.833131] [3910/0.122984]
  1  12 100, 0.127349 [0.195456/28.815222] [3960/0.122984]
  1  12 150, 0.148584 [0.340934/28.803542] [4010/0.122984]
  1  12 200, 0.165898 [0.297348/28.796777] [4060/0.122984]
  1  12 250, 0.176027 [0.233609/28.789922] [4110/0.122984]
  1  12 300, 0.132284 [0.216496/28.772615] [4160/0.122984]
  1  12 350, 0.169803 [0.223642/28.767255] [4210/0.122984]
Epoch 12 done. Evaluation:
(47344, 50000)
(7897, 10000)
  1  13  50, 0.136521 [0.284003/28.753469] [4301/0.122984]
  1  13 100, 0.149150 [0.232086/28.748368] [4351/0.122984]
  1  13 150, 0.162441 [0.335376/28.741020] [4401/0.122984]
  1  13 200, 0.157208 [0.270825/28.734130] [4451/0.122984]
  1  13 250, 0.164832 [0.303975/28.730534] [4501/0.122984]
  1  13 300, 0.170712 [0.252281/28.727557] [4551/0.122984]
  1  13 350, 0.180424 [0.246006/28.720161] [4601/0.122984]
Epoch 13 done. Evaluation:
(47217, 50000)
(7900, 10000)
  1  14  50, 0.155161 [0.256851/28.706368] [4692/0.122984]
  1  14 100, 0.142484 [0.204839/28.688543] [4742/0.122984]
  1  14 150, 0.146141 [0.264805/28.679020] [4792/0.122984]
  1  14 200, 0.166434 [0.258276/28.674945] [4842/0.122984]
  1  14 250, 0.171922 [0.239631/28.669732] [4892/0.122984]
  1  14 300, 0.176111 [0.300649/28.666860] [4942/0.122984]
  1  14 350, 0.181200 [0.345054/28.664965] [4992/0.122984]
Epoch 14 done. Evaluation:
(47126, 50000)
(7878, 10000)
  1  15  50, 0.119889 [0.275358/28.641736] [   0/0.119889]
  1  15 100, 0.129976 [0.249958/28.625356] [  50/0.119889]
  1  15 150, 0.162202 [0.335451/28.619603] [ 100/0.119889]
  1  15 200, 0.142630 [0.295081/28.607305] [ 150/0.119889]
  1  15 250, 0.168001 [0.315694/28.602528] [ 200/0.119889]
  1  15 300, 0.179537 [0.312622/28.600457] [ 250/0.119889]
  1  15 350, 0.175399 [0.283595/28.600464] [ 300/0.119889]
Epoch 15 done. Evaluation:
(47258, 50000)
(7973, 10000)
  1  16  50, 0.131254 [0.296853/28.584022] [ 391/0.119889]
  1  16 100, 0.155765 [0.312569/28.575498] [ 441/0.119889]
  1  16 150, 0.157634 [0.271450/28.568642] [ 491/0.119889]
  1  16 200, 0.167229 [0.340151/28.560456] [ 541/0.119889]
  1  16 250, 0.159115 [0.227308/28.551744] [ 591/0.119889]
  1  16 300, 0.180938 [0.192319/28.548407] [ 641/0.119889]
  1  16 350, 0.175610 [0.207960/28.542560] [ 691/0.119889]
Epoch 16 done. Evaluation:
(47143, 50000)
(8411, 10000)
  1  17  50, 0.127467 [0.299934/28.522949] [ 782/0.119889]
  1  17 100, 0.145569 [0.311403/28.515048] [ 832/0.119889]
  1  17 150, 0.143695 [0.302199/28.508867] [ 882/0.119889]
  1  17 200, 0.138101 [0.174690/28.494858] [ 932/0.119889]
  1  17 250, 0.154367 [0.249933/28.487868] [ 982/0.119889]
  1  17 300, 0.185569 [0.190037/28.488394] [1032/0.119889]
  1  17 350, 0.184165 [0.278615/28.492367] [1082/0.119889]
Epoch 17 done. Evaluation:
(47160, 50000)
(8023, 10000)
  1  18  50, 0.129284 [0.175041/28.472954] [1173/0.119889]
  1  18 100, 0.138796 [0.237250/28.463490] [1223/0.119889]
  1  18 150, 0.143442 [0.279362/28.451459] [1273/0.119889]
  1  18 200, 0.145901 [0.228354/28.438519] [1323/0.119889]
  1  18 250, 0.148341 [0.324713/28.429749] [1373/0.119889]
  1  18 300, 0.169741 [0.261704/28.428752] [1423/0.119889]
  1  18 350, 0.177765 [0.295386/28.431078] [1473/0.119889]
Epoch 18 done. Evaluation:
(47347, 50000)
(7869, 10000)
  1  19  50, 0.134390 [0.261896/28.410272] [1564/0.119889]
  1  19 100, 0.133627 [0.181576/28.400271] [1614/0.119889]
  1  19 150, 0.152752 [0.226936/28.397940] [1664/0.119889]
  1  19 200, 0.160260 [0.353528/28.396209] [1714/0.119889]
  1  19 250, 0.193515 [0.255670/28.398466] [1764/0.119889]
  1  19 300, 0.146379 [0.197733/28.383505] [1814/0.119889]
  1  19 350, 0.181389 [0.253916/28.383035] [1864/0.119889]
Epoch 19 done. Evaluation:
(47256, 50000)
(7991, 10000)
  2   0  50, 0.098776 [0.100917/28.353361] [   0/0.098776]
  2   0 100, 0.069930 [0.126365/28.326595] [   0/0.069930]
  2   0 150, 0.062557 [0.075499/28.299899] [   0/0.062557]
  2   0 200, 0.066101 [0.112234/28.274253] [  50/0.062557]
  2   0 250, 0.062527 [0.118623/28.247965] [   0/0.062527]
  2   0 300, 0.060728 [0.140257/28.222616] [   0/0.060728]
  2   0 350, 0.060563 [0.057038/28.197541] [   0/0.060563]
Epoch 0 done. Evaluation:
(48861, 50000)
(8857, 10000)
  2   1  50, 0.036705 [0.096369/28.149012] [   0/0.036705]
  2   1 100, 0.033303 [0.075884/28.121163] [   0/0.033303]
  2   1 150, 0.030347 [0.112372/28.092650] [   0/0.030347]
  2   1 200, 0.039852 [0.095014/28.066917] [  50/0.030347]
  2   1 250, 0.041568 [0.067255/28.041024] [ 100/0.030347]
  2   1 300, 0.039663 [0.082188/28.015614] [ 150/0.030347]
  2   1 350, 0.040556 [0.100955/27.990645] [ 200/0.030347]
Epoch 1 done. Evaluation:
(49389, 50000)
(8731, 10000)
  2   2  50, 0.025957 [0.085777/27.944893] [   0/0.025957]
  2   2 100, 0.029089 [0.134213/27.918801] [  50/0.025957]
  2   2 150, 0.029932 [0.086306/27.892895] [ 100/0.025957]
  2   2 200, 0.027643 [0.144972/27.867434] [ 150/0.025957]
  2   2 250, 0.033520 [0.114948/27.843371] [ 200/0.025957]
  2   2 300, 0.039590 [0.077141/27.820870] [ 250/0.025957]
  2   2 350, 0.040340 [0.108316/27.800261] [ 300/0.025957]
Epoch 2 done. Evaluation:
(49490, 50000)
(8680, 10000)
  2   3  50, 0.031974 [0.126292/27.761217] [ 391/0.025957]
  2   3 100, 0.040966 [0.088145/27.741037] [ 441/0.025957]
  2   3 150, 0.029673 [0.125190/27.717921] [ 491/0.025957]
  2   3 200, 0.030741 [0.111046/27.695838] [ 541/0.025957]
  2   3 250, 0.033267 [0.084620/27.674038] [ 591/0.025957]
  2   3 300, 0.039259 [0.052718/27.655049] [ 641/0.025957]
  2   3 350, 0.043781 [0.094056/27.636298] [ 691/0.025957]
Epoch 3 done. Evaluation:
(49394, 50000)
(8696, 10000)
  2   4  50, 0.026117 [0.040499/27.599293] [ 782/0.025957]
  2   4 100, 0.027379 [0.059517/27.577893] [ 832/0.025957]
  2   4 150, 0.029307 [0.053795/27.557611] [ 882/0.025957]
  2   4 200, 0.031980 [0.209207/27.539392] [ 932/0.025957]
  2   4 250, 0.044646 [0.113818/27.525176] [ 982/0.025957]
  2   4 300, 0.049231 [0.254312/27.512829] [1032/0.025957]
  2   4 350, 0.047039 [0.161790/27.498276] [1082/0.025957]
Epoch 4 done. Evaluation:
(49370, 50000)
(8552, 10000)
  2   5  50, 0.050103 [0.133066/27.476587] [1173/0.025957]
  2   5 100, 0.040991 [0.155249/27.460235] [1223/0.025957]
  2   5 150, 0.035791 [0.109565/27.442843] [1273/0.025957]
  2   5 200, 0.057520 [0.149059/27.433770] [1323/0.025957]
  2   5 250, 0.058795 [0.105129/27.423368] [1373/0.025957]
  2   5 300, 0.066818 [0.152369/27.416383] [1423/0.025957]
  2   5 350, 0.066965 [0.141375/27.407332] [1473/0.025957]
Epoch 5 done. Evaluation:
(49064, 50000)
(8350, 10000)
  2   6  50, 0.051132 [0.068341/27.389367] [1564/0.025957]
  2   6 100, 0.045145 [0.082056/27.374677] [1614/0.025957]
  2   6 150, 0.053642 [0.104088/27.363892] [1664/0.025957]
  2   6 200, 0.057877 [0.157165/27.354009] [1714/0.025957]
  2   6 250, 0.075953 [0.116329/27.349007] [1764/0.025957]
  2   6 300, 0.069596 [0.185371/27.341382] [1814/0.025957]
  2   6 350, 0.071682 [0.098823/27.334738] [1864/0.025957]
Epoch 6 done. Evaluation:
(48999, 50000)
(8255, 10000)
  2   7  50, 0.055725 [0.174149/27.314486] [1955/0.025957]
  2   7 100, 0.057517 [0.153070/27.304122] [2005/0.025957]
  2   7 150, 0.060008 [0.131360/27.294424] [2055/0.025957]
  2   7 200, 0.053086 [0.126523/27.284712] [2105/0.025957]
  2   7 250, 0.063821 [0.106111/27.276838] [2155/0.025957]
  2   7 300, 0.084182 [0.145047/27.272314] [2205/0.025957]
  2   7 350, 0.069708 [0.183197/27.265796] [2255/0.025957]
Epoch 7 done. Evaluation:
(48869, 50000)
(8386, 10000)
  2   8  50, 0.060134 [0.122827/27.253257] [2346/0.025957]
  2   8 100, 0.070391 [0.138593/27.246663] [2396/0.025957]
  2   8 150, 0.066096 [0.174542/27.238940] [2446/0.025957]
  2   8 200, 0.071021 [0.133672/27.231817] [2496/0.025957]
  2   8 250, 0.071713 [0.101901/27.225467] [2546/0.025957]
  2   8 300, 0.072527 [0.171711/27.218176] [2596/0.025957]
  2   8 350, 0.068934 [0.206824/27.211251] [2646/0.025957]
Epoch 8 done. Evaluation:
(48745, 50000)
(8411, 10000)
  2   9  50, 0.066164 [0.218530/27.202719] [2737/0.025957]
  2   9 100, 0.058477 [0.189856/27.194214] [2787/0.025957]
  2   9 150, 0.060735 [0.198277/27.185229] [2837/0.025957]
  2   9 200, 0.062720 [0.124083/27.177092] [2887/0.025957]
  2   9 250, 0.060097 [0.219664/27.169377] [2937/0.025957]
  2   9 300, 0.079096 [0.125916/27.167904] [2987/0.025957]
  2   9 350, 0.072795 [0.182281/27.160391] [3037/0.025957]
Epoch 9 done. Evaluation:
(48827, 50000)
(8646, 10000)
  2  10  50, 0.062403 [0.102530/27.145529] [3128/0.025957]
  2  10 100, 0.060108 [0.168218/27.136531] [3178/0.025957]
  2  10 150, 0.056773 [0.091389/27.127178] [3228/0.025957]
  2  10 200, 0.074203 [0.178138/27.124337] [3278/0.025957]
  2  10 250, 0.074595 [0.192295/27.118509] [3328/0.025957]
  2  10 300, 0.072651 [0.118401/27.112743] [3378/0.025957]
  2  10 350, 0.084374 [0.228459/27.110416] [3428/0.025957]
Epoch 10 done. Evaluation:
(48832, 50000)
(8623, 10000)
  2  11  50, 0.053510 [0.114246/27.093435] [3519/0.025957]
  2  11 100, 0.065323 [0.156619/27.086532] [3569/0.025957]
  2  11 150, 0.068079 [0.115076/27.081776] [3619/0.025957]
  2  11 200, 0.069590 [0.153432/27.077267] [3669/0.025957]
  2  11 250, 0.069983 [0.137549/27.072080] [3719/0.025957]
  2  11 300, 0.077341 [0.182642/27.070880] [3769/0.025957]
  2  11 350, 0.075720 [0.189665/27.065801] [3819/0.025957]
Epoch 11 done. Evaluation:
(48776, 50000)
(8453, 10000)
  2  12  50, 0.064655 [0.121144/27.058726] [3910/0.025957]
  2  12 100, 0.069512 [0.126177/27.053617] [3960/0.025957]
  2  12 150, 0.065505 [0.180979/27.047496] [4010/0.025957]
  2  12 200, 0.070530 [0.154396/27.041138] [4060/0.025957]
  2  12 250, 0.087022 [0.170292/27.039997] [4110/0.025957]
  2  12 300, 0.087366 [0.167321/27.038878] [4160/0.025957]
  2  12 350, 0.086193 [0.208127/27.035944] [4210/0.025957]
Epoch 12 done. Evaluation:
(48652, 50000)
(8425, 10000)
  2  13  50, 0.057046 [0.045831/27.023633] [4301/0.025957]
  2  13 100, 0.050697 [0.195256/27.011813] [4351/0.025957]
  2  13 150, 0.062971 [0.102567/27.003848] [4401/0.025957]
  2  13 200, 0.079659 [0.242212/27.001819] [4451/0.025957]
  2  13 250, 0.069505 [0.164433/26.997059] [4501/0.025957]
  2  13 300, 0.086738 [0.205993/26.996116] [4551/0.025957]
  2  13 350, 0.084707 [0.181530/26.993766] [4601/0.025957]
Epoch 13 done. Evaluation:
(48737, 50000)
(8040, 10000)
  2  14  50, 0.080621 [0.138367/26.987739] [4692/0.025957]
  2  14 100, 0.057381 [0.104496/26.976830] [4742/0.025957]
  2  14 150, 0.056855 [0.182586/26.966750] [4792/0.025957]
  2  14 200, 0.062671 [0.173195/26.960167] [4842/0.025957]
  2  14 250, 0.072225 [0.164610/26.955682] [4892/0.025957]
  2  14 300, 0.068266 [0.161152/26.949789] [4942/0.025957]
  2  14 350, 0.071606 [0.067975/26.944321] [4992/0.025957]
Epoch 14 done. Evaluation:
(48847, 50000)
(8523, 10000)
  2  15  50, 0.067564 [0.094976/26.931324] [5083/0.025957]
  2  15 100, 0.046503 [0.175573/26.919224] [5133/0.025957]
  2  15 150, 0.055460 [0.041789/26.911413] [5183/0.025957]
  2  15 200, 0.062561 [0.149900/26.904658] [5233/0.025957]
  2  15 250, 0.082588 [0.207723/26.906362] [5283/0.025957]
  2  15 300, 0.086613 [0.213986/26.906341] [5333/0.025957]
  2  15 350, 0.098595 [0.151688/26.907213] [5383/0.025957]
Epoch 15 done. Evaluation:
(48738, 50000)
(8540, 10000)
  2  16  50, 0.060856 [0.093681/26.896028] [5474/0.025957]
  2  16 100, 0.060259 [0.101325/26.887401] [5524/0.025957]
  2  16 150, 0.067288 [0.179982/26.882262] [5574/0.025957]
  2  16 200, 0.076865 [0.161066/26.879155] [5624/0.025957]
  2  16 250, 0.072335 [0.156210/26.873875] [5674/0.025957]
  2  16 300, 0.075734 [0.168624/26.870400] [5724/0.025957]
  2  16 350, 0.081144 [0.105902/26.867625] [5774/0.025957]
Epoch 16 done. Evaluation:
(48746, 50000)
(8310, 10000)
  2  17  50, 0.061066 [0.134628/26.860806] [5865/0.025957]
  2  17 100, 0.055908 [0.111954/26.851953] [5915/0.025957]
  2  17 150, 0.058804 [0.098189/26.843971] [5965/0.025957]
  2  17 200, 0.067006 [0.117727/26.837579] [6015/0.025957]
  2  17 250, 0.081334 [0.212183/26.835579] [6065/0.025957]
  2  17 300, 0.086325 [0.248417/26.834216] [6115/0.025957]
  2  17 350, 0.079762 [0.212659/26.830710] [6165/0.025957]
Epoch 17 done. Evaluation:
(48760, 50000)
(8106, 10000)
  2  18  50, 0.071003 [0.175327/26.826991] [6256/0.025957]
  2  18 100, 0.075116 [0.150453/26.823140] [6306/0.025957]
  2  18 150, 0.057224 [0.138239/26.815430] [6356/0.025957]
  2  18 200, 0.067424 [0.201362/26.809995] [6406/0.025957]
  2  18 250, 0.076802 [0.183655/26.806327] [6456/0.025957]
  2  18 300, 0.063862 [0.156433/26.800194] [6506/0.025957]
  2  18 350, 0.095263 [0.287487/26.801597] [6556/0.025957]
Epoch 18 done. Evaluation:
(48727, 50000)
(8188, 10000)
  2  19  50, 0.062780 [0.091452/26.790143] [6647/0.025957]
  2  19 100, 0.053117 [0.177322/26.779972] [6697/0.025957]
  2  19 150, 0.044668 [0.108168/26.767941] [6747/0.025957]
  2  19 200, 0.069787 [0.155180/26.764453] [6797/0.025957]
  2  19 250, 0.082122 [0.167559/26.764101] [6847/0.025957]
  2  19 300, 0.084563 [0.128610/26.762503] [6897/0.025957]
  2  19 350, 0.074957 [0.221150/26.758407] [6947/0.025957]
Epoch 19 done. Evaluation:
(48808, 50000)
(8258, 10000)
  3   0  50, 0.042563 [0.019765/26.748348] [7038/0.025957]
  3   0 100, 0.034175 [0.071855/26.737735] [7088/0.025957]
  3   0 150, 0.025888 [0.042231/26.726303] [   0/0.025888]
  3   0 200, 0.025614 [0.052784/26.715171] [   0/0.025614]
  3   0 250, 0.019765 [0.039149/26.703209] [   0/0.019765]
  3   0 300, 0.023663 [0.043585/26.691798] [  50/0.019765]
  3   0 350, 0.027084 [0.026822/26.681049] [ 100/0.019765]
Epoch 0 done. Evaluation:
(49546, 50000)
(8805, 10000)
  3   1  50, 0.015511 [0.023775/26.659945] [   0/0.015511]
  3   1 100, 0.014113 [0.013964/26.647954] [   0/0.014113]
  3   1 150, 0.011417 [0.056953/26.635789] [   0/0.011417]
  3   1 200, 0.011795 [0.040898/26.623615] [  50/0.011417]
  3   1 250, 0.012406 [0.005253/26.611719] [ 100/0.011417]
  3   1 300, 0.010891 [0.037777/26.599461] [   0/0.010891]
  3   1 350, 0.011975 [0.038478/26.587419] [  50/0.010891]
Epoch 1 done. Evaluation:
(49825, 50000)
(8919, 10000)
  3   2  50, 0.006059 [0.004255/26.564922] [   0/0.006059]
  3   2 100, 0.006760 [0.002175/26.552479] [  50/0.006059]
  3   2 150, 0.005724 [0.030241/26.539891] [   0/0.005724]
  3   2 200, 0.009748 [0.013416/26.527899] [  50/0.005724]
  3   2 250, 0.007056 [0.003197/26.515596] [ 100/0.005724]
  3   2 300, 0.007476 [0.028923/26.503528] [ 150/0.005724]
  3   2 350, 0.008482 [0.002486/26.491689] [ 200/0.005724]
Epoch 2 done. Evaluation:
(49918, 50000)
(8929, 10000)
  3   3  50, 0.004896 [0.003503/26.469368] [   0/0.004896]
  3   3 100, 0.006196 [0.000963/26.457224] [  50/0.004896]
  3   3 150, 0.004991 [0.005851/26.444928] [ 100/0.004896]
  3   3 200, 0.006795 [0.010646/26.432966] [ 150/0.004896]
  3   3 250, 0.004974 [0.002383/26.420896] [ 200/0.004896]
  3   3 300, 0.005004 [0.002473/26.408850] [ 250/0.004896]
  3   3 350, 0.003764 [0.021404/26.396618] [   0/0.003764]
Epoch 3 done. Evaluation:
(49948, 50000)
(8940, 10000)
  3   4  50, 0.002263 [0.007003/26.374145] [   0/0.002263]
  3   4 100, 0.002251 [0.012192/26.361734] [   0/0.002251]
  3   4 150, 0.002512 [0.005798/26.349439] [  50/0.002251]
  3   4 200, 0.003483 [0.005793/26.337428] [ 100/0.002251]
  3   4 250, 0.002667 [0.001698/26.325200] [ 150/0.002251]
  3   4 300, 0.004235 [0.001304/26.313483] [ 200/0.002251]
  3   4 350, 0.003909 [0.010045/26.301595] [ 250/0.002251]
Epoch 4 done. Evaluation:
(49974, 50000)
(8947, 10000)
  3   5  50, 0.002571 [0.001176/26.280056] [ 341/0.002251]
  3   5 100, 0.002550 [0.004109/26.268155] [ 391/0.002251]
  3   5 150, 0.002616 [0.003953/26.256386] [ 441/0.002251]
  3   5 200, 0.002489 [0.022270/26.244570] [ 491/0.002251]
  3   5 250, 0.002149 [0.006295/26.232756] [   0/0.002149]
  3   5 300, 0.002100 [0.007474/26.220908] [   0/0.002100]
  3   5 350, 0.001940 [0.008731/26.209086] [   0/0.001940]
Epoch 5 done. Evaluation:
(49987, 50000)
(8943, 10000)
  3   6  50, 0.002034 [0.003127/26.187889] [  91/0.001940]
  3   6 100, 0.002042 [0.003818/26.176306] [ 141/0.001940]
  3   6 150, 0.002031 [0.055027/26.164743] [ 191/0.001940]
  3   6 200, 0.001533 [0.005828/26.153062] [   0/0.001533]
  3   6 250, 0.001607 [0.001723/26.141447] [  50/0.001533]
  3   6 300, 0.001496 [0.001744/26.129870] [   0/0.001496]
  3   6 350, 0.001761 [0.003324/26.118419] [  50/0.001496]
Epoch 6 done. Evaluation:
(49991, 50000)
(8971, 10000)
  3   7  50, 0.001492 [0.028948/26.097557] [   0/0.001492]
  3   7 100, 0.001683 [0.000884/26.086207] [  50/0.001492]
  3   7 150, 0.001621 [0.000715/26.074900] [ 100/0.001492]
  3   7 200, 0.001322 [0.002683/26.063546] [   0/0.001322]
  3   7 250, 0.001477 [0.002914/26.052265] [  50/0.001322]
  3   7 300, 0.001420 [0.001265/26.041065] [ 100/0.001322]
  3   7 350, 0.001201 [0.003637/26.029813] [   0/0.001201]
Epoch 7 done. Evaluation:
(49993, 50000)
(8970, 10000)
  3   8  50, 0.000984 [0.001777/26.009392] [   0/0.000984]
  3   8 100, 0.001024 [0.003793/25.998240] [  50/0.000984]
  3   8 150, 0.001067 [0.001418/25.987133] [ 100/0.000984]
  3   8 200, 0.000748 [0.000824/25.975999] [   0/0.000748]
  3   8 250, 0.000951 [0.004500/25.964953] [  50/0.000748]
  3   8 300, 0.001659 [0.002270/25.954192] [ 100/0.000748]
  3   8 350, 0.001185 [0.004911/25.943289] [ 150/0.000748]
Epoch 8 done. Evaluation:
(49994, 50000)
(8972, 10000)
  3   9  50, 0.000963 [0.001211/25.923426] [ 241/0.000748]
  3   9 100, 0.001185 [0.002309/25.912713] [ 291/0.000748]
  3   9 150, 0.000927 [0.003037/25.901911] [ 341/0.000748]
  3   9 200, 0.000796 [0.004485/25.891110] [ 391/0.000748]
  3   9 250, 0.000884 [0.002191/25.880397] [ 441/0.000748]
  3   9 300, 0.000853 [0.001141/25.869694] [ 491/0.000748]
  3   9 350, 0.000830 [0.017214/25.859029] [ 541/0.000748]
Epoch 9 done. Evaluation:
(49998, 50000)
(8959, 10000)
  3  10  50, 0.000921 [0.005947/25.839832] [ 632/0.000748]
  3  10 100, 0.001042 [0.002017/25.829357] [ 682/0.000748]
  3  10 150, 0.000796 [0.003602/25.818840] [ 732/0.000748]
  3  10 200, 0.001181 [0.008286/25.808495] [ 782/0.000748]
  3  10 250, 0.000830 [0.000799/25.798078] [ 832/0.000748]
  3  10 300, 0.000747 [0.006715/25.787667] [   0/0.000747]
  3  10 350, 0.000801 [0.004068/25.777305] [  50/0.000747]
Epoch 10 done. Evaluation:
(49997, 50000)
(8974, 10000)
  3  11  50, 0.000543 [0.001938/25.758491] [   0/0.000543]
  3  11 100, 0.000497 [0.000646/25.748170] [   0/0.000497]
  3  11 150, 0.000584 [0.001873/25.737905] [  50/0.000497]
  3  11 200, 0.000615 [0.003584/25.727730] [ 100/0.000497]
  3  11 250, 0.000614 [0.015193/25.717555] [ 150/0.000497]
  3  11 300, 0.000484 [0.001918/25.707386] [   0/0.000484]
  3  11 350, 0.000613 [0.000866/25.697281] [  50/0.000484]
Epoch 11 done. Evaluation:
(50000, 50000)
(8981, 10000)
  3  12  50, 0.000453 [0.000587/25.678955] [   0/0.000453]
  3  12 100, 0.000542 [0.005662/25.668939] [  50/0.000453]
  3  12 150, 0.000428 [0.000720/25.658936] [   0/0.000428]
  3  12 200, 0.000563 [0.001919/25.649008] [  50/0.000428]
  3  12 250, 0.000602 [0.001200/25.639113] [ 100/0.000428]
  3  12 300, 0.000707 [0.001097/25.629297] [ 150/0.000428]
  3  12 350, 0.000560 [0.000968/25.619471] [ 200/0.000428]
Epoch 12 done. Evaluation:
(50000, 50000)
(8957, 10000)
  3  13  50, 0.000501 [0.000629/25.601662] [ 291/0.000428]
  3  13 100, 0.000428 [0.000862/25.591903] [   0/0.000428]
  3  13 150, 0.000435 [0.000930/25.582183] [  50/0.000428]
  3  13 200, 0.000461 [0.001668/25.572506] [ 100/0.000428]
  3  13 250, 0.000421 [0.001890/25.562856] [   0/0.000421]
  3  13 300, 0.000420 [0.000555/25.553237] [   0/0.000420]
  3  13 350, 0.000487 [0.000961/25.543670] [  50/0.000420]
Epoch 13 done. Evaluation:
(50000, 50000)
(8985, 10000)
  3  14  50, 0.000465 [0.001889/25.526340] [ 141/0.000420]
  3  14 100, 0.000473 [0.001723/25.516871] [ 191/0.000420]
  3  14 150, 0.000381 [0.001028/25.507407] [   0/0.000381]
  3  14 200, 0.000330 [0.001185/25.497967] [   0/0.000330]
  3  14 250, 0.000384 [0.001949/25.488576] [  50/0.000330]
  3  14 300, 0.000339 [0.000742/25.479204] [ 100/0.000330]
  3  14 350, 0.000369 [0.000513/25.469875] [ 150/0.000330]
Epoch 14 done. Evaluation:
(50000, 50000)
(8953, 10000)
  3  15  50, 0.000445 [0.003057/25.453058] [ 241/0.000330]
  3  15 100, 0.000403 [0.000793/25.443831] [ 291/0.000330]
  3  15 150, 0.000334 [0.001118/25.434619] [ 341/0.000330]
  3  15 200, 0.000359 [0.001317/25.425448] [ 391/0.000330]
  3  15 250, 0.000358 [0.000739/25.416308] [ 441/0.000330]
  3  15 300, 0.000376 [0.000751/25.407203] [ 491/0.000330]
  3  15 350, 0.000365 [0.002759/25.398130] [ 541/0.000330]
Epoch 15 done. Evaluation:
(50000, 50000)
(8991, 10000)
  3  16  50, 0.000309 [0.004031/25.381669] [   0/0.000309]
  3  16 100, 0.000310 [0.000660/25.372673] [  50/0.000309]
  3  16 150, 0.000339 [0.001694/25.363715] [ 100/0.000309]
  3  16 200, 0.000325 [0.000552/25.354780] [ 150/0.000309]
  3  16 250, 0.000332 [0.000635/25.345879] [ 200/0.000309]
  3  16 300, 0.000319 [0.000611/25.337008] [ 250/0.000309]
  3  16 350, 0.000337 [0.003057/25.328172] [ 300/0.000309]
Epoch 16 done. Evaluation:
(50000, 50000)
(8986, 10000)
  3  17  50, 0.000321 [0.001928/25.312170] [ 391/0.000309]
  3  17 100, 0.000322 [0.000523/25.303414] [ 441/0.000309]
  3  17 150, 0.000286 [0.000708/25.294681] [   0/0.000286]
  3  17 200, 0.000341 [0.004748/25.285991] [  50/0.000286]
  3  17 250, 0.000353 [0.001743/25.277342] [ 100/0.000286]
  3  17 300, 0.000349 [0.001217/25.268713] [ 150/0.000286]
  3  17 350, 0.000289 [0.000636/25.260100] [ 200/0.000286]
Epoch 17 done. Evaluation:
(50000, 50000)
(8987, 10000)
  3  18  50, 0.000295 [0.001024/25.244530] [ 291/0.000286]
  3  18 100, 0.000259 [0.001369/25.235989] [   0/0.000259]
  3  18 150, 0.000302 [0.001095/25.227492] [  50/0.000259]
  3  18 200, 0.000331 [0.000638/25.219031] [ 100/0.000259]
  3  18 250, 0.000306 [0.000549/25.210591] [ 150/0.000259]
  3  18 300, 0.000317 [0.000615/25.202182] [ 200/0.000259]
  3  18 350, 0.000320 [0.000792/25.193802] [ 250/0.000259]
Epoch 18 done. Evaluation:
(50000, 50000)
(8990, 10000)
  3  19  50, 0.000232 [0.000636/25.178587] [   0/0.000232]
  3  19 100, 0.000292 [0.001092/25.170280] [  50/0.000232]
  3  19 150, 0.000277 [0.000853/25.161995] [ 100/0.000232]
  3  19 200, 0.000245 [0.003525/25.153731] [ 150/0.000232]
  3  19 250, 0.000289 [0.001961/25.145505] [ 200/0.000232]
  3  19 300, 0.000266 [0.000830/25.137302] [ 250/0.000232]
  3  19 350, 0.000259 [0.000696/25.129124] [ 300/0.000232]
Epoch 19 done. Evaluation:
(50000, 50000)
(8991, 10000)
  4   0  50, 0.000259 [0.000270/25.118383] [ 391/0.000232]
  4   0 100, 0.000279 [0.000348/25.114322] [ 441/0.000232]
  4   0 150, 0.000232 [0.000291/25.110265] [   0/0.000232]
  4   0 200, 0.000260 [0.000403/25.106216] [  50/0.000232]
  4   0 250, 0.000242 [0.000278/25.102175] [ 100/0.000232]
  4   0 300, 0.000264 [0.000882/25.098137] [ 150/0.000232]
  4   0 350, 0.000265 [0.000351/25.094113] [ 200/0.000232]
Epoch 0 done. Evaluation:
(50000, 50000)
(8985, 10000)
  4   1  50, 0.000225 [0.000266/25.086794] [   0/0.000225]
  4   1 100, 0.000274 [0.010954/25.082788] [  50/0.000225]
  4   1 150, 0.000238 [0.000330/25.078783] [ 100/0.000225]
  4   1 200, 0.000253 [0.001587/25.074786] [ 150/0.000225]
  4   1 250, 0.000247 [0.001144/25.070795] [ 200/0.000225]
  4   1 300, 0.000258 [0.001631/25.066813] [ 250/0.000225]
  4   1 350, 0.000256 [0.000572/25.062835] [ 300/0.000225]
Epoch 1 done. Evaluation:
(50000, 50000)
(8983, 10000)
  4   2  50, 0.000239 [0.000290/25.055616] [ 391/0.000225]
  4   2 100, 0.000242 [0.000280/25.051654] [ 441/0.000225]
  4   2 150, 0.000244 [0.000402/25.047700] [ 491/0.000225]
  4   2 200, 0.000242 [0.000298/25.043751] [ 541/0.000225]
  4   2 250, 0.000229 [0.000294/25.039808] [ 591/0.000225]
  4   2 300, 0.000239 [0.000753/25.035873] [ 641/0.000225]
  4   2 350, 0.000243 [0.000323/25.031947] [ 691/0.000225]
Epoch 2 done. Evaluation:
(50000, 50000)
(8993, 10000)
  4   3  50, 0.000244 [0.000244/25.024811] [ 782/0.000225]
  4   3 100, 0.000213 [0.000237/25.020897] [   0/0.000213]
  4   3 150, 0.000214 [0.000461/25.016990] [  50/0.000213]
  4   3 200, 0.000245 [0.000267/25.013094] [ 100/0.000213]
  4   3 250, 0.000212 [0.000338/25.009198] [   0/0.000212]
  4   3 300, 0.000222 [0.000263/25.005308] [  50/0.000212]
  4   3 350, 0.000261 [0.000515/25.001432] [ 100/0.000212]
Epoch 3 done. Evaluation:
(50000, 50000)
(8989, 10000)
  4   4  50, 0.000236 [0.000279/24.994385] [ 191/0.000212]
  4   4 100, 0.000229 [0.000318/24.990524] [ 241/0.000212]
  4   4 150, 0.000218 [0.000354/24.986666] [ 291/0.000212]
  4   4 200, 0.000233 [0.000513/24.982815] [ 341/0.000212]
  4   4 250, 0.000209 [0.000232/24.978969] [   0/0.000209]
  4   4 300, 0.000242 [0.000256/24.975133] [  50/0.000209]
  4   4 350, 0.000269 [0.000322/24.971306] [ 100/0.000209]
Epoch 4 done. Evaluation:
(50000, 50000)
(8990, 10000)
  4   5  50, 0.000203 [0.000353/24.964344] [   0/0.000203]
  4   5 100, 0.000223 [0.000354/24.960528] [  50/0.000203]
  4   5 150, 0.000223 [0.000422/24.956719] [ 100/0.000203]
  4   5 200, 0.000234 [0.000301/24.952915] [ 150/0.000203]
  4   5 250, 0.000222 [0.000408/24.949119] [ 200/0.000203]
  4   5 300, 0.000241 [0.000266/24.945329] [ 250/0.000203]
  4   5 350, 0.000280 [0.000333/24.941553] [ 300/0.000203]
Epoch 5 done. Evaluation:
(50000, 50000)
(8972, 10000)
  4   6  50, 0.000228 [0.000949/24.934677] [ 391/0.000203]
  4   6 100, 0.000205 [0.000313/24.930905] [ 441/0.000203]
  4   6 150, 0.000205 [0.000273/24.927140] [ 491/0.000203]
  4   6 200, 0.000215 [0.000238/24.923383] [ 541/0.000203]
  4   6 250, 0.000221 [0.000279/24.919632] [ 591/0.000203]
  4   6 300, 0.000234 [0.000454/24.915888] [ 641/0.000203]
  4   6 350, 0.000267 [0.000441/24.912153] [ 691/0.000203]
Epoch 6 done. Evaluation:
(50000, 50000)
(8987, 10000)
  4   7  50, 0.000195 [0.000291/24.905362] [   0/0.000195]
  4   7 100, 0.000200 [0.001954/24.901637] [  50/0.000195]
  4   7 150, 0.000192 [0.000219/24.897915] [   0/0.000192]
  4   7 200, 0.000203 [0.000226/24.894201] [  50/0.000192]
  4   7 250, 0.000202 [0.000254/24.890494] [ 100/0.000192]
  4   7 300, 0.000190 [0.000225/24.886789] [   0/0.000190]
  4   7 350, 0.000194 [0.000273/24.883095] [  50/0.000190]
Epoch 7 done. Evaluation:
(50000, 50000)
(8986, 10000)
  4   8  50, 0.000194 [0.000234/24.876382] [ 141/0.000190]
  4   8 100, 0.000203 [0.000231/24.872700] [ 191/0.000190]
  4   8 150, 0.000197 [0.000538/24.869025] [ 241/0.000190]
  4   8 200, 0.000221 [0.000362/24.865359] [ 291/0.000190]
  4   8 250, 0.000185 [0.000531/24.861695] [   0/0.000185]
  4   8 300, 0.000212 [0.000630/24.858040] [  50/0.000185]
  4   8 350, 0.000209 [0.000299/24.854390] [ 100/0.000185]
Epoch 8 done. Evaluation:
(50000, 50000)
(8977, 10000)
  4   9  50, 0.000203 [0.000317/24.847758] [ 191/0.000185]
  4   9 100, 0.000231 [0.000253/24.844123] [ 241/0.000185]
  4   9 150, 0.000217 [0.000301/24.840497] [ 291/0.000185]
  4   9 200, 0.000210 [0.000438/24.836872] [ 341/0.000185]
  4   9 250, 0.000178 [0.000269/24.833251] [   0/0.000178]
  4   9 300, 0.000186 [0.000418/24.829636] [  50/0.000178]
  4   9 350, 0.000194 [0.000258/24.826028] [ 100/0.000178]
Epoch 9 done. Evaluation:
(50000, 50000)
(8978, 10000)
  4  10  50, 0.000180 [0.000474/24.819473] [ 191/0.000178]
  4  10 100, 0.000216 [0.004691/24.815881] [ 241/0.000178]
  4  10 150, 0.000193 [0.000338/24.812295] [ 291/0.000178]
  4  10 200, 0.000229 [0.000706/24.808720] [ 341/0.000178]
  4  10 250, 0.000181 [0.000387/24.805140] [ 391/0.000178]
  4  10 300, 0.000227 [0.000284/24.801575] [ 441/0.000178]
  4  10 350, 0.000190 [0.000367/24.798007] [ 491/0.000178]
Epoch 10 done. Evaluation:
(50000, 50000)
(8987, 10000)
  4  11  50, 0.000200 [0.000225/24.791531] [ 582/0.000178]
  4  11 100, 0.000179 [0.000500/24.787982] [ 632/0.000178]
  4  11 150, 0.000191 [0.000348/24.784435] [ 682/0.000178]
  4  11 200, 0.000187 [0.000397/24.780895] [ 732/0.000178]
  4  11 250, 0.000190 [0.000214/24.777360] [ 782/0.000178]
  4  11 300, 0.000167 [0.000231/24.773828] [   0/0.000167]
  4  11 350, 0.000185 [0.000248/24.770302] [  50/0.000167]
Epoch 11 done. Evaluation:
(50000, 50000)
(8973, 10000)
  4  12  50, 0.000179 [0.000266/24.763899] [ 141/0.000167]
  4  12 100, 0.000195 [0.000267/24.760392] [ 191/0.000167]
  4  12 150, 0.000184 [0.000266/24.756890] [ 241/0.000167]
  4  12 200, 0.000197 [0.000322/24.753394] [ 291/0.000167]
  4  12 250, 0.000245 [0.000309/24.749916] [ 341/0.000167]
  4  12 300, 0.000203 [0.000220/24.746430] [ 391/0.000167]
  4  12 350, 0.000213 [0.000417/24.742950] [ 441/0.000167]
Epoch 12 done. Evaluation:
(50000, 50000)
(8973, 10000)
  4  13  50, 0.000183 [0.000261/24.736628] [ 532/0.000167]
  4  13 100, 0.000170 [0.000415/24.733156] [ 582/0.000167]
  4  13 150, 0.000194 [0.000270/24.729696] [ 632/0.000167]
  4  13 200, 0.000198 [0.000279/24.726237] [ 682/0.000167]
  4  13 250, 0.000182 [0.000216/24.722785] [ 732/0.000167]
  4  13 300, 0.000178 [0.000517/24.719337] [ 782/0.000167]
  4  13 350, 0.000193 [0.000414/24.715896] [ 832/0.000167]
Epoch 13 done. Evaluation:
(50000, 50000)
(8976, 10000)
  4  14  50, 0.000167 [0.000286/24.709641] [   0/0.000167]
  4  14 100, 0.000172 [0.000348/24.706211] [  50/0.000167]
  4  14 150, 0.000213 [0.000784/24.702795] [ 100/0.000167]
  4  14 200, 0.000205 [0.000451/24.699378] [ 150/0.000167]
  4  14 250, 0.000192 [0.000385/24.695966] [ 200/0.000167]
  4  14 300, 0.000175 [0.000291/24.692556] [ 250/0.000167]
  4  14 350, 0.000169 [0.000425/24.689153] [ 300/0.000167]
Epoch 14 done. Evaluation:
(50000, 50000)
(8979, 10000)
  4  15  50, 0.000171 [0.000347/24.682968] [ 391/0.000167]
  4  15 100, 0.000173 [0.000319/24.679576] [ 441/0.000167]
  4  15 150, 0.000193 [0.000348/24.676197] [ 491/0.000167]
  4  15 200, 0.000185 [0.002112/24.672818] [ 541/0.000167]
  4  15 250, 0.000186 [0.000227/24.669444] [ 591/0.000167]
  4  15 300, 0.000163 [0.000231/24.666072] [   0/0.000163]
  4  15 350, 0.000166 [0.000254/24.662705] [  50/0.000163]
Epoch 15 done. Evaluation:
(50000, 50000)
(8990, 10000)
  4  16  50, 0.000179 [0.000274/24.656596] [ 141/0.000163]
  4  16 100, 0.000187 [0.000240/24.653244] [ 191/0.000163]
  4  16 150, 0.000182 [0.000209/24.649900] [ 241/0.000163]
  4  16 200, 0.000152 [0.000260/24.646552] [   0/0.000152]
  4  16 250, 0.000189 [0.000275/24.643219] [  50/0.000152]
  4  16 300, 0.000219 [0.012042/24.639894] [ 100/0.000152]
  4  16 350, 0.000175 [0.000244/24.636566] [ 150/0.000152]
Epoch 16 done. Evaluation:
(50000, 50000)
(8980, 10000)
  4  17  50, 0.000172 [0.000283/24.630522] [ 241/0.000152]
  4  17 100, 0.000162 [0.000843/24.627205] [ 291/0.000152]
  4  17 150, 0.000186 [0.001035/24.623900] [ 341/0.000152]
  4  17 200, 0.000186 [0.000399/24.620597] [ 391/0.000152]
  4  17 250, 0.000170 [0.000261/24.617296] [ 441/0.000152]
  4  17 300, 0.000178 [0.000250/24.614005] [ 491/0.000152]
  4  17 350, 0.000173 [0.000840/24.610714] [ 541/0.000152]
Epoch 17 done. Evaluation:
(50000, 50000)
(8990, 10000)
  4  18  50, 0.000185 [0.005945/24.604742] [ 632/0.000152]
  4  18 100, 0.000163 [0.000284/24.601464] [ 682/0.000152]
  4  18 150, 0.000164 [0.000580/24.598190] [ 732/0.000152]
  4  18 200, 0.000189 [0.000369/24.594925] [ 782/0.000152]
  4  18 250, 0.000173 [0.000235/24.591664] [ 832/0.000152]
  4  18 300, 0.000165 [0.000230/24.588404] [ 882/0.000152]
  4  18 350, 0.000168 [0.000267/24.585149] [ 932/0.000152]
Epoch 18 done. Evaluation:
(50000, 50000)
(8987, 10000)
  4  19  50, 0.000159 [0.000255/24.579241] [1023/0.000152]
  4  19 100, 0.000166 [0.000212/24.575998] [1073/0.000152]
  4  19 150, 0.000168 [0.000218/24.572764] [1123/0.000152]
  4  19 200, 0.000157 [0.000286/24.569532] [1173/0.000152]
  4  19 250, 0.000159 [0.000232/24.566303] [1223/0.000152]
  4  19 300, 0.000217 [0.000354/24.563089] [1273/0.000152]
  4  19 350, 0.000164 [0.000517/24.559871] [1323/0.000152]
Epoch 19 done. Evaluation:
(50000, 50000)
(8987, 10000)
  5   0  50, 0.000161 [0.000165/24.555631] [1414/0.000152]
  5   0 100, 0.000164 [0.000170/24.554027] [1464/0.000152]
  5   0 150, 0.000167 [0.000220/24.552425] [1514/0.000152]
  5   0 200, 0.000193 [0.000263/24.550826] [1564/0.000152]
  5   0 250, 0.000172 [0.000143/24.549225] [1614/0.000152]
  5   0 300, 0.000169 [0.000162/24.547626] [1664/0.000152]
  5   0 350, 0.000171 [0.000153/24.546030] [1714/0.000152]
Epoch 0 done. Evaluation:
(50000, 50000)
(8975, 10000)
  5   1  50, 0.000175 [0.000279/24.543123] [1805/0.000152]
  5   1 100, 0.000203 [0.000166/24.541532] [1855/0.000152]
  5   1 150, 0.000167 [0.000153/24.539939] [1905/0.000152]
  5   1 200, 0.000166 [0.000150/24.538346] [1955/0.000152]
  5   1 250, 0.000179 [0.000206/24.536755] [2005/0.000152]
  5   1 300, 0.000183 [0.000167/24.535165] [2055/0.000152]
  5   1 350, 0.000171 [0.000131/24.533577] [2105/0.000152]
Epoch 1 done. Evaluation:
(50000, 50000)
(8983, 10000)
  5   2  50, 0.000166 [0.000163/24.530689] [2196/0.000152]
  5   2 100, 0.000192 [0.000236/24.529105] [2246/0.000152]
  5   2 150, 0.000156 [0.000180/24.527518] [2296/0.000152]
  5   2 200, 0.000150 [0.000167/24.525933] [   0/0.000150]
  5   2 250, 0.000154 [0.000160/24.524349] [  50/0.000150]
  5   2 300, 0.000151 [0.000150/24.522767] [ 100/0.000150]
  5   2 350, 0.000174 [0.000142/24.521188] [ 150/0.000150]
Epoch 2 done. Evaluation:
(50000, 50000)
(8979, 10000)
  5   3  50, 0.000181 [0.000180/24.518315] [ 241/0.000150]
  5   3 100, 0.000255 [0.000166/24.516749] [ 291/0.000150]
  5   3 150, 0.000166 [0.000247/24.515170] [ 341/0.000150]
  5   3 200, 0.000154 [0.000139/24.513593] [ 391/0.000150]
  5   3 250, 0.000154 [0.000131/24.512019] [ 441/0.000150]
  5   3 300, 0.000175 [0.000291/24.510446] [ 491/0.000150]
  5   3 350, 0.000200 [0.000244/24.508877] [ 541/0.000150]
Epoch 3 done. Evaluation:
(50000, 50000)
(8982, 10000)
  5   4  50, 0.000168 [0.000156/24.506018] [ 632/0.000150]
  5   4 100, 0.000158 [0.001421/24.504449] [ 682/0.000150]
  5   4 150, 0.000163 [0.000167/24.502879] [ 732/0.000150]
  5   4 200, 0.000157 [0.000159/24.501313] [ 782/0.000150]
  5   4 250, 0.000175 [0.000201/24.499748] [ 832/0.000150]
  5   4 300, 0.000146 [0.000142/24.498182] [   0/0.000146]
  5   4 350, 0.000162 [0.000142/24.496619] [  50/0.000146]
Epoch 4 done. Evaluation:
(50000, 50000)
(8985, 10000)
  5   5  50, 0.000161 [0.000169/24.493774] [ 141/0.000146]
  5   5 100, 0.000172 [0.000176/24.492216] [ 191/0.000146]
  5   5 150, 0.000173 [0.000157/24.490657] [ 241/0.000146]
  5   5 200, 0.000155 [0.000150/24.489098] [ 291/0.000146]
  5   5 250, 0.000180 [0.000258/24.487542] [ 341/0.000146]
  5   5 300, 0.000145 [0.000134/24.485983] [   0/0.000145]
  5   5 350, 0.000152 [0.000163/24.484426] [  50/0.000145]
Epoch 5 done. Evaluation:
(50000, 50000)
(8982, 10000)
  5   6  50, 0.000139 [0.000133/24.481600] [   0/0.000139]
  5   6 100, 0.000152 [0.000141/24.480045] [  50/0.000139]
  5   6 150, 0.000174 [0.000136/24.478496] [ 100/0.000139]
  5   6 200, 0.000154 [0.000616/24.476944] [ 150/0.000139]
  5   6 250, 0.000175 [0.000131/24.475397] [ 200/0.000139]
  5   6 300, 0.000168 [0.000174/24.473849] [ 250/0.000139]
  5   6 350, 0.000175 [0.000162/24.472304] [ 300/0.000139]
Epoch 6 done. Evaluation:
(50000, 50000)
(8986, 10000)
  5   7  50, 0.000157 [0.000211/24.469493] [ 391/0.000139]
  5   7 100, 0.000188 [0.000297/24.467951] [ 441/0.000139]
  5   7 150, 0.000161 [0.000151/24.466408] [ 491/0.000139]
  5   7 200, 0.000178 [0.000169/24.464867] [ 541/0.000139]
  5   7 250, 0.000166 [0.000174/24.463328] [ 591/0.000139]
  5   7 300, 0.000163 [0.000140/24.461787] [ 641/0.000139]
  5   7 350, 0.000138 [0.000221/24.460246] [   0/0.000138]
Epoch 7 done. Evaluation:
(50000, 50000)
(8990, 10000)
  5   8  50, 0.000160 [0.000275/24.457450] [  91/0.000138]
  5   8 100, 0.000153 [0.000142/24.455912] [ 141/0.000138]
  5   8 150, 0.000183 [0.000158/24.454380] [ 191/0.000138]
  5   8 200, 0.000158 [0.000158/24.452849] [ 241/0.000138]
  5   8 250, 0.000145 [0.000509/24.451314] [ 291/0.000138]
  5   8 300, 0.000155 [0.000155/24.449782] [ 341/0.000138]
  5   8 350, 0.000162 [0.000233/24.448253] [ 391/0.000138]
Epoch 8 done. Evaluation:
(50000, 50000)
(8977, 10000)
  5   9  50, 0.000159 [0.000149/24.445469] [ 482/0.000138]
  5   9 100, 0.000153 [0.000129/24.443943] [ 532/0.000138]
  5   9 150, 0.000177 [0.000136/24.442416] [ 582/0.000138]
  5   9 200, 0.000162 [0.000170/24.440892] [ 632/0.000138]
  5   9 250, 0.000172 [0.000164/24.439368] [ 682/0.000138]
  5   9 300, 0.000155 [0.000192/24.437846] [ 732/0.000138]
  5   9 350, 0.000160 [0.000246/24.436323] [ 782/0.000138]
Epoch 9 done. Evaluation:
(50000, 50000)
(8979, 10000)
  5  10  50, 0.000155 [0.000184/24.433556] [ 873/0.000138]
  5  10 100, 0.000171 [0.000205/24.432038] [ 923/0.000138]
  5  10 150, 0.000157 [0.000175/24.430519] [ 973/0.000138]
  5  10 200, 0.000155 [0.000138/24.429000] [1023/0.000138]
  5  10 250, 0.000151 [0.000142/24.427484] [1073/0.000138]
  5  10 300, 0.000167 [0.000151/24.425969] [1123/0.000138]
  5  10 350, 0.000156 [0.000140/24.424455] [1173/0.000138]
Epoch 10 done. Evaluation:
(50000, 50000)
(8982, 10000)
  5  11  50, 0.000154 [0.000394/24.421703] [1264/0.000138]
  5  11 100, 0.000157 [0.000307/24.420191] [1314/0.000138]
  5  11 150, 0.000149 [0.000139/24.418681] [1364/0.000138]
  5  11 200, 0.000176 [0.000239/24.417175] [1414/0.000138]
  5  11 250, 0.000153 [0.000238/24.415665] [1464/0.000138]
  5  11 300, 0.000155 [0.000141/24.414157] [1514/0.000138]
  5  11 350, 0.000159 [0.000136/24.412650] [1564/0.000138]
Epoch 11 done. Evaluation:
(50000, 50000)
(8991, 10000)
  5  12  50, 0.000156 [0.000136/24.409914] [1655/0.000138]
  5  12 100, 0.000145 [0.000187/24.408409] [1705/0.000138]
  5  12 150, 0.000144 [0.000216/24.406904] [1755/0.000138]
  5  12 200, 0.000162 [0.000142/24.405405] [1805/0.000138]
  5  12 250, 0.000144 [0.000181/24.403903] [1855/0.000138]
  5  12 300, 0.000147 [0.000215/24.402404] [1905/0.000138]
  5  12 350, 0.000145 [0.000182/24.400905] [1955/0.000138]
Epoch 12 done. Evaluation:
(50000, 50000)
(8975, 10000)
  5  13  50, 0.000150 [0.000170/24.398181] [2046/0.000138]
  5  13 100, 0.000156 [0.000145/24.396686] [2096/0.000138]
  5  13 150, 0.000154 [0.000602/24.395193] [2146/0.000138]
  5  13 200, 0.000157 [0.000143/24.393698] [2196/0.000138]
  5  13 250, 0.000156 [0.000170/24.392205] [2246/0.000138]
  5  13 300, 0.000143 [0.000132/24.390712] [2296/0.000138]
  5  13 350, 0.000143 [0.000140/24.389222] [2346/0.000138]
Epoch 13 done. Evaluation:
(50000, 50000)
(8982, 10000)
  5  14  50, 0.000167 [0.000230/24.386513] [2437/0.000138]
  5  14 100, 0.000148 [0.000142/24.385025] [2487/0.000138]
  5  14 150, 0.000145 [0.000138/24.383537] [2537/0.000138]
  5  14 200, 0.000142 [0.000142/24.382050] [2587/0.000138]
  5  14 250, 0.000152 [0.000159/24.380566] [2637/0.000138]
  5  14 300, 0.000144 [0.000136/24.379082] [2687/0.000138]
  5  14 350, 0.000164 [0.000144/24.377601] [2737/0.000138]
Epoch 14 done. Evaluation:
(50000, 50000)
(8977, 10000)
  5  15  50, 0.000151 [0.000141/24.374905] [2828/0.000138]
  5  15 100, 0.000162 [0.000165/24.373426] [2878/0.000138]
  5  15 150, 0.000140 [0.000144/24.371946] [2928/0.000138]
  5  15 200, 0.000163 [0.000165/24.370469] [2978/0.000138]
  5  15 250, 0.000150 [0.000411/24.368991] [3028/0.000138]
  5  15 300, 0.000134 [0.000155/24.367515] [   0/0.000134]
  5  15 350, 0.000141 [0.000248/24.366038] [  50/0.000134]
Epoch 15 done. Evaluation:
(50000, 50000)
(8983, 10000)
  5  16  50, 0.000142 [0.000163/24.363356] [ 141/0.000134]
  5  16 100, 0.000136 [0.000144/24.361882] [ 191/0.000134]
  5  16 150, 0.000179 [0.000134/24.360412] [ 241/0.000134]
  5  16 200, 0.000147 [0.000143/24.358941] [ 291/0.000134]
  5  16 250, 0.000155 [0.000135/24.357472] [ 341/0.000134]
  5  16 300, 0.000151 [0.000234/24.356003] [ 391/0.000134]
  5  16 350, 0.000133 [0.000202/24.354535] [   0/0.000133]
Epoch 16 done. Evaluation:
(50000, 50000)
(8978, 10000)
  5  17  50, 0.000143 [0.000135/24.351866] [  91/0.000133]
  5  17 100, 0.000150 [0.000152/24.350402] [ 141/0.000133]
  5  17 150, 0.000159 [0.000144/24.348939] [ 191/0.000133]
  5  17 200, 0.000169 [0.000130/24.347478] [ 241/0.000133]
  5  17 250, 0.000167 [0.000148/24.346018] [ 291/0.000133]
  5  17 300, 0.000148 [0.000144/24.344557] [ 341/0.000133]
  5  17 350, 0.000138 [0.000174/24.343096] [ 391/0.000133]
Epoch 17 done. Evaluation:
(50000, 50000)
(8980, 10000)
  5  18  50, 0.000156 [0.000133/24.340441] [ 482/0.000133]
  5  18 100, 0.000143 [0.000296/24.338986] [ 532/0.000133]
  5  18 150, 0.000151 [0.000162/24.337529] [ 582/0.000133]
  5  18 200, 0.000135 [0.000140/24.336075] [ 632/0.000133]
  5  18 250, 0.000149 [0.000292/24.334620] [ 682/0.000133]
  5  18 300, 0.000139 [0.000181/24.333166] [ 732/0.000133]
  5  18 350, 0.000161 [0.000190/24.331715] [ 782/0.000133]
Epoch 18 done. Evaluation:
(50000, 50000)
(8992, 10000)
  5  19  50, 0.000140 [0.000158/24.329074] [ 873/0.000133]
  5  19 100, 0.000165 [0.000188/24.327626] [ 923/0.000133]
  5  19 150, 0.000137 [0.000131/24.326175] [ 973/0.000133]
  5  19 200, 0.000139 [0.000157/24.324729] [1023/0.000133]
  5  19 250, 0.000146 [0.000176/24.323282] [1073/0.000133]
  5  19 300, 0.000154 [0.000149/24.321835] [1123/0.000133]
  5  19 350, 0.000146 [0.000593/24.320391] [1173/0.000133]
Epoch 19 done. Evaluation:
(50000, 50000)
(8975, 10000)
  6   0  50, 0.000144 [0.000112/24.318493] [1264/0.000133]
  6   0 100, 0.000138 [0.000256/24.317775] [1314/0.000133]
  6   0 150, 0.000158 [0.000269/24.317060] [1364/0.000133]
  6   0 200, 0.000167 [0.000128/24.316344] [1414/0.000133]
  6   0 250, 0.000147 [0.000110/24.315630] [1464/0.000133]
  6   0 300, 0.000147 [0.000107/24.314917] [1514/0.000133]
  6   0 350, 0.000160 [0.000114/24.314201] [1564/0.000133]
Epoch 0 done. Evaluation:
(50000, 50000)
(8992, 10000)
  6   1  50, 0.000146 [0.000115/24.312900] [1655/0.000133]
  6   1 100, 0.000191 [0.000120/24.312189] [1705/0.000133]
  6   1 150, 0.000148 [0.000124/24.311474] [1755/0.000133]
  6   1 200, 0.000155 [0.000132/24.310760] [1805/0.000133]
  6   1 250, 0.000141 [0.000136/24.310047] [1855/0.000133]
  6   1 300, 0.000132 [0.000116/24.309334] [   0/0.000132]
  6   1 350, 0.000157 [0.000113/24.308621] [  50/0.000132]
Epoch 1 done. Evaluation:
(50000, 50000)
(8975, 10000)
  6   2  50, 0.000134 [0.000133/24.307326] [ 141/0.000132]
  6   2 100, 0.000145 [0.000231/24.306612] [ 191/0.000132]
  6   2 150, 0.000160 [0.000113/24.305903] [ 241/0.000132]
  6   2 200, 0.000151 [0.000117/24.305191] [ 291/0.000132]
  6   2 250, 0.000157 [0.000107/24.304479] [ 341/0.000132]
  6   2 300, 0.000144 [0.000121/24.303769] [ 391/0.000132]
  6   2 350, 0.000141 [0.000137/24.303056] [ 441/0.000132]
Epoch 2 done. Evaluation:
(50000, 50000)
(8980, 10000)
  6   3  50, 0.000154 [0.000107/24.301762] [ 532/0.000132]
  6   3 100, 0.000145 [0.000111/24.301053] [ 582/0.000132]
  6   3 150, 0.000164 [0.000142/24.300344] [ 632/0.000132]
  6   3 200, 0.000158 [0.000110/24.299632] [ 682/0.000132]
  6   3 250, 0.000141 [0.000127/24.298922] [ 732/0.000132]
  6   3 300, 0.000160 [0.000127/24.298214] [ 782/0.000132]
  6   3 350, 0.000149 [0.000111/24.297504] [ 832/0.000132]
Epoch 3 done. Evaluation:
(50000, 50000)
(8989, 10000)
  6   4  50, 0.000149 [0.000145/24.296214] [ 923/0.000132]
  6   4 100, 0.000154 [0.000115/24.295506] [ 973/0.000132]
  6   4 150, 0.000150 [0.000115/24.294797] [1023/0.000132]
  6   4 200, 0.000151 [0.000131/24.294089] [1073/0.000132]
  6   4 250, 0.000143 [0.000111/24.293382] [1123/0.000132]
  6   4 300, 0.000156 [0.000110/24.292674] [1173/0.000132]
  6   4 350, 0.000145 [0.000134/24.291968] [1223/0.000132]
Epoch 4 done. Evaluation:
(50000, 50000)
(8979, 10000)
  6   5  50, 0.000145 [0.000161/24.290681] [1314/0.000132]
  6   5 100, 0.000147 [0.000110/24.289974] [1364/0.000132]
  6   5 150, 0.000152 [0.000123/24.289268] [1414/0.000132]
  6   5 200, 0.000174 [0.000451/24.288563] [1464/0.000132]
  6   5 250, 0.000141 [0.000110/24.287856] [1514/0.000132]
  6   5 300, 0.000152 [0.000108/24.287150] [1564/0.000132]
  6   5 350, 0.000133 [0.000110/24.286444] [1614/0.000132]
Epoch 5 done. Evaluation:
(50000, 50000)
(8992, 10000)
  6   6  50, 0.000148 [0.000115/24.285159] [1705/0.000132]
  6   6 100, 0.000140 [0.000114/24.284456] [1755/0.000132]
  6   6 150, 0.000172 [0.000136/24.283752] [1805/0.000132]
  6   6 200, 0.000143 [0.000144/24.283048] [1855/0.000132]
  6   6 250, 0.000129 [0.000119/24.282341] [   0/0.000129]
  6   6 300, 0.000142 [0.000109/24.281639] [  50/0.000129]
  6   6 350, 0.000151 [0.000142/24.280935] [ 100/0.000129]
Epoch 6 done. Evaluation:
(50000, 50000)
(8985, 10000)
  6   7  50, 0.000155 [0.000118/24.279655] [ 191/0.000129]
  6   7 100, 0.000146 [0.000110/24.278950] [ 241/0.000129]
  6   7 150, 0.000152 [0.000134/24.278249] [ 291/0.000129]
  6   7 200, 0.000134 [0.000126/24.277546] [ 341/0.000129]
  6   7 250, 0.000162 [0.000178/24.276844] [ 391/0.000129]
  6   7 300, 0.000156 [0.000148/24.276143] [ 441/0.000129]
  6   7 350, 0.000151 [0.000113/24.275440] [ 491/0.000129]
Epoch 7 done. Evaluation:
(50000, 50000)
(8984, 10000)
  6   8  50, 0.000139 [0.000142/24.274163] [ 582/0.000129]
  6   8 100, 0.000148 [0.000117/24.273462] [ 632/0.000129]
  6   8 150, 0.000159 [0.000201/24.272760] [ 682/0.000129]
  6   8 200, 0.000147 [0.000206/24.272060] [ 732/0.000129]
  6   8 250, 0.000139 [0.000155/24.271361] [ 782/0.000129]
  6   8 300, 0.000139 [0.000116/24.270657] [ 832/0.000129]
  6   8 350, 0.000157 [0.000407/24.269958] [ 882/0.000129]
Epoch 8 done. Evaluation:
(50000, 50000)
(8983, 10000)
  6   9  50, 0.000143 [0.000109/24.268683] [ 973/0.000129]
  6   9 100, 0.000165 [0.000132/24.267984] [1023/0.000129]
  6   9 150, 0.000134 [0.000109/24.267283] [1073/0.000129]
  6   9 200, 0.000147 [0.000113/24.266584] [1123/0.000129]
  6   9 250, 0.000136 [0.000109/24.265887] [1173/0.000129]
  6   9 300, 0.000143 [0.000114/24.265186] [1223/0.000129]
  6   9 350, 0.000146 [0.000128/24.264489] [1273/0.000129]
Epoch 9 done. Evaluation:
(50000, 50000)
(8992, 10000)
  6  10  50, 0.000159 [0.000118/24.263219] [1364/0.000129]
  6  10 100, 0.000142 [0.000107/24.262521] [1414/0.000129]
  6  10 150, 0.000147 [0.000164/24.261824] [1464/0.000129]
  6  10 200, 0.000159 [0.000120/24.261127] [1514/0.000129]
  6  10 250, 0.000145 [0.000253/24.260429] [1564/0.000129]
  6  10 300, 0.000132 [0.000107/24.259733] [1614/0.000129]
  6  10 350, 0.000138 [0.000109/24.259036] [1664/0.000129]
Epoch 10 done. Evaluation:
(50000, 50000)
(8993, 10000)
  6  11  50, 0.000152 [0.000122/24.257769] [1755/0.000129]
  6  11 100, 0.000155 [0.000110/24.257072] [1805/0.000129]
  6  11 150, 0.000142 [0.000110/24.256377] [1855/0.000129]
  6  11 200, 0.000146 [0.000113/24.255682] [1905/0.000129]
  6  11 250, 0.000144 [0.000108/24.254986] [1955/0.000129]
  6  11 300, 0.000147 [0.000114/24.254291] [2005/0.000129]
  6  11 350, 0.000168 [0.000111/24.253596] [2055/0.000129]
Epoch 11 done. Evaluation:
(50000, 50000)
(8991, 10000)
  6  12  50, 0.000140 [0.000109/24.252332] [2146/0.000129]
  6  12 100, 0.000146 [0.000131/24.251638] [2196/0.000129]
  6  12 150, 0.000146 [0.000119/24.250945] [2246/0.000129]
  6  12 200, 0.000137 [0.000108/24.250249] [2296/0.000129]
  6  12 250, 0.000132 [0.000114/24.249556] [2346/0.000129]
  6  12 300, 0.000163 [0.000168/24.248864] [2396/0.000129]
  6  12 350, 0.000144 [0.000117/24.248171] [2446/0.000129]
Epoch 12 done. Evaluation:
(50000, 50000)
(8984, 10000)
  6  13  50, 0.000138 [0.000112/24.246909] [2537/0.000129]
  6  13 100, 0.000147 [0.000109/24.246217] [2587/0.000129]
  6  13 150, 0.000143 [0.000108/24.245525] [2637/0.000129]
  6  13 200, 0.000137 [0.000111/24.244831] [2687/0.000129]
  6  13 250, 0.000160 [0.000166/24.244141] [2737/0.000129]
  6  13 300, 0.000140 [0.000110/24.243449] [2787/0.000129]
  6  13 350, 0.000170 [0.000109/24.242760] [2837/0.000129]
Epoch 13 done. Evaluation:
(50000, 50000)
(8984, 10000)
  6  14  50, 0.000149 [0.000112/24.241501] [2928/0.000129]
  6  14 100, 0.000144 [0.000121/24.240808] [2978/0.000129]
  6  14 150, 0.000147 [0.000126/24.240119] [3028/0.000129]
  6  14 200, 0.000141 [0.000112/24.239430] [3078/0.000129]
  6  14 250, 0.000141 [0.000109/24.238738] [3128/0.000129]
  6  14 300, 0.000128 [0.000113/24.238047] [   0/0.000128]
  6  14 350, 0.000137 [0.000121/24.237358] [  50/0.000128]
Epoch 14 done. Evaluation:
(50000, 50000)
(8983, 10000)
  6  15  50, 0.000137 [0.000107/24.236102] [ 141/0.000128]
  6  15 100, 0.000153 [0.000125/24.235414] [ 191/0.000128]
  6  15 150, 0.000147 [0.000124/24.234726] [ 241/0.000128]
  6  15 200, 0.000146 [0.000113/24.234037] [ 291/0.000128]
  6  15 250, 0.000129 [0.000108/24.233347] [ 341/0.000128]
  6  15 300, 0.000149 [0.000120/24.232660] [ 391/0.000128]
  6  15 350, 0.000159 [0.000120/24.231971] [ 441/0.000128]
Epoch 15 done. Evaluation:
(50000, 50000)
(8986, 10000)
  6  16  50, 0.000152 [0.000117/24.230720] [ 532/0.000128]
  6  16 100, 0.000149 [0.000127/24.230033] [ 582/0.000128]
  6  16 150, 0.000132 [0.000115/24.229347] [ 632/0.000128]
  6  16 200, 0.000141 [0.000116/24.228659] [ 682/0.000128]
  6  16 250, 0.000162 [0.000117/24.227971] [ 732/0.000128]
  6  16 300, 0.000140 [0.000113/24.227285] [ 782/0.000128]
  6  16 350, 0.000144 [0.000126/24.226599] [ 832/0.000128]
Epoch 16 done. Evaluation:
(50000, 50000)
(8986, 10000)
  6  17  50, 0.000163 [0.000490/24.225352] [ 923/0.000128]
  6  17 100, 0.000144 [0.000117/24.224668] [ 973/0.000128]
  6  17 150, 0.000140 [0.000109/24.223981] [1023/0.000128]
  6  17 200, 0.000142 [0.000137/24.223296] [1073/0.000128]
  6  17 250, 0.000146 [0.000145/24.222610] [1123/0.000128]
  6  17 300, 0.000156 [0.000110/24.221928] [1173/0.000128]
  6  17 350, 0.000144 [0.000119/24.221241] [1223/0.000128]
Epoch 17 done. Evaluation:
(50000, 50000)
(8988, 10000)
  6  18  50, 0.000158 [0.000124/24.219999] [1314/0.000128]
  6  18 100, 0.000146 [0.000125/24.219315] [1364/0.000128]
  6  18 150, 0.000132 [0.000115/24.218631] [1414/0.000128]
  6  18 200, 0.000141 [0.000115/24.217947] [1464/0.000128]
  6  18 250, 0.000141 [0.000117/24.217264] [1514/0.000128]
  6  18 300, 0.000139 [0.000151/24.216580] [1564/0.000128]
  6  18 350, 0.000134 [0.000114/24.215898] [1614/0.000128]
Epoch 18 done. Evaluation:
(50000, 50000)
(8988, 10000)
  6  19  50, 0.000146 [0.000114/24.214655] [1705/0.000128]
  6  19 100, 0.000133 [0.000162/24.213971] [1755/0.000128]
  6  19 150, 0.000156 [0.000132/24.213290] [1805/0.000128]
  6  19 200, 0.000153 [0.000115/24.212610] [1855/0.000128]
  6  19 250, 0.000145 [0.000133/24.211926] [1905/0.000128]
  6  19 300, 0.000147 [0.000145/24.211248] [1955/0.000128]
  6  19 350, 0.000154 [0.000119/24.210567] [2005/0.000128]
Epoch 19 done. Evaluation:
(50000, 50000)
(8966, 10000)
  7   0  50, 0.000141 [0.000103/24.209660] [2096/0.000128]
  7   0 100, 0.000145 [0.000103/24.209312] [2146/0.000128]
  7   0 150, 0.000148 [0.000103/24.208963] [2196/0.000128]
  7   0 200, 0.000132 [0.000106/24.208614] [2246/0.000128]
  7   0 250, 0.000146 [0.000109/24.208266] [2296/0.000128]
  7   0 300, 0.000154 [0.000106/24.207920] [2346/0.000128]
  7   0 350, 0.000132 [0.000103/24.207572] [2396/0.000128]
Epoch 0 done. Evaluation:
(50000, 50000)
(8985, 10000)
  7   1  50, 0.000143 [0.000103/24.206938] [2487/0.000128]
  7   1 100, 0.000133 [0.000148/24.206590] [2537/0.000128]
  7   1 150, 0.000137 [0.000217/24.206243] [2587/0.000128]
  7   1 200, 0.000137 [0.000112/24.205894] [2637/0.000128]
  7   1 250, 0.000148 [0.000103/24.205547] [2687/0.000128]
  7   1 300, 0.000153 [0.000107/24.205200] [2737/0.000128]
  7   1 350, 0.000152 [0.000111/24.204854] [2787/0.000128]
Epoch 1 done. Evaluation:
(50000, 50000)
(8992, 10000)
  7   2  50, 0.000144 [0.000102/24.204223] [2878/0.000128]
  7   2 100, 0.000147 [0.000111/24.203876] [2928/0.000128]
  7   2 150, 0.000155 [0.000104/24.203530] [2978/0.000128]
  7   2 200, 0.000136 [0.000103/24.203182] [3028/0.000128]
  7   2 250, 0.000134 [0.000104/24.202834] [3078/0.000128]
  7   2 300, 0.000142 [0.000104/24.202488] [3128/0.000128]
  7   2 350, 0.000144 [0.000120/24.202140] [3178/0.000128]
Epoch 2 done. Evaluation:
(50000, 50000)
(8984, 10000)
  7   3  50, 0.000143 [0.000114/24.201509] [3269/0.000128]
  7   3 100, 0.000134 [0.000105/24.201164] [3319/0.000128]
  7   3 150, 0.000149 [0.000116/24.200816] [3369/0.000128]
  7   3 200, 0.000158 [0.000111/24.200471] [3419/0.000128]
  7   3 250, 0.000133 [0.000105/24.200125] [3469/0.000128]
  7   3 300, 0.000154 [0.000111/24.199777] [3519/0.000128]
  7   3 350, 0.000130 [0.000103/24.199431] [3569/0.000128]
Epoch 3 done. Evaluation:
(50000, 50000)
(8993, 10000)
  7   4  50, 0.000146 [0.000109/24.198799] [3660/0.000128]
  7   4 100, 0.000153 [0.000108/24.198453] [3710/0.000128]
  7   4 150, 0.000145 [0.000104/24.198108] [3760/0.000128]
  7   4 200, 0.000145 [0.000144/24.197761] [3810/0.000128]
  7   4 250, 0.000143 [0.000109/24.197415] [3860/0.000128]
  7   4 300, 0.000144 [0.000102/24.197068] [3910/0.000128]
  7   4 350, 0.000148 [0.000104/24.196722] [3960/0.000128]
Epoch 4 done. Evaluation:
(50000, 50000)
(8981, 10000)
  7   5  50, 0.000163 [0.000103/24.196094] [4051/0.000128]
  7   5 100, 0.000163 [0.000103/24.195750] [4101/0.000128]
  7   5 150, 0.000147 [0.000107/24.195402] [4151/0.000128]
  7   5 200, 0.000167 [0.000107/24.195057] [4201/0.000128]
  7   5 250, 0.000150 [0.000139/24.194713] [4251/0.000128]
  7   5 300, 0.000128 [0.000106/24.194366] [4301/0.000128]
  7   5 350, 0.000140 [0.000102/24.194020] [4351/0.000128]
Epoch 5 done. Evaluation:
(50000, 50000)
(8993, 10000)
  7   6  50, 0.000142 [0.000102/24.193390] [4442/0.000128]
  7   6 100, 0.000139 [0.000129/24.193045] [4492/0.000128]
  7   6 150, 0.000153 [0.000102/24.192699] [4542/0.000128]
  7   6 200, 0.000137 [0.000104/24.192355] [4592/0.000128]
  7   6 250, 0.000130 [0.000102/24.192008] [4642/0.000128]
  7   6 300, 0.000154 [0.000105/24.191661] [4692/0.000128]
  7   6 350, 0.000143 [0.000103/24.191318] [4742/0.000128]
Epoch 6 done. Evaluation:
(50000, 50000)
(8993, 10000)
  7   7  50, 0.000150 [0.000103/24.190692] [4833/0.000128]
  7   7 100, 0.000141 [0.000105/24.190347] [4883/0.000128]
  7   7 150, 0.000129 [0.000103/24.190001] [4933/0.000128]
  7   7 200, 0.000146 [0.000103/24.189653] [4983/0.000128]
  7   7 250, 0.000145 [0.000103/24.189312] [5033/0.000128]
  7   7 300, 0.000135 [0.000103/24.188964] [5083/0.000128]
  7   7 350, 0.000139 [0.000104/24.188619] [5133/0.000128]
Epoch 7 done. Evaluation:
(50000, 50000)
(8981, 10000)
  7   8  50, 0.000129 [0.000109/24.187993] [5224/0.000128]
  7   8 100, 0.000152 [0.000104/24.187646] [5274/0.000128]
  7   8 150, 0.000137 [0.000116/24.187302] [5324/0.000128]
  7   8 200, 0.000149 [0.000118/24.186959] [5374/0.000128]
  7   8 250, 0.000147 [0.000105/24.186614] [5424/0.000128]
  7   8 300, 0.000146 [0.000105/24.186271] [5474/0.000128]
  7   8 350, 0.000142 [0.000103/24.185925] [5524/0.000128]
Epoch 8 done. Evaluation:
(50000, 50000)
(8989, 10000)
  7   9  50, 0.000132 [0.000114/24.185299] [5615/0.000128]
  7   9 100, 0.000155 [0.000102/24.184956] [5665/0.000128]
  7   9 150, 0.000151 [0.000102/24.184612] [5715/0.000128]
  7   9 200, 0.000147 [0.000161/24.184268] [5765/0.000128]
  7   9 250, 0.000141 [0.000117/24.183924] [5815/0.000128]
  7   9 300, 0.000155 [0.000113/24.183582] [5865/0.000128]
  7   9 350, 0.000135 [0.000128/24.183236] [5915/0.000128]
Epoch 9 done. Evaluation:
(50000, 50000)
(8978, 10000)
  7  10  50, 0.000162 [0.000102/24.182611] [6006/0.000128]
  7  10 100, 0.000154 [0.000130/24.182266] [6056/0.000128]
  7  10 150, 0.000134 [0.000104/24.181922] [6106/0.000128]
  7  10 200, 0.000129 [0.000103/24.181578] [6156/0.000128]
  7  10 250, 0.000179 [0.000116/24.181237] [6206/0.000128]
  7  10 300, 0.000143 [0.000103/24.180892] [6256/0.000128]
  7  10 350, 0.000173 [0.000102/24.180550] [6306/0.000128]
Epoch 10 done. Evaluation:
(50000, 50000)
(8991, 10000)
  7  11  50, 0.000138 [0.000102/24.179925] [6397/0.000128]
  7  11 100, 0.000143 [0.000108/24.179582] [6447/0.000128]
  7  11 150, 0.000142 [0.000104/24.179239] [6497/0.000128]
  7  11 200, 0.000149 [0.000102/24.178897] [6547/0.000128]
  7  11 250, 0.000148 [0.000110/24.178552] [6597/0.000128]
  7  11 300, 0.000139 [0.000117/24.178209] [6647/0.000128]
  7  11 350, 0.000151 [0.000105/24.177868] [6697/0.000128]
Epoch 11 done. Evaluation:
(50000, 50000)
(8988, 10000)
  7  12  50, 0.000144 [0.000112/24.177242] [6788/0.000128]
  7  12 100, 0.000155 [0.000119/24.176900] [6838/0.000128]
  7  12 150, 0.000131 [0.000106/24.176556] [6888/0.000128]
  7  12 200, 0.000139 [0.000131/24.176214] [6938/0.000128]
  7  12 250, 0.000148 [0.000109/24.175871] [6988/0.000128]
  7  12 300, 0.000149 [0.000127/24.175529] [7038/0.000128]
  7  12 350, 0.000152 [0.000104/24.175187] [7088/0.000128]
Epoch 12 done. Evaluation:
(50000, 50000)
(8997, 10000)
  7  13  50, 0.000175 [0.000111/24.174563] [7179/0.000128]
  7  13 100, 0.000136 [0.000103/24.174221] [7229/0.000128]
  7  13 150, 0.000136 [0.000105/24.173879] [7279/0.000128]
  7  13 200, 0.000141 [0.000102/24.173536] [7329/0.000128]
  7  13 250, 0.000155 [0.000103/24.173193] [7379/0.000128]
  7  13 300, 0.000143 [0.000102/24.172852] [7429/0.000128]
  7  13 350, 0.000159 [0.000103/24.172508] [7479/0.000128]
Epoch 13 done. Evaluation:
(50000, 50000)
(8985, 10000)
  7  14  50, 0.000149 [0.000106/24.171888] [7570/0.000128]
  7  14 100, 0.000149 [0.000134/24.171544] [7620/0.000128]
  7  14 150, 0.000144 [0.000102/24.171203] [7670/0.000128]
  7  14 200, 0.000138 [0.000103/24.170861] [7720/0.000128]
  7  14 250, 0.000138 [0.000105/24.170519] [7770/0.000128]
  7  14 300, 0.000156 [0.000122/24.170178] [7820/0.000128]
  7  14 350, 0.000158 [0.000103/24.169836] [7870/0.000128]
Epoch 14 done. Evaluation:
(50000, 50000)
(8991, 10000)
  7  15  50, 0.000145 [0.000102/24.169215] [7961/0.000128]
  7  15 100, 0.000137 [0.000102/24.168872] [8011/0.000128]
  7  15 150, 0.000141 [0.000103/24.168531] [8061/0.000128]
  7  15 200, 0.000147 [0.000104/24.168189] [8111/0.000128]
  7  15 250, 0.000145 [0.000102/24.167848] [8161/0.000128]
  7  15 300, 0.000134 [0.000102/24.167506] [8211/0.000128]
  7  15 350, 0.000153 [0.000105/24.167164] [8261/0.000128]
Epoch 15 done. Evaluation:
(50000, 50000)
(8988, 10000)
  7  16  50, 0.000143 [0.000281/24.166544] [8352/0.000128]
  7  16 100, 0.000140 [0.000102/24.166201] [8402/0.000128]
  7  16 150, 0.000151 [0.000113/24.165860] [8452/0.000128]
  7  16 200, 0.000151 [0.000112/24.165520] [8502/0.000128]
  7  16 250, 0.000144 [0.000103/24.165181] [8552/0.000128]
  7  16 300, 0.000141 [0.000108/24.164839] [8602/0.000128]
  7  16 350, 0.000142 [0.000104/24.164497] [8652/0.000128]
Epoch 16 done. Evaluation:
(50000, 50000)
(8983, 10000)
  7  17  50, 0.000156 [0.000104/24.163879] [8743/0.000128]
  7  17 100, 0.000130 [0.000110/24.163537] [8793/0.000128]
  7  17 150, 0.000135 [0.000107/24.163196] [8843/0.000128]
  7  17 200, 0.000134 [0.000105/24.162854] [8893/0.000128]
  7  17 250, 0.000144 [0.000104/24.162513] [8943/0.000128]
  7  17 300, 0.000142 [0.000111/24.162171] [8993/0.000128]
  7  17 350, 0.000142 [0.000106/24.161832] [9043/0.000128]
Epoch 17 done. Evaluation:
(50000, 50000)
(8998, 10000)
  7  18  50, 0.000145 [0.000104/24.161211] [9134/0.000128]
  7  18 100, 0.000141 [0.000103/24.160871] [9184/0.000128]
  7  18 150, 0.000145 [0.000105/24.160530] [9234/0.000128]
  7  18 200, 0.000133 [0.000102/24.160191] [9284/0.000128]
  7  18 250, 0.000157 [0.000109/24.159852] [9334/0.000128]
  7  18 300, 0.000136 [0.000102/24.159510] [9384/0.000128]
  7  18 350, 0.000126 [0.000106/24.159166] [   0/0.000126]
Epoch 18 done. Evaluation:
(50000, 50000)
(8979, 10000)
  7  19  50, 0.000142 [0.000109/24.158548] [  91/0.000126]
  7  19 100, 0.000140 [0.000132/24.158208] [ 141/0.000126]
  7  19 150, 0.000140 [0.000115/24.157868] [ 191/0.000126]
  7  19 200, 0.000140 [0.000105/24.157529] [ 241/0.000126]
  7  19 250, 0.000143 [0.000102/24.157188] [ 291/0.000126]
  7  19 300, 0.000139 [0.000104/24.156847] [ 341/0.000126]
  7  19 350, 0.000131 [0.000102/24.156508] [ 391/0.000126]
Epoch 19 done. Evaluation:
(50000, 50000)
(8985, 10000)
  8   0  50, 0.000148 [0.000101/24.156044] [ 482/0.000126]
  8   0 100, 0.000127 [0.000101/24.155858] [ 532/0.000126]
  8   0 150, 0.000150 [0.000101/24.155673] [ 582/0.000126]
  8   0 200, 0.000136 [0.000101/24.155485] [ 632/0.000126]
  8   0 250, 0.000139 [0.000102/24.155299] [ 682/0.000126]
  8   0 300, 0.000136 [0.000102/24.155114] [ 732/0.000126]
  8   0 350, 0.000157 [0.000101/24.154928] [ 782/0.000126]
Epoch 0 done. Evaluation:
(50000, 50000)
(8988, 10000)
  8   1  50, 0.000141 [0.000101/24.154591] [ 873/0.000126]
  8   1 100, 0.000147 [0.000112/24.154406] [ 923/0.000126]
  8   1 150, 0.000136 [0.000104/24.154220] [ 973/0.000126]
  8   1 200, 0.000138 [0.000105/24.154034] [1023/0.000126]
  8   1 250, 0.000155 [0.000101/24.153849] [1073/0.000126]
  8   1 300, 0.000140 [0.000101/24.153663] [1123/0.000126]
  8   1 350, 0.000132 [0.000101/24.153478] [1173/0.000126]
Epoch 1 done. Evaluation:
(50000, 50000)
(8986, 10000)
  8   2  50, 0.000137 [0.000101/24.153139] [1264/0.000126]
  8   2 100, 0.000168 [0.000101/24.152953] [1314/0.000126]
  8   2 150, 0.000153 [0.000101/24.152768] [1364/0.000126]
  8   2 200, 0.000134 [0.000100/24.152582] [1414/0.000126]
  8   2 250, 0.000155 [0.000101/24.152398] [1464/0.000126]
  8   2 300, 0.000146 [0.000105/24.152212] [1514/0.000126]
  8   2 350, 0.000133 [0.000100/24.152026] [1564/0.000126]
Epoch 2 done. Evaluation:
(50000, 50000)
(8981, 10000)
  8   3  50, 0.000131 [0.000101/24.151688] [1655/0.000126]
  8   3 100, 0.000135 [0.000101/24.151501] [1705/0.000126]
  8   3 150, 0.000139 [0.000100/24.151316] [1755/0.000126]
  8   3 200, 0.000135 [0.000100/24.151129] [1805/0.000126]
  8   3 250, 0.000124 [0.000101/24.150944] [   0/0.000124]
  8   3 300, 0.000144 [0.000101/24.150758] [  50/0.000124]
  8   3 350, 0.000151 [0.000104/24.150574] [ 100/0.000124]
Epoch 3 done. Evaluation:
(50000, 50000)
(8982, 10000)
  8   4  50, 0.000151 [0.000101/24.150237] [ 191/0.000124]
  8   4 100, 0.000151 [0.000106/24.150050] [ 241/0.000124]
  8   4 150, 0.000128 [0.000102/24.149866] [ 291/0.000124]
  8   4 200, 0.000144 [0.000101/24.149679] [ 341/0.000124]
  8   4 250, 0.000140 [0.000101/24.149493] [ 391/0.000124]
  8   4 300, 0.000149 [0.000101/24.149309] [ 441/0.000124]
  8   4 350, 0.000142 [0.000108/24.149124] [ 491/0.000124]
Epoch 4 done. Evaluation:
(50000, 50000)
(8975, 10000)
  8   5  50, 0.000151 [0.000101/24.148787] [ 582/0.000124]
  8   5 100, 0.000147 [0.000101/24.148603] [ 632/0.000124]
  8   5 150, 0.000128 [0.000103/24.148417] [ 682/0.000124]
  8   5 200, 0.000138 [0.000101/24.148230] [ 732/0.000124]
  8   5 250, 0.000147 [0.000106/24.148046] [ 782/0.000124]
  8   5 300, 0.000138 [0.000101/24.147860] [ 832/0.000124]
  8   5 350, 0.000145 [0.000203/24.147676] [ 882/0.000124]
Epoch 5 done. Evaluation:
(50000, 50000)
(8987, 10000)
  8   6  50, 0.000141 [0.000104/24.147338] [ 973/0.000124]
  8   6 100, 0.000127 [0.000103/24.147153] [1023/0.000124]
  8   6 150, 0.000152 [0.000116/24.146968] [1073/0.000124]
  8   6 200, 0.000151 [0.000101/24.146783] [1123/0.000124]
  8   6 250, 0.000138 [0.000101/24.146596] [1173/0.000124]
  8   6 300, 0.000152 [0.000102/24.146412] [1223/0.000124]
  8   6 350, 0.000140 [0.000101/24.146227] [1273/0.000124]
Epoch 6 done. Evaluation:
(50000, 50000)
(8987, 10000)
  8   7  50, 0.000129 [0.000101/24.145890] [1364/0.000124]
  8   7 100, 0.000147 [0.000101/24.145704] [1414/0.000124]
  8   7 150, 0.000156 [0.000101/24.145520] [1464/0.000124]
  8   7 200, 0.000148 [0.000101/24.145336] [1514/0.000124]
  8   7 250, 0.000141 [0.000102/24.145148] [1564/0.000124]
  8   7 300, 0.000139 [0.000102/24.144964] [1614/0.000124]
  8   7 350, 0.000147 [0.000102/24.144779] [1664/0.000124]
Epoch 7 done. Evaluation:
(50000, 50000)
(8990, 10000)
  8   8  50, 0.000132 [0.000101/24.144443] [1755/0.000124]
  8   8 100, 0.000145 [0.000102/24.144258] [1805/0.000124]
  8   8 150, 0.000141 [0.000106/24.144072] [1855/0.000124]
  8   8 200, 0.000147 [0.000104/24.143889] [1905/0.000124]
  8   8 250, 0.000150 [0.000105/24.143702] [1955/0.000124]
  8   8 300, 0.000144 [0.000101/24.143518] [2005/0.000124]
  8   8 350, 0.000150 [0.000111/24.143333] [2055/0.000124]
Epoch 8 done. Evaluation:
(50000, 50000)
(8991, 10000)
  8   9  50, 0.000134 [0.000101/24.142996] [2146/0.000124]
  8   9 100, 0.000151 [0.000103/24.142811] [2196/0.000124]
  8   9 150, 0.000144 [0.000101/24.142627] [2246/0.000124]
  8   9 200, 0.000136 [0.000100/24.142440] [2296/0.000124]
  8   9 250, 0.000138 [0.000101/24.142257] [2346/0.000124]
  8   9 300, 0.000159 [0.000101/24.142073] [2396/0.000124]
  8   9 350, 0.000149 [0.000101/24.141887] [2446/0.000124]
Epoch 9 done. Evaluation:
(50000, 50000)
(8987, 10000)
  8  10  50, 0.000140 [0.000102/24.141550] [2537/0.000124]
  8  10 100, 0.000145 [0.000101/24.141368] [2587/0.000124]
  8  10 150, 0.000150 [0.000101/24.141183] [2637/0.000124]
  8  10 200, 0.000146 [0.000103/24.140997] [2687/0.000124]
  8  10 250, 0.000137 [0.000104/24.140812] [2737/0.000124]
  8  10 300, 0.000143 [0.000117/24.140628] [2787/0.000124]
  8  10 350, 0.000149 [0.000101/24.140444] [2837/0.000124]
Epoch 10 done. Evaluation:
(50000, 50000)
(8983, 10000)
  8  11  50, 0.000136 [0.000101/24.140108] [2928/0.000124]
  8  11 100, 0.000147 [0.000102/24.139922] [2978/0.000124]
  8  11 150, 0.000124 [0.000101/24.139737] [   0/0.000124]
  8  11 200, 0.000154 [0.000102/24.139553] [  50/0.000124]
  8  11 250, 0.000140 [0.000100/24.139366] [ 100/0.000124]
  8  11 300, 0.000138 [0.000101/24.139183] [ 150/0.000124]
  8  11 350, 0.000128 [0.000101/24.138997] [ 200/0.000124]
Epoch 11 done. Evaluation:
(50000, 50000)
(8984, 10000)
  8  12  50, 0.000143 [0.000101/24.138663] [ 291/0.000124]
  8  12 100, 0.000141 [0.000104/24.138476] [ 341/0.000124]
  8  12 150, 0.000138 [0.000101/24.138294] [ 391/0.000124]
  8  12 200, 0.000158 [0.000101/24.138108] [ 441/0.000124]
  8  12 250, 0.000146 [0.000101/24.137924] [ 491/0.000124]
  8  12 300, 0.000137 [0.000101/24.137740] [ 541/0.000124]
  8  12 350, 0.000136 [0.000101/24.137556] [ 591/0.000124]
Epoch 12 done. Evaluation:
(50000, 50000)
(8990, 10000)
  8  13  50, 0.000152 [0.000100/24.137219] [ 682/0.000124]
  8  13 100, 0.000141 [0.000101/24.137035] [ 732/0.000124]
  8  13 150, 0.000142 [0.000126/24.136849] [ 782/0.000124]
  8  13 200, 0.000153 [0.000128/24.136666] [ 832/0.000124]
  8  13 250, 0.000150 [0.000101/24.136482] [ 882/0.000124]
  8  13 300, 0.000139 [0.000103/24.136297] [ 932/0.000124]
  8  13 350, 0.000138 [0.000103/24.136111] [ 982/0.000124]
Epoch 13 done. Evaluation:
(50000, 50000)
(8988, 10000)
  8  14  50, 0.000141 [0.000104/24.135778] [1073/0.000124]
  8  14 100, 0.000149 [0.000101/24.135593] [1123/0.000124]
  8  14 150, 0.000135 [0.000101/24.135408] [1173/0.000124]
  8  14 200, 0.000164 [0.000110/24.135224] [1223/0.000124]
  8  14 250, 0.000149 [0.000103/24.135041] [1273/0.000124]
  8  14 300, 0.000129 [0.000101/24.134854] [1323/0.000124]
  8  14 350, 0.000150 [0.000101/24.134672] [1373/0.000124]
Epoch 14 done. Evaluation:
(50000, 50000)
(8982, 10000)
  8  15  50, 0.000140 [0.000101/24.134336] [1464/0.000124]
  8  15 100, 0.000148 [0.000103/24.134153] [1514/0.000124]
  8  15 150, 0.000154 [0.000101/24.133969] [1564/0.000124]
  8  15 200, 0.000135 [0.000101/24.133784] [1614/0.000124]
  8  15 250, 0.000150 [0.000105/24.133599] [1664/0.000124]
  8  15 300, 0.000151 [0.000102/24.133416] [1714/0.000124]
  8  15 350, 0.000135 [0.000101/24.133230] [1764/0.000124]
Epoch 15 done. Evaluation:
(50000, 50000)
(8988, 10000)
  8  16  50, 0.000141 [0.000101/24.132895] [1855/0.000124]
  8  16 100, 0.000136 [0.000104/24.132711] [1905/0.000124]
  8  16 150, 0.000128 [0.000103/24.132526] [1955/0.000124]
  8  16 200, 0.000138 [0.000101/24.132339] [2005/0.000124]
  8  16 250, 0.000147 [0.000102/24.132156] [2055/0.000124]
  8  16 300, 0.000145 [0.000101/24.131973] [2105/0.000124]
  8  16 350, 0.000131 [0.000103/24.131789] [2155/0.000124]
Epoch 16 done. Evaluation:
(50000, 50000)
(8980, 10000)
  8  17  50, 0.000136 [0.000104/24.131454] [2246/0.000124]
  8  17 100, 0.000151 [0.000101/24.131268] [2296/0.000124]
  8  17 150, 0.000138 [0.000102/24.131086] [2346/0.000124]
  8  17 200, 0.000126 [0.000103/24.130900] [2396/0.000124]
  8  17 250, 0.000134 [0.000101/24.130715] [2446/0.000124]
  8  17 300, 0.000145 [0.000101/24.130531] [2496/0.000124]
  8  17 350, 0.000131 [0.000101/24.130346] [2546/0.000124]
Epoch 17 done. Evaluation:
(50000, 50000)
(9000, 10000)
  8  18  50, 0.000136 [0.000101/24.130011] [2637/0.000124]
  8  18 100, 0.000147 [0.000103/24.129828] [2687/0.000124]
  8  18 150, 0.000154 [0.000101/24.129644] [2737/0.000124]
  8  18 200, 0.000156 [0.000102/24.129461] [2787/0.000124]
  8  18 250, 0.000141 [0.000101/24.129277] [2837/0.000124]
  8  18 300, 0.000142 [0.000102/24.129092] [2887/0.000124]
  8  18 350, 0.000141 [0.000101/24.128909] [2937/0.000124]
Epoch 18 done. Evaluation:
(50000, 50000)
(8995, 10000)
  8  19  50, 0.000142 [0.000100/24.128574] [3028/0.000124]
  8  19 100, 0.000134 [0.000102/24.128390] [3078/0.000124]
  8  19 150, 0.000143 [0.000106/24.128206] [3128/0.000124]
  8  19 200, 0.000134 [0.000102/24.128022] [3178/0.000124]
  8  19 250, 0.000136 [0.000101/24.127836] [3228/0.000124]
  8  19 300, 0.000150 [0.000101/24.127655] [3278/0.000124]
  8  19 350, 0.000164 [0.000101/24.127471] [3328/0.000124]
Epoch 19 done. Evaluation:
(50000, 50000)
(8983, 10000)
  9   0  50, 0.000132 [0.000100/24.127264] [3419/0.000124]
  9   0 100, 0.000153 [0.000100/24.127211] [3469/0.000124]
  9   0 150, 0.000144 [0.000100/24.127156] [3519/0.000124]
  9   0 200, 0.000133 [0.000100/24.127099] [3569/0.000124]
  9   0 250, 0.000136 [0.000100/24.127044] [3619/0.000124]
  9   0 300, 0.000141 [0.000101/24.126990] [3669/0.000124]
  9   0 350, 0.000139 [0.000100/24.126936] [3719/0.000124]
Epoch 0 done. Evaluation:
(50000, 50000)
(8985, 10000)
  9   1  50, 0.000151 [0.000100/24.126835] [3810/0.000124]
  9   1 100, 0.000151 [0.000100/24.126780] [3860/0.000124]
  9   1 150, 0.000144 [0.000100/24.126724] [3910/0.000124]
  9   1 200, 0.000142 [0.000101/24.126670] [3960/0.000124]
  9   1 250, 0.000139 [0.000101/24.126616] [4010/0.000124]
  9   1 300, 0.000148 [0.000100/24.126561] [4060/0.000124]
  9   1 350, 0.000145 [0.000101/24.126505] [4110/0.000124]
Epoch 1 done. Evaluation:
(50000, 50000)
(8987, 10000)
  9   2  50, 0.000148 [0.000100/24.126405] [4201/0.000124]
  9   2 100, 0.000137 [0.000100/24.126351] [4251/0.000124]
  9   2 150, 0.000160 [0.000100/24.126295] [4301/0.000124]
  9   2 200, 0.000137 [0.000100/24.126239] [4351/0.000124]
  9   2 250, 0.000138 [0.000100/24.126185] [4401/0.000124]
  9   2 300, 0.000143 [0.000100/24.126130] [4451/0.000124]
  9   2 350, 0.000140 [0.000100/24.126076] [4501/0.000124]
Epoch 2 done. Evaluation:
(50000, 50000)
(8985, 10000)
  9   3  50, 0.000144 [0.000100/24.125975] [4592/0.000124]
  9   3 100, 0.000132 [0.000101/24.125920] [4642/0.000124]
  9   3 150, 0.000141 [0.000100/24.125867] [4692/0.000124]
  9   3 200, 0.000134 [0.000100/24.125813] [4742/0.000124]
  9   3 250, 0.000129 [0.000100/24.125757] [4792/0.000124]
  9   3 300, 0.000134 [0.000100/24.125701] [4842/0.000124]
  9   3 350, 0.000156 [0.000100/24.125646] [4892/0.000124]
Epoch 3 done. Evaluation:
(50000, 50000)
(8980, 10000)
  9   4  50, 0.000153 [0.000106/24.125548] [4983/0.000124]
  9   4 100, 0.000135 [0.000100/24.125492] [5033/0.000124]
  9   4 150, 0.000154 [0.000101/24.125437] [5083/0.000124]
  9   4 200, 0.000148 [0.000101/24.125382] [5133/0.000124]
  9   4 250, 0.000151 [0.000100/24.125328] [5183/0.000124]
  9   4 300, 0.000148 [0.000100/24.125273] [5233/0.000124]
  9   4 350, 0.000160 [0.000100/24.125217] [5283/0.000124]
Epoch 4 done. Evaluation:
(50000, 50000)
(8993, 10000)
  9   5  50, 0.000137 [0.000100/24.125119] [5374/0.000124]
  9   5 100, 0.000146 [0.000100/24.125063] [5424/0.000124]
  9   5 150, 0.000169 [0.000102/24.125007] [5474/0.000124]
  9   5 200, 0.000138 [0.000100/24.124953] [5524/0.000124]
  9   5 250, 0.000141 [0.000101/24.124898] [5574/0.000124]
  9   5 300, 0.000133 [0.000102/24.124843] [5624/0.000124]
  9   5 350, 0.000157 [0.000100/24.124788] [5674/0.000124]
Epoch 5 done. Evaluation:
(50000, 50000)
(8992, 10000)
  9   6  50, 0.000147 [0.000100/24.124689] [5765/0.000124]
  9   6 100, 0.000151 [0.000100/24.124633] [5815/0.000124]
  9   6 150, 0.000142 [0.000100/24.124578] [5865/0.000124]
  9   6 200, 0.000149 [0.000100/24.124522] [5915/0.000124]
  9   6 250, 0.000135 [0.000100/24.124470] [5965/0.000124]
  9   6 300, 0.000142 [0.000101/24.124415] [6015/0.000124]
  9   6 350, 0.000131 [0.000100/24.124359] [6065/0.000124]
Epoch 6 done. Evaluation:
(50000, 50000)
(8990, 10000)
  9   7  50, 0.000140 [0.000104/24.124260] [6156/0.000124]
  9   7 100, 0.000135 [0.000100/24.124205] [6206/0.000124]
  9   7 150, 0.000162 [0.000106/24.124150] [6256/0.000124]
  9   7 200, 0.000138 [0.000100/24.124096] [6306/0.000124]
  9   7 250, 0.000131 [0.000100/24.124041] [6356/0.000124]
  9   7 300, 0.000137 [0.000100/24.123986] [6406/0.000124]
  9   7 350, 0.000130 [0.000100/24.123933] [6456/0.000124]
Epoch 7 done. Evaluation:
(50000, 50000)
(8984, 10000)
  9   8  50, 0.000136 [0.000100/24.123832] [6547/0.000124]
  9   8 100, 0.000146 [0.000100/24.123778] [6597/0.000124]
  9   8 150, 0.000156 [0.000101/24.123723] [6647/0.000124]
  9   8 200, 0.000134 [0.000100/24.123670] [6697/0.000124]
  9   8 250, 0.000147 [0.000102/24.123613] [6747/0.000124]
  9   8 300, 0.000154 [0.000100/24.123559] [6797/0.000124]
  9   8 350, 0.000150 [0.000100/24.123503] [6847/0.000124]
Epoch 8 done. Evaluation:
(50000, 50000)
(8993, 10000)
  9   9  50, 0.000154 [0.000100/24.123402] [6938/0.000124]
  9   9 100, 0.000145 [0.000100/24.123349] [6988/0.000124]
  9   9 150, 0.000142 [0.000101/24.123295] [7038/0.000124]
  9   9 200, 0.000146 [0.000100/24.123239] [7088/0.000124]
  9   9 250, 0.000146 [0.000100/24.123186] [7138/0.000124]
  9   9 300, 0.000145 [0.000100/24.123128] [7188/0.000124]
  9   9 350, 0.000128 [0.000101/24.123075] [7238/0.000124]
Epoch 9 done. Evaluation:
(50000, 50000)
(8996, 10000)
  9  10  50, 0.000133 [0.000100/24.122976] [7329/0.000124]
  9  10 100, 0.000125 [0.000100/24.122921] [7379/0.000124]
  9  10 150, 0.000141 [0.000102/24.122867] [7429/0.000124]
  9  10 200, 0.000140 [0.000105/24.122812] [7479/0.000124]
  9  10 250, 0.000139 [0.000100/24.122757] [7529/0.000124]
  9  10 300, 0.000151 [0.000100/24.122703] [7579/0.000124]
  9  10 350, 0.000141 [0.000100/24.122648] [7629/0.000124]
Epoch 10 done. Evaluation:
(50000, 50000)
(8991, 10000)
  9  11  50, 0.000139 [0.000100/24.122547] [7720/0.000124]
  9  11 100, 0.000145 [0.000101/24.122494] [7770/0.000124]
  9  11 150, 0.000145 [0.000100/24.122438] [7820/0.000124]
  9  11 200, 0.000141 [0.000102/24.122383] [7870/0.000124]
  9  11 250, 0.000142 [0.000104/24.122329] [7920/0.000124]
  9  11 300, 0.000151 [0.000124/24.122276] [7970/0.000124]
  9  11 350, 0.000153 [0.000101/24.122220] [8020/0.000124]
Epoch 11 done. Evaluation:
(50000, 50000)
(8995, 10000)
  9  12  50, 0.000133 [0.000100/24.122122] [8111/0.000124]
  9  12 100, 0.000171 [0.000100/24.122066] [8161/0.000124]
  9  12 150, 0.000138 [0.000100/24.122011] [8211/0.000124]
  9  12 200, 0.000144 [0.000100/24.121956] [8261/0.000124]
  9  12 250, 0.000163 [0.000100/24.121903] [8311/0.000124]
  9  12 300, 0.000137 [0.000101/24.121847] [8361/0.000124]
  9  12 350, 0.000136 [0.000101/24.121792] [8411/0.000124]
Epoch 12 done. Evaluation:
(50000, 50000)
(8982, 10000)
  9  13  50, 0.000140 [0.000100/24.121693] [8502/0.000124]
  9  13 100, 0.000147 [0.000100/24.121639] [8552/0.000124]
  9  13 150, 0.000138 [0.000100/24.121584] [8602/0.000124]
  9  13 200, 0.000157 [0.000104/24.121528] [8652/0.000124]
  9  13 250, 0.000155 [0.000101/24.121475] [8702/0.000124]
  9  13 300, 0.000148 [0.000100/24.121419] [8752/0.000124]
  9  13 350, 0.000147 [0.000100/24.121364] [8802/0.000124]
Epoch 13 done. Evaluation:
(50000, 50000)
(8988, 10000)
  9  14  50, 0.000146 [0.000100/24.121264] [8893/0.000124]
  9  14 100, 0.000137 [0.000100/24.121211] [8943/0.000124]
  9  14 150, 0.000144 [0.000103/24.121155] [8993/0.000124]
  9  14 200, 0.000154 [0.000101/24.121102] [9043/0.000124]
  9  14 250, 0.000128 [0.000102/24.121046] [9093/0.000124]
  9  14 300, 0.000139 [0.000100/24.120991] [9143/0.000124]
  9  14 350, 0.000152 [0.000100/24.120938] [9193/0.000124]
Epoch 14 done. Evaluation:
(50000, 50000)
(8983, 10000)
  9  15  50, 0.000143 [0.000100/24.120838] [9284/0.000124]
  9  15 100, 0.000141 [0.000105/24.120785] [9334/0.000124]
  9  15 150, 0.000149 [0.000100/24.120729] [9384/0.000124]
  9  15 200, 0.000142 [0.000101/24.120673] [9434/0.000124]
  9  15 250, 0.000142 [0.000103/24.120620] [9484/0.000124]
  9  15 300, 0.000143 [0.000100/24.120565] [9534/0.000124]
  9  15 350, 0.000127 [0.000119/24.120512] [9584/0.000124]
Epoch 15 done. Evaluation:
(50000, 50000)
(8988, 10000)
  9  16  50, 0.000132 [0.000100/24.120412] [9675/0.000124]
  9  16 100, 0.000154 [0.000100/24.120357] [9725/0.000124]
  9  16 150, 0.000135 [0.000100/24.120302] [9775/0.000124]
  9  16 200, 0.000144 [0.000101/24.120248] [9825/0.000124]
  9  16 250, 0.000136 [0.000100/24.120194] [9875/0.000124]
  9  16 300, 0.000143 [0.000100/24.120139] [9925/0.000124]
  9  16 350, 0.000139 [0.000100/24.120085] [9975/0.000124]
Epoch 16 done. Evaluation:
(50000, 50000)
(8995, 10000)
  9  17  50, 0.000141 [0.000100/24.119986] [10066/0.000124]
  9  17 100, 0.000154 [0.000100/24.119932] [10116/0.000124]
  9  17 150, 0.000133 [0.000100/24.119876] [10166/0.000124]
  9  17 200, 0.000141 [0.000100/24.119823] [10216/0.000124]
  9  17 250, 0.000142 [0.000100/24.119768] [10266/0.000124]
  9  17 300, 0.000134 [0.000100/24.119714] [10316/0.000124]
  9  17 350, 0.000151 [0.000101/24.119659] [10366/0.000124]
Epoch 17 done. Evaluation:
(50000, 50000)
(8978, 10000)
  9  18  50, 0.000153 [0.000102/24.119559] [10457/0.000124]
  9  18 100, 0.000150 [0.000100/24.119503] [10507/0.000124]
  9  18 150, 0.000149 [0.000100/24.119449] [10557/0.000124]
  9  18 200, 0.000147 [0.000100/24.119394] [10607/0.000124]
  9  18 250, 0.000149 [0.000101/24.119339] [10657/0.000124]
  9  18 300, 0.000147 [0.000100/24.119285] [10707/0.000124]
  9  18 350, 0.000144 [0.000100/24.119230] [10757/0.000124]
Epoch 18 done. Evaluation:
(50000, 50000)
(8981, 10000)
  9  19  50, 0.000139 [0.000100/24.119132] [10848/0.000124]
  9  19 100, 0.000134 [0.000100/24.119077] [10898/0.000124]
  9  19 150, 0.000127 [0.000100/24.119023] [10948/0.000124]
  9  19 200, 0.000141 [0.000100/24.118968] [10998/0.000124]
  9  19 250, 0.000142 [0.000103/24.118914] [11048/0.000124]
  9  19 300, 0.000143 [0.000102/24.118860] [11098/0.000124]
  9  19 350, 0.000134 [0.000100/24.118805] [11148/0.000124]
Epoch 19 done. Evaluation:
(50000, 50000)
(8991, 10000)
