Sequential (
  (conv1_1): Sequential (
    (0): Conv2d(3, 32, kernel_size=(3, 3), stride=(1, 1), padding=(1, 1))
    (1): BatchNorm2d(32, eps=1e-05, momentum=0.1, affine=True)
    (2): ReLU (inplace)
  )
  (conv1_2): Sequential (
    (0): Conv2d(32, 32, kernel_size=(3, 3), stride=(1, 1), padding=(1, 1))
    (1): BatchNorm2d(32, eps=1e-05, momentum=0.1, affine=True)
    (2): ReLU (inplace)
  )
  (pool1): MaxPool2d (size=(2, 2), stride=(2, 2), dilation=(1, 1))
  (conv2_1): Sequential (
    (0): Conv2d(32, 64, kernel_size=(3, 3), stride=(1, 1), padding=(1, 1))
    (1): BatchNorm2d(64, eps=1e-05, momentum=0.1, affine=True)
    (2): ReLU (inplace)
  )
  (conv2_2): Sequential (
    (0): Conv2d(64, 64, kernel_size=(3, 3), stride=(1, 1), padding=(1, 1))
    (1): BatchNorm2d(64, eps=1e-05, momentum=0.1, affine=True)
    (2): ReLU (inplace)
  )
  (pool2): MaxPool2d (size=(2, 2), stride=(2, 2), dilation=(1, 1))
  (conv3_1): Sequential (
    (0): Conv2d(64, 128, kernel_size=(3, 3), stride=(1, 1), padding=(1, 1))
    (1): BatchNorm2d(128, eps=1e-05, momentum=0.1, affine=True)
    (2): ReLU (inplace)
  )
  (conv3_2): Sequential (
    (0): Conv2d(128, 128, kernel_size=(3, 3), stride=(1, 1), padding=(1, 1))
    (1): BatchNorm2d(128, eps=1e-05, momentum=0.1, affine=True)
    (2): ReLU (inplace)
  )
  (pool3): MaxPool2d (size=(2, 2), stride=(2, 2), dilation=(1, 1))
  (conv4_1): Sequential (
    (0): Conv2d(128, 256, kernel_size=(3, 3), stride=(1, 1), padding=(1, 1))
    (1): BatchNorm2d(256, eps=1e-05, momentum=0.1, affine=True)
    (2): ReLU (inplace)
  )
  (conv4_2): Sequential (
    (0): Conv2d(256, 256, kernel_size=(3, 3), stride=(1, 1), padding=(1, 1))
    (1): BatchNorm2d(256, eps=1e-05, momentum=0.1, affine=True)
    (2): ReLU (inplace)
  )
  (pool4): MaxPool2d (size=(2, 2), stride=(2, 2), dilation=(1, 1))
  (conv5_1): Sequential (
    (0): Conv2d(256, 256, kernel_size=(3, 3), stride=(1, 1), padding=(1, 1))
    (1): BatchNorm2d(256, eps=1e-05, momentum=0.1, affine=True)
    (2): ReLU (inplace)
  )
  (conv5_2): Sequential (
    (0): Conv2d(256, 256, kernel_size=(3, 3), stride=(1, 1), padding=(1, 1))
    (1): BatchNorm2d(256, eps=1e-05, momentum=0.1, affine=True)
    (2): ReLU (inplace)
  )
  (pool5): MaxPool2d (size=(2, 2), stride=(2, 2), dilation=(1, 1))
  (fc6): Sequential (
    (0): Conv2d(256, 256, kernel_size=(1, 1), stride=(1, 1))
    (1): BatchNorm2d(256, eps=1e-05, momentum=0.1, affine=True)
    (2): ReLU (inplace)
  )
  (logit): Conv2d(256, 10, kernel_size=(1, 1), stride=(1, 1))
  (flatter): Flatten()
)
{'L1_decay': 5e-06,
 'batch_size': 128,
 'force_name': False,
 'graphfolder': 'logs/dxp3_graphs/',
 'learning_rate': 0.1,
 'logfile': 'logs/dxp3.log',
 'mode': '',
 'name': 'dxp3',
 'num_base': 32,
 'optimizer': 'SGD_var_dup2',
 'weight_decay': 8e-05}
0.00103980357126
0.0113832505152
0.0056692296699
0.0115284794424
0.00575126955187
0.0115054810064
0.00574115315448
0.0114835788478
0.005772283362
0.00575802425467
0.00031788983138
0.000318428584562
Decayed training with schedule: [20, 20, 20, 20, 20, 20, 20, 20, 20, 20]
  0   0  50, 1.821907 [0.465521/70.054337] [   0/1.821907]
  0   0 100, 1.473696 [0.375301/67.950984] [   0/1.473696]
  0   0 150, 1.385772 [0.392537/65.956589] [   0/1.385772]
  0   0 200, 1.270035 [0.372987/64.067547] [   0/1.270035]
  0   0 250, 1.157371 [0.389080/62.276219] [   0/1.157371]
  0   0 300, 1.093264 [0.362772/60.574512] [   0/1.093264]
  0   0 350, 1.045866 [0.374331/58.960310] [   0/1.045866]
Epoch 0 done. Evaluation:
(26674, 50000)
(5439, 10000)
  0   1  50, 0.931348 [0.345756/56.233134] [   0/0.931348]
  0   1 100, 0.936824 [0.410783/54.842597] [  50/0.931348]
  0   1 150, 0.879192 [0.377740/53.518898] [   0/0.879192]
  0   1 200, 0.869051 [0.368197/52.262427] [   0/0.869051]
  0   1 250, 0.837272 [0.387375/51.069406] [   0/0.837272]
  0   1 300, 0.820930 [0.364212/49.933958] [   0/0.820930]
  0   1 350, 0.803146 [0.468885/48.854836] [   0/0.803146]
Epoch 1 done. Evaluation:
(34754, 50000)
(6585, 10000)
  0   2  50, 0.744119 [0.367226/47.032928] [   0/0.744119]
  0   2 100, 0.744941 [0.356231/46.105372] [  50/0.744119]
  0   2 150, 0.699933 [0.334498/45.224288] [   0/0.699933]
  0   2 200, 0.712641 [0.388158/44.385384] [  50/0.699933]
  0   2 250, 0.681725 [0.333041/43.582104] [   0/0.681725]
  0   2 300, 0.718373 [0.433472/42.819380] [  50/0.681725]
  0   2 350, 0.697556 [0.366063/42.094199] [ 100/0.681725]
Epoch 2 done. Evaluation:
(37551, 50000)
(6747, 10000)
  0   3  50, 0.641931 [0.424711/40.867439] [   0/0.641931]
  0   3 100, 0.615437 [0.367899/40.244018] [   0/0.615437]
  0   3 150, 0.644161 [0.372119/39.649644] [  50/0.615437]
  0   3 200, 0.610577 [0.370065/39.083144] [   0/0.610577]
  0   3 250, 0.639496 [0.426739/38.541444] [  50/0.610577]
  0   3 300, 0.627395 [0.366502/38.027709] [ 100/0.610577]
  0   3 350, 0.657295 [0.353345/37.535501] [ 150/0.610577]
Epoch 3 done. Evaluation:
(39025, 50000)
(7198, 10000)
  0   4  50, 0.557699 [0.351344/36.707047] [   0/0.557699]
  0   4 100, 0.577836 [0.449720/36.289665] [  50/0.557699]
  0   4 150, 0.615999 [0.347376/35.891836] [ 100/0.557699]
  0   4 200, 0.589757 [0.360438/35.500202] [ 150/0.557699]
  0   4 250, 0.595440 [0.419980/35.130727] [ 200/0.557699]
  0   4 300, 0.598506 [0.347063/34.777853] [ 250/0.557699]
  0   4 350, 0.597722 [0.424376/34.441539] [ 300/0.557699]
Epoch 4 done. Evaluation:
(39737, 50000)
(6336, 10000)
  0   5  50, 0.532046 [0.393639/33.878891] [   0/0.532046]
  0   5 100, 0.585296 [0.406270/33.594752] [  50/0.532046]
  0   5 150, 0.550712 [0.408955/33.317614] [ 100/0.532046]
  0   5 200, 0.578963 [0.324047/33.058167] [ 150/0.532046]
  0   5 250, 0.558229 [0.474409/32.808578] [ 200/0.532046]
  0   5 300, 0.573632 [0.427584/32.564912] [ 250/0.532046]
  0   5 350, 0.573511 [0.479396/32.327303] [ 300/0.532046]
Epoch 5 done. Evaluation:
(40178, 50000)
(5784, 10000)
  0   6  50, 0.516368 [0.352016/31.941657] [   0/0.516368]
  0   6 100, 0.552324 [0.324611/31.744194] [  50/0.516368]
  0   6 150, 0.547405 [0.411011/31.550227] [ 100/0.516368]
  0   6 200, 0.537331 [0.371865/31.361578] [ 150/0.516368]
  0   6 250, 0.535569 [0.417144/31.179441] [ 200/0.516368]
  0   6 300, 0.546605 [0.397984/31.011014] [ 250/0.516368]
  0   6 350, 0.553400 [0.461155/30.848250] [ 300/0.516368]
Epoch 6 done. Evaluation:
(40628, 50000)
(5732, 10000)
  0   7  50, 0.509096 [0.353258/30.571533] [   0/0.509096]
  0   7 100, 0.498926 [0.384098/30.430293] [   0/0.498926]
  0   7 150, 0.500582 [0.390249/30.290482] [  50/0.498926]
  0   7 200, 0.511894 [0.378750/30.158954] [ 100/0.498926]
  0   7 250, 0.536118 [0.438219/30.032215] [ 150/0.498926]
  0   7 300, 0.537755 [0.371060/29.905804] [ 200/0.498926]
  0   7 350, 0.536135 [0.477812/29.793797] [ 250/0.498926]
Epoch 7 done. Evaluation:
(40962, 50000)
(6722, 10000)
  0   8  50, 0.492962 [0.481103/29.600592] [   0/0.492962]
  0   8 100, 0.475637 [0.318489/29.495623] [   0/0.475637]
  0   8 150, 0.499062 [0.454838/29.396399] [  50/0.475637]
  0   8 200, 0.511387 [0.486023/29.304948] [ 100/0.475637]
  0   8 250, 0.499060 [0.412144/29.206141] [ 150/0.475637]
  0   8 300, 0.514835 [0.403569/29.106034] [ 200/0.475637]
  0   8 350, 0.523461 [0.451102/29.027245] [ 250/0.475637]
Epoch 8 done. Evaluation:
(41275, 50000)
(7738, 10000)
  0   9  50, 0.475397 [0.373133/28.864477] [   0/0.475397]
  0   9 100, 0.472183 [0.325627/28.790012] [   0/0.472183]
  0   9 150, 0.493357 [0.449593/28.717596] [  50/0.472183]
  0   9 200, 0.496978 [0.413241/28.653900] [ 100/0.472183]
  0   9 250, 0.500667 [0.501126/28.573325] [ 150/0.472183]
  0   9 300, 0.507370 [0.486508/28.504463] [ 200/0.472183]
  0   9 350, 0.509738 [0.458781/28.439220] [ 250/0.472183]
Epoch 9 done. Evaluation:
(41427, 50000)
(7177, 10000)
  0  10  50, 0.454071 [0.405417/28.325976] [   0/0.454071]
  0  10 100, 0.491143 [0.486561/28.258999] [  50/0.454071]
  0  10 150, 0.481055 [0.441773/28.204702] [ 100/0.454071]
  0  10 200, 0.475603 [0.400067/28.153390] [ 150/0.454071]
  0  10 250, 0.486407 [0.470495/28.091396] [ 200/0.454071]
  0  10 300, 0.488601 [0.520460/28.028685] [ 250/0.454071]
  0  10 350, 0.504523 [0.466431/27.983627] [ 300/0.454071]
Epoch 10 done. Evaluation:
(41756, 50000)
(6550, 10000)
  0  11  50, 0.437456 [0.500633/27.877711] [   0/0.437456]
  0  11 100, 0.474196 [0.410510/27.830575] [  50/0.437456]
  0  11 150, 0.488497 [0.415137/27.779259] [ 100/0.437456]
  0  11 200, 0.478838 [0.367452/27.724350] [ 150/0.437456]
  0  11 250, 0.476807 [0.467038/27.679649] [ 200/0.437456]
  0  11 300, 0.487551 [0.446956/27.634726] [ 250/0.437456]
  0  11 350, 0.490494 [0.382362/27.588934] [ 300/0.437456]
Epoch 11 done. Evaluation:
(41854, 50000)
(6745, 10000)
  0  12  50, 0.430184 [0.439555/27.494156] [   0/0.430184]
  0  12 100, 0.477868 [0.402021/27.449289] [  50/0.430184]
  0  12 150, 0.465507 [0.411091/27.404904] [ 100/0.430184]
  0  12 200, 0.462886 [0.461971/27.361847] [ 150/0.430184]
  0  12 250, 0.469844 [0.468404/27.328227] [ 200/0.430184]
  0  12 300, 0.465195 [0.387769/27.286751] [ 250/0.430184]
  0  12 350, 0.475821 [0.380855/27.247331] [ 300/0.430184]
Epoch 12 done. Evaluation:
(42004, 50000)
(6326, 10000)
  0  13  50, 0.451706 [0.444815/27.174653] [ 391/0.430184]
  0  13 100, 0.451223 [0.324544/27.133492] [ 441/0.430184]
  0  13 150, 0.427965 [0.471639/27.093780] [   0/0.427965]
  0  13 200, 0.481478 [0.451570/27.060570] [  50/0.427965]
  0  13 250, 0.468222 [0.397964/27.015751] [ 100/0.427965]
  0  13 300, 0.482671 [0.430514/26.971465] [ 150/0.427965]
  0  13 350, 0.454940 [0.530178/26.928470] [ 200/0.427965]
Epoch 13 done. Evaluation:
(42117, 50000)
(7045, 10000)
  0  14  50, 0.402682 [0.373056/26.860247] [   0/0.402682]
  0  14 100, 0.462120 [0.435299/26.824984] [  50/0.402682]
  0  14 150, 0.422388 [0.419711/26.794839] [ 100/0.402682]
  0  14 200, 0.487998 [0.450480/26.763545] [ 150/0.402682]
  0  14 250, 0.440736 [0.351005/26.726484] [ 200/0.402682]
  0  14 300, 0.471091 [0.332339/26.687848] [ 250/0.402682]
  0  14 350, 0.486293 [0.539379/26.648960] [ 300/0.402682]
Epoch 14 done. Evaluation:
(42255, 50000)
(6235, 10000)
  0  15  50, 0.429482 [0.441203/26.592021] [ 391/0.402682]
  0  15 100, 0.428177 [0.431283/26.561141] [ 441/0.402682]
  0  15 150, 0.458108 [0.468100/26.529324] [ 491/0.402682]
  0  15 200, 0.438345 [0.577513/26.487394] [ 541/0.402682]
  0  15 250, 0.468946 [0.462336/26.443801] [ 591/0.402682]
  0  15 300, 0.442166 [0.369218/26.412107] [ 641/0.402682]
  0  15 350, 0.465281 [0.508474/26.367420] [ 691/0.402682]
Epoch 15 done. Evaluation:
(42299, 50000)
(6023, 10000)
  0  16  50, 0.405530 [0.443004/26.303617] [ 782/0.402682]
  0  16 100, 0.432388 [0.534361/26.279357] [ 832/0.402682]
  0  16 150, 0.448520 [0.416507/26.250003] [ 882/0.402682]
  0  16 200, 0.461439 [0.583096/26.222767] [ 932/0.402682]
  0  16 250, 0.439285 [0.407511/26.191220] [ 982/0.402682]
  0  16 300, 0.442763 [0.428086/26.153246] [1032/0.402682]
  0  16 350, 0.456992 [0.368783/26.115954] [1082/0.402682]
Epoch 16 done. Evaluation:
(42432, 50000)
(6492, 10000)
  0  17  50, 0.435499 [0.451739/26.063549] [1173/0.402682]
  0  17 100, 0.417656 [0.527924/26.026906] [1223/0.402682]
  0  17 150, 0.424144 [0.341105/25.994877] [1273/0.402682]
  0  17 200, 0.440262 [0.505661/25.966800] [1323/0.402682]
  0  17 250, 0.450824 [0.454276/25.933499] [1373/0.402682]
  0  17 300, 0.434297 [0.588497/25.899447] [1423/0.402682]
  0  17 350, 0.469561 [0.489767/25.863282] [1473/0.402682]
Epoch 17 done. Evaluation:
(42407, 50000)
(7877, 10000)
  0  18  50, 0.392580 [0.367326/25.801437] [   0/0.392580]
  0  18 100, 0.407064 [0.378832/25.768257] [  50/0.392580]
  0  18 150, 0.442011 [0.468737/25.744885] [ 100/0.392580]
  0  18 200, 0.430320 [0.409752/25.711985] [ 150/0.392580]
  0  18 250, 0.429988 [0.370385/25.678107] [ 200/0.392580]
  0  18 300, 0.476518 [0.455977/25.644573] [ 250/0.392580]
  0  18 350, 0.432326 [0.360371/25.604665] [ 300/0.392580]
Epoch 18 done. Evaluation:
(42534, 50000)
(6830, 10000)
  0  19  50, 0.395959 [0.413767/25.539823] [ 391/0.392580]
  0  19 100, 0.413371 [0.453867/25.511613] [ 441/0.392580]
  0  19 150, 0.430227 [0.379188/25.499804] [ 491/0.392580]
  0  19 200, 0.412172 [0.378978/25.464458] [ 541/0.392580]
  0  19 250, 0.460180 [0.395658/25.435187] [ 591/0.392580]
  0  19 300, 0.447052 [0.350592/25.400279] [ 641/0.392580]
  0  19 350, 0.453487 [0.442701/25.363051] [ 691/0.392580]
Epoch 19 done. Evaluation:
(42551, 50000)
(7155, 10000)
  1   0  50, 0.294712 [0.228075/25.270401] [   0/0.294712]
  1   0 100, 0.272932 [0.261337/25.210284] [   0/0.272932]
  1   0 150, 0.270953 [0.214607/25.155630] [   0/0.270953]
  1   0 200, 0.289815 [0.208626/25.102367] [  50/0.270953]
  1   0 250, 0.289291 [0.241491/25.055905] [ 100/0.270953]
  1   0 300, 0.281736 [0.263414/25.011680] [ 150/0.270953]
  1   0 350, 0.301936 [0.275494/24.970991] [ 200/0.270953]
Epoch 0 done. Evaluation:
(45075, 50000)
(8508, 10000)
  1   1  50, 0.240609 [0.213341/24.895162] [   0/0.240609]
  1   1 100, 0.254406 [0.167317/24.860639] [  50/0.240609]
  1   1 150, 0.298461 [0.270015/24.836804] [ 100/0.240609]
  1   1 200, 0.278985 [0.258692/24.809759] [ 150/0.240609]
  1   1 250, 0.273987 [0.249782/24.779535] [ 200/0.240609]
  1   1 300, 0.296242 [0.264047/24.758907] [ 250/0.240609]
  1   1 350, 0.301484 [0.283493/24.736636] [ 300/0.240609]
Epoch 1 done. Evaluation:
(45195, 50000)
(8155, 10000)
  1   2  50, 0.237522 [0.222879/24.689151] [   0/0.237522]
  1   2 100, 0.260993 [0.288631/24.673079] [  50/0.237522]
  1   2 150, 0.281298 [0.254828/24.661026] [ 100/0.237522]
  1   2 200, 0.303212 [0.280950/24.644767] [ 150/0.237522]
  1   2 250, 0.300601 [0.337093/24.630439] [ 200/0.237522]
  1   2 300, 0.299668 [0.274845/24.614934] [ 250/0.237522]
  1   2 350, 0.308363 [0.282034/24.598106] [ 300/0.237522]
Epoch 2 done. Evaluation:
(45054, 50000)
(7296, 10000)
  1   3  50, 0.249117 [0.310546/24.560924] [ 391/0.237522]
  1   3 100, 0.274780 [0.322065/24.547665] [ 441/0.237522]
  1   3 150, 0.273220 [0.286544/24.531847] [ 491/0.237522]
  1   3 200, 0.284399 [0.234227/24.523246] [ 541/0.237522]
  1   3 250, 0.301741 [0.231720/24.513871] [ 591/0.237522]
  1   3 300, 0.283770 [0.287348/24.500948] [ 641/0.237522]
  1   3 350, 0.292843 [0.239242/24.483411] [ 691/0.237522]
Epoch 3 done. Evaluation:
(45185, 50000)
(7592, 10000)
  1   4  50, 0.242391 [0.273522/24.448993] [ 782/0.237522]
  1   4 100, 0.265869 [0.266186/24.440480] [ 832/0.237522]
  1   4 150, 0.276515 [0.261749/24.429954] [ 882/0.237522]
  1   4 200, 0.310431 [0.345055/24.426319] [ 932/0.237522]
  1   4 250, 0.272931 [0.255811/24.410684] [ 982/0.237522]
  1   4 300, 0.303800 [0.269604/24.403580] [1032/0.237522]
  1   4 350, 0.284319 [0.255108/24.390821] [1082/0.237522]
Epoch 4 done. Evaluation:
(45110, 50000)
(7258, 10000)
  1   5  50, 0.255719 [0.313499/24.364849] [1173/0.237522]
  1   5 100, 0.268195 [0.197380/24.355714] [1223/0.237522]
  1   5 150, 0.274593 [0.201296/24.345380] [1273/0.237522]
  1   5 200, 0.289373 [0.272578/24.333191] [1323/0.237522]
  1   5 250, 0.290523 [0.282777/24.323537] [1373/0.237522]
  1   5 300, 0.281386 [0.238602/24.310639] [1423/0.237522]
  1   5 350, 0.290792 [0.234446/24.303374] [1473/0.237522]
Epoch 5 done. Evaluation:
(45122, 50000)
(8023, 10000)
  1   6  50, 0.237459 [0.282591/24.269296] [   0/0.237459]
  1   6 100, 0.251190 [0.273038/24.256736] [  50/0.237459]
  1   6 150, 0.297844 [0.233274/24.253575] [ 100/0.237459]
  1   6 200, 0.255188 [0.300735/24.234891] [ 150/0.237459]
  1   6 250, 0.326727 [0.286310/24.231167] [ 200/0.237459]
  1   6 300, 0.298256 [0.249732/24.216433] [ 250/0.237459]
  1   6 350, 0.283170 [0.265018/24.205033] [ 300/0.237459]
Epoch 6 done. Evaluation:
(45180, 50000)
(7672, 10000)
  1   7  50, 0.250504 [0.321646/24.173219] [ 391/0.237459]
  1   7 100, 0.253164 [0.331019/24.161665] [ 441/0.237459]
  1   7 150, 0.253996 [0.240692/24.149348] [ 491/0.237459]
  1   7 200, 0.269145 [0.287142/24.136903] [ 541/0.237459]
  1   7 250, 0.286501 [0.339946/24.127605] [ 591/0.237459]
  1   7 300, 0.309605 [0.368795/24.119611] [ 641/0.237459]
  1   7 350, 0.294998 [0.375964/24.108218] [ 691/0.237459]
Epoch 7 done. Evaluation:
(45201, 50000)
(7581, 10000)
  1   8  50, 0.224582 [0.308203/24.075161] [   0/0.224582]
  1   8 100, 0.270728 [0.369868/24.071046] [  50/0.224582]
  1   8 150, 0.281393 [0.233705/24.063002] [ 100/0.224582]
  1   8 200, 0.282120 [0.275842/24.051797] [ 150/0.224582]
  1   8 250, 0.278187 [0.324740/24.040064] [ 200/0.224582]
  1   8 300, 0.286382 [0.306822/24.029278] [ 250/0.224582]
  1   8 350, 0.289488 [0.297613/24.017113] [ 300/0.224582]
Epoch 8 done. Evaluation:
(45197, 50000)
(7996, 10000)
  1   9  50, 0.235084 [0.276750/23.987997] [ 391/0.224582]
  1   9 100, 0.251066 [0.246738/23.975377] [ 441/0.224582]
  1   9 150, 0.269739 [0.333659/23.964553] [ 491/0.224582]
  1   9 200, 0.282784 [0.262814/23.955794] [ 541/0.224582]
  1   9 250, 0.268316 [0.265668/23.938607] [ 591/0.224582]
  1   9 300, 0.289966 [0.274696/23.929174] [ 641/0.224582]
  1   9 350, 0.282143 [0.249718/23.916188] [ 691/0.224582]
Epoch 9 done. Evaluation:
(45265, 50000)
(8071, 10000)
  1  10  50, 0.253506 [0.259402/23.901848] [ 782/0.224582]
  1  10 100, 0.251669 [0.253207/23.888203] [ 832/0.224582]
  1  10 150, 0.253629 [0.266254/23.873096] [ 882/0.224582]
  1  10 200, 0.269706 [0.237229/23.865746] [ 932/0.224582]
  1  10 250, 0.271997 [0.198785/23.854485] [ 982/0.224582]
  1  10 300, 0.292674 [0.358797/23.848274] [1032/0.224582]
  1  10 350, 0.299820 [0.297869/23.837514] [1082/0.224582]
Epoch 10 done. Evaluation:
(45264, 50000)
(7318, 10000)
  1  11  50, 0.222563 [0.249388/23.808005] [   0/0.222563]
  1  11 100, 0.230111 [0.265157/23.797125] [  50/0.222563]
  1  11 150, 0.284870 [0.293700/23.794068] [ 100/0.222563]
  1  11 200, 0.283502 [0.294175/23.781206] [ 150/0.222563]
  1  11 250, 0.272851 [0.301441/23.769928] [ 200/0.222563]
  1  11 300, 0.295912 [0.260922/23.766593] [ 250/0.222563]
  1  11 350, 0.301519 [0.316429/23.759454] [ 300/0.222563]
Epoch 11 done. Evaluation:
(45322, 50000)
(6892, 10000)
  1  12  50, 0.216078 [0.301073/23.727234] [   0/0.216078]
  1  12 100, 0.256939 [0.258075/23.716308] [  50/0.216078]
  1  12 150, 0.238718 [0.394487/23.701984] [ 100/0.216078]
  1  12 200, 0.260073 [0.262535/23.696993] [ 150/0.216078]
  1  12 250, 0.268089 [0.320049/23.685091] [ 200/0.216078]
  1  12 300, 0.281376 [0.299871/23.675712] [ 250/0.216078]
  1  12 350, 0.290223 [0.284951/23.666942] [ 300/0.216078]
Epoch 12 done. Evaluation:
(45437, 50000)
(8240, 10000)
  1  13  50, 0.226193 [0.258348/23.638148] [ 391/0.216078]
  1  13 100, 0.242262 [0.213943/23.626109] [ 441/0.216078]
  1  13 150, 0.244798 [0.265025/23.615676] [ 491/0.216078]
  1  13 200, 0.260136 [0.323104/23.597905] [ 541/0.216078]
  1  13 250, 0.265379 [0.337755/23.589431] [ 591/0.216078]
  1  13 300, 0.273014 [0.299170/23.576872] [ 641/0.216078]
  1  13 350, 0.291642 [0.381206/23.567272] [ 691/0.216078]
Epoch 13 done. Evaluation:
(45481, 50000)
(7099, 10000)
  1  14  50, 0.229313 [0.285556/23.538796] [ 782/0.216078]
  1  14 100, 0.234078 [0.307362/23.520790] [ 832/0.216078]
  1  14 150, 0.252808 [0.334742/23.511228] [ 882/0.216078]
  1  14 200, 0.252509 [0.291204/23.502997] [ 932/0.216078]
  1  14 250, 0.284809 [0.333474/23.492881] [ 982/0.216078]
  1  14 300, 0.274428 [0.220935/23.481969] [1032/0.216078]
  1  14 350, 0.295910 [0.267778/23.474823] [1082/0.216078]
Epoch 14 done. Evaluation:
(45443, 50000)
(8007, 10000)
  1  15  50, 0.234695 [0.326841/23.447344] [1173/0.216078]
  1  15 100, 0.246614 [0.283093/23.436484] [1223/0.216078]
  1  15 150, 0.231711 [0.328282/23.419808] [1273/0.216078]
  1  15 200, 0.275900 [0.344857/23.419216] [1323/0.216078]
  1  15 250, 0.261660 [0.294958/23.408610] [1373/0.216078]
  1  15 300, 0.293633 [0.266213/23.404670] [1423/0.216078]
  1  15 350, 0.301170 [0.219741/23.393859] [1473/0.216078]
Epoch 15 done. Evaluation:
(45362, 50000)
(7791, 10000)
  1  16  50, 0.217929 [0.253713/23.359011] [1564/0.216078]
  1  16 100, 0.237371 [0.362818/23.344842] [1614/0.216078]
  1  16 150, 0.238817 [0.305021/23.330873] [1664/0.216078]
  1  16 200, 0.274717 [0.318366/23.323024] [1714/0.216078]
  1  16 250, 0.267772 [0.254090/23.316994] [1764/0.216078]
  1  16 300, 0.284631 [0.309594/23.309647] [1814/0.216078]
  1  16 350, 0.289640 [0.314737/23.304643] [1864/0.216078]
Epoch 16 done. Evaluation:
(45492, 50000)
(7916, 10000)
  1  17  50, 0.218027 [0.282290/23.279170] [1955/0.216078]
  1  17 100, 0.250661 [0.237683/23.265353] [2005/0.216078]
  1  17 150, 0.241546 [0.354969/23.253830] [2055/0.216078]
  1  17 200, 0.238450 [0.374776/23.242781] [2105/0.216078]
  1  17 250, 0.269241 [0.261915/23.234697] [2155/0.216078]
  1  17 300, 0.259925 [0.287146/23.216391] [2205/0.216078]
  1  17 350, 0.283421 [0.250039/23.204067] [2255/0.216078]
Epoch 17 done. Evaluation:
(45620, 50000)
(7910, 10000)
  1  18  50, 0.219314 [0.327559/23.178515] [2346/0.216078]
  1  18 100, 0.242823 [0.338939/23.171227] [2396/0.216078]
  1  18 150, 0.259130 [0.265436/23.164632] [2446/0.216078]
  1  18 200, 0.274654 [0.300532/23.151335] [2496/0.216078]
  1  18 250, 0.255629 [0.298239/23.138167] [2546/0.216078]
  1  18 300, 0.270451 [0.278775/23.128420] [2596/0.216078]
  1  18 350, 0.275600 [0.283228/23.115038] [2646/0.216078]
Epoch 18 done. Evaluation:
(45538, 50000)
(7336, 10000)
  1  19  50, 0.224952 [0.273714/23.084792] [2737/0.216078]
  1  19 100, 0.240312 [0.343688/23.074829] [2787/0.216078]
  1  19 150, 0.250567 [0.263392/23.059129] [2837/0.216078]
  1  19 200, 0.268736 [0.303948/23.042914] [2887/0.216078]
  1  19 250, 0.267094 [0.282361/23.027982] [2937/0.216078]
  1  19 300, 0.285835 [0.326311/23.017856] [2987/0.216078]
  1  19 350, 0.238826 [0.239298/22.998938] [3037/0.216078]
Epoch 19 done. Evaluation:
(45599, 50000)
(8379, 10000)
  2   0  50, 0.161795 [0.116370/22.966501] [   0/0.161795]
  2   0 100, 0.143056 [0.123240/22.932570] [   0/0.143056]
  2   0 150, 0.123458 [0.077354/22.898631] [   0/0.123458]
  2   0 200, 0.139528 [0.148510/22.868344] [  50/0.123458]
  2   0 250, 0.148498 [0.128589/22.839844] [ 100/0.123458]
  2   0 300, 0.133826 [0.157632/22.811972] [ 150/0.123458]
  2   0 350, 0.126834 [0.132456/22.783721] [ 200/0.123458]
Epoch 0 done. Evaluation:
(47672, 50000)
(8678, 10000)
  2   1  50, 0.100901 [0.093377/22.734266] [   0/0.100901]
  2   1 100, 0.098039 [0.129150/22.705995] [   0/0.098039]
  2   1 150, 0.093361 [0.119720/22.678823] [   0/0.093361]
  2   1 200, 0.108861 [0.102791/22.655310] [  50/0.093361]
  2   1 250, 0.118731 [0.110889/22.634209] [ 100/0.093361]
  2   1 300, 0.135700 [0.149481/22.614826] [ 150/0.093361]
  2   1 350, 0.132598 [0.108212/22.595184] [ 200/0.093361]
Epoch 1 done. Evaluation:
(48024, 50000)
(8625, 10000)
  2   2  50, 0.091957 [0.117695/22.559294] [   0/0.091957]
  2   2 100, 0.085608 [0.129180/22.537473] [   0/0.085608]
  2   2 150, 0.110762 [0.107601/22.519564] [  50/0.085608]
  2   2 200, 0.134516 [0.181822/22.509439] [ 100/0.085608]
  2   2 250, 0.135505 [0.232940/22.499149] [ 150/0.085608]
  2   2 300, 0.128413 [0.118139/22.486383] [ 200/0.085608]
  2   2 350, 0.150604 [0.195230/22.476031] [ 250/0.085608]
Epoch 2 done. Evaluation:
(47852, 50000)
(8485, 10000)
  2   3  50, 0.103944 [0.188433/22.451127] [ 341/0.085608]
  2   3 100, 0.109889 [0.160395/22.438830] [ 391/0.085608]
  2   3 150, 0.120388 [0.220528/22.427146] [ 441/0.085608]
  2   3 200, 0.124977 [0.140907/22.417897] [ 491/0.085608]
  2   3 250, 0.121304 [0.102452/22.408458] [ 541/0.085608]
  2   3 300, 0.151364 [0.192983/22.402624] [ 591/0.085608]
  2   3 350, 0.152449 [0.126564/22.392416] [ 641/0.085608]
Epoch 3 done. Evaluation:
(47779, 50000)
(7666, 10000)
  2   4  50, 0.114548 [0.145235/22.375254] [ 732/0.085608]
  2   4 100, 0.119023 [0.174740/22.363828] [ 782/0.085608]
  2   4 150, 0.123424 [0.163855/22.354242] [ 832/0.085608]
  2   4 200, 0.119434 [0.166820/22.343417] [ 882/0.085608]
  2   4 250, 0.147334 [0.235437/22.336250] [ 932/0.085608]
  2   4 300, 0.139469 [0.175684/22.324523] [ 982/0.085608]
  2   4 350, 0.144059 [0.096924/22.316375] [1032/0.085608]
Epoch 4 done. Evaluation:
(47750, 50000)
(7727, 10000)
  2   5  50, 0.109776 [0.133523/22.296379] [1123/0.085608]
  2   5 100, 0.115629 [0.177418/22.286452] [1173/0.085608]
  2   5 150, 0.118038 [0.186855/22.276783] [1223/0.085608]
  2   5 200, 0.129531 [0.184448/22.270726] [1273/0.085608]
  2   5 250, 0.144816 [0.222665/22.267014] [1323/0.085608]
  2   5 300, 0.171034 [0.170347/22.264505] [1373/0.085608]
  2   5 350, 0.143393 [0.148915/22.257649] [1423/0.085608]
Epoch 5 done. Evaluation:
(47673, 50000)
(8211, 10000)
  2   6  50, 0.129739 [0.143075/22.245235] [1514/0.085608]
  2   6 100, 0.119982 [0.238103/22.235964] [1564/0.085608]
  2   6 150, 0.142655 [0.216160/22.230231] [1614/0.085608]
  2   6 200, 0.138044 [0.214184/22.224055] [1664/0.085608]
  2   6 250, 0.136840 [0.188701/22.218708] [1714/0.085608]
  2   6 300, 0.147448 [0.191063/22.215505] [1764/0.085608]
  2   6 350, 0.183288 [0.173557/22.216676] [1814/0.085608]
Epoch 6 done. Evaluation:
(47530, 50000)
(7860, 10000)
  2   7  50, 0.110026 [0.188312/22.198297] [1905/0.085608]
  2   7 100, 0.127651 [0.187278/22.189940] [1955/0.085608]
  2   7 150, 0.139544 [0.177253/22.187332] [2005/0.085608]
  2   7 200, 0.156202 [0.205317/22.184718] [2055/0.085608]
  2   7 250, 0.138314 [0.184105/22.177537] [2105/0.085608]
  2   7 300, 0.147664 [0.158747/22.171924] [2155/0.085608]
  2   7 350, 0.158093 [0.178814/22.167449] [2205/0.085608]
Epoch 7 done. Evaluation:
(47549, 50000)
(8508, 10000)
  2   8  50, 0.119375 [0.142704/22.150534] [2296/0.085608]
  2   8 100, 0.111636 [0.209359/22.139923] [2346/0.085608]
  2   8 150, 0.109506 [0.205518/22.128919] [2396/0.085608]
  2   8 200, 0.158322 [0.154259/22.129678] [2446/0.085608]
  2   8 250, 0.146808 [0.236760/22.128291] [2496/0.085608]
  2   8 300, 0.152158 [0.230821/22.124900] [2546/0.085608]
  2   8 350, 0.162820 [0.202021/22.121850] [2596/0.085608]
Epoch 8 done. Evaluation:
(47573, 50000)
(8022, 10000)
  2   9  50, 0.102606 [0.132658/22.105841] [2687/0.085608]
  2   9 100, 0.135766 [0.214446/22.102568] [2737/0.085608]
  2   9 150, 0.129023 [0.095480/22.093411] [2787/0.085608]
  2   9 200, 0.134896 [0.194455/22.087914] [2837/0.085608]
  2   9 250, 0.156153 [0.159000/22.085526] [2887/0.085608]
  2   9 300, 0.154989 [0.179842/22.083185] [2937/0.085608]
  2   9 350, 0.150626 [0.178626/22.078039] [2987/0.085608]
Epoch 9 done. Evaluation:
(47604, 50000)
(8392, 10000)
  2  10  50, 0.128407 [0.133338/22.067186] [3078/0.085608]
  2  10 100, 0.117453 [0.164600/22.057388] [3128/0.085608]
  2  10 150, 0.126065 [0.149830/22.048697] [3178/0.085608]
  2  10 200, 0.124790 [0.166662/22.043148] [3228/0.085608]
  2  10 250, 0.152249 [0.218003/22.041503] [3278/0.085608]
  2  10 300, 0.167298 [0.226049/22.038803] [3328/0.085608]
  2  10 350, 0.149678 [0.169479/22.033884] [3378/0.085608]
Epoch 10 done. Evaluation:
(47628, 50000)
(8278, 10000)
  2  11  50, 0.114688 [0.214515/22.016150] [3469/0.085608]
  2  11 100, 0.124301 [0.209904/22.005909] [3519/0.085608]
  2  11 150, 0.127729 [0.217656/22.001695] [3569/0.085608]
  2  11 200, 0.151988 [0.202633/21.997933] [3619/0.085608]
  2  11 250, 0.149173 [0.166036/22.000263] [3669/0.085608]
  2  11 300, 0.152196 [0.153245/21.996970] [3719/0.085608]
  2  11 350, 0.160420 [0.175812/21.996794] [3769/0.085608]
Epoch 11 done. Evaluation:
(47547, 50000)
(8299, 10000)
  2  12  50, 0.117850 [0.175416/21.985540] [3860/0.085608]
  2  12 100, 0.119548 [0.105462/21.976897] [3910/0.085608]
  2  12 150, 0.126038 [0.143023/21.968466] [3960/0.085608]
  2  12 200, 0.136832 [0.224206/21.962591] [4010/0.085608]
  2  12 250, 0.150830 [0.178625/21.960725] [4060/0.085608]
  2  12 300, 0.150604 [0.177111/21.957125] [4110/0.085608]
  2  12 350, 0.138100 [0.274855/21.951886] [4160/0.085608]
Epoch 12 done. Evaluation:
(47590, 50000)
(8069, 10000)
  2  13  50, 0.112117 [0.142885/21.935863] [4251/0.085608]
  2  13 100, 0.111644 [0.166787/21.927699] [4301/0.085608]
  2  13 150, 0.134859 [0.279048/21.924848] [4351/0.085608]
  2  13 200, 0.136660 [0.249585/21.918832] [4401/0.085608]
  2  13 250, 0.132273 [0.192655/21.912702] [4451/0.085608]
  2  13 300, 0.155481 [0.257786/21.914536] [4501/0.085608]
  2  13 350, 0.160785 [0.206716/21.914899] [4551/0.085608]
Epoch 13 done. Evaluation:
(47606, 50000)
(8188, 10000)
  2  14  50, 0.120137 [0.171906/21.904220] [4642/0.085608]
  2  14 100, 0.123319 [0.206868/21.896469] [4692/0.085608]
  2  14 150, 0.116925 [0.234793/21.887308] [4742/0.085608]
  2  14 200, 0.143550 [0.255047/21.883195] [4792/0.085608]
  2  14 250, 0.129412 [0.143600/21.872742] [4842/0.085608]
  2  14 300, 0.147273 [0.229809/21.869788] [4892/0.085608]
  2  14 350, 0.152568 [0.225993/21.866411] [4942/0.085608]
Epoch 14 done. Evaluation:
(47578, 50000)
(8171, 10000)
  2  15  50, 0.113192 [0.135061/21.854859] [5033/0.085608]
  2  15 100, 0.107272 [0.204539/21.845382] [5083/0.085608]
  2  15 150, 0.128391 [0.221757/21.842774] [5133/0.085608]
  2  15 200, 0.138173 [0.182013/21.839720] [5183/0.085608]
  2  15 250, 0.130048 [0.163713/21.833883] [5233/0.085608]
  2  15 300, 0.173216 [0.198680/21.839956] [5283/0.085608]
  2  15 350, 0.171235 [0.224124/21.840851] [5333/0.085608]
Epoch 15 done. Evaluation:
(47572, 50000)
(8288, 10000)
  2  16  50, 0.105385 [0.155346/21.823713] [5424/0.085608]
  2  16 100, 0.126230 [0.213410/21.816936] [5474/0.085608]
  2  16 150, 0.129712 [0.114820/21.810061] [5524/0.085608]
  2  16 200, 0.124905 [0.165038/21.803801] [5574/0.085608]
  2  16 250, 0.147385 [0.205827/21.799680] [5624/0.085608]
  2  16 300, 0.153229 [0.230234/21.798321] [5674/0.085608]
  2  16 350, 0.153581 [0.147410/21.796197] [5724/0.085608]
Epoch 16 done. Evaluation:
(47630, 50000)
(8423, 10000)
  2  17  50, 0.105752 [0.208284/21.779784] [5815/0.085608]
  2  17 100, 0.122743 [0.189509/21.772024] [5865/0.085608]
  2  17 150, 0.124897 [0.185630/21.763010] [5915/0.085608]
  2  17 200, 0.145045 [0.203790/21.760273] [5965/0.085608]
  2  17 250, 0.133071 [0.198424/21.753360] [6015/0.085608]
  2  17 300, 0.150538 [0.188316/21.752995] [6065/0.085608]
  2  17 350, 0.146915 [0.136469/21.750290] [6115/0.085608]
Epoch 17 done. Evaluation:
(47722, 50000)
(8053, 10000)
  2  18  50, 0.124179 [0.275995/21.739014] [6206/0.085608]
  2  18 100, 0.122261 [0.181262/21.731193] [6256/0.085608]
  2  18 150, 0.129755 [0.149572/21.724571] [6306/0.085608]
  2  18 200, 0.148152 [0.250833/21.721205] [6356/0.085608]
  2  18 250, 0.146721 [0.146909/21.717001] [6406/0.085608]
  2  18 300, 0.147432 [0.201405/21.714792] [6456/0.085608]
  2  18 350, 0.137960 [0.191492/21.710494] [6506/0.085608]
Epoch 18 done. Evaluation:
(47632, 50000)
(8355, 10000)
  2  19  50, 0.115863 [0.117160/21.698510] [6597/0.085608]
  2  19 100, 0.102361 [0.176395/21.688108] [6647/0.085608]
  2  19 150, 0.140447 [0.187761/21.685283] [6697/0.085608]
  2  19 200, 0.127054 [0.263746/21.678952] [6747/0.085608]
  2  19 250, 0.143885 [0.136357/21.674996] [6797/0.085608]
  2  19 300, 0.164311 [0.175307/21.676244] [6847/0.085608]
  2  19 350, 0.158023 [0.248233/21.673763] [6897/0.085608]
Epoch 19 done. Evaluation:
(47662, 50000)
(8600, 10000)
  3   0  50, 0.072685 [0.034042/21.652470] [   0/0.072685]
  3   0 100, 0.064555 [0.047535/21.636032] [   0/0.064555]
  3   0 150, 0.044632 [0.041939/21.618204] [   0/0.044632]
  3   0 200, 0.049676 [0.066374/21.601249] [  50/0.044632]
  3   0 250, 0.053022 [0.062466/21.584467] [ 100/0.044632]
  3   0 300, 0.048494 [0.057977/21.567840] [ 150/0.044632]
  3   0 350, 0.046562 [0.101823/21.551678] [ 200/0.044632]
Epoch 0 done. Evaluation:
(49153, 50000)
(8917, 10000)
  3   1  50, 0.029563 [0.025934/21.520652] [   0/0.029563]
  3   1 100, 0.030499 [0.072752/21.502963] [  50/0.029563]
  3   1 150, 0.028277 [0.063743/21.485273] [   0/0.028277]
  3   1 200, 0.027441 [0.041146/21.468000] [   0/0.027441]
  3   1 250, 0.027817 [0.018265/21.451117] [  50/0.027441]
  3   1 300, 0.027003 [0.042682/21.434256] [   0/0.027003]
  3   1 350, 0.029676 [0.016510/21.418145] [  50/0.027003]
Epoch 1 done. Evaluation:
(49566, 50000)
(8840, 10000)
  3   2  50, 0.025454 [0.082112/21.389053] [   0/0.025454]
  3   2 100, 0.020990 [0.011859/21.371694] [   0/0.020990]
  3   2 150, 0.027968 [0.040348/21.355458] [  50/0.020990]
  3   2 200, 0.027545 [0.025015/21.339401] [ 100/0.020990]
  3   2 250, 0.031112 [0.057855/21.324676] [ 150/0.020990]
  3   2 300, 0.028272 [0.052147/21.310209] [ 200/0.020990]
  3   2 350, 0.032709 [0.036350/21.296459] [ 250/0.020990]
Epoch 2 done. Evaluation:
(49585, 50000)
(8863, 10000)
  3   3  50, 0.023509 [0.096646/21.269712] [ 341/0.020990]
  3   3 100, 0.023351 [0.029441/21.254240] [ 391/0.020990]
  3   3 150, 0.019355 [0.082006/21.238323] [   0/0.019355]
  3   3 200, 0.025051 [0.075377/21.224213] [  50/0.019355]
  3   3 250, 0.027169 [0.071248/21.210035] [ 100/0.019355]
  3   3 300, 0.021350 [0.103645/21.195298] [ 150/0.019355]
  3   3 350, 0.030684 [0.027854/21.182578] [ 200/0.019355]
Epoch 3 done. Evaluation:
(49618, 50000)
(8839, 10000)
  3   4  50, 0.020391 [0.025254/21.157587] [ 291/0.019355]
  3   4 100, 0.019319 [0.078310/21.142987] [   0/0.019319]
  3   4 150, 0.021582 [0.037234/21.129121] [  50/0.019319]
  3   4 200, 0.023686 [0.037930/21.116011] [ 100/0.019319]
  3   4 250, 0.028444 [0.083409/21.104381] [ 150/0.019319]
  3   4 300, 0.038158 [0.055147/21.094760] [ 200/0.019319]
  3   4 350, 0.035199 [0.051447/21.084713] [ 250/0.019319]
Epoch 4 done. Evaluation:
(49560, 50000)
(8580, 10000)
  3   5  50, 0.025336 [0.064550/21.066516] [ 341/0.019319]
  3   5 100, 0.032220 [0.078079/21.055384] [ 391/0.019319]
  3   5 150, 0.027514 [0.092003/21.044044] [ 441/0.019319]
  3   5 200, 0.032388 [0.052763/21.034123] [ 491/0.019319]
  3   5 250, 0.038637 [0.083990/21.026281] [ 541/0.019319]
  3   5 300, 0.043099 [0.123082/21.018583] [ 591/0.019319]
  3   5 350, 0.061969 [0.068293/21.014869] [ 641/0.019319]
Epoch 5 done. Evaluation:
(49347, 50000)
(8607, 10000)
  3   6  50, 0.049106 [0.128785/21.002442] [ 732/0.019319]
  3   6 100, 0.043014 [0.095536/20.994700] [ 782/0.019319]
  3   6 150, 0.053455 [0.085257/20.989272] [ 832/0.019319]
  3   6 200, 0.055500 [0.076502/20.984123] [ 882/0.019319]
  3   6 250, 0.054334 [0.090857/20.978223] [ 932/0.019319]
  3   6 300, 0.074329 [0.135527/20.976139] [ 982/0.019319]
  3   6 350, 0.066574 [0.117920/20.972911] [1032/0.019319]
Epoch 6 done. Evaluation:
(49024, 50000)
(8652, 10000)
  3   7  50, 0.046208 [0.099424/20.962254] [1123/0.019319]
  3   7 100, 0.043417 [0.087604/20.954863] [1173/0.019319]
  3   7 150, 0.057078 [0.106154/20.949326] [1223/0.019319]
  3   7 200, 0.053434 [0.079026/20.943417] [1273/0.019319]
  3   7 250, 0.055264 [0.090124/20.937970] [1323/0.019319]
  3   7 300, 0.059313 [0.132021/20.933378] [1373/0.019319]
  3   7 350, 0.072026 [0.145012/20.931033] [1423/0.019319]
Epoch 7 done. Evaluation:
(49063, 50000)
(8682, 10000)
  3   8  50, 0.044680 [0.126040/20.918062] [1514/0.019319]
  3   8 100, 0.034829 [0.091422/20.908797] [1564/0.019319]
  3   8 150, 0.037719 [0.086345/20.900501] [1614/0.019319]
  3   8 200, 0.052128 [0.052628/20.895546] [1664/0.019319]
  3   8 250, 0.055223 [0.113056/20.890801] [1714/0.019319]
  3   8 300, 0.067367 [0.117270/20.888885] [1764/0.019319]
  3   8 350, 0.070456 [0.138095/20.887615] [1814/0.019319]
Epoch 8 done. Evaluation:
(49094, 50000)
(8227, 10000)
  3   9  50, 0.061781 [0.064120/20.883027] [1905/0.019319]
  3   9 100, 0.060540 [0.111031/20.879468] [1955/0.019319]
  3   9 150, 0.061821 [0.076516/20.874989] [2005/0.019319]
  3   9 200, 0.061157 [0.073351/20.869744] [2055/0.019319]
  3   9 250, 0.073401 [0.086760/20.867730] [2105/0.019319]
  3   9 300, 0.089026 [0.103077/20.867234] [2155/0.019319]
  3   9 350, 0.076483 [0.132601/20.864463] [2205/0.019319]
Epoch 9 done. Evaluation:
(48847, 50000)
(8571, 10000)
  3  10  50, 0.045568 [0.089747/20.853613] [2296/0.019319]
  3  10 100, 0.044950 [0.048757/20.845702] [2346/0.019319]
  3  10 150, 0.048947 [0.063681/20.839639] [2396/0.019319]
  3  10 200, 0.054055 [0.148662/20.834415] [2446/0.019319]
  3  10 250, 0.061431 [0.128728/20.831431] [2496/0.019319]
  3  10 300, 0.065939 [0.099138/20.826702] [2546/0.019319]
  3  10 350, 0.060007 [0.137762/20.821583] [2596/0.019319]
Epoch 10 done. Evaluation:
(49050, 50000)
(8337, 10000)
  3  11  50, 0.060996 [0.135316/20.817993] [2687/0.019319]
  3  11 100, 0.062770 [0.149670/20.813957] [2737/0.019319]
  3  11 150, 0.067364 [0.135337/20.811377] [2787/0.019319]
  3  11 200, 0.069817 [0.131579/20.808849] [2837/0.019319]
  3  11 250, 0.080277 [0.092647/20.806879] [2887/0.019319]
  3  11 300, 0.062674 [0.056066/20.803005] [2937/0.019319]
  3  11 350, 0.072900 [0.096307/20.801126] [2987/0.019319]
Epoch 11 done. Evaluation:
(48790, 50000)
(8543, 10000)
  3  12  50, 0.058571 [0.100278/20.795736] [3078/0.019319]
  3  12 100, 0.054273 [0.073439/20.790513] [3128/0.019319]
  3  12 150, 0.053287 [0.076599/20.785212] [3178/0.019319]
  3  12 200, 0.059306 [0.076438/20.780687] [3228/0.019319]
  3  12 250, 0.065064 [0.093819/20.776916] [3278/0.019319]
  3  12 300, 0.080127 [0.106488/20.775627] [3328/0.019319]
  3  12 350, 0.074312 [0.032298/20.773578] [3378/0.019319]
Epoch 12 done. Evaluation:
(48931, 50000)
(8716, 10000)
  3  13  50, 0.049420 [0.106389/20.764166] [3469/0.019319]
  3  13 100, 0.050259 [0.119550/20.758309] [3519/0.019319]
  3  13 150, 0.060229 [0.145567/20.754175] [3569/0.019319]
  3  13 200, 0.065343 [0.129664/20.751586] [3619/0.019319]
  3  13 250, 0.059348 [0.034142/20.746676] [3669/0.019319]
  3  13 300, 0.073758 [0.131853/20.745661] [3719/0.019319]
  3  13 350, 0.069283 [0.094970/20.743017] [3769/0.019319]
Epoch 13 done. Evaluation:
(48923, 50000)
(8591, 10000)
  3  14  50, 0.046241 [0.093224/20.734746] [3860/0.019319]
  3  14 100, 0.063963 [0.072513/20.731521] [3910/0.019319]
  3  14 150, 0.053530 [0.064830/20.726260] [3960/0.019319]
  3  14 200, 0.067330 [0.092808/20.723520] [4010/0.019319]
  3  14 250, 0.058549 [0.156607/20.718509] [4060/0.019319]
  3  14 300, 0.060509 [0.127690/20.714605] [4110/0.019319]
  3  14 350, 0.078765 [0.056842/20.713406] [4160/0.019319]
Epoch 14 done. Evaluation:
(48971, 50000)
(8622, 10000)
  3  15  50, 0.052100 [0.105700/20.704505] [4251/0.019319]
  3  15 100, 0.059525 [0.070736/20.701261] [4301/0.019319]
  3  15 150, 0.070529 [0.088103/20.699752] [4351/0.019319]
  3  15 200, 0.063343 [0.133818/20.695980] [4401/0.019319]
  3  15 250, 0.069186 [0.107402/20.693544] [4451/0.019319]
  3  15 300, 0.077427 [0.076903/20.692703] [4501/0.019319]
  3  15 350, 0.078913 [0.077458/20.691119] [4551/0.019319]
Epoch 15 done. Evaluation:
(48854, 50000)
(8690, 10000)
  3  16  50, 0.047621 [0.055171/20.681184] [4642/0.019319]
  3  16 100, 0.054741 [0.126847/20.676175] [4692/0.019319]
  3  16 150, 0.060225 [0.119809/20.673166] [4742/0.019319]
  3  16 200, 0.065672 [0.121746/20.671469] [4792/0.019319]
  3  16 250, 0.076058 [0.093043/20.670969] [4842/0.019319]
  3  16 300, 0.072544 [0.134797/20.668260] [4892/0.019319]
  3  16 350, 0.072526 [0.115590/20.665416] [4942/0.019319]
Epoch 16 done. Evaluation:
(48880, 50000)
(8622, 10000)
  3  17  50, 0.051804 [0.059546/20.658083] [5033/0.019319]
  3  17 100, 0.058102 [0.085048/20.653561] [5083/0.019319]
  3  17 150, 0.057954 [0.127363/20.649411] [5133/0.019319]
  3  17 200, 0.066903 [0.091088/20.645259] [5183/0.019319]
  3  17 250, 0.072209 [0.117609/20.643913] [5233/0.019319]
  3  17 300, 0.064356 [0.085341/20.639886] [5283/0.019319]
  3  17 350, 0.065162 [0.123540/20.636538] [5333/0.019319]
Epoch 17 done. Evaluation:
(48933, 50000)
(8564, 10000)
  3  18  50, 0.052713 [0.073790/20.627912] [5424/0.019319]
  3  18 100, 0.058398 [0.139544/20.622605] [5474/0.019319]
  3  18 150, 0.049672 [0.124638/20.616497] [5524/0.019319]
  3  18 200, 0.051170 [0.154407/20.611848] [5574/0.019319]
  3  18 250, 0.056384 [0.078189/20.607934] [5624/0.019319]
  3  18 300, 0.059299 [0.130557/20.607091] [5674/0.019319]
  3  18 350, 0.084030 [0.106587/20.607757] [5724/0.019319]
Epoch 18 done. Evaluation:
(48950, 50000)
(8492, 10000)
  3  19  50, 0.063400 [0.099746/20.603794] [5815/0.019319]
  3  19 100, 0.055548 [0.088349/20.598713] [5865/0.019319]
  3  19 150, 0.080662 [0.098878/20.597094] [5915/0.019319]
  3  19 200, 0.070610 [0.082202/20.594558] [5965/0.019319]
  3  19 250, 0.074366 [0.159193/20.593611] [6015/0.019319]
  3  19 300, 0.076721 [0.069992/20.591454] [6065/0.019319]
  3  19 350, 0.069874 [0.127924/20.589580] [6115/0.019319]
Epoch 19 done. Evaluation:
(48724, 50000)
(8596, 10000)
  4   0  50, 0.040805 [0.045318/20.584051] [6206/0.019319]
  4   0 100, 0.029812 [0.016485/20.577236] [6256/0.019319]
  4   0 150, 0.026419 [0.013332/20.570133] [6306/0.019319]
  4   0 200, 0.021932 [0.032705/20.562979] [6356/0.019319]
  4   0 250, 0.022686 [0.030226/20.555759] [6406/0.019319]
  4   0 300, 0.017841 [0.027653/20.548368] [   0/0.017841]
  4   0 350, 0.019488 [0.004425/20.541041] [  50/0.017841]
Epoch 0 done. Evaluation:
(49624, 50000)
(8920, 10000)
  4   1  50, 0.011558 [0.011178/20.527410] [   0/0.011558]
  4   1 100, 0.015692 [0.006026/20.519846] [  50/0.011558]
  4   1 150, 0.009100 [0.003162/20.512064] [   0/0.009100]
  4   1 200, 0.009968 [0.038892/20.504395] [  50/0.009100]
  4   1 250, 0.011818 [0.010507/20.496941] [ 100/0.009100]
  4   1 300, 0.013372 [0.032617/20.489535] [ 150/0.009100]
  4   1 350, 0.010051 [0.015874/20.482078] [ 200/0.009100]
Epoch 1 done. Evaluation:
(49849, 50000)
(9000, 10000)
  4   2  50, 0.008300 [0.022773/20.468098] [   0/0.008300]
  4   2 100, 0.008770 [0.001714/20.460486] [  50/0.008300]
  4   2 150, 0.006517 [0.020793/20.452726] [   0/0.006517]
  4   2 200, 0.007616 [0.003736/20.445163] [  50/0.006517]
  4   2 250, 0.006481 [0.001292/20.437525] [   0/0.006481]
  4   2 300, 0.008207 [0.024114/20.430020] [  50/0.006481]
  4   2 350, 0.008622 [0.053256/20.422630] [ 100/0.006481]
Epoch 2 done. Evaluation:
(49905, 50000)
(9025, 10000)
  4   3  50, 0.004826 [0.005339/20.408890] [   0/0.004826]
  4   3 100, 0.003942 [0.001107/20.401112] [   0/0.003942]
  4   3 150, 0.004213 [0.000926/20.393394] [  50/0.003942]
  4   3 200, 0.004987 [0.019990/20.385786] [ 100/0.003942]
  4   3 250, 0.005178 [0.011247/20.378245] [ 150/0.003942]
  4   3 300, 0.004211 [0.005044/20.370679] [ 200/0.003942]
  4   3 350, 0.004848 [0.010468/20.363192] [ 250/0.003942]
Epoch 3 done. Evaluation:
(49963, 50000)
(9018, 10000)
  4   4  50, 0.003389 [0.002971/20.349353] [   0/0.003389]
  4   4 100, 0.003017 [0.009503/20.341700] [   0/0.003017]
  4   4 150, 0.003669 [0.019685/20.334216] [  50/0.003017]
  4   4 200, 0.003015 [0.024247/20.326629] [   0/0.003015]
  4   4 250, 0.003830 [0.001758/20.319152] [  50/0.003015]
  4   4 300, 0.002883 [0.012801/20.311641] [   0/0.002883]
  4   4 350, 0.002803 [0.000790/20.304134] [   0/0.002803]
Epoch 4 done. Evaluation:
(49982, 50000)
(9040, 10000)
  4   5  50, 0.001921 [0.002684/20.290493] [   0/0.001921]
  4   5 100, 0.001849 [0.003744/20.282964] [   0/0.001849]
  4   5 150, 0.002743 [0.002126/20.275568] [  50/0.001849]
  4   5 200, 0.001862 [0.001490/20.268071] [ 100/0.001849]
  4   5 250, 0.002763 [0.005726/20.260810] [ 150/0.001849]
  4   5 300, 0.003048 [0.002933/20.253418] [ 200/0.001849]
  4   5 350, 0.002069 [0.000662/20.246050] [ 250/0.001849]
Epoch 5 done. Evaluation:
(49987, 50000)
(9029, 10000)
  4   6  50, 0.001503 [0.002168/20.232703] [   0/0.001503]
  4   6 100, 0.002314 [0.012701/20.225370] [  50/0.001503]
  4   6 150, 0.001735 [0.001737/20.218069] [ 100/0.001503]
  4   6 200, 0.001468 [0.000763/20.210750] [   0/0.001468]
  4   6 250, 0.001966 [0.009164/20.203536] [  50/0.001468]
  4   6 300, 0.001955 [0.000606/20.196350] [ 100/0.001468]
  4   6 350, 0.001527 [0.004055/20.189120] [ 150/0.001468]
Epoch 6 done. Evaluation:
(49993, 50000)
(9061, 10000)
  4   7  50, 0.001380 [0.000699/20.176011] [   0/0.001380]
  4   7 100, 0.001229 [0.000822/20.168813] [   0/0.001229]
  4   7 150, 0.001276 [0.000745/20.161651] [  50/0.001229]
  4   7 200, 0.001187 [0.001826/20.154513] [   0/0.001187]
  4   7 250, 0.001659 [0.003601/20.147535] [  50/0.001187]
  4   7 300, 0.001349 [0.008673/20.140467] [ 100/0.001187]
  4   7 350, 0.001626 [0.002426/20.133466] [ 150/0.001187]
Epoch 7 done. Evaluation:
(49998, 50000)
(9069, 10000)
  4   8  50, 0.001122 [0.001843/20.120669] [   0/0.001122]
  4   8 100, 0.001337 [0.000632/20.113710] [  50/0.001122]
  4   8 150, 0.001260 [0.001201/20.106757] [ 100/0.001122]
  4   8 200, 0.001067 [0.003514/20.099807] [   0/0.001067]
  4   8 250, 0.000980 [0.001977/20.092867] [   0/0.000980]
  4   8 300, 0.001038 [0.001624/20.085959] [  50/0.000980]
  4   8 350, 0.001009 [0.000949/20.079072] [ 100/0.000980]
Epoch 8 done. Evaluation:
(49999, 50000)
(9069, 10000)
  4   9  50, 0.000879 [0.001181/20.066601] [   0/0.000879]
  4   9 100, 0.000889 [0.003222/20.059775] [  50/0.000879]
  4   9 150, 0.001058 [0.000813/20.052991] [ 100/0.000879]
  4   9 200, 0.001946 [0.000444/20.046363] [ 150/0.000879]
  4   9 250, 0.001287 [0.000737/20.039687] [ 200/0.000879]
  4   9 300, 0.001035 [0.001836/20.032983] [ 250/0.000879]
  4   9 350, 0.000937 [0.000774/20.026288] [ 300/0.000879]
Epoch 9 done. Evaluation:
(49997, 50000)
(9071, 10000)
  4  10  50, 0.000838 [0.004469/20.014159] [   0/0.000838]
  4  10 100, 0.000972 [0.002305/20.007533] [  50/0.000838]
  4  10 150, 0.001113 [0.000765/20.000993] [ 100/0.000838]
  4  10 200, 0.000938 [0.000823/19.994414] [ 150/0.000838]
  4  10 250, 0.000850 [0.000754/19.987847] [ 200/0.000838]
  4  10 300, 0.000804 [0.001092/19.981291] [   0/0.000804]
  4  10 350, 0.001046 [0.001567/19.974845] [  50/0.000804]
Epoch 10 done. Evaluation:
(49998, 50000)
(9058, 10000)
  4  11  50, 0.001015 [0.003718/19.963095] [ 141/0.000804]
  4  11 100, 0.000822 [0.000524/19.956629] [ 191/0.000804]
  4  11 150, 0.000816 [0.000546/19.950191] [ 241/0.000804]
  4  11 200, 0.000710 [0.000803/19.943761] [   0/0.000710]
  4  11 250, 0.000815 [0.004960/19.937373] [  50/0.000710]
  4  11 300, 0.000788 [0.002041/19.931001] [ 100/0.000710]
  4  11 350, 0.000773 [0.000819/19.924647] [ 150/0.000710]
Epoch 11 done. Evaluation:
(50000, 50000)
(9074, 10000)
  4  12  50, 0.000729 [0.000647/19.913128] [ 241/0.000710]
  4  12 100, 0.000765 [0.001276/19.906834] [ 291/0.000710]
  4  12 150, 0.000819 [0.000940/19.900572] [ 341/0.000710]
  4  12 200, 0.000736 [0.000770/19.894323] [ 391/0.000710]
  4  12 250, 0.000798 [0.000494/19.888106] [ 441/0.000710]
  4  12 300, 0.000758 [0.001101/19.881901] [ 491/0.000710]
  4  12 350, 0.000717 [0.001790/19.875714] [ 541/0.000710]
Epoch 12 done. Evaluation:
(50000, 50000)
(9072, 10000)
  4  13  50, 0.000740 [0.000761/19.864516] [ 632/0.000710]
  4  13 100, 0.000905 [0.000494/19.858444] [ 682/0.000710]
  4  13 150, 0.000756 [0.000785/19.852348] [ 732/0.000710]
  4  13 200, 0.000726 [0.000587/19.846269] [ 782/0.000710]
  4  13 250, 0.000727 [0.000946/19.840213] [ 832/0.000710]
  4  13 300, 0.000773 [0.000706/19.834193] [ 882/0.000710]
  4  13 350, 0.000737 [0.000990/19.828180] [ 932/0.000710]
Epoch 13 done. Evaluation:
(49999, 50000)
(9069, 10000)
  4  14  50, 0.000676 [0.000538/19.817285] [   0/0.000676]
  4  14 100, 0.000860 [0.003305/19.811348] [  50/0.000676]
  4  14 150, 0.000673 [0.000646/19.805405] [   0/0.000673]
  4  14 200, 0.000622 [0.003675/19.799470] [   0/0.000622]
  4  14 250, 0.000670 [0.000877/19.793570] [  50/0.000622]
  4  14 300, 0.000689 [0.000651/19.787690] [ 100/0.000622]
  4  14 350, 0.000780 [0.001731/19.781856] [ 150/0.000622]
Epoch 14 done. Evaluation:
(49999, 50000)
(9061, 10000)
  4  15  50, 0.000630 [0.000987/19.771224] [ 241/0.000622]
  4  15 100, 0.000825 [0.000521/19.765457] [ 291/0.000622]
  4  15 150, 0.000619 [0.000509/19.759659] [   0/0.000619]
  4  15 200, 0.000705 [0.000638/19.753900] [  50/0.000619]
  4  15 250, 0.000681 [0.000890/19.748160] [ 100/0.000619]
  4  15 300, 0.000723 [0.000445/19.742461] [ 150/0.000619]
  4  15 350, 0.000621 [0.000420/19.736752] [ 200/0.000619]
Epoch 15 done. Evaluation:
(50000, 50000)
(9075, 10000)
  4  16  50, 0.000695 [0.000393/19.726440] [ 291/0.000619]
  4  16 100, 0.000721 [0.000504/19.720811] [ 341/0.000619]
  4  16 150, 0.000634 [0.000409/19.715174] [ 391/0.000619]
  4  16 200, 0.000617 [0.000486/19.709550] [   0/0.000617]
  4  16 250, 0.000666 [0.000660/19.703960] [  50/0.000617]
  4  16 300, 0.000555 [0.001090/19.698362] [   0/0.000555]
  4  16 350, 0.000632 [0.000494/19.692804] [  50/0.000555]
Epoch 16 done. Evaluation:
(50000, 50000)
(9067, 10000)
  4  17  50, 0.000559 [0.000638/19.682709] [ 141/0.000555]
  4  17 100, 0.000574 [0.000634/19.677190] [ 191/0.000555]
  4  17 150, 0.000514 [0.000599/19.671672] [   0/0.000514]
  4  17 200, 0.000626 [0.002486/19.666204] [  50/0.000514]
  4  17 250, 0.000516 [0.000771/19.660726] [ 100/0.000514]
  4  17 300, 0.000608 [0.000440/19.655285] [ 150/0.000514]
  4  17 350, 0.000594 [0.000727/19.649867] [ 200/0.000514]
Epoch 17 done. Evaluation:
(50000, 50000)
(9078, 10000)
  4  18  50, 0.000585 [0.000437/19.640038] [ 291/0.000514]
  4  18 100, 0.000571 [0.000462/19.634663] [ 341/0.000514]
  4  18 150, 0.000572 [0.000509/19.629309] [ 391/0.000514]
  4  18 200, 0.000591 [0.000433/19.623982] [ 441/0.000514]
  4  18 250, 0.000585 [0.000460/19.618659] [ 491/0.000514]
  4  18 300, 0.000563 [0.000356/19.613358] [ 541/0.000514]
  4  18 350, 0.000633 [0.001662/19.608089] [ 591/0.000514]
Epoch 18 done. Evaluation:
(50000, 50000)
(9082, 10000)
  4  19  50, 0.000587 [0.001777/19.598520] [ 682/0.000514]
  4  19 100, 0.000556 [0.000362/19.593283] [ 732/0.000514]
  4  19 150, 0.000584 [0.000469/19.588072] [ 782/0.000514]
  4  19 200, 0.000567 [0.000479/19.582875] [ 832/0.000514]
  4  19 250, 0.000535 [0.000763/19.577684] [ 882/0.000514]
  4  19 300, 0.000606 [0.001154/19.572528] [ 932/0.000514]
  4  19 350, 0.000601 [0.004030/19.567393] [ 982/0.000514]
Epoch 19 done. Evaluation:
(50000, 50000)
(9091, 10000)
  5   0  50, 0.000536 [0.000329/19.560629] [1073/0.000514]
  5   0 100, 0.000612 [0.000533/19.558076] [1123/0.000514]
  5   0 150, 0.000591 [0.000198/19.555526] [1173/0.000514]
  5   0 200, 0.000577 [0.000224/19.552978] [1223/0.000514]
  5   0 250, 0.000544 [0.000246/19.550429] [1273/0.000514]
  5   0 300, 0.000615 [0.004079/19.547894] [1323/0.000514]
  5   0 350, 0.000572 [0.000376/19.545357] [1373/0.000514]
Epoch 0 done. Evaluation:
(50000, 50000)
(9084, 10000)
  5   1  50, 0.000562 [0.000333/19.540755] [1464/0.000514]
  5   1 100, 0.000578 [0.000541/19.538236] [1514/0.000514]
  5   1 150, 0.000556 [0.000187/19.535716] [1564/0.000514]
  5   1 200, 0.000525 [0.000474/19.533195] [1614/0.000514]
  5   1 250, 0.000643 [0.000311/19.530696] [1664/0.000514]
  5   1 300, 0.000587 [0.000196/19.528191] [1714/0.000514]
  5   1 350, 0.000570 [0.000429/19.525688] [1764/0.000514]
Epoch 1 done. Evaluation:
(50000, 50000)
(9088, 10000)
  5   2  50, 0.000583 [0.000240/19.521149] [1855/0.000514]
  5   2 100, 0.000538 [0.000225/19.518653] [1905/0.000514]
  5   2 150, 0.000624 [0.000245/19.516172] [1955/0.000514]
  5   2 200, 0.000588 [0.000387/19.513691] [2005/0.000514]
  5   2 250, 0.000526 [0.000240/19.511208] [2055/0.000514]
  5   2 300, 0.000577 [0.000590/19.508735] [2105/0.000514]
  5   2 350, 0.000610 [0.000289/19.506268] [2155/0.000514]
Epoch 2 done. Evaluation:
(50000, 50000)
(9089, 10000)
  5   3  50, 0.000585 [0.000650/19.501785] [2246/0.000514]
  5   3 100, 0.000573 [0.000523/19.499327] [2296/0.000514]
  5   3 150, 0.000587 [0.000347/19.496877] [2346/0.000514]
  5   3 200, 0.000537 [0.000257/19.494423] [2396/0.000514]
  5   3 250, 0.000598 [0.000443/19.491980] [2446/0.000514]
  5   3 300, 0.000573 [0.000292/19.489539] [2496/0.000514]
  5   3 350, 0.000564 [0.000339/19.487101] [2546/0.000514]
Epoch 3 done. Evaluation:
(50000, 50000)
(9097, 10000)
  5   4  50, 0.000624 [0.000278/19.482681] [2637/0.000514]
  5   4 100, 0.000575 [0.000283/19.480255] [2687/0.000514]
  5   4 150, 0.000564 [0.000182/19.477829] [2737/0.000514]
  5   4 200, 0.000576 [0.000258/19.475409] [2787/0.000514]
  5   4 250, 0.000626 [0.000511/19.473002] [2837/0.000514]
  5   4 300, 0.000592 [0.000254/19.470597] [2887/0.000514]
  5   4 350, 0.000609 [0.000333/19.468195] [2937/0.000514]
Epoch 4 done. Evaluation:
(50000, 50000)
(9093, 10000)
  5   5  50, 0.000529 [0.000448/19.463816] [3028/0.000514]
  5   5 100, 0.000548 [0.000192/19.461417] [3078/0.000514]
  5   5 150, 0.000550 [0.000228/19.459019] [3128/0.000514]
  5   5 200, 0.000575 [0.000378/19.456631] [3178/0.000514]
  5   5 250, 0.000589 [0.000458/19.454247] [3228/0.000514]
  5   5 300, 0.000580 [0.000420/19.451867] [3278/0.000514]
  5   5 350, 0.000534 [0.000396/19.449486] [3328/0.000514]
Epoch 5 done. Evaluation:
(50000, 50000)
(9084, 10000)
  5   6  50, 0.000561 [0.000382/19.445161] [3419/0.000514]
  5   6 100, 0.000562 [0.000196/19.442793] [3469/0.000514]
  5   6 150, 0.000601 [0.000264/19.440430] [3519/0.000514]
  5   6 200, 0.000583 [0.000234/19.438072] [3569/0.000514]
  5   6 250, 0.000584 [0.000215/19.435719] [3619/0.000514]
  5   6 300, 0.000545 [0.000237/19.433365] [3669/0.000514]
  5   6 350, 0.000580 [0.000658/19.431016] [3719/0.000514]
Epoch 6 done. Evaluation:
(50000, 50000)
(9085, 10000)
  5   7  50, 0.000608 [0.000212/19.426771] [3810/0.000514]
  5   7 100, 0.000569 [0.000858/19.424430] [3860/0.000514]
  5   7 150, 0.000533 [0.000262/19.422087] [3910/0.000514]
  5   7 200, 0.000589 [0.000279/19.419761] [3960/0.000514]
  5   7 250, 0.000590 [0.000233/19.417438] [4010/0.000514]
  5   7 300, 0.000578 [0.000780/19.415118] [4060/0.000514]
  5   7 350, 0.000602 [0.000481/19.412803] [4110/0.000514]
Epoch 7 done. Evaluation:
(50000, 50000)
(9089, 10000)
  5   8  50, 0.000544 [0.000275/19.408590] [4201/0.000514]
  5   8 100, 0.000606 [0.000768/19.406280] [4251/0.000514]
  5   8 150, 0.000591 [0.000230/19.403977] [4301/0.000514]
  5   8 200, 0.000575 [0.000181/19.401674] [4351/0.000514]
  5   8 250, 0.000595 [0.000311/19.399379] [4401/0.000514]
  5   8 300, 0.000628 [0.000499/19.397095] [4451/0.000514]
  5   8 350, 0.000588 [0.000289/19.394808] [4501/0.000514]
Epoch 8 done. Evaluation:
(50000, 50000)
(9097, 10000)
  5   9  50, 0.000580 [0.000397/19.390659] [4592/0.000514]
  5   9 100, 0.000625 [0.000229/19.388385] [4642/0.000514]
  5   9 150, 0.000602 [0.000319/19.386113] [4692/0.000514]
  5   9 200, 0.000614 [0.000477/19.383845] [4742/0.000514]
  5   9 250, 0.000554 [0.000303/19.381571] [4792/0.000514]
  5   9 300, 0.000584 [0.000406/19.379309] [4842/0.000514]
  5   9 350, 0.000574 [0.000595/19.377048] [4892/0.000514]
Epoch 9 done. Evaluation:
(50000, 50000)
(9082, 10000)
  5  10  50, 0.000574 [0.000312/19.372941] [4983/0.000514]
  5  10 100, 0.000573 [0.000237/19.370687] [5033/0.000514]
  5  10 150, 0.000627 [0.000364/19.368443] [5083/0.000514]
  5  10 200, 0.000575 [0.000249/19.366197] [5133/0.000514]
  5  10 250, 0.000549 [0.000188/19.363947] [5183/0.000514]
  5  10 300, 0.000617 [0.000304/19.361715] [5233/0.000514]
  5  10 350, 0.000560 [0.000242/19.359477] [5283/0.000514]
Epoch 10 done. Evaluation:
(50000, 50000)
(9088, 10000)
  5  11  50, 0.000612 [0.000339/19.355427] [5374/0.000514]
  5  11 100, 0.000586 [0.000485/19.353205] [5424/0.000514]
  5  11 150, 0.000683 [0.000555/19.351003] [5474/0.000514]
  5  11 200, 0.000682 [0.001731/19.348801] [5524/0.000514]
  5  11 250, 0.000585 [0.000308/19.346587] [5574/0.000514]
  5  11 300, 0.000558 [0.000328/19.344371] [5624/0.000514]
  5  11 350, 0.000637 [0.000332/19.342168] [5674/0.000514]
Epoch 11 done. Evaluation:
(50000, 50000)
(9096, 10000)
  5  12  50, 0.000595 [0.000569/19.338161] [5765/0.000514]
  5  12 100, 0.000541 [0.000620/19.335954] [5815/0.000514]
  5  12 150, 0.000612 [0.000631/19.333762] [5865/0.000514]
  5  12 200, 0.000583 [0.000217/19.331568] [5915/0.000514]
  5  12 250, 0.000658 [0.000246/19.329394] [5965/0.000514]
  5  12 300, 0.000609 [0.000364/19.327214] [6015/0.000514]
  5  12 350, 0.000594 [0.000651/19.325037] [6065/0.000514]
Epoch 12 done. Evaluation:
(50000, 50000)
(9087, 10000)
  5  13  50, 0.000577 [0.000238/19.321073] [6156/0.000514]
  5  13 100, 0.000670 [0.000257/19.318918] [6206/0.000514]
  5  13 150, 0.000654 [0.000380/19.316755] [6256/0.000514]
  5  13 200, 0.000674 [0.000277/19.314600] [6306/0.000514]
  5  13 250, 0.000637 [0.000216/19.312441] [6356/0.000514]
  5  13 300, 0.000630 [0.000919/19.310292] [6406/0.000514]
  5  13 350, 0.000605 [0.000256/19.308140] [6456/0.000514]
Epoch 13 done. Evaluation:
(50000, 50000)
(9092, 10000)
  5  14  50, 0.000580 [0.000379/19.304234] [6547/0.000514]
  5  14 100, 0.000600 [0.000283/19.302089] [6597/0.000514]
  5  14 150, 0.000713 [0.000306/19.299958] [6647/0.000514]
  5  14 200, 0.000589 [0.000271/19.297817] [6697/0.000514]
  5  14 250, 0.000606 [0.000382/19.295683] [6747/0.000514]
  5  14 300, 0.000650 [0.000340/19.293560] [6797/0.000514]
  5  14 350, 0.000607 [0.000391/19.291429] [6847/0.000514]
Epoch 14 done. Evaluation:
(50000, 50000)
(9095, 10000)
  5  15  50, 0.000591 [0.000469/19.287570] [6938/0.000514]
  5  15 100, 0.000617 [0.000599/19.285452] [6988/0.000514]
  5  15 150, 0.000697 [0.000689/19.283356] [7038/0.000514]
  5  15 200, 0.000659 [0.000240/19.281253] [7088/0.000514]
  5  15 250, 0.000657 [0.000557/19.279153] [7138/0.000514]
  5  15 300, 0.000635 [0.000396/19.277052] [7188/0.000514]
  5  15 350, 0.000623 [0.000400/19.274949] [7238/0.000514]
Epoch 15 done. Evaluation:
(50000, 50000)
(9091, 10000)
  5  16  50, 0.000641 [0.000239/19.271131] [7329/0.000514]
  5  16 100, 0.000683 [0.000215/19.269044] [7379/0.000514]
  5  16 150, 0.000614 [0.001260/19.266954] [7429/0.000514]
  5  16 200, 0.000604 [0.000235/19.264863] [7479/0.000514]
  5  16 250, 0.000634 [0.000728/19.262781] [7529/0.000514]
  5  16 300, 0.000591 [0.000283/19.260695] [7579/0.000514]
  5  16 350, 0.000632 [0.000234/19.258620] [7629/0.000514]
Epoch 16 done. Evaluation:
(50000, 50000)
(9111, 10000)
  5  17  50, 0.000625 [0.000201/19.254855] [7720/0.000514]
  5  17 100, 0.000679 [0.000730/19.252794] [7770/0.000514]
  5  17 150, 0.000600 [0.000774/19.250727] [7820/0.000514]
  5  17 200, 0.000639 [0.000279/19.248668] [7870/0.000514]
  5  17 250, 0.000628 [0.000185/19.246610] [7920/0.000514]
  5  17 300, 0.000604 [0.000373/19.244549] [7970/0.000514]
  5  17 350, 0.000628 [0.000517/19.242500] [8020/0.000514]
Epoch 17 done. Evaluation:
(50000, 50000)
(9094, 10000)
  5  18  50, 0.000679 [0.000233/19.238778] [8111/0.000514]
  5  18 100, 0.000674 [0.000257/19.236742] [8161/0.000514]
  5  18 150, 0.000686 [0.000809/19.234717] [8211/0.000514]
  5  18 200, 0.000627 [0.000274/19.232677] [8261/0.000514]
  5  18 250, 0.000626 [0.000409/19.230639] [8311/0.000514]
  5  18 300, 0.000614 [0.000211/19.228601] [8361/0.000514]
  5  18 350, 0.000635 [0.000375/19.226570] [8411/0.000514]
Epoch 18 done. Evaluation:
(50000, 50000)
(9105, 10000)
  5  19  50, 0.000663 [0.000467/19.222893] [8502/0.000514]
  5  19 100, 0.000615 [0.000712/19.220868] [8552/0.000514]
  5  19 150, 0.000666 [0.000269/19.218857] [8602/0.000514]
  5  19 200, 0.000667 [0.000229/19.216851] [8652/0.000514]
  5  19 250, 0.000665 [0.000814/19.214846] [8702/0.000514]
  5  19 300, 0.000664 [0.000288/19.212842] [8752/0.000514]
  5  19 350, 0.000692 [0.000629/19.210842] [8802/0.000514]
Epoch 19 done. Evaluation:
(50000, 50000)
(9103, 10000)
  6   0  50, 0.000692 [0.000159/19.208207] [8893/0.000514]
  6   0 100, 0.000642 [0.000372/19.207209] [8943/0.000514]
  6   0 150, 0.000680 [0.000157/19.206213] [8993/0.000514]
  6   0 200, 0.000659 [0.000208/19.205215] [9043/0.000514]
  6   0 250, 0.000674 [0.000173/19.204220] [9093/0.000514]
  6   0 300, 0.000670 [0.000172/19.203225] [9143/0.000514]
  6   0 350, 0.000721 [0.000161/19.202238] [9193/0.000514]
Epoch 0 done. Evaluation:
(50000, 50000)
(9102, 10000)
  6   1  50, 0.000604 [0.000139/19.200424] [9284/0.000514]
  6   1 100, 0.000621 [0.000182/19.199428] [9334/0.000514]
  6   1 150, 0.000649 [0.000325/19.198435] [9384/0.000514]
  6   1 200, 0.000623 [0.000221/19.197438] [9434/0.000514]
  6   1 250, 0.000688 [0.000202/19.196448] [9484/0.000514]
  6   1 300, 0.000686 [0.000253/19.195463] [9534/0.000514]
  6   1 350, 0.000685 [0.000305/19.194475] [9584/0.000514]
Epoch 1 done. Evaluation:
(50000, 50000)
(9101, 10000)
  6   2  50, 0.000660 [0.000209/19.192680] [9675/0.000514]
  6   2 100, 0.000644 [0.000191/19.191691] [9725/0.000514]
  6   2 150, 0.000648 [0.000153/19.190705] [9775/0.000514]
  6   2 200, 0.000697 [0.000193/19.189723] [9825/0.000514]
  6   2 250, 0.000664 [0.000129/19.188740] [9875/0.000514]
  6   2 300, 0.000686 [0.000286/19.187757] [9925/0.000514]
  6   2 350, 0.000682 [0.000188/19.186773] [9975/0.000514]
Epoch 2 done. Evaluation:
(50000, 50000)
(9093, 10000)
  6   3  50, 0.000653 [0.000203/19.184990] [10066/0.000514]
  6   3 100, 0.000663 [0.000300/19.184008] [10116/0.000514]
  6   3 150, 0.000635 [0.000171/19.183025] [10166/0.000514]
  6   3 200, 0.000620 [0.000163/19.182043] [10216/0.000514]
  6   3 250, 0.000647 [0.000199/19.181061] [10266/0.000514]
  6   3 300, 0.000686 [0.000323/19.180084] [10316/0.000514]
  6   3 350, 0.000639 [0.000171/19.179103] [10366/0.000514]
Epoch 3 done. Evaluation:
(50000, 50000)
(9090, 10000)
  6   4  50, 0.000667 [0.000525/19.177329] [10457/0.000514]
  6   4 100, 0.000671 [0.000217/19.176354] [10507/0.000514]
  6   4 150, 0.000692 [0.000143/19.175382] [10557/0.000514]
  6   4 200, 0.000661 [0.000226/19.174405] [10607/0.000514]
  6   4 250, 0.000635 [0.000144/19.173430] [10657/0.000514]
  6   4 300, 0.000706 [0.000411/19.172461] [10707/0.000514]
  6   4 350, 0.000664 [0.000135/19.171491] [10757/0.000514]
Epoch 4 done. Evaluation:
(50000, 50000)
(9098, 10000)
  6   5  50, 0.000674 [0.000294/19.169721] [10848/0.000514]
  6   5 100, 0.000672 [0.000201/19.168751] [10898/0.000514]
  6   5 150, 0.000647 [0.000218/19.167781] [10948/0.000514]
  6   5 200, 0.000670 [0.000211/19.166811] [10998/0.000514]
  6   5 250, 0.000675 [0.000172/19.165846] [11048/0.000514]
  6   5 300, 0.000674 [0.000212/19.164881] [11098/0.000514]
  6   5 350, 0.000672 [0.000737/19.163914] [11148/0.000514]
Epoch 5 done. Evaluation:
(50000, 50000)
(9100, 10000)
  6   6  50, 0.000698 [0.000308/19.162166] [11239/0.000514]
  6   6 100, 0.000665 [0.000168/19.161198] [11289/0.000514]
  6   6 150, 0.000642 [0.000198/19.160233] [11339/0.000514]
  6   6 200, 0.000701 [0.000212/19.159270] [11389/0.000514]
  6   6 250, 0.000650 [0.000181/19.158305] [11439/0.000514]
  6   6 300, 0.000665 [0.000164/19.157341] [11489/0.000514]
  6   6 350, 0.000707 [0.000144/19.156383] [11539/0.000514]
Epoch 6 done. Evaluation:
(50000, 50000)
(9103, 10000)
  6   7  50, 0.000721 [0.000320/19.154639] [11630/0.000514]
  6   7 100, 0.000692 [0.000345/19.153683] [11680/0.000514]
  6   7 150, 0.000650 [0.000222/19.152722] [11730/0.000514]
  6   7 200, 0.000712 [0.000300/19.151769] [11780/0.000514]
  6   7 250, 0.000660 [0.000165/19.150808] [11830/0.000514]
  6   7 300, 0.000688 [0.000306/19.149855] [11880/0.000514]
  6   7 350, 0.000655 [0.000165/19.148898] [11930/0.000514]
Epoch 7 done. Evaluation:
(50000, 50000)
(9106, 10000)
  6   8  50, 0.000665 [0.000225/19.147160] [12021/0.000514]
  6   8 100, 0.000757 [0.000466/19.146211] [12071/0.000514]
  6   8 150, 0.000724 [0.000708/19.145262] [12121/0.000514]
  6   8 200, 0.000653 [0.000269/19.144308] [12171/0.000514]
  6   8 250, 0.000687 [0.000235/19.143356] [12221/0.000514]
  6   8 300, 0.000702 [0.000265/19.142406] [12271/0.000514]
  6   8 350, 0.000775 [0.000170/19.141466] [12321/0.000514]
Epoch 8 done. Evaluation:
(50000, 50000)
(9102, 10000)
  6   9  50, 0.000687 [0.000130/19.139736] [12412/0.000514]
  6   9 100, 0.000666 [0.000162/19.138785] [12462/0.000514]
  6   9 150, 0.000706 [0.000138/19.137841] [12512/0.000514]
  6   9 200, 0.000665 [0.000216/19.136893] [12562/0.000514]
  6   9 250, 0.000690 [0.000397/19.135950] [12612/0.000514]
  6   9 300, 0.000735 [0.000269/19.135009] [12662/0.000514]
  6   9 350, 0.000677 [0.000188/19.134064] [12712/0.000514]
Epoch 9 done. Evaluation:
(50000, 50000)
(9111, 10000)
  6  10  50, 0.000671 [0.000238/19.132350] [12803/0.000514]
  6  10 100, 0.000695 [0.000197/19.131409] [12853/0.000514]
  6  10 150, 0.000673 [0.000253/19.130465] [12903/0.000514]
  6  10 200, 0.000675 [0.000233/19.129524] [12953/0.000514]
  6  10 250, 0.000703 [0.000181/19.128585] [13003/0.000514]
  6  10 300, 0.000737 [0.000187/19.127648] [13053/0.000514]
  6  10 350, 0.000690 [0.000182/19.126709] [13103/0.000514]
Epoch 10 done. Evaluation:
(50000, 50000)
(9111, 10000)
  6  11  50, 0.000739 [0.000246/19.125003] [13194/0.000514]
  6  11 100, 0.000696 [0.000244/19.124068] [13244/0.000514]
  6  11 150, 0.000688 [0.000159/19.123132] [13294/0.000514]
  6  11 200, 0.000685 [0.000197/19.122197] [13344/0.000514]
  6  11 250, 0.000694 [0.000260/19.121262] [13394/0.000514]
  6  11 300, 0.000683 [0.000179/19.120326] [13444/0.000514]
  6  11 350, 0.000689 [0.000160/19.119390] [13494/0.000514]
Epoch 11 done. Evaluation:
(50000, 50000)
(9114, 10000)
  6  12  50, 0.000707 [0.000180/19.117699] [13585/0.000514]
  6  12 100, 0.000646 [0.000197/19.116764] [13635/0.000514]
  6  12 150, 0.000728 [0.000167/19.115834] [13685/0.000514]
  6  12 200, 0.000767 [0.000172/19.114911] [13735/0.000514]
  6  12 250, 0.000688 [0.000175/19.113980] [13785/0.000514]
  6  12 300, 0.000678 [0.000151/19.113049] [13835/0.000514]
  6  12 350, 0.000707 [0.000213/19.112121] [13885/0.000514]
Epoch 12 done. Evaluation:
(50000, 50000)
(9103, 10000)
  6  13  50, 0.000695 [0.000286/19.110428] [13976/0.000514]
  6  13 100, 0.000758 [0.000528/19.109512] [14026/0.000514]
  6  13 150, 0.000684 [0.000174/19.108582] [14076/0.000514]
  6  13 200, 0.000652 [0.000327/19.107651] [14126/0.000514]
  6  13 250, 0.000708 [0.000228/19.106726] [14176/0.000514]
  6  13 300, 0.000696 [0.000185/19.105803] [14226/0.000514]
  6  13 350, 0.000719 [0.000172/19.104882] [14276/0.000514]
Epoch 13 done. Evaluation:
(50000, 50000)
(9116, 10000)
  6  14  50, 0.000665 [0.000154/19.103198] [14367/0.000514]
  6  14 100, 0.000688 [0.000178/19.102276] [14417/0.000514]
  6  14 150, 0.000710 [0.000642/19.101358] [14467/0.000514]
  6  14 200, 0.000687 [0.000265/19.100435] [14517/0.000514]
  6  14 250, 0.000704 [0.000207/19.099518] [14567/0.000514]
  6  14 300, 0.000678 [0.000156/19.098595] [14617/0.000514]
  6  14 350, 0.000706 [0.000154/19.097677] [14667/0.000514]
Epoch 14 done. Evaluation:
(50000, 50000)
(9112, 10000)
  6  15  50, 0.000697 [0.000178/19.096011] [14758/0.000514]
  6  15 100, 0.000710 [0.000489/19.095097] [14808/0.000514]
  6  15 150, 0.000695 [0.000123/19.094180] [14858/0.000514]
  6  15 200, 0.000755 [0.000187/19.093273] [14908/0.000514]
  6  15 250, 0.000713 [0.000220/19.092357] [14958/0.000514]
  6  15 300, 0.000717 [0.000224/19.091443] [15008/0.000514]
  6  15 350, 0.000675 [0.000266/19.090525] [15058/0.000514]
Epoch 15 done. Evaluation:
(50000, 50000)
(9105, 10000)
  6  16  50, 0.000708 [0.000173/19.088865] [15149/0.000514]
  6  16 100, 0.000710 [0.000260/19.087955] [15199/0.000514]
  6  16 150, 0.000743 [0.000164/19.087048] [15249/0.000514]
  6  16 200, 0.000707 [0.000178/19.086139] [15299/0.000514]
  6  16 250, 0.000671 [0.000200/19.085225] [15349/0.000514]
  6  16 300, 0.000683 [0.000188/19.084314] [15399/0.000514]
  6  16 350, 0.000722 [0.000528/19.083409] [15449/0.000514]
Epoch 16 done. Evaluation:
(50000, 50000)
(9111, 10000)
  6  17  50, 0.000682 [0.000139/19.081757] [15540/0.000514]
  6  17 100, 0.000766 [0.000177/19.080857] [15590/0.000514]
  6  17 150, 0.000715 [0.000265/19.079952] [15640/0.000514]
  6  17 200, 0.000725 [0.000256/19.079046] [15690/0.000514]
  6  17 250, 0.000705 [0.000506/19.078143] [15740/0.000514]
  6  17 300, 0.000694 [0.000173/19.077236] [15790/0.000514]
  6  17 350, 0.000715 [0.000259/19.076334] [15840/0.000514]
Epoch 17 done. Evaluation:
(50000, 50000)
(9117, 10000)
  6  18  50, 0.000706 [0.000391/19.074690] [15931/0.000514]
  6  18 100, 0.000749 [0.000182/19.073791] [15981/0.000514]
  6  18 150, 0.000716 [0.000191/19.072891] [16031/0.000514]
  6  18 200, 0.000729 [0.000414/19.071991] [16081/0.000514]
  6  18 250, 0.000733 [0.000229/19.071096] [16131/0.000514]
  6  18 300, 0.000749 [0.000178/19.070201] [16181/0.000514]
  6  18 350, 0.000748 [0.000163/19.069307] [16231/0.000514]
Epoch 18 done. Evaluation:
(50000, 50000)
(9109, 10000)
  6  19  50, 0.000691 [0.000270/19.067672] [16322/0.000514]
  6  19 100, 0.000693 [0.000636/19.066770] [16372/0.000514]
  6  19 150, 0.000684 [0.000203/19.065871] [16422/0.000514]
  6  19 200, 0.000713 [0.000159/19.064977] [16472/0.000514]
  6  19 250, 0.000755 [0.000245/19.064086] [16522/0.000514]
  6  19 300, 0.000732 [0.000341/19.063193] [16572/0.000514]
  6  19 350, 0.000671 [0.000527/19.062296] [16622/0.000514]
Epoch 19 done. Evaluation:
(50000, 50000)
(9109, 10000)
  7   0  50, 0.000795 [0.000139/19.061126] [16713/0.000514]
  7   0 100, 0.000717 [0.000140/19.060686] [16763/0.000514]
  7   0 150, 0.000698 [0.000143/19.060241] [16813/0.000514]
  7   0 200, 0.000740 [0.000189/19.059800] [16863/0.000514]
  7   0 250, 0.000745 [0.000161/19.059358] [16913/0.000514]
  7   0 300, 0.000709 [0.000120/19.058916] [16963/0.000514]
  7   0 350, 0.000747 [0.000140/19.058476] [17013/0.000514]
Epoch 0 done. Evaluation:
(50000, 50000)
(9117, 10000)
  7   1  50, 0.000789 [0.000128/19.057673] [17104/0.000514]
  7   1 100, 0.000714 [0.000134/19.057230] [17154/0.000514]
  7   1 150, 0.000715 [0.000114/19.056787] [17204/0.000514]
  7   1 200, 0.000764 [0.000136/19.056347] [17254/0.000514]
  7   1 250, 0.000683 [0.000152/19.055905] [17304/0.000514]
  7   1 300, 0.000694 [0.000189/19.055463] [17354/0.000514]
  7   1 350, 0.000751 [0.000125/19.055022] [17404/0.000514]
Epoch 1 done. Evaluation:
(50000, 50000)
(9115, 10000)
  7   2  50, 0.000743 [0.000119/19.054221] [17495/0.000514]
  7   2 100, 0.000720 [0.000123/19.053782] [17545/0.000514]
  7   2 150, 0.000774 [0.000120/19.053346] [17595/0.000514]
  7   2 200, 0.000699 [0.000119/19.052905] [17645/0.000514]
  7   2 250, 0.000741 [0.000184/19.052466] [17695/0.000514]
  7   2 300, 0.000736 [0.000252/19.052026] [17745/0.000514]
  7   2 350, 0.000698 [0.000128/19.051586] [17795/0.000514]
Epoch 2 done. Evaluation:
(50000, 50000)
(9118, 10000)
  7   3  50, 0.000729 [0.000140/19.050787] [17886/0.000514]
  7   3 100, 0.000778 [0.000122/19.050350] [17936/0.000514]
  7   3 150, 0.000736 [0.000133/19.049912] [17986/0.000514]
  7   3 200, 0.000706 [0.000112/19.049472] [18036/0.000514]
  7   3 250, 0.000697 [0.000138/19.049033] [18086/0.000514]
  7   3 300, 0.000722 [0.000182/19.048594] [18136/0.000514]
  7   3 350, 0.000671 [0.000121/19.048153] [18186/0.000514]
Epoch 3 done. Evaluation:
(50000, 50000)
(9117, 10000)
  7   4  50, 0.000718 [0.000139/19.047358] [18277/0.000514]
  7   4 100, 0.000769 [0.000137/19.046921] [18327/0.000514]
  7   4 150, 0.000693 [0.000127/19.046481] [18377/0.000514]
  7   4 200, 0.000757 [0.000118/19.046046] [18427/0.000514]
  7   4 250, 0.000731 [0.000153/19.045610] [18477/0.000514]
  7   4 300, 0.000704 [0.000125/19.045173] [18527/0.000514]
  7   4 350, 0.000712 [0.000116/19.044736] [18577/0.000514]
Epoch 4 done. Evaluation:
(50000, 50000)
(9121, 10000)
  7   5  50, 0.000704 [0.000121/19.043937] [18668/0.000514]
  7   5 100, 0.000736 [0.000140/19.043502] [18718/0.000514]
  7   5 150, 0.000726 [0.000133/19.043065] [18768/0.000514]
  7   5 200, 0.000712 [0.000208/19.042629] [18818/0.000514]
  7   5 250, 0.000683 [0.000161/19.042190] [18868/0.000514]
  7   5 300, 0.000735 [0.000213/19.041754] [18918/0.000514]
  7   5 350, 0.000775 [0.000134/19.041321] [18968/0.000514]
Epoch 5 done. Evaluation:
(50000, 50000)
(9115, 10000)
  7   6  50, 0.000738 [0.000113/19.040529] [19059/0.000514]
  7   6 100, 0.000767 [0.000113/19.040096] [19109/0.000514]
  7   6 150, 0.000717 [0.000108/19.039661] [19159/0.000514]
  7   6 200, 0.000738 [0.000158/19.039226] [19209/0.000514]
  7   6 250, 0.000799 [0.000244/19.038795] [19259/0.000514]
  7   6 300, 0.000738 [0.000141/19.038361] [19309/0.000514]
  7   6 350, 0.000748 [0.000140/19.037924] [19359/0.000514]
Epoch 6 done. Evaluation:
(50000, 50000)
(9114, 10000)
  7   7  50, 0.000771 [0.000140/19.037141] [19450/0.000514]
  7   7 100, 0.000733 [0.000172/19.036707] [19500/0.000514]
  7   7 150, 0.000681 [0.000154/19.036270] [19550/0.000514]
  7   7 200, 0.000724 [0.000131/19.035837] [19600/0.000514]
  7   7 250, 0.000737 [0.000133/19.035402] [19650/0.000514]
  7   7 300, 0.000715 [0.000124/19.034969] [19700/0.000514]
  7   7 350, 0.000720 [0.000172/19.034536] [19750/0.000514]
Epoch 7 done. Evaluation:
(50000, 50000)
(9118, 10000)
  7   8  50, 0.000745 [0.000224/19.033749] [19841/0.000514]
  7   8 100, 0.000817 [0.000289/19.033317] [19891/0.000514]
  7   8 150, 0.000753 [0.000157/19.032887] [19941/0.000514]
  7   8 200, 0.000726 [0.000116/19.032452] [19991/0.000514]
  7   8 250, 0.000763 [0.000468/19.032021] [20041/0.000514]
  7   8 300, 0.000738 [0.000163/19.031589] [20091/0.000514]
  7   8 350, 0.000791 [0.000171/19.031156] [20141/0.000514]
Epoch 8 done. Evaluation:
(50000, 50000)
(9110, 10000)
  7   9  50, 0.000757 [0.000646/19.030371] [20232/0.000514]
  7   9 100, 0.000704 [0.000110/19.029938] [20282/0.000514]
  7   9 150, 0.000743 [0.000233/19.029506] [20332/0.000514]
  7   9 200, 0.000762 [0.000129/19.029077] [20382/0.000514]
  7   9 250, 0.000741 [0.000151/19.028644] [20432/0.000514]
  7   9 300, 0.000737 [0.000136/19.028215] [20482/0.000514]
  7   9 350, 0.000830 [0.000167/19.027788] [20532/0.000514]
Epoch 9 done. Evaluation:
(50000, 50000)
(9116, 10000)
  7  10  50, 0.000727 [0.000126/19.027002] [20623/0.000514]
  7  10 100, 0.000736 [0.000121/19.026572] [20673/0.000514]
  7  10 150, 0.000724 [0.000120/19.026142] [20723/0.000514]
  7  10 200, 0.000757 [0.000117/19.025714] [20773/0.000514]
  7  10 250, 0.000699 [0.000204/19.025283] [20823/0.000514]
  7  10 300, 0.000730 [0.000138/19.024850] [20873/0.000514]
  7  10 350, 0.000785 [0.000163/19.024422] [20923/0.000514]
Epoch 10 done. Evaluation:
(50000, 50000)
(9115, 10000)
  7  11  50, 0.000713 [0.000120/19.023636] [21014/0.000514]
  7  11 100, 0.000751 [0.000117/19.023208] [21064/0.000514]
  7  11 150, 0.000722 [0.000143/19.022777] [21114/0.000514]
  7  11 200, 0.000716 [0.000124/19.022347] [21164/0.000514]
  7  11 250, 0.000723 [0.000115/19.021917] [21214/0.000514]
  7  11 300, 0.000733 [0.000136/19.021488] [21264/0.000514]
  7  11 350, 0.000678 [0.000189/19.021058] [21314/0.000514]
Epoch 11 done. Evaluation:
(50000, 50000)
(9121, 10000)
  7  12  50, 0.000726 [0.000224/19.020276] [21405/0.000514]
  7  12 100, 0.000731 [0.000356/19.019848] [21455/0.000514]
  7  12 150, 0.000705 [0.000139/19.019418] [21505/0.000514]
  7  12 200, 0.000716 [0.000121/19.018989] [21555/0.000514]
  7  12 250, 0.000760 [0.000141/19.018562] [21605/0.000514]
  7  12 300, 0.000768 [0.000146/19.018134] [21655/0.000514]
  7  12 350, 0.000745 [0.000135/19.017706] [21705/0.000514]
Epoch 12 done. Evaluation:
(50000, 50000)
(9107, 10000)
  7  13  50, 0.000706 [0.000110/19.016926] [21796/0.000514]
  7  13 100, 0.000736 [0.000121/19.016499] [21846/0.000514]
  7  13 150, 0.000729 [0.000157/19.016072] [21896/0.000514]
  7  13 200, 0.000755 [0.000224/19.015645] [21946/0.000514]
  7  13 250, 0.000762 [0.000273/19.015219] [21996/0.000514]
  7  13 300, 0.000729 [0.000138/19.014793] [22046/0.000514]
  7  13 350, 0.000723 [0.000127/19.014364] [22096/0.000514]
Epoch 13 done. Evaluation:
(50000, 50000)
(9116, 10000)
  7  14  50, 0.000746 [0.000112/19.013588] [22187/0.000514]
  7  14 100, 0.000737 [0.000132/19.013162] [22237/0.000514]
  7  14 150, 0.000728 [0.000146/19.012737] [22287/0.000514]
  7  14 200, 0.000704 [0.000139/19.012309] [22337/0.000514]
  7  14 250, 0.000786 [0.000149/19.011882] [22387/0.000514]
  7  14 300, 0.000713 [0.000170/19.011455] [22437/0.000514]
  7  14 350, 0.000709 [0.000120/19.011030] [22487/0.000514]
Epoch 14 done. Evaluation:
(50000, 50000)
(9106, 10000)
  7  15  50, 0.000771 [0.000150/19.010256] [22578/0.000514]
  7  15 100, 0.000710 [0.000187/19.009829] [22628/0.000514]
  7  15 150, 0.000702 [0.000158/19.009403] [22678/0.000514]
  7  15 200, 0.000753 [0.000247/19.008980] [22728/0.000514]
  7  15 250, 0.000745 [0.000116/19.008553] [22778/0.000514]
  7  15 300, 0.000687 [0.000167/19.008127] [22828/0.000514]
  7  15 350, 0.000743 [0.000110/19.007704] [22878/0.000514]
Epoch 15 done. Evaluation:
(50000, 50000)
(9119, 10000)
  7  16  50, 0.000756 [0.000160/19.006931] [22969/0.000514]
  7  16 100, 0.000725 [0.000111/19.006506] [23019/0.000514]
  7  16 150, 0.000736 [0.000121/19.006082] [23069/0.000514]
  7  16 200, 0.000748 [0.000121/19.005660] [23119/0.000514]
  7  16 250, 0.000754 [0.000117/19.005237] [23169/0.000514]
  7  16 300, 0.000729 [0.000119/19.004814] [23219/0.000514]
  7  16 350, 0.000769 [0.000139/19.004391] [23269/0.000514]
Epoch 16 done. Evaluation:
(50000, 50000)
(9123, 10000)
  7  17  50, 0.000752 [0.000142/19.003626] [23360/0.000514]
  7  17 100, 0.000742 [0.000248/19.003201] [23410/0.000514]
  7  17 150, 0.000752 [0.000162/19.002780] [23460/0.000514]
  7  17 200, 0.000859 [0.000114/19.002363] [23510/0.000514]
  7  17 250, 0.000700 [0.000176/19.001937] [23560/0.000514]
  7  17 300, 0.000764 [0.000120/19.001517] [23610/0.000514]
  7  17 350, 0.000757 [0.000120/19.001094] [23660/0.000514]
Epoch 17 done. Evaluation:
(50000, 50000)
(9106, 10000)
  7  18  50, 0.000755 [0.000209/19.000329] [23751/0.000514]
  7  18 100, 0.000713 [0.000131/18.999906] [23801/0.000514]
  7  18 150, 0.000797 [0.000189/18.999486] [23851/0.000514]
  7  18 200, 0.000759 [0.000283/18.999066] [23901/0.000514]
  7  18 250, 0.000711 [0.000131/18.998643] [23951/0.000514]
  7  18 300, 0.000755 [0.000116/18.998223] [24001/0.000514]
  7  18 350, 0.000719 [0.000134/18.997800] [24051/0.000514]
Epoch 18 done. Evaluation:
(50000, 50000)
(9122, 10000)
  7  19  50, 0.000744 [0.000113/18.997036] [24142/0.000514]
  7  19 100, 0.000769 [0.000152/18.996615] [24192/0.000514]
  7  19 150, 0.000752 [0.000138/18.996196] [24242/0.000514]
  7  19 200, 0.000830 [0.000356/18.995780] [24292/0.000514]
  7  19 250, 0.000797 [0.000283/18.995362] [24342/0.000514]
  7  19 300, 0.000768 [0.000186/18.994946] [24392/0.000514]
  7  19 350, 0.000720 [0.000186/18.994524] [24442/0.000514]
Epoch 19 done. Evaluation:
(50000, 50000)
(9118, 10000)
  8   0  50, 0.000795 [0.000121/18.993974] [24533/0.000514]
  8   0 100, 0.000770 [0.000104/18.993767] [24583/0.000514]
  8   0 150, 0.000796 [0.000105/18.993561] [24633/0.000514]
  8   0 200, 0.000783 [0.000110/18.993357] [24683/0.000514]
  8   0 250, 0.000704 [0.000126/18.993148] [24733/0.000514]
  8   0 300, 0.000756 [0.000183/18.992942] [24783/0.000514]
  8   0 350, 0.000736 [0.000110/18.992736] [24833/0.000514]
Epoch 0 done. Evaluation:
(50000, 50000)
(9113, 10000)
  8   1  50, 0.000696 [0.000112/18.992359] [24924/0.000514]
  8   1 100, 0.000730 [0.000104/18.992154] [24974/0.000514]
  8   1 150, 0.000710 [0.000121/18.991945] [25024/0.000514]
  8   1 200, 0.000745 [0.000124/18.991739] [25074/0.000514]
  8   1 250, 0.000746 [0.000132/18.991534] [25124/0.000514]
  8   1 300, 0.000729 [0.000109/18.991327] [25174/0.000514]
  8   1 350, 0.000710 [0.000129/18.991120] [25224/0.000514]
Epoch 1 done. Evaluation:
(50000, 50000)
(9120, 10000)
  8   2  50, 0.000733 [0.000110/18.990744] [25315/0.000514]
  8   2 100, 0.000754 [0.000127/18.990538] [25365/0.000514]
  8   2 150, 0.000765 [0.000114/18.990331] [25415/0.000514]
  8   2 200, 0.000727 [0.000138/18.990126] [25465/0.000514]
  8   2 250, 0.000730 [0.000125/18.989920] [25515/0.000514]
  8   2 300, 0.000779 [0.000114/18.989714] [25565/0.000514]
  8   2 350, 0.000735 [0.000123/18.989508] [25615/0.000514]
Epoch 2 done. Evaluation:
(50000, 50000)
(9110, 10000)
  8   3  50, 0.000782 [0.000107/18.989135] [25706/0.000514]
  8   3 100, 0.000699 [0.000115/18.988928] [25756/0.000514]
  8   3 150, 0.000747 [0.000106/18.988721] [25806/0.000514]
  8   3 200, 0.000756 [0.000122/18.988516] [25856/0.000514]
  8   3 250, 0.000748 [0.000102/18.988311] [25906/0.000514]
  8   3 300, 0.000746 [0.000108/18.988105] [25956/0.000514]
  8   3 350, 0.000799 [0.000119/18.987902] [26006/0.000514]
Epoch 3 done. Evaluation:
(50000, 50000)
(9115, 10000)
  8   4  50, 0.000766 [0.000113/18.987530] [26097/0.000514]
  8   4 100, 0.000783 [0.000106/18.987324] [26147/0.000514]
  8   4 150, 0.000701 [0.000121/18.987119] [26197/0.000514]
  8   4 200, 0.000684 [0.000166/18.986911] [26247/0.000514]
  8   4 250, 0.000750 [0.000122/18.986706] [26297/0.000514]
  8   4 300, 0.000726 [0.000112/18.986500] [26347/0.000514]
  8   4 350, 0.000785 [0.000117/18.986296] [26397/0.000514]
Epoch 4 done. Evaluation:
(50000, 50000)
(9113, 10000)
  8   5  50, 0.000711 [0.000114/18.985923] [26488/0.000514]
  8   5 100, 0.000732 [0.000104/18.985717] [26538/0.000514]
  8   5 150, 0.000732 [0.000120/18.985513] [26588/0.000514]
  8   5 200, 0.000777 [0.000109/18.985309] [26638/0.000514]
  8   5 250, 0.000711 [0.000126/18.985102] [26688/0.000514]
  8   5 300, 0.000781 [0.000104/18.984898] [26738/0.000514]
  8   5 350, 0.000756 [0.000128/18.984693] [26788/0.000514]
Epoch 5 done. Evaluation:
(50000, 50000)
(9117, 10000)
  8   6  50, 0.000740 [0.000103/18.984319] [26879/0.000514]
  8   6 100, 0.000703 [0.000107/18.984113] [26929/0.000514]
  8   6 150, 0.000753 [0.000144/18.983909] [26979/0.000514]
  8   6 200, 0.000727 [0.000120/18.983704] [27029/0.000514]
  8   6 250, 0.000753 [0.000111/18.983501] [27079/0.000514]
  8   6 300, 0.000735 [0.000115/18.983294] [27129/0.000514]
  8   6 350, 0.000721 [0.000109/18.983090] [27179/0.000514]
Epoch 6 done. Evaluation:
(50000, 50000)
(9107, 10000)
  8   7  50, 0.000774 [0.000105/18.982719] [27270/0.000514]
  8   7 100, 0.000711 [0.000167/18.982513] [27320/0.000514]
  8   7 150, 0.000764 [0.000138/18.982309] [27370/0.000514]
  8   7 200, 0.000724 [0.000116/18.982105] [27420/0.000514]
  8   7 250, 0.000729 [0.000131/18.981899] [27470/0.000514]
  8   7 300, 0.000793 [0.000195/18.981695] [27520/0.000514]
  8   7 350, 0.000727 [0.000119/18.981490] [27570/0.000514]
Epoch 7 done. Evaluation:
(50000, 50000)
(9125, 10000)
  8   8  50, 0.000699 [0.000118/18.981115] [27661/0.000514]
  8   8 100, 0.000769 [0.000119/18.980912] [27711/0.000514]
  8   8 150, 0.000734 [0.000105/18.980709] [27761/0.000514]
  8   8 200, 0.000723 [0.000105/18.980501] [27811/0.000514]
  8   8 250, 0.000722 [0.000106/18.980298] [27861/0.000514]
  8   8 300, 0.000750 [0.000107/18.980094] [27911/0.000514]
  8   8 350, 0.000822 [0.000109/18.979891] [27961/0.000514]
Epoch 8 done. Evaluation:
(50000, 50000)
(9114, 10000)
  8   9  50, 0.000746 [0.000114/18.979519] [28052/0.000514]
  8   9 100, 0.000725 [0.000121/18.979316] [28102/0.000514]
  8   9 150, 0.000769 [0.000124/18.979110] [28152/0.000514]
  8   9 200, 0.000756 [0.000136/18.978908] [28202/0.000514]
  8   9 250, 0.000732 [0.000112/18.978703] [28252/0.000514]
  8   9 300, 0.000754 [0.000156/18.978499] [28302/0.000514]
  8   9 350, 0.000742 [0.000107/18.978295] [28352/0.000514]
Epoch 9 done. Evaluation:
(50000, 50000)
(9112, 10000)
  8  10  50, 0.000742 [0.000105/18.977924] [28443/0.000514]
  8  10 100, 0.000766 [0.000144/18.977721] [28493/0.000514]
  8  10 150, 0.000697 [0.000104/18.977517] [28543/0.000514]
  8  10 200, 0.000748 [0.000105/18.977312] [28593/0.000514]
  8  10 250, 0.000749 [0.000115/18.977109] [28643/0.000514]
  8  10 300, 0.000751 [0.000172/18.976905] [28693/0.000514]
  8  10 350, 0.000739 [0.000104/18.976701] [28743/0.000514]
Epoch 10 done. Evaluation:
(50000, 50000)
(9109, 10000)
  8  11  50, 0.000734 [0.000112/18.976330] [28834/0.000514]
  8  11 100, 0.000739 [0.000122/18.976127] [28884/0.000514]
  8  11 150, 0.000752 [0.000111/18.975922] [28934/0.000514]
  8  11 200, 0.000743 [0.000128/18.975720] [28984/0.000514]
  8  11 250, 0.000716 [0.000112/18.975515] [29034/0.000514]
  8  11 300, 0.000730 [0.000163/18.975310] [29084/0.000514]
  8  11 350, 0.000760 [0.000250/18.975107] [29134/0.000514]
Epoch 11 done. Evaluation:
(50000, 50000)
(9111, 10000)
  8  12  50, 0.000724 [0.000109/18.974738] [29225/0.000514]
  8  12 100, 0.000734 [0.000103/18.974534] [29275/0.000514]
  8  12 150, 0.000724 [0.000105/18.974329] [29325/0.000514]
  8  12 200, 0.000731 [0.000105/18.974127] [29375/0.000514]
  8  12 250, 0.000717 [0.000116/18.973922] [29425/0.000514]
  8  12 300, 0.000800 [0.000112/18.973721] [29475/0.000514]
  8  12 350, 0.000802 [0.000116/18.973517] [29525/0.000514]
Epoch 12 done. Evaluation:
(50000, 50000)
(9114, 10000)
  8  13  50, 0.000805 [0.000132/18.973148] [29616/0.000514]
  8  13 100, 0.000764 [0.000106/18.972944] [29666/0.000514]
  8  13 150, 0.000779 [0.000111/18.972743] [29716/0.000514]
  8  13 200, 0.000716 [0.000107/18.972540] [29766/0.000514]
  8  13 250, 0.000746 [0.000109/18.972337] [29816/0.000514]
  8  13 300, 0.000724 [0.000105/18.972133] [29866/0.000514]
  8  13 350, 0.000738 [0.000129/18.971930] [29916/0.000514]
Epoch 13 done. Evaluation:
(50000, 50000)
(9113, 10000)
  8  14  50, 0.000750 [0.000104/18.971561] [30007/0.000514]
  8  14 100, 0.000756 [0.000116/18.971358] [30057/0.000514]
  8  14 150, 0.000718 [0.000109/18.971154] [30107/0.000514]
  8  14 200, 0.000761 [0.000122/18.970952] [30157/0.000514]
  8  14 250, 0.000789 [0.000105/18.970749] [30207/0.000514]
  8  14 300, 0.000756 [0.000117/18.970547] [30257/0.000514]
  8  14 350, 0.000795 [0.000129/18.970345] [30307/0.000514]
Epoch 14 done. Evaluation:
(50000, 50000)
(9124, 10000)
  8  15  50, 0.000762 [0.000128/18.969977] [30398/0.000514]
  8  15 100, 0.000739 [0.000107/18.969772] [30448/0.000514]
  8  15 150, 0.000708 [0.000110/18.969571] [30498/0.000514]
  8  15 200, 0.000734 [0.000117/18.969367] [30548/0.000514]
  8  15 250, 0.000808 [0.000126/18.969165] [30598/0.000514]
  8  15 300, 0.000745 [0.000106/18.968963] [30648/0.000514]
  8  15 350, 0.000773 [0.000116/18.968761] [30698/0.000514]
Epoch 15 done. Evaluation:
(50000, 50000)
(9111, 10000)
  8  16  50, 0.000784 [0.000107/18.968393] [30789/0.000514]
  8  16 100, 0.000727 [0.000106/18.968190] [30839/0.000514]
  8  16 150, 0.000801 [0.000106/18.967989] [30889/0.000514]
  8  16 200, 0.000730 [0.000110/18.967785] [30939/0.000514]
  8  16 250, 0.000800 [0.000111/18.967585] [30989/0.000514]
  8  16 300, 0.000827 [0.000117/18.967383] [31039/0.000514]
  8  16 350, 0.000796 [0.000104/18.967184] [31089/0.000514]
Epoch 16 done. Evaluation:
(50000, 50000)
(9119, 10000)
  8  17  50, 0.000722 [0.000108/18.966815] [31180/0.000514]
  8  17 100, 0.000777 [0.000175/18.966613] [31230/0.000514]
  8  17 150, 0.000728 [0.000125/18.966411] [31280/0.000514]
  8  17 200, 0.000785 [0.000116/18.966209] [31330/0.000514]
  8  17 250, 0.000744 [0.000114/18.966007] [31380/0.000514]
  8  17 300, 0.000761 [0.000108/18.965805] [31430/0.000514]
  8  17 350, 0.000744 [0.000116/18.965604] [31480/0.000514]
Epoch 17 done. Evaluation:
(50000, 50000)
(9121, 10000)
  8  18  50, 0.000780 [0.000104/18.965239] [31571/0.000514]
  8  18 100, 0.000802 [0.000113/18.965037] [31621/0.000514]
  8  18 150, 0.000755 [0.000152/18.964835] [31671/0.000514]
  8  18 200, 0.000735 [0.000107/18.964633] [31721/0.000514]
  8  18 250, 0.000757 [0.000143/18.964433] [31771/0.000514]
  8  18 300, 0.000741 [0.000138/18.964231] [31821/0.000514]
  8  18 350, 0.000792 [0.000136/18.964029] [31871/0.000514]
Epoch 18 done. Evaluation:
(50000, 50000)
(9114, 10000)
  8  19  50, 0.000760 [0.000113/18.963661] [31962/0.000514]
  8  19 100, 0.000718 [0.000105/18.963460] [32012/0.000514]
  8  19 150, 0.000783 [0.000107/18.963258] [32062/0.000514]
  8  19 200, 0.000757 [0.000121/18.963058] [32112/0.000514]
  8  19 250, 0.000788 [0.000133/18.962856] [32162/0.000514]
  8  19 300, 0.000761 [0.000122/18.962655] [32212/0.000514]
  8  19 350, 0.000742 [0.000118/18.962452] [32262/0.000514]
Epoch 19 done. Evaluation:
(50000, 50000)
(9111, 10000)
  9   0  50, 0.000755 [0.000102/18.962169] [32353/0.000514]
  9   0 100, 0.000796 [0.000108/18.962053] [32403/0.000514]
  9   0 150, 0.000741 [0.000105/18.961937] [32453/0.000514]
  9   0 200, 0.000733 [0.000102/18.961821] [32503/0.000514]
  9   0 250, 0.000751 [0.000102/18.961702] [32553/0.000514]
  9   0 300, 0.000764 [0.000119/18.961586] [32603/0.000514]
  9   0 350, 0.000794 [0.000101/18.961470] [32653/0.000514]
Epoch 0 done. Evaluation:
(50000, 50000)
(9115, 10000)
  9   1  50, 0.000755 [0.000102/18.961258] [32744/0.000514]
  9   1 100, 0.000752 [0.000105/18.961142] [32794/0.000514]
  9   1 150, 0.000760 [0.000102/18.961026] [32844/0.000514]
  9   1 200, 0.000726 [0.000102/18.960908] [32894/0.000514]
  9   1 250, 0.000751 [0.000118/18.960790] [32944/0.000514]
  9   1 300, 0.000775 [0.000101/18.960674] [32994/0.000514]
  9   1 350, 0.000725 [0.000132/18.960556] [33044/0.000514]
Epoch 1 done. Evaluation:
(50000, 50000)
(9119, 10000)
  9   2  50, 0.000749 [0.000105/18.960345] [33135/0.000514]
  9   2 100, 0.000742 [0.000105/18.960227] [33185/0.000514]
  9   2 150, 0.000779 [0.000102/18.960110] [33235/0.000514]
  9   2 200, 0.000725 [0.000101/18.959994] [33285/0.000514]
  9   2 250, 0.000758 [0.000101/18.959876] [33335/0.000514]
  9   2 300, 0.000792 [0.000106/18.959761] [33385/0.000514]
  9   2 350, 0.000760 [0.000102/18.959646] [33435/0.000514]
Epoch 2 done. Evaluation:
(50000, 50000)
(9114, 10000)
  9   3  50, 0.000721 [0.000105/18.959431] [33526/0.000514]
  9   3 100, 0.000775 [0.000101/18.959315] [33576/0.000514]
  9   3 150, 0.000737 [0.000103/18.959198] [33626/0.000514]
  9   3 200, 0.000758 [0.000123/18.959081] [33676/0.000514]
  9   3 250, 0.000771 [0.000101/18.958966] [33726/0.000514]
  9   3 300, 0.000737 [0.000103/18.958850] [33776/0.000514]
  9   3 350, 0.000731 [0.000102/18.958732] [33826/0.000514]
Epoch 3 done. Evaluation:
(50000, 50000)
(9114, 10000)
  9   4  50, 0.000734 [0.000101/18.958519] [33917/0.000514]
  9   4 100, 0.000802 [0.000104/18.958404] [33967/0.000514]
  9   4 150, 0.000818 [0.000105/18.958288] [34017/0.000514]
  9   4 200, 0.000757 [0.000101/18.958172] [34067/0.000514]
  9   4 250, 0.000767 [0.000102/18.958056] [34117/0.000514]
  9   4 300, 0.000751 [0.000102/18.957940] [34167/0.000514]
  9   4 350, 0.000741 [0.000105/18.957822] [34217/0.000514]
Epoch 4 done. Evaluation:
(50000, 50000)
(9114, 10000)
  9   5  50, 0.000780 [0.000107/18.957611] [34308/0.000514]
  9   5 100, 0.000788 [0.000103/18.957495] [34358/0.000514]
  9   5 150, 0.000781 [0.000101/18.957379] [34408/0.000514]
  9   5 200, 0.000734 [0.000156/18.957262] [34458/0.000514]
  9   5 250, 0.000753 [0.000111/18.957146] [34508/0.000514]
  9   5 300, 0.000752 [0.000102/18.957030] [34558/0.000514]
  9   5 350, 0.000740 [0.000104/18.956912] [34608/0.000514]
Epoch 5 done. Evaluation:
(50000, 50000)
(9122, 10000)
  9   6  50, 0.000766 [0.000108/18.956702] [34699/0.000514]
  9   6 100, 0.000777 [0.000101/18.956585] [34749/0.000514]
  9   6 150, 0.000780 [0.000118/18.956469] [34799/0.000514]
  9   6 200, 0.000841 [0.000128/18.956355] [34849/0.000514]
  9   6 250, 0.000786 [0.000109/18.956238] [34899/0.000514]
  9   6 300, 0.000717 [0.000102/18.956121] [34949/0.000514]
  9   6 350, 0.000782 [0.000105/18.956007] [34999/0.000514]
Epoch 6 done. Evaluation:
(50000, 50000)
(9113, 10000)
  9   7  50, 0.000751 [0.000103/18.955795] [35090/0.000514]
  9   7 100, 0.000745 [0.000103/18.955677] [35140/0.000514]
  9   7 150, 0.000771 [0.000133/18.955563] [35190/0.000514]
  9   7 200, 0.000740 [0.000103/18.955446] [35240/0.000514]
  9   7 250, 0.000760 [0.000101/18.955330] [35290/0.000514]
  9   7 300, 0.000725 [0.000101/18.955212] [35340/0.000514]
  9   7 350, 0.000753 [0.000101/18.955095] [35390/0.000514]
Epoch 7 done. Evaluation:
(50000, 50000)
(9113, 10000)
  9   8  50, 0.000739 [0.000101/18.954881] [35481/0.000514]
  9   8 100, 0.000750 [0.000102/18.954766] [35531/0.000514]
  9   8 150, 0.000765 [0.000102/18.954649] [35581/0.000514]
  9   8 200, 0.000690 [0.000103/18.954531] [35631/0.000514]
  9   8 250, 0.000724 [0.000102/18.954415] [35681/0.000514]
  9   8 300, 0.000815 [0.000114/18.954299] [35731/0.000514]
  9   8 350, 0.000767 [0.000101/18.954184] [35781/0.000514]
Epoch 8 done. Evaluation:
(50000, 50000)
(9119, 10000)
  9   9  50, 0.000796 [0.000101/18.953973] [35872/0.000514]
  9   9 100, 0.000795 [0.000105/18.953858] [35922/0.000514]
  9   9 150, 0.000781 [0.000109/18.953744] [35972/0.000514]
  9   9 200, 0.000730 [0.000101/18.953627] [36022/0.000514]
  9   9 250, 0.000784 [0.000101/18.953511] [36072/0.000514]
  9   9 300, 0.000746 [0.000102/18.953395] [36122/0.000514]
  9   9 350, 0.000744 [0.000103/18.953278] [36172/0.000514]
Epoch 9 done. Evaluation:
(50000, 50000)
(9114, 10000)
  9  10  50, 0.000744 [0.000103/18.953067] [36263/0.000514]
  9  10 100, 0.000755 [0.000115/18.952950] [36313/0.000514]
  9  10 150, 0.000766 [0.000104/18.952835] [36363/0.000514]
  9  10 200, 0.000745 [0.000104/18.952718] [36413/0.000514]
  9  10 250, 0.000751 [0.000103/18.952602] [36463/0.000514]
  9  10 300, 0.000720 [0.000102/18.952485] [36513/0.000514]
  9  10 350, 0.000765 [0.000109/18.952368] [36563/0.000514]
Epoch 10 done. Evaluation:
(50000, 50000)
(9116, 10000)
  9  11  50, 0.000811 [0.000108/18.952158] [36654/0.000514]
  9  11 100, 0.000732 [0.000104/18.952040] [36704/0.000514]
  9  11 150, 0.000750 [0.000103/18.951924] [36754/0.000514]
  9  11 200, 0.000812 [0.000119/18.951810] [36804/0.000514]
  9  11 250, 0.000727 [0.000105/18.951693] [36854/0.000514]
  9  11 300, 0.000723 [0.000101/18.951577] [36904/0.000514]
  9  11 350, 0.000755 [0.000108/18.951461] [36954/0.000514]
Epoch 11 done. Evaluation:
(50000, 50000)
(9115, 10000)
  9  12  50, 0.000760 [0.000104/18.951249] [37045/0.000514]
  9  12 100, 0.000781 [0.000109/18.951133] [37095/0.000514]
  9  12 150, 0.000749 [0.000108/18.951017] [37145/0.000514]
  9  12 200, 0.000744 [0.000102/18.950901] [37195/0.000514]
  9  12 250, 0.000757 [0.000104/18.950786] [37245/0.000514]
  9  12 300, 0.000766 [0.000103/18.950670] [37295/0.000514]
  9  12 350, 0.000806 [0.000104/18.950555] [37345/0.000514]
Epoch 12 done. Evaluation:
(50000, 50000)
(9122, 10000)
  9  13  50, 0.000720 [0.000102/18.950341] [37436/0.000514]
  9  13 100, 0.000764 [0.000103/18.950226] [37486/0.000514]
  9  13 150, 0.000746 [0.000103/18.950109] [37536/0.000514]
  9  13 200, 0.000753 [0.000116/18.949995] [37586/0.000514]
  9  13 250, 0.000750 [0.000121/18.949878] [37636/0.000514]
  9  13 300, 0.000789 [0.000116/18.949762] [37686/0.000514]
  9  13 350, 0.000747 [0.000102/18.949645] [37736/0.000514]
Epoch 13 done. Evaluation:
(50000, 50000)
(9110, 10000)
  9  14  50, 0.000760 [0.000103/18.949434] [37827/0.000514]
  9  14 100, 0.000700 [0.000102/18.949316] [37877/0.000514]
  9  14 150, 0.000772 [0.000102/18.949200] [37927/0.000514]
  9  14 200, 0.000723 [0.000101/18.949083] [37977/0.000514]
  9  14 250, 0.000736 [0.000102/18.948966] [38027/0.000514]
  9  14 300, 0.000740 [0.000120/18.948851] [38077/0.000514]
  9  14 350, 0.000730 [0.000107/18.948734] [38127/0.000514]
Epoch 14 done. Evaluation:
(50000, 50000)
(9120, 10000)
  9  15  50, 0.000793 [0.000111/18.948526] [38218/0.000514]
  9  15 100, 0.000740 [0.000102/18.948409] [38268/0.000514]
  9  15 150, 0.000792 [0.000104/18.948294] [38318/0.000514]
  9  15 200, 0.000792 [0.000101/18.948180] [38368/0.000514]
  9  15 250, 0.000797 [0.000108/18.948064] [38418/0.000514]
  9  15 300, 0.000741 [0.000101/18.947949] [38468/0.000514]
  9  15 350, 0.000725 [0.000102/18.947832] [38518/0.000514]
Epoch 15 done. Evaluation:
(50000, 50000)
(9118, 10000)
  9  16  50, 0.000772 [0.000147/18.947622] [38609/0.000514]
  9  16 100, 0.000725 [0.000101/18.947505] [38659/0.000514]
  9  16 150, 0.000729 [0.000107/18.947388] [38709/0.000514]
  9  16 200, 0.000763 [0.000102/18.947273] [38759/0.000514]
  9  16 250, 0.000769 [0.000105/18.947157] [38809/0.000514]
  9  16 300, 0.000771 [0.000102/18.947042] [38859/0.000514]
  9  16 350, 0.000784 [0.000116/18.946928] [38909/0.000514]
Epoch 16 done. Evaluation:
(50000, 50000)
(9118, 10000)
  9  17  50, 0.000771 [0.000116/18.946716] [39000/0.000514]
  9  17 100, 0.000776 [0.000106/18.946600] [39050/0.000514]
  9  17 150, 0.000760 [0.000103/18.946486] [39100/0.000514]
  9  17 200, 0.000740 [0.000111/18.946369] [39150/0.000514]
  9  17 250, 0.000722 [0.000102/18.946253] [39200/0.000514]
  9  17 300, 0.000742 [0.000103/18.946137] [39250/0.000514]
  9  17 350, 0.000744 [0.000103/18.946022] [39300/0.000514]
Epoch 17 done. Evaluation:
(50000, 50000)
(9122, 10000)
  9  18  50, 0.000805 [0.000104/18.945811] [39391/0.000514]
  9  18 100, 0.000717 [0.000103/18.945696] [39441/0.000514]
  9  18 150, 0.000752 [0.000240/18.945578] [39491/0.000514]
  9  18 200, 0.000779 [0.000103/18.945464] [39541/0.000514]
  9  18 250, 0.000720 [0.000107/18.945347] [39591/0.000514]
  9  18 300, 0.000725 [0.000103/18.945231] [39641/0.000514]
  9  18 350, 0.000744 [0.000104/18.945113] [39691/0.000514]
Epoch 18 done. Evaluation:
(50000, 50000)
(9116, 10000)
  9  19  50, 0.000790 [0.000103/18.944904] [39782/0.000514]
  9  19 100, 0.000734 [0.000102/18.944788] [39832/0.000514]
  9  19 150, 0.000799 [0.000108/18.944674] [39882/0.000514]
  9  19 200, 0.000781 [0.000102/18.944559] [39932/0.000514]
  9  19 250, 0.000809 [0.000107/18.944445] [39982/0.000514]
  9  19 300, 0.000745 [0.000102/18.944329] [40032/0.000514]
  9  19 350, 0.000761 [0.000103/18.944214] [40082/0.000514]
Epoch 19 done. Evaluation:
(50000, 50000)
(9118, 10000)
