Sequential (
  (conv1_1): Sequential (
    (0): Conv2d(3, 32, kernel_size=(3, 3), stride=(1, 1), padding=(1, 1))
    (1): BatchNorm2d(32, eps=1e-05, momentum=0.1, affine=True)
    (2): ReLU (inplace)
  )
  (conv1_2): Sequential (
    (0): Conv2d(32, 32, kernel_size=(3, 3), stride=(1, 1), padding=(1, 1))
    (1): BatchNorm2d(32, eps=1e-05, momentum=0.1, affine=True)
    (2): ReLU (inplace)
  )
  (pool1): MaxPool2d (size=(2, 2), stride=(2, 2), dilation=(1, 1))
  (conv2_1): Sequential (
    (0): Conv2d(32, 64, kernel_size=(3, 3), stride=(1, 1), padding=(1, 1))
    (1): BatchNorm2d(64, eps=1e-05, momentum=0.1, affine=True)
    (2): ReLU (inplace)
  )
  (conv2_2): Sequential (
    (0): Conv2d(64, 64, kernel_size=(3, 3), stride=(1, 1), padding=(1, 1))
    (1): BatchNorm2d(64, eps=1e-05, momentum=0.1, affine=True)
    (2): ReLU (inplace)
  )
  (pool2): MaxPool2d (size=(2, 2), stride=(2, 2), dilation=(1, 1))
  (conv3_1): Sequential (
    (0): Conv2d(64, 128, kernel_size=(3, 3), stride=(1, 1), padding=(1, 1))
    (1): BatchNorm2d(128, eps=1e-05, momentum=0.1, affine=True)
    (2): ReLU (inplace)
  )
  (conv3_2): Sequential (
    (0): Conv2d(128, 128, kernel_size=(3, 3), stride=(1, 1), padding=(1, 1))
    (1): BatchNorm2d(128, eps=1e-05, momentum=0.1, affine=True)
    (2): ReLU (inplace)
  )
  (pool3): MaxPool2d (size=(2, 2), stride=(2, 2), dilation=(1, 1))
  (conv4_1): Sequential (
    (0): Conv2d(128, 256, kernel_size=(3, 3), stride=(1, 1), padding=(1, 1))
    (1): BatchNorm2d(256, eps=1e-05, momentum=0.1, affine=True)
    (2): ReLU (inplace)
  )
  (conv4_2): Sequential (
    (0): Conv2d(256, 256, kernel_size=(3, 3), stride=(1, 1), padding=(1, 1))
    (1): BatchNorm2d(256, eps=1e-05, momentum=0.1, affine=True)
    (2): ReLU (inplace)
  )
  (pool4): MaxPool2d (size=(2, 2), stride=(2, 2), dilation=(1, 1))
  (conv5_1): Sequential (
    (0): Conv2d(256, 256, kernel_size=(3, 3), stride=(1, 1), padding=(1, 1))
    (1): BatchNorm2d(256, eps=1e-05, momentum=0.1, affine=True)
    (2): ReLU (inplace)
  )
  (conv5_2): Sequential (
    (0): Conv2d(256, 256, kernel_size=(3, 3), stride=(1, 1), padding=(1, 1))
    (1): BatchNorm2d(256, eps=1e-05, momentum=0.1, affine=True)
    (2): ReLU (inplace)
  )
  (pool5): MaxPool2d (size=(2, 2), stride=(2, 2), dilation=(1, 1))
  (fc6): Sequential (
    (0): Conv2d(256, 256, kernel_size=(1, 1), stride=(1, 1))
    (1): BatchNorm2d(256, eps=1e-05, momentum=0.1, affine=True)
    (2): ReLU (inplace)
  )
  (logit): Conv2d(256, 10, kernel_size=(1, 1), stride=(1, 1))
  (flatter): Flatten()
)
{'L1_decay': 5e-06,
 'batch_size': 128,
 'force_name': False,
 'graphfolder': 'logs/dxp4_graphs/',
 'learning_rate': 0.1,
 'logfile': 'logs/dxp4.log',
 'mode': '',
 'name': 'dxp4',
 'num_base': 32,
 'optimizer': 'SGD_var_dup2',
 'weight_decay': 0.00016}
0.002120025711
0.022911286814
0.0115574395219
0.0231384178629
0.0114364741521
0.0230346725197
0.0115522807449
0.023078581535
0.0115197002012
0.0115022141154
0.000641587676738
0.000661836251928
Decayed training with schedule: [20, 20, 20, 20, 20, 20, 20, 20, 20, 20]
  0   0  50, 1.821772 [0.444719/67.815870] [   0/1.821772]
  0   0 100, 1.466885 [0.431961/63.885436] [   0/1.466885]
  0   0 150, 1.323086 [0.428601/60.350895] [   0/1.323086]
  0   0 200, 1.244044 [0.405828/57.167459] [   0/1.244044]
  0   0 250, 1.158423 [0.380839/54.297625] [   0/1.158423]
  0   0 300, 1.096840 [0.358603/51.708390] [   0/1.096840]
  0   0 350, 0.994862 [0.374857/49.369892] [   0/0.994862]
Epoch 0 done. Evaluation:
(27118, 50000)
(4972, 10000)
  0   1  50, 0.907752 [0.397096/45.685737] [   0/0.907752]
  0   1 100, 0.914041 [0.389634/43.929455] [  50/0.907752]
  0   1 150, 0.871508 [0.376213/42.338472] [   0/0.871508]
  0   1 200, 0.857894 [0.313022/40.899242] [   0/0.857894]
  0   1 250, 0.854117 [0.385839/39.592484] [   0/0.854117]
  0   1 300, 0.805331 [0.412932/38.409596] [   0/0.805331]
  0   1 350, 0.835714 [0.377247/37.336162] [  50/0.805331]
Epoch 1 done. Evaluation:
(34808, 50000)
(6171, 10000)
  0   2  50, 0.770888 [0.371296/35.632061] [   0/0.770888]
  0   2 100, 0.746886 [0.433722/34.819897] [   0/0.746886]
  0   2 150, 0.748324 [0.403800/34.078196] [  50/0.746886]
  0   2 200, 0.774244 [0.423361/33.399201] [ 100/0.746886]
  0   2 250, 0.734204 [0.455722/32.779315] [   0/0.734204]
  0   2 300, 0.755961 [0.369724/32.214016] [  50/0.734204]
  0   2 350, 0.737414 [0.408543/31.701011] [ 100/0.734204]
Epoch 2 done. Evaluation:
(36817, 50000)
(6368, 10000)
  0   3  50, 0.687710 [0.528569/30.881364] [   0/0.687710]
  0   3 100, 0.725098 [0.389994/30.488965] [  50/0.687710]
  0   3 150, 0.719925 [0.384842/30.118690] [ 100/0.687710]
  0   3 200, 0.706577 [0.380749/29.778919] [ 150/0.687710]
  0   3 250, 0.718490 [0.541594/29.469834] [ 200/0.687710]
  0   3 300, 0.698952 [0.433261/29.172109] [ 250/0.687710]
  0   3 350, 0.721638 [0.414589/28.904213] [ 300/0.687710]
Epoch 3 done. Evaluation:
(37692, 50000)
(6462, 10000)
  0   4  50, 0.670796 [0.524606/28.483635] [   0/0.670796]
  0   4 100, 0.692386 [0.399816/28.251941] [  50/0.670796]
  0   4 150, 0.684780 [0.493063/28.052085] [ 100/0.670796]
  0   4 200, 0.705423 [0.356673/27.868011] [ 150/0.670796]
  0   4 250, 0.656412 [0.422800/27.685646] [   0/0.656412]
  0   4 300, 0.698826 [0.427626/27.518969] [  50/0.656412]
  0   4 350, 0.686256 [0.360108/27.356579] [ 100/0.656412]
Epoch 4 done. Evaluation:
(38306, 50000)
(6456, 10000)
  0   5  50, 0.659050 [0.414613/27.099843] [ 191/0.656412]
  0   5 100, 0.689421 [0.403117/26.972275] [ 241/0.656412]
  0   5 150, 0.646952 [0.447404/26.839874] [   0/0.646952]
  0   5 200, 0.683651 [0.402215/26.720590] [  50/0.646952]
  0   5 250, 0.662463 [0.423759/26.606458] [ 100/0.646952]
  0   5 300, 0.664668 [0.375070/26.497593] [ 150/0.646952]
  0   5 350, 0.664790 [0.540750/26.386642] [ 200/0.646952]
Epoch 5 done. Evaluation:
(38475, 50000)
(6885, 10000)
  0   6  50, 0.633235 [0.394026/26.195410] [   0/0.633235]
  0   6 100, 0.654331 [0.470898/26.096109] [  50/0.633235]
  0   6 150, 0.619630 [0.484786/26.002359] [   0/0.619630]
  0   6 200, 0.659707 [0.498693/25.908553] [  50/0.619630]
  0   6 250, 0.657658 [0.543843/25.819583] [ 100/0.619630]
  0   6 300, 0.646296 [0.381261/25.718169] [ 150/0.619630]
  0   6 350, 0.662340 [0.492096/25.639183] [ 200/0.619630]
Epoch 6 done. Evaluation:
(38939, 50000)
(6458, 10000)
  0   7  50, 0.622925 [0.535252/25.490164] [ 291/0.619630]
  0   7 100, 0.637799 [0.412549/25.417841] [ 341/0.619630]
  0   7 150, 0.650601 [0.460696/25.342207] [ 391/0.619630]
  0   7 200, 0.642782 [0.422368/25.247045] [ 441/0.619630]
  0   7 250, 0.630647 [0.454231/25.154567] [ 491/0.619630]
  0   7 300, 0.625256 [0.425310/25.083302] [ 541/0.619630]
  0   7 350, 0.646456 [0.387487/25.002970] [ 591/0.619630]
Epoch 7 done. Evaluation:
(38983, 50000)
(4911, 10000)
  0   8  50, 0.628510 [0.409971/24.862959] [ 682/0.619630]
  0   8 100, 0.618463 [0.483759/24.790432] [   0/0.618463]
  0   8 150, 0.618764 [0.503288/24.709483] [  50/0.618463]
  0   8 200, 0.656573 [0.411277/24.644930] [ 100/0.618463]
  0   8 250, 0.623860 [0.569706/24.565923] [ 150/0.618463]
  0   8 300, 0.632719 [0.438927/24.498234] [ 200/0.618463]
  0   8 350, 0.653196 [0.444952/24.424951] [ 250/0.618463]
Epoch 8 done. Evaluation:
(39175, 50000)
(4134, 10000)
  0   9  50, 0.628703 [0.397620/24.311389] [ 341/0.618463]
  0   9 100, 0.590183 [0.415903/24.230276] [   0/0.590183]
  0   9 150, 0.645372 [0.414872/24.164412] [  50/0.590183]
  0   9 200, 0.624523 [0.517357/24.082963] [ 100/0.590183]
  0   9 250, 0.635030 [0.453174/24.019394] [ 150/0.590183]
  0   9 300, 0.633367 [0.507258/23.951066] [ 200/0.590183]
  0   9 350, 0.599362 [0.471258/23.885053] [ 250/0.590183]
Epoch 9 done. Evaluation:
(39259, 50000)
(6133, 10000)
  0  10  50, 0.589776 [0.481577/23.756954] [   0/0.589776]
  0  10 100, 0.583467 [0.503190/23.692455] [   0/0.583467]
  0  10 150, 0.609593 [0.501791/23.627075] [  50/0.583467]
  0  10 200, 0.618508 [0.412400/23.553110] [ 100/0.583467]
  0  10 250, 0.615816 [0.373003/23.490326] [ 150/0.583467]
  0  10 300, 0.624642 [0.498990/23.431243] [ 200/0.583467]
  0  10 350, 0.630955 [0.442582/23.364925] [ 250/0.583467]
Epoch 10 done. Evaluation:
(39570, 50000)
(6258, 10000)
  0  11  50, 0.599497 [0.508594/23.251455] [ 341/0.583467]
  0  11 100, 0.610885 [0.563730/23.202618] [ 391/0.583467]
  0  11 150, 0.601729 [0.382424/23.145335] [ 441/0.583467]
  0  11 200, 0.577577 [0.439631/23.080276] [   0/0.577577]
  0  11 250, 0.594351 [0.527389/23.009313] [  50/0.577577]
  0  11 300, 0.629990 [0.536888/22.956360] [ 100/0.577577]
  0  11 350, 0.614849 [0.456212/22.879234] [ 150/0.577577]
Epoch 11 done. Evaluation:
(39744, 50000)
(6572, 10000)
  0  12  50, 0.576739 [0.511187/22.771227] [   0/0.576739]
  0  12 100, 0.615190 [0.409571/22.737180] [  50/0.576739]
  0  12 150, 0.573239 [0.395362/22.661624] [   0/0.573239]
  0  12 200, 0.617136 [0.587140/22.608670] [  50/0.573239]
  0  12 250, 0.620570 [0.469237/22.543788] [ 100/0.573239]
  0  12 300, 0.614062 [0.515033/22.477235] [ 150/0.573239]
  0  12 350, 0.614804 [0.453159/22.418796] [ 200/0.573239]
Epoch 12 done. Evaluation:
(39598, 50000)
(4447, 10000)
  0  13  50, 0.575283 [0.418019/22.313949] [ 291/0.573239]
  0  13 100, 0.584819 [0.444068/22.258071] [ 341/0.573239]
  0  13 150, 0.597919 [0.450309/22.201806] [ 391/0.573239]
  0  13 200, 0.613086 [0.422362/22.140082] [ 441/0.573239]
  0  13 250, 0.573891 [0.434986/22.076498] [ 491/0.573239]
  0  13 300, 0.595234 [0.519736/22.017721] [ 541/0.573239]
  0  13 350, 0.602114 [0.385519/21.951397] [ 591/0.573239]
Epoch 13 done. Evaluation:
(39842, 50000)
(6084, 10000)
  0  14  50, 0.554866 [0.397717/21.854122] [   0/0.554866]
  0  14 100, 0.615514 [0.444848/21.817209] [  50/0.554866]
  0  14 150, 0.594631 [0.537392/21.760287] [ 100/0.554866]
  0  14 200, 0.603571 [0.432860/21.713755] [ 150/0.554866]
  0  14 250, 0.598484 [0.469962/21.645407] [ 200/0.554866]
  0  14 300, 0.625683 [0.440004/21.591323] [ 250/0.554866]
  0  14 350, 0.584915 [0.447753/21.533006] [ 300/0.554866]
Epoch 14 done. Evaluation:
(39814, 50000)
(5313, 10000)
  0  15  50, 0.549255 [0.473820/21.427935] [   0/0.549255]
  0  15 100, 0.578678 [0.537310/21.397024] [  50/0.549255]
  0  15 150, 0.597902 [0.462302/21.356734] [ 100/0.549255]
  0  15 200, 0.584191 [0.499871/21.295934] [ 150/0.549255]
  0  15 250, 0.603798 [0.484188/21.237213] [ 200/0.549255]
  0  15 300, 0.603899 [0.473461/21.181924] [ 250/0.549255]
  0  15 350, 0.614259 [0.398227/21.123112] [ 300/0.549255]
Epoch 15 done. Evaluation:
(39989, 50000)
(4180, 10000)
  0  16  50, 0.583686 [0.476006/21.030861] [ 391/0.549255]
  0  16 100, 0.602382 [0.534575/20.996409] [ 441/0.549255]
  0  16 150, 0.577795 [0.462594/20.932206] [ 491/0.549255]
  0  16 200, 0.578560 [0.468881/20.885267] [ 541/0.549255]
  0  16 250, 0.605807 [0.542099/20.838020] [ 591/0.549255]
  0  16 300, 0.613999 [0.408895/20.786378] [ 641/0.549255]
  0  16 350, 0.578505 [0.351783/20.716250] [ 691/0.549255]
Epoch 16 done. Evaluation:
(39988, 50000)
(5024, 10000)
  0  17  50, 0.583878 [0.416049/20.627745] [ 782/0.549255]
  0  17 100, 0.605483 [0.468792/20.589918] [ 832/0.549255]
  0  17 150, 0.557850 [0.444282/20.526089] [ 882/0.549255]
  0  17 200, 0.604305 [0.496496/20.486805] [ 932/0.549255]
  0  17 250, 0.579092 [0.345045/20.442285] [ 982/0.549255]
  0  17 300, 0.600566 [0.449230/20.393465] [1032/0.549255]
  0  17 350, 0.578220 [0.401645/20.340480] [1082/0.549255]
Epoch 17 done. Evaluation:
(39985, 50000)
(5407, 10000)
  0  18  50, 0.595204 [0.452100/20.261954] [1173/0.549255]
  0  18 100, 0.545303 [0.390397/20.214181] [   0/0.545303]
  0  18 150, 0.591345 [0.387471/20.179241] [  50/0.545303]
  0  18 200, 0.595602 [0.420871/20.121089] [ 100/0.545303]
  0  18 250, 0.603272 [0.394108/20.080966] [ 150/0.545303]
  0  18 300, 0.611356 [0.420568/20.038392] [ 200/0.545303]
  0  18 350, 0.597322 [0.494072/19.977980] [ 250/0.545303]
Epoch 18 done. Evaluation:
(39995, 50000)
(5283, 10000)
  0  19  50, 0.566481 [0.454748/19.911127] [ 341/0.545303]
  0  19 100, 0.554662 [0.519044/19.865308] [ 391/0.545303]
  0  19 150, 0.585971 [0.487437/19.830018] [ 441/0.545303]
  0  19 200, 0.597987 [0.472662/19.793545] [ 491/0.545303]
  0  19 250, 0.580114 [0.467929/19.737373] [ 541/0.545303]
  0  19 300, 0.594982 [0.517320/19.679380] [ 591/0.545303]
  0  19 350, 0.600607 [0.482108/19.627599] [ 641/0.545303]
Epoch 19 done. Evaluation:
(39991, 50000)
(6594, 10000)
  1   0  50, 0.406565 [0.183413/19.498865] [   0/0.406565]
  1   0 100, 0.394669 [0.245900/19.422431] [   0/0.394669]
  1   0 150, 0.421106 [0.233814/19.357723] [  50/0.394669]
  1   0 200, 0.427357 [0.299097/19.302817] [ 100/0.394669]
  1   0 250, 0.442292 [0.299016/19.251341] [ 150/0.394669]
  1   0 300, 0.417535 [0.203046/19.201862] [ 200/0.394669]
  1   0 350, 0.441401 [0.290449/19.163125] [ 250/0.394669]
Epoch 0 done. Evaluation:
(42780, 50000)
(7424, 10000)
  1   1  50, 0.410447 [0.275143/19.098876] [ 341/0.394669]
  1   1 100, 0.391594 [0.295440/19.069439] [   0/0.391594]
  1   1 150, 0.436548 [0.367947/19.041639] [  50/0.391594]
  1   1 200, 0.422746 [0.280890/19.016117] [ 100/0.391594]
  1   1 250, 0.434860 [0.294155/18.996873] [ 150/0.391594]
  1   1 300, 0.438917 [0.266877/18.970047] [ 200/0.391594]
  1   1 350, 0.439619 [0.202006/18.943409] [ 250/0.391594]
Epoch 1 done. Evaluation:
(42630, 50000)
(6871, 10000)
  1   2  50, 0.399676 [0.272143/18.905500] [ 341/0.391594]
  1   2 100, 0.419545 [0.302204/18.887434] [ 391/0.391594]
  1   2 150, 0.431839 [0.276910/18.865479] [ 441/0.391594]
  1   2 200, 0.414036 [0.265795/18.846071] [ 491/0.391594]
  1   2 250, 0.450187 [0.311869/18.829190] [ 541/0.391594]
  1   2 300, 0.429828 [0.316660/18.804380] [ 591/0.391594]
  1   2 350, 0.457181 [0.260067/18.789108] [ 641/0.391594]
Epoch 2 done. Evaluation:
(42783, 50000)
(6098, 10000)
  1   3  50, 0.406493 [0.285630/18.746756] [ 732/0.391594]
  1   3 100, 0.434324 [0.312038/18.732636] [ 782/0.391594]
  1   3 150, 0.418505 [0.299361/18.713084] [ 832/0.391594]
  1   3 200, 0.432916 [0.308673/18.700334] [ 882/0.391594]
  1   3 250, 0.416203 [0.280007/18.678964] [ 932/0.391594]
  1   3 300, 0.443162 [0.249275/18.662465] [ 982/0.391594]
  1   3 350, 0.453907 [0.211844/18.638375] [1032/0.391594]
Epoch 3 done. Evaluation:
(42714, 50000)
(6206, 10000)
  1   4  50, 0.414194 [0.392243/18.610843] [1123/0.391594]
  1   4 100, 0.420976 [0.345616/18.592845] [1173/0.391594]
  1   4 150, 0.433920 [0.268772/18.577143] [1223/0.391594]
  1   4 200, 0.427929 [0.315097/18.559618] [1273/0.391594]
  1   4 250, 0.450392 [0.275007/18.539172] [1323/0.391594]
  1   4 300, 0.407275 [0.350090/18.511707] [1373/0.391594]
  1   4 350, 0.465641 [0.312240/18.494954] [1423/0.391594]
Epoch 4 done. Evaluation:
(42656, 50000)
(6664, 10000)
  1   5  50, 0.403690 [0.294967/18.458174] [1514/0.391594]
  1   5 100, 0.407904 [0.310125/18.437777] [1564/0.391594]
  1   5 150, 0.430681 [0.268938/18.434053] [1614/0.391594]
  1   5 200, 0.417363 [0.249814/18.415383] [1664/0.391594]
  1   5 250, 0.426602 [0.265873/18.398119] [1714/0.391594]
  1   5 300, 0.441343 [0.323424/18.378478] [1764/0.391594]
  1   5 350, 0.408520 [0.277550/18.350704] [1814/0.391594]
Epoch 5 done. Evaluation:
(42830, 50000)
(4529, 10000)
  1   6  50, 0.400233 [0.238746/18.321551] [1905/0.391594]
  1   6 100, 0.384670 [0.324941/18.305960] [   0/0.384670]
  1   6 150, 0.427683 [0.311366/18.297052] [  50/0.384670]
  1   6 200, 0.426067 [0.295619/18.280377] [ 100/0.384670]
  1   6 250, 0.442468 [0.258374/18.263775] [ 150/0.384670]
  1   6 300, 0.438160 [0.340550/18.245465] [ 200/0.384670]
  1   6 350, 0.443738 [0.293750/18.225578] [ 250/0.384670]
Epoch 6 done. Evaluation:
(42766, 50000)
(7150, 10000)
  1   7  50, 0.397970 [0.305073/18.183522] [ 341/0.384670]
  1   7 100, 0.413828 [0.351651/18.173420] [ 391/0.384670]
  1   7 150, 0.419627 [0.249629/18.156324] [ 441/0.384670]
  1   7 200, 0.404014 [0.313515/18.143927] [ 491/0.384670]
  1   7 250, 0.431291 [0.289959/18.130649] [ 541/0.384670]
  1   7 300, 0.404651 [0.293055/18.105143] [ 591/0.384670]
  1   7 350, 0.434180 [0.297795/18.085333] [ 641/0.384670]
Epoch 7 done. Evaluation:
(42847, 50000)
(7598, 10000)
  1   8  50, 0.391955 [0.250904/18.058024] [ 732/0.384670]
  1   8 100, 0.389507 [0.304148/18.041219] [ 782/0.384670]
  1   8 150, 0.424454 [0.313058/18.021349] [ 832/0.384670]
  1   8 200, 0.410584 [0.300846/18.008046] [ 882/0.384670]
  1   8 250, 0.407357 [0.337431/17.995249] [ 932/0.384670]
  1   8 300, 0.451913 [0.241776/17.983042] [ 982/0.384670]
  1   8 350, 0.428889 [0.245711/17.966909] [1032/0.384670]
Epoch 8 done. Evaluation:
(42846, 50000)
(7428, 10000)
  1   9  50, 0.354025 [0.335758/17.929786] [   0/0.354025]
  1   9 100, 0.426166 [0.313513/17.915811] [  50/0.354025]
  1   9 150, 0.403221 [0.352486/17.897784] [ 100/0.354025]
  1   9 200, 0.407948 [0.314623/17.882559] [ 150/0.354025]
  1   9 250, 0.424650 [0.306031/17.866124] [ 200/0.354025]
  1   9 300, 0.426454 [0.285781/17.839343] [ 250/0.354025]
  1   9 350, 0.444268 [0.195625/17.820191] [ 300/0.354025]
Epoch 9 done. Evaluation:
(42921, 50000)
(7518, 10000)
  1  10  50, 0.391027 [0.308711/17.791029] [ 391/0.354025]
  1  10 100, 0.394849 [0.279562/17.772615] [ 441/0.354025]
  1  10 150, 0.392722 [0.288446/17.760422] [ 491/0.354025]
  1  10 200, 0.398402 [0.314049/17.742824] [ 541/0.354025]
  1  10 250, 0.426166 [0.403808/17.733628] [ 591/0.354025]
  1  10 300, 0.442090 [0.315179/17.713876] [ 641/0.354025]
  1  10 350, 0.425291 [0.273566/17.692024] [ 691/0.354025]
Epoch 10 done. Evaluation:
(42954, 50000)
(7486, 10000)
  1  11  50, 0.384083 [0.300452/17.660064] [ 782/0.354025]
  1  11 100, 0.394944 [0.297774/17.643608] [ 832/0.354025]
  1  11 150, 0.398930 [0.283900/17.624931] [ 882/0.354025]
  1  11 200, 0.408044 [0.260488/17.615141] [ 932/0.354025]
  1  11 250, 0.437907 [0.308631/17.604182] [ 982/0.354025]
  1  11 300, 0.420789 [0.337268/17.583374] [1032/0.354025]
  1  11 350, 0.424013 [0.313801/17.561811] [1082/0.354025]
Epoch 11 done. Evaluation:
(42901, 50000)
(6661, 10000)
  1  12  50, 0.390458 [0.348925/17.530893] [1173/0.354025]
  1  12 100, 0.410720 [0.323146/17.517421] [1223/0.354025]
  1  12 150, 0.397042 [0.266505/17.505675] [1273/0.354025]
  1  12 200, 0.420771 [0.215521/17.484412] [1323/0.354025]
  1  12 250, 0.423187 [0.326550/17.472118] [1373/0.354025]
  1  12 300, 0.399310 [0.270512/17.455897] [1423/0.354025]
  1  12 350, 0.399997 [0.226246/17.437026] [1473/0.354025]
Epoch 12 done. Evaluation:
(43007, 50000)
(5087, 10000)
  1  13  50, 0.363658 [0.310933/17.409685] [1564/0.354025]
  1  13 100, 0.409544 [0.329962/17.398839] [1614/0.354025]
  1  13 150, 0.397482 [0.280046/17.379947] [1664/0.354025]
  1  13 200, 0.419220 [0.356265/17.364960] [1714/0.354025]
  1  13 250, 0.413135 [0.220261/17.343499] [1764/0.354025]
  1  13 300, 0.423458 [0.317536/17.319432] [1814/0.354025]
  1  13 350, 0.398731 [0.283409/17.294928] [1864/0.354025]
Epoch 13 done. Evaluation:
(43164, 50000)
(4829, 10000)
  1  14  50, 0.370962 [0.334286/17.266302] [1955/0.354025]
  1  14 100, 0.402878 [0.304383/17.250079] [2005/0.354025]
  1  14 150, 0.420248 [0.317807/17.244910] [2055/0.354025]
  1  14 200, 0.408334 [0.310690/17.232532] [2105/0.354025]
  1  14 250, 0.419546 [0.231935/17.218219] [2155/0.354025]
  1  14 300, 0.400564 [0.251268/17.191916] [2205/0.354025]
  1  14 350, 0.410412 [0.267058/17.164908] [2255/0.354025]
Epoch 14 done. Evaluation:
(43014, 50000)
(7241, 10000)
  1  15  50, 0.388886 [0.242309/17.139844] [2346/0.354025]
  1  15 100, 0.395315 [0.265037/17.133199] [2396/0.354025]
  1  15 150, 0.408025 [0.360736/17.122582] [2446/0.354025]
  1  15 200, 0.426350 [0.314643/17.109379] [2496/0.354025]
  1  15 250, 0.392594 [0.324311/17.082175] [2546/0.354025]
  1  15 300, 0.418268 [0.304093/17.080377] [2596/0.354025]
  1  15 350, 0.410161 [0.286775/17.058760] [2646/0.354025]
Epoch 15 done. Evaluation:
(43044, 50000)
(3608, 10000)
  1  16  50, 0.382667 [0.300656/17.025354] [2737/0.354025]
  1  16 100, 0.384342 [0.273139/17.013443] [2787/0.354025]
  1  16 150, 0.404239 [0.362485/17.009125] [2837/0.354025]
  1  16 200, 0.407212 [0.252415/17.001183] [2887/0.354025]
  1  16 250, 0.417354 [0.312996/16.987607] [2937/0.354025]
  1  16 300, 0.416587 [0.266284/16.973140] [2987/0.354025]
  1  16 350, 0.421495 [0.345558/16.951127] [3037/0.354025]
Epoch 16 done. Evaluation:
(43087, 50000)
(7290, 10000)
  1  17  50, 0.375540 [0.284940/16.907987] [3128/0.354025]
  1  17 100, 0.381760 [0.315505/16.901484] [3178/0.354025]
  1  17 150, 0.396788 [0.266434/16.888249] [3228/0.354025]
  1  17 200, 0.402810 [0.318638/16.873772] [3278/0.354025]
  1  17 250, 0.432288 [0.336500/16.863096] [3328/0.354025]
  1  17 300, 0.422413 [0.293732/16.850689] [3378/0.354025]
  1  17 350, 0.417648 [0.313002/16.830779] [3428/0.354025]
Epoch 17 done. Evaluation:
(43013, 50000)
(7451, 10000)
  1  18  50, 0.366925 [0.381710/16.812537] [3519/0.354025]
  1  18 100, 0.392857 [0.287813/16.795645] [3569/0.354025]
  1  18 150, 0.375464 [0.324873/16.782003] [3619/0.354025]
  1  18 200, 0.417987 [0.311242/16.775695] [3669/0.354025]
  1  18 250, 0.434370 [0.314987/16.762788] [3719/0.354025]
  1  18 300, 0.407716 [0.269402/16.743234] [3769/0.354025]
  1  18 350, 0.428145 [0.242974/16.719505] [3819/0.354025]
Epoch 18 done. Evaluation:
(43106, 50000)
(6825, 10000)
  1  19  50, 0.366611 [0.299959/16.697932] [3910/0.354025]
  1  19 100, 0.389731 [0.371871/16.684951] [3960/0.354025]
  1  19 150, 0.388572 [0.298212/16.670529] [4010/0.354025]
  1  19 200, 0.424310 [0.291436/16.659069] [4060/0.354025]
  1  19 250, 0.408883 [0.353434/16.639364] [4110/0.354025]
  1  19 300, 0.403222 [0.257609/16.614661] [4160/0.354025]
  1  19 350, 0.415792 [0.323328/16.600764] [4210/0.354025]
Epoch 19 done. Evaluation:
(43137, 50000)
(6934, 10000)
  2   0  50, 0.289290 [0.118724/16.538575] [   0/0.289290]
  2   0 100, 0.256522 [0.137454/16.496686] [   0/0.256522]
  2   0 150, 0.238137 [0.125828/16.458692] [   0/0.238137]
  2   0 200, 0.240644 [0.192777/16.422168] [  50/0.238137]
  2   0 250, 0.254442 [0.153583/16.391497] [ 100/0.238137]
  2   0 300, 0.275367 [0.156109/16.362705] [ 150/0.238137]
  2   0 350, 0.253892 [0.149274/16.336040] [ 200/0.238137]
Epoch 0 done. Evaluation:
(45609, 50000)
(7590, 10000)
  2   1  50, 0.231664 [0.136491/16.293560] [   0/0.231664]
  2   1 100, 0.248751 [0.198900/16.273605] [  50/0.231664]
  2   1 150, 0.229115 [0.156803/16.257189] [   0/0.229115]
  2   1 200, 0.262497 [0.158384/16.243612] [  50/0.229115]
  2   1 250, 0.260497 [0.170285/16.229443] [ 100/0.229115]
  2   1 300, 0.260749 [0.197232/16.214741] [ 150/0.229115]
  2   1 350, 0.287602 [0.185334/16.201394] [ 200/0.229115]
Epoch 1 done. Evaluation:
(45669, 50000)
(8077, 10000)
  2   2  50, 0.227359 [0.190011/16.172857] [   0/0.227359]
  2   2 100, 0.249928 [0.181230/16.165814] [  50/0.227359]
  2   2 150, 0.255794 [0.207483/16.155924] [ 100/0.227359]
  2   2 200, 0.255850 [0.248495/16.145075] [ 150/0.227359]
  2   2 250, 0.257297 [0.196833/16.135782] [ 200/0.227359]
  2   2 300, 0.285508 [0.173629/16.129161] [ 250/0.227359]
  2   2 350, 0.288437 [0.195091/16.122345] [ 300/0.227359]
Epoch 2 done. Evaluation:
(45465, 50000)
(7273, 10000)
  2   3  50, 0.235400 [0.136026/16.102231] [ 391/0.227359]
  2   3 100, 0.235572 [0.187334/16.092819] [ 441/0.227359]
  2   3 150, 0.265216 [0.193338/16.092979] [ 491/0.227359]
  2   3 200, 0.281953 [0.230674/16.086559] [ 541/0.227359]
  2   3 250, 0.288602 [0.190421/16.083787] [ 591/0.227359]
  2   3 300, 0.274577 [0.203467/16.075642] [ 641/0.227359]
  2   3 350, 0.267892 [0.249198/16.067135] [ 691/0.227359]
Epoch 3 done. Evaluation:
(45485, 50000)
(5491, 10000)
  2   4  50, 0.234418 [0.218556/16.053340] [ 782/0.227359]
  2   4 100, 0.241900 [0.158209/16.046966] [ 832/0.227359]
  2   4 150, 0.235612 [0.151581/16.039950] [ 882/0.227359]
  2   4 200, 0.281988 [0.213220/16.040347] [ 932/0.227359]
  2   4 250, 0.256622 [0.145143/16.032361] [ 982/0.227359]
  2   4 300, 0.282084 [0.100043/16.028766] [1032/0.227359]
  2   4 350, 0.266838 [0.163445/16.022326] [1082/0.227359]
Epoch 4 done. Evaluation:
(45523, 50000)
(7560, 10000)
  2   5  50, 0.240196 [0.173751/16.016115] [1173/0.227359]
  2   5 100, 0.244772 [0.181777/16.010758] [1223/0.227359]
  2   5 150, 0.269645 [0.178942/16.012627] [1273/0.227359]
  2   5 200, 0.267778 [0.221675/16.009733] [1323/0.227359]
  2   5 250, 0.261479 [0.234400/16.003294] [1373/0.227359]
  2   5 300, 0.263337 [0.227154/15.998620] [1423/0.227359]
  2   5 350, 0.288129 [0.203378/15.994357] [1473/0.227359]
Epoch 5 done. Evaluation:
(45465, 50000)
(8053, 10000)
  2   6  50, 0.229968 [0.148058/15.983097] [1564/0.227359]
  2   6 100, 0.249911 [0.194854/15.979320] [1614/0.227359]
  2   6 150, 0.265650 [0.182501/15.978378] [1664/0.227359]
  2   6 200, 0.269305 [0.169070/15.977717] [1714/0.227359]
  2   6 250, 0.269567 [0.218537/15.970667] [1764/0.227359]
  2   6 300, 0.263321 [0.126085/15.963610] [1814/0.227359]
  2   6 350, 0.284045 [0.149353/15.960700] [1864/0.227359]
Epoch 6 done. Evaluation:
(45455, 50000)
(7969, 10000)
  2   7  50, 0.238594 [0.214962/15.946810] [1955/0.227359]
  2   7 100, 0.251235 [0.203239/15.940634] [2005/0.227359]
  2   7 150, 0.239677 [0.194169/15.933232] [2055/0.227359]
  2   7 200, 0.260487 [0.189342/15.926640] [2105/0.227359]
  2   7 250, 0.281044 [0.203603/15.925953] [2155/0.227359]
  2   7 300, 0.290481 [0.143328/15.917607] [2205/0.227359]
  2   7 350, 0.289996 [0.217627/15.913288] [2255/0.227359]
Epoch 7 done. Evaluation:
(45470, 50000)
(7372, 10000)
  2   8  50, 0.237002 [0.195657/15.899322] [2346/0.227359]
  2   8 100, 0.230379 [0.222185/15.890484] [2396/0.227359]
  2   8 150, 0.245105 [0.203236/15.883887] [2446/0.227359]
  2   8 200, 0.255982 [0.172968/15.884183] [2496/0.227359]
  2   8 250, 0.270170 [0.301347/15.879651] [2546/0.227359]
  2   8 300, 0.284926 [0.194624/15.877044] [2596/0.227359]
  2   8 350, 0.287019 [0.282233/15.875798] [2646/0.227359]
Epoch 8 done. Evaluation:
(45593, 50000)
(8029, 10000)
  2   9  50, 0.204323 [0.220406/15.855603] [   0/0.204323]
  2   9 100, 0.252809 [0.234770/15.851764] [  50/0.204323]
  2   9 150, 0.236153 [0.166771/15.844150] [ 100/0.204323]
  2   9 200, 0.255672 [0.184910/15.841526] [ 150/0.204323]
  2   9 250, 0.277571 [0.213192/15.844087] [ 200/0.204323]
  2   9 300, 0.282458 [0.217676/15.840677] [ 250/0.204323]
  2   9 350, 0.273531 [0.176447/15.833416] [ 300/0.204323]
Epoch 9 done. Evaluation:
(45634, 50000)
(7870, 10000)
  2  10  50, 0.228869 [0.200535/15.821568] [ 391/0.204323]
  2  10 100, 0.247863 [0.151832/15.817879] [ 441/0.204323]
  2  10 150, 0.242671 [0.179863/15.811571] [ 491/0.204323]
  2  10 200, 0.278748 [0.225112/15.808891] [ 541/0.204323]
  2  10 250, 0.257867 [0.156347/15.803932] [ 591/0.204323]
  2  10 300, 0.262271 [0.219995/15.804455] [ 641/0.204323]
  2  10 350, 0.292108 [0.158203/15.799662] [ 691/0.204323]
Epoch 10 done. Evaluation:
(45517, 50000)
(5640, 10000)
  2  11  50, 0.237505 [0.189260/15.783584] [ 782/0.204323]
  2  11 100, 0.242332 [0.229298/15.776182] [ 832/0.204323]
  2  11 150, 0.249324 [0.197216/15.769963] [ 882/0.204323]
  2  11 200, 0.266436 [0.192483/15.767115] [ 932/0.204323]
  2  11 250, 0.249864 [0.178621/15.764746] [ 982/0.204323]
  2  11 300, 0.270980 [0.159660/15.759544] [1032/0.204323]
  2  11 350, 0.263838 [0.183596/15.751349] [1082/0.204323]
Epoch 11 done. Evaluation:
(45606, 50000)
(7546, 10000)
  2  12  50, 0.247619 [0.185799/15.741792] [1173/0.204323]
  2  12 100, 0.238590 [0.189213/15.735367] [1223/0.204323]
  2  12 150, 0.238538 [0.180174/15.730490] [1273/0.204323]
  2  12 200, 0.250720 [0.230179/15.727610] [1323/0.204323]
  2  12 250, 0.266302 [0.223578/15.723697] [1373/0.204323]
  2  12 300, 0.275368 [0.180430/15.722934] [1423/0.204323]
  2  12 350, 0.251034 [0.170870/15.714366] [1473/0.204323]
Epoch 12 done. Evaluation:
(45615, 50000)
(6334, 10000)
  2  13  50, 0.232190 [0.194962/15.710216] [1564/0.204323]
  2  13 100, 0.234282 [0.179055/15.704828] [1614/0.204323]
  2  13 150, 0.261855 [0.234890/15.702777] [1664/0.204323]
  2  13 200, 0.266032 [0.172690/15.698366] [1714/0.204323]
  2  13 250, 0.273612 [0.225457/15.692369] [1764/0.204323]
  2  13 300, 0.254936 [0.136244/15.683537] [1814/0.204323]
  2  13 350, 0.266733 [0.217879/15.677219] [1864/0.204323]
Epoch 13 done. Evaluation:
(45588, 50000)
(8249, 10000)
  2  14  50, 0.214492 [0.160985/15.663621] [1955/0.204323]
  2  14 100, 0.238524 [0.265662/15.661108] [2005/0.204323]
  2  14 150, 0.237956 [0.233563/15.654008] [2055/0.204323]
  2  14 200, 0.254304 [0.176045/15.650259] [2105/0.204323]
  2  14 250, 0.254994 [0.196270/15.645434] [2155/0.204323]
  2  14 300, 0.273565 [0.246409/15.642098] [2205/0.204323]
  2  14 350, 0.263449 [0.198446/15.636074] [2255/0.204323]
Epoch 14 done. Evaluation:
(45606, 50000)
(7968, 10000)
  2  15  50, 0.202994 [0.189927/15.623958] [   0/0.202994]
  2  15 100, 0.225129 [0.192021/15.623763] [  50/0.202994]
  2  15 150, 0.257795 [0.212128/15.624041] [ 100/0.202994]
  2  15 200, 0.252156 [0.195258/15.616530] [ 150/0.202994]
  2  15 250, 0.250316 [0.177952/15.613582] [ 200/0.202994]
  2  15 300, 0.278366 [0.166872/15.609462] [ 250/0.202994]
  2  15 350, 0.282609 [0.222233/15.604846] [ 300/0.202994]
Epoch 15 done. Evaluation:
(45685, 50000)
(7134, 10000)
  2  16  50, 0.235665 [0.195940/15.592405] [ 391/0.202994]
  2  16 100, 0.214063 [0.184542/15.581883] [ 441/0.202994]
  2  16 150, 0.238407 [0.220636/15.577552] [ 491/0.202994]
  2  16 200, 0.253628 [0.168587/15.574896] [ 541/0.202994]
  2  16 250, 0.257901 [0.227563/15.566392] [ 591/0.202994]
  2  16 300, 0.270596 [0.198258/15.565190] [ 641/0.202994]
  2  16 350, 0.279610 [0.181480/15.561249] [ 691/0.202994]
Epoch 16 done. Evaluation:
(45744, 50000)
(7910, 10000)
  2  17  50, 0.231198 [0.176115/15.544060] [ 782/0.202994]
  2  17 100, 0.233685 [0.249744/15.535755] [ 832/0.202994]
  2  17 150, 0.262448 [0.212962/15.532187] [ 882/0.202994]
  2  17 200, 0.241233 [0.183154/15.526585] [ 932/0.202994]
  2  17 250, 0.266681 [0.205872/15.526795] [ 982/0.202994]
  2  17 300, 0.272398 [0.293379/15.523751] [1032/0.202994]
  2  17 350, 0.293259 [0.166552/15.518832] [1082/0.202994]
Epoch 17 done. Evaluation:
(45595, 50000)
(7157, 10000)
  2  18  50, 0.222574 [0.210699/15.506068] [1173/0.202994]
  2  18 100, 0.249319 [0.203576/15.503029] [1223/0.202994]
  2  18 150, 0.255740 [0.181443/15.497642] [1273/0.202994]
  2  18 200, 0.257119 [0.181367/15.489598] [1323/0.202994]
  2  18 250, 0.231360 [0.213145/15.480813] [1373/0.202994]
  2  18 300, 0.250713 [0.203303/15.473303] [1423/0.202994]
  2  18 350, 0.285237 [0.150689/15.473984] [1473/0.202994]
Epoch 18 done. Evaluation:
(45619, 50000)
(7264, 10000)
  2  19  50, 0.218332 [0.179046/15.463696] [1564/0.202994]
  2  19 100, 0.222875 [0.142538/15.453378] [1614/0.202994]
  2  19 150, 0.240622 [0.162062/15.448474] [1664/0.202994]
  2  19 200, 0.243551 [0.183074/15.443888] [1714/0.202994]
  2  19 250, 0.269118 [0.301082/15.445528] [1764/0.202994]
  2  19 300, 0.275352 [0.166510/15.440806] [1814/0.202994]
  2  19 350, 0.263668 [0.183928/15.430815] [1864/0.202994]
Epoch 19 done. Evaluation:
(45686, 50000)
(7288, 10000)
  3   0  50, 0.151582 [0.062995/15.400397] [   0/0.151582]
  3   0 100, 0.128909 [0.120071/15.378275] [   0/0.128909]
  3   0 150, 0.140049 [0.093017/15.356853] [  50/0.128909]
  3   0 200, 0.123963 [0.079357/15.335352] [   0/0.123963]
  3   0 250, 0.134459 [0.096739/15.315456] [  50/0.123963]
  3   0 300, 0.135616 [0.097325/15.297465] [ 100/0.123963]
  3   0 350, 0.131673 [0.101956/15.279015] [ 150/0.123963]
Epoch 0 done. Evaluation:
(47822, 50000)
(8701, 10000)
  3   1  50, 0.093854 [0.093287/15.244117] [   0/0.093854]
  3   1 100, 0.098641 [0.073727/15.225774] [  50/0.093854]
  3   1 150, 0.098736 [0.077534/15.208986] [ 100/0.093854]
  3   1 200, 0.116783 [0.099219/15.193938] [ 150/0.093854]
  3   1 250, 0.117874 [0.132960/15.179940] [ 200/0.093854]
  3   1 300, 0.118512 [0.124468/15.168120] [ 250/0.093854]
  3   1 350, 0.118023 [0.093575/15.155242] [ 300/0.093854]
Epoch 1 done. Evaluation:
(48194, 50000)
(8481, 10000)
  3   2  50, 0.101943 [0.109376/15.131304] [ 391/0.093854]
  3   2 100, 0.102650 [0.122594/15.119922] [ 441/0.093854]
  3   2 150, 0.106516 [0.123703/15.109422] [ 491/0.093854]
  3   2 200, 0.116151 [0.117702/15.100994] [ 541/0.093854]
  3   2 250, 0.112126 [0.127283/15.092208] [ 591/0.093854]
  3   2 300, 0.111577 [0.100484/15.082620] [ 641/0.093854]
  3   2 350, 0.123540 [0.094058/15.075269] [ 691/0.093854]
Epoch 2 done. Evaluation:
(48059, 50000)
(8425, 10000)
  3   3  50, 0.102564 [0.112443/15.062427] [ 782/0.093854]
  3   3 100, 0.108322 [0.122142/15.055885] [ 832/0.093854]
  3   3 150, 0.117626 [0.119532/15.049054] [ 882/0.093854]
  3   3 200, 0.138002 [0.146560/15.045302] [ 932/0.093854]
  3   3 250, 0.132408 [0.109475/15.039451] [ 982/0.093854]
  3   3 300, 0.137064 [0.134679/15.034552] [1032/0.093854]
  3   3 350, 0.156593 [0.127595/15.032913] [1082/0.093854]
Epoch 3 done. Evaluation:
(47758, 50000)
(7958, 10000)
  3   4  50, 0.109522 [0.150133/15.022218] [1173/0.093854]
  3   4 100, 0.109276 [0.100013/15.014062] [1223/0.093854]
  3   4 150, 0.137825 [0.093197/15.008659] [1273/0.093854]
  3   4 200, 0.125502 [0.140474/15.004131] [1323/0.093854]
  3   4 250, 0.150590 [0.096544/15.001848] [1373/0.093854]
  3   4 300, 0.140819 [0.138248/14.996849] [1423/0.093854]
  3   4 350, 0.145836 [0.141224/14.993757] [1473/0.093854]
Epoch 4 done. Evaluation:
(47741, 50000)
(7724, 10000)
  3   5  50, 0.110579 [0.111225/14.984423] [1564/0.093854]
  3   5 100, 0.111633 [0.141884/14.977692] [1614/0.093854]
  3   5 150, 0.119267 [0.117779/14.971778] [1664/0.093854]
  3   5 200, 0.135088 [0.170886/14.969362] [1714/0.093854]
  3   5 250, 0.123301 [0.082180/14.966261] [1764/0.093854]
  3   5 300, 0.149382 [0.134944/14.963922] [1814/0.093854]
  3   5 350, 0.160892 [0.138072/14.964267] [1864/0.093854]
Epoch 5 done. Evaluation:
(47697, 50000)
(8558, 10000)
  3   6  50, 0.103003 [0.112676/14.955479] [1955/0.093854]
  3   6 100, 0.115383 [0.109204/14.950201] [2005/0.093854]
  3   6 150, 0.115557 [0.119878/14.945656] [2055/0.093854]
  3   6 200, 0.137851 [0.122060/14.942833] [2105/0.093854]
  3   6 250, 0.146485 [0.084651/14.940301] [2155/0.093854]
  3   6 300, 0.136467 [0.115340/14.935811] [2205/0.093854]
  3   6 350, 0.145124 [0.105300/14.934377] [2255/0.093854]
Epoch 6 done. Evaluation:
(47793, 50000)
(7057, 10000)
  3   7  50, 0.125268 [0.108471/14.929609] [2346/0.093854]
  3   7 100, 0.125899 [0.111666/14.924323] [2396/0.093854]
  3   7 150, 0.124037 [0.119111/14.921116] [2446/0.093854]
  3   7 200, 0.137825 [0.170225/14.919231] [2496/0.093854]
  3   7 250, 0.145888 [0.156562/14.919503] [2546/0.093854]
  3   7 300, 0.162757 [0.121824/14.918930] [2596/0.093854]
  3   7 350, 0.144068 [0.108259/14.917823] [2646/0.093854]
Epoch 7 done. Evaluation:
(47592, 50000)
(7941, 10000)
  3   8  50, 0.131148 [0.115872/14.911885] [2737/0.093854]
  3   8 100, 0.123053 [0.127147/14.907530] [2787/0.093854]
  3   8 150, 0.120054 [0.134781/14.901610] [2837/0.093854]
  3   8 200, 0.127206 [0.106032/14.898465] [2887/0.093854]
  3   8 250, 0.124946 [0.100448/14.895110] [2937/0.093854]
  3   8 300, 0.134686 [0.159081/14.893684] [2987/0.093854]
  3   8 350, 0.167245 [0.108155/14.894886] [3037/0.093854]
Epoch 8 done. Evaluation:
(47708, 50000)
(7397, 10000)
  3   9  50, 0.122064 [0.063871/14.891220] [3128/0.093854]
  3   9 100, 0.115394 [0.126456/14.886417] [3178/0.093854]
  3   9 150, 0.125206 [0.164834/14.882062] [3228/0.093854]
  3   9 200, 0.133812 [0.143974/14.880119] [3278/0.093854]
  3   9 250, 0.139308 [0.115920/14.877963] [3328/0.093854]
  3   9 300, 0.148100 [0.104703/14.877401] [3378/0.093854]
  3   9 350, 0.153596 [0.163396/14.878389] [3428/0.093854]
Epoch 9 done. Evaluation:
(47710, 50000)
(8203, 10000)
  3  10  50, 0.115017 [0.111173/14.870699] [3519/0.093854]
  3  10 100, 0.127997 [0.053347/14.867759] [3569/0.093854]
  3  10 150, 0.114287 [0.096595/14.861559] [3619/0.093854]
  3  10 200, 0.131074 [0.171135/14.859165] [3669/0.093854]
  3  10 250, 0.143036 [0.121337/14.858654] [3719/0.093854]
  3  10 300, 0.168282 [0.154042/14.860760] [3769/0.093854]
  3  10 350, 0.154891 [0.119378/14.857365] [3819/0.093854]
Epoch 10 done. Evaluation:
(47638, 50000)
(7583, 10000)
  3  11  50, 0.110734 [0.093349/14.848036] [3910/0.093854]
  3  11 100, 0.113080 [0.097953/14.842344] [3960/0.093854]
  3  11 150, 0.130846 [0.126953/14.842217] [4010/0.093854]
  3  11 200, 0.123140 [0.150403/14.837610] [4060/0.093854]
  3  11 250, 0.137678 [0.146840/14.837812] [4110/0.093854]
  3  11 300, 0.152813 [0.151500/14.837087] [4160/0.093854]
  3  11 350, 0.131672 [0.119829/14.833808] [4210/0.093854]
Epoch 11 done. Evaluation:
(47773, 50000)
(8260, 10000)
  3  12  50, 0.110025 [0.122034/14.827284] [4301/0.093854]
  3  12 100, 0.115663 [0.137021/14.822197] [4351/0.093854]
  3  12 150, 0.134488 [0.122625/14.820637] [4401/0.093854]
  3  12 200, 0.125718 [0.120917/14.817608] [4451/0.093854]
  3  12 250, 0.139146 [0.123383/14.813487] [4501/0.093854]
  3  12 300, 0.146643 [0.183343/14.813020] [4551/0.093854]
  3  12 350, 0.159142 [0.158705/14.814034] [4601/0.093854]
Epoch 12 done. Evaluation:
(47726, 50000)
(8162, 10000)
  3  13  50, 0.112367 [0.109783/14.805854] [4692/0.093854]
  3  13 100, 0.126231 [0.189794/14.803682] [4742/0.093854]
  3  13 150, 0.131846 [0.106839/14.801159] [4792/0.093854]
  3  13 200, 0.126257 [0.107132/14.799076] [4842/0.093854]
  3  13 250, 0.149235 [0.151779/14.800892] [4892/0.093854]
  3  13 300, 0.147517 [0.082798/14.800297] [4942/0.093854]
  3  13 350, 0.157578 [0.101422/14.799638] [4992/0.093854]
Epoch 13 done. Evaluation:
(47641, 50000)
(7770, 10000)
  3  14  50, 0.107243 [0.093842/14.791029] [5083/0.093854]
  3  14 100, 0.127365 [0.125162/14.786954] [5133/0.093854]
  3  14 150, 0.116036 [0.134552/14.781070] [5183/0.093854]
  3  14 200, 0.122829 [0.142152/14.777859] [5233/0.093854]
  3  14 250, 0.136002 [0.085798/14.776915] [5283/0.093854]
  3  14 300, 0.149769 [0.118734/14.776780] [5333/0.093854]
  3  14 350, 0.143007 [0.164131/14.777268] [5383/0.093854]
Epoch 14 done. Evaluation:
(47775, 50000)
(8276, 10000)
  3  15  50, 0.111487 [0.098843/14.769640] [5474/0.093854]
  3  15 100, 0.124199 [0.125546/14.768791] [5524/0.093854]
  3  15 150, 0.143588 [0.139087/14.769007] [5574/0.093854]
  3  15 200, 0.138997 [0.113576/14.766583] [5624/0.093854]
  3  15 250, 0.138131 [0.113925/14.764560] [5674/0.093854]
  3  15 300, 0.140336 [0.165670/14.763937] [5724/0.093854]
  3  15 350, 0.149227 [0.140286/14.762660] [5774/0.093854]
Epoch 15 done. Evaluation:
(47643, 50000)
(8366, 10000)
  3  16  50, 0.111880 [0.130105/14.755313] [5865/0.093854]
  3  16 100, 0.112093 [0.061455/14.749482] [5915/0.093854]
  3  16 150, 0.134466 [0.139567/14.749054] [5965/0.093854]
  3  16 200, 0.131220 [0.182688/14.746218] [6015/0.093854]
  3  16 250, 0.148901 [0.108986/14.746535] [6065/0.093854]
  3  16 300, 0.142149 [0.115158/14.744078] [6115/0.093854]
  3  16 350, 0.140759 [0.138069/14.742109] [6165/0.093854]
Epoch 16 done. Evaluation:
(47711, 50000)
(7999, 10000)
  3  17  50, 0.120999 [0.132064/14.737944] [6256/0.093854]
  3  17 100, 0.109479 [0.054683/14.731710] [6306/0.093854]
  3  17 150, 0.120069 [0.114604/14.728765] [6356/0.093854]
  3  17 200, 0.130351 [0.130047/14.726802] [6406/0.093854]
  3  17 250, 0.149502 [0.146713/14.729679] [6456/0.093854]
  3  17 300, 0.162333 [0.135056/14.731714] [6506/0.093854]
  3  17 350, 0.139801 [0.158445/14.731021] [6556/0.093854]
Epoch 17 done. Evaluation:
(47650, 50000)
(8573, 10000)
  3  18  50, 0.117965 [0.090982/14.724505] [6647/0.093854]
  3  18 100, 0.125835 [0.129767/14.721227] [6697/0.093854]
  3  18 150, 0.121718 [0.120445/14.716122] [6747/0.093854]
  3  18 200, 0.138121 [0.117397/14.717150] [6797/0.093854]
  3  18 250, 0.136343 [0.136507/14.714840] [6847/0.093854]
  3  18 300, 0.147159 [0.106722/14.711827] [6897/0.093854]
  3  18 350, 0.135580 [0.164220/14.709873] [6947/0.093854]
Epoch 18 done. Evaluation:
(47670, 50000)
(7140, 10000)
  3  19  50, 0.118842 [0.155326/14.707033] [7038/0.093854]
  3  19 100, 0.114814 [0.181142/14.700581] [7088/0.093854]
  3  19 150, 0.113261 [0.155841/14.694993] [7138/0.093854]
  3  19 200, 0.142341 [0.124461/14.695160] [7188/0.093854]
  3  19 250, 0.143595 [0.101753/14.693718] [7238/0.093854]
  3  19 300, 0.148560 [0.137272/14.695009] [7288/0.093854]
  3  19 350, 0.143787 [0.166029/14.694037] [7338/0.093854]
Epoch 19 done. Evaluation:
(47700, 50000)
(8378, 10000)
  4   0  50, 0.074861 [0.027648/14.682727] [   0/0.074861]
  4   0 100, 0.065868 [0.023844/14.671681] [   0/0.065868]
  4   0 150, 0.051669 [0.041385/14.660095] [   0/0.051669]
  4   0 200, 0.054430 [0.047677/14.648865] [  50/0.051669]
  4   0 250, 0.059825 [0.053203/14.638314] [ 100/0.051669]
  4   0 300, 0.054435 [0.029390/14.627746] [ 150/0.051669]
  4   0 350, 0.046651 [0.056023/14.616980] [   0/0.046651]
Epoch 0 done. Evaluation:
(49082, 50000)
(8849, 10000)
  4   1  50, 0.033817 [0.052523/14.597441] [   0/0.033817]
  4   1 100, 0.029067 [0.046643/14.585758] [   0/0.029067]
  4   1 150, 0.026963 [0.026530/14.574182] [   0/0.026963]
  4   1 200, 0.036303 [0.080437/14.563280] [  50/0.026963]
  4   1 250, 0.029837 [0.037449/14.552457] [ 100/0.026963]
  4   1 300, 0.033929 [0.051144/14.541739] [ 150/0.026963]
  4   1 350, 0.031241 [0.066488/14.531117] [ 200/0.026963]
Epoch 1 done. Evaluation:
(49554, 50000)
(8798, 10000)
  4   2  50, 0.026139 [0.018770/14.511716] [   0/0.026139]
  4   2 100, 0.022808 [0.012025/14.500553] [   0/0.022808]
  4   2 150, 0.021137 [0.013843/14.489365] [   0/0.021137]
  4   2 200, 0.026481 [0.020220/14.478972] [  50/0.021137]
  4   2 250, 0.030266 [0.051738/14.469363] [ 100/0.021137]
  4   2 300, 0.029916 [0.032400/14.459923] [ 150/0.021137]
  4   2 350, 0.030734 [0.050023/14.450372] [ 200/0.021137]
Epoch 2 done. Evaluation:
(49615, 50000)
(8840, 10000)
  4   3  50, 0.022499 [0.058704/14.432473] [ 291/0.021137]
  4   3 100, 0.026528 [0.022530/14.423160] [ 341/0.021137]
  4   3 150, 0.023430 [0.022179/14.413122] [ 391/0.021137]
  4   3 200, 0.027194 [0.068197/14.403896] [ 441/0.021137]
  4   3 250, 0.028993 [0.062723/14.395302] [ 491/0.021137]
  4   3 300, 0.025496 [0.055895/14.386356] [ 541/0.021137]
  4   3 350, 0.030081 [0.023111/14.378564] [ 591/0.021137]
Epoch 3 done. Evaluation:
(49618, 50000)
(8857, 10000)
  4   4  50, 0.031984 [0.049031/14.365113] [ 682/0.021137]
  4   4 100, 0.028107 [0.091211/14.357313] [ 732/0.021137]
  4   4 150, 0.027819 [0.033075/14.349220] [ 782/0.021137]
  4   4 200, 0.030920 [0.019154/14.341575] [ 832/0.021137]
  4   4 250, 0.030475 [0.049101/14.334441] [ 882/0.021137]
  4   4 300, 0.041687 [0.069401/14.328505] [ 932/0.021137]
  4   4 350, 0.044284 [0.074345/14.323176] [ 982/0.021137]
Epoch 4 done. Evaluation:
(49455, 50000)
(8759, 10000)
  4   5  50, 0.032399 [0.046319/14.311303] [1073/0.021137]
  4   5 100, 0.036008 [0.054450/14.305214] [1123/0.021137]
  4   5 150, 0.038143 [0.072834/14.299707] [1173/0.021137]
  4   5 200, 0.033138 [0.057062/14.293199] [1223/0.021137]
  4   5 250, 0.039100 [0.059811/14.287165] [1273/0.021137]
  4   5 300, 0.045768 [0.065322/14.282419] [1323/0.021137]
  4   5 350, 0.039855 [0.064010/14.277719] [1373/0.021137]
Epoch 5 done. Evaluation:
(49383, 50000)
(8375, 10000)
  4   6  50, 0.032162 [0.059700/14.268758] [1464/0.021137]
  4   6 100, 0.040624 [0.041670/14.264184] [1514/0.021137]
  4   6 150, 0.046573 [0.063027/14.260550] [1564/0.021137]
  4   6 200, 0.049284 [0.023129/14.257097] [1614/0.021137]
  4   6 250, 0.055139 [0.103702/14.254935] [1664/0.021137]
  4   6 300, 0.056058 [0.087385/14.252686] [1714/0.021137]
  4   6 350, 0.064442 [0.082563/14.250409] [1764/0.021137]
Epoch 6 done. Evaluation:
(49167, 50000)
(8194, 10000)
  4   7  50, 0.053948 [0.067179/14.245235] [1855/0.021137]
  4   7 100, 0.046840 [0.060555/14.240543] [1905/0.021137]
  4   7 150, 0.053418 [0.104422/14.236550] [1955/0.021137]
  4   7 200, 0.049840 [0.028296/14.232814] [2005/0.021137]
  4   7 250, 0.050510 [0.074281/14.229244] [2055/0.021137]
  4   7 300, 0.060978 [0.059132/14.227460] [2105/0.021137]
  4   7 350, 0.056618 [0.089397/14.225328] [2155/0.021137]
Epoch 7 done. Evaluation:
(49078, 50000)
(8565, 10000)
  4   8  50, 0.071744 [0.065248/14.223889] [2246/0.021137]
  4   8 100, 0.059447 [0.056434/14.220569] [2296/0.021137]
  4   8 150, 0.062336 [0.067184/14.217759] [2346/0.021137]
  4   8 200, 0.064004 [0.046977/14.214640] [2396/0.021137]
  4   8 250, 0.050669 [0.036699/14.210588] [2446/0.021137]
  4   8 300, 0.064048 [0.070580/14.207954] [2496/0.021137]
  4   8 350, 0.079343 [0.103159/14.207610] [2546/0.021137]
Epoch 8 done. Evaluation:
(48924, 50000)
(8199, 10000)
  4   9  50, 0.058703 [0.067521/14.204881] [2637/0.021137]
  4   9 100, 0.056948 [0.033931/14.201093] [2687/0.021137]
  4   9 150, 0.044516 [0.068995/14.195897] [2737/0.021137]
  4   9 200, 0.047353 [0.082230/14.191882] [2787/0.021137]
  4   9 250, 0.061334 [0.061069/14.189901] [2837/0.021137]
  4   9 300, 0.052809 [0.061954/14.187000] [2887/0.021137]
  4   9 350, 0.057049 [0.084552/14.184302] [2937/0.021137]
Epoch 9 done. Evaluation:
(49104, 50000)
(8652, 10000)
  4  10  50, 0.057054 [0.089602/14.180966] [3028/0.021137]
  4  10 100, 0.064348 [0.075097/14.179407] [3078/0.021137]
  4  10 150, 0.060231 [0.067792/14.177239] [3128/0.021137]
  4  10 200, 0.060297 [0.068670/14.175758] [3178/0.021137]
  4  10 250, 0.063217 [0.041043/14.173740] [3228/0.021137]
  4  10 300, 0.061256 [0.054924/14.172029] [3278/0.021137]
  4  10 350, 0.073717 [0.100024/14.171320] [3328/0.021137]
Epoch 10 done. Evaluation:
(48938, 50000)
(8312, 10000)
  4  11  50, 0.063325 [0.070515/14.168937] [3419/0.021137]
  4  11 100, 0.057471 [0.045267/14.166260] [3469/0.021137]
  4  11 150, 0.066186 [0.044591/14.164307] [3519/0.021137]
  4  11 200, 0.060025 [0.097244/14.162169] [3569/0.021137]
  4  11 250, 0.065535 [0.115538/14.160360] [3619/0.021137]
  4  11 300, 0.062199 [0.102166/14.157932] [3669/0.021137]
  4  11 350, 0.080883 [0.076843/14.158387] [3719/0.021137]
Epoch 11 done. Evaluation:
(48880, 50000)
(8690, 10000)
  4  12  50, 0.059893 [0.046013/14.154654] [3810/0.021137]
  4  12 100, 0.058981 [0.101689/14.152348] [3860/0.021137]
  4  12 150, 0.061937 [0.067528/14.150006] [3910/0.021137]
  4  12 200, 0.055410 [0.068937/14.146673] [3960/0.021137]
  4  12 250, 0.046473 [0.109639/14.142955] [4010/0.021137]
  4  12 300, 0.071673 [0.088399/14.142054] [4060/0.021137]
  4  12 350, 0.085226 [0.048817/14.142730] [4110/0.021137]
Epoch 12 done. Evaluation:
(48881, 50000)
(8552, 10000)
  4  13  50, 0.050985 [0.046882/14.138929] [4201/0.021137]
  4  13 100, 0.056717 [0.086366/14.136291] [4251/0.021137]
  4  13 150, 0.040410 [0.072425/14.130900] [4301/0.021137]
  4  13 200, 0.040797 [0.082384/14.125832] [4351/0.021137]
  4  13 250, 0.061301 [0.042503/14.124215] [4401/0.021137]
  4  13 300, 0.054069 [0.052542/14.120947] [4451/0.021137]
  4  13 350, 0.057154 [0.072617/14.118330] [4501/0.021137]
Epoch 13 done. Evaluation:
(49170, 50000)
(8811, 10000)
  4  14  50, 0.061275 [0.071643/14.114140] [4592/0.021137]
  4  14 100, 0.059453 [0.060342/14.112033] [4642/0.021137]
  4  14 150, 0.061327 [0.060723/14.110097] [4692/0.021137]
  4  14 200, 0.057263 [0.071399/14.106862] [4742/0.021137]
  4  14 250, 0.057678 [0.040658/14.104579] [4792/0.021137]
  4  14 300, 0.065739 [0.057675/14.104891] [4842/0.021137]
  4  14 350, 0.082577 [0.049054/14.105541] [4892/0.021137]
Epoch 14 done. Evaluation:
(48932, 50000)
(8560, 10000)
  4  15  50, 0.043261 [0.065364/14.098579] [4983/0.021137]
  4  15 100, 0.045718 [0.041308/14.094957] [5033/0.021137]
  4  15 150, 0.042778 [0.059293/14.090593] [5083/0.021137]
  4  15 200, 0.046510 [0.083587/14.086656] [5133/0.021137]
  4  15 250, 0.064637 [0.105728/14.085761] [5183/0.021137]
  4  15 300, 0.063858 [0.063660/14.084768] [5233/0.021137]
  4  15 350, 0.062678 [0.070446/14.082744] [5283/0.021137]
Epoch 15 done. Evaluation:
(49139, 50000)
(8518, 10000)
  4  16  50, 0.062343 [0.049956/14.080428] [5374/0.021137]
  4  16 100, 0.068312 [0.074419/14.080226] [5424/0.021137]
  4  16 150, 0.069893 [0.096580/14.080064] [5474/0.021137]
  4  16 200, 0.060941 [0.094356/14.078842] [5524/0.021137]
  4  16 250, 0.076536 [0.085749/14.079144] [5574/0.021137]
  4  16 300, 0.081694 [0.042350/14.079844] [5624/0.021137]
  4  16 350, 0.075991 [0.074714/14.078993] [5674/0.021137]
Epoch 16 done. Evaluation:
(48801, 50000)
(8511, 10000)
  4  17  50, 0.062786 [0.084767/14.075850] [5765/0.021137]
  4  17 100, 0.058662 [0.059452/14.073729] [5815/0.021137]
  4  17 150, 0.060552 [0.109648/14.071498] [5865/0.021137]
  4  17 200, 0.070619 [0.080650/14.070808] [5915/0.021137]
  4  17 250, 0.069983 [0.095141/14.070106] [5965/0.021137]
  4  17 300, 0.062342 [0.063108/14.067872] [6015/0.021137]
  4  17 350, 0.083727 [0.040179/14.068907] [6065/0.021137]
Epoch 17 done. Evaluation:
(48876, 50000)
(8827, 10000)
  4  18  50, 0.048110 [0.039192/14.063737] [6156/0.021137]
  4  18 100, 0.048855 [0.071076/14.059767] [6206/0.021137]
  4  18 150, 0.054672 [0.128384/14.057552] [6256/0.021137]
  4  18 200, 0.057926 [0.099608/14.054376] [6306/0.021137]
  4  18 250, 0.058449 [0.091597/14.052295] [6356/0.021137]
  4  18 300, 0.069870 [0.086380/14.052413] [6406/0.021137]
  4  18 350, 0.062084 [0.099039/14.051658] [6456/0.021137]
Epoch 18 done. Evaluation:
(48988, 50000)
(8266, 10000)
  4  19  50, 0.065160 [0.046885/14.051054] [6547/0.021137]
  4  19 100, 0.063399 [0.012679/14.049128] [6597/0.021137]
  4  19 150, 0.071055 [0.078575/14.048530] [6647/0.021137]
  4  19 200, 0.062037 [0.059145/14.045985] [6697/0.021137]
  4  19 250, 0.065632 [0.118755/14.044548] [6747/0.021137]
  4  19 300, 0.064692 [0.080877/14.042948] [6797/0.021137]
  4  19 350, 0.064283 [0.107647/14.041257] [6847/0.021137]
Epoch 19 done. Evaluation:
(48881, 50000)
(8605, 10000)
  5   0  50, 0.036713 [0.032827/14.036735] [6938/0.021137]
  5   0 100, 0.026146 [0.014206/14.032142] [6988/0.021137]
  5   0 150, 0.028743 [0.020201/14.027701] [7038/0.021137]
  5   0 200, 0.021487 [0.029939/14.023141] [7088/0.021137]
  5   0 250, 0.023429 [0.016943/14.018609] [7138/0.021137]
  5   0 300, 0.019495 [0.036373/14.013963] [   0/0.019495]
  5   0 350, 0.021745 [0.002657/14.009265] [  50/0.019495]
Epoch 0 done. Evaluation:
(49638, 50000)
(8801, 10000)
  5   1  50, 0.011969 [0.020282/14.000683] [   0/0.011969]
  5   1 100, 0.010566 [0.005417/13.995681] [   0/0.010566]
  5   1 150, 0.010399 [0.014119/13.990719] [   0/0.010399]
  5   1 200, 0.013837 [0.010863/13.985882] [  50/0.010399]
  5   1 250, 0.011574 [0.009296/13.981085] [ 100/0.010399]
  5   1 300, 0.012171 [0.016773/13.976343] [ 150/0.010399]
  5   1 350, 0.010441 [0.018181/13.971529] [ 200/0.010399]
Epoch 1 done. Evaluation:
(49875, 50000)
(9038, 10000)
  5   2  50, 0.007864 [0.002914/13.962638] [   0/0.007864]
  5   2 100, 0.007211 [0.001783/13.957535] [   0/0.007211]
  5   2 150, 0.006813 [0.018026/13.952505] [   0/0.006813]
  5   2 200, 0.006804 [0.004525/13.947493] [   0/0.006804]
  5   2 250, 0.007987 [0.002548/13.942572] [  50/0.006804]
  5   2 300, 0.009100 [0.009511/13.937622] [ 100/0.006804]
  5   2 350, 0.005703 [0.004928/13.932582] [   0/0.005703]
Epoch 2 done. Evaluation:
(49947, 50000)
(9047, 10000)
  5   3  50, 0.005063 [0.001020/13.923455] [   0/0.005063]
  5   3 100, 0.004141 [0.003185/13.918382] [   0/0.004141]
  5   3 150, 0.004191 [0.011502/13.913338] [  50/0.004141]
  5   3 200, 0.004878 [0.003478/13.908325] [ 100/0.004141]
  5   3 250, 0.007526 [0.003463/13.903442] [ 150/0.004141]
  5   3 300, 0.004591 [0.001235/13.898513] [ 200/0.004141]
  5   3 350, 0.005333 [0.002614/13.893649] [ 250/0.004141]
Epoch 3 done. Evaluation:
(49981, 50000)
(9060, 10000)
  5   4  50, 0.004100 [0.006029/13.884722] [   0/0.004100]
  5   4 100, 0.005323 [0.004824/13.879908] [  50/0.004100]
  5   4 150, 0.004125 [0.009124/13.875031] [ 100/0.004100]
  5   4 200, 0.003856 [0.003185/13.870156] [   0/0.003856]
  5   4 250, 0.003940 [0.001900/13.865270] [  50/0.003856]
  5   4 300, 0.003786 [0.001957/13.860422] [   0/0.003786]
  5   4 350, 0.003791 [0.001476/13.855599] [  50/0.003786]
Epoch 4 done. Evaluation:
(49988, 50000)
(9060, 10000)
  5   5  50, 0.003502 [0.003419/13.846844] [   0/0.003502]
  5   5 100, 0.003303 [0.003098/13.842010] [   0/0.003303]
  5   5 150, 0.003115 [0.004811/13.837178] [   0/0.003115]
  5   5 200, 0.002945 [0.001548/13.832365] [   0/0.002945]
  5   5 250, 0.003271 [0.000504/13.827615] [  50/0.002945]
  5   5 300, 0.002958 [0.002815/13.822843] [ 100/0.002945]
  5   5 350, 0.003157 [0.001162/13.818120] [ 150/0.002945]
Epoch 5 done. Evaluation:
(49998, 50000)
(9094, 10000)
  5   6  50, 0.003444 [0.001461/13.809552] [ 241/0.002945]
  5   6 100, 0.002721 [0.000952/13.804823] [   0/0.002721]
  5   6 150, 0.002948 [0.000492/13.800169] [  50/0.002721]
  5   6 200, 0.003085 [0.001120/13.795562] [ 100/0.002721]
  5   6 250, 0.003576 [0.007600/13.791011] [ 150/0.002721]
  5   6 300, 0.003302 [0.004582/13.786434] [ 200/0.002721]
  5   6 350, 0.002865 [0.006462/13.781835] [ 250/0.002721]
Epoch 6 done. Evaluation:
(49994, 50000)
(9096, 10000)
  5   7  50, 0.002817 [0.002943/13.773525] [ 341/0.002721]
  5   7 100, 0.002736 [0.001257/13.768978] [ 391/0.002721]
  5   7 150, 0.002557 [0.001633/13.764428] [   0/0.002557]
  5   7 200, 0.002788 [0.000459/13.759940] [  50/0.002557]
  5   7 250, 0.002489 [0.000994/13.755408] [   0/0.002489]
  5   7 300, 0.002609 [0.000617/13.750915] [  50/0.002489]
  5   7 350, 0.002766 [0.000717/13.746468] [ 100/0.002489]
Epoch 7 done. Evaluation:
(49998, 50000)
(9093, 10000)
  5   8  50, 0.002751 [0.002124/13.738422] [ 191/0.002489]
  5   8 100, 0.002555 [0.009740/13.734001] [ 241/0.002489]
  5   8 150, 0.002497 [0.000460/13.729576] [ 291/0.002489]
  5   8 200, 0.002628 [0.001308/13.725216] [ 341/0.002489]
  5   8 250, 0.002910 [0.001602/13.720914] [ 391/0.002489]
  5   8 300, 0.002684 [0.001302/13.716591] [ 441/0.002489]
  5   8 350, 0.002295 [0.001750/13.712234] [   0/0.002295]
Epoch 8 done. Evaluation:
(49999, 50000)
(9076, 10000)
  5   9  50, 0.002429 [0.002828/13.704390] [  91/0.002295]
  5   9 100, 0.002339 [0.000608/13.700089] [ 141/0.002295]
  5   9 150, 0.002814 [0.001993/13.695848] [ 191/0.002295]
  5   9 200, 0.002641 [0.000882/13.691634] [ 241/0.002295]
  5   9 250, 0.002523 [0.002063/13.687415] [ 291/0.002295]
  5   9 300, 0.002582 [0.002089/13.683218] [ 341/0.002295]
  5   9 350, 0.002345 [0.000506/13.679003] [ 391/0.002295]
Epoch 9 done. Evaluation:
(49997, 50000)
(9091, 10000)
  5  10  50, 0.002461 [0.002888/13.671446] [ 482/0.002295]
  5  10 100, 0.002333 [0.000582/13.667295] [ 532/0.002295]
  5  10 150, 0.002272 [0.000522/13.663142] [   0/0.002272]
  5  10 200, 0.002482 [0.000581/13.659059] [  50/0.002272]
  5  10 250, 0.002389 [0.002941/13.654968] [ 100/0.002272]
  5  10 300, 0.002549 [0.000906/13.650924] [ 150/0.002272]
  5  10 350, 0.002270 [0.000679/13.646839] [   0/0.002270]
Epoch 10 done. Evaluation:
(50000, 50000)
(9106, 10000)
  5  11  50, 0.002340 [0.002416/13.639511] [  91/0.002270]
  5  11 100, 0.002337 [0.001693/13.635486] [ 141/0.002270]
  5  11 150, 0.002324 [0.000694/13.631468] [ 191/0.002270]
  5  11 200, 0.002230 [0.001622/13.627465] [   0/0.002230]
  5  11 250, 0.002228 [0.003533/13.623489] [   0/0.002228]
  5  11 300, 0.002292 [0.000790/13.619546] [  50/0.002228]
  5  11 350, 0.002357 [0.001382/13.615607] [ 100/0.002228]
Epoch 11 done. Evaluation:
(50000, 50000)
(9113, 10000)
  5  12  50, 0.002236 [0.001106/13.608477] [ 191/0.002228]
  5  12 100, 0.002334 [0.002981/13.604565] [ 241/0.002228]
  5  12 150, 0.002209 [0.001754/13.600668] [   0/0.002209]
  5  12 200, 0.002550 [0.000719/13.596835] [  50/0.002209]
  5  12 250, 0.002282 [0.002144/13.592995] [ 100/0.002209]
  5  12 300, 0.002300 [0.000988/13.589173] [ 150/0.002209]
  5  12 350, 0.002306 [0.000815/13.585369] [ 200/0.002209]
Epoch 12 done. Evaluation:
(49998, 50000)
(9097, 10000)
  5  13  50, 0.002311 [0.000504/13.578514] [ 291/0.002209]
  5  13 100, 0.002323 [0.000472/13.574753] [ 341/0.002209]
  5  13 150, 0.002460 [0.016396/13.571038] [ 391/0.002209]
  5  13 200, 0.002369 [0.000628/13.567328] [ 441/0.002209]
  5  13 250, 0.002455 [0.000668/13.563660] [ 491/0.002209]
  5  13 300, 0.002354 [0.000447/13.559959] [ 541/0.002209]
  5  13 350, 0.002358 [0.000867/13.556277] [ 591/0.002209]
Epoch 13 done. Evaluation:
(50000, 50000)
(9112, 10000)
  5  14  50, 0.002215 [0.000421/13.549611] [ 682/0.002209]
  5  14 100, 0.002206 [0.001132/13.545950] [   0/0.002206]
  5  14 150, 0.002374 [0.001110/13.542342] [  50/0.002206]
  5  14 200, 0.002309 [0.000840/13.538718] [ 100/0.002206]
  5  14 250, 0.002282 [0.000862/13.535109] [ 150/0.002206]
  5  14 300, 0.002396 [0.001029/13.531561] [ 200/0.002206]
  5  14 350, 0.002588 [0.000857/13.528034] [ 250/0.002206]
Epoch 14 done. Evaluation:
(50000, 50000)
(9115, 10000)
  5  15  50, 0.002307 [0.001397/13.521598] [ 341/0.002206]
  5  15 100, 0.002275 [0.000504/13.518073] [ 391/0.002206]
  5  15 150, 0.002300 [0.003477/13.514553] [ 441/0.002206]
  5  15 200, 0.002206 [0.001029/13.511038] [   0/0.002206]
  5  15 250, 0.002238 [0.000974/13.507554] [  50/0.002206]
  5  15 300, 0.002352 [0.001054/13.504095] [ 100/0.002206]
  5  15 350, 0.002398 [0.001999/13.500660] [ 150/0.002206]
Epoch 15 done. Evaluation:
(50000, 50000)
(9108, 10000)
  5  16  50, 0.002297 [0.000953/13.494432] [ 241/0.002206]
  5  16 100, 0.002254 [0.001003/13.491009] [ 291/0.002206]
  5  16 150, 0.002283 [0.000529/13.487603] [ 341/0.002206]
  5  16 200, 0.002363 [0.000483/13.484242] [ 391/0.002206]
  5  16 250, 0.002468 [0.000656/13.480899] [ 441/0.002206]
  5  16 300, 0.002409 [0.000830/13.477565] [ 491/0.002206]
  5  16 350, 0.002330 [0.001080/13.474228] [ 541/0.002206]
Epoch 16 done. Evaluation:
(50000, 50000)
(9122, 10000)
  5  17  50, 0.002263 [0.003171/13.468180] [ 632/0.002206]
  5  17 100, 0.002286 [0.000712/13.464854] [ 682/0.002206]
  5  17 150, 0.002313 [0.000674/13.461552] [ 732/0.002206]
  5  17 200, 0.002446 [0.000636/13.458306] [ 782/0.002206]
  5  17 250, 0.002333 [0.000635/13.455048] [ 832/0.002206]
  5  17 300, 0.002269 [0.000519/13.451781] [ 882/0.002206]
  5  17 350, 0.002486 [0.001312/13.448579] [ 932/0.002206]
Epoch 17 done. Evaluation:
(50000, 50000)
(9118, 10000)
  5  18  50, 0.002295 [0.001414/13.442712] [1023/0.002206]
  5  18 100, 0.002379 [0.001593/13.439527] [1073/0.002206]
  5  18 150, 0.002213 [0.001460/13.436326] [1123/0.002206]
  5  18 200, 0.002443 [0.001231/13.433192] [1173/0.002206]
  5  18 250, 0.002330 [0.001249/13.430033] [1223/0.002206]
  5  18 300, 0.002447 [0.000646/13.426900] [1273/0.002206]
  5  18 350, 0.002499 [0.000791/13.423802] [1323/0.002206]
Epoch 18 done. Evaluation:
(50000, 50000)
(9087, 10000)
  5  19  50, 0.002517 [0.003378/13.418187] [1414/0.002206]
  5  19 100, 0.002436 [0.000961/13.415116] [1464/0.002206]
  5  19 150, 0.002859 [0.000577/13.412090] [1514/0.002206]
  5  19 200, 0.002920 [0.000736/13.409100] [1564/0.002206]
  5  19 250, 0.002607 [0.001730/13.406102] [1614/0.002206]
  5  19 300, 0.002464 [0.000963/13.403078] [1664/0.002206]
  5  19 350, 0.002446 [0.001781/13.400077] [1714/0.002206]
Epoch 19 done. Evaluation:
(49998, 50000)
(9114, 10000)
  6   0  50, 0.002592 [0.000560/13.396131] [1805/0.002206]
  6   0 100, 0.002454 [0.000502/13.394632] [1855/0.002206]
  6   0 150, 0.002336 [0.000404/13.393128] [1905/0.002206]
  6   0 200, 0.002460 [0.000769/13.391645] [1955/0.002206]
  6   0 250, 0.002387 [0.000280/13.390150] [2005/0.002206]
  6   0 300, 0.002521 [0.000791/13.388666] [2055/0.002206]
  6   0 350, 0.002285 [0.001206/13.387170] [2105/0.002206]
Epoch 0 done. Evaluation:
(50000, 50000)
(9119, 10000)
  6   1  50, 0.002518 [0.000274/13.384478] [2196/0.002206]
  6   1 100, 0.002354 [0.000411/13.382991] [2246/0.002206]
  6   1 150, 0.002241 [0.000470/13.381500] [2296/0.002206]
  6   1 200, 0.002335 [0.000698/13.380020] [2346/0.002206]
  6   1 250, 0.002361 [0.000849/13.378551] [2396/0.002206]
  6   1 300, 0.002272 [0.000474/13.377071] [2446/0.002206]
  6   1 350, 0.002427 [0.001780/13.375610] [2496/0.002206]
Epoch 1 done. Evaluation:
(50000, 50000)
(9135, 10000)
  6   2  50, 0.002322 [0.000705/13.372946] [2587/0.002206]
  6   2 100, 0.002453 [0.000640/13.371498] [2637/0.002206]
  6   2 150, 0.002334 [0.000445/13.370038] [2687/0.002206]
  6   2 200, 0.002188 [0.000366/13.368566] [   0/0.002188]
  6   2 250, 0.002495 [0.000234/13.367126] [  50/0.002188]
  6   2 300, 0.002420 [0.000206/13.365680] [ 100/0.002188]
  6   2 350, 0.002294 [0.000268/13.364227] [ 150/0.002188]
Epoch 2 done. Evaluation:
(50000, 50000)
(9128, 10000)
  6   3  50, 0.002299 [0.000251/13.361601] [ 241/0.002188]
  6   3 100, 0.002404 [0.000825/13.360164] [ 291/0.002188]
  6   3 150, 0.002341 [0.000463/13.358723] [ 341/0.002188]
  6   3 200, 0.002326 [0.000359/13.357284] [ 391/0.002188]
  6   3 250, 0.002409 [0.000297/13.355850] [ 441/0.002188]
  6   3 300, 0.002314 [0.000325/13.354415] [ 491/0.002188]
  6   3 350, 0.002264 [0.000340/13.352980] [ 541/0.002188]
Epoch 3 done. Evaluation:
(50000, 50000)
(9121, 10000)
  6   4  50, 0.002318 [0.000443/13.350386] [ 632/0.002188]
  6   4 100, 0.002406 [0.000460/13.348983] [ 682/0.002188]
  6   4 150, 0.002348 [0.000429/13.347560] [ 732/0.002188]
  6   4 200, 0.002436 [0.000282/13.346147] [ 782/0.002188]
  6   4 250, 0.002458 [0.000573/13.344757] [ 832/0.002188]
  6   4 300, 0.002286 [0.000509/13.343343] [ 882/0.002188]
  6   4 350, 0.002417 [0.000296/13.341946] [ 932/0.002188]
Epoch 4 done. Evaluation:
(50000, 50000)
(9119, 10000)
  6   5  50, 0.002273 [0.000439/13.339376] [1023/0.002188]
  6   5 100, 0.002250 [0.001343/13.337971] [1073/0.002188]
  6   5 150, 0.002394 [0.000359/13.336569] [1123/0.002188]
  6   5 200, 0.002456 [0.000559/13.335188] [1173/0.002188]
  6   5 250, 0.002403 [0.000324/13.333803] [1223/0.002188]
  6   5 300, 0.002334 [0.001039/13.332410] [1273/0.002188]
  6   5 350, 0.002564 [0.000248/13.331056] [1323/0.002188]
Epoch 5 done. Evaluation:
(50000, 50000)
(9122, 10000)
  6   6  50, 0.002407 [0.000633/13.328539] [1414/0.002188]
  6   6 100, 0.002345 [0.000711/13.327160] [1464/0.002188]
  6   6 150, 0.002287 [0.000289/13.325778] [1514/0.002188]
  6   6 200, 0.002449 [0.000621/13.324419] [1564/0.002188]
  6   6 250, 0.002385 [0.000387/13.323051] [1614/0.002188]
  6   6 300, 0.002368 [0.000356/13.321683] [1664/0.002188]
  6   6 350, 0.002388 [0.000407/13.320322] [1714/0.002188]
Epoch 6 done. Evaluation:
(50000, 50000)
(9114, 10000)
  6   7  50, 0.002401 [0.001131/13.317854] [1805/0.002188]
  6   7 100, 0.002348 [0.000767/13.316499] [1855/0.002188]
  6   7 150, 0.002487 [0.000647/13.315158] [1905/0.002188]
  6   7 200, 0.002353 [0.000414/13.313802] [1955/0.002188]
  6   7 250, 0.002482 [0.000804/13.312469] [2005/0.002188]
  6   7 300, 0.002434 [0.001032/13.311128] [2055/0.002188]
  6   7 350, 0.002328 [0.000513/13.309780] [2105/0.002188]
Epoch 7 done. Evaluation:
(50000, 50000)
(9114, 10000)
  6   8  50, 0.002412 [0.000393/13.307359] [2196/0.002188]
  6   8 100, 0.002428 [0.000384/13.306029] [2246/0.002188]
  6   8 150, 0.002404 [0.000716/13.304696] [2296/0.002188]
  6   8 200, 0.002464 [0.000567/13.303373] [2346/0.002188]
  6   8 250, 0.002489 [0.000330/13.302059] [2396/0.002188]
  6   8 300, 0.002549 [0.000400/13.300747] [2446/0.002188]
  6   8 350, 0.002513 [0.000409/13.299442] [2496/0.002188]
Epoch 8 done. Evaluation:
(50000, 50000)
(9129, 10000)
  6   9  50, 0.002427 [0.000546/13.297073] [2587/0.002188]
  6   9 100, 0.002436 [0.000500/13.295768] [2637/0.002188]
  6   9 150, 0.002411 [0.000820/13.294462] [2687/0.002188]
  6   9 200, 0.002368 [0.000498/13.293150] [2737/0.002188]
  6   9 250, 0.002512 [0.000438/13.291857] [2787/0.002188]
  6   9 300, 0.002387 [0.000778/13.290548] [2837/0.002188]
  6   9 350, 0.002548 [0.001492/13.289275] [2887/0.002188]
Epoch 9 done. Evaluation:
(50000, 50000)
(9126, 10000)
  6  10  50, 0.002544 [0.000245/13.286938] [2978/0.002188]
  6  10 100, 0.002433 [0.000508/13.285639] [3028/0.002188]
  6  10 150, 0.002497 [0.000479/13.284359] [3078/0.002188]
  6  10 200, 0.002436 [0.000412/13.283071] [3128/0.002188]
  6  10 250, 0.002422 [0.000480/13.281780] [3178/0.002188]
  6  10 300, 0.002509 [0.000396/13.280518] [3228/0.002188]
  6  10 350, 0.002446 [0.001167/13.279231] [3278/0.002188]
Epoch 10 done. Evaluation:
(50000, 50000)
(9131, 10000)
  6  11  50, 0.002353 [0.000376/13.276901] [3369/0.002188]
  6  11 100, 0.002443 [0.001181/13.275633] [3419/0.002188]
  6  11 150, 0.002428 [0.000441/13.274361] [3469/0.002188]
  6  11 200, 0.002353 [0.000766/13.273077] [3519/0.002188]
  6  11 250, 0.002357 [0.000746/13.271802] [3569/0.002188]
  6  11 300, 0.002375 [0.003264/13.270533] [3619/0.002188]
  6  11 350, 0.002559 [0.000551/13.269295] [3669/0.002188]
Epoch 11 done. Evaluation:
(50000, 50000)
(9111, 10000)
  6  12  50, 0.002551 [0.000459/13.267035] [3760/0.002188]
  6  12 100, 0.002435 [0.000682/13.265780] [3810/0.002188]
  6  12 150, 0.002449 [0.000511/13.264523] [3860/0.002188]
  6  12 200, 0.002540 [0.000711/13.263286] [3910/0.002188]
  6  12 250, 0.002368 [0.000533/13.262025] [3960/0.002188]
  6  12 300, 0.002604 [0.000270/13.260785] [4010/0.002188]
  6  12 350, 0.002471 [0.000393/13.259549] [4060/0.002188]
Epoch 12 done. Evaluation:
(50000, 50000)
(9130, 10000)
  6  13  50, 0.002522 [0.000472/13.257311] [4151/0.002188]
  6  13 100, 0.002416 [0.000453/13.256069] [4201/0.002188]
  6  13 150, 0.002411 [0.000528/13.254833] [4251/0.002188]
  6  13 200, 0.002516 [0.000812/13.253621] [4301/0.002188]
  6  13 250, 0.002435 [0.000268/13.252392] [4351/0.002188]
  6  13 300, 0.002488 [0.001201/13.251164] [4401/0.002188]
  6  13 350, 0.002553 [0.000924/13.249944] [4451/0.002188]
Epoch 13 done. Evaluation:
(50000, 50000)
(9135, 10000)
  6  14  50, 0.002615 [0.000814/13.247750] [4542/0.002188]
  6  14 100, 0.002476 [0.000388/13.246541] [4592/0.002188]
  6  14 150, 0.002369 [0.000261/13.245313] [4642/0.002188]
  6  14 200, 0.002501 [0.000713/13.244111] [4692/0.002188]
  6  14 250, 0.002457 [0.002317/13.242900] [4742/0.002188]
  6  14 300, 0.002442 [0.000502/13.241688] [4792/0.002188]
  6  14 350, 0.002335 [0.000311/13.240467] [4842/0.002188]
Epoch 14 done. Evaluation:
(50000, 50000)
(9133, 10000)
  6  15  50, 0.002513 [0.000593/13.238315] [4933/0.002188]
  6  15 100, 0.002325 [0.001019/13.237101] [4983/0.002188]
  6  15 150, 0.002473 [0.000383/13.235902] [5033/0.002188]
  6  15 200, 0.002538 [0.000422/13.234716] [5083/0.002188]
  6  15 250, 0.002475 [0.000287/13.233523] [5133/0.002188]
  6  15 300, 0.002420 [0.000381/13.232325] [5183/0.002188]
  6  15 350, 0.002449 [0.000442/13.231136] [5233/0.002188]
Epoch 15 done. Evaluation:
(50000, 50000)
(9130, 10000)
  6  16  50, 0.002415 [0.000595/13.228974] [5324/0.002188]
  6  16 100, 0.002456 [0.000494/13.227784] [5374/0.002188]
  6  16 150, 0.002355 [0.000625/13.226585] [5424/0.002188]
  6  16 200, 0.002438 [0.001027/13.225396] [5474/0.002188]
  6  16 250, 0.002627 [0.000957/13.224233] [5524/0.002188]
  6  16 300, 0.002676 [0.000798/13.223088] [5574/0.002188]
  6  16 350, 0.002422 [0.000844/13.221907] [5624/0.002188]
Epoch 16 done. Evaluation:
(50000, 50000)
(9130, 10000)
  6  17  50, 0.002651 [0.000339/13.219792] [5715/0.002188]
  6  17 100, 0.002443 [0.000286/13.218623] [5765/0.002188]
  6  17 150, 0.002500 [0.000450/13.217457] [5815/0.002188]
  6  17 200, 0.002494 [0.000357/13.216290] [5865/0.002188]
  6  17 250, 0.002467 [0.000271/13.215129] [5915/0.002188]
  6  17 300, 0.002498 [0.000579/13.213966] [5965/0.002188]
  6  17 350, 0.002457 [0.000240/13.212809] [6015/0.002188]
Epoch 17 done. Evaluation:
(50000, 50000)
(9120, 10000)
  6  18  50, 0.002494 [0.000602/13.210747] [6106/0.002188]
  6  18 100, 0.002519 [0.000579/13.209595] [6156/0.002188]
  6  18 150, 0.002382 [0.000374/13.208441] [6206/0.002188]
  6  18 200, 0.002505 [0.001205/13.207289] [6256/0.002188]
  6  18 250, 0.002450 [0.000353/13.206143] [6306/0.002188]
  6  18 300, 0.002516 [0.001201/13.205003] [6356/0.002188]
  6  18 350, 0.002553 [0.001619/13.203872] [6406/0.002188]
Epoch 18 done. Evaluation:
(50000, 50000)
(9131, 10000)
  6  19  50, 0.002430 [0.000247/13.201794] [6497/0.002188]
  6  19 100, 0.002321 [0.000439/13.200636] [6547/0.002188]
  6  19 150, 0.002396 [0.000605/13.199491] [6597/0.002188]
  6  19 200, 0.002410 [0.000943/13.198343] [6647/0.002188]
  6  19 250, 0.002505 [0.000443/13.197211] [6697/0.002188]
  6  19 300, 0.002427 [0.000538/13.196078] [6747/0.002188]
  6  19 350, 0.002429 [0.000693/13.194949] [6797/0.002188]
Epoch 19 done. Evaluation:
(50000, 50000)
(9125, 10000)
  7   0  50, 0.002452 [0.000160/13.193473] [6888/0.002188]
  7   0 100, 0.002559 [0.000492/13.192916] [6938/0.002188]
  7   0 150, 0.002449 [0.000190/13.192357] [6988/0.002188]
  7   0 200, 0.002382 [0.000208/13.191792] [7038/0.002188]
  7   0 250, 0.002395 [0.000156/13.191228] [7088/0.002188]
  7   0 300, 0.002527 [0.000185/13.190670] [7138/0.002188]
  7   0 350, 0.002412 [0.000336/13.190106] [7188/0.002188]
Epoch 0 done. Evaluation:
(50000, 50000)
(9126, 10000)
  7   1  50, 0.002297 [0.000189/13.189081] [7279/0.002188]
  7   1 100, 0.002492 [0.000315/13.188522] [7329/0.002188]
  7   1 150, 0.002560 [0.000388/13.187970] [7379/0.002188]
  7   1 200, 0.002510 [0.000469/13.187417] [7429/0.002188]
  7   1 250, 0.002402 [0.000493/13.186852] [7479/0.002188]
  7   1 300, 0.002523 [0.000742/13.186299] [7529/0.002188]
  7   1 350, 0.002412 [0.000190/13.185741] [7579/0.002188]
Epoch 1 done. Evaluation:
(50000, 50000)
(9140, 10000)
  7   2  50, 0.002438 [0.000161/13.184726] [7670/0.002188]
  7   2 100, 0.002419 [0.000311/13.184165] [7720/0.002188]
  7   2 150, 0.002581 [0.000430/13.183614] [7770/0.002188]
  7   2 200, 0.002675 [0.000408/13.183074] [7820/0.002188]
  7   2 250, 0.002643 [0.000255/13.182527] [7870/0.002188]
  7   2 300, 0.002540 [0.000525/13.181976] [7920/0.002188]
  7   2 350, 0.002606 [0.000467/13.181433] [7970/0.002188]
Epoch 2 done. Evaluation:
(50000, 50000)
(9133, 10000)
  7   3  50, 0.002453 [0.000391/13.180425] [8061/0.002188]
  7   3 100, 0.002445 [0.000168/13.179867] [8111/0.002188]
  7   3 150, 0.002542 [0.000259/13.179318] [8161/0.002188]
  7   3 200, 0.002386 [0.000211/13.178764] [8211/0.002188]
  7   3 250, 0.002529 [0.000180/13.178215] [8261/0.002188]
  7   3 300, 0.002504 [0.000199/13.177667] [8311/0.002188]
  7   3 350, 0.002631 [0.000377/13.177125] [8361/0.002188]
Epoch 3 done. Evaluation:
(50000, 50000)
(9121, 10000)
  7   4  50, 0.002473 [0.000317/13.176123] [8452/0.002188]
  7   4 100, 0.002435 [0.000281/13.175574] [8502/0.002188]
  7   4 150, 0.002533 [0.000284/13.175021] [8552/0.002188]
  7   4 200, 0.002507 [0.000180/13.174471] [8602/0.002188]
  7   4 250, 0.002496 [0.000176/13.173932] [8652/0.002188]
  7   4 300, 0.002525 [0.000748/13.173388] [8702/0.002188]
  7   4 350, 0.002627 [0.000481/13.172852] [8752/0.002188]
Epoch 4 done. Evaluation:
(50000, 50000)
(9126, 10000)
  7   5  50, 0.002438 [0.000247/13.171856] [8843/0.002188]
  7   5 100, 0.002397 [0.000227/13.171307] [8893/0.002188]
  7   5 150, 0.002568 [0.000244/13.170768] [8943/0.002188]
  7   5 200, 0.002477 [0.000247/13.170226] [8993/0.002188]
  7   5 250, 0.002507 [0.000221/13.169686] [9043/0.002188]
  7   5 300, 0.002658 [0.000364/13.169151] [9093/0.002188]
  7   5 350, 0.002411 [0.000370/13.168602] [9143/0.002188]
Epoch 5 done. Evaluation:
(50000, 50000)
(9132, 10000)
  7   6  50, 0.002441 [0.000481/13.167629] [9234/0.002188]
  7   6 100, 0.002409 [0.000517/13.167077] [9284/0.002188]
  7   6 150, 0.002471 [0.000322/13.166538] [9334/0.002188]
  7   6 200, 0.002437 [0.000590/13.165996] [9384/0.002188]
  7   6 250, 0.002346 [0.000240/13.165449] [9434/0.002188]
  7   6 300, 0.002515 [0.000195/13.164910] [9484/0.002188]
  7   6 350, 0.002481 [0.000191/13.164373] [9534/0.002188]
Epoch 6 done. Evaluation:
(50000, 50000)
(9140, 10000)
  7   7  50, 0.002579 [0.000185/13.163413] [9625/0.002188]
  7   7 100, 0.002404 [0.000242/13.162869] [9675/0.002188]
  7   7 150, 0.002647 [0.000554/13.162340] [9725/0.002188]
  7   7 200, 0.002598 [0.000142/13.161810] [9775/0.002188]
  7   7 250, 0.002620 [0.001170/13.161284] [9825/0.002188]
  7   7 300, 0.002565 [0.000224/13.160757] [9875/0.002188]
  7   7 350, 0.002575 [0.000192/13.160223] [9925/0.002188]
Epoch 7 done. Evaluation:
(50000, 50000)
(9135, 10000)
  7   8  50, 0.002424 [0.000512/13.159256] [10016/0.002188]
  7   8 100, 0.002531 [0.000855/13.158721] [10066/0.002188]
  7   8 150, 0.002600 [0.000430/13.158195] [10116/0.002188]
  7   8 200, 0.002591 [0.000218/13.157670] [10166/0.002188]
  7   8 250, 0.002575 [0.000177/13.157146] [10216/0.002188]
  7   8 300, 0.002537 [0.000227/13.156620] [10266/0.002188]
  7   8 350, 0.002514 [0.000521/13.156092] [10316/0.002188]
Epoch 8 done. Evaluation:
(50000, 50000)
(9139, 10000)
  7   9  50, 0.002494 [0.000208/13.155124] [10407/0.002188]
  7   9 100, 0.002452 [0.000192/13.154591] [10457/0.002188]
  7   9 150, 0.002477 [0.000257/13.154064] [10507/0.002188]
  7   9 200, 0.002457 [0.000347/13.153525] [10557/0.002188]
  7   9 250, 0.002602 [0.000281/13.153003] [10607/0.002188]
  7   9 300, 0.002653 [0.001030/13.152485] [10657/0.002188]
  7   9 350, 0.002624 [0.000199/13.151967] [10707/0.002188]
Epoch 9 done. Evaluation:
(50000, 50000)
(9131, 10000)
  7  10  50, 0.002419 [0.000237/13.151012] [10798/0.002188]
  7  10 100, 0.002432 [0.000311/13.150477] [10848/0.002188]
  7  10 150, 0.002521 [0.000357/13.149958] [10898/0.002188]
  7  10 200, 0.002526 [0.000236/13.149431] [10948/0.002188]
  7  10 250, 0.002462 [0.000260/13.148903] [10998/0.002188]
  7  10 300, 0.002510 [0.000499/13.148378] [11048/0.002188]
  7  10 350, 0.002358 [0.000208/13.147844] [11098/0.002188]
Epoch 10 done. Evaluation:
(50000, 50000)
(9132, 10000)
  7  11  50, 0.002500 [0.000189/13.146898] [11189/0.002188]
  7  11 100, 0.002377 [0.000281/13.146370] [11239/0.002188]
  7  11 150, 0.002438 [0.000229/13.145840] [11289/0.002188]
  7  11 200, 0.002400 [0.000515/13.145315] [11339/0.002188]
  7  11 250, 0.002487 [0.000257/13.144792] [11389/0.002188]
  7  11 300, 0.002529 [0.000385/13.144278] [11439/0.002188]
  7  11 350, 0.002485 [0.000238/13.143753] [11489/0.002188]
Epoch 11 done. Evaluation:
(50000, 50000)
(9130, 10000)
  7  12  50, 0.002489 [0.000235/13.142801] [11580/0.002188]
  7  12 100, 0.002505 [0.000218/13.142279] [11630/0.002188]
  7  12 150, 0.002438 [0.000277/13.141755] [11680/0.002188]
  7  12 200, 0.002531 [0.000517/13.141234] [11730/0.002188]
  7  12 250, 0.002518 [0.000467/13.140713] [11780/0.002188]
  7  12 300, 0.002527 [0.000276/13.140192] [11830/0.002188]
  7  12 350, 0.002610 [0.000209/13.139687] [11880/0.002188]
Epoch 12 done. Evaluation:
(50000, 50000)
(9129, 10000)
  7  13  50, 0.002486 [0.001241/13.138740] [11971/0.002188]
  7  13 100, 0.002387 [0.000215/13.138219] [12021/0.002188]
  7  13 150, 0.002625 [0.000327/13.137709] [12071/0.002188]
  7  13 200, 0.002487 [0.000224/13.137194] [12121/0.002188]
  7  13 250, 0.002535 [0.000362/13.136676] [12171/0.002188]
  7  13 300, 0.002469 [0.000378/13.136161] [12221/0.002188]
  7  13 350, 0.002519 [0.000351/13.135652] [12271/0.002188]
Epoch 13 done. Evaluation:
(50000, 50000)
(9137, 10000)
  7  14  50, 0.002590 [0.000194/13.134724] [12362/0.002188]
  7  14 100, 0.002511 [0.000269/13.134207] [12412/0.002188]
  7  14 150, 0.002537 [0.000232/13.133699] [12462/0.002188]
  7  14 200, 0.002457 [0.000317/13.133185] [12512/0.002188]
  7  14 250, 0.002444 [0.000202/13.132667] [12562/0.002188]
  7  14 300, 0.002655 [0.000381/13.132164] [12612/0.002188]
  7  14 350, 0.002539 [0.000225/13.131659] [12662/0.002188]
Epoch 14 done. Evaluation:
(50000, 50000)
(9137, 10000)
  7  15  50, 0.002440 [0.000316/13.130729] [12753/0.002188]
  7  15 100, 0.002765 [0.000360/13.130230] [12803/0.002188]
  7  15 150, 0.002576 [0.000307/13.129724] [12853/0.002188]
  7  15 200, 0.002472 [0.000266/13.129213] [12903/0.002188]
  7  15 250, 0.002422 [0.000216/13.128699] [12953/0.002188]
  7  15 300, 0.002433 [0.000346/13.128188] [13003/0.002188]
  7  15 350, 0.002650 [0.000234/13.127683] [13053/0.002188]
Epoch 15 done. Evaluation:
(50000, 50000)
(9133, 10000)
  7  16  50, 0.002549 [0.000295/13.126766] [13144/0.002188]
  7  16 100, 0.002572 [0.000234/13.126267] [13194/0.002188]
  7  16 150, 0.002571 [0.000428/13.125765] [13244/0.002188]
  7  16 200, 0.002488 [0.000322/13.125260] [13294/0.002188]
  7  16 250, 0.002432 [0.000302/13.124751] [13344/0.002188]
  7  16 300, 0.002430 [0.000565/13.124242] [13394/0.002188]
  7  16 350, 0.002517 [0.000221/13.123733] [13444/0.002188]
Epoch 16 done. Evaluation:
(50000, 50000)
(9131, 10000)
  7  17  50, 0.002618 [0.000300/13.122828] [13535/0.002188]
  7  17 100, 0.002597 [0.000163/13.122324] [13585/0.002188]
  7  17 150, 0.002471 [0.000156/13.121822] [13635/0.002188]
  7  17 200, 0.002547 [0.001446/13.121322] [13685/0.002188]
  7  17 250, 0.002506 [0.000641/13.120820] [13735/0.002188]
  7  17 300, 0.002495 [0.000198/13.120315] [13785/0.002188]
  7  17 350, 0.002481 [0.000326/13.119812] [13835/0.002188]
Epoch 17 done. Evaluation:
(50000, 50000)
(9119, 10000)
  7  18  50, 0.002562 [0.000824/13.118900] [13926/0.002188]
  7  18 100, 0.002424 [0.000473/13.118395] [13976/0.002188]
  7  18 150, 0.002556 [0.000358/13.117896] [14026/0.002188]
  7  18 200, 0.002628 [0.000614/13.117398] [14076/0.002188]
  7  18 250, 0.002579 [0.000603/13.116906] [14126/0.002188]
  7  18 300, 0.002468 [0.000163/13.116404] [14176/0.002188]
  7  18 350, 0.002657 [0.000427/13.115913] [14226/0.002188]
Epoch 18 done. Evaluation:
(50000, 50000)
(9122, 10000)
  7  19  50, 0.002663 [0.000425/13.115013] [14317/0.002188]
  7  19 100, 0.002372 [0.000213/13.114506] [14367/0.002188]
  7  19 150, 0.002545 [0.000363/13.114016] [14417/0.002188]
  7  19 200, 0.002460 [0.000542/13.113515] [14467/0.002188]
  7  19 250, 0.002529 [0.000799/13.113014] [14517/0.002188]
  7  19 300, 0.002500 [0.000332/13.112520] [14567/0.002188]
  7  19 350, 0.002537 [0.000186/13.112030] [14617/0.002188]
Epoch 19 done. Evaluation:
(50000, 50000)
(9125, 10000)
  8   0  50, 0.002464 [0.000167/13.111379] [14708/0.002188]
  8   0 100, 0.002520 [0.000132/13.111132] [14758/0.002188]
  8   0 150, 0.002516 [0.000163/13.110886] [14808/0.002188]
  8   0 200, 0.002460 [0.000123/13.110636] [14858/0.002188]
  8   0 250, 0.002472 [0.000231/13.110385] [14908/0.002188]
  8   0 300, 0.002551 [0.000154/13.110138] [14958/0.002188]
  8   0 350, 0.002617 [0.000131/13.109894] [15008/0.002188]
Epoch 0 done. Evaluation:
(50000, 50000)
(9128, 10000)
  8   1  50, 0.002549 [0.000262/13.109443] [15099/0.002188]
  8   1 100, 0.002696 [0.000137/13.109205] [15149/0.002188]
  8   1 150, 0.002477 [0.000277/13.108955] [15199/0.002188]
  8   1 200, 0.002561 [0.000270/13.108709] [15249/0.002188]
  8   1 250, 0.002541 [0.000167/13.108464] [15299/0.002188]
  8   1 300, 0.002562 [0.000421/13.108215] [15349/0.002188]
  8   1 350, 0.002623 [0.000306/13.107973] [15399/0.002188]
Epoch 1 done. Evaluation:
(50000, 50000)
(9130, 10000)
  8   2  50, 0.002623 [0.000136/13.107529] [15490/0.002188]
  8   2 100, 0.002543 [0.000132/13.107286] [15540/0.002188]
  8   2 150, 0.002502 [0.000155/13.107039] [15590/0.002188]
  8   2 200, 0.002450 [0.000166/13.106791] [15640/0.002188]
  8   2 250, 0.002489 [0.000158/13.106544] [15690/0.002188]
  8   2 300, 0.002534 [0.000166/13.106301] [15740/0.002188]
  8   2 350, 0.002439 [0.000177/13.106053] [15790/0.002188]
Epoch 2 done. Evaluation:
(50000, 50000)
(9125, 10000)
  8   3  50, 0.002557 [0.000128/13.105616] [15881/0.002188]
  8   3 100, 0.002486 [0.000332/13.105372] [15931/0.002188]
  8   3 150, 0.002500 [0.000167/13.105126] [15981/0.002188]
  8   3 200, 0.002465 [0.000196/13.104878] [16031/0.002188]
  8   3 250, 0.002616 [0.000233/13.104637] [16081/0.002188]
  8   3 300, 0.002611 [0.000161/13.104394] [16131/0.002188]
  8   3 350, 0.002480 [0.000145/13.104147] [16181/0.002188]
Epoch 3 done. Evaluation:
(50000, 50000)
(9126, 10000)
  8   4  50, 0.002679 [0.000202/13.103705] [16272/0.002188]
  8   4 100, 0.002557 [0.000127/13.103461] [16322/0.002188]
  8   4 150, 0.002425 [0.000144/13.103213] [16372/0.002188]
  8   4 200, 0.002615 [0.000173/13.102974] [16422/0.002188]
  8   4 250, 0.002536 [0.000241/13.102729] [16472/0.002188]
  8   4 300, 0.002672 [0.000153/13.102493] [16522/0.002188]
  8   4 350, 0.002502 [0.000228/13.102250] [16572/0.002188]
Epoch 4 done. Evaluation:
(50000, 50000)
(9125, 10000)
  8   5  50, 0.002510 [0.000139/13.101803] [16663/0.002188]
  8   5 100, 0.002538 [0.000165/13.101558] [16713/0.002188]
  8   5 150, 0.002532 [0.000143/13.101314] [16763/0.002188]
  8   5 200, 0.002436 [0.000133/13.101067] [16813/0.002188]
  8   5 250, 0.002440 [0.000170/13.100820] [16863/0.002188]
  8   5 300, 0.002634 [0.000260/13.100576] [16913/0.002188]
  8   5 350, 0.002669 [0.000195/13.100335] [16963/0.002188]
Epoch 5 done. Evaluation:
(50000, 50000)
(9125, 10000)
  8   6  50, 0.002602 [0.000164/13.099898] [17054/0.002188]
  8   6 100, 0.002758 [0.000159/13.099662] [17104/0.002188]
  8   6 150, 0.002577 [0.000229/13.099423] [17154/0.002188]
  8   6 200, 0.002648 [0.000118/13.099182] [17204/0.002188]
  8   6 250, 0.002484 [0.000266/13.098938] [17254/0.002188]
  8   6 300, 0.002630 [0.000232/13.098695] [17304/0.002188]
  8   6 350, 0.002657 [0.000180/13.098455] [17354/0.002188]
Epoch 6 done. Evaluation:
(50000, 50000)
(9123, 10000)
  8   7  50, 0.002424 [0.000149/13.098015] [17445/0.002188]
  8   7 100, 0.002539 [0.000216/13.097776] [17495/0.002188]
  8   7 150, 0.002569 [0.000398/13.097536] [17545/0.002188]
  8   7 200, 0.002479 [0.000192/13.097293] [17595/0.002188]
  8   7 250, 0.002560 [0.000170/13.097050] [17645/0.002188]
  8   7 300, 0.002484 [0.000208/13.096807] [17695/0.002188]
  8   7 350, 0.002564 [0.000240/13.096568] [17745/0.002188]
Epoch 7 done. Evaluation:
(50000, 50000)
(9138, 10000)
  8   8  50, 0.002345 [0.000147/13.096123] [17836/0.002188]
  8   8 100, 0.002399 [0.000323/13.095877] [17886/0.002188]
  8   8 150, 0.002537 [0.000199/13.095636] [17936/0.002188]
  8   8 200, 0.002519 [0.000160/13.095394] [17986/0.002188]
  8   8 250, 0.002543 [0.000174/13.095150] [18036/0.002188]
  8   8 300, 0.002615 [0.000219/13.094914] [18086/0.002188]
  8   8 350, 0.002592 [0.000147/13.094676] [18136/0.002188]
Epoch 8 done. Evaluation:
(50000, 50000)
(9132, 10000)
  8   9  50, 0.002587 [0.000230/13.094238] [18227/0.002188]
  8   9 100, 0.002472 [0.000130/13.093996] [18277/0.002188]
  8   9 150, 0.002499 [0.000165/13.093753] [18327/0.002188]
  8   9 200, 0.002591 [0.000196/13.093513] [18377/0.002188]
  8   9 250, 0.002554 [0.000149/13.093272] [18427/0.002188]
  8   9 300, 0.002527 [0.000141/13.093030] [18477/0.002188]
  8   9 350, 0.002606 [0.000210/13.092792] [18527/0.002188]
Epoch 9 done. Evaluation:
(50000, 50000)
(9126, 10000)
  8  10  50, 0.002572 [0.000167/13.092356] [18618/0.002188]
  8  10 100, 0.002518 [0.000151/13.092116] [18668/0.002188]
  8  10 150, 0.002454 [0.000151/13.091872] [18718/0.002188]
  8  10 200, 0.002612 [0.000175/13.091632] [18768/0.002188]
  8  10 250, 0.002555 [0.000134/13.091394] [18818/0.002188]
  8  10 300, 0.002500 [0.000241/13.091157] [18868/0.002188]
  8  10 350, 0.002550 [0.000216/13.090922] [18918/0.002188]
Epoch 10 done. Evaluation:
(50000, 50000)
(9109, 10000)
  8  11  50, 0.002413 [0.000133/13.090479] [19009/0.002188]
  8  11 100, 0.002429 [0.000149/13.090237] [19059/0.002188]
  8  11 150, 0.002582 [0.000237/13.089998] [19109/0.002188]
  8  11 200, 0.002595 [0.000132/13.089760] [19159/0.002188]
  8  11 250, 0.002612 [0.000167/13.089524] [19209/0.002188]
  8  11 300, 0.002557 [0.000133/13.089284] [19259/0.002188]
  8  11 350, 0.002558 [0.000214/13.089047] [19309/0.002188]
Epoch 11 done. Evaluation:
(50000, 50000)
(9127, 10000)
  8  12  50, 0.002518 [0.000206/13.088610] [19400/0.002188]
  8  12 100, 0.002544 [0.000154/13.088372] [19450/0.002188]
  8  12 150, 0.002580 [0.000211/13.088134] [19500/0.002188]
  8  12 200, 0.002577 [0.000164/13.087898] [19550/0.002188]
  8  12 250, 0.002418 [0.000157/13.087657] [19600/0.002188]
  8  12 300, 0.002597 [0.000125/13.087424] [19650/0.002188]
  8  12 350, 0.002606 [0.000154/13.087190] [19700/0.002188]
Epoch 12 done. Evaluation:
(50000, 50000)
(9122, 10000)
  8  13  50, 0.002564 [0.000120/13.086759] [19791/0.002188]
  8  13 100, 0.002475 [0.000141/13.086514] [19841/0.002188]
  8  13 150, 0.002618 [0.000138/13.086279] [19891/0.002188]
  8  13 200, 0.002588 [0.000193/13.086042] [19941/0.002188]
  8  13 250, 0.002612 [0.000128/13.085806] [19991/0.002188]
  8  13 300, 0.002520 [0.000274/13.085571] [20041/0.002188]
  8  13 350, 0.002432 [0.000211/13.085331] [20091/0.002188]
Epoch 13 done. Evaluation:
(50000, 50000)
(9127, 10000)
  8  14  50, 0.002734 [0.000130/13.084912] [20182/0.002188]
  8  14 100, 0.002546 [0.000462/13.084674] [20232/0.002188]
  8  14 150, 0.002516 [0.000152/13.084437] [20282/0.002188]
  8  14 200, 0.002561 [0.000156/13.084199] [20332/0.002188]
  8  14 250, 0.002513 [0.000186/13.083965] [20382/0.002188]
  8  14 300, 0.002569 [0.000302/13.083732] [20432/0.002188]
  8  14 350, 0.002462 [0.000143/13.083492] [20482/0.002188]
Epoch 14 done. Evaluation:
(50000, 50000)
(9129, 10000)
  8  15  50, 0.002432 [0.000142/13.083058] [20573/0.002188]
  8  15 100, 0.002484 [0.000183/13.082820] [20623/0.002188]
  8  15 150, 0.002480 [0.000155/13.082584] [20673/0.002188]
  8  15 200, 0.002526 [0.000225/13.082345] [20723/0.002188]
  8  15 250, 0.002651 [0.000206/13.082114] [20773/0.002188]
  8  15 300, 0.002495 [0.000139/13.081874] [20823/0.002188]
  8  15 350, 0.002512 [0.000178/13.081638] [20873/0.002188]
Epoch 15 done. Evaluation:
(50000, 50000)
(9122, 10000)
  8  16  50, 0.002487 [0.000140/13.081209] [20964/0.002188]
  8  16 100, 0.002519 [0.000584/13.080971] [21014/0.002188]
  8  16 150, 0.002572 [0.000197/13.080738] [21064/0.002188]
  8  16 200, 0.002618 [0.000197/13.080503] [21114/0.002188]
  8  16 250, 0.002642 [0.000268/13.080269] [21164/0.002188]
  8  16 300, 0.002570 [0.000153/13.080036] [21214/0.002188]
  8  16 350, 0.002529 [0.000202/13.079802] [21264/0.002188]
Epoch 16 done. Evaluation:
(50000, 50000)
(9128, 10000)
  8  17  50, 0.002702 [0.000187/13.079379] [21355/0.002188]
  8  17 100, 0.002523 [0.000160/13.079146] [21405/0.002188]
  8  17 150, 0.002572 [0.000204/13.078912] [21455/0.002188]
  8  17 200, 0.002588 [0.000175/13.078680] [21505/0.002188]
  8  17 250, 0.002663 [0.000311/13.078447] [21555/0.002188]
  8  17 300, 0.002469 [0.000163/13.078212] [21605/0.002188]
  8  17 350, 0.002508 [0.000214/13.077977] [21655/0.002188]
Epoch 17 done. Evaluation:
(50000, 50000)
(9125, 10000)
  8  18  50, 0.002587 [0.000148/13.077551] [21746/0.002188]
  8  18 100, 0.002522 [0.000142/13.077318] [21796/0.002188]
  8  18 150, 0.002610 [0.000381/13.077087] [21846/0.002188]
  8  18 200, 0.002518 [0.000127/13.076852] [21896/0.002188]
  8  18 250, 0.002587 [0.000200/13.076621] [21946/0.002188]
  8  18 300, 0.002538 [0.000167/13.076387] [21996/0.002188]
  8  18 350, 0.002687 [0.000164/13.076155] [22046/0.002188]
Epoch 18 done. Evaluation:
(50000, 50000)
(9130, 10000)
  8  19  50, 0.002522 [0.000976/13.075726] [22137/0.002188]
  8  19 100, 0.002496 [0.000156/13.075491] [22187/0.002188]
  8  19 150, 0.002479 [0.000273/13.075255] [22237/0.002188]
  8  19 200, 0.002555 [0.000138/13.075019] [22287/0.002188]
  8  19 250, 0.002599 [0.000208/13.074792] [22337/0.002188]
  8  19 300, 0.002581 [0.000243/13.074558] [22387/0.002188]
  8  19 350, 0.002573 [0.000320/13.074325] [22437/0.002188]
Epoch 19 done. Evaluation:
(50000, 50000)
(9133, 10000)
  9   0  50, 0.002423 [0.000105/13.074021] [22528/0.002188]
  9   0 100, 0.002515 [0.000116/13.073903] [22578/0.002188]
  9   0 150, 0.002650 [0.000167/13.073791] [22628/0.002188]
  9   0 200, 0.002440 [0.000110/13.073671] [22678/0.002188]
  9   0 250, 0.002493 [0.000194/13.073556] [22728/0.002188]
  9   0 300, 0.002740 [0.000123/13.073443] [22778/0.002188]
  9   0 350, 0.002510 [0.000167/13.073327] [22828/0.002188]
Epoch 0 done. Evaluation:
(50000, 50000)
(9129, 10000)
  9   1  50, 0.002511 [0.000110/13.073115] [22919/0.002188]
  9   1 100, 0.002640 [0.000131/13.073000] [22969/0.002188]
  9   1 150, 0.002518 [0.000114/13.072884] [23019/0.002188]
  9   1 200, 0.002625 [0.000137/13.072768] [23069/0.002188]
  9   1 250, 0.002467 [0.000115/13.072652] [23119/0.002188]
  9   1 300, 0.002562 [0.000126/13.072538] [23169/0.002188]
  9   1 350, 0.002534 [0.000117/13.072422] [23219/0.002188]
Epoch 1 done. Evaluation:
(50000, 50000)
(9127, 10000)
  9   2  50, 0.002572 [0.000140/13.072212] [23310/0.002188]
  9   2 100, 0.002569 [0.000118/13.072096] [23360/0.002188]
  9   2 150, 0.002629 [0.000130/13.071982] [23410/0.002188]
  9   2 200, 0.002441 [0.000159/13.071863] [23460/0.002188]
  9   2 250, 0.002443 [0.000168/13.071747] [23510/0.002188]
  9   2 300, 0.002570 [0.000207/13.071631] [23560/0.002188]
  9   2 350, 0.002625 [0.000133/13.071516] [23610/0.002188]
Epoch 2 done. Evaluation:
(50000, 50000)
(9125, 10000)
  9   3  50, 0.002545 [0.000135/13.071309] [23701/0.002188]
  9   3 100, 0.002357 [0.000126/13.071190] [23751/0.002188]
  9   3 150, 0.002610 [0.000160/13.071076] [23801/0.002188]
  9   3 200, 0.002508 [0.000148/13.070960] [23851/0.002188]
  9   3 250, 0.002587 [0.000132/13.070843] [23901/0.002188]
  9   3 300, 0.002459 [0.000110/13.070727] [23951/0.002188]
  9   3 350, 0.002482 [0.000131/13.070609] [24001/0.002188]
Epoch 3 done. Evaluation:
(50000, 50000)
(9123, 10000)
  9   4  50, 0.002546 [0.000134/13.070402] [24092/0.002188]
  9   4 100, 0.002664 [0.000115/13.070288] [24142/0.002188]
  9   4 150, 0.002567 [0.000138/13.070174] [24192/0.002188]
  9   4 200, 0.002494 [0.000127/13.070058] [24242/0.002188]
  9   4 250, 0.002652 [0.000128/13.069944] [24292/0.002188]
  9   4 300, 0.002475 [0.000179/13.069828] [24342/0.002188]
  9   4 350, 0.002477 [0.000173/13.069712] [24392/0.002188]
Epoch 4 done. Evaluation:
(50000, 50000)
(9127, 10000)
  9   5  50, 0.002468 [0.000150/13.069503] [24483/0.002188]
  9   5 100, 0.002482 [0.000113/13.069388] [24533/0.002188]
  9   5 150, 0.002539 [0.000122/13.069273] [24583/0.002188]
  9   5 200, 0.002535 [0.000115/13.069158] [24633/0.002188]
  9   5 250, 0.002635 [0.000151/13.069045] [24683/0.002188]
  9   5 300, 0.002515 [0.000135/13.068928] [24733/0.002188]
  9   5 350, 0.002481 [0.000145/13.068811] [24783/0.002188]
Epoch 5 done. Evaluation:
(50000, 50000)
(9133, 10000)
  9   6  50, 0.002649 [0.000113/13.068604] [24874/0.002188]
  9   6 100, 0.002468 [0.000125/13.068487] [24924/0.002188]
  9   6 150, 0.002556 [0.000200/13.068373] [24974/0.002188]
  9   6 200, 0.002492 [0.000114/13.068257] [25024/0.002188]
  9   6 250, 0.002469 [0.000147/13.068141] [25074/0.002188]
  9   6 300, 0.002568 [0.000118/13.068029] [25124/0.002188]
  9   6 350, 0.002516 [0.000130/13.067911] [25174/0.002188]
Epoch 6 done. Evaluation:
(50000, 50000)
(9128, 10000)
  9   7  50, 0.002626 [0.000113/13.067700] [25265/0.002188]
  9   7 100, 0.002483 [0.000143/13.067587] [25315/0.002188]
  9   7 150, 0.002502 [0.000115/13.067470] [25365/0.002188]
  9   7 200, 0.002477 [0.000122/13.067355] [25415/0.002188]
  9   7 250, 0.002464 [0.000116/13.067239] [25465/0.002188]
  9   7 300, 0.002485 [0.000115/13.067123] [25515/0.002188]
  9   7 350, 0.002545 [0.000155/13.067009] [25565/0.002188]
Epoch 7 done. Evaluation:
(50000, 50000)
(9130, 10000)
  9   8  50, 0.002526 [0.000110/13.066799] [25656/0.002188]
  9   8 100, 0.002543 [0.000139/13.066684] [25706/0.002188]
  9   8 150, 0.002482 [0.000127/13.066569] [25756/0.002188]
  9   8 200, 0.002683 [0.000150/13.066457] [25806/0.002188]
  9   8 250, 0.002609 [0.000180/13.066344] [25856/0.002188]
  9   8 300, 0.002431 [0.000114/13.066227] [25906/0.002188]
  9   8 350, 0.002730 [0.000134/13.066115] [25956/0.002188]
Epoch 8 done. Evaluation:
(50000, 50000)
(9123, 10000)
  9   9  50, 0.002574 [0.000144/13.065906] [26047/0.002188]
  9   9 100, 0.002535 [0.000132/13.065791] [26097/0.002188]
  9   9 150, 0.002556 [0.000124/13.065676] [26147/0.002188]
  9   9 200, 0.002601 [0.000113/13.065564] [26197/0.002188]
  9   9 250, 0.002564 [0.000107/13.065450] [26247/0.002188]
  9   9 300, 0.002612 [0.000131/13.065336] [26297/0.002188]
  9   9 350, 0.002530 [0.000117/13.065222] [26347/0.002188]
Epoch 9 done. Evaluation:
(50000, 50000)
(9121, 10000)
  9  10  50, 0.002532 [0.000108/13.065011] [26438/0.002188]
  9  10 100, 0.002535 [0.000116/13.064896] [26488/0.002188]
  9  10 150, 0.002526 [0.000130/13.064779] [26538/0.002188]
  9  10 200, 0.002580 [0.000118/13.064665] [26588/0.002188]
  9  10 250, 0.002582 [0.000234/13.064554] [26638/0.002188]
  9  10 300, 0.002532 [0.000183/13.064440] [26688/0.002188]
  9  10 350, 0.002432 [0.000249/13.064324] [26738/0.002188]
Epoch 10 done. Evaluation:
(50000, 50000)
(9125, 10000)
  9  11  50, 0.002483 [0.000130/13.064117] [26829/0.002188]
  9  11 100, 0.002583 [0.000110/13.064001] [26879/0.002188]
  9  11 150, 0.002639 [0.000253/13.063888] [26929/0.002188]
  9  11 200, 0.002603 [0.000133/13.063774] [26979/0.002188]
  9  11 250, 0.002391 [0.000121/13.063657] [27029/0.002188]
  9  11 300, 0.002663 [0.000139/13.063545] [27079/0.002188]
  9  11 350, 0.002508 [0.000111/13.063429] [27129/0.002188]
Epoch 11 done. Evaluation:
(50000, 50000)
(9126, 10000)
  9  12  50, 0.002604 [0.000112/13.063222] [27220/0.002188]
  9  12 100, 0.002535 [0.000113/13.063109] [27270/0.002188]
  9  12 150, 0.002477 [0.000123/13.062993] [27320/0.002188]
  9  12 200, 0.002389 [0.000190/13.062877] [27370/0.002188]
  9  12 250, 0.002485 [0.000175/13.062761] [27420/0.002188]
  9  12 300, 0.002555 [0.000114/13.062647] [27470/0.002188]
  9  12 350, 0.002544 [0.000107/13.062534] [27520/0.002188]
Epoch 12 done. Evaluation:
(50000, 50000)
(9125, 10000)
  9  13  50, 0.002630 [0.000110/13.062328] [27611/0.002188]
  9  13 100, 0.002545 [0.000115/13.062213] [27661/0.002188]
  9  13 150, 0.002474 [0.000220/13.062097] [27711/0.002188]
  9  13 200, 0.002607 [0.000116/13.061984] [27761/0.002188]
  9  13 250, 0.002503 [0.000154/13.061870] [27811/0.002188]
  9  13 300, 0.002603 [0.000116/13.061757] [27861/0.002188]
  9  13 350, 0.002515 [0.000199/13.061644] [27911/0.002188]
Epoch 13 done. Evaluation:
(50000, 50000)
(9117, 10000)
  9  14  50, 0.002583 [0.000156/13.061437] [28002/0.002188]
  9  14 100, 0.002487 [0.000110/13.061323] [28052/0.002188]
  9  14 150, 0.002528 [0.000109/13.061208] [28102/0.002188]
  9  14 200, 0.002453 [0.000115/13.061093] [28152/0.002188]
  9  14 250, 0.002579 [0.000145/13.060979] [28202/0.002188]
  9  14 300, 0.002465 [0.000129/13.060864] [28252/0.002188]
  9  14 350, 0.002433 [0.000210/13.060748] [28302/0.002188]
Epoch 14 done. Evaluation:
(50000, 50000)
(9117, 10000)
  9  15  50, 0.002508 [0.000126/13.060540] [28393/0.002188]
  9  15 100, 0.002566 [0.000131/13.060427] [28443/0.002188]
  9  15 150, 0.002613 [0.000169/13.060316] [28493/0.002188]
  9  15 200, 0.002486 [0.000115/13.060200] [28543/0.002188]
  9  15 250, 0.002573 [0.000117/13.060086] [28593/0.002188]
  9  15 300, 0.002676 [0.000132/13.059974] [28643/0.002188]
  9  15 350, 0.002552 [0.000117/13.059859] [28693/0.002188]
Epoch 15 done. Evaluation:
(50000, 50000)
(9130, 10000)
  9  16  50, 0.002483 [0.000138/13.059653] [28784/0.002188]
  9  16 100, 0.002515 [0.000123/13.059538] [28834/0.002188]
  9  16 150, 0.002678 [0.000157/13.059428] [28884/0.002188]
  9  16 200, 0.002566 [0.000110/13.059314] [28934/0.002188]
  9  16 250, 0.002649 [0.000105/13.059201] [28984/0.002188]
  9  16 300, 0.002465 [0.000106/13.059087] [29034/0.002188]
  9  16 350, 0.002536 [0.000109/13.058973] [29084/0.002188]
Epoch 16 done. Evaluation:
(50000, 50000)
(9118, 10000)
  9  17  50, 0.002709 [0.000121/13.058772] [29175/0.002188]
  9  17 100, 0.002414 [0.000213/13.058655] [29225/0.002188]
  9  17 150, 0.002566 [0.000137/13.058541] [29275/0.002188]
  9  17 200, 0.002470 [0.000118/13.058428] [29325/0.002188]
  9  17 250, 0.002533 [0.000251/13.058314] [29375/0.002188]
  9  17 300, 0.002528 [0.000162/13.058201] [29425/0.002188]
  9  17 350, 0.002616 [0.000109/13.058089] [29475/0.002188]
Epoch 17 done. Evaluation:
(50000, 50000)
(9119, 10000)
  9  18  50, 0.002567 [0.000124/13.057887] [29566/0.002188]
  9  18 100, 0.002551 [0.000218/13.057774] [29616/0.002188]
  9  18 150, 0.002522 [0.000415/13.057658] [29666/0.002188]
  9  18 200, 0.002699 [0.000121/13.057547] [29716/0.002188]
  9  18 250, 0.002495 [0.000132/13.057435] [29766/0.002188]
  9  18 300, 0.002640 [0.000131/13.057323] [29816/0.002188]
  9  18 350, 0.002531 [0.000116/13.057209] [29866/0.002188]
Epoch 18 done. Evaluation:
(50000, 50000)
(9133, 10000)
  9  19  50, 0.002457 [0.000126/13.057002] [29957/0.002188]
  9  19 100, 0.002500 [0.000121/13.056890] [30007/0.002188]
  9  19 150, 0.002531 [0.000136/13.056776] [30057/0.002188]
  9  19 200, 0.002653 [0.000117/13.056663] [30107/0.002188]
  9  19 250, 0.002507 [0.000111/13.056550] [30157/0.002188]
  9  19 300, 0.002505 [0.000140/13.056438] [30207/0.002188]
  9  19 350, 0.002526 [0.000142/13.056325] [30257/0.002188]
Epoch 19 done. Evaluation:
(50000, 50000)
(9131, 10000)
