Sequential (
  (conv1_1): Sequential (
    (0): Conv2d(3, 32, kernel_size=(3, 3), stride=(1, 1), padding=(1, 1))
    (1): BatchNorm2d(32, eps=1e-05, momentum=0.1, affine=True)
    (2): ReLU (inplace)
  )
  (conv1_2): Sequential (
    (0): Conv2d(32, 32, kernel_size=(3, 3), stride=(1, 1), padding=(1, 1))
    (1): BatchNorm2d(32, eps=1e-05, momentum=0.1, affine=True)
    (2): ReLU (inplace)
  )
  (pool1): MaxPool2d (size=(2, 2), stride=(2, 2), dilation=(1, 1))
  (conv2_1): Sequential (
    (0): Conv2d(32, 64, kernel_size=(3, 3), stride=(1, 1), padding=(1, 1))
    (1): BatchNorm2d(64, eps=1e-05, momentum=0.1, affine=True)
    (2): ReLU (inplace)
  )
  (conv2_2): Sequential (
    (0): Conv2d(64, 64, kernel_size=(3, 3), stride=(1, 1), padding=(1, 1))
    (1): BatchNorm2d(64, eps=1e-05, momentum=0.1, affine=True)
    (2): ReLU (inplace)
  )
  (pool2): MaxPool2d (size=(2, 2), stride=(2, 2), dilation=(1, 1))
  (conv3_1): Sequential (
    (0): Conv2d(64, 128, kernel_size=(3, 3), stride=(1, 1), padding=(1, 1))
    (1): BatchNorm2d(128, eps=1e-05, momentum=0.1, affine=True)
    (2): ReLU (inplace)
  )
  (conv3_2): Sequential (
    (0): Conv2d(128, 128, kernel_size=(3, 3), stride=(1, 1), padding=(1, 1))
    (1): BatchNorm2d(128, eps=1e-05, momentum=0.1, affine=True)
    (2): ReLU (inplace)
  )
  (pool3): MaxPool2d (size=(2, 2), stride=(2, 2), dilation=(1, 1))
  (conv4_1): Sequential (
    (0): Conv2d(128, 256, kernel_size=(3, 3), stride=(1, 1), padding=(1, 1))
    (1): BatchNorm2d(256, eps=1e-05, momentum=0.1, affine=True)
    (2): ReLU (inplace)
  )
  (conv4_2): Sequential (
    (0): Conv2d(256, 256, kernel_size=(3, 3), stride=(1, 1), padding=(1, 1))
    (1): BatchNorm2d(256, eps=1e-05, momentum=0.1, affine=True)
    (2): ReLU (inplace)
  )
  (pool4): MaxPool2d (size=(2, 2), stride=(2, 2), dilation=(1, 1))
  (conv5_1): Sequential (
    (0): Conv2d(256, 256, kernel_size=(3, 3), stride=(1, 1), padding=(1, 1))
    (1): BatchNorm2d(256, eps=1e-05, momentum=0.1, affine=True)
    (2): ReLU (inplace)
  )
  (conv5_2): Sequential (
    (0): Conv2d(256, 256, kernel_size=(3, 3), stride=(1, 1), padding=(1, 1))
    (1): BatchNorm2d(256, eps=1e-05, momentum=0.1, affine=True)
    (2): ReLU (inplace)
  )
  (pool5): MaxPool2d (size=(2, 2), stride=(2, 2), dilation=(1, 1))
  (fc6): Sequential (
    (0): Conv2d(256, 256, kernel_size=(1, 1), stride=(1, 1))
    (1): BatchNorm2d(256, eps=1e-05, momentum=0.1, affine=True)
    (2): ReLU (inplace)
  )
  (logit): Conv2d(256, 10, kernel_size=(1, 1), stride=(1, 1))
  (flatter): Flatten()
)
{'L1_decay': 5e-06,
 'batch_size': 128,
 'force_name': False,
 'graphfolder': 'logs/dxp5_graphs/',
 'learning_rate': 0.1,
 'logfile': 'logs/dxp5.log',
 'mode': '',
 'name': 'dxp5',
 'num_base': 32,
 'optimizer': 'SGD_var_dup2',
 'weight_decay': 0.00032}
0.00429592184984
0.047048290684
0.023144646024
0.0458679740759
0.0230008324598
0.04609545127
0.0230419636302
0.0459760954169
0.0230722292973
0.0230619404865
0.00128325302787
0.00125825320665
Decayed training with schedule: [20, 20, 20, 20, 20, 20, 20, 20, 20, 20]
  0   0  50, 1.836243 [0.457547/63.836319] [   0/1.836243]
  0   0 100, 1.487543 [0.450251/57.067621] [   0/1.487543]
  0   0 150, 1.374408 [0.451896/51.568685] [   0/1.374408]
  0   0 200, 1.315270 [0.423635/47.084746] [   0/1.315270]
  0   0 250, 1.184617 [0.467603/43.421103] [   0/1.184617]
  0   0 300, 1.162219 [0.467460/40.412234] [   0/1.162219]
  0   0 350, 1.107759 [0.430045/37.937018] [   0/1.107759]
Epoch 0 done. Evaluation:
(26288, 50000)
(4577, 10000)
  0   1  50, 1.013942 [0.544067/34.494367] [   0/1.013942]
  0   1 100, 0.999969 [0.482071/33.051818] [   0/0.999969]
  0   1 150, 0.979564 [0.471465/31.860826] [   0/0.979564]
  0   1 200, 0.951359 [0.476191/30.848927] [   0/0.951359]
  0   1 250, 0.988617 [0.544929/30.004684] [  50/0.951359]
  0   1 300, 0.918811 [0.454962/29.288956] [   0/0.918811]
  0   1 350, 0.961389 [0.495213/28.681167] [  50/0.918811]
Epoch 1 done. Evaluation:
(33091, 50000)
(4751, 10000)
  0   2  50, 0.924646 [0.542214/27.783463] [ 141/0.918811]
  0   2 100, 0.918169 [0.399534/27.373781] [   0/0.918169]
  0   2 150, 0.913354 [0.458276/27.014166] [   0/0.913354]
  0   2 200, 0.871460 [0.437015/26.684622] [   0/0.871460]
  0   2 250, 0.919340 [0.592026/26.396750] [  50/0.871460]
  0   2 300, 0.887280 [0.600788/26.127040] [ 100/0.871460]
  0   2 350, 0.967159 [0.450526/25.892333] [ 150/0.871460]
Epoch 2 done. Evaluation:
(34301, 50000)
(5267, 10000)
  0   3  50, 0.879159 [0.615847/25.496367] [ 241/0.871460]
  0   3 100, 0.866988 [0.377574/25.289169] [   0/0.866988]
  0   3 150, 0.873413 [0.497366/25.095957] [  50/0.866988]
  0   3 200, 0.894049 [0.443914/24.912650] [ 100/0.866988]
  0   3 250, 0.866498 [0.549990/24.730626] [   0/0.866498]
  0   3 300, 0.879937 [0.475882/24.555750] [  50/0.866498]
  0   3 350, 0.899641 [0.557280/24.413933] [ 100/0.866498]
Epoch 3 done. Evaluation:
(34913, 50000)
(5328, 10000)
  0   4  50, 0.856337 [0.422766/24.109461] [   0/0.856337]
  0   4 100, 0.836443 [0.456952/23.948149] [   0/0.836443]
  0   4 150, 0.856875 [0.537561/23.783565] [  50/0.836443]
  0   4 200, 0.881637 [0.508655/23.632181] [ 100/0.836443]
  0   4 250, 0.842705 [0.378003/23.480670] [ 150/0.836443]
  0   4 300, 0.840980 [0.524189/23.337835] [ 200/0.836443]
  0   4 350, 0.840616 [0.306920/23.188160] [ 250/0.836443]
Epoch 4 done. Evaluation:
(35405, 50000)
(4750, 10000)
  0   5  50, 0.828666 [0.456501/22.928749] [   0/0.828666]
  0   5 100, 0.837648 [0.501764/22.782274] [  50/0.828666]
  0   5 150, 0.852033 [0.473612/22.648621] [ 100/0.828666]
  0   5 200, 0.825565 [0.402460/22.516998] [   0/0.825565]
  0   5 250, 0.820170 [0.426909/22.363701] [   0/0.820170]
  0   5 300, 0.843375 [0.500798/22.234748] [  50/0.820170]
  0   5 350, 0.810177 [0.562733/22.097964] [   0/0.810177]
Epoch 5 done. Evaluation:
(35698, 50000)
(3483, 10000)
  0   6  50, 0.834275 [0.482140/21.859325] [  91/0.810177]
  0   6 100, 0.809843 [0.449081/21.738990] [   0/0.809843]
  0   6 150, 0.879492 [0.564292/21.621702] [  50/0.809843]
  0   6 200, 0.779086 [0.353458/21.480055] [   0/0.779086]
  0   6 250, 0.845423 [0.419658/21.370538] [  50/0.779086]
  0   6 300, 0.826432 [0.497087/21.233475] [ 100/0.779086]
  0   6 350, 0.843393 [0.400301/21.115532] [ 150/0.779086]
Epoch 6 done. Evaluation:
(35921, 50000)
(2135, 10000)
  0   7  50, 0.840881 [0.535610/20.902262] [ 241/0.779086]
  0   7 100, 0.802862 [0.429631/20.779824] [ 291/0.779086]
  0   7 150, 0.809282 [0.499575/20.676816] [ 341/0.779086]
  0   7 200, 0.850013 [0.379650/20.578724] [ 391/0.779086]
  0   7 250, 0.815536 [0.476132/20.449751] [ 441/0.779086]
  0   7 300, 0.816180 [0.401523/20.336400] [ 491/0.779086]
  0   7 350, 0.818977 [0.416728/20.207645] [ 541/0.779086]
Epoch 7 done. Evaluation:
(35964, 50000)
(5859, 10000)
  0   8  50, 0.826697 [0.435918/20.017228] [ 632/0.779086]
  0   8 100, 0.831465 [0.365262/19.910597] [ 682/0.779086]
  0   8 150, 0.799098 [0.515234/19.798764] [ 732/0.779086]
  0   8 200, 0.809521 [0.469229/19.697986] [ 782/0.779086]
  0   8 250, 0.826393 [0.507212/19.583015] [ 832/0.779086]
  0   8 300, 0.838573 [0.439467/19.477279] [ 882/0.779086]
  0   8 350, 0.772219 [0.482768/19.357179] [   0/0.772219]
Epoch 8 done. Evaluation:
(36191, 50000)
(2685, 10000)
  0   9  50, 0.878867 [0.369457/19.209047] [  91/0.772219]
  0   9 100, 0.802142 [0.472608/19.087535] [ 141/0.772219]
  0   9 150, 0.912205 [0.510482/19.045508] [ 191/0.772219]
  0   9 200, 0.795340 [0.488420/18.906770] [ 241/0.772219]
  0   9 250, 0.797705 [0.383074/18.794721] [ 291/0.772219]
  0   9 300, 0.815328 [0.415171/18.707498] [ 341/0.772219]
  0   9 350, 0.806140 [0.387077/18.595394] [ 391/0.772219]
Epoch 9 done. Evaluation:
(35974, 50000)
(2281, 10000)
  0  10  50, 0.814660 [0.411770/18.429618] [ 482/0.772219]
  0  10 100, 0.794043 [0.553145/18.326066] [ 532/0.772219]
  0  10 150, 0.776484 [0.421859/18.232045] [ 582/0.772219]
  0  10 200, 0.787078 [0.527667/18.139857] [ 632/0.772219]
  0  10 250, 0.864948 [0.468147/18.052746] [ 682/0.772219]
  0  10 300, 0.814539 [0.425809/17.950712] [ 732/0.772219]
  0  10 350, 0.783237 [0.487196/17.861967] [ 782/0.772219]
Epoch 10 done. Evaluation:
(36311, 50000)
(4428, 10000)
  0  11  50, 0.796380 [0.477499/17.719510] [ 873/0.772219]
  0  11 100, 0.799226 [0.395776/17.634439] [ 923/0.772219]
  0  11 150, 0.838487 [0.392837/17.565726] [ 973/0.772219]
  0  11 200, 0.774476 [0.468977/17.453786] [1023/0.772219]
  0  11 250, 0.811940 [0.356667/17.359743] [1073/0.772219]
  0  11 300, 0.802142 [0.418016/17.281850] [1123/0.772219]
  0  11 350, 0.840852 [0.458416/17.227914] [1173/0.772219]
Epoch 11 done. Evaluation:
(36256, 50000)
(4842, 10000)
  0  12  50, 0.802881 [0.598339/17.072453] [1264/0.772219]
  0  12 100, 0.785366 [0.464038/16.994208] [1314/0.772219]
  0  12 150, 0.801169 [0.446418/16.919363] [1364/0.772219]
  0  12 200, 0.790531 [0.428397/16.827487] [1414/0.772219]
  0  12 250, 0.797085 [0.523427/16.756468] [1464/0.772219]
  0  12 300, 0.837450 [0.472213/16.682879] [1514/0.772219]
  0  12 350, 0.782022 [0.423417/16.583022] [1564/0.772219]
Epoch 12 done. Evaluation:
(36446, 50000)
(6297, 10000)
  0  13  50, 0.797285 [0.480115/16.482352] [1655/0.772219]
  0  13 100, 0.794179 [0.458371/16.400009] [1705/0.772219]
  0  13 150, 0.775074 [0.432110/16.316432] [1755/0.772219]
  0  13 200, 0.793890 [0.382372/16.231786] [1805/0.772219]
  0  13 250, 0.794421 [0.467709/16.160787] [1855/0.772219]
  0  13 300, 0.829140 [0.521878/16.115296] [1905/0.772219]
  0  13 350, 0.791433 [0.449879/16.027286] [1955/0.772219]
Epoch 13 done. Evaluation:
(36572, 50000)
(2884, 10000)
  0  14  50, 0.769329 [0.472612/15.894877] [   0/0.769329]
  0  14 100, 0.795228 [0.450254/15.834638] [  50/0.769329]
  0  14 150, 0.838451 [0.448411/15.799959] [ 100/0.769329]
  0  14 200, 0.763520 [0.559836/15.709249] [   0/0.763520]
  0  14 250, 0.925613 [0.431837/15.662324] [  50/0.763520]
  0  14 300, 0.772431 [0.567836/15.572507] [ 100/0.763520]
  0  14 350, 0.831656 [0.406570/15.497783] [ 150/0.763520]
Epoch 14 done. Evaluation:
(36300, 50000)
(5776, 10000)
  0  15  50, 0.805965 [0.548438/15.389143] [ 241/0.763520]
  0  15 100, 0.791729 [0.405960/15.307232] [ 291/0.763520]
  0  15 150, 0.755845 [0.487088/15.265201] [   0/0.755845]
  0  15 200, 0.808871 [0.538166/15.209111] [  50/0.755845]
  0  15 250, 0.826193 [0.406073/15.156861] [ 100/0.755845]
  0  15 300, 0.785744 [0.502784/15.082670] [ 150/0.755845]
  0  15 350, 0.813830 [0.430381/15.023854] [ 200/0.755845]
Epoch 15 done. Evaluation:
(36478, 50000)
(3555, 10000)
  0  16  50, 0.757474 [0.538450/14.875604] [ 291/0.755845]
  0  16 100, 0.827461 [0.581874/14.844547] [ 341/0.755845]
  0  16 150, 0.777725 [0.510130/14.779038] [ 391/0.755845]
  0  16 200, 0.816729 [0.438267/14.729365] [ 441/0.755845]
  0  16 250, 0.816606 [0.383329/14.690079] [ 491/0.755845]
  0  16 300, 0.763535 [0.478666/14.599043] [ 541/0.755845]
  0  16 350, 0.831467 [0.458714/14.553857] [ 591/0.755845]
Epoch 16 done. Evaluation:
(36563, 50000)
(5040, 10000)
  0  17  50, 0.779963 [0.524137/14.468653] [ 682/0.755845]
  0  17 100, 0.796248 [0.528973/14.412518] [ 732/0.755845]
  0  17 150, 0.777400 [0.423051/14.342396] [ 782/0.755845]
  0  17 200, 0.828039 [0.497177/14.297668] [ 832/0.755845]
  0  17 250, 0.788573 [0.502981/14.227201] [ 882/0.755845]
  0  17 300, 0.790804 [0.685386/14.193350] [ 932/0.755845]
  0  17 350, 0.820375 [0.510609/14.147572] [ 982/0.755845]
Epoch 17 done. Evaluation:
(36618, 50000)
(3869, 10000)
  0  18  50, 0.784483 [0.423312/14.049297] [1073/0.755845]
  0  18 100, 0.761173 [0.403584/13.971252] [1123/0.755845]
  0  18 150, 0.848996 [0.488479/13.973114] [1173/0.755845]
  0  18 200, 0.775397 [0.539963/13.927825] [1223/0.755845]
  0  18 250, 0.795754 [0.507094/13.855730] [1273/0.755845]
  0  18 300, 0.824557 [0.482405/13.811141] [1323/0.755845]
  0  18 350, 0.811975 [0.447940/13.752114] [1373/0.755845]
Epoch 18 done. Evaluation:
(36577, 50000)
(4506, 10000)
  0  19  50, 0.805117 [0.393642/13.682261] [1464/0.755845]
  0  19 100, 0.790902 [0.456759/13.638647] [1514/0.755845]
  0  19 150, 0.848330 [0.571913/13.662222] [1564/0.755845]
  0  19 200, 0.778990 [0.423276/13.569824] [1614/0.755845]
  0  19 250, 0.810443 [0.392077/13.542048] [1664/0.755845]
  0  19 300, 0.785054 [0.571173/13.479708] [1714/0.755845]
  0  19 350, 0.802959 [0.566623/13.429096] [1764/0.755845]
Epoch 19 done. Evaluation:
(36250, 50000)
(4373, 10000)
  1   0  50, 0.588934 [0.217068/13.277223] [   0/0.588934]
  1   0 100, 0.554699 [0.251547/13.184676] [   0/0.554699]
  1   0 150, 0.586761 [0.268701/13.126726] [  50/0.554699]
  1   0 200, 0.592503 [0.295844/13.070935] [ 100/0.554699]
  1   0 250, 0.613485 [0.271577/13.033198] [ 150/0.554699]
  1   0 300, 0.610064 [0.307057/12.993524] [ 200/0.554699]
  1   0 350, 0.637052 [0.308130/12.956304] [ 250/0.554699]
Epoch 0 done. Evaluation:
(39763, 50000)
(6169, 10000)
  1   1  50, 0.582098 [0.328325/12.928418] [ 341/0.554699]
  1   1 100, 0.632258 [0.345639/12.906296] [ 391/0.554699]
  1   1 150, 0.616251 [0.333297/12.886795] [ 441/0.554699]
  1   1 200, 0.621924 [0.376568/12.873121] [ 491/0.554699]
  1   1 250, 0.605535 [0.302287/12.855159] [ 541/0.554699]
  1   1 300, 0.604166 [0.274775/12.832847] [ 591/0.554699]
  1   1 350, 0.617487 [0.294891/12.814107] [ 641/0.554699]
Epoch 1 done. Evaluation:
(39603, 50000)
(5497, 10000)
  1   2  50, 0.584642 [0.304197/12.784058] [ 732/0.554699]
  1   2 100, 0.630348 [0.306587/12.775885] [ 782/0.554699]
  1   2 150, 0.597839 [0.281316/12.753125] [ 832/0.554699]
  1   2 200, 0.616998 [0.259714/12.734432] [ 882/0.554699]
  1   2 250, 0.589602 [0.342944/12.715390] [ 932/0.554699]
  1   2 300, 0.611226 [0.268829/12.697775] [ 982/0.554699]
  1   2 350, 0.592638 [0.299699/12.681306] [1032/0.554699]
Epoch 2 done. Evaluation:
(39736, 50000)
(6073, 10000)
  1   3  50, 0.605892 [0.302822/12.659325] [1123/0.554699]
  1   3 100, 0.596809 [0.335521/12.642088] [1173/0.554699]
  1   3 150, 0.567294 [0.288988/12.635195] [1223/0.554699]
  1   3 200, 0.601259 [0.306902/12.613518] [1273/0.554699]
  1   3 250, 0.608126 [0.223694/12.588531] [1323/0.554699]
  1   3 300, 0.562703 [0.302270/12.566796] [1373/0.554699]
  1   3 350, 0.628821 [0.289657/12.548937] [1423/0.554699]
Epoch 3 done. Evaluation:
(39957, 50000)
(5578, 10000)
  1   4  50, 0.585008 [0.292339/12.523498] [1514/0.554699]
  1   4 100, 0.568703 [0.314368/12.500313] [1564/0.554699]
  1   4 150, 0.610448 [0.356976/12.485765] [1614/0.554699]
  1   4 200, 0.613459 [0.303228/12.476879] [1664/0.554699]
  1   4 250, 0.602072 [0.302027/12.454509] [1714/0.554699]
  1   4 300, 0.606036 [0.243803/12.434016] [1764/0.554699]
  1   4 350, 0.604154 [0.305145/12.421552] [1814/0.554699]
Epoch 4 done. Evaluation:
(39818, 50000)
(2960, 10000)
  1   5  50, 0.573951 [0.288657/12.396615] [1905/0.554699]
  1   5 100, 0.575622 [0.327432/12.371837] [1955/0.554699]
  1   5 150, 0.605575 [0.339599/12.358046] [2005/0.554699]
  1   5 200, 0.597119 [0.297594/12.338291] [2055/0.554699]
  1   5 250, 0.602682 [0.398002/12.319914] [2105/0.554699]
  1   5 300, 0.607560 [0.276826/12.293524] [2155/0.554699]
  1   5 350, 0.586863 [0.332218/12.281640] [2205/0.554699]
Epoch 5 done. Evaluation:
(39874, 50000)
(5925, 10000)
  1   6  50, 0.569443 [0.377056/12.267443] [2296/0.554699]
  1   6 100, 0.582592 [0.320698/12.254257] [2346/0.554699]
  1   6 150, 0.597123 [0.302562/12.231898] [2396/0.554699]
  1   6 200, 0.588334 [0.336632/12.211294] [2446/0.554699]
  1   6 250, 0.599950 [0.275800/12.197785] [2496/0.554699]
  1   6 300, 0.592245 [0.329575/12.185561] [2546/0.554699]
  1   6 350, 0.567260 [0.330199/12.158241] [2596/0.554699]
Epoch 6 done. Evaluation:
(40168, 50000)
(5436, 10000)
  1   7  50, 0.587365 [0.331432/12.145987] [2687/0.554699]
  1   7 100, 0.591687 [0.322305/12.119748] [2737/0.554699]
  1   7 150, 0.607355 [0.366959/12.118627] [2787/0.554699]
  1   7 200, 0.601566 [0.305461/12.101588] [2837/0.554699]
  1   7 250, 0.601413 [0.278289/12.092312] [2887/0.554699]
  1   7 300, 0.593393 [0.281529/12.065917] [2937/0.554699]
  1   7 350, 0.579027 [0.300528/12.038251] [2987/0.554699]
Epoch 7 done. Evaluation:
(40002, 50000)
(6360, 10000)
  1   8  50, 0.573405 [0.354553/12.031997] [3078/0.554699]
  1   8 100, 0.578132 [0.297725/12.009884] [3128/0.554699]
  1   8 150, 0.579154 [0.298491/11.998694] [3178/0.554699]
  1   8 200, 0.601760 [0.251064/11.985916] [3228/0.554699]
  1   8 250, 0.580432 [0.370063/11.971155] [3278/0.554699]
  1   8 300, 0.582135 [0.249134/11.954728] [3328/0.554699]
  1   8 350, 0.610465 [0.290762/11.944014] [3378/0.554699]
Epoch 8 done. Evaluation:
(40054, 50000)
(5691, 10000)
  1   9  50, 0.554037 [0.294598/11.917187] [   0/0.554037]
  1   9 100, 0.583675 [0.345250/11.908144] [  50/0.554037]
  1   9 150, 0.590434 [0.305344/11.900085] [ 100/0.554037]
  1   9 200, 0.599892 [0.246754/11.886251] [ 150/0.554037]
  1   9 250, 0.614347 [0.314433/11.872251] [ 200/0.554037]
  1   9 300, 0.565570 [0.355591/11.853641] [ 250/0.554037]
  1   9 350, 0.590510 [0.299086/11.847288] [ 300/0.554037]
Epoch 9 done. Evaluation:
(40111, 50000)
(6531, 10000)
  1  10  50, 0.553484 [0.302594/11.821682] [   0/0.553484]
  1  10 100, 0.584964 [0.294282/11.824311] [  50/0.553484]
  1  10 150, 0.575150 [0.325578/11.808906] [ 100/0.553484]
  1  10 200, 0.575605 [0.280864/11.790394] [ 150/0.553484]
  1  10 250, 0.596080 [0.268080/11.765685] [ 200/0.553484]
  1  10 300, 0.588039 [0.272700/11.743165] [ 250/0.553484]
  1  10 350, 0.585185 [0.307935/11.728226] [ 300/0.553484]
Epoch 10 done. Evaluation:
(40176, 50000)
(6278, 10000)
  1  11  50, 0.559857 [0.268618/11.704097] [ 391/0.553484]
  1  11 100, 0.574986 [0.364267/11.697679] [ 441/0.553484]
  1  11 150, 0.572603 [0.327758/11.686343] [ 491/0.553484]
  1  11 200, 0.582889 [0.337621/11.664094] [ 541/0.553484]
  1  11 250, 0.605600 [0.335136/11.650393] [ 591/0.553484]
  1  11 300, 0.598784 [0.299275/11.641702] [ 641/0.553484]
  1  11 350, 0.607957 [0.347395/11.620153] [ 691/0.553484]
Epoch 11 done. Evaluation:
(40106, 50000)
(5524, 10000)
  1  12  50, 0.562066 [0.348530/11.607121] [ 782/0.553484]
  1  12 100, 0.576982 [0.396482/11.604458] [ 832/0.553484]
  1  12 150, 0.586228 [0.304921/11.600719] [ 882/0.553484]
  1  12 200, 0.575315 [0.341964/11.586732] [ 932/0.553484]
  1  12 250, 0.603758 [0.279252/11.577654] [ 982/0.553484]
  1  12 300, 0.574871 [0.280867/11.555670] [1032/0.553484]
  1  12 350, 0.598203 [0.331150/11.536627] [1082/0.553484]
Epoch 12 done. Evaluation:
(40164, 50000)
(4449, 10000)
  1  13  50, 0.554599 [0.216203/11.521737] [1173/0.553484]
  1  13 100, 0.575433 [0.311719/11.520636] [1223/0.553484]
  1  13 150, 0.586298 [0.274831/11.510383] [1273/0.553484]
  1  13 200, 0.584791 [0.315512/11.492572] [1323/0.553484]
  1  13 250, 0.572710 [0.330875/11.475337] [1373/0.553484]
  1  13 300, 0.606220 [0.334263/11.467513] [1423/0.553484]
  1  13 350, 0.591363 [0.327181/11.453844] [1473/0.553484]
Epoch 13 done. Evaluation:
(40143, 50000)
(7215, 10000)
  1  14  50, 0.547804 [0.242009/11.433751] [   0/0.547804]
  1  14 100, 0.606954 [0.294823/11.442593] [  50/0.547804]
  1  14 150, 0.555306 [0.369769/11.424009] [ 100/0.547804]
  1  14 200, 0.560718 [0.298107/11.411438] [ 150/0.547804]
  1  14 250, 0.598418 [0.278379/11.404563] [ 200/0.547804]
  1  14 300, 0.584300 [0.279178/11.388643] [ 250/0.547804]
  1  14 350, 0.586481 [0.282982/11.373067] [ 300/0.547804]
Epoch 14 done. Evaluation:
(40321, 50000)
(5062, 10000)
  1  15  50, 0.571362 [0.266976/11.350898] [ 391/0.547804]
  1  15 100, 0.558375 [0.306143/11.341574] [ 441/0.547804]
  1  15 150, 0.594372 [0.328076/11.332483] [ 491/0.547804]
  1  15 200, 0.555993 [0.293876/11.321411] [ 541/0.547804]
  1  15 250, 0.582444 [0.302154/11.305098] [ 591/0.547804]
  1  15 300, 0.576919 [0.294112/11.282005] [ 641/0.547804]
  1  15 350, 0.597798 [0.296558/11.275903] [ 691/0.547804]
Epoch 15 done. Evaluation:
(40332, 50000)
(5605, 10000)
  1  16  50, 0.545233 [0.290806/11.265467] [   0/0.545233]
  1  16 100, 0.566596 [0.258886/11.242813] [  50/0.545233]
  1  16 150, 0.572922 [0.366079/11.229237] [ 100/0.545233]
  1  16 200, 0.581123 [0.312977/11.224944] [ 150/0.545233]
  1  16 250, 0.595889 [0.274944/11.209127] [ 200/0.545233]
  1  16 300, 0.574871 [0.306829/11.197037] [ 250/0.545233]
  1  16 350, 0.599688 [0.386010/11.189209] [ 300/0.545233]
Epoch 16 done. Evaluation:
(40204, 50000)
(6496, 10000)
  1  17  50, 0.561765 [0.286286/11.166482] [ 391/0.545233]
  1  17 100, 0.578187 [0.282488/11.166097] [ 441/0.545233]
  1  17 150, 0.567314 [0.342583/11.157881] [ 491/0.545233]
  1  17 200, 0.566011 [0.326911/11.153639] [ 541/0.545233]
  1  17 250, 0.560687 [0.354972/11.139294] [ 591/0.545233]
  1  17 300, 0.606991 [0.318272/11.126259] [ 641/0.545233]
  1  17 350, 0.582299 [0.291928/11.111492] [ 691/0.545233]
Epoch 17 done. Evaluation:
(40255, 50000)
(3350, 10000)
  1  18  50, 0.547074 [0.315244/11.100184] [ 782/0.545233]
  1  18 100, 0.556000 [0.355929/11.098770] [ 832/0.545233]
  1  18 150, 0.594421 [0.323410/11.099734] [ 882/0.545233]
  1  18 200, 0.585967 [0.291287/11.094621] [ 932/0.545233]
  1  18 250, 0.585124 [0.412894/11.090193] [ 982/0.545233]
  1  18 300, 0.578973 [0.361732/11.073225] [1032/0.545233]
  1  18 350, 0.565967 [0.309151/11.048357] [1082/0.545233]
Epoch 18 done. Evaluation:
(40261, 50000)
(7184, 10000)
  1  19  50, 0.538589 [0.345816/11.033282] [   0/0.538589]
  1  19 100, 0.576757 [0.410165/11.040177] [  50/0.538589]
  1  19 150, 0.577014 [0.353878/11.031191] [ 100/0.538589]
  1  19 200, 0.600541 [0.304380/11.021659] [ 150/0.538589]
  1  19 250, 0.559583 [0.344054/11.013397] [ 200/0.538589]
  1  19 300, 0.568636 [0.336617/10.998985] [ 250/0.538589]
  1  19 350, 0.577645 [0.273846/10.990881] [ 300/0.538589]
Epoch 19 done. Evaluation:
(40227, 50000)
(5995, 10000)
  2   0  50, 0.436194 [0.157261/10.917440] [   0/0.436194]
  2   0 100, 0.390809 [0.146757/10.867397] [   0/0.390809]
  2   0 150, 0.405243 [0.149493/10.825885] [  50/0.390809]
  2   0 200, 0.407833 [0.156503/10.788731] [ 100/0.390809]
  2   0 250, 0.414969 [0.173456/10.758056] [ 150/0.390809]
  2   0 300, 0.412991 [0.206034/10.737456] [ 200/0.390809]
  2   0 350, 0.452094 [0.146288/10.717667] [ 250/0.390809]
Epoch 0 done. Evaluation:
(43033, 50000)
(6016, 10000)
  2   1  50, 0.379235 [0.165026/10.687891] [   0/0.379235]
  2   1 100, 0.419552 [0.177367/10.683554] [  50/0.379235]
  2   1 150, 0.436526 [0.143474/10.681624] [ 100/0.379235]
  2   1 200, 0.432633 [0.184554/10.672855] [ 150/0.379235]
  2   1 250, 0.445806 [0.217101/10.665581] [ 200/0.379235]
  2   1 300, 0.420279 [0.191125/10.661601] [ 250/0.379235]
  2   1 350, 0.446195 [0.165088/10.651896] [ 300/0.379235]
Epoch 1 done. Evaluation:
(42704, 50000)
(6101, 10000)
  2   2  50, 0.390839 [0.223448/10.647330] [ 391/0.379235]
  2   2 100, 0.410613 [0.170211/10.649199] [ 441/0.379235]
  2   2 150, 0.418288 [0.217951/10.649785] [ 491/0.379235]
  2   2 200, 0.434673 [0.188319/10.647891] [ 541/0.379235]
  2   2 250, 0.447176 [0.189206/10.645875] [ 591/0.379235]
  2   2 300, 0.435675 [0.219884/10.642469] [ 641/0.379235]
  2   2 350, 0.434543 [0.186240/10.634663] [ 691/0.379235]
Epoch 2 done. Evaluation:
(42760, 50000)
(7423, 10000)
  2   3  50, 0.390259 [0.187220/10.627493] [ 782/0.379235]
  2   3 100, 0.385565 [0.164269/10.627606] [ 832/0.379235]
  2   3 150, 0.428836 [0.236769/10.630991] [ 882/0.379235]
  2   3 200, 0.427441 [0.214986/10.632456] [ 932/0.379235]
  2   3 250, 0.472428 [0.212996/10.630554] [ 982/0.379235]
  2   3 300, 0.436218 [0.206376/10.626219] [1032/0.379235]
  2   3 350, 0.431313 [0.206232/10.621995] [1082/0.379235]
Epoch 3 done. Evaluation:
(42704, 50000)
(6919, 10000)
  2   4  50, 0.387818 [0.175813/10.620041] [1173/0.379235]
  2   4 100, 0.435087 [0.199557/10.625477] [1223/0.379235]
  2   4 150, 0.398759 [0.223637/10.626933] [1273/0.379235]
  2   4 200, 0.414005 [0.178253/10.627194] [1323/0.379235]
  2   4 250, 0.432383 [0.244351/10.627462] [1373/0.379235]
  2   4 300, 0.420695 [0.245024/10.623105] [1423/0.379235]
  2   4 350, 0.449601 [0.200734/10.617363] [1473/0.379235]
Epoch 4 done. Evaluation:
(42825, 50000)
(6930, 10000)
  2   5  50, 0.379133 [0.220785/10.611640] [   0/0.379133]
  2   5 100, 0.418435 [0.214190/10.620318] [  50/0.379133]
  2   5 150, 0.423961 [0.188275/10.619982] [ 100/0.379133]
  2   5 200, 0.424922 [0.174231/10.617011] [ 150/0.379133]
  2   5 250, 0.428649 [0.167326/10.610073] [ 200/0.379133]
  2   5 300, 0.431717 [0.223210/10.607898] [ 250/0.379133]
  2   5 350, 0.421536 [0.159315/10.605473] [ 300/0.379133]
Epoch 5 done. Evaluation:
(42973, 50000)
(6106, 10000)
  2   6  50, 0.406009 [0.199971/10.604176] [ 391/0.379133]
  2   6 100, 0.404809 [0.219908/10.601334] [ 441/0.379133]
  2   6 150, 0.405729 [0.219142/10.598869] [ 491/0.379133]
  2   6 200, 0.407174 [0.222473/10.596834] [ 541/0.379133]
  2   6 250, 0.418262 [0.185650/10.591461] [ 591/0.379133]
  2   6 300, 0.426481 [0.201649/10.588367] [ 641/0.379133]
  2   6 350, 0.451169 [0.196231/10.586775] [ 691/0.379133]
Epoch 6 done. Evaluation:
(42992, 50000)
(6198, 10000)
  2   7  50, 0.385295 [0.238986/10.578834] [ 782/0.379133]
  2   7 100, 0.413834 [0.192766/10.578549] [ 832/0.379133]
  2   7 150, 0.422214 [0.200808/10.581219] [ 882/0.379133]
  2   7 200, 0.430864 [0.226115/10.582566] [ 932/0.379133]
  2   7 250, 0.423128 [0.224105/10.579695] [ 982/0.379133]
  2   7 300, 0.427958 [0.177637/10.577830] [1032/0.379133]
  2   7 350, 0.417117 [0.213680/10.572501] [1082/0.379133]
Epoch 7 done. Evaluation:
(42992, 50000)
(7237, 10000)
  2   8  50, 0.371237 [0.202526/10.568012] [   0/0.371237]
  2   8 100, 0.402444 [0.225855/10.577570] [  50/0.371237]
  2   8 150, 0.415230 [0.179152/10.572930] [ 100/0.371237]
  2   8 200, 0.427479 [0.183546/10.571614] [ 150/0.371237]
  2   8 250, 0.410417 [0.167092/10.565294] [ 200/0.371237]
  2   8 300, 0.424573 [0.226315/10.563354] [ 250/0.371237]
  2   8 350, 0.394707 [0.174100/10.553493] [ 300/0.371237]
Epoch 8 done. Evaluation:
(42982, 50000)
(4937, 10000)
  2   9  50, 0.396672 [0.227032/10.550809] [ 391/0.371237]
  2   9 100, 0.400076 [0.193504/10.551651] [ 441/0.371237]
  2   9 150, 0.412728 [0.224583/10.549726] [ 491/0.371237]
  2   9 200, 0.409183 [0.201396/10.553180] [ 541/0.371237]
  2   9 250, 0.434472 [0.197876/10.546544] [ 591/0.371237]
  2   9 300, 0.431948 [0.214925/10.543089] [ 641/0.371237]
  2   9 350, 0.416626 [0.235235/10.540422] [ 691/0.371237]
Epoch 9 done. Evaluation:
(42961, 50000)
(5587, 10000)
  2  10  50, 0.378900 [0.211026/10.541861] [ 782/0.371237]
  2  10 100, 0.396987 [0.195064/10.542512] [ 832/0.371237]
  2  10 150, 0.413839 [0.268808/10.542169] [ 882/0.371237]
  2  10 200, 0.426567 [0.222757/10.544669] [ 932/0.371237]
  2  10 250, 0.402918 [0.190109/10.539171] [ 982/0.371237]
  2  10 300, 0.421861 [0.234045/10.533885] [1032/0.371237]
  2  10 350, 0.432699 [0.249490/10.527872] [1082/0.371237]
Epoch 10 done. Evaluation:
(42976, 50000)
(7217, 10000)
  2  11  50, 0.365915 [0.215707/10.520797] [   0/0.365915]
  2  11 100, 0.410290 [0.212386/10.527647] [  50/0.365915]
  2  11 150, 0.409177 [0.192309/10.522956] [ 100/0.365915]
  2  11 200, 0.419915 [0.176467/10.518527] [ 150/0.365915]
  2  11 250, 0.398569 [0.176618/10.513967] [ 200/0.365915]
  2  11 300, 0.430253 [0.172020/10.513561] [ 250/0.365915]
  2  11 350, 0.448348 [0.213960/10.514581] [ 300/0.365915]
Epoch 11 done. Evaluation:
(43038, 50000)
(7028, 10000)
  2  12  50, 0.392095 [0.197757/10.503589] [ 391/0.365915]
  2  12 100, 0.375472 [0.202140/10.497927] [ 441/0.365915]
  2  12 150, 0.400231 [0.210786/10.503278] [ 491/0.365915]
  2  12 200, 0.435359 [0.201273/10.504281] [ 541/0.365915]
  2  12 250, 0.422287 [0.261611/10.501336] [ 591/0.365915]
  2  12 300, 0.406951 [0.181453/10.496490] [ 641/0.365915]
  2  12 350, 0.428659 [0.202459/10.491314] [ 691/0.365915]
Epoch 12 done. Evaluation:
(43012, 50000)
(6023, 10000)
  2  13  50, 0.389326 [0.216177/10.482573] [ 782/0.365915]
  2  13 100, 0.394439 [0.176905/10.480568] [ 832/0.365915]
  2  13 150, 0.426237 [0.251795/10.480219] [ 882/0.365915]
  2  13 200, 0.412074 [0.176413/10.481284] [ 932/0.365915]
  2  13 250, 0.407847 [0.176111/10.474447] [ 982/0.365915]
  2  13 300, 0.421325 [0.184338/10.475350] [1032/0.365915]
  2  13 350, 0.434383 [0.181702/10.468589] [1082/0.365915]
Epoch 13 done. Evaluation:
(42970, 50000)
(6110, 10000)
  2  14  50, 0.389597 [0.203906/10.464506] [1173/0.365915]
  2  14 100, 0.397810 [0.193620/10.463918] [1223/0.365915]
  2  14 150, 0.398286 [0.234995/10.462741] [1273/0.365915]
  2  14 200, 0.404137 [0.193801/10.461721] [1323/0.365915]
  2  14 250, 0.414726 [0.219663/10.465294] [1373/0.365915]
  2  14 300, 0.387151 [0.244225/10.454796] [1423/0.365915]
  2  14 350, 0.427547 [0.193437/10.454684] [1473/0.365915]
Epoch 14 done. Evaluation:
(43069, 50000)
(6533, 10000)
  2  15  50, 0.359527 [0.191972/10.456463] [   0/0.359527]
  2  15 100, 0.390641 [0.218845/10.460209] [  50/0.359527]
  2  15 150, 0.405708 [0.165765/10.460057] [ 100/0.359527]
  2  15 200, 0.414685 [0.204540/10.458455] [ 150/0.359527]
  2  15 250, 0.413969 [0.195562/10.457354] [ 200/0.359527]
  2  15 300, 0.431419 [0.239302/10.454987] [ 250/0.359527]
  2  15 350, 0.425104 [0.215603/10.447144] [ 300/0.359527]
Epoch 15 done. Evaluation:
(43048, 50000)
(7724, 10000)
  2  16  50, 0.375185 [0.181220/10.441565] [ 391/0.359527]
  2  16 100, 0.377060 [0.192014/10.438649] [ 441/0.359527]
  2  16 150, 0.441650 [0.174567/10.444279] [ 491/0.359527]
  2  16 200, 0.404394 [0.189643/10.439214] [ 541/0.359527]
  2  16 250, 0.429934 [0.210439/10.441937] [ 591/0.359527]
  2  16 300, 0.403001 [0.250183/10.435263] [ 641/0.359527]
  2  16 350, 0.420449 [0.234883/10.427361] [ 691/0.359527]
Epoch 16 done. Evaluation:
(43121, 50000)
(7462, 10000)
  2  17  50, 0.372645 [0.172058/10.418479] [ 782/0.359527]
  2  17 100, 0.395695 [0.229605/10.419056] [ 832/0.359527]
  2  17 150, 0.404752 [0.262293/10.419466] [ 882/0.359527]
  2  17 200, 0.401458 [0.257647/10.417828] [ 932/0.359527]
  2  17 250, 0.429413 [0.207767/10.419195] [ 982/0.359527]
  2  17 300, 0.405668 [0.242369/10.415397] [1032/0.359527]
  2  17 350, 0.427950 [0.236415/10.416972] [1082/0.359527]
Epoch 17 done. Evaluation:
(43103, 50000)
(7455, 10000)
  2  18  50, 0.359322 [0.182244/10.408210] [   0/0.359322]
  2  18 100, 0.381591 [0.206906/10.404986] [  50/0.359322]
  2  18 150, 0.397714 [0.238657/10.402711] [ 100/0.359322]
  2  18 200, 0.412302 [0.183895/10.400631] [ 150/0.359322]
  2  18 250, 0.408740 [0.224297/10.398654] [ 200/0.359322]
  2  18 300, 0.404530 [0.221662/10.392279] [ 250/0.359322]
  2  18 350, 0.421600 [0.242977/10.387966] [ 300/0.359322]
Epoch 18 done. Evaluation:
(43236, 50000)
(5137, 10000)
  2  19  50, 0.392436 [0.192772/10.389487] [ 391/0.359322]
  2  19 100, 0.391136 [0.223886/10.393449] [ 441/0.359322]
  2  19 150, 0.401595 [0.199359/10.389996] [ 491/0.359322]
  2  19 200, 0.415866 [0.180162/10.389292] [ 541/0.359322]
  2  19 250, 0.423367 [0.163494/10.393324] [ 591/0.359322]
  2  19 300, 0.404275 [0.216763/10.385438] [ 641/0.359322]
  2  19 350, 0.401945 [0.268955/10.386471] [ 691/0.359322]
Epoch 19 done. Evaluation:
(43091, 50000)
(6159, 10000)
  3   0  50, 0.279961 [0.093384/10.355762] [   0/0.279961]
  3   0 100, 0.266852 [0.075197/10.328634] [   0/0.266852]
  3   0 150, 0.260229 [0.085537/10.302839] [   0/0.260229]
  3   0 200, 0.255369 [0.078000/10.282318] [   0/0.255369]
  3   0 250, 0.263707 [0.095751/10.263695] [  50/0.255369]
  3   0 300, 0.272721 [0.088241/10.246687] [ 100/0.255369]
  3   0 350, 0.285608 [0.094634/10.231648] [ 150/0.255369]
Epoch 0 done. Evaluation:
(45423, 50000)
(7979, 10000)
  3   1  50, 0.212132 [0.099112/10.205759] [   0/0.212132]
  3   1 100, 0.237032 [0.109149/10.195682] [  50/0.212132]
  3   1 150, 0.244565 [0.093495/10.185157] [ 100/0.212132]
  3   1 200, 0.260970 [0.108368/10.177607] [ 150/0.212132]
  3   1 250, 0.278307 [0.115992/10.171282] [ 200/0.212132]
  3   1 300, 0.264524 [0.131467/10.166204] [ 250/0.212132]
  3   1 350, 0.289090 [0.127806/10.157870] [ 300/0.212132]
Epoch 1 done. Evaluation:
(45648, 50000)
(7825, 10000)
  3   2  50, 0.238404 [0.106600/10.146158] [ 391/0.212132]
  3   2 100, 0.253657 [0.116892/10.141911] [ 441/0.212132]
  3   2 150, 0.238796 [0.167685/10.136595] [ 491/0.212132]
  3   2 200, 0.256941 [0.141626/10.134299] [ 541/0.212132]
  3   2 250, 0.279907 [0.147990/10.133567] [ 591/0.212132]
  3   2 300, 0.273270 [0.109506/10.133173] [ 641/0.212132]
  3   2 350, 0.307281 [0.115072/10.133737] [ 691/0.212132]
Epoch 2 done. Evaluation:
(45563, 50000)
(7375, 10000)
  3   3  50, 0.233695 [0.121490/10.128443] [ 782/0.212132]
  3   3 100, 0.258700 [0.123606/10.129611] [ 832/0.212132]
  3   3 150, 0.261133 [0.137494/10.129733] [ 882/0.212132]
  3   3 200, 0.266981 [0.098346/10.128815] [ 932/0.212132]
  3   3 250, 0.271500 [0.106912/10.130066] [ 982/0.212132]
  3   3 300, 0.266727 [0.148697/10.131373] [1032/0.212132]
  3   3 350, 0.290005 [0.139725/10.132657] [1082/0.212132]
Epoch 3 done. Evaluation:
(45534, 50000)
(7145, 10000)
  3   4  50, 0.239284 [0.096825/10.128666] [1173/0.212132]
  3   4 100, 0.256882 [0.134344/10.127863] [1223/0.212132]
  3   4 150, 0.255274 [0.129851/10.126737] [1273/0.212132]
  3   4 200, 0.283529 [0.184018/10.129261] [1323/0.212132]
  3   4 250, 0.288545 [0.121244/10.131063] [1373/0.212132]
  3   4 300, 0.282010 [0.158151/10.131307] [1423/0.212132]
  3   4 350, 0.278921 [0.137565/10.132778] [1473/0.212132]
Epoch 4 done. Evaluation:
(45393, 50000)
(7987, 10000)
  3   5  50, 0.245080 [0.150592/10.134545] [1564/0.212132]
  3   5 100, 0.254393 [0.124066/10.136449] [1614/0.212132]
  3   5 150, 0.262349 [0.151345/10.137642] [1664/0.212132]
  3   5 200, 0.255819 [0.124263/10.140102] [1714/0.212132]
  3   5 250, 0.286075 [0.099573/10.143901] [1764/0.212132]
  3   5 300, 0.283229 [0.152647/10.143939] [1814/0.212132]
  3   5 350, 0.290403 [0.108411/10.144109] [1864/0.212132]
Epoch 5 done. Evaluation:
(45391, 50000)
(7616, 10000)
  3   6  50, 0.244938 [0.121093/10.144315] [1955/0.212132]
  3   6 100, 0.254936 [0.135585/10.144902] [2005/0.212132]
  3   6 150, 0.246948 [0.124771/10.144374] [2055/0.212132]
  3   6 200, 0.240596 [0.157613/10.143313] [2105/0.212132]
  3   6 250, 0.285562 [0.150615/10.145896] [2155/0.212132]
  3   6 300, 0.273231 [0.115356/10.145027] [2205/0.212132]
  3   6 350, 0.284242 [0.160366/10.147051] [2255/0.212132]
Epoch 6 done. Evaluation:
(45594, 50000)
(7862, 10000)
  3   7  50, 0.241596 [0.122321/10.146186] [2346/0.212132]
  3   7 100, 0.234990 [0.164564/10.145688] [2396/0.212132]
  3   7 150, 0.245961 [0.166098/10.149089] [2446/0.212132]
  3   7 200, 0.251024 [0.145274/10.150734] [2496/0.212132]
  3   7 250, 0.280265 [0.111544/10.151476] [2546/0.212132]
  3   7 300, 0.269052 [0.140513/10.151001] [2596/0.212132]
  3   7 350, 0.287881 [0.159680/10.151175] [2646/0.212132]
Epoch 7 done. Evaluation:
(45464, 50000)
(7863, 10000)
  3   8  50, 0.242494 [0.109022/10.152676] [2737/0.212132]
  3   8 100, 0.223564 [0.113690/10.152379] [2787/0.212132]
  3   8 150, 0.255197 [0.137820/10.153898] [2837/0.212132]
  3   8 200, 0.279116 [0.111547/10.156770] [2887/0.212132]
  3   8 250, 0.283393 [0.144035/10.159347] [2937/0.212132]
  3   8 300, 0.268600 [0.120061/10.157060] [2987/0.212132]
  3   8 350, 0.299104 [0.143318/10.158419] [3037/0.212132]
Epoch 8 done. Evaluation:
(45492, 50000)
(7904, 10000)
  3   9  50, 0.205574 [0.117089/10.152271] [   0/0.205574]
  3   9 100, 0.245484 [0.150761/10.153422] [  50/0.205574]
  3   9 150, 0.263795 [0.129539/10.155549] [ 100/0.205574]
  3   9 200, 0.255860 [0.110619/10.158266] [ 150/0.205574]
  3   9 250, 0.274184 [0.126362/10.159137] [ 200/0.205574]
  3   9 300, 0.280088 [0.152314/10.161874] [ 250/0.205574]
  3   9 350, 0.293349 [0.161650/10.166959] [ 300/0.205574]
Epoch 9 done. Evaluation:
(45537, 50000)
(7193, 10000)
  3  10  50, 0.209794 [0.136203/10.162526] [ 391/0.205574]
  3  10 100, 0.233234 [0.117787/10.160488] [ 441/0.205574]
  3  10 150, 0.256637 [0.139735/10.160262] [ 491/0.205574]
  3  10 200, 0.265167 [0.157633/10.163687] [ 541/0.205574]
  3  10 250, 0.268712 [0.155351/10.164567] [ 591/0.205574]
  3  10 300, 0.274979 [0.140993/10.164776] [ 641/0.205574]
  3  10 350, 0.280938 [0.140925/10.166152] [ 691/0.205574]
Epoch 10 done. Evaluation:
(45633, 50000)
(8144, 10000)
  3  11  50, 0.225008 [0.132359/10.161723] [ 782/0.205574]
  3  11 100, 0.241400 [0.120913/10.162771] [ 832/0.205574]
  3  11 150, 0.270897 [0.145305/10.164755] [ 882/0.205574]
  3  11 200, 0.259175 [0.115626/10.164660] [ 932/0.205574]
  3  11 250, 0.266590 [0.118230/10.164824] [ 982/0.205574]
  3  11 300, 0.264734 [0.117953/10.165582] [1032/0.205574]
  3  11 350, 0.280696 [0.159375/10.168910] [1082/0.205574]
Epoch 11 done. Evaluation:
(45552, 50000)
(7636, 10000)
  3  12  50, 0.225277 [0.124932/10.165662] [1173/0.205574]
  3  12 100, 0.234505 [0.127645/10.164719] [1223/0.205574]
  3  12 150, 0.259843 [0.139091/10.164314] [1273/0.205574]
  3  12 200, 0.245725 [0.143171/10.163775] [1323/0.205574]
  3  12 250, 0.277232 [0.162198/10.166886] [1373/0.205574]
  3  12 300, 0.255053 [0.124069/10.167788] [1423/0.205574]
  3  12 350, 0.291559 [0.166177/10.172552] [1473/0.205574]
Epoch 12 done. Evaluation:
(45625, 50000)
(7813, 10000)
  3  13  50, 0.225566 [0.128489/10.169370] [1564/0.205574]
  3  13 100, 0.223664 [0.145163/10.169554] [1614/0.205574]
  3  13 150, 0.247861 [0.110947/10.170793] [1664/0.205574]
  3  13 200, 0.267354 [0.158610/10.171960] [1714/0.205574]
  3  13 250, 0.258309 [0.126183/10.171444] [1764/0.205574]
  3  13 300, 0.267390 [0.153933/10.173083] [1814/0.205574]
  3  13 350, 0.257304 [0.119568/10.171746] [1864/0.205574]
Epoch 13 done. Evaluation:
(45741, 50000)
(7618, 10000)
  3  14  50, 0.229132 [0.144512/10.171282] [1955/0.205574]
  3  14 100, 0.232023 [0.146435/10.169872] [2005/0.205574]
  3  14 150, 0.248571 [0.127086/10.170162] [2055/0.205574]
  3  14 200, 0.246610 [0.144986/10.168529] [2105/0.205574]
  3  14 250, 0.257826 [0.182529/10.168839] [2155/0.205574]
  3  14 300, 0.274214 [0.134942/10.171947] [2205/0.205574]
  3  14 350, 0.300104 [0.144517/10.174966] [2255/0.205574]
Epoch 14 done. Evaluation:
(45669, 50000)
(7598, 10000)
  3  15  50, 0.209168 [0.112252/10.168861] [2346/0.205574]
  3  15 100, 0.241044 [0.134575/10.170731] [2396/0.205574]
  3  15 150, 0.264085 [0.116532/10.172412] [2446/0.205574]
  3  15 200, 0.259449 [0.115976/10.174236] [2496/0.205574]
  3  15 250, 0.245342 [0.151362/10.173402] [2546/0.205574]
  3  15 300, 0.259809 [0.181178/10.172572] [2596/0.205574]
  3  15 350, 0.257010 [0.103590/10.172849] [2646/0.205574]
Epoch 15 done. Evaluation:
(45676, 50000)
(7570, 10000)
  3  16  50, 0.212941 [0.140068/10.168263] [2737/0.205574]
  3  16 100, 0.242493 [0.165074/10.166447] [2787/0.205574]
  3  16 150, 0.237804 [0.159721/10.168897] [2837/0.205574]
  3  16 200, 0.266082 [0.119333/10.171669] [2887/0.205574]
  3  16 250, 0.262159 [0.141569/10.173036] [2937/0.205574]
  3  16 300, 0.273953 [0.159558/10.178065] [2987/0.205574]
  3  16 350, 0.281201 [0.129080/10.179046] [3037/0.205574]
Epoch 16 done. Evaluation:
(45652, 50000)
(8121, 10000)
  3  17  50, 0.236431 [0.117045/10.172179] [3128/0.205574]
  3  17 100, 0.231247 [0.131504/10.169336] [3178/0.205574]
  3  17 150, 0.243909 [0.126569/10.168863] [3228/0.205574]
  3  17 200, 0.254121 [0.151702/10.172005] [3278/0.205574]
  3  17 250, 0.264039 [0.184405/10.176073] [3328/0.205574]
  3  17 300, 0.258222 [0.136243/10.176097] [3378/0.205574]
  3  17 350, 0.278757 [0.163453/10.178340] [3428/0.205574]
Epoch 17 done. Evaluation:
(45619, 50000)
(7286, 10000)
  3  18  50, 0.216463 [0.146996/10.172769] [3519/0.205574]
  3  18 100, 0.242954 [0.117484/10.169343] [3569/0.205574]
  3  18 150, 0.228021 [0.132830/10.167776] [3619/0.205574]
  3  18 200, 0.234465 [0.142795/10.168657] [3669/0.205574]
  3  18 250, 0.265762 [0.110877/10.171960] [3719/0.205574]
  3  18 300, 0.270514 [0.145467/10.174588] [3769/0.205574]
  3  18 350, 0.256542 [0.144555/10.173900] [3819/0.205574]
Epoch 18 done. Evaluation:
(45742, 50000)
(7717, 10000)
  3  19  50, 0.223614 [0.126646/10.170292] [3910/0.205574]
  3  19 100, 0.230329 [0.132395/10.172073] [3960/0.205574]
  3  19 150, 0.231247 [0.155053/10.171693] [4010/0.205574]
  3  19 200, 0.236655 [0.134073/10.170886] [4060/0.205574]
  3  19 250, 0.247507 [0.155885/10.172234] [4110/0.205574]
  3  19 300, 0.270449 [0.163688/10.174238] [4160/0.205574]
  3  19 350, 0.279712 [0.141421/10.174182] [4210/0.205574]
Epoch 19 done. Evaluation:
(45863, 50000)
(8096, 10000)
  4   0  50, 0.166152 [0.051192/10.159590] [   0/0.166152]
  4   0 100, 0.147588 [0.034179/10.146158] [   0/0.147588]
  4   0 150, 0.125853 [0.062278/10.133409] [   0/0.125853]
  4   0 200, 0.139502 [0.060175/10.121812] [  50/0.125853]
  4   0 250, 0.138394 [0.078863/10.110755] [ 100/0.125853]
  4   0 300, 0.144033 [0.053521/10.099722] [ 150/0.125853]
  4   0 350, 0.148929 [0.075894/10.089708] [ 200/0.125853]
Epoch 0 done. Evaluation:
(47642, 50000)
(8310, 10000)
  4   1  50, 0.096921 [0.059309/10.070109] [   0/0.096921]
  4   1 100, 0.110853 [0.052312/10.060376] [  50/0.096921]
  4   1 150, 0.107398 [0.062016/10.050992] [ 100/0.096921]
  4   1 200, 0.111788 [0.050707/10.042144] [ 150/0.096921]
  4   1 250, 0.122233 [0.066296/10.035525] [ 200/0.096921]
  4   1 300, 0.114994 [0.070860/10.027617] [ 250/0.096921]
  4   1 350, 0.138861 [0.083299/10.021727] [ 300/0.096921]
Epoch 1 done. Evaluation:
(48132, 50000)
(8573, 10000)
  4   2  50, 0.100505 [0.044586/10.011080] [ 391/0.096921]
  4   2 100, 0.101543 [0.048988/10.004274] [ 441/0.096921]
  4   2 150, 0.102398 [0.083378/9.998695] [ 491/0.096921]
  4   2 200, 0.128872 [0.067836/9.994375] [ 541/0.096921]
  4   2 250, 0.124225 [0.085143/9.990787] [ 591/0.096921]
  4   2 300, 0.128910 [0.085292/9.987195] [ 641/0.096921]
  4   2 350, 0.141396 [0.097512/9.985904] [ 691/0.096921]
Epoch 2 done. Evaluation:
(48043, 50000)
(7503, 10000)
  4   3  50, 0.101920 [0.068524/9.977254] [ 782/0.096921]
  4   3 100, 0.102769 [0.090482/9.973081] [ 832/0.096921]
  4   3 150, 0.119790 [0.059303/9.969899] [ 882/0.096921]
  4   3 200, 0.134635 [0.066228/9.968180] [ 932/0.096921]
  4   3 250, 0.137747 [0.083840/9.966595] [ 982/0.096921]
  4   3 300, 0.139949 [0.070183/9.965695] [1032/0.096921]
  4   3 350, 0.149180 [0.093538/9.964369] [1082/0.096921]
Epoch 3 done. Evaluation:
(47891, 50000)
(7529, 10000)
  4   4  50, 0.102451 [0.039496/9.958874] [1173/0.096921]
  4   4 100, 0.104888 [0.109110/9.955611] [1223/0.096921]
  4   4 150, 0.119338 [0.081339/9.954236] [1273/0.096921]
  4   4 200, 0.146712 [0.106321/9.954488] [1323/0.096921]
  4   4 250, 0.139377 [0.098817/9.953825] [1373/0.096921]
  4   4 300, 0.135188 [0.084782/9.952952] [1423/0.096921]
  4   4 350, 0.160142 [0.086687/9.954095] [1473/0.096921]
Epoch 4 done. Evaluation:
(47800, 50000)
(7994, 10000)
  4   5  50, 0.117276 [0.035906/9.951411] [1564/0.096921]
  4   5 100, 0.114728 [0.065948/9.948491] [1614/0.096921]
  4   5 150, 0.127539 [0.065491/9.947461] [1664/0.096921]
  4   5 200, 0.136325 [0.098222/9.946732] [1714/0.096921]
  4   5 250, 0.138861 [0.102145/9.946178] [1764/0.096921]
  4   5 300, 0.141644 [0.087933/9.946093] [1814/0.096921]
  4   5 350, 0.141183 [0.098563/9.946151] [1864/0.096921]
Epoch 5 done. Evaluation:
(47795, 50000)
(8345, 10000)
  4   6  50, 0.111373 [0.060012/9.942531] [1955/0.096921]
  4   6 100, 0.116769 [0.082977/9.940564] [2005/0.096921]
  4   6 150, 0.118542 [0.083895/9.938523] [2055/0.096921]
  4   6 200, 0.124784 [0.093362/9.938243] [2105/0.096921]
  4   6 250, 0.151009 [0.080386/9.939202] [2155/0.096921]
  4   6 300, 0.145063 [0.104531/9.940801] [2205/0.096921]
  4   6 350, 0.156573 [0.069562/9.941757] [2255/0.096921]
Epoch 6 done. Evaluation:
(47805, 50000)
(8381, 10000)
  4   7  50, 0.109282 [0.058431/9.938300] [2346/0.096921]
  4   7 100, 0.119851 [0.095056/9.936955] [2396/0.096921]
  4   7 150, 0.124605 [0.076520/9.936527] [2446/0.096921]
  4   7 200, 0.150286 [0.089657/9.939219] [2496/0.096921]
  4   7 250, 0.155314 [0.097334/9.940758] [2546/0.096921]
  4   7 300, 0.147446 [0.101787/9.941469] [2596/0.096921]
  4   7 350, 0.146506 [0.107046/9.941635] [2646/0.096921]
Epoch 7 done. Evaluation:
(47659, 50000)
(8306, 10000)
  4   8  50, 0.118063 [0.022605/9.940061] [2737/0.096921]
  4   8 100, 0.127457 [0.068543/9.940565] [2787/0.096921]
  4   8 150, 0.123353 [0.089917/9.940050] [2837/0.096921]
  4   8 200, 0.124117 [0.070397/9.940027] [2887/0.096921]
  4   8 250, 0.131178 [0.110743/9.939073] [2937/0.096921]
  4   8 300, 0.140429 [0.091864/9.938839] [2987/0.096921]
  4   8 350, 0.163245 [0.098564/9.942189] [3037/0.096921]
Epoch 8 done. Evaluation:
(47727, 50000)
(8279, 10000)
  4   9  50, 0.112385 [0.085395/9.941047] [3128/0.096921]
  4   9 100, 0.130427 [0.066549/9.940265] [3178/0.096921]
  4   9 150, 0.114901 [0.040647/9.939055] [3228/0.096921]
  4   9 200, 0.139323 [0.059076/9.939250] [3278/0.096921]
  4   9 250, 0.145225 [0.102992/9.939705] [3328/0.096921]
  4   9 300, 0.145709 [0.082919/9.941433] [3378/0.096921]
  4   9 350, 0.163303 [0.108915/9.943688] [3428/0.096921]
Epoch 9 done. Evaluation:
(47712, 50000)
(7876, 10000)
  4  10  50, 0.114733 [0.054801/9.943938] [3519/0.096921]
  4  10 100, 0.119739 [0.056370/9.941922] [3569/0.096921]
  4  10 150, 0.106352 [0.086769/9.939778] [3619/0.096921]
  4  10 200, 0.141017 [0.069483/9.941990] [3669/0.096921]
  4  10 250, 0.156891 [0.058394/9.944231] [3719/0.096921]
  4  10 300, 0.140913 [0.077020/9.943276] [3769/0.096921]
  4  10 350, 0.164127 [0.066369/9.946411] [3819/0.096921]
Epoch 10 done. Evaluation:
(47719, 50000)
(8435, 10000)
  4  11  50, 0.130840 [0.078268/9.946047] [3910/0.096921]
  4  11 100, 0.102373 [0.095977/9.942009] [3960/0.096921]
  4  11 150, 0.129753 [0.095779/9.940460] [4010/0.096921]
  4  11 200, 0.143075 [0.082372/9.941341] [4060/0.096921]
  4  11 250, 0.116601 [0.089752/9.940777] [4110/0.096921]
  4  11 300, 0.146022 [0.081814/9.942654] [4160/0.096921]
  4  11 350, 0.148926 [0.071631/9.944409] [4210/0.096921]
Epoch 11 done. Evaluation:
(47787, 50000)
(8223, 10000)
  4  12  50, 0.112659 [0.054834/9.943755] [4301/0.096921]
  4  12 100, 0.124030 [0.093128/9.943248] [4351/0.096921]
  4  12 150, 0.125545 [0.092218/9.943574] [4401/0.096921]
  4  12 200, 0.149582 [0.064840/9.946101] [4451/0.096921]
  4  12 250, 0.155080 [0.080994/9.948151] [4501/0.096921]
  4  12 300, 0.155752 [0.093430/9.949899] [4551/0.096921]
  4  12 350, 0.155561 [0.079400/9.951707] [4601/0.096921]
Epoch 12 done. Evaluation:
(47621, 50000)
(8402, 10000)
  4  13  50, 0.110407 [0.061520/9.946798] [4692/0.096921]
  4  13 100, 0.124624 [0.095142/9.946474] [4742/0.096921]
  4  13 150, 0.130842 [0.088540/9.946330] [4792/0.096921]
  4  13 200, 0.140925 [0.067915/9.946949] [4842/0.096921]
  4  13 250, 0.134392 [0.071129/9.947379] [4892/0.096921]
  4  13 300, 0.155554 [0.117578/9.949712] [4942/0.096921]
  4  13 350, 0.162717 [0.087515/9.951197] [4992/0.096921]
Epoch 13 done. Evaluation:
(47689, 50000)
(7349, 10000)
  4  14  50, 0.123261 [0.048600/9.950000] [5083/0.096921]
  4  14 100, 0.104349 [0.055793/9.946868] [5133/0.096921]
  4  14 150, 0.116166 [0.056726/9.945923] [5183/0.096921]
  4  14 200, 0.147336 [0.099794/9.947472] [5233/0.096921]
  4  14 250, 0.137003 [0.079906/9.947461] [5283/0.096921]
  4  14 300, 0.155057 [0.108301/9.949660] [5333/0.096921]
  4  14 350, 0.149186 [0.068698/9.949778] [5383/0.096921]
Epoch 14 done. Evaluation:
(47752, 50000)
(8257, 10000)
  4  15  50, 0.114741 [0.088602/9.949652] [5474/0.096921]
  4  15 100, 0.122723 [0.069053/9.947803] [5524/0.096921]
  4  15 150, 0.119216 [0.094500/9.945486] [5574/0.096921]
  4  15 200, 0.126580 [0.094604/9.946061] [5624/0.096921]
  4  15 250, 0.145315 [0.064265/9.947157] [5674/0.096921]
  4  15 300, 0.151968 [0.059281/9.947995] [5724/0.096921]
  4  15 350, 0.148838 [0.118896/9.950115] [5774/0.096921]
Epoch 15 done. Evaluation:
(47686, 50000)
(7904, 10000)
  4  16  50, 0.130579 [0.077552/9.950855] [5865/0.096921]
  4  16 100, 0.111890 [0.084013/9.947331] [5915/0.096921]
  4  16 150, 0.128019 [0.101443/9.946356] [5965/0.096921]
  4  16 200, 0.124366 [0.056696/9.945529] [6015/0.096921]
  4  16 250, 0.118402 [0.108862/9.943667] [6065/0.096921]
  4  16 300, 0.141864 [0.081226/9.945002] [6115/0.096921]
  4  16 350, 0.158654 [0.104321/9.946398] [6165/0.096921]
Epoch 16 done. Evaluation:
(47785, 50000)
(8047, 10000)
  4  17  50, 0.114311 [0.036249/9.945025] [6256/0.096921]
  4  17 100, 0.121348 [0.090281/9.944827] [6306/0.096921]
  4  17 150, 0.125234 [0.086232/9.944127] [6356/0.096921]
  4  17 200, 0.124352 [0.092942/9.942850] [6406/0.096921]
  4  17 250, 0.126954 [0.090580/9.943316] [6456/0.096921]
  4  17 300, 0.135308 [0.071433/9.944520] [6506/0.096921]
  4  17 350, 0.161777 [0.091175/9.947569] [6556/0.096921]
Epoch 17 done. Evaluation:
(47811, 50000)
(7945, 10000)
  4  18  50, 0.120243 [0.046758/9.944519] [6647/0.096921]
  4  18 100, 0.121834 [0.091713/9.943747] [6697/0.096921]
  4  18 150, 0.129449 [0.099490/9.943956] [6747/0.096921]
  4  18 200, 0.125169 [0.095968/9.942547] [6797/0.096921]
  4  18 250, 0.131513 [0.077390/9.942938] [6847/0.096921]
  4  18 300, 0.143177 [0.090832/9.945376] [6897/0.096921]
  4  18 350, 0.142135 [0.092848/9.946487] [6947/0.096921]
Epoch 18 done. Evaluation:
(47828, 50000)
(8358, 10000)
  4  19  50, 0.109593 [0.067141/9.945169] [7038/0.096921]
  4  19 100, 0.115183 [0.100049/9.943039] [7088/0.096921]
  4  19 150, 0.118289 [0.064310/9.942519] [7138/0.096921]
  4  19 200, 0.120623 [0.093733/9.942166] [7188/0.096921]
  4  19 250, 0.131994 [0.054627/9.942718] [7238/0.096921]
  4  19 300, 0.133119 [0.088295/9.943252] [7288/0.096921]
  4  19 350, 0.158450 [0.079244/9.946996] [7338/0.096921]
Epoch 19 done. Evaluation:
(47798, 50000)
(6060, 10000)
  5   0  50, 0.090949 [0.038607/9.943432] [   0/0.090949]
  5   0 100, 0.064835 [0.027276/9.936949] [   0/0.064835]
  5   0 150, 0.069523 [0.035983/9.930654] [  50/0.064835]
  5   0 200, 0.055852 [0.044490/9.924081] [   0/0.055852]
  5   0 250, 0.055669 [0.014839/9.917836] [   0/0.055669]
  5   0 300, 0.054461 [0.046024/9.911426] [   0/0.054461]
  5   0 350, 0.047111 [0.027694/9.905300] [   0/0.047111]
Epoch 0 done. Evaluation:
(49141, 50000)
(8922, 10000)
  5   1  50, 0.030580 [0.012759/9.893248] [   0/0.030580]
  5   1 100, 0.033038 [0.022973/9.886576] [  50/0.030580]
  5   1 150, 0.030735 [0.016839/9.879600] [ 100/0.030580]
  5   1 200, 0.030714 [0.037495/9.872909] [ 150/0.030580]
  5   1 250, 0.033528 [0.032937/9.866313] [ 200/0.030580]
  5   1 300, 0.030706 [0.037675/9.859885] [ 250/0.030580]
  5   1 350, 0.030805 [0.009387/9.853658] [ 300/0.030580]
Epoch 1 done. Evaluation:
(49618, 50000)
(8959, 10000)
  5   2  50, 0.022626 [0.008824/9.842234] [   0/0.022626]
  5   2 100, 0.022706 [0.024239/9.835435] [  50/0.022626]
  5   2 150, 0.019490 [0.005915/9.828669] [   0/0.019490]
  5   2 200, 0.023663 [0.003937/9.822236] [  50/0.019490]
  5   2 250, 0.023721 [0.010804/9.816110] [ 100/0.019490]
  5   2 300, 0.024322 [0.017256/9.809988] [ 150/0.019490]
  5   2 350, 0.025395 [0.033611/9.803859] [ 200/0.019490]
Epoch 2 done. Evaluation:
(49758, 50000)
(8953, 10000)
  5   3  50, 0.019362 [0.003901/9.792937] [   0/0.019362]
  5   3 100, 0.015334 [0.005381/9.786378] [   0/0.015334]
  5   3 150, 0.023110 [0.014878/9.780551] [  50/0.015334]
  5   3 200, 0.020479 [0.023497/9.774566] [ 100/0.015334]
  5   3 250, 0.020484 [0.016652/9.768563] [ 150/0.015334]
  5   3 300, 0.016791 [0.002727/9.762090] [ 200/0.015334]
  5   3 350, 0.021885 [0.016954/9.756555] [ 250/0.015334]
Epoch 3 done. Evaluation:
(49802, 50000)
(8905, 10000)
  5   4  50, 0.016392 [0.031563/9.746080] [ 341/0.015334]
  5   4 100, 0.016779 [0.017609/9.739872] [ 391/0.015334]
  5   4 150, 0.016705 [0.010828/9.734033] [ 441/0.015334]
  5   4 200, 0.020357 [0.007525/9.728525] [ 491/0.015334]
  5   4 250, 0.015089 [0.012837/9.722803] [   0/0.015089]
  5   4 300, 0.020065 [0.019147/9.717410] [  50/0.015089]
  5   4 350, 0.021796 [0.030956/9.712268] [ 100/0.015089]
Epoch 4 done. Evaluation:
(49815, 50000)
(8922, 10000)
  5   5  50, 0.022275 [0.029261/9.703897] [ 191/0.015089]
  5   5 100, 0.016230 [0.009146/9.698644] [ 241/0.015089]
  5   5 150, 0.016019 [0.014761/9.692832] [ 291/0.015089]
  5   5 200, 0.019894 [0.039452/9.687962] [ 341/0.015089]
  5   5 250, 0.017656 [0.006823/9.682816] [ 391/0.015089]
  5   5 300, 0.019392 [0.035969/9.678304] [ 441/0.015089]
  5   5 350, 0.021085 [0.030791/9.673822] [ 491/0.015089]
Epoch 5 done. Evaluation:
(49790, 50000)
(8880, 10000)
  5   6  50, 0.021681 [0.020432/9.667246] [ 582/0.015089]
  5   6 100, 0.021009 [0.040308/9.662806] [ 632/0.015089]
  5   6 150, 0.020813 [0.008344/9.658758] [ 682/0.015089]
  5   6 200, 0.022421 [0.015155/9.654854] [ 732/0.015089]
  5   6 250, 0.025003 [0.003952/9.651488] [ 782/0.015089]
  5   6 300, 0.026078 [0.012745/9.648240] [ 832/0.015089]
  5   6 350, 0.032839 [0.048816/9.646115] [ 882/0.015089]
Epoch 6 done. Evaluation:
(49719, 50000)
(8693, 10000)
  5   7  50, 0.022526 [0.048100/9.640322] [ 973/0.015089]
  5   7 100, 0.030508 [0.013004/9.637826] [1023/0.015089]
  5   7 150, 0.026167 [0.012981/9.635071] [1073/0.015089]
  5   7 200, 0.027268 [0.058844/9.632247] [1123/0.015089]
  5   7 250, 0.033993 [0.055066/9.630301] [1173/0.015089]
  5   7 300, 0.039555 [0.046065/9.628898] [1223/0.015089]
  5   7 350, 0.061177 [0.034770/9.629977] [1273/0.015089]
Epoch 7 done. Evaluation:
(49499, 50000)
(8566, 10000)
  5   8  50, 0.049847 [0.053693/9.630809] [1364/0.015089]
  5   8 100, 0.053407 [0.054113/9.630191] [1414/0.015089]
  5   8 150, 0.057582 [0.046135/9.630273] [1464/0.015089]
  5   8 200, 0.058963 [0.062727/9.629990] [1514/0.015089]
  5   8 250, 0.053656 [0.074894/9.630023] [1564/0.015089]
  5   8 300, 0.062555 [0.038557/9.630572] [1614/0.015089]
  5   8 350, 0.058837 [0.043755/9.631421] [1664/0.015089]
Epoch 8 done. Evaluation:
(49104, 50000)
(8642, 10000)
  5   9  50, 0.052827 [0.061152/9.632542] [1755/0.015089]
  5   9 100, 0.060015 [0.074351/9.632655] [1805/0.015089]
  5   9 150, 0.064622 [0.058479/9.633492] [1855/0.015089]
  5   9 200, 0.088218 [0.064051/9.634792] [1905/0.015089]
  5   9 250, 0.069415 [0.037349/9.635910] [1955/0.015089]
  5   9 300, 0.087125 [0.059404/9.637550] [2005/0.015089]
  5   9 350, 0.070724 [0.074295/9.637755] [2055/0.015089]
Epoch 9 done. Evaluation:
(48879, 50000)
(8595, 10000)
  5  10  50, 0.047285 [0.034550/9.636839] [2146/0.015089]
  5  10 100, 0.052079 [0.045192/9.635993] [2196/0.015089]
  5  10 150, 0.055721 [0.048485/9.635027] [2246/0.015089]
  5  10 200, 0.078781 [0.066601/9.636220] [2296/0.015089]
  5  10 250, 0.074828 [0.039237/9.637728] [2346/0.015089]
  5  10 300, 0.072586 [0.024335/9.638600] [2396/0.015089]
  5  10 350, 0.073598 [0.040727/9.639655] [2446/0.015089]
Epoch 10 done. Evaluation:
(48923, 50000)
(8161, 10000)
  5  11  50, 0.061476 [0.060557/9.640705] [2537/0.015089]
  5  11 100, 0.070596 [0.057923/9.640851] [2587/0.015089]
  5  11 150, 0.059965 [0.027042/9.640134] [2637/0.015089]
  5  11 200, 0.070811 [0.042967/9.640795] [2687/0.015089]
  5  11 250, 0.081194 [0.055275/9.642178] [2737/0.015089]
  5  11 300, 0.090701 [0.047967/9.643433] [2787/0.015089]
  5  11 350, 0.069175 [0.033133/9.643201] [2837/0.015089]
Epoch 11 done. Evaluation:
(48889, 50000)
(8732, 10000)
  5  12  50, 0.045376 [0.045236/9.640428] [2928/0.015089]
  5  12 100, 0.063569 [0.051403/9.639954] [2978/0.015089]
  5  12 150, 0.064334 [0.028622/9.639502] [3028/0.015089]
  5  12 200, 0.057471 [0.053845/9.639007] [3078/0.015089]
  5  12 250, 0.057001 [0.050238/9.638575] [3128/0.015089]
  5  12 300, 0.060936 [0.035848/9.638031] [3178/0.015089]
  5  12 350, 0.066526 [0.066435/9.638730] [3228/0.015089]
Epoch 12 done. Evaluation:
(49070, 50000)
(8377, 10000)
  5  13  50, 0.058576 [0.032887/9.637342] [3319/0.015089]
  5  13 100, 0.062259 [0.046092/9.636935] [3369/0.015089]
  5  13 150, 0.059885 [0.031971/9.636565] [3419/0.015089]
  5  13 200, 0.056316 [0.045891/9.635681] [3469/0.015089]
  5  13 250, 0.060741 [0.041984/9.635309] [3519/0.015089]
  5  13 300, 0.071355 [0.045883/9.635766] [3569/0.015089]
  5  13 350, 0.063388 [0.046315/9.635551] [3619/0.015089]
Epoch 13 done. Evaluation:
(49027, 50000)
(8481, 10000)
  5  14  50, 0.062907 [0.018477/9.635916] [3710/0.015089]
  5  14 100, 0.053949 [0.031046/9.635032] [3760/0.015089]
  5  14 150, 0.069990 [0.049308/9.635676] [3810/0.015089]
  5  14 200, 0.061011 [0.055667/9.635300] [3860/0.015089]
  5  14 250, 0.065897 [0.045106/9.635173] [3910/0.015089]
  5  14 300, 0.055242 [0.040719/9.634167] [3960/0.015089]
  5  14 350, 0.063978 [0.033120/9.633841] [4010/0.015089]
Epoch 14 done. Evaluation:
(49033, 50000)
(8783, 10000)
  5  15  50, 0.047150 [0.030785/9.632382] [4101/0.015089]
  5  15 100, 0.055315 [0.047739/9.631183] [4151/0.015089]
  5  15 150, 0.040618 [0.021960/9.629401] [4201/0.015089]
  5  15 200, 0.054131 [0.058929/9.628580] [4251/0.015089]
  5  15 250, 0.071016 [0.051356/9.629552] [4301/0.015089]
  5  15 300, 0.061213 [0.058518/9.629276] [4351/0.015089]
  5  15 350, 0.065295 [0.042257/9.629429] [4401/0.015089]
Epoch 15 done. Evaluation:
(49096, 50000)
(8007, 10000)
  5  16  50, 0.058142 [0.062362/9.630690] [4492/0.015089]
  5  16 100, 0.058095 [0.014755/9.629654] [4542/0.015089]
  5  16 150, 0.067759 [0.049265/9.629621] [4592/0.015089]
  5  16 200, 0.062957 [0.050157/9.629013] [4642/0.015089]
  5  16 250, 0.070819 [0.052192/9.629912] [4692/0.015089]
  5  16 300, 0.073361 [0.064519/9.630429] [4742/0.015089]
  5  16 350, 0.076576 [0.037696/9.631442] [4792/0.015089]
Epoch 16 done. Evaluation:
(48928, 50000)
(8708, 10000)
  5  17  50, 0.056465 [0.024582/9.630938] [4883/0.015089]
  5  17 100, 0.064789 [0.035510/9.630355] [4933/0.015089]
  5  17 150, 0.057762 [0.041800/9.629225] [4983/0.015089]
  5  17 200, 0.055822 [0.039351/9.627983] [5033/0.015089]
  5  17 250, 0.050814 [0.038098/9.626961] [5083/0.015089]
  5  17 300, 0.078519 [0.067374/9.628077] [5133/0.015089]
  5  17 350, 0.090203 [0.051011/9.630286] [5183/0.015089]
Epoch 17 done. Evaluation:
(48949, 50000)
(8487, 10000)
  5  18  50, 0.056677 [0.046080/9.629581] [5274/0.015089]
  5  18 100, 0.056294 [0.040108/9.628422] [5324/0.015089]
  5  18 150, 0.050393 [0.046404/9.627349] [5374/0.015089]
  5  18 200, 0.062653 [0.055656/9.626713] [5424/0.015089]
  5  18 250, 0.062564 [0.041813/9.626166] [5474/0.015089]
  5  18 300, 0.061150 [0.046855/9.625516] [5524/0.015089]
  5  18 350, 0.071280 [0.051807/9.626321] [5574/0.015089]
Epoch 18 done. Evaluation:
(48995, 50000)
(8523, 10000)
  5  19  50, 0.053972 [0.024127/9.625669] [5665/0.015089]
  5  19 100, 0.060493 [0.028637/9.624853] [5715/0.015089]
  5  19 150, 0.054532 [0.054663/9.623606] [5765/0.015089]
  5  19 200, 0.052893 [0.028315/9.622283] [5815/0.015089]
  5  19 250, 0.060803 [0.031006/9.622523] [5865/0.015089]
  5  19 300, 0.061483 [0.056688/9.621991] [5915/0.015089]
  5  19 350, 0.078443 [0.048867/9.622806] [5965/0.015089]
Epoch 19 done. Evaluation:
(49053, 50000)
(8726, 10000)
  6   0  50, 0.036661 [0.004310/9.620475] [6056/0.015089]
  6   0 100, 0.024573 [0.017133/9.617994] [6106/0.015089]
  6   0 150, 0.027338 [0.017164/9.615485] [6156/0.015089]
  6   0 200, 0.024559 [0.020035/9.613001] [6206/0.015089]
  6   0 250, 0.023103 [0.007747/9.610551] [6256/0.015089]
  6   0 300, 0.021855 [0.012732/9.607980] [6306/0.015089]
  6   0 350, 0.018957 [0.003996/9.605373] [6356/0.015089]
Epoch 0 done. Evaluation:
(49706, 50000)
(8970, 10000)
  6   1  50, 0.014717 [0.004285/9.600561] [   0/0.014717]
  6   1 100, 0.013505 [0.002440/9.597692] [   0/0.013505]
  6   1 150, 0.012873 [0.005503/9.594915] [   0/0.012873]
  6   1 200, 0.011794 [0.001482/9.592096] [   0/0.011794]
  6   1 250, 0.013445 [0.007508/9.589298] [  50/0.011794]
  6   1 300, 0.014739 [0.003754/9.586648] [ 100/0.011794]
  6   1 350, 0.012676 [0.006671/9.584005] [ 150/0.011794]
Epoch 1 done. Evaluation:
(49910, 50000)
(9009, 10000)
  6   2  50, 0.010258 [0.002296/9.578970] [   0/0.010258]
  6   2 100, 0.010908 [0.004740/9.576104] [  50/0.010258]
  6   2 150, 0.009889 [0.006410/9.573302] [   0/0.009889]
  6   2 200, 0.009364 [0.001526/9.570508] [   0/0.009364]
  6   2 250, 0.010217 [0.015547/9.567684] [  50/0.009364]
  6   2 300, 0.010229 [0.003393/9.564958] [ 100/0.009364]
  6   2 350, 0.009232 [0.001792/9.562176] [   0/0.009232]
Epoch 2 done. Evaluation:
(49955, 50000)
(9052, 10000)
  6   3  50, 0.006974 [0.007168/9.557080] [   0/0.006974]
  6   3 100, 0.007893 [0.004280/9.554256] [  50/0.006974]
  6   3 150, 0.007343 [0.001256/9.551460] [ 100/0.006974]
  6   3 200, 0.007162 [0.003686/9.548599] [ 150/0.006974]
  6   3 250, 0.007043 [0.003958/9.545736] [ 200/0.006974]
  6   3 300, 0.007723 [0.001982/9.542976] [ 250/0.006974]
  6   3 350, 0.008340 [0.001997/9.540272] [ 300/0.006974]
Epoch 3 done. Evaluation:
(49978, 50000)
(9068, 10000)
  6   4  50, 0.006853 [0.004095/9.535220] [   0/0.006853]
  6   4 100, 0.006900 [0.002653/9.532454] [  50/0.006853]
  6   4 150, 0.006870 [0.001958/9.529682] [ 100/0.006853]
  6   4 200, 0.006511 [0.000772/9.526924] [   0/0.006511]
  6   4 250, 0.006153 [0.004834/9.524108] [   0/0.006153]
  6   4 300, 0.006815 [0.000897/9.521355] [  50/0.006153]
  6   4 350, 0.006298 [0.000970/9.518682] [ 100/0.006153]
Epoch 4 done. Evaluation:
(49989, 50000)
(9081, 10000)
  6   5  50, 0.005930 [0.001979/9.513705] [   0/0.005930]
  6   5 100, 0.006139 [0.001113/9.510952] [  50/0.005930]
  6   5 150, 0.006406 [0.002519/9.508287] [ 100/0.005930]
  6   5 200, 0.005986 [0.001749/9.505591] [ 150/0.005930]
  6   5 250, 0.006102 [0.002458/9.502916] [ 200/0.005930]
  6   5 300, 0.006402 [0.005433/9.500316] [ 250/0.005930]
  6   5 350, 0.006178 [0.005583/9.497736] [ 300/0.005930]
Epoch 5 done. Evaluation:
(49995, 50000)
(9026, 10000)
  6   6  50, 0.006076 [0.001624/9.493021] [ 391/0.005930]
  6   6 100, 0.005973 [0.002203/9.490422] [ 441/0.005930]
  6   6 150, 0.005482 [0.001425/9.487761] [   0/0.005482]
  6   6 200, 0.005816 [0.001298/9.485161] [  50/0.005482]
  6   6 250, 0.005831 [0.001572/9.482591] [ 100/0.005482]
  6   6 300, 0.005890 [0.000631/9.480063] [ 150/0.005482]
  6   6 350, 0.006240 [0.000933/9.477533] [ 200/0.005482]
Epoch 6 done. Evaluation:
(49997, 50000)
(9077, 10000)
  6   7  50, 0.005803 [0.001019/9.473024] [ 291/0.005482]
  6   7 100, 0.005771 [0.000386/9.470520] [ 341/0.005482]
  6   7 150, 0.005965 [0.000956/9.468017] [ 391/0.005482]
  6   7 200, 0.005580 [0.001217/9.465530] [ 441/0.005482]
  6   7 250, 0.007307 [0.002122/9.463132] [ 491/0.005482]
  6   7 300, 0.006154 [0.002033/9.460778] [ 541/0.005482]
  6   7 350, 0.005812 [0.001891/9.458374] [ 591/0.005482]
Epoch 7 done. Evaluation:
(49998, 50000)
(9098, 10000)
  6   8  50, 0.005877 [0.001301/9.453971] [ 682/0.005482]
  6   8 100, 0.005547 [0.001265/9.451567] [ 732/0.005482]
  6   8 150, 0.005689 [0.000865/9.449166] [ 782/0.005482]
  6   8 200, 0.005854 [0.005614/9.446781] [ 832/0.005482]
  6   8 250, 0.005577 [0.001271/9.444453] [ 882/0.005482]
  6   8 300, 0.005665 [0.000905/9.442116] [ 932/0.005482]
  6   8 350, 0.005855 [0.001788/9.439781] [ 982/0.005482]
Epoch 8 done. Evaluation:
(49999, 50000)
(9090, 10000)
  6   9  50, 0.005764 [0.000980/9.435576] [1073/0.005482]
  6   9 100, 0.005622 [0.000579/9.433239] [1123/0.005482]
  6   9 150, 0.005527 [0.000704/9.430942] [1173/0.005482]
  6   9 200, 0.005397 [0.001441/9.428644] [   0/0.005397]
  6   9 250, 0.005942 [0.000911/9.426370] [  50/0.005397]
  6   9 300, 0.005933 [0.001757/9.424148] [ 100/0.005397]
  6   9 350, 0.005644 [0.001146/9.421925] [ 150/0.005397]
Epoch 9 done. Evaluation:
(50000, 50000)
(9107, 10000)
  6  10  50, 0.005467 [0.001489/9.417853] [ 241/0.005397]
  6  10 100, 0.005779 [0.001371/9.415663] [ 291/0.005397]
  6  10 150, 0.005831 [0.001041/9.413490] [ 341/0.005397]
  6  10 200, 0.005746 [0.001746/9.411304] [ 391/0.005397]
  6  10 250, 0.005986 [0.001215/9.409188] [ 441/0.005397]
  6  10 300, 0.005647 [0.001222/9.407003] [ 491/0.005397]
  6  10 350, 0.005784 [0.001577/9.404850] [ 541/0.005397]
Epoch 10 done. Evaluation:
(50000, 50000)
(9110, 10000)
  6  11  50, 0.005775 [0.001916/9.401058] [ 632/0.005397]
  6  11 100, 0.005849 [0.000805/9.398962] [ 682/0.005397]
  6  11 150, 0.005803 [0.001014/9.396884] [ 732/0.005397]
  6  11 200, 0.005606 [0.002381/9.394801] [ 782/0.005397]
  6  11 250, 0.005678 [0.001008/9.392754] [ 832/0.005397]
  6  11 300, 0.005752 [0.000528/9.390697] [ 882/0.005397]
  6  11 350, 0.005780 [0.001010/9.388633] [ 932/0.005397]
Epoch 11 done. Evaluation:
(50000, 50000)
(9109, 10000)
  6  12  50, 0.006034 [0.000770/9.385030] [1023/0.005397]
  6  12 100, 0.006094 [0.000905/9.383034] [1073/0.005397]
  6  12 150, 0.005498 [0.002147/9.381002] [1123/0.005397]
  6  12 200, 0.005666 [0.001004/9.379032] [1173/0.005397]
  6  12 250, 0.005746 [0.001001/9.377010] [1223/0.005397]
  6  12 300, 0.005855 [0.000670/9.375040] [1273/0.005397]
  6  12 350, 0.005793 [0.001026/9.373088] [1323/0.005397]
Epoch 12 done. Evaluation:
(50000, 50000)
(9112, 10000)
  6  13  50, 0.005619 [0.001157/9.369540] [1414/0.005397]
  6  13 100, 0.005633 [0.000560/9.367615] [1464/0.005397]
  6  13 150, 0.005723 [0.001164/9.365721] [1514/0.005397]
  6  13 200, 0.005600 [0.000999/9.363755] [1564/0.005397]
  6  13 250, 0.006138 [0.000672/9.361910] [1614/0.005397]
  6  13 300, 0.005775 [0.002865/9.360025] [1664/0.005397]
  6  13 350, 0.005907 [0.001496/9.358182] [1714/0.005397]
Epoch 13 done. Evaluation:
(50000, 50000)
(9115, 10000)
  6  14  50, 0.005639 [0.000824/9.354767] [1805/0.005397]
  6  14 100, 0.005668 [0.001992/9.352931] [1855/0.005397]
  6  14 150, 0.005786 [0.001107/9.351087] [1905/0.005397]
  6  14 200, 0.005887 [0.001577/9.349247] [1955/0.005397]
  6  14 250, 0.005998 [0.002620/9.347458] [2005/0.005397]
  6  14 300, 0.006081 [0.001458/9.345685] [2055/0.005397]
  6  14 350, 0.005939 [0.002086/9.343933] [2105/0.005397]
Epoch 14 done. Evaluation:
(50000, 50000)
(9119, 10000)
  6  15  50, 0.005580 [0.001164/9.340708] [2196/0.005397]
  6  15 100, 0.005639 [0.000553/9.338903] [2246/0.005397]
  6  15 150, 0.006062 [0.001202/9.337192] [2296/0.005397]
  6  15 200, 0.005610 [0.001784/9.335438] [2346/0.005397]
  6  15 250, 0.005848 [0.001305/9.333663] [2396/0.005397]
  6  15 300, 0.006014 [0.001046/9.331993] [2446/0.005397]
  6  15 350, 0.005810 [0.001162/9.330267] [2496/0.005397]
Epoch 15 done. Evaluation:
(49999, 50000)
(9117, 10000)
  6  16  50, 0.005621 [0.000745/9.327160] [2587/0.005397]
  6  16 100, 0.005743 [0.001147/9.325447] [2637/0.005397]
  6  16 150, 0.005819 [0.003260/9.323734] [2687/0.005397]
  6  16 200, 0.005844 [0.001892/9.322052] [2737/0.005397]
  6  16 250, 0.005847 [0.001787/9.320402] [2787/0.005397]
  6  16 300, 0.005944 [0.002075/9.318765] [2837/0.005397]
  6  16 350, 0.005955 [0.001048/9.317150] [2887/0.005397]
Epoch 16 done. Evaluation:
(50000, 50000)
(9123, 10000)
  6  17  50, 0.005918 [0.001188/9.314239] [2978/0.005397]
  6  17 100, 0.005887 [0.001692/9.312623] [3028/0.005397]
  6  17 150, 0.005818 [0.000705/9.311019] [3078/0.005397]
  6  17 200, 0.005845 [0.002038/9.309385] [3128/0.005397]
  6  17 250, 0.006162 [0.000789/9.307827] [3178/0.005397]
  6  17 300, 0.005848 [0.001914/9.306272] [3228/0.005397]
  6  17 350, 0.006255 [0.000758/9.304733] [3278/0.005397]
Epoch 17 done. Evaluation:
(50000, 50000)
(9116, 10000)
  6  18  50, 0.006078 [0.000779/9.301989] [3369/0.005397]
  6  18 100, 0.005844 [0.000786/9.300439] [3419/0.005397]
  6  18 150, 0.006216 [0.002787/9.298952] [3469/0.005397]
  6  18 200, 0.005701 [0.001243/9.297422] [3519/0.005397]
  6  18 250, 0.005897 [0.000827/9.295916] [3569/0.005397]
  6  18 300, 0.006115 [0.002683/9.294412] [3619/0.005397]
  6  18 350, 0.006185 [0.004554/9.292927] [3669/0.005397]
Epoch 18 done. Evaluation:
(50000, 50000)
(9119, 10000)
  6  19  50, 0.005837 [0.002001/9.290271] [3760/0.005397]
  6  19 100, 0.005945 [0.001876/9.288778] [3810/0.005397]
  6  19 150, 0.006043 [0.001184/9.287353] [3860/0.005397]
  6  19 200, 0.005943 [0.002574/9.285894] [3910/0.005397]
  6  19 250, 0.005954 [0.001471/9.284420] [3960/0.005397]
  6  19 300, 0.005862 [0.000630/9.282958] [4010/0.005397]
  6  19 350, 0.006445 [0.002793/9.281571] [4060/0.005397]
Epoch 19 done. Evaluation:
(50000, 50000)
(9103, 10000)
  7   0  50, 0.005962 [0.000360/9.279737] [4151/0.005397]
  7   0 100, 0.005953 [0.000690/9.279035] [4201/0.005397]
  7   0 150, 0.005979 [0.000520/9.278317] [4251/0.005397]
  7   0 200, 0.005909 [0.000604/9.277600] [4301/0.005397]
  7   0 250, 0.006011 [0.001777/9.276907] [4351/0.005397]
  7   0 300, 0.006105 [0.000407/9.276206] [4401/0.005397]
  7   0 350, 0.006053 [0.000629/9.275516] [4451/0.005397]
Epoch 0 done. Evaluation:
(50000, 50000)
(9113, 10000)
  7   1  50, 0.005914 [0.000539/9.274243] [4542/0.005397]
  7   1 100, 0.005627 [0.000397/9.273525] [4592/0.005397]
  7   1 150, 0.005612 [0.001107/9.272809] [4642/0.005397]
  7   1 200, 0.005949 [0.000487/9.272100] [4692/0.005397]
  7   1 250, 0.006109 [0.000589/9.271411] [4742/0.005397]
  7   1 300, 0.005762 [0.000197/9.270706] [4792/0.005397]
  7   1 350, 0.005710 [0.000539/9.269981] [4842/0.005397]
Epoch 1 done. Evaluation:
(50000, 50000)
(9128, 10000)
  7   2  50, 0.005785 [0.000435/9.268732] [4933/0.005397]
  7   2 100, 0.005881 [0.000465/9.268031] [4983/0.005397]
  7   2 150, 0.005875 [0.000641/9.267350] [5033/0.005397]
  7   2 200, 0.005881 [0.000374/9.266651] [5083/0.005397]
  7   2 250, 0.005863 [0.002768/9.265952] [5133/0.005397]
  7   2 300, 0.005834 [0.000989/9.265264] [5183/0.005397]
  7   2 350, 0.005915 [0.000637/9.264573] [5233/0.005397]
Epoch 2 done. Evaluation:
(50000, 50000)
(9129, 10000)
  7   3  50, 0.006039 [0.000772/9.263337] [5324/0.005397]
  7   3 100, 0.005695 [0.000980/9.262660] [5374/0.005397]
  7   3 150, 0.005809 [0.001031/9.261978] [5424/0.005397]
  7   3 200, 0.005827 [0.000575/9.261303] [5474/0.005397]
  7   3 250, 0.005602 [0.000509/9.260591] [5524/0.005397]
  7   3 300, 0.006133 [0.000400/9.259943] [5574/0.005397]
  7   3 350, 0.005792 [0.000877/9.259247] [5624/0.005397]
Epoch 3 done. Evaluation:
(50000, 50000)
(9126, 10000)
  7   4  50, 0.005819 [0.002844/9.258045] [5715/0.005397]
  7   4 100, 0.005560 [0.001132/9.257339] [5765/0.005397]
  7   4 150, 0.005573 [0.000731/9.256654] [5815/0.005397]
  7   4 200, 0.005920 [0.000878/9.255989] [5865/0.005397]
  7   4 250, 0.005765 [0.000643/9.255323] [5915/0.005397]
  7   4 300, 0.006066 [0.000418/9.254676] [5965/0.005397]
  7   4 350, 0.005886 [0.000619/9.254028] [6015/0.005397]
Epoch 4 done. Evaluation:
(50000, 50000)
(9127, 10000)
  7   5  50, 0.005961 [0.000595/9.252823] [6106/0.005397]
  7   5 100, 0.006067 [0.001154/9.252184] [6156/0.005397]
  7   5 150, 0.005669 [0.000349/9.251510] [6206/0.005397]
  7   5 200, 0.006028 [0.001342/9.250880] [6256/0.005397]
  7   5 250, 0.005947 [0.000944/9.250225] [6306/0.005397]
  7   5 300, 0.005781 [0.000690/9.249567] [6356/0.005397]
  7   5 350, 0.006004 [0.001049/9.248932] [6406/0.005397]
Epoch 5 done. Evaluation:
(50000, 50000)
(9128, 10000)
  7   6  50, 0.005776 [0.000576/9.247770] [6497/0.005397]
  7   6 100, 0.005908 [0.000699/9.247127] [6547/0.005397]
  7   6 150, 0.005747 [0.000615/9.246480] [6597/0.005397]
  7   6 200, 0.006045 [0.000638/9.245865] [6647/0.005397]
  7   6 250, 0.006135 [0.001272/9.245247] [6697/0.005397]
  7   6 300, 0.005553 [0.000952/9.244573] [6747/0.005397]
  7   6 350, 0.005782 [0.002269/9.243932] [6797/0.005397]
Epoch 6 done. Evaluation:
(50000, 50000)
(9127, 10000)
  7   7  50, 0.005768 [0.000547/9.242758] [6888/0.005397]
  7   7 100, 0.006039 [0.000763/9.242148] [6938/0.005397]
  7   7 150, 0.006086 [0.001622/9.241513] [6988/0.005397]
  7   7 200, 0.006067 [0.000717/9.240911] [7038/0.005397]
  7   7 250, 0.005779 [0.000760/9.240287] [7088/0.005397]
  7   7 300, 0.005938 [0.000638/9.239663] [7138/0.005397]
  7   7 350, 0.006072 [0.001225/9.239067] [7188/0.005397]
Epoch 7 done. Evaluation:
(50000, 50000)
(9133, 10000)
  7   8  50, 0.006062 [0.000269/9.237974] [7279/0.005397]
  7   8 100, 0.005777 [0.001226/9.237344] [7329/0.005397]
  7   8 150, 0.006121 [0.000571/9.236735] [7379/0.005397]
  7   8 200, 0.006082 [0.000578/9.236134] [7429/0.005397]
  7   8 250, 0.005971 [0.000564/9.235547] [7479/0.005397]
  7   8 300, 0.006102 [0.000466/9.234957] [7529/0.005397]
  7   8 350, 0.005823 [0.000538/9.234332] [7579/0.005397]
Epoch 8 done. Evaluation:
(50000, 50000)
(9121, 10000)
  7   9  50, 0.006022 [0.001413/9.233273] [7670/0.005397]
  7   9 100, 0.005814 [0.000535/9.232678] [7720/0.005397]
  7   9 150, 0.005997 [0.000495/9.232047] [7770/0.005397]
  7   9 200, 0.005854 [0.000329/9.231440] [7820/0.005397]
  7   9 250, 0.005791 [0.001136/9.230837] [7870/0.005397]
  7   9 300, 0.005836 [0.000737/9.230222] [7920/0.005397]
  7   9 350, 0.005991 [0.000593/9.229643] [7970/0.005397]
Epoch 9 done. Evaluation:
(49999, 50000)
(9131, 10000)
  7  10  50, 0.005779 [0.000328/9.228548] [8061/0.005397]
  7  10 100, 0.006121 [0.000700/9.227994] [8111/0.005397]
  7  10 150, 0.005680 [0.000697/9.227376] [8161/0.005397]
  7  10 200, 0.006029 [0.000591/9.226784] [8211/0.005397]
  7  10 250, 0.005847 [0.001156/9.226193] [8261/0.005397]
  7  10 300, 0.005760 [0.001306/9.225599] [8311/0.005397]
  7  10 350, 0.005862 [0.000740/9.225022] [8361/0.005397]
Epoch 10 done. Evaluation:
(50000, 50000)
(9136, 10000)
  7  11  50, 0.006028 [0.000438/9.223966] [8452/0.005397]
  7  11 100, 0.006346 [0.000869/9.223406] [8502/0.005397]
  7  11 150, 0.005748 [0.000612/9.222827] [8552/0.005397]
  7  11 200, 0.005841 [0.000733/9.222231] [8602/0.005397]
  7  11 250, 0.006074 [0.000829/9.221682] [8652/0.005397]
  7  11 300, 0.005871 [0.001053/9.221091] [8702/0.005397]
  7  11 350, 0.006229 [0.001025/9.220539] [8752/0.005397]
Epoch 11 done. Evaluation:
(50000, 50000)
(9137, 10000)
  7  12  50, 0.005773 [0.000660/9.219486] [8843/0.005397]
  7  12 100, 0.005999 [0.000817/9.218908] [8893/0.005397]
  7  12 150, 0.006356 [0.001793/9.218377] [8943/0.005397]
  7  12 200, 0.006007 [0.000745/9.217817] [8993/0.005397]
  7  12 250, 0.005817 [0.000510/9.217247] [9043/0.005397]
  7  12 300, 0.006279 [0.000975/9.216710] [9093/0.005397]
  7  12 350, 0.006010 [0.000391/9.216159] [9143/0.005397]
Epoch 12 done. Evaluation:
(50000, 50000)
(9121, 10000)
  7  13  50, 0.006278 [0.000645/9.215175] [9234/0.005397]
  7  13 100, 0.006078 [0.000694/9.214631] [9284/0.005397]
  7  13 150, 0.006185 [0.000724/9.214081] [9334/0.005397]
  7  13 200, 0.006128 [0.000411/9.213543] [9384/0.005397]
  7  13 250, 0.006097 [0.001166/9.213007] [9434/0.005397]
  7  13 300, 0.005912 [0.000324/9.212464] [9484/0.005397]
  7  13 350, 0.006015 [0.000587/9.211911] [9534/0.005397]
Epoch 13 done. Evaluation:
(50000, 50000)
(9130, 10000)
  7  14  50, 0.005765 [0.000615/9.210940] [9625/0.005397]
  7  14 100, 0.005742 [0.000422/9.210385] [9675/0.005397]
  7  14 150, 0.006025 [0.000610/9.209843] [9725/0.005397]
  7  14 200, 0.006465 [0.000892/9.209343] [9775/0.005397]
  7  14 250, 0.005560 [0.000770/9.208765] [9825/0.005397]
  7  14 300, 0.005846 [0.000367/9.208225] [9875/0.005397]
  7  14 350, 0.006044 [0.001026/9.207700] [9925/0.005397]
Epoch 14 done. Evaluation:
(50000, 50000)
(9120, 10000)
  7  15  50, 0.005951 [0.000825/9.206728] [10016/0.005397]
  7  15 100, 0.006066 [0.000756/9.206194] [10066/0.005397]
  7  15 150, 0.006066 [0.000683/9.205677] [10116/0.005397]
  7  15 200, 0.006086 [0.000450/9.205144] [10166/0.005397]
  7  15 250, 0.005788 [0.000492/9.204608] [10216/0.005397]
  7  15 300, 0.006414 [0.000582/9.204101] [10266/0.005397]
  7  15 350, 0.006038 [0.000573/9.203583] [10316/0.005397]
Epoch 15 done. Evaluation:
(50000, 50000)
(9134, 10000)
  7  16  50, 0.005942 [0.001264/9.202659] [10407/0.005397]
  7  16 100, 0.005814 [0.000349/9.202121] [10457/0.005397]
  7  16 150, 0.006055 [0.000517/9.201633] [10507/0.005397]
  7  16 200, 0.005885 [0.001158/9.201094] [10557/0.005397]
  7  16 250, 0.006142 [0.000775/9.200571] [10607/0.005397]
  7  16 300, 0.006090 [0.000503/9.200064] [10657/0.005397]
  7  16 350, 0.005928 [0.001292/9.199540] [10707/0.005397]
Epoch 16 done. Evaluation:
(50000, 50000)
(9124, 10000)
  7  17  50, 0.005983 [0.001013/9.198621] [10798/0.005397]
  7  17 100, 0.005769 [0.000608/9.198099] [10848/0.005397]
  7  17 150, 0.006274 [0.001593/9.197609] [10898/0.005397]
  7  17 200, 0.005773 [0.000799/9.197094] [10948/0.005397]
  7  17 250, 0.006191 [0.000672/9.196614] [10998/0.005397]
  7  17 300, 0.006113 [0.000404/9.196110] [11048/0.005397]
  7  17 350, 0.005925 [0.000385/9.195589] [11098/0.005397]
Epoch 17 done. Evaluation:
(50000, 50000)
(9134, 10000)
  7  18  50, 0.005793 [0.001323/9.194676] [11189/0.005397]
  7  18 100, 0.005842 [0.000527/9.194156] [11239/0.005397]
  7  18 150, 0.005966 [0.005415/9.193641] [11289/0.005397]
  7  18 200, 0.005972 [0.000411/9.193155] [11339/0.005397]
  7  18 250, 0.005959 [0.001137/9.192639] [11389/0.005397]
  7  18 300, 0.006437 [0.000537/9.192168] [11439/0.005397]
  7  18 350, 0.006230 [0.000583/9.191669] [11489/0.005397]
Epoch 18 done. Evaluation:
(50000, 50000)
(9122, 10000)
  7  19  50, 0.005901 [0.000698/9.190767] [11580/0.005397]
  7  19 100, 0.006247 [0.000834/9.190298] [11630/0.005397]
  7  19 150, 0.006023 [0.000924/9.189813] [11680/0.005397]
  7  19 200, 0.006167 [0.000994/9.189326] [11730/0.005397]
  7  19 250, 0.005946 [0.000633/9.188836] [11780/0.005397]
  7  19 300, 0.006081 [0.001206/9.188357] [11830/0.005397]
  7  19 350, 0.006016 [0.001298/9.187855] [11880/0.005397]
Epoch 19 done. Evaluation:
(50000, 50000)
(9118, 10000)
  8   0  50, 0.005751 [0.000408/9.187228] [11971/0.005397]
  8   0 100, 0.005829 [0.000195/9.186982] [12021/0.005397]
  8   0 150, 0.006016 [0.000312/9.186739] [12071/0.005397]
  8   0 200, 0.006029 [0.000526/9.186483] [12121/0.005397]
  8   0 250, 0.006038 [0.000378/9.186237] [12171/0.005397]
  8   0 300, 0.005772 [0.000612/9.185986] [12221/0.005397]
  8   0 350, 0.006020 [0.000244/9.185746] [12271/0.005397]
Epoch 0 done. Evaluation:
(50000, 50000)
(9126, 10000)
  8   1  50, 0.005869 [0.000401/9.185302] [12362/0.005397]
  8   1 100, 0.005985 [0.000299/9.185051] [12412/0.005397]
  8   1 150, 0.006419 [0.000435/9.184825] [12462/0.005397]
  8   1 200, 0.005778 [0.000373/9.184573] [12512/0.005397]
  8   1 250, 0.005677 [0.000250/9.184327] [12562/0.005397]
  8   1 300, 0.005701 [0.000268/9.184080] [12612/0.005397]
  8   1 350, 0.006105 [0.000560/9.183846] [12662/0.005397]
Epoch 1 done. Evaluation:
(50000, 50000)
(9115, 10000)
  8   2  50, 0.005774 [0.000418/9.183389] [12753/0.005397]
  8   2 100, 0.005791 [0.000844/9.183137] [12803/0.005397]
  8   2 150, 0.005974 [0.000188/9.182900] [12853/0.005397]
  8   2 200, 0.005790 [0.000804/9.182652] [12903/0.005397]
  8   2 250, 0.005829 [0.000288/9.182409] [12953/0.005397]
  8   2 300, 0.006053 [0.000371/9.182176] [13003/0.005397]
  8   2 350, 0.005887 [0.000602/9.181929] [13053/0.005397]
Epoch 2 done. Evaluation:
(50000, 50000)
(9118, 10000)
  8   3  50, 0.005916 [0.000279/9.181479] [13144/0.005397]
  8   3 100, 0.005847 [0.000164/9.181237] [13194/0.005397]
  8   3 150, 0.005716 [0.000248/9.180992] [13244/0.005397]
  8   3 200, 0.005691 [0.000323/9.180737] [13294/0.005397]
  8   3 250, 0.005882 [0.000358/9.180492] [13344/0.005397]
  8   3 300, 0.006018 [0.000235/9.180266] [13394/0.005397]
  8   3 350, 0.006306 [0.000402/9.180031] [13444/0.005397]
Epoch 3 done. Evaluation:
(50000, 50000)
(9116, 10000)
  8   4  50, 0.005869 [0.000328/9.179603] [13535/0.005397]
  8   4 100, 0.005963 [0.000379/9.179382] [13585/0.005397]
  8   4 150, 0.005878 [0.000322/9.179127] [13635/0.005397]
  8   4 200, 0.006123 [0.000522/9.178896] [13685/0.005397]
  8   4 250, 0.006093 [0.000770/9.178664] [13735/0.005397]
  8   4 300, 0.005905 [0.000404/9.178426] [13785/0.005397]
  8   4 350, 0.005836 [0.000326/9.178176] [13835/0.005397]
Epoch 4 done. Evaluation:
(50000, 50000)
(9110, 10000)
  8   5  50, 0.005900 [0.000374/9.177743] [13926/0.005397]
  8   5 100, 0.005834 [0.000544/9.177496] [13976/0.005397]
  8   5 150, 0.005873 [0.000270/9.177257] [14026/0.005397]
  8   5 200, 0.005883 [0.000341/9.177022] [14076/0.005397]
  8   5 250, 0.005883 [0.000401/9.176791] [14126/0.005397]
  8   5 300, 0.006109 [0.000371/9.176565] [14176/0.005397]
  8   5 350, 0.006076 [0.000468/9.176326] [14226/0.005397]
Epoch 5 done. Evaluation:
(50000, 50000)
(9112, 10000)
  8   6  50, 0.006083 [0.000347/9.175910] [14317/0.005397]
  8   6 100, 0.005717 [0.000274/9.175666] [14367/0.005397]
  8   6 150, 0.005912 [0.000233/9.175427] [14417/0.005397]
  8   6 200, 0.005867 [0.000316/9.175199] [14467/0.005397]
  8   6 250, 0.005735 [0.000922/9.174951] [14517/0.005397]
  8   6 300, 0.006301 [0.000232/9.174721] [14567/0.005397]
  8   6 350, 0.005888 [0.000318/9.174490] [14617/0.005397]
Epoch 6 done. Evaluation:
(50000, 50000)
(9117, 10000)
  8   7  50, 0.005763 [0.000436/9.174054] [14708/0.005397]
  8   7 100, 0.006050 [0.000222/9.173826] [14758/0.005397]
  8   7 150, 0.005988 [0.000381/9.173595] [14808/0.005397]
  8   7 200, 0.006072 [0.000367/9.173364] [14858/0.005397]
  8   7 250, 0.005991 [0.000451/9.173144] [14908/0.005397]
  8   7 300, 0.006120 [0.000271/9.172916] [14958/0.005397]
  8   7 350, 0.006009 [0.000684/9.172690] [15008/0.005397]
Epoch 7 done. Evaluation:
(50000, 50000)
(9112, 10000)
  8   8  50, 0.005871 [0.000305/9.172275] [15099/0.005397]
  8   8 100, 0.005962 [0.000461/9.172042] [15149/0.005397]
  8   8 150, 0.005913 [0.000268/9.171815] [15199/0.005397]
  8   8 200, 0.005875 [0.000319/9.171583] [15249/0.005397]
  8   8 250, 0.005923 [0.000581/9.171352] [15299/0.005397]
  8   8 300, 0.006272 [0.000429/9.171142] [15349/0.005397]
  8   8 350, 0.005883 [0.000234/9.170904] [15399/0.005397]
Epoch 8 done. Evaluation:
(50000, 50000)
(9114, 10000)
  8   9  50, 0.006055 [0.000674/9.170474] [15490/0.005397]
  8   9 100, 0.005869 [0.000226/9.170250] [15540/0.005397]
  8   9 150, 0.006032 [0.000416/9.170025] [15590/0.005397]
  8   9 200, 0.006158 [0.000438/9.169808] [15640/0.005397]
  8   9 250, 0.006130 [0.000430/9.169583] [15690/0.005397]
  8   9 300, 0.006057 [0.000895/9.169360] [15740/0.005397]
  8   9 350, 0.005764 [0.000662/9.169129] [15790/0.005397]
Epoch 9 done. Evaluation:
(50000, 50000)
(9124, 10000)
  8  10  50, 0.005845 [0.000324/9.168712] [15881/0.005397]
  8  10 100, 0.006122 [0.000442/9.168494] [15931/0.005397]
  8  10 150, 0.005935 [0.000285/9.168261] [15981/0.005397]
  8  10 200, 0.005838 [0.000268/9.168037] [16031/0.005397]
  8  10 250, 0.006067 [0.000247/9.167807] [16081/0.005397]
  8  10 300, 0.005900 [0.000479/9.167582] [16131/0.005397]
  8  10 350, 0.005887 [0.000379/9.167351] [16181/0.005397]
Epoch 10 done. Evaluation:
(50000, 50000)
(9116, 10000)
  8  11  50, 0.005999 [0.001245/9.166947] [16272/0.005397]
  8  11 100, 0.005920 [0.000261/9.166734] [16322/0.005397]
  8  11 150, 0.005744 [0.000242/9.166503] [16372/0.005397]
  8  11 200, 0.006067 [0.000420/9.166287] [16422/0.005397]
  8  11 250, 0.006097 [0.000404/9.166063] [16472/0.005397]
  8  11 300, 0.006299 [0.000655/9.165852] [16522/0.005397]
  8  11 350, 0.006091 [0.001036/9.165645] [16572/0.005397]
Epoch 11 done. Evaluation:
(50000, 50000)
(9123, 10000)
  8  12  50, 0.006125 [0.000393/9.165241] [16663/0.005397]
  8  12 100, 0.005851 [0.000552/9.165021] [16713/0.005397]
  8  12 150, 0.005987 [0.001947/9.164799] [16763/0.005397]
  8  12 200, 0.006165 [0.000312/9.164581] [16813/0.005397]
  8  12 250, 0.005968 [0.000939/9.164361] [16863/0.005397]
  8  12 300, 0.006221 [0.000403/9.164154] [16913/0.005397]
  8  12 350, 0.005853 [0.000445/9.163935] [16963/0.005397]
Epoch 12 done. Evaluation:
(50000, 50000)
(9118, 10000)
  8  13  50, 0.005840 [0.000415/9.163520] [17054/0.005397]
  8  13 100, 0.005890 [0.000227/9.163298] [17104/0.005397]
  8  13 150, 0.005956 [0.000280/9.163080] [17154/0.005397]
  8  13 200, 0.005848 [0.000472/9.162859] [17204/0.005397]
  8  13 250, 0.005830 [0.000344/9.162630] [17254/0.005397]
  8  13 300, 0.005950 [0.000343/9.162412] [17304/0.005397]
  8  13 350, 0.005958 [0.000820/9.162194] [17354/0.005397]
Epoch 13 done. Evaluation:
(50000, 50000)
(9116, 10000)
  8  14  50, 0.005968 [0.000505/9.161799] [17445/0.005397]
  8  14 100, 0.005879 [0.000575/9.161586] [17495/0.005397]
  8  14 150, 0.006093 [0.000523/9.161371] [17545/0.005397]
  8  14 200, 0.005954 [0.000473/9.161149] [17595/0.005397]
  8  14 250, 0.005613 [0.000440/9.160922] [17645/0.005397]
  8  14 300, 0.006074 [0.000632/9.160708] [17695/0.005397]
  8  14 350, 0.005977 [0.000684/9.160488] [17745/0.005397]
Epoch 14 done. Evaluation:
(50000, 50000)
(9109, 10000)
  8  15  50, 0.006058 [0.000742/9.160110] [17836/0.005397]
  8  15 100, 0.005739 [0.000401/9.159891] [17886/0.005397]
  8  15 150, 0.005872 [0.000397/9.159672] [17936/0.005397]
  8  15 200, 0.006069 [0.000733/9.159460] [17986/0.005397]
  8  15 250, 0.005734 [0.000291/9.159232] [18036/0.005397]
  8  15 300, 0.005962 [0.000478/9.159016] [18086/0.005397]
  8  15 350, 0.006190 [0.000337/9.158811] [18136/0.005397]
Epoch 15 done. Evaluation:
(50000, 50000)
(9117, 10000)
  8  16  50, 0.006109 [0.000262/9.158431] [18227/0.005397]
  8  16 100, 0.005979 [0.000269/9.158215] [18277/0.005397]
  8  16 150, 0.005946 [0.000485/9.157996] [18327/0.005397]
  8  16 200, 0.006429 [0.000960/9.157818] [18377/0.005397]
  8  16 250, 0.006004 [0.000714/9.157595] [18427/0.005397]
  8  16 300, 0.006072 [0.000296/9.157393] [18477/0.005397]
  8  16 350, 0.006116 [0.000431/9.157179] [18527/0.005397]
Epoch 16 done. Evaluation:
(50000, 50000)
(9120, 10000)
  8  17  50, 0.005781 [0.000445/9.156793] [18618/0.005397]
  8  17 100, 0.006083 [0.000269/9.156591] [18668/0.005397]
  8  17 150, 0.005941 [0.000311/9.156384] [18718/0.005397]
  8  17 200, 0.006094 [0.000463/9.156178] [18768/0.005397]
  8  17 250, 0.006067 [0.000282/9.155970] [18818/0.005397]
  8  17 300, 0.005784 [0.000292/9.155749] [18868/0.005397]
  8  17 350, 0.005649 [0.000337/9.155519] [18918/0.005397]
Epoch 17 done. Evaluation:
(50000, 50000)
(9109, 10000)
  8  18  50, 0.006108 [0.000284/9.155148] [19009/0.005397]
  8  18 100, 0.005973 [0.000823/9.154929] [19059/0.005397]
  8  18 150, 0.005865 [0.000479/9.154710] [19109/0.005397]
  8  18 200, 0.005845 [0.000683/9.154499] [19159/0.005397]
  8  18 250, 0.006004 [0.000392/9.154297] [19209/0.005397]
  8  18 300, 0.005977 [0.000354/9.154090] [19259/0.005397]
  8  18 350, 0.005986 [0.000476/9.153883] [19309/0.005397]
Epoch 18 done. Evaluation:
(50000, 50000)
(9128, 10000)
  8  19  50, 0.005619 [0.000320/9.153502] [19400/0.005397]
  8  19 100, 0.005967 [0.000525/9.153296] [19450/0.005397]
  8  19 150, 0.005939 [0.001064/9.153082] [19500/0.005397]
  8  19 200, 0.006079 [0.000520/9.152882] [19550/0.005397]
  8  19 250, 0.005876 [0.000457/9.152672] [19600/0.005397]
  8  19 300, 0.006047 [0.000387/9.152466] [19650/0.005397]
  8  19 350, 0.005828 [0.000465/9.152258] [19700/0.005397]
Epoch 19 done. Evaluation:
(50000, 50000)
(9110, 10000)
  9   0  50, 0.005722 [0.000336/9.151981] [19791/0.005397]
  9   0 100, 0.006086 [0.000290/9.151875] [19841/0.005397]
  9   0 150, 0.005739 [0.000199/9.151769] [19891/0.005397]
  9   0 200, 0.005745 [0.000264/9.151659] [19941/0.005397]
  9   0 250, 0.005825 [0.000194/9.151551] [19991/0.005397]
  9   0 300, 0.005905 [0.000230/9.151443] [20041/0.005397]
  9   0 350, 0.006164 [0.000268/9.151344] [20091/0.005397]
Epoch 0 done. Evaluation:
(50000, 50000)
(9110, 10000)
  9   1  50, 0.005979 [0.000188/9.151155] [20182/0.005397]
  9   1 100, 0.005935 [0.000221/9.151052] [20232/0.005397]
  9   1 150, 0.005879 [0.000199/9.150945] [20282/0.005397]
  9   1 200, 0.005909 [0.000392/9.150846] [20332/0.005397]
  9   1 250, 0.006034 [0.000368/9.150740] [20382/0.005397]
  9   1 300, 0.006225 [0.000173/9.150644] [20432/0.005397]
  9   1 350, 0.005947 [0.000168/9.150541] [20482/0.005397]
Epoch 1 done. Evaluation:
(50000, 50000)
(9113, 10000)
  9   2  50, 0.006199 [0.000218/9.150363] [20573/0.005397]
  9   2 100, 0.005752 [0.000173/9.150257] [20623/0.005397]
  9   2 150, 0.005659 [0.000270/9.150148] [20673/0.005397]
  9   2 200, 0.005956 [0.000242/9.150046] [20723/0.005397]
  9   2 250, 0.005686 [0.000236/9.149937] [20773/0.005397]
  9   2 300, 0.005678 [0.000350/9.149831] [20823/0.005397]
  9   2 350, 0.006130 [0.000265/9.149734] [20873/0.005397]
Epoch 2 done. Evaluation:
(50000, 50000)
(9109, 10000)
  9   3  50, 0.005870 [0.000324/9.149543] [20964/0.005397]
  9   3 100, 0.005863 [0.000223/9.149439] [21014/0.005397]
  9   3 150, 0.005718 [0.000285/9.149333] [21064/0.005397]
  9   3 200, 0.005790 [0.000250/9.149228] [21114/0.005397]
  9   3 250, 0.006046 [0.000335/9.149129] [21164/0.005397]
  9   3 300, 0.005666 [0.000183/9.149018] [21214/0.005397]
  9   3 350, 0.006138 [0.000385/9.148919] [21264/0.005397]
Epoch 3 done. Evaluation:
(50000, 50000)
(9112, 10000)
  9   4  50, 0.006011 [0.000289/9.148727] [21355/0.005397]
  9   4 100, 0.006071 [0.000174/9.148632] [21405/0.005397]
  9   4 150, 0.005877 [0.000203/9.148526] [21455/0.005397]
  9   4 200, 0.005684 [0.000193/9.148423] [21505/0.005397]
  9   4 250, 0.006174 [0.000228/9.148324] [21555/0.005397]
  9   4 300, 0.006000 [0.000181/9.148221] [21605/0.005397]
  9   4 350, 0.005809 [0.000416/9.148115] [21655/0.005397]
Epoch 4 done. Evaluation:
(50000, 50000)
(9108, 10000)
  9   5  50, 0.005930 [0.000238/9.147932] [21746/0.005397]
  9   5 100, 0.005725 [0.000225/9.147824] [21796/0.005397]
  9   5 150, 0.005953 [0.000134/9.147723] [21846/0.005397]
  9   5 200, 0.005695 [0.000220/9.147617] [21896/0.005397]
  9   5 250, 0.005971 [0.000248/9.147514] [21946/0.005397]
  9   5 300, 0.005917 [0.000297/9.147413] [21996/0.005397]
  9   5 350, 0.005917 [0.000750/9.147314] [22046/0.005397]
Epoch 5 done. Evaluation:
(50000, 50000)
(9103, 10000)
  9   6  50, 0.005934 [0.000168/9.147125] [22137/0.005397]
  9   6 100, 0.005947 [0.000223/9.147021] [22187/0.005397]
  9   6 150, 0.005948 [0.000175/9.146922] [22237/0.005397]
  9   6 200, 0.005952 [0.000191/9.146828] [22287/0.005397]
  9   6 250, 0.005914 [0.000243/9.146724] [22337/0.005397]
  9   6 300, 0.005667 [0.000227/9.146616] [22387/0.005397]
  9   6 350, 0.005643 [0.000167/9.146511] [22437/0.005397]
Epoch 6 done. Evaluation:
(50000, 50000)
(9103, 10000)
  9   7  50, 0.005711 [0.000179/9.146320] [22528/0.005397]
  9   7 100, 0.005921 [0.000162/9.146220] [22578/0.005397]
  9   7 150, 0.006115 [0.000200/9.146119] [22628/0.005397]
  9   7 200, 0.005824 [0.000240/9.146012] [22678/0.005397]
  9   7 250, 0.006136 [0.000246/9.145912] [22728/0.005397]
  9   7 300, 0.006184 [0.000160/9.145817] [22778/0.005397]
  9   7 350, 0.005896 [0.000224/9.145716] [22828/0.005397]
Epoch 7 done. Evaluation:
(50000, 50000)
(9103, 10000)
  9   8  50, 0.006126 [0.000278/9.145535] [22919/0.005397]
  9   8 100, 0.005952 [0.000198/9.145437] [22969/0.005397]
  9   8 150, 0.005815 [0.000175/9.145335] [23019/0.005397]
  9   8 200, 0.005888 [0.000157/9.145230] [23069/0.005397]
  9   8 250, 0.005736 [0.000296/9.145128] [23119/0.005397]
  9   8 300, 0.005998 [0.000156/9.145031] [23169/0.005397]
  9   8 350, 0.005684 [0.000237/9.144925] [23219/0.005397]
Epoch 8 done. Evaluation:
(50000, 50000)
(9106, 10000)
  9   9  50, 0.006035 [0.000152/9.144744] [23310/0.005397]
  9   9 100, 0.005659 [0.000271/9.144636] [23360/0.005397]
  9   9 150, 0.006011 [0.000302/9.144537] [23410/0.005397]
  9   9 200, 0.006020 [0.000178/9.144438] [23460/0.005397]
  9   9 250, 0.005624 [0.000186/9.144330] [23510/0.005397]
  9   9 300, 0.005889 [0.000304/9.144230] [23560/0.005397]
  9   9 350, 0.006083 [0.000191/9.144133] [23610/0.005397]
Epoch 9 done. Evaluation:
(50000, 50000)
(9107, 10000)
  9  10  50, 0.005575 [0.000205/9.143953] [23701/0.005397]
  9  10 100, 0.005894 [0.000243/9.143849] [23751/0.005397]
  9  10 150, 0.005878 [0.000279/9.143748] [23801/0.005397]
  9  10 200, 0.005822 [0.000376/9.143648] [23851/0.005397]
  9  10 250, 0.005698 [0.000331/9.143545] [23901/0.005397]
  9  10 300, 0.005826 [0.000180/9.143439] [23951/0.005397]
  9  10 350, 0.005945 [0.000425/9.143343] [24001/0.005397]
Epoch 10 done. Evaluation:
(50000, 50000)
(9103, 10000)
  9  11  50, 0.006266 [0.000167/9.143157] [24092/0.005397]
  9  11 100, 0.005707 [0.000279/9.143057] [24142/0.005397]
  9  11 150, 0.005727 [0.000208/9.142951] [24192/0.005397]
  9  11 200, 0.005765 [0.000424/9.142843] [24242/0.005397]
  9  11 250, 0.006279 [0.000303/9.142749] [24292/0.005397]
  9  11 300, 0.006138 [0.000251/9.142655] [24342/0.005397]
  9  11 350, 0.005631 [0.000265/9.142550] [24392/0.005397]
Epoch 11 done. Evaluation:
(50000, 50000)
(9103, 10000)
  9  12  50, 0.005686 [0.000174/9.142370] [24483/0.005397]
  9  12 100, 0.005835 [0.000288/9.142263] [24533/0.005397]
  9  12 150, 0.005820 [0.000175/9.142164] [24583/0.005397]
  9  12 200, 0.005792 [0.000225/9.142062] [24633/0.005397]
  9  12 250, 0.005998 [0.000190/9.141966] [24683/0.005397]
  9  12 300, 0.005612 [0.000270/9.141857] [24733/0.005397]
  9  12 350, 0.005888 [0.000179/9.141761] [24783/0.005397]
Epoch 12 done. Evaluation:
(50000, 50000)
(9094, 10000)
  9  13  50, 0.005987 [0.000275/9.141581] [24874/0.005397]
  9  13 100, 0.006013 [0.000166/9.141481] [24924/0.005397]
  9  13 150, 0.006202 [0.000163/9.141392] [24974/0.005397]
  9  13 200, 0.005962 [0.000165/9.141294] [25024/0.005397]
  9  13 250, 0.005741 [0.000272/9.141189] [25074/0.005397]
  9  13 300, 0.006008 [0.000206/9.141092] [25124/0.005397]
  9  13 350, 0.005931 [0.000215/9.140994] [25174/0.005397]
Epoch 13 done. Evaluation:
(50000, 50000)
(9110, 10000)
  9  14  50, 0.006250 [0.000313/9.140822] [25265/0.005397]
  9  14 100, 0.005675 [0.000204/9.140722] [25315/0.005397]
  9  14 150, 0.005799 [0.000165/9.140618] [25365/0.005397]
  9  14 200, 0.005922 [0.000278/9.140519] [25415/0.005397]
  9  14 250, 0.005914 [0.000648/9.140416] [25465/0.005397]
  9  14 300, 0.005964 [0.000164/9.140320] [25515/0.005397]
  9  14 350, 0.005735 [0.000179/9.140216] [25565/0.005397]
Epoch 14 done. Evaluation:
(50000, 50000)
(9102, 10000)
  9  15  50, 0.005982 [0.000182/9.140041] [25656/0.005397]
  9  15 100, 0.005750 [0.000160/9.139938] [25706/0.005397]
  9  15 150, 0.005940 [0.000190/9.139841] [25756/0.005397]
  9  15 200, 0.005910 [0.000202/9.139742] [25806/0.005397]
  9  15 250, 0.005924 [0.000271/9.139643] [25856/0.005397]
  9  15 300, 0.005929 [0.000262/9.139543] [25906/0.005397]
  9  15 350, 0.005830 [0.000291/9.139443] [25956/0.005397]
Epoch 15 done. Evaluation:
(50000, 50000)
(9107, 10000)
  9  16  50, 0.005973 [0.000278/9.139276] [26047/0.005397]
  9  16 100, 0.005638 [0.000259/9.139174] [26097/0.005397]
  9  16 150, 0.005906 [0.000317/9.139079] [26147/0.005397]
  9  16 200, 0.005771 [0.000177/9.138981] [26197/0.005397]
  9  16 250, 0.006417 [0.000398/9.138895] [26247/0.005397]
  9  16 300, 0.005831 [0.000537/9.138794] [26297/0.005397]
  9  16 350, 0.005689 [0.000222/9.138694] [26347/0.005397]
Epoch 16 done. Evaluation:
(50000, 50000)
(9109, 10000)
  9  17  50, 0.005692 [0.000178/9.138503] [26438/0.005397]
  9  17 100, 0.005658 [0.000222/9.138402] [26488/0.005397]
  9  17 150, 0.005968 [0.000251/9.138306] [26538/0.005397]
  9  17 200, 0.006147 [0.000245/9.138215] [26588/0.005397]
  9  17 250, 0.006104 [0.000182/9.138120] [26638/0.005397]
  9  17 300, 0.005851 [0.000233/9.138019] [26688/0.005397]
  9  17 350, 0.005884 [0.000557/9.137923] [26738/0.005397]
Epoch 17 done. Evaluation:
(50000, 50000)
(9114, 10000)
  9  18  50, 0.005933 [0.000210/9.137758] [26829/0.005397]
  9  18 100, 0.005927 [0.000299/9.137661] [26879/0.005397]
  9  18 150, 0.005731 [0.000210/9.137560] [26929/0.005397]
  9  18 200, 0.005829 [0.000204/9.137465] [26979/0.005397]
  9  18 250, 0.006024 [0.000136/9.137372] [27029/0.005397]
  9  18 300, 0.005931 [0.000157/9.137269] [27079/0.005397]
  9  18 350, 0.005952 [0.000260/9.137172] [27129/0.005397]
Epoch 18 done. Evaluation:
(50000, 50000)
(9111, 10000)
  9  19  50, 0.005932 [0.000426/9.137005] [27220/0.005397]
  9  19 100, 0.006099 [0.001315/9.136911] [27270/0.005397]
  9  19 150, 0.005841 [0.000194/9.136809] [27320/0.005397]
  9  19 200, 0.005935 [0.000270/9.136713] [27370/0.005397]
  9  19 250, 0.006004 [0.000178/9.136619] [27420/0.005397]
  9  19 300, 0.005880 [0.000266/9.136523] [27470/0.005397]
  9  19 350, 0.005952 [0.000266/9.136426] [27520/0.005397]
Epoch 19 done. Evaluation:
(50000, 50000)
(9101, 10000)
