Sequential (
  (conv1_1): Sequential (
    (0): Conv2d(3, 32, kernel_size=(3, 3), stride=(1, 1), padding=(1, 1))
    (1): BatchNorm2d(32, eps=1e-05, momentum=0.1, affine=True)
    (2): ReLU (inplace)
  )
  (conv1_2): Sequential (
    (0): Conv2d(32, 32, kernel_size=(3, 3), stride=(1, 1), padding=(1, 1))
    (1): BatchNorm2d(32, eps=1e-05, momentum=0.1, affine=True)
    (2): ReLU (inplace)
  )
  (pool1): MaxPool2d (size=(2, 2), stride=(2, 2), dilation=(1, 1))
  (conv2_1): Sequential (
    (0): Conv2d(32, 64, kernel_size=(3, 3), stride=(1, 1), padding=(1, 1))
    (1): BatchNorm2d(64, eps=1e-05, momentum=0.1, affine=True)
    (2): ReLU (inplace)
  )
  (conv2_2): Sequential (
    (0): Conv2d(64, 64, kernel_size=(3, 3), stride=(1, 1), padding=(1, 1))
    (1): BatchNorm2d(64, eps=1e-05, momentum=0.1, affine=True)
    (2): ReLU (inplace)
  )
  (pool2): MaxPool2d (size=(2, 2), stride=(2, 2), dilation=(1, 1))
  (conv3_1): Sequential (
    (0): Conv2d(64, 128, kernel_size=(3, 3), stride=(1, 1), padding=(1, 1))
    (1): BatchNorm2d(128, eps=1e-05, momentum=0.1, affine=True)
    (2): ReLU (inplace)
  )
  (conv3_2): Sequential (
    (0): Conv2d(128, 128, kernel_size=(3, 3), stride=(1, 1), padding=(1, 1))
    (1): BatchNorm2d(128, eps=1e-05, momentum=0.1, affine=True)
    (2): ReLU (inplace)
  )
  (pool3): MaxPool2d (size=(2, 2), stride=(2, 2), dilation=(1, 1))
  (conv4_1): Sequential (
    (0): Conv2d(128, 256, kernel_size=(3, 3), stride=(1, 1), padding=(1, 1))
    (1): BatchNorm2d(256, eps=1e-05, momentum=0.1, affine=True)
    (2): ReLU (inplace)
  )
  (conv4_2): Sequential (
    (0): Conv2d(256, 256, kernel_size=(3, 3), stride=(1, 1), padding=(1, 1))
    (1): BatchNorm2d(256, eps=1e-05, momentum=0.1, affine=True)
    (2): ReLU (inplace)
  )
  (pool4): MaxPool2d (size=(2, 2), stride=(2, 2), dilation=(1, 1))
  (conv5_1): Sequential (
    (0): Conv2d(256, 256, kernel_size=(3, 3), stride=(1, 1), padding=(1, 1))
    (1): BatchNorm2d(256, eps=1e-05, momentum=0.1, affine=True)
    (2): ReLU (inplace)
  )
  (conv5_2): Sequential (
    (0): Conv2d(256, 256, kernel_size=(3, 3), stride=(1, 1), padding=(1, 1))
    (1): BatchNorm2d(256, eps=1e-05, momentum=0.1, affine=True)
    (2): ReLU (inplace)
  )
  (pool5): MaxPool2d (size=(2, 2), stride=(2, 2), dilation=(1, 1))
  (fc6): Sequential (
    (0): Conv2d(256, 256, kernel_size=(1, 1), stride=(1, 1))
    (1): BatchNorm2d(256, eps=1e-05, momentum=0.1, affine=True)
    (2): ReLU (inplace)
  )
  (logit): Conv2d(256, 10, kernel_size=(1, 1), stride=(1, 1))
  (flatter): Flatten()
)
{'L1_decay': 5e-06,
 'batch_size': 128,
 'force_name': False,
 'graphfolder': 'logs/dxp6_graphs/',
 'learning_rate': 0.1,
 'logfile': 'logs/dxp6.log',
 'mode': '',
 'name': 'dxp6',
 'num_base': 32,
 'optimizer': 'SGD_var_dup2',
 'weight_decay': 0.00064}
0.00805413261441
0.0893311819365
0.0467077810209
0.0919746940998
0.0459226262917
0.0922607784938
0.046131866404
0.092014306159
0.0459764614621
0.0459986011124
0.00254816501413
0.00250949308204
Decayed training with schedule: [20, 20, 20, 20, 20, 20, 20, 20, 20, 20]
  0   0  50, 1.845242 [0.571460/57.114622] [   0/1.845242]
  0   0 100, 1.545019 [0.560332/47.110373] [   0/1.545019]
  0   0 150, 1.466473 [0.677484/40.424803] [   0/1.466473]
  0   0 200, 1.355521 [0.450735/35.886814] [   0/1.355521]
  0   0 250, 1.288083 [0.530343/32.791270] [   0/1.288083]
  0   0 300, 1.249093 [0.487476/30.626810] [   0/1.249093]
  0   0 350, 1.250056 [0.435661/29.089182] [  50/1.249093]
Epoch 0 done. Evaluation:
(24884, 50000)
(4574, 10000)
  0   1  50, 1.180249 [0.487269/27.253856] [   0/1.180249]
  0   1 100, 1.224864 [0.424446/26.557066] [  50/1.180249]
  0   1 150, 1.167162 [0.488483/25.978234] [   0/1.167162]
  0   1 200, 1.171914 [0.528006/25.499965] [  50/1.167162]
  0   1 250, 1.365970 [0.382952/25.107553] [ 100/1.167162]
  0   1 300, 1.224339 [0.398044/24.679288] [ 150/1.167162]
  0   1 350, 1.164024 [0.466303/24.298366] [   0/1.164024]
Epoch 1 done. Evaluation:
(28621, 50000)
(3677, 10000)
  0   2  50, 1.201110 [0.572828/23.684320] [  91/1.164024]
  0   2 100, 1.199445 [0.444441/23.356264] [ 141/1.164024]
  0   2 150, 1.186682 [0.484445/23.043799] [ 191/1.164024]
  0   2 200, 1.190058 [0.619276/22.758290] [ 241/1.164024]
  0   2 250, 1.151135 [0.466295/22.439298] [   0/1.151135]
  0   2 300, 1.146343 [0.455497/22.160120] [   0/1.146343]
  0   2 350, 1.125397 [0.482120/21.875207] [   0/1.125397]
Epoch 2 done. Evaluation:
(29707, 50000)
(3352, 10000)
  0   3  50, 1.151696 [0.797876/21.395227] [  91/1.125397]
  0   3 100, 1.127796 [0.429613/21.118034] [ 141/1.125397]
  0   3 150, 1.218709 [0.388525/20.903773] [ 191/1.125397]
  0   3 200, 1.124120 [0.507454/20.611930] [   0/1.124120]
  0   3 250, 1.130982 [0.473490/20.355028] [  50/1.124120]
  0   3 300, 1.132177 [0.431804/20.100043] [ 100/1.124120]
  0   3 350, 1.276244 [0.324065/19.901982] [ 150/1.124120]
Epoch 3 done. Evaluation:
(29920, 50000)
(4528, 10000)
  0   4  50, 1.101109 [0.414437/19.443941] [   0/1.101109]
  0   4 100, 1.105179 [0.553521/19.205214] [  50/1.101109]
  0   4 150, 1.183291 [0.439318/18.988106] [ 100/1.101109]
  0   4 200, 1.099691 [0.476063/18.772314] [   0/1.099691]
  0   4 250, 1.161809 [0.485141/18.565602] [  50/1.099691]
  0   4 300, 1.184695 [0.359073/18.351244] [ 100/1.099691]
  0   4 350, 1.111394 [0.450476/18.128594] [ 150/1.099691]
Epoch 4 done. Evaluation:
(30434, 50000)
(3680, 10000)
  0   5  50, 1.110194 [0.531480/17.758562] [ 241/1.099691]
  0   5 100, 1.251095 [0.383387/17.592217] [ 291/1.099691]
  0   5 150, 1.132894 [0.336107/17.370970] [ 341/1.099691]
  0   5 200, 1.149649 [0.473408/17.185359] [ 391/1.099691]
  0   5 250, 1.129415 [0.493051/16.992311] [ 441/1.099691]
  0   5 300, 1.187902 [0.503965/16.818612] [ 491/1.099691]
  0   5 350, 1.120092 [0.416523/16.622865] [ 541/1.099691]
Epoch 5 done. Evaluation:
(30286, 50000)
(4333, 10000)
  0   6  50, 1.107147 [0.511779/16.320634] [ 632/1.099691]
  0   6 100, 1.113934 [0.545898/16.133382] [ 682/1.099691]
  0   6 150, 1.143311 [0.898639/15.998758] [ 732/1.099691]
  0   6 200, 1.252729 [0.433005/15.818811] [ 782/1.099691]
  0   6 250, 1.125676 [0.385919/15.631203] [ 832/1.099691]
  0   6 300, 1.200349 [0.395958/15.498052] [ 882/1.099691]
  0   6 350, 1.133528 [0.413812/15.339220] [ 932/1.099691]
Epoch 6 done. Evaluation:
(30222, 50000)
(1889, 10000)
  0   7  50, 1.128906 [0.407408/15.062573] [1023/1.099691]
  0   7 100, 1.123904 [0.468014/14.905815] [1073/1.099691]
  0   7 150, 1.147755 [0.774520/14.808551] [1123/1.099691]
  0   7 200, 1.162236 [0.433646/14.621252] [1173/1.099691]
  0   7 250, 1.162984 [0.387308/14.505590] [1223/1.099691]
  0   7 300, 1.087037 [0.703229/14.362408] [   0/1.087037]
  0   7 350, 1.180979 [0.394761/14.224285] [  50/1.087037]
Epoch 7 done. Evaluation:
(30394, 50000)
(2880, 10000)
  0   8  50, 1.093124 [0.573870/13.977916] [ 141/1.087037]
  0   8 100, 1.136508 [0.470975/13.847997] [ 191/1.087037]
  0   8 150, 1.225530 [0.376562/13.760477] [ 241/1.087037]
  0   8 200, 1.070662 [0.459823/13.589317] [   0/1.070662]
  0   8 250, 1.153604 [0.464634/13.473629] [  50/1.070662]
  0   8 300, 1.225369 [0.531497/13.443269] [ 100/1.070662]
  0   8 350, 1.150495 [0.526692/13.251488] [ 150/1.070662]
Epoch 8 done. Evaluation:
(30389, 50000)
(3987, 10000)
  0   9  50, 1.246292 [0.433915/13.017241] [ 241/1.070662]
  0   9 100, 1.095590 [0.392403/12.889129] [ 291/1.070662]
  0   9 150, 1.111266 [0.558354/12.790885] [ 341/1.070662]
  0   9 200, 1.172930 [0.476382/12.685702] [ 391/1.070662]
  0   9 250, 1.109127 [0.482638/12.580510] [ 441/1.070662]
  0   9 300, 1.152600 [0.859670/12.502674] [ 491/1.070662]
  0   9 350, 1.137876 [0.563916/12.382647] [ 541/1.070662]
Epoch 9 done. Evaluation:
(30280, 50000)
(3048, 10000)
  0  10  50, 1.158517 [0.417426/12.204570] [ 632/1.070662]
  0  10 100, 1.107856 [0.418050/12.117927] [ 682/1.070662]
  0  10 150, 1.138691 [0.371320/12.011065] [ 732/1.070662]
  0  10 200, 1.095513 [0.502992/11.931746] [ 782/1.070662]
  0  10 250, 1.065661 [0.607250/11.830045] [   0/1.065661]
  0  10 300, 1.208438 [0.590902/11.774076] [  50/1.065661]
  0  10 350, 1.115869 [0.471831/11.658391] [ 100/1.065661]
Epoch 10 done. Evaluation:
(30483, 50000)
(2913, 10000)
  0  11  50, 1.154565 [0.513870/11.570195] [ 191/1.065661]
  0  11 100, 1.224060 [0.457244/11.431952] [ 241/1.065661]
  0  11 150, 1.101459 [0.465713/11.340279] [ 291/1.065661]
  0  11 200, 1.140835 [0.442801/11.267266] [ 341/1.065661]
  0  11 250, 1.139759 [0.428937/11.203410] [ 391/1.065661]
  0  11 300, 1.093645 [0.473256/11.127063] [ 441/1.065661]
  0  11 350, 1.123554 [0.524237/11.072941] [ 491/1.065661]
Epoch 11 done. Evaluation:
(30504, 50000)
(1674, 10000)
  0  12  50, 1.071060 [0.353818/10.925714] [ 582/1.065661]
  0  12 100, 1.113993 [0.376139/10.860544] [ 632/1.065661]
  0  12 150, 1.115995 [0.495848/10.782403] [ 682/1.065661]
  0  12 200, 1.105831 [0.704582/10.701811] [ 732/1.065661]
  0  12 250, 1.375501 [0.814658/10.677140] [ 782/1.065661]
  0  12 300, 1.150956 [0.418774/10.587960] [ 832/1.065661]
  0  12 350, 1.142585 [0.516632/10.546587] [ 882/1.065661]
Epoch 12 done. Evaluation:
(30346, 50000)
(3491, 10000)
  0  13  50, 1.063714 [0.519623/10.406557] [   0/1.063714]
  0  13 100, 1.153063 [0.454145/10.373352] [  50/1.063714]
  0  13 150, 1.137298 [0.506321/10.315297] [ 100/1.063714]
  0  13 200, 1.107584 [0.443546/10.246596] [ 150/1.063714]
  0  13 250, 1.186842 [0.486835/10.219501] [ 200/1.063714]
  0  13 300, 1.162859 [0.427052/10.145360] [ 250/1.063714]
  0  13 350, 1.153576 [0.479150/10.094380] [ 300/1.063714]
Epoch 13 done. Evaluation:
(30536, 50000)
(2718, 10000)
  0  14  50, 1.116057 [0.528549/9.992090] [ 391/1.063714]
  0  14 100, 1.127654 [0.413255/9.950578] [ 441/1.063714]
  0  14 150, 1.144467 [0.437387/9.904114] [ 491/1.063714]
  0  14 200, 1.083787 [0.491504/9.850166] [ 541/1.063714]
  0  14 250, 1.122472 [0.576910/9.841789] [ 591/1.063714]
  0  14 300, 1.284990 [0.516392/9.801549] [ 641/1.063714]
  0  14 350, 1.114207 [0.471878/9.693856] [ 691/1.063714]
Epoch 14 done. Evaluation:
(30562, 50000)
(2567, 10000)
  0  15  50, 1.087235 [0.469647/9.630387] [ 782/1.063714]
  0  15 100, 1.181058 [0.460736/9.625777] [ 832/1.063714]
  0  15 150, 1.071398 [0.400469/9.541031] [ 882/1.063714]
  0  15 200, 1.181214 [0.449366/9.531478] [ 932/1.063714]
  0  15 250, 1.126250 [0.380282/9.460371] [ 982/1.063714]
  0  15 300, 1.178583 [0.587125/9.526242] [1032/1.063714]
  0  15 350, 1.206221 [0.393371/9.421025] [1082/1.063714]
Epoch 15 done. Evaluation:
(30367, 50000)
(3550, 10000)
  0  16  50, 1.280618 [0.386387/9.423307] [1173/1.063714]
  0  16 100, 1.137202 [0.489522/9.282198] [1223/1.063714]
  0  16 150, 1.178794 [0.378187/9.261902] [1273/1.063714]
  0  16 200, 1.138007 [0.346807/9.196777] [1323/1.063714]
  0  16 250, 1.163722 [0.425256/9.185476] [1373/1.063714]
  0  16 300, 1.151991 [0.486422/9.167938] [1423/1.063714]
  0  16 350, 1.144150 [0.440590/9.147307] [1473/1.063714]
Epoch 16 done. Evaluation:
(30043, 50000)
(2792, 10000)
  0  17  50, 1.423926 [0.478183/9.092546] [1564/1.063714]
  0  17 100, 1.174257 [0.508652/9.015647] [1614/1.063714]
  0  17 150, 1.176105 [0.517527/8.986345] [1664/1.063714]
  0  17 200, 1.127449 [0.465603/8.958485] [1714/1.063714]
  0  17 250, 1.311026 [0.330469/8.976478] [1764/1.063714]
  0  17 300, 1.113611 [0.571206/8.894347] [1814/1.063714]
  0  17 350, 1.205143 [0.455038/8.903483] [1864/1.063714]
Epoch 17 done. Evaluation:
(29441, 50000)
(4430, 10000)
  0  18  50, 1.153621 [0.438082/8.832354] [1955/1.063714]
  0  18 100, 1.163938 [0.417504/8.814215] [2005/1.063714]
  0  18 150, 1.119682 [0.400566/8.780848] [2055/1.063714]
  0  18 200, 1.246864 [0.381804/8.805531] [2105/1.063714]
  0  18 250, 1.151492 [0.445401/8.787010] [2155/1.063714]
  0  18 300, 1.242691 [0.431261/8.780266] [2205/1.063714]
  0  18 350, 1.145481 [0.419559/8.699133] [2255/1.063714]
Epoch 18 done. Evaluation:
(29803, 50000)
(3439, 10000)
  0  19  50, 1.200099 [0.428703/8.706123] [2346/1.063714]
  0  19 100, 1.120189 [0.823096/8.677756] [2396/1.063714]
  0  19 150, 1.218483 [0.413408/8.612927] [2446/1.063714]
  0  19 200, 1.129127 [0.478955/8.567604] [2496/1.063714]
  0  19 250, 1.173332 [0.456994/8.576964] [2546/1.063714]
  0  19 300, 1.149960 [0.672454/8.560019] [2596/1.063714]
  0  19 350, 1.328957 [0.437346/8.621518] [2646/1.063714]
Epoch 19 done. Evaluation:
(29600, 50000)
(1461, 10000)
  1   0  50, 0.907687 [0.207146/8.401681] [   0/0.907687]
  1   0 100, 0.921754 [0.252990/8.345170] [  50/0.907687]
  1   0 150, 0.953136 [0.234318/8.308102] [ 100/0.907687]
  1   0 200, 0.930114 [0.312409/8.307874] [ 150/0.907687]
  1   0 250, 0.934430 [0.229759/8.285464] [ 200/0.907687]
  1   0 300, 0.949358 [0.295849/8.297606] [ 250/0.907687]
  1   0 350, 0.943144 [0.263592/8.296516] [ 300/0.907687]
Epoch 0 done. Evaluation:
(34067, 50000)
(3891, 10000)
  1   1  50, 0.926591 [0.297493/8.323577] [ 391/0.907687]
  1   1 100, 0.928686 [0.287232/8.324196] [ 441/0.907687]
  1   1 150, 0.932379 [0.253058/8.332864] [ 491/0.907687]
  1   1 200, 0.914141 [0.250760/8.328730] [ 541/0.907687]
  1   1 250, 0.924454 [0.244920/8.322172] [ 591/0.907687]
  1   1 300, 0.936118 [0.251714/8.316945] [ 641/0.907687]
  1   1 350, 0.935127 [0.370223/8.319044] [ 691/0.907687]
Epoch 1 done. Evaluation:
(33919, 50000)
(4831, 10000)
  1   2  50, 0.900790 [0.251714/8.322626] [   0/0.900790]
  1   2 100, 0.907725 [0.302233/8.316563] [  50/0.900790]
  1   2 150, 0.912540 [0.282123/8.311217] [ 100/0.900790]
  1   2 200, 0.931436 [0.281626/8.302280] [ 150/0.900790]
  1   2 250, 0.926146 [0.359307/8.338127] [ 200/0.900790]
  1   2 300, 0.918712 [0.279714/8.312407] [ 250/0.900790]
  1   2 350, 0.894664 [0.247009/8.306839] [   0/0.894664]
Epoch 2 done. Evaluation:
(34251, 50000)
(4255, 10000)
  1   3  50, 0.895507 [0.281411/8.293487] [  91/0.894664]
  1   3 100, 0.950141 [0.585734/8.314365] [ 141/0.894664]
  1   3 150, 0.902402 [0.360533/8.294026] [ 191/0.894664]
  1   3 200, 0.914570 [0.310992/8.286829] [ 241/0.894664]
  1   3 250, 0.877676 [0.272446/8.273458] [   0/0.877676]
  1   3 300, 0.923981 [0.269568/8.270987] [  50/0.877676]
  1   3 350, 0.894457 [0.264465/8.265799] [ 100/0.877676]
Epoch 3 done. Evaluation:
(34356, 50000)
(2874, 10000)
  1   4  50, 0.915245 [0.307057/8.268470] [ 191/0.877676]
  1   4 100, 0.895262 [0.294391/8.249663] [ 241/0.877676]
  1   4 150, 0.928383 [0.289162/8.244122] [ 291/0.877676]
  1   4 200, 0.877340 [0.309485/8.223433] [   0/0.877340]
  1   4 250, 0.933339 [0.371530/8.231174] [  50/0.877340]
  1   4 300, 0.921557 [0.282208/8.231442] [ 100/0.877340]
  1   4 350, 0.882990 [0.314395/8.221510] [ 150/0.877340]
Epoch 4 done. Evaluation:
(34444, 50000)
(4706, 10000)
  1   5  50, 0.897305 [0.343520/8.234309] [ 241/0.877340]
  1   5 100, 0.871630 [0.295667/8.225630] [   0/0.871630]
  1   5 150, 0.886854 [0.286395/8.197489] [  50/0.871630]
  1   5 200, 0.904596 [0.373609/8.201747] [ 100/0.871630]
  1   5 250, 0.930734 [0.243950/8.213394] [ 150/0.871630]
  1   5 300, 0.888528 [0.299968/8.197473] [ 200/0.871630]
  1   5 350, 0.914893 [0.276687/8.181462] [ 250/0.871630]
Epoch 5 done. Evaluation:
(34580, 50000)
(2147, 10000)
  1   6  50, 0.872289 [0.342500/8.179786] [ 341/0.871630]
  1   6 100, 0.922260 [0.308331/8.179341] [ 391/0.871630]
  1   6 150, 0.892615 [0.279627/8.173892] [ 441/0.871630]
  1   6 200, 0.872513 [0.408651/8.172215] [ 491/0.871630]
  1   6 250, 0.911137 [0.256506/8.165626] [ 541/0.871630]
  1   6 300, 0.888983 [0.280001/8.159642] [ 591/0.871630]
  1   6 350, 0.878551 [0.278417/8.147408] [ 641/0.871630]
Epoch 6 done. Evaluation:
(34711, 50000)
(4629, 10000)
  1   7  50, 0.864057 [0.397909/8.164671] [   0/0.864057]
  1   7 100, 0.908099 [0.286815/8.142829] [  50/0.864057]
  1   7 150, 0.914024 [0.352105/8.131735] [ 100/0.864057]
  1   7 200, 0.890426 [0.322539/8.126872] [ 150/0.864057]
  1   7 250, 0.898581 [0.249540/8.132172] [ 200/0.864057]
  1   7 300, 0.899092 [0.256373/8.132664] [ 250/0.864057]
  1   7 350, 0.887470 [0.250237/8.137239] [ 300/0.864057]
Epoch 7 done. Evaluation:
(34848, 50000)
(2366, 10000)
  1   8  50, 0.868562 [0.335100/8.127392] [ 391/0.864057]
  1   8 100, 0.893628 [0.334129/8.116958] [ 441/0.864057]
  1   8 150, 0.898661 [0.412468/8.139334] [ 491/0.864057]
  1   8 200, 0.881053 [0.271454/8.134225] [ 541/0.864057]
  1   8 250, 0.880648 [0.232210/8.128649] [ 591/0.864057]
  1   8 300, 0.904122 [0.271719/8.137118] [ 641/0.864057]
  1   8 350, 0.912458 [0.366855/8.125435] [ 691/0.864057]
Epoch 8 done. Evaluation:
(34819, 50000)
(4496, 10000)
  1   9  50, 0.880280 [0.360203/8.128163] [ 782/0.864057]
  1   9 100, 0.908372 [0.270164/8.142511] [ 832/0.864057]
  1   9 150, 0.872383 [0.307292/8.127346] [ 882/0.864057]
  1   9 200, 0.865223 [0.413545/8.129318] [ 932/0.864057]
  1   9 250, 0.863925 [0.307276/8.111931] [   0/0.863925]
  1   9 300, 0.869120 [0.275959/8.110343] [  50/0.863925]
  1   9 350, 0.930326 [0.277423/8.104621] [ 100/0.863925]
Epoch 9 done. Evaluation:
(34943, 50000)
(3563, 10000)
  1  10  50, 0.892648 [0.299988/8.089684] [ 191/0.863925]
  1  10 100, 0.914937 [0.299380/8.092717] [ 241/0.863925]
  1  10 150, 0.889560 [0.268027/8.120461] [ 291/0.863925]
  1  10 200, 0.868503 [0.313840/8.093590] [ 341/0.863925]
  1  10 250, 1.168446 [0.209231/8.145574] [ 391/0.863925]
  1  10 300, 0.900383 [0.280142/8.076862] [ 441/0.863925]
  1  10 350, 0.882420 [0.272744/8.053910] [ 491/0.863925]
Epoch 10 done. Evaluation:
(34311, 50000)
(4811, 10000)
  1  11  50, 0.909654 [0.278987/8.068963] [ 582/0.863925]
  1  11 100, 0.864584 [0.272917/8.033793] [ 632/0.863925]
  1  11 150, 0.899577 [0.267008/8.045395] [ 682/0.863925]
  1  11 200, 0.896925 [0.296488/8.030880] [ 732/0.863925]
  1  11 250, 0.902182 [0.263600/8.038955] [ 782/0.863925]
  1  11 300, 0.970189 [0.257758/8.056029] [ 832/0.863925]
  1  11 350, 0.864559 [0.222936/8.027328] [ 882/0.863925]
Epoch 11 done. Evaluation:
(34694, 50000)
(4711, 10000)
  1  12  50, 0.871822 [0.253665/8.030175] [ 973/0.863925]
  1  12 100, 0.869566 [0.268383/8.024586] [1023/0.863925]
  1  12 150, 0.880069 [0.289587/8.027022] [1073/0.863925]
  1  12 200, 0.912006 [0.294231/8.031757] [1123/0.863925]
  1  12 250, 0.925041 [0.249127/8.046784] [1173/0.863925]
  1  12 300, 0.876731 [0.275620/8.015237] [1223/0.863925]
  1  12 350, 0.867575 [0.269533/8.005109] [1273/0.863925]
Epoch 12 done. Evaluation:
(34869, 50000)
(4261, 10000)
  1  13  50, 0.895320 [0.279942/8.010130] [1364/0.863925]
  1  13 100, 0.868414 [0.263229/8.000432] [1414/0.863925]
  1  13 150, 0.935355 [0.300710/8.015230] [1464/0.863925]
  1  13 200, 0.913952 [0.356191/8.016542] [1514/0.863925]
  1  13 250, 0.872412 [0.481735/8.012719] [1564/0.863925]
  1  13 300, 0.881465 [0.327634/7.994209] [1614/0.863925]
  1  13 350, 0.909527 [0.326669/7.991489] [1664/0.863925]
Epoch 13 done. Evaluation:
(34756, 50000)
(4909, 10000)
  1  14  50, 0.864348 [0.325247/8.008989] [1755/0.863925]
  1  14 100, 0.888929 [0.296992/8.019921] [1805/0.863925]
  1  14 150, 0.875552 [0.308792/8.010695] [1855/0.863925]
  1  14 200, 0.865737 [0.318735/8.025024] [1905/0.863925]
  1  14 250, 0.907952 [0.293728/8.009536] [1955/0.863925]
  1  14 300, 0.872561 [0.334031/8.005764] [2005/0.863925]
  1  14 350, 0.911072 [0.289034/8.015943] [2055/0.863925]
Epoch 14 done. Evaluation:
(34954, 50000)
(4036, 10000)
  1  15  50, 0.914458 [0.249578/8.007189] [2146/0.863925]
  1  15 100, 0.851031 [0.303464/7.997048] [   0/0.851031]
  1  15 150, 0.909478 [0.283805/8.003400] [  50/0.851031]
  1  15 200, 0.900936 [0.287565/7.985760] [ 100/0.851031]
  1  15 250, 0.872952 [0.316798/7.990855] [ 150/0.851031]
  1  15 300, 0.888110 [0.307617/7.990757] [ 200/0.851031]
  1  15 350, 0.851190 [0.327581/7.976845] [ 250/0.851031]
Epoch 15 done. Evaluation:
(34933, 50000)
(2170, 10000)
  1  16  50, 0.910490 [0.287057/7.973944] [ 341/0.851031]
  1  16 100, 0.882288 [0.260325/7.971783] [ 391/0.851031]
  1  16 150, 0.919890 [0.291382/7.976220] [ 441/0.851031]
  1  16 200, 0.863477 [0.279711/7.966947] [ 491/0.851031]
  1  16 250, 0.893612 [0.320979/7.963120] [ 541/0.851031]
  1  16 300, 0.882098 [0.273728/7.965908] [ 591/0.851031]
  1  16 350, 0.848731 [0.304680/7.969109] [   0/0.848731]
Epoch 16 done. Evaluation:
(34324, 50000)
(4622, 10000)
  1  17  50, 0.895157 [0.291281/7.977674] [  91/0.848731]
  1  17 100, 0.891224 [0.322845/7.963695] [ 141/0.848731]
  1  17 150, 0.890153 [0.290966/7.956459] [ 191/0.848731]
  1  17 200, 0.942613 [0.242147/7.954188] [ 241/0.848731]
  1  17 250, 0.892774 [0.347446/7.939519] [ 291/0.848731]
  1  17 300, 0.926242 [0.262641/7.933425] [ 341/0.848731]
  1  17 350, 0.926224 [0.347322/7.934241] [ 391/0.848731]
Epoch 17 done. Evaluation:
(34480, 50000)
(3331, 10000)
  1  18  50, 0.895817 [0.317554/7.942611] [ 482/0.848731]
  1  18 100, 0.860195 [0.347954/7.933191] [ 532/0.848731]
  1  18 150, 0.879907 [0.262951/7.926403] [ 582/0.848731]
  1  18 200, 0.927784 [0.331087/7.935510] [ 632/0.848731]
  1  18 250, 0.892645 [0.261419/7.932302] [ 682/0.848731]
  1  18 300, 0.912489 [0.305340/7.930038] [ 732/0.848731]
  1  18 350, 0.877066 [0.299058/7.917310] [ 782/0.848731]
Epoch 18 done. Evaluation:
(34707, 50000)
(5015, 10000)
  1  19  50, 0.871695 [0.261756/7.921568] [ 873/0.848731]
  1  19 100, 0.911014 [0.354905/7.938308] [ 923/0.848731]
  1  19 150, 0.924712 [0.254292/7.932785] [ 973/0.848731]
  1  19 200, 0.863733 [0.294758/7.925063] [1023/0.848731]
  1  19 250, 0.930272 [0.281067/7.936360] [1073/0.848731]
  1  19 300, 0.878288 [0.277022/7.923976] [1123/0.848731]
  1  19 350, 0.933369 [0.252436/7.926938] [1173/0.848731]
Epoch 19 done. Evaluation:
(34614, 50000)
(3746, 10000)
  2   0  50, 0.703297 [0.137298/7.865261] [   0/0.703297]
  2   0 100, 0.690384 [0.147820/7.822347] [   0/0.690384]
  2   0 150, 0.728145 [0.145322/7.796057] [  50/0.690384]
  2   0 200, 0.729740 [0.142875/7.778324] [ 100/0.690384]
  2   0 250, 0.725516 [0.166655/7.763689] [ 150/0.690384]
  2   0 300, 0.735037 [0.171749/7.761285] [ 200/0.690384]
  2   0 350, 0.728033 [0.183188/7.753660] [ 250/0.690384]
Epoch 0 done. Evaluation:
(37842, 50000)
(5496, 10000)
  2   1  50, 0.717086 [0.171442/7.757193] [ 341/0.690384]
  2   1 100, 0.713212 [0.179155/7.761928] [ 391/0.690384]
  2   1 150, 0.748202 [0.227601/7.764347] [ 441/0.690384]
  2   1 200, 0.729005 [0.180207/7.766688] [ 491/0.690384]
  2   1 250, 0.721224 [0.192700/7.773378] [ 541/0.690384]
  2   1 300, 0.717334 [0.162738/7.774172] [ 591/0.690384]
  2   1 350, 0.742779 [0.164647/7.775821] [ 641/0.690384]
Epoch 1 done. Evaluation:
(37742, 50000)
(4389, 10000)
  2   2  50, 0.711006 [0.182631/7.787870] [ 732/0.690384]
  2   2 100, 0.694075 [0.155298/7.793466] [ 782/0.690384]
  2   2 150, 0.739619 [0.157936/7.792265] [ 832/0.690384]
  2   2 200, 0.738858 [0.186686/7.793037] [ 882/0.690384]
  2   2 250, 0.718345 [0.159867/7.795068] [ 932/0.690384]
  2   2 300, 0.740649 [0.166877/7.799806] [ 982/0.690384]
  2   2 350, 0.727483 [0.182383/7.809146] [1032/0.690384]
Epoch 2 done. Evaluation:
(37770, 50000)
(2818, 10000)
  2   3  50, 0.716644 [0.180077/7.810892] [1123/0.690384]
  2   3 100, 0.717587 [0.201380/7.806795] [1173/0.690384]
  2   3 150, 0.722487 [0.213537/7.814223] [1223/0.690384]
  2   3 200, 0.740127 [0.187390/7.821706] [1273/0.690384]
  2   3 250, 0.720467 [0.210294/7.826412] [1323/0.690384]
  2   3 300, 0.734286 [0.171837/7.829037] [1373/0.690384]
  2   3 350, 0.719207 [0.175509/7.829200] [1423/0.690384]
Epoch 3 done. Evaluation:
(37642, 50000)
(5912, 10000)
  2   4  50, 0.697405 [0.201019/7.837711] [1514/0.690384]
  2   4 100, 0.720815 [0.184304/7.844186] [1564/0.690384]
  2   4 150, 0.706490 [0.169525/7.845456] [1614/0.690384]
  2   4 200, 0.702672 [0.196255/7.842603] [1664/0.690384]
  2   4 250, 0.730449 [0.191307/7.848758] [1714/0.690384]
  2   4 300, 0.739736 [0.172641/7.839764] [1764/0.690384]
  2   4 350, 0.715820 [0.189754/7.842642] [1814/0.690384]
Epoch 4 done. Evaluation:
(37762, 50000)
(6499, 10000)
  2   5  50, 0.701262 [0.167995/7.842098] [1905/0.690384]
  2   5 100, 0.719500 [0.196829/7.852051] [1955/0.690384]
  2   5 150, 0.718249 [0.206689/7.851981] [2005/0.690384]
  2   5 200, 0.710944 [0.163734/7.851926] [2055/0.690384]
  2   5 250, 0.702286 [0.172262/7.848446] [2105/0.690384]
  2   5 300, 0.720353 [0.183194/7.852330] [2155/0.690384]
  2   5 350, 0.720517 [0.191236/7.850407] [2205/0.690384]
Epoch 5 done. Evaluation:
(37840, 50000)
(5458, 10000)
  2   6  50, 0.700248 [0.198137/7.852634] [2296/0.690384]
  2   6 100, 0.682934 [0.173347/7.854278] [   0/0.682934]
  2   6 150, 0.702732 [0.193470/7.859258] [  50/0.682934]
  2   6 200, 0.724897 [0.207544/7.870230] [ 100/0.682934]
  2   6 250, 0.754044 [0.202543/7.865016] [ 150/0.682934]
  2   6 300, 0.733065 [0.229816/7.865166] [ 200/0.682934]
  2   6 350, 0.727546 [0.202302/7.868117] [ 250/0.682934]
Epoch 6 done. Evaluation:
(37796, 50000)
(5035, 10000)
  2   7  50, 0.679989 [0.191854/7.869423] [   0/0.679989]
  2   7 100, 0.726295 [0.185016/7.884578] [  50/0.679989]
  2   7 150, 0.718732 [0.166074/7.883707] [ 100/0.679989]
  2   7 200, 0.712440 [0.150000/7.883390] [ 150/0.679989]
  2   7 250, 0.705277 [0.177357/7.874567] [ 200/0.679989]
  2   7 300, 0.709370 [0.155873/7.872541] [ 250/0.679989]
  2   7 350, 0.718612 [0.173749/7.874010] [ 300/0.679989]
Epoch 7 done. Evaluation:
(37872, 50000)
(6615, 10000)
  2   8  50, 0.700697 [0.244779/7.877711] [ 391/0.679989]
  2   8 100, 0.690596 [0.179647/7.883303] [ 441/0.679989]
  2   8 150, 0.710014 [0.211745/7.881837] [ 491/0.679989]
  2   8 200, 0.710281 [0.162384/7.883540] [ 541/0.679989]
  2   8 250, 0.705670 [0.165238/7.884740] [ 591/0.679989]
  2   8 300, 0.704154 [0.190497/7.879917] [ 641/0.679989]
  2   8 350, 0.704498 [0.192098/7.876317] [ 691/0.679989]
Epoch 8 done. Evaluation:
(37930, 50000)
(6098, 10000)
  2   9  50, 0.704256 [0.205199/7.883464] [ 782/0.679989]
  2   9 100, 0.697541 [0.212433/7.885365] [ 832/0.679989]
  2   9 150, 0.708004 [0.187409/7.889100] [ 882/0.679989]
  2   9 200, 0.686455 [0.173947/7.884878] [ 932/0.679989]
  2   9 250, 0.733169 [0.210547/7.878422] [ 982/0.679989]
  2   9 300, 0.719995 [0.212282/7.877641] [1032/0.679989]
  2   9 350, 0.710000 [0.208921/7.881495] [1082/0.679989]
Epoch 9 done. Evaluation:
(37994, 50000)
(6248, 10000)
  2  10  50, 0.709252 [0.177785/7.880266] [1173/0.679989]
  2  10 100, 0.685284 [0.193659/7.886583] [1223/0.679989]
  2  10 150, 0.697839 [0.195392/7.886927] [1273/0.679989]
  2  10 200, 0.704834 [0.184131/7.899727] [1323/0.679989]
  2  10 250, 0.706550 [0.205183/7.897995] [1373/0.679989]
  2  10 300, 0.699916 [0.191289/7.897672] [1423/0.679989]
  2  10 350, 0.717174 [0.172365/7.894187] [1473/0.679989]
Epoch 10 done. Evaluation:
(37996, 50000)
(5689, 10000)
  2  11  50, 0.677135 [0.199086/7.894215] [   0/0.677135]
  2  11 100, 0.702782 [0.211077/7.894438] [  50/0.677135]
  2  11 150, 0.704363 [0.159601/7.899031] [ 100/0.677135]
  2  11 200, 0.717794 [0.251918/7.898397] [ 150/0.677135]
  2  11 250, 0.692436 [0.210622/7.892318] [ 200/0.677135]
  2  11 300, 0.717152 [0.206882/7.892417] [ 250/0.677135]
  2  11 350, 0.722684 [0.214937/7.886873] [ 300/0.677135]
Epoch 11 done. Evaluation:
(38011, 50000)
(3895, 10000)
  2  12  50, 0.687290 [0.191016/7.891975] [ 391/0.677135]
  2  12 100, 0.694442 [0.192614/7.893430] [ 441/0.677135]
  2  12 150, 0.717108 [0.189758/7.890070] [ 491/0.677135]
  2  12 200, 0.711458 [0.156139/7.891760] [ 541/0.677135]
  2  12 250, 0.713111 [0.208683/7.891989] [ 591/0.677135]
  2  12 300, 0.713729 [0.192342/7.886216] [ 641/0.677135]
  2  12 350, 0.694174 [0.189005/7.878724] [ 691/0.677135]
Epoch 12 done. Evaluation:
(37993, 50000)
(6897, 10000)
  2  13  50, 0.688423 [0.198968/7.883252] [ 782/0.677135]
  2  13 100, 0.712026 [0.185053/7.884855] [ 832/0.677135]
  2  13 150, 0.693862 [0.179759/7.884329] [ 882/0.677135]
  2  13 200, 0.672763 [0.213947/7.885067] [   0/0.672763]
  2  13 250, 0.710368 [0.203667/7.883798] [  50/0.672763]
  2  13 300, 0.711590 [0.216398/7.886365] [ 100/0.672763]
  2  13 350, 0.724568 [0.162067/7.888533] [ 150/0.672763]
Epoch 13 done. Evaluation:
(37986, 50000)
(6556, 10000)
  2  14  50, 0.663639 [0.156572/7.888206] [   0/0.663639]
  2  14 100, 0.679187 [0.184227/7.889166] [  50/0.663639]
  2  14 150, 0.711994 [0.185212/7.892823] [ 100/0.663639]
  2  14 200, 0.706156 [0.154540/7.897650] [ 150/0.663639]
  2  14 250, 0.714221 [0.181116/7.895115] [ 200/0.663639]
  2  14 300, 0.713994 [0.205861/7.906562] [ 250/0.663639]
  2  14 350, 0.720545 [0.186186/7.903260] [ 300/0.663639]
Epoch 14 done. Evaluation:
(38023, 50000)
(6101, 10000)
  2  15  50, 0.666581 [0.187090/7.898306] [ 391/0.663639]
  2  15 100, 0.714363 [0.192230/7.901749] [ 441/0.663639]
  2  15 150, 0.705046 [0.207911/7.903345] [ 491/0.663639]
  2  15 200, 0.688228 [0.222080/7.902195] [ 541/0.663639]
  2  15 250, 0.706214 [0.177136/7.899275] [ 591/0.663639]
  2  15 300, 0.719086 [0.229878/7.896405] [ 641/0.663639]
  2  15 350, 0.709546 [0.218865/7.893767] [ 691/0.663639]
Epoch 15 done. Evaluation:
(38075, 50000)
(6205, 10000)
  2  16  50, 0.665856 [0.153564/7.895375] [ 782/0.663639]
  2  16 100, 0.660122 [0.208007/7.895716] [   0/0.660122]
  2  16 150, 0.719994 [0.165788/7.901783] [  50/0.660122]
  2  16 200, 0.691667 [0.214101/7.896255] [ 100/0.660122]
  2  16 250, 0.731031 [0.186611/7.895515] [ 150/0.660122]
  2  16 300, 0.686164 [0.205969/7.899639] [ 200/0.660122]
  2  16 350, 0.704428 [0.159494/7.893637] [ 250/0.660122]
Epoch 16 done. Evaluation:
(38130, 50000)
(6170, 10000)
  2  17  50, 0.655784 [0.239026/7.897607] [   0/0.655784]
  2  17 100, 0.711220 [0.212260/7.894176] [  50/0.655784]
  2  17 150, 0.712014 [0.173736/7.897657] [ 100/0.655784]
  2  17 200, 0.704485 [0.210490/7.901039] [ 150/0.655784]
  2  17 250, 0.721274 [0.195344/7.900522] [ 200/0.655784]
  2  17 300, 0.700816 [0.173523/7.887942] [ 250/0.655784]
  2  17 350, 0.682786 [0.207952/7.883160] [ 300/0.655784]
Epoch 17 done. Evaluation:
(38180, 50000)
(4171, 10000)
  2  18  50, 0.705312 [0.222641/7.895346] [ 391/0.655784]
  2  18 100, 0.702366 [0.196452/7.892878] [ 441/0.655784]
  2  18 150, 0.694896 [0.184663/7.893428] [ 491/0.655784]
  2  18 200, 0.690437 [0.195898/7.885935] [ 541/0.655784]
  2  18 250, 0.721875 [0.175402/7.891219] [ 591/0.655784]
  2  18 300, 0.700684 [0.214379/7.896407] [ 641/0.655784]
  2  18 350, 0.701019 [0.200299/7.892935] [ 691/0.655784]
Epoch 18 done. Evaluation:
(38196, 50000)
(6366, 10000)
  2  19  50, 0.668501 [0.215893/7.895621] [ 782/0.655784]
  2  19 100, 0.702103 [0.190830/7.899741] [ 832/0.655784]
  2  19 150, 0.680511 [0.180922/7.903936] [ 882/0.655784]
  2  19 200, 0.713858 [0.187779/7.905115] [ 932/0.655784]
  2  19 250, 0.721417 [0.187266/7.906282] [ 982/0.655784]
  2  19 300, 0.709330 [0.194384/7.900321] [1032/0.655784]
  2  19 350, 0.687714 [0.159534/7.897466] [1082/0.655784]
Epoch 19 done. Evaluation:
(38143, 50000)
(5060, 10000)
  3   0  50, 0.583392 [0.072966/7.875580] [   0/0.583392]
  3   0 100, 0.550207 [0.078686/7.853499] [   0/0.550207]
  3   0 150, 0.555550 [0.120462/7.836970] [  50/0.550207]
  3   0 200, 0.555359 [0.089298/7.821330] [ 100/0.550207]
  3   0 250, 0.549188 [0.112095/7.810883] [   0/0.549188]
  3   0 300, 0.537491 [0.092666/7.802235] [   0/0.537491]
  3   0 350, 0.580725 [0.123285/7.794488] [  50/0.537491]
Epoch 0 done. Evaluation:
(40597, 50000)
(7293, 10000)
  3   1  50, 0.547276 [0.108898/7.788262] [ 141/0.537491]
  3   1 100, 0.543589 [0.106566/7.786266] [ 191/0.537491]
  3   1 150, 0.549922 [0.116329/7.788505] [ 241/0.537491]
  3   1 200, 0.561339 [0.116998/7.789242] [ 291/0.537491]
  3   1 250, 0.567678 [0.098718/7.787731] [ 341/0.537491]
  3   1 300, 0.564608 [0.123087/7.787987] [ 391/0.537491]
  3   1 350, 0.589817 [0.120185/7.788114] [ 441/0.537491]
Epoch 1 done. Evaluation:
(40564, 50000)
(6283, 10000)
  3   2  50, 0.537573 [0.120853/7.789667] [ 532/0.537491]
  3   2 100, 0.569292 [0.122704/7.791213] [ 582/0.537491]
  3   2 150, 0.566526 [0.115968/7.795645] [ 632/0.537491]
  3   2 200, 0.560902 [0.109144/7.796952] [ 682/0.537491]
  3   2 250, 0.591580 [0.157284/7.798137] [ 732/0.537491]
  3   2 300, 0.574051 [0.117815/7.800984] [ 782/0.537491]
  3   2 350, 0.568421 [0.107950/7.799746] [ 832/0.537491]
Epoch 2 done. Evaluation:
(40407, 50000)
(7032, 10000)
  3   3  50, 0.525278 [0.129477/7.805768] [   0/0.525278]
  3   3 100, 0.530880 [0.110957/7.808639] [  50/0.525278]
  3   3 150, 0.565097 [0.133991/7.811234] [ 100/0.525278]
  3   3 200, 0.585383 [0.120446/7.813779] [ 150/0.525278]
  3   3 250, 0.583712 [0.118746/7.816470] [ 200/0.525278]
  3   3 300, 0.562484 [0.109900/7.816616] [ 250/0.525278]
  3   3 350, 0.564572 [0.126806/7.816932] [ 300/0.525278]
Epoch 3 done. Evaluation:
(40440, 50000)
(7094, 10000)
  3   4  50, 0.551013 [0.160230/7.822788] [ 391/0.525278]
  3   4 100, 0.557578 [0.114967/7.824655] [ 441/0.525278]
  3   4 150, 0.549927 [0.125799/7.827499] [ 491/0.525278]
  3   4 200, 0.584876 [0.109688/7.830870] [ 541/0.525278]
  3   4 250, 0.575777 [0.110527/7.831020] [ 591/0.525278]
  3   4 300, 0.571302 [0.119430/7.830251] [ 641/0.525278]
  3   4 350, 0.572328 [0.110534/7.833022] [ 691/0.525278]
Epoch 4 done. Evaluation:
(40386, 50000)
(6404, 10000)
  3   5  50, 0.546202 [0.122602/7.838390] [ 782/0.525278]
  3   5 100, 0.538690 [0.125318/7.843590] [ 832/0.525278]
  3   5 150, 0.539968 [0.118838/7.847023] [ 882/0.525278]
  3   5 200, 0.557487 [0.118715/7.851582] [ 932/0.525278]
  3   5 250, 0.551433 [0.129595/7.850326] [ 982/0.525278]
  3   5 300, 0.557691 [0.143585/7.851438] [1032/0.525278]
  3   5 350, 0.582777 [0.112615/7.854076] [1082/0.525278]
Epoch 5 done. Evaluation:
(40548, 50000)
(7396, 10000)
  3   6  50, 0.534638 [0.126224/7.855336] [1173/0.525278]
  3   6 100, 0.556395 [0.136611/7.860221] [1223/0.525278]
  3   6 150, 0.573636 [0.175652/7.862501] [1273/0.525278]
  3   6 200, 0.557944 [0.110366/7.862983] [1323/0.525278]
  3   6 250, 0.560392 [0.125194/7.864559] [1373/0.525278]
  3   6 300, 0.566384 [0.114226/7.866111] [1423/0.525278]
  3   6 350, 0.554002 [0.142773/7.865703] [1473/0.525278]
Epoch 6 done. Evaluation:
(40461, 50000)
(6468, 10000)
  3   7  50, 0.512977 [0.130567/7.868524] [   0/0.512977]
  3   7 100, 0.537101 [0.129062/7.871430] [  50/0.512977]
  3   7 150, 0.560201 [0.124584/7.875549] [ 100/0.512977]
  3   7 200, 0.575395 [0.114663/7.876322] [ 150/0.512977]
  3   7 250, 0.552852 [0.093346/7.878119] [ 200/0.512977]
  3   7 300, 0.559677 [0.121294/7.880091] [ 250/0.512977]
  3   7 350, 0.542451 [0.122849/7.881402] [ 300/0.512977]
Epoch 7 done. Evaluation:
(40656, 50000)
(6481, 10000)
  3   8  50, 0.522213 [0.101606/7.884219] [ 391/0.512977]
  3   8 100, 0.545282 [0.111358/7.886830] [ 441/0.512977]
  3   8 150, 0.564460 [0.123517/7.890341] [ 491/0.512977]
  3   8 200, 0.568553 [0.114152/7.890783] [ 541/0.512977]
  3   8 250, 0.569586 [0.096071/7.888447] [ 591/0.512977]
  3   8 300, 0.558990 [0.116029/7.888759] [ 641/0.512977]
  3   8 350, 0.547786 [0.123476/7.889324] [ 691/0.512977]
Epoch 8 done. Evaluation:
(40562, 50000)
(6799, 10000)
  3   9  50, 0.530051 [0.111925/7.891586] [ 782/0.512977]
  3   9 100, 0.533861 [0.125689/7.892903] [ 832/0.512977]
  3   9 150, 0.529123 [0.137658/7.895214] [ 882/0.512977]
  3   9 200, 0.564300 [0.120117/7.899628] [ 932/0.512977]
  3   9 250, 0.562219 [0.148873/7.899681] [ 982/0.512977]
  3   9 300, 0.565364 [0.132809/7.899493] [1032/0.512977]
  3   9 350, 0.545808 [0.139348/7.899608] [1082/0.512977]
Epoch 9 done. Evaluation:
(40718, 50000)
(6993, 10000)
  3  10  50, 0.536771 [0.126464/7.900760] [1173/0.512977]
  3  10 100, 0.527160 [0.106597/7.903658] [1223/0.512977]
  3  10 150, 0.557564 [0.115928/7.903958] [1273/0.512977]
  3  10 200, 0.568632 [0.160070/7.903750] [1323/0.512977]
  3  10 250, 0.545536 [0.139129/7.904690] [1373/0.512977]
  3  10 300, 0.557414 [0.110083/7.905620] [1423/0.512977]
  3  10 350, 0.557849 [0.117580/7.905644] [1473/0.512977]
Epoch 10 done. Evaluation:
(40608, 50000)
(6529, 10000)
  3  11  50, 0.515714 [0.137511/7.907295] [1564/0.512977]
  3  11 100, 0.559303 [0.149268/7.910894] [1614/0.512977]
  3  11 150, 0.539016 [0.117764/7.913353] [1664/0.512977]
  3  11 200, 0.550538 [0.115178/7.913869] [1714/0.512977]
  3  11 250, 0.551687 [0.120295/7.915348] [1764/0.512977]
  3  11 300, 0.561626 [0.142331/7.915231] [1814/0.512977]
  3  11 350, 0.562232 [0.104606/7.911147] [1864/0.512977]
Epoch 11 done. Evaluation:
(40643, 50000)
(6427, 10000)
  3  12  50, 0.510063 [0.129824/7.913973] [   0/0.510063]
  3  12 100, 0.516910 [0.142854/7.916248] [  50/0.510063]
  3  12 150, 0.539755 [0.120994/7.914957] [ 100/0.510063]
  3  12 200, 0.548456 [0.114847/7.917055] [ 150/0.510063]
  3  12 250, 0.554564 [0.152941/7.922601] [ 200/0.510063]
  3  12 300, 0.577826 [0.145862/7.921862] [ 250/0.510063]
  3  12 350, 0.543968 [0.128108/7.920950] [ 300/0.510063]
Epoch 12 done. Evaluation:
(40752, 50000)
(6976, 10000)
  3  13  50, 0.530106 [0.145404/7.922136] [ 391/0.510063]
  3  13 100, 0.531134 [0.157168/7.923332] [ 441/0.510063]
  3  13 150, 0.560697 [0.124319/7.926084] [ 491/0.510063]
  3  13 200, 0.538234 [0.124137/7.926358] [ 541/0.510063]
  3  13 250, 0.548913 [0.125880/7.926442] [ 591/0.510063]
  3  13 300, 0.546059 [0.143801/7.927810] [ 641/0.510063]
  3  13 350, 0.547018 [0.120419/7.925103] [ 691/0.510063]
Epoch 13 done. Evaluation:
(40775, 50000)
(7146, 10000)
  3  14  50, 0.512693 [0.146531/7.929099] [ 782/0.510063]
  3  14 100, 0.555305 [0.122839/7.929855] [ 832/0.510063]
  3  14 150, 0.541904 [0.129940/7.930179] [ 882/0.510063]
  3  14 200, 0.543114 [0.138019/7.932492] [ 932/0.510063]
  3  14 250, 0.561408 [0.124138/7.933222] [ 982/0.510063]
  3  14 300, 0.536210 [0.149468/7.934734] [1032/0.510063]
  3  14 350, 0.529236 [0.134525/7.932457] [1082/0.510063]
Epoch 14 done. Evaluation:
(40785, 50000)
(5110, 10000)
  3  15  50, 0.499761 [0.105600/7.931969] [   0/0.499761]
  3  15 100, 0.520995 [0.121610/7.933173] [  50/0.499761]
  3  15 150, 0.548684 [0.137116/7.935052] [ 100/0.499761]
  3  15 200, 0.564362 [0.115519/7.935681] [ 150/0.499761]
  3  15 250, 0.560526 [0.110857/7.934965] [ 200/0.499761]
  3  15 300, 0.552977 [0.113572/7.933496] [ 250/0.499761]
  3  15 350, 0.542609 [0.134400/7.936948] [ 300/0.499761]
Epoch 15 done. Evaluation:
(40784, 50000)
(7239, 10000)
  3  16  50, 0.509316 [0.126658/7.935045] [ 391/0.499761]
  3  16 100, 0.502995 [0.122263/7.940841] [ 441/0.499761]
  3  16 150, 0.533463 [0.147687/7.942964] [ 491/0.499761]
  3  16 200, 0.538507 [0.128448/7.944249] [ 541/0.499761]
  3  16 250, 0.538872 [0.149068/7.944762] [ 591/0.499761]
  3  16 300, 0.548340 [0.140161/7.944328] [ 641/0.499761]
  3  16 350, 0.548412 [0.129627/7.941624] [ 691/0.499761]
Epoch 16 done. Evaluation:
(40884, 50000)
(6529, 10000)
  3  17  50, 0.510530 [0.136145/7.940259] [ 782/0.499761]
  3  17 100, 0.529193 [0.139185/7.942811] [ 832/0.499761]
  3  17 150, 0.524026 [0.121504/7.942881] [ 882/0.499761]
  3  17 200, 0.573674 [0.134071/7.944717] [ 932/0.499761]
  3  17 250, 0.539188 [0.140208/7.944294] [ 982/0.499761]
  3  17 300, 0.535816 [0.122147/7.943922] [1032/0.499761]
  3  17 350, 0.568236 [0.155871/7.945350] [1082/0.499761]
Epoch 17 done. Evaluation:
(40750, 50000)
(5969, 10000)
  3  18  50, 0.548685 [0.126837/7.946214] [1173/0.499761]
  3  18 100, 0.536039 [0.123540/7.946265] [1223/0.499761]
  3  18 150, 0.548929 [0.123091/7.946453] [1273/0.499761]
  3  18 200, 0.543737 [0.123871/7.946854] [1323/0.499761]
  3  18 250, 0.546739 [0.136479/7.943979] [1373/0.499761]
  3  18 300, 0.540970 [0.133174/7.946934] [1423/0.499761]
  3  18 350, 0.535382 [0.105248/7.946389] [1473/0.499761]
Epoch 18 done. Evaluation:
(40753, 50000)
(5726, 10000)
  3  19  50, 0.515750 [0.122981/7.944384] [1564/0.499761]
  3  19 100, 0.522282 [0.125036/7.945795] [1614/0.499761]
  3  19 150, 0.540219 [0.135625/7.945313] [1664/0.499761]
  3  19 200, 0.538440 [0.110384/7.945570] [1714/0.499761]
  3  19 250, 0.547384 [0.135623/7.947554] [1764/0.499761]
  3  19 300, 0.565070 [0.127686/7.948836] [1814/0.499761]
  3  19 350, 0.548727 [0.170311/7.946763] [1864/0.499761]
Epoch 19 done. Evaluation:
(40818, 50000)
(6621, 10000)
  4   0  50, 0.430547 [0.061601/7.934564] [   0/0.430547]
  4   0 100, 0.402231 [0.067245/7.924951] [   0/0.402231]
  4   0 150, 0.413959 [0.067927/7.916472] [  50/0.402231]
  4   0 200, 0.410962 [0.052207/7.908012] [ 100/0.402231]
  4   0 250, 0.403330 [0.058675/7.902029] [ 150/0.402231]
  4   0 300, 0.423521 [0.068574/7.895511] [ 200/0.402231]
  4   0 350, 0.435133 [0.069586/7.890075] [ 250/0.402231]
Epoch 0 done. Evaluation:
(43071, 50000)
(7921, 10000)
  4   1  50, 0.377330 [0.072567/7.883249] [   0/0.377330]
  4   1 100, 0.386777 [0.073742/7.880843] [  50/0.377330]
  4   1 150, 0.396794 [0.064496/7.879024] [ 100/0.377330]
  4   1 200, 0.402832 [0.082512/7.877672] [ 150/0.377330]
  4   1 250, 0.411567 [0.092996/7.877147] [ 200/0.377330]
  4   1 300, 0.445727 [0.068803/7.875429] [ 250/0.377330]
  4   1 350, 0.447209 [0.073108/7.872839] [ 300/0.377330]
Epoch 1 done. Evaluation:
(43098, 50000)
(7506, 10000)
  4   2  50, 0.375122 [0.081109/7.872844] [   0/0.375122]
  4   2 100, 0.383124 [0.070380/7.874447] [  50/0.375122]
  4   2 150, 0.399665 [0.061516/7.876992] [ 100/0.375122]
  4   2 200, 0.398603 [0.080970/7.878611] [ 150/0.375122]
  4   2 250, 0.437187 [0.072530/7.879541] [ 200/0.375122]
  4   2 300, 0.440327 [0.079564/7.879691] [ 250/0.375122]
  4   2 350, 0.431916 [0.078625/7.879195] [ 300/0.375122]
Epoch 2 done. Evaluation:
(43059, 50000)
(7927, 10000)
  4   3  50, 0.383522 [0.096355/7.881774] [ 391/0.375122]
  4   3 100, 0.398604 [0.056453/7.884730] [ 441/0.375122]
  4   3 150, 0.416745 [0.087372/7.886387] [ 491/0.375122]
  4   3 200, 0.417203 [0.089750/7.887801] [ 541/0.375122]
  4   3 250, 0.432102 [0.081133/7.889402] [ 591/0.375122]
  4   3 300, 0.416245 [0.085616/7.890733] [ 641/0.375122]
  4   3 350, 0.419203 [0.082355/7.890458] [ 691/0.375122]
Epoch 3 done. Evaluation:
(43022, 50000)
(7174, 10000)
  4   4  50, 0.366125 [0.087314/7.892184] [   0/0.366125]
  4   4 100, 0.408220 [0.077492/7.893628] [  50/0.366125]
  4   4 150, 0.435630 [0.082332/7.895486] [ 100/0.366125]
  4   4 200, 0.387139 [0.087730/7.897889] [ 150/0.366125]
  4   4 250, 0.428013 [0.088478/7.899472] [ 200/0.366125]
  4   4 300, 0.426658 [0.092235/7.901364] [ 250/0.366125]
  4   4 350, 0.420309 [0.080552/7.901412] [ 300/0.366125]
Epoch 4 done. Evaluation:
(43028, 50000)
(7361, 10000)
  4   5  50, 0.375984 [0.074274/7.902488] [ 391/0.366125]
  4   5 100, 0.379734 [0.073015/7.905465] [ 441/0.366125]
  4   5 150, 0.407219 [0.073273/7.907939] [ 491/0.366125]
  4   5 200, 0.403034 [0.097887/7.910325] [ 541/0.366125]
  4   5 250, 0.421259 [0.069350/7.911705] [ 591/0.366125]
  4   5 300, 0.440329 [0.097698/7.913225] [ 641/0.366125]
  4   5 350, 0.421102 [0.086832/7.911044] [ 691/0.366125]
Epoch 5 done. Evaluation:
(43142, 50000)
(7041, 10000)
  4   6  50, 0.380837 [0.084935/7.915621] [ 782/0.366125]
  4   6 100, 0.379971 [0.099396/7.916880] [ 832/0.366125]
  4   6 150, 0.387113 [0.080025/7.919343] [ 882/0.366125]
  4   6 200, 0.419934 [0.086846/7.921177] [ 932/0.366125]
  4   6 250, 0.426231 [0.093781/7.921473] [ 982/0.366125]
  4   6 300, 0.432670 [0.072906/7.921867] [1032/0.366125]
  4   6 350, 0.399814 [0.073335/7.923638] [1082/0.366125]
Epoch 6 done. Evaluation:
(43211, 50000)
(5723, 10000)
  4   7  50, 0.374722 [0.096849/7.927327] [1173/0.366125]
  4   7 100, 0.389454 [0.104079/7.930213] [1223/0.366125]
  4   7 150, 0.430976 [0.075139/7.931966] [1273/0.366125]
  4   7 200, 0.405631 [0.084512/7.933946] [1323/0.366125]
  4   7 250, 0.422288 [0.096685/7.935907] [1373/0.366125]
  4   7 300, 0.404231 [0.082794/7.937467] [1423/0.366125]
  4   7 350, 0.434729 [0.084576/7.937700] [1473/0.366125]
Epoch 7 done. Evaluation:
(43006, 50000)
(7666, 10000)
  4   8  50, 0.356392 [0.082008/7.940436] [   0/0.356392]
  4   8 100, 0.398145 [0.077116/7.941231] [  50/0.356392]
  4   8 150, 0.403332 [0.072922/7.944071] [ 100/0.356392]
  4   8 200, 0.412217 [0.091393/7.945599] [ 150/0.356392]
  4   8 250, 0.412305 [0.084575/7.947160] [ 200/0.356392]
  4   8 300, 0.421128 [0.093550/7.948171] [ 250/0.356392]
  4   8 350, 0.406973 [0.080300/7.950046] [ 300/0.356392]
Epoch 8 done. Evaluation:
(43167, 50000)
(7443, 10000)
  4   9  50, 0.390392 [0.072368/7.952999] [ 391/0.356392]
  4   9 100, 0.388647 [0.089467/7.954309] [ 441/0.356392]
  4   9 150, 0.400501 [0.086404/7.956263] [ 491/0.356392]
  4   9 200, 0.398694 [0.094341/7.958299] [ 541/0.356392]
  4   9 250, 0.416939 [0.094197/7.961130] [ 591/0.356392]
  4   9 300, 0.406023 [0.085370/7.961134] [ 641/0.356392]
  4   9 350, 0.431037 [0.081791/7.961465] [ 691/0.356392]
Epoch 9 done. Evaluation:
(43147, 50000)
(5900, 10000)
  4  10  50, 0.379160 [0.081693/7.964239] [ 782/0.356392]
  4  10 100, 0.379988 [0.086555/7.966067] [ 832/0.356392]
  4  10 150, 0.374910 [0.075419/7.966815] [ 882/0.356392]
  4  10 200, 0.403187 [0.083130/7.968301] [ 932/0.356392]
  4  10 250, 0.397083 [0.097378/7.970548] [ 982/0.356392]
  4  10 300, 0.429273 [0.087568/7.972033] [1032/0.356392]
  4  10 350, 0.411635 [0.075071/7.974779] [1082/0.356392]
Epoch 10 done. Evaluation:
(43297, 50000)
(7599, 10000)
  4  11  50, 0.378887 [0.087392/7.975682] [1173/0.356392]
  4  11 100, 0.391624 [0.090842/7.976961] [1223/0.356392]
  4  11 150, 0.380235 [0.076888/7.979810] [1273/0.356392]
  4  11 200, 0.394120 [0.069704/7.980290] [1323/0.356392]
  4  11 250, 0.417910 [0.103492/7.981554] [1373/0.356392]
  4  11 300, 0.428763 [0.100297/7.980615] [1423/0.356392]
  4  11 350, 0.396267 [0.068663/7.981603] [1473/0.356392]
Epoch 11 done. Evaluation:
(43154, 50000)
(7749, 10000)
  4  12  50, 0.365161 [0.078677/7.983985] [1564/0.356392]
  4  12 100, 0.381839 [0.082786/7.985680] [1614/0.356392]
  4  12 150, 0.400370 [0.068333/7.985306] [1664/0.356392]
  4  12 200, 0.398558 [0.062410/7.988058] [1714/0.356392]
  4  12 250, 0.388991 [0.074368/7.988346] [1764/0.356392]
  4  12 300, 0.413090 [0.089111/7.989123] [1814/0.356392]
  4  12 350, 0.410673 [0.092106/7.989144] [1864/0.356392]
Epoch 12 done. Evaluation:
(43354, 50000)
(7952, 10000)
  4  13  50, 0.364314 [0.081693/7.989706] [1955/0.356392]
  4  13 100, 0.398543 [0.088599/7.992082] [2005/0.356392]
  4  13 150, 0.388552 [0.073248/7.994670] [2055/0.356392]
  4  13 200, 0.399155 [0.099362/7.996472] [2105/0.356392]
  4  13 250, 0.419076 [0.067761/7.996931] [2155/0.356392]
  4  13 300, 0.430539 [0.090445/7.995878] [2205/0.356392]
  4  13 350, 0.404330 [0.071411/7.996397] [2255/0.356392]
Epoch 13 done. Evaluation:
(43241, 50000)
(7143, 10000)
  4  14  50, 0.350850 [0.106004/7.998150] [   0/0.350850]
  4  14 100, 0.382660 [0.090353/8.001315] [  50/0.350850]
  4  14 150, 0.391093 [0.084350/8.002899] [ 100/0.350850]
  4  14 200, 0.390325 [0.082203/8.004610] [ 150/0.350850]
  4  14 250, 0.418697 [0.085729/8.005078] [ 200/0.350850]
  4  14 300, 0.408313 [0.088171/8.005133] [ 250/0.350850]
  4  14 350, 0.412687 [0.097982/8.006790] [ 300/0.350850]
Epoch 14 done. Evaluation:
(43250, 50000)
(6502, 10000)
  4  15  50, 0.363612 [0.091253/8.007701] [ 391/0.350850]
  4  15 100, 0.364880 [0.098494/8.010780] [ 441/0.350850]
  4  15 150, 0.384882 [0.071912/8.011943] [ 491/0.350850]
  4  15 200, 0.380574 [0.071542/8.011879] [ 541/0.350850]
  4  15 250, 0.411186 [0.087703/8.014358] [ 591/0.350850]
  4  15 300, 0.425726 [0.062257/8.014378] [ 641/0.350850]
  4  15 350, 0.398122 [0.072274/8.014953] [ 691/0.350850]
Epoch 15 done. Evaluation:
(43304, 50000)
(7778, 10000)
  4  16  50, 0.379587 [0.076946/8.014735] [ 782/0.350850]
  4  16 100, 0.365115 [0.112524/8.015661] [ 832/0.350850]
  4  16 150, 0.416672 [0.076538/8.016799] [ 882/0.350850]
  4  16 200, 0.381334 [0.093138/8.018257] [ 932/0.350850]
  4  16 250, 0.402683 [0.081996/8.019279] [ 982/0.350850]
  4  16 300, 0.397600 [0.072746/8.020428] [1032/0.350850]
  4  16 350, 0.396141 [0.071016/8.021379] [1082/0.350850]
Epoch 16 done. Evaluation:
(43346, 50000)
(7557, 10000)
  4  17  50, 0.356738 [0.087644/8.022766] [1173/0.350850]
  4  17 100, 0.384000 [0.092464/8.025235] [1223/0.350850]
  4  17 150, 0.403856 [0.096000/8.025798] [1273/0.350850]
  4  17 200, 0.400311 [0.064179/8.028979] [1323/0.350850]
  4  17 250, 0.421903 [0.073616/8.029364] [1373/0.350850]
  4  17 300, 0.383460 [0.101778/8.029886] [1423/0.350850]
  4  17 350, 0.403604 [0.083775/8.031028] [1473/0.350850]
Epoch 17 done. Evaluation:
(43268, 50000)
(7763, 10000)
  4  18  50, 0.361331 [0.087445/8.030694] [1564/0.350850]
  4  18 100, 0.361304 [0.088622/8.031529] [1614/0.350850]
  4  18 150, 0.385332 [0.083521/8.031416] [1664/0.350850]
  4  18 200, 0.368965 [0.072582/8.031481] [1714/0.350850]
  4  18 250, 0.419895 [0.106158/8.032426] [1764/0.350850]
  4  18 300, 0.417099 [0.093551/8.033359] [1814/0.350850]
  4  18 350, 0.397151 [0.076803/8.033807] [1864/0.350850]
Epoch 18 done. Evaluation:
(43465, 50000)
(6311, 10000)
  4  19  50, 0.368334 [0.092500/8.033626] [1955/0.350850]
  4  19 100, 0.349084 [0.073688/8.034661] [   0/0.349084]
  4  19 150, 0.383972 [0.077321/8.036133] [  50/0.349084]
  4  19 200, 0.372784 [0.078159/8.035745] [ 100/0.349084]
  4  19 250, 0.401942 [0.081703/8.035804] [ 150/0.349084]
  4  19 300, 0.419225 [0.078137/8.036911] [ 200/0.349084]
  4  19 350, 0.407294 [0.077719/8.037120] [ 250/0.349084]
Epoch 19 done. Evaluation:
(43354, 50000)
(7481, 10000)
  5   0  50, 0.314047 [0.035824/8.032374] [   0/0.314047]
  5   0 100, 0.278064 [0.046626/8.028561] [   0/0.278064]
  5   0 150, 0.259736 [0.035035/8.024675] [   0/0.259736]
  5   0 200, 0.272910 [0.042743/8.021237] [  50/0.259736]
  5   0 250, 0.285698 [0.040733/8.017374] [ 100/0.259736]
  5   0 300, 0.282549 [0.044473/8.013542] [ 150/0.259736]
  5   0 350, 0.280371 [0.044007/8.010290] [ 200/0.259736]
Epoch 0 done. Evaluation:
(45453, 50000)
(8036, 10000)
  5   1  50, 0.224829 [0.051194/8.006587] [   0/0.224829]
  5   1 100, 0.239397 [0.037536/8.004730] [  50/0.224829]
  5   1 150, 0.235983 [0.043507/8.003464] [ 100/0.224829]
  5   1 200, 0.252800 [0.049565/8.001754] [ 150/0.224829]
  5   1 250, 0.252421 [0.047443/8.000284] [ 200/0.224829]
  5   1 300, 0.263413 [0.041652/7.998518] [ 250/0.224829]
  5   1 350, 0.274471 [0.050113/7.997369] [ 300/0.224829]
Epoch 1 done. Evaluation:
(46016, 50000)
(8331, 10000)
  5   2  50, 0.209692 [0.038716/7.995747] [   0/0.209692]
  5   2 100, 0.220714 [0.035355/7.996014] [  50/0.209692]
  5   2 150, 0.246339 [0.054872/7.995784] [ 100/0.209692]
  5   2 200, 0.258668 [0.068104/7.996260] [ 150/0.209692]
  5   2 250, 0.255856 [0.055577/7.996319] [ 200/0.209692]
  5   2 300, 0.244882 [0.057141/7.996712] [ 250/0.209692]
  5   2 350, 0.275752 [0.053455/7.996461] [ 300/0.209692]
Epoch 2 done. Evaluation:
(46010, 50000)
(7640, 10000)
  5   3  50, 0.227207 [0.048201/7.996835] [ 391/0.209692]
  5   3 100, 0.230907 [0.037184/7.997112] [ 441/0.209692]
  5   3 150, 0.251308 [0.052557/7.997698] [ 491/0.209692]
  5   3 200, 0.257958 [0.066210/7.997864] [ 541/0.209692]
  5   3 250, 0.250751 [0.058215/7.998296] [ 591/0.209692]
  5   3 300, 0.272373 [0.050375/7.998758] [ 641/0.209692]
  5   3 350, 0.288310 [0.046457/7.999165] [ 691/0.209692]
Epoch 3 done. Evaluation:
(45777, 50000)
(8070, 10000)
  5   4  50, 0.233339 [0.055089/8.000556] [ 782/0.209692]
  5   4 100, 0.251539 [0.046578/8.001918] [ 832/0.209692]
  5   4 150, 0.241015 [0.058069/8.002147] [ 882/0.209692]
  5   4 200, 0.266114 [0.058209/8.002911] [ 932/0.209692]
  5   4 250, 0.270663 [0.058683/8.003742] [ 982/0.209692]
  5   4 300, 0.266352 [0.075212/8.003812] [1032/0.209692]
  5   4 350, 0.268792 [0.064124/8.004655] [1082/0.209692]
Epoch 4 done. Evaluation:
(45725, 50000)
(8125, 10000)
  5   5  50, 0.239251 [0.042343/8.006368] [1173/0.209692]
  5   5 100, 0.225282 [0.057968/8.008519] [1223/0.209692]
  5   5 150, 0.241888 [0.062994/8.009563] [1273/0.209692]
  5   5 200, 0.256959 [0.061082/8.010968] [1323/0.209692]
  5   5 250, 0.277661 [0.046159/8.011652] [1373/0.209692]
  5   5 300, 0.261320 [0.044889/8.012054] [1423/0.209692]
  5   5 350, 0.275672 [0.071099/8.012970] [1473/0.209692]
Epoch 5 done. Evaluation:
(45740, 50000)
(7974, 10000)
  5   6  50, 0.223333 [0.032561/8.014006] [1564/0.209692]
  5   6 100, 0.239222 [0.048873/8.014727] [1614/0.209692]
  5   6 150, 0.251602 [0.056620/8.016590] [1664/0.209692]
  5   6 200, 0.269765 [0.050852/8.017004] [1714/0.209692]
  5   6 250, 0.266455 [0.059510/8.018046] [1764/0.209692]
  5   6 300, 0.271557 [0.061353/8.018465] [1814/0.209692]
  5   6 350, 0.256944 [0.050542/8.019239] [1864/0.209692]
Epoch 6 done. Evaluation:
(45759, 50000)
(8304, 10000)
  5   7  50, 0.220056 [0.056826/8.020278] [1955/0.209692]
  5   7 100, 0.235266 [0.040576/8.020554] [2005/0.209692]
  5   7 150, 0.242971 [0.064442/8.022382] [2055/0.209692]
  5   7 200, 0.258344 [0.043580/8.024043] [2105/0.209692]
  5   7 250, 0.259890 [0.052188/8.024970] [2155/0.209692]
  5   7 300, 0.291414 [0.059379/8.026017] [2205/0.209692]
  5   7 350, 0.284799 [0.064941/8.026924] [2255/0.209692]
Epoch 7 done. Evaluation:
(45727, 50000)
(7404, 10000)
  5   8  50, 0.226652 [0.063024/8.029674] [2346/0.209692]
  5   8 100, 0.237423 [0.059619/8.031279] [2396/0.209692]
  5   8 150, 0.255387 [0.061667/8.032047] [2446/0.209692]
  5   8 200, 0.255905 [0.065184/8.032706] [2496/0.209692]
  5   8 250, 0.250297 [0.058695/8.033520] [2546/0.209692]
  5   8 300, 0.270143 [0.064251/8.033922] [2596/0.209692]
  5   8 350, 0.282172 [0.063803/8.034543] [2646/0.209692]
Epoch 8 done. Evaluation:
(45794, 50000)
(8054, 10000)
  5   9  50, 0.232245 [0.068298/8.036377] [2737/0.209692]
  5   9 100, 0.244464 [0.071234/8.037335] [2787/0.209692]
  5   9 150, 0.244165 [0.074500/8.038644] [2837/0.209692]
  5   9 200, 0.233554 [0.063203/8.039145] [2887/0.209692]
  5   9 250, 0.266342 [0.052901/8.040751] [2937/0.209692]
  5   9 300, 0.271724 [0.049904/8.041117] [2987/0.209692]
  5   9 350, 0.279957 [0.055798/8.042436] [3037/0.209692]
Epoch 9 done. Evaluation:
(45771, 50000)
(8176, 10000)
  5  10  50, 0.219265 [0.047767/8.043671] [3128/0.209692]
  5  10 100, 0.229740 [0.080893/8.044874] [3178/0.209692]
  5  10 150, 0.252551 [0.053029/8.046570] [3228/0.209692]
  5  10 200, 0.257523 [0.052624/8.048314] [3278/0.209692]
  5  10 250, 0.267949 [0.049061/8.048852] [3328/0.209692]
  5  10 300, 0.260599 [0.056349/8.050045] [3378/0.209692]
  5  10 350, 0.280422 [0.060992/8.050501] [3428/0.209692]
Epoch 10 done. Evaluation:
(45725, 50000)
(7153, 10000)
  5  11  50, 0.230967 [0.046768/8.051831] [3519/0.209692]
  5  11 100, 0.246989 [0.063998/8.052374] [3569/0.209692]
  5  11 150, 0.240321 [0.062086/8.052638] [3619/0.209692]
  5  11 200, 0.268675 [0.060572/8.054808] [3669/0.209692]
  5  11 250, 0.255631 [0.054331/8.055839] [3719/0.209692]
  5  11 300, 0.253282 [0.057780/8.056641] [3769/0.209692]
  5  11 350, 0.264814 [0.043484/8.057501] [3819/0.209692]
Epoch 11 done. Evaluation:
(45873, 50000)
(7642, 10000)
  5  12  50, 0.241011 [0.064775/8.059117] [3910/0.209692]
  5  12 100, 0.243183 [0.074558/8.060773] [3960/0.209692]
  5  12 150, 0.246563 [0.058529/8.062018] [4010/0.209692]
  5  12 200, 0.242601 [0.039607/8.062912] [4060/0.209692]
  5  12 250, 0.240953 [0.053332/8.063407] [4110/0.209692]
  5  12 300, 0.261091 [0.058343/8.065073] [4160/0.209692]
  5  12 350, 0.263930 [0.068806/8.066222] [4210/0.209692]
Epoch 12 done. Evaluation:
(45791, 50000)
(7699, 10000)
  5  13  50, 0.216628 [0.066048/8.067409] [4301/0.209692]
  5  13 100, 0.235363 [0.059142/8.068368] [4351/0.209692]
  5  13 150, 0.251629 [0.061173/8.069424] [4401/0.209692]
  5  13 200, 0.256471 [0.067005/8.070491] [4451/0.209692]
  5  13 250, 0.272717 [0.071078/8.070808] [4501/0.209692]
  5  13 300, 0.272130 [0.061127/8.072025] [4551/0.209692]
  5  13 350, 0.278523 [0.056025/8.072850] [4601/0.209692]
Epoch 13 done. Evaluation:
(45754, 50000)
(7856, 10000)
  5  14  50, 0.228920 [0.059334/8.074475] [4692/0.209692]
  5  14 100, 0.216878 [0.054602/8.075175] [4742/0.209692]
  5  14 150, 0.240339 [0.054437/8.076525] [4792/0.209692]
  5  14 200, 0.243977 [0.065443/8.077566] [4842/0.209692]
  5  14 250, 0.270796 [0.054007/8.079288] [4892/0.209692]
  5  14 300, 0.256658 [0.069078/8.080408] [4942/0.209692]
  5  14 350, 0.268175 [0.044918/8.080522] [4992/0.209692]
Epoch 14 done. Evaluation:
(45787, 50000)
(7521, 10000)
  5  15  50, 0.224930 [0.070591/8.081964] [5083/0.209692]
  5  15 100, 0.225172 [0.050840/8.082535] [5133/0.209692]
  5  15 150, 0.235650 [0.048319/8.083100] [5183/0.209692]
  5  15 200, 0.253574 [0.051989/8.083768] [5233/0.209692]
  5  15 250, 0.243089 [0.058361/8.084014] [5283/0.209692]
  5  15 300, 0.264230 [0.062071/8.084900] [5333/0.209692]
  5  15 350, 0.263358 [0.055342/8.086036] [5383/0.209692]
Epoch 15 done. Evaluation:
(45979, 50000)
(7809, 10000)
  5  16  50, 0.226359 [0.050643/8.086802] [5474/0.209692]
  5  16 100, 0.220209 [0.056280/8.087715] [5524/0.209692]
  5  16 150, 0.234825 [0.065186/8.089024] [5574/0.209692]
  5  16 200, 0.244593 [0.061791/8.090908] [5624/0.209692]
  5  16 250, 0.277549 [0.063980/8.091386] [5674/0.209692]
  5  16 300, 0.263069 [0.054849/8.092059] [5724/0.209692]
  5  16 350, 0.241539 [0.050043/8.092199] [5774/0.209692]
Epoch 16 done. Evaluation:
(45941, 50000)
(7625, 10000)
  5  17  50, 0.217714 [0.034328/8.093149] [5865/0.209692]
  5  17 100, 0.226061 [0.046221/8.093865] [5915/0.209692]
  5  17 150, 0.248380 [0.046480/8.095467] [5965/0.209692]
  5  17 200, 0.248831 [0.061668/8.096321] [6015/0.209692]
  5  17 250, 0.258598 [0.076435/8.097833] [6065/0.209692]
  5  17 300, 0.254319 [0.041457/8.098361] [6115/0.209692]
  5  17 350, 0.289868 [0.062970/8.098431] [6165/0.209692]
Epoch 17 done. Evaluation:
(45771, 50000)
(7966, 10000)
  5  18  50, 0.210010 [0.054011/8.098913] [6256/0.209692]
  5  18 100, 0.233673 [0.044663/8.099933] [6306/0.209692]
  5  18 150, 0.247101 [0.049835/8.100173] [6356/0.209692]
  5  18 200, 0.250370 [0.055261/8.101273] [6406/0.209692]
  5  18 250, 0.243773 [0.053115/8.101980] [6456/0.209692]
  5  18 300, 0.243846 [0.048439/8.102628] [6506/0.209692]
  5  18 350, 0.251353 [0.057724/8.103141] [6556/0.209692]
Epoch 18 done. Evaluation:
(45955, 50000)
(7797, 10000)
  5  19  50, 0.212879 [0.050565/8.103637] [6647/0.209692]
  5  19 100, 0.231814 [0.076821/8.105096] [6697/0.209692]
  5  19 150, 0.227345 [0.063724/8.105707] [6747/0.209692]
  5  19 200, 0.240789 [0.059752/8.106244] [6797/0.209692]
  5  19 250, 0.246592 [0.061028/8.107744] [6847/0.209692]
  5  19 300, 0.248840 [0.047627/8.108828] [6897/0.209692]
  5  19 350, 0.246234 [0.067698/8.109293] [6947/0.209692]
Epoch 19 done. Evaluation:
(45995, 50000)
(7535, 10000)
  6   0  50, 0.184210 [0.020281/8.108356] [   0/0.184210]
  6   0 100, 0.159516 [0.038311/8.105994] [   0/0.159516]
  6   0 150, 0.148460 [0.018732/8.103884] [   0/0.148460]
  6   0 200, 0.143960 [0.018057/8.101814] [   0/0.143960]
  6   0 250, 0.144226 [0.024314/8.100014] [  50/0.143960]
  6   0 300, 0.139012 [0.025064/8.098221] [   0/0.139012]
  6   0 350, 0.142820 [0.022787/8.096712] [  50/0.139012]
Epoch 0 done. Evaluation:
(47785, 50000)
(8425, 10000)
  6   1  50, 0.108281 [0.020772/8.093383] [   0/0.108281]
  6   1 100, 0.110725 [0.018822/8.091749] [  50/0.108281]
  6   1 150, 0.112235 [0.021404/8.090175] [ 100/0.108281]
  6   1 200, 0.113944 [0.015953/8.088651] [ 150/0.108281]
  6   1 250, 0.116839 [0.017984/8.087060] [ 200/0.108281]
  6   1 300, 0.112101 [0.029984/8.085656] [ 250/0.108281]
  6   1 350, 0.113878 [0.034009/8.084435] [ 300/0.108281]
Epoch 1 done. Evaluation:
(48448, 50000)
(8519, 10000)
  6   2  50, 0.092361 [0.021813/8.081774] [   0/0.092361]
  6   2 100, 0.092832 [0.018588/8.080296] [  50/0.092361]
  6   2 150, 0.094670 [0.022609/8.078916] [ 100/0.092361]
  6   2 200, 0.099405 [0.025392/8.077673] [ 150/0.092361]
  6   2 250, 0.095028 [0.022083/8.076502] [ 200/0.092361]
  6   2 300, 0.117822 [0.026071/8.075497] [ 250/0.092361]
  6   2 350, 0.113168 [0.023620/8.074569] [ 300/0.092361]
Epoch 2 done. Evaluation:
(48597, 50000)
(8335, 10000)
  6   3  50, 0.091550 [0.016881/8.073073] [   0/0.091550]
  6   3 100, 0.089666 [0.020822/8.071930] [   0/0.089666]
  6   3 150, 0.093742 [0.017457/8.070755] [  50/0.089666]
  6   3 200, 0.095549 [0.018850/8.070079] [ 100/0.089666]
  6   3 250, 0.096648 [0.023185/8.069415] [ 150/0.089666]
  6   3 300, 0.104008 [0.022302/8.068884] [ 200/0.089666]
  6   3 350, 0.104188 [0.017068/8.068125] [ 250/0.089666]
Epoch 3 done. Evaluation:
(48700, 50000)
(8308, 10000)
  6   4  50, 0.086705 [0.024416/8.066488] [   0/0.086705]
  6   4 100, 0.081047 [0.020837/8.065337] [   0/0.081047]
  6   4 150, 0.087784 [0.023822/8.064479] [  50/0.081047]
  6   4 200, 0.093353 [0.019687/8.063694] [ 100/0.081047]
  6   4 250, 0.097151 [0.020687/8.062836] [ 150/0.081047]
  6   4 300, 0.093851 [0.033582/8.062319] [ 200/0.081047]
  6   4 350, 0.107218 [0.028094/8.062032] [ 250/0.081047]
Epoch 4 done. Evaluation:
(48749, 50000)
(8184, 10000)
  6   5  50, 0.088509 [0.024729/8.061100] [ 341/0.081047]
  6   5 100, 0.094092 [0.021994/8.060651] [ 391/0.081047]
  6   5 150, 0.089626 [0.023252/8.059975] [ 441/0.081047]
  6   5 200, 0.103172 [0.030094/8.059963] [ 491/0.081047]
  6   5 250, 0.104349 [0.024001/8.059840] [ 541/0.081047]
  6   5 300, 0.104349 [0.028281/8.059977] [ 591/0.081047]
  6   5 350, 0.115565 [0.027848/8.060392] [ 641/0.081047]
Epoch 5 done. Evaluation:
(48570, 50000)
(8228, 10000)
  6   6  50, 0.092186 [0.039314/8.060040] [ 732/0.081047]
  6   6 100, 0.099199 [0.030688/8.059679] [ 782/0.081047]
  6   6 150, 0.107701 [0.024373/8.059908] [ 832/0.081047]
  6   6 200, 0.107087 [0.022903/8.060021] [ 882/0.081047]
  6   6 250, 0.105741 [0.037010/8.060021] [ 932/0.081047]
  6   6 300, 0.123908 [0.039247/8.059976] [ 982/0.081047]
  6   6 350, 0.124450 [0.029245/8.060360] [1032/0.081047]
Epoch 6 done. Evaluation:
(48389, 50000)
(8447, 10000)
  6   7  50, 0.102406 [0.024779/8.060364] [1123/0.081047]
  6   7 100, 0.093433 [0.039792/8.060362] [1173/0.081047]
  6   7 150, 0.114183 [0.042643/8.060257] [1223/0.081047]
  6   7 200, 0.118367 [0.047667/8.060917] [1273/0.081047]
  6   7 250, 0.131268 [0.029684/8.061614] [1323/0.081047]
  6   7 300, 0.122015 [0.023652/8.061700] [1373/0.081047]
  6   7 350, 0.120443 [0.029784/8.061990] [1423/0.081047]
Epoch 7 done. Evaluation:
(48242, 50000)
(7794, 10000)
  6   8  50, 0.103922 [0.023410/8.063234] [1514/0.081047]
  6   8 100, 0.100624 [0.026063/8.063111] [1564/0.081047]
  6   8 150, 0.111684 [0.036997/8.063214] [1614/0.081047]
  6   8 200, 0.122497 [0.036732/8.063576] [1664/0.081047]
  6   8 250, 0.113787 [0.026849/8.064268] [1714/0.081047]
  6   8 300, 0.133257 [0.043812/8.064899] [1764/0.081047]
  6   8 350, 0.128270 [0.037029/8.065522] [1814/0.081047]
Epoch 8 done. Evaluation:
(48198, 50000)
(8262, 10000)
  6   9  50, 0.107568 [0.029281/8.066499] [1905/0.081047]
  6   9 100, 0.102369 [0.022419/8.065872] [1955/0.081047]
  6   9 150, 0.113503 [0.037326/8.066205] [2005/0.081047]
  6   9 200, 0.121986 [0.023916/8.066794] [2055/0.081047]
  6   9 250, 0.129571 [0.025809/8.067163] [2105/0.081047]
  6   9 300, 0.139894 [0.034560/8.067615] [2155/0.081047]
  6   9 350, 0.142645 [0.039102/8.068537] [2205/0.081047]
Epoch 9 done. Evaluation:
(48048, 50000)
(7705, 10000)
  6  10  50, 0.109501 [0.033001/8.069108] [2296/0.081047]
  6  10 100, 0.114044 [0.038822/8.069131] [2346/0.081047]
  6  10 150, 0.111791 [0.026761/8.069456] [2396/0.081047]
  6  10 200, 0.120010 [0.032648/8.069569] [2446/0.081047]
  6  10 250, 0.126944 [0.032677/8.070542] [2496/0.081047]
  6  10 300, 0.142704 [0.032881/8.071034] [2546/0.081047]
  6  10 350, 0.137193 [0.021648/8.071507] [2596/0.081047]
Epoch 10 done. Evaluation:
(48040, 50000)
(8192, 10000)
  6  11  50, 0.123044 [0.022493/8.072519] [2687/0.081047]
  6  11 100, 0.115261 [0.020504/8.072369] [2737/0.081047]
  6  11 150, 0.135784 [0.041489/8.072931] [2787/0.081047]
  6  11 200, 0.125080 [0.037085/8.073191] [2837/0.081047]
  6  11 250, 0.126974 [0.045084/8.073665] [2887/0.081047]
  6  11 300, 0.150001 [0.037800/8.073793] [2937/0.081047]
  6  11 350, 0.154487 [0.031102/8.073998] [2987/0.081047]
Epoch 11 done. Evaluation:
(47886, 50000)
(8158, 10000)
  6  12  50, 0.113863 [0.043817/8.074819] [3078/0.081047]
  6  12 100, 0.118543 [0.044789/8.075271] [3128/0.081047]
  6  12 150, 0.133317 [0.026606/8.074980] [3178/0.081047]
  6  12 200, 0.124493 [0.019817/8.075459] [3228/0.081047]
  6  12 250, 0.117788 [0.037106/8.075477] [3278/0.081047]
  6  12 300, 0.143693 [0.038854/8.075995] [3328/0.081047]
  6  12 350, 0.131360 [0.049948/8.076745] [3378/0.081047]
Epoch 12 done. Evaluation:
(47963, 50000)
(8252, 10000)
  6  13  50, 0.106776 [0.042242/8.077126] [3469/0.081047]
  6  13 100, 0.122418 [0.031782/8.077045] [3519/0.081047]
  6  13 150, 0.125711 [0.029898/8.077306] [3569/0.081047]
  6  13 200, 0.110006 [0.038613/8.077344] [3619/0.081047]
  6  13 250, 0.127861 [0.024813/8.077774] [3669/0.081047]
  6  13 300, 0.123850 [0.017719/8.078271] [3719/0.081047]
  6  13 350, 0.136575 [0.047804/8.078729] [3769/0.081047]
Epoch 13 done. Evaluation:
(48053, 50000)
(7758, 10000)
  6  14  50, 0.131172 [0.042478/8.079513] [3860/0.081047]
  6  14 100, 0.111701 [0.031277/8.079347] [3910/0.081047]
  6  14 150, 0.118946 [0.035286/8.079873] [3960/0.081047]
  6  14 200, 0.128745 [0.040780/8.080101] [4010/0.081047]
  6  14 250, 0.129751 [0.040104/8.080842] [4060/0.081047]
  6  14 300, 0.130027 [0.029716/8.081672] [4110/0.081047]
  6  14 350, 0.145208 [0.021207/8.081970] [4160/0.081047]
Epoch 14 done. Evaluation:
(47957, 50000)
(7900, 10000)
  6  15  50, 0.112076 [0.039958/8.082402] [4251/0.081047]
  6  15 100, 0.107450 [0.030356/8.082617] [4301/0.081047]
  6  15 150, 0.107471 [0.034828/8.082547] [4351/0.081047]
  6  15 200, 0.116583 [0.040293/8.083297] [4401/0.081047]
  6  15 250, 0.140514 [0.039525/8.083994] [4451/0.081047]
  6  15 300, 0.129672 [0.035154/8.084630] [4501/0.081047]
  6  15 350, 0.160945 [0.040808/8.085471] [4551/0.081047]
Epoch 15 done. Evaluation:
(47984, 50000)
(8011, 10000)
  6  16  50, 0.112658 [0.027786/8.085780] [4642/0.081047]
  6  16 100, 0.117030 [0.041062/8.085647] [4692/0.081047]
  6  16 150, 0.117404 [0.029768/8.085595] [4742/0.081047]
  6  16 200, 0.117400 [0.034175/8.085766] [4792/0.081047]
  6  16 250, 0.119713 [0.028643/8.086048] [4842/0.081047]
  6  16 300, 0.131405 [0.045569/8.086399] [4892/0.081047]
  6  16 350, 0.135670 [0.034246/8.086750] [4942/0.081047]
Epoch 16 done. Evaluation:
(48071, 50000)
(8177, 10000)
  6  17  50, 0.102947 [0.021669/8.087069] [5033/0.081047]
  6  17 100, 0.105922 [0.020971/8.087203] [5083/0.081047]
  6  17 150, 0.102548 [0.027512/8.087090] [5133/0.081047]
  6  17 200, 0.121985 [0.030922/8.087439] [5183/0.081047]
  6  17 250, 0.131232 [0.029833/8.087948] [5233/0.081047]
  6  17 300, 0.125604 [0.036419/8.088770] [5283/0.081047]
  6  17 350, 0.136708 [0.024714/8.089371] [5333/0.081047]
Epoch 17 done. Evaluation:
(48123, 50000)
(8249, 10000)
  6  18  50, 0.108261 [0.035419/8.089865] [5424/0.081047]
  6  18 100, 0.119594 [0.044679/8.090559] [5474/0.081047]
  6  18 150, 0.119833 [0.039084/8.090743] [5524/0.081047]
  6  18 200, 0.121370 [0.026856/8.091210] [5574/0.081047]
  6  18 250, 0.151331 [0.040858/8.091625] [5624/0.081047]
  6  18 300, 0.132171 [0.038848/8.092426] [5674/0.081047]
  6  18 350, 0.135348 [0.027044/8.093021] [5724/0.081047]
Epoch 18 done. Evaluation:
(47923, 50000)
(8207, 10000)
  6  19  50, 0.097734 [0.022828/8.093988] [5815/0.081047]
  6  19 100, 0.102910 [0.035512/8.093612] [5865/0.081047]
  6  19 150, 0.113859 [0.040849/8.093742] [5915/0.081047]
  6  19 200, 0.129205 [0.050305/8.094631] [5965/0.081047]
  6  19 250, 0.145527 [0.032017/8.095251] [6015/0.081047]
  6  19 300, 0.133296 [0.036524/8.095330] [6065/0.081047]
  6  19 350, 0.158478 [0.046842/8.096206] [6115/0.081047]
Epoch 19 done. Evaluation:
(47943, 50000)
(8131, 10000)
  7   0  50, 0.092279 [0.009672/8.095673] [6206/0.081047]
  7   0 100, 0.072925 [0.007453/8.094722] [   0/0.072925]
  7   0 150, 0.073499 [0.010558/8.093566] [  50/0.072925]
  7   0 200, 0.070763 [0.014471/8.092443] [   0/0.070763]
  7   0 250, 0.066374 [0.018278/8.091399] [   0/0.066374]
  7   0 300, 0.066003 [0.014154/8.090354] [   0/0.066003]
  7   0 350, 0.063074 [0.006814/8.089396] [   0/0.063074]
Epoch 0 done. Evaluation:
(49086, 50000)
(8537, 10000)
  7   1  50, 0.044323 [0.005923/8.087526] [   0/0.044323]
  7   1 100, 0.046311 [0.008912/8.086474] [  50/0.044323]
  7   1 150, 0.043344 [0.002954/8.085339] [   0/0.043344]
  7   1 200, 0.042841 [0.010819/8.084104] [   0/0.042841]
  7   1 250, 0.041449 [0.008658/8.083053] [   0/0.041449]
  7   1 300, 0.046040 [0.005937/8.081897] [  50/0.041449]
  7   1 350, 0.042636 [0.004782/8.080716] [ 100/0.041449]
Epoch 1 done. Evaluation:
(49615, 50000)
(8603, 10000)
  7   2  50, 0.030303 [0.004753/8.078545] [   0/0.030303]
  7   2 100, 0.033503 [0.007135/8.077355] [  50/0.030303]
  7   2 150, 0.034015 [0.004844/8.076017] [ 100/0.030303]
  7   2 200, 0.034065 [0.011747/8.074849] [ 150/0.030303]
  7   2 250, 0.032020 [0.004281/8.073704] [ 200/0.030303]
  7   2 300, 0.035262 [0.007222/8.072564] [ 250/0.030303]
  7   2 350, 0.031403 [0.011979/8.071318] [ 300/0.030303]
Epoch 2 done. Evaluation:
(49790, 50000)
(8634, 10000)
  7   3  50, 0.025934 [0.004824/8.069186] [   0/0.025934]
  7   3 100, 0.025516 [0.002953/8.067875] [   0/0.025516]
  7   3 150, 0.029634 [0.003764/8.066616] [  50/0.025516]
  7   3 200, 0.027702 [0.006865/8.065393] [ 100/0.025516]
  7   3 250, 0.029333 [0.011716/8.064138] [ 150/0.025516]
  7   3 300, 0.030502 [0.006093/8.062925] [ 200/0.025516]
  7   3 350, 0.024230 [0.002055/8.061688] [   0/0.024230]
Epoch 3 done. Evaluation:
(49875, 50000)
(8649, 10000)
  7   4  50, 0.022709 [0.004368/8.059336] [   0/0.022709]
  7   4 100, 0.022963 [0.003005/8.058105] [  50/0.022709]
  7   4 150, 0.021432 [0.002087/8.056759] [   0/0.021432]
  7   4 200, 0.026907 [0.004880/8.055502] [  50/0.021432]
  7   4 250, 0.024455 [0.002429/8.054266] [ 100/0.021432]
  7   4 300, 0.024332 [0.002821/8.053015] [ 150/0.021432]
  7   4 350, 0.027195 [0.002369/8.051774] [ 200/0.021432]
Epoch 4 done. Evaluation:
(49908, 50000)
(8618, 10000)
  7   5  50, 0.022165 [0.004326/8.049672] [ 291/0.021432]
  7   5 100, 0.023800 [0.003012/8.048451] [ 341/0.021432]
  7   5 150, 0.023644 [0.003940/8.047252] [ 391/0.021432]
  7   5 200, 0.023233 [0.001486/8.046038] [ 441/0.021432]
  7   5 250, 0.025726 [0.006536/8.044900] [ 491/0.021432]
  7   5 300, 0.022280 [0.003768/8.043639] [ 541/0.021432]
  7   5 350, 0.024702 [0.009664/8.042481] [ 591/0.021432]
Epoch 5 done. Evaluation:
(49916, 50000)
(8642, 10000)
  7   6  50, 0.020564 [0.005715/8.040299] [   0/0.020564]
  7   6 100, 0.023317 [0.007358/8.039061] [  50/0.020564]
  7   6 150, 0.020378 [0.001691/8.037789] [   0/0.020378]
  7   6 200, 0.018485 [0.005597/8.036580] [   0/0.018485]
  7   6 250, 0.020497 [0.002118/8.035343] [  50/0.018485]
  7   6 300, 0.023551 [0.003452/8.034207] [ 100/0.018485]
  7   6 350, 0.021421 [0.002541/8.033083] [ 150/0.018485]
Epoch 6 done. Evaluation:
(49957, 50000)
(8663, 10000)
  7   7  50, 0.019706 [0.003258/8.031022] [ 241/0.018485]
  7   7 100, 0.019154 [0.002372/8.029803] [ 291/0.018485]
  7   7 150, 0.019520 [0.004629/8.028648] [ 341/0.018485]
  7   7 200, 0.019387 [0.005291/8.027515] [ 391/0.018485]
  7   7 250, 0.020461 [0.003393/8.026338] [ 441/0.018485]
  7   7 300, 0.017388 [0.003397/8.025136] [   0/0.017388]
  7   7 350, 0.020141 [0.005563/8.023976] [  50/0.017388]
Epoch 7 done. Evaluation:
(49972, 50000)
(8655, 10000)
  7   8  50, 0.019565 [0.004219/8.021890] [ 141/0.017388]
  7   8 100, 0.018545 [0.001244/8.020727] [ 191/0.017388]
  7   8 150, 0.018993 [0.001612/8.019596] [ 241/0.017388]
  7   8 200, 0.018118 [0.002478/8.018498] [ 291/0.017388]
  7   8 250, 0.019166 [0.003114/8.017393] [ 341/0.017388]
  7   8 300, 0.021282 [0.003836/8.016313] [ 391/0.017388]
  7   8 350, 0.019942 [0.002639/8.015300] [ 441/0.017388]
Epoch 8 done. Evaluation:
(49963, 50000)
(8665, 10000)
  7   9  50, 0.018622 [0.001807/8.013457] [ 532/0.017388]
  7   9 100, 0.017476 [0.001975/8.012352] [ 582/0.017388]
  7   9 150, 0.018265 [0.002328/8.011304] [ 632/0.017388]
  7   9 200, 0.020137 [0.001953/8.010235] [ 682/0.017388]
  7   9 250, 0.019453 [0.001543/8.009163] [ 732/0.017388]
  7   9 300, 0.016945 [0.002929/8.008056] [   0/0.016945]
  7   9 350, 0.019068 [0.006489/8.007035] [  50/0.016945]
Epoch 9 done. Evaluation:
(49971, 50000)
(8677, 10000)
  7  10  50, 0.018439 [0.002182/8.005152] [ 141/0.016945]
  7  10 100, 0.018557 [0.002185/8.004106] [ 191/0.016945]
  7  10 150, 0.018980 [0.001129/8.003106] [ 241/0.016945]
  7  10 200, 0.016747 [0.006267/8.002082] [   0/0.016747]
  7  10 250, 0.017238 [0.003043/8.001093] [  50/0.016747]
  7  10 300, 0.017068 [0.002245/8.000127] [ 100/0.016747]
  7  10 350, 0.017866 [0.001856/7.999119] [ 150/0.016747]
Epoch 10 done. Evaluation:
(49980, 50000)
(8681, 10000)
  7  11  50, 0.017618 [0.003848/7.997444] [ 241/0.016747]
  7  11 100, 0.016743 [0.006684/7.996508] [   0/0.016743]
  7  11 150, 0.017818 [0.001891/7.995547] [  50/0.016743]
  7  11 200, 0.018482 [0.002509/7.994607] [ 100/0.016743]
  7  11 250, 0.017018 [0.002919/7.993691] [ 150/0.016743]
  7  11 300, 0.017342 [0.001741/7.992756] [ 200/0.016743]
  7  11 350, 0.017591 [0.001126/7.991757] [ 250/0.016743]
Epoch 11 done. Evaluation:
(49986, 50000)
(8653, 10000)
  7  12  50, 0.017643 [0.002970/7.990135] [ 341/0.016743]
  7  12 100, 0.017280 [0.001733/7.989220] [ 391/0.016743]
  7  12 150, 0.017706 [0.001548/7.988238] [ 441/0.016743]
  7  12 200, 0.017285 [0.001657/7.987350] [ 491/0.016743]
  7  12 250, 0.017256 [0.001851/7.986480] [ 541/0.016743]
  7  12 300, 0.016326 [0.002160/7.985562] [   0/0.016326]
  7  12 350, 0.017618 [0.003826/7.984678] [  50/0.016326]
Epoch 12 done. Evaluation:
(49985, 50000)
(8700, 10000)
  7  13  50, 0.016740 [0.002554/7.983156] [ 141/0.016326]
  7  13 100, 0.017210 [0.002700/7.982279] [ 191/0.016326]
  7  13 150, 0.018217 [0.003590/7.981426] [ 241/0.016326]
  7  13 200, 0.017456 [0.002103/7.980596] [ 291/0.016326]
  7  13 250, 0.015935 [0.003109/7.979704] [   0/0.015935]
  7  13 300, 0.017062 [0.004522/7.978887] [  50/0.015935]
  7  13 350, 0.018494 [0.003277/7.978020] [ 100/0.015935]
Epoch 13 done. Evaluation:
(49981, 50000)
(8650, 10000)
  7  14  50, 0.018020 [0.002453/7.976579] [ 191/0.015935]
  7  14 100, 0.017455 [0.002135/7.975836] [ 241/0.015935]
  7  14 150, 0.016854 [0.001817/7.975090] [ 291/0.015935]
  7  14 200, 0.016401 [0.003704/7.974291] [ 341/0.015935]
  7  14 250, 0.016884 [0.001517/7.973525] [ 391/0.015935]
  7  14 300, 0.018261 [0.002091/7.972731] [ 441/0.015935]
  7  14 350, 0.018131 [0.001756/7.972063] [ 491/0.015935]
Epoch 14 done. Evaluation:
(49982, 50000)
(8647, 10000)
  7  15  50, 0.016780 [0.003948/7.970725] [ 582/0.015935]
  7  15 100, 0.015555 [0.001236/7.969883] [   0/0.015555]
  7  15 150, 0.018172 [0.002452/7.969179] [  50/0.015555]
  7  15 200, 0.015888 [0.003768/7.968439] [ 100/0.015555]
  7  15 250, 0.016384 [0.002441/7.967668] [ 150/0.015555]
  7  15 300, 0.017169 [0.001398/7.966973] [ 200/0.015555]
  7  15 350, 0.017999 [0.002195/7.966228] [ 250/0.015555]
Epoch 15 done. Evaluation:
(49987, 50000)
(8707, 10000)
  7  16  50, 0.016326 [0.001157/7.964852] [ 341/0.015555]
  7  16 100, 0.015761 [0.002517/7.964101] [ 391/0.015555]
  7  16 150, 0.016577 [0.002252/7.963370] [ 441/0.015555]
  7  16 200, 0.017411 [0.003335/7.962644] [ 491/0.015555]
  7  16 250, 0.016573 [0.002106/7.961954] [ 541/0.015555]
  7  16 300, 0.016398 [0.002136/7.961273] [ 591/0.015555]
  7  16 350, 0.016676 [0.003178/7.960588] [ 641/0.015555]
Epoch 16 done. Evaluation:
(49990, 50000)
(8708, 10000)
  7  17  50, 0.016546 [0.004450/7.959330] [ 732/0.015555]
  7  17 100, 0.015043 [0.002151/7.958571] [   0/0.015043]
  7  17 150, 0.016343 [0.003304/7.957871] [  50/0.015043]
  7  17 200, 0.015362 [0.001299/7.957168] [ 100/0.015043]
  7  17 250, 0.017632 [0.002859/7.956523] [ 150/0.015043]
  7  17 300, 0.017397 [0.003546/7.955946] [ 200/0.015043]
  7  17 350, 0.017155 [0.002107/7.955314] [ 250/0.015043]
Epoch 17 done. Evaluation:
(49987, 50000)
(8689, 10000)
  7  18  50, 0.016490 [0.002160/7.954192] [ 341/0.015043]
  7  18 100, 0.016172 [0.004308/7.953536] [ 391/0.015043]
  7  18 150, 0.015911 [0.003725/7.952899] [ 441/0.015043]
  7  18 200, 0.017320 [0.002140/7.952337] [ 491/0.015043]
  7  18 250, 0.019278 [0.007720/7.951773] [ 541/0.015043]
  7  18 300, 0.017914 [0.001751/7.951203] [ 591/0.015043]
  7  18 350, 0.017383 [0.002263/7.950667] [ 641/0.015043]
Epoch 18 done. Evaluation:
(49983, 50000)
(8698, 10000)
  7  19  50, 0.017159 [0.001899/7.949697] [ 732/0.015043]
  7  19 100, 0.016290 [0.002754/7.949086] [ 782/0.015043]
  7  19 150, 0.016234 [0.002644/7.948506] [ 832/0.015043]
  7  19 200, 0.015370 [0.003292/7.947878] [ 882/0.015043]
  7  19 250, 0.017895 [0.002901/7.947275] [ 932/0.015043]
  7  19 300, 0.017117 [0.002189/7.946745] [ 982/0.015043]
  7  19 350, 0.016316 [0.002304/7.946222] [1032/0.015043]
Epoch 19 done. Evaluation:
(49992, 50000)
(8645, 10000)
  8   0  50, 0.015994 [0.001492/7.945536] [1123/0.015043]
  8   0 100, 0.015314 [0.000875/7.945204] [1173/0.015043]
  8   0 150, 0.016205 [0.001957/7.944900] [1223/0.015043]
  8   0 200, 0.015789 [0.000837/7.944601] [1273/0.015043]
  8   0 250, 0.018848 [0.001290/7.944299] [1323/0.015043]
  8   0 300, 0.016573 [0.001179/7.944019] [1373/0.015043]
  8   0 350, 0.016131 [0.001022/7.943718] [1423/0.015043]
Epoch 0 done. Evaluation:
(49990, 50000)
(8711, 10000)
  8   1  50, 0.015856 [0.000949/7.943162] [1514/0.015043]
  8   1 100, 0.014598 [0.000684/7.942857] [   0/0.014598]
  8   1 150, 0.015109 [0.001028/7.942545] [  50/0.014598]
  8   1 200, 0.015580 [0.000893/7.942250] [ 100/0.014598]
  8   1 250, 0.015874 [0.000750/7.941957] [ 150/0.014598]
  8   1 300, 0.015780 [0.000938/7.941651] [ 200/0.014598]
  8   1 350, 0.015557 [0.002481/7.941344] [ 250/0.014598]
Epoch 1 done. Evaluation:
(49991, 50000)
(8716, 10000)
  8   2  50, 0.014940 [0.000972/7.940780] [ 341/0.014598]
  8   2 100, 0.014383 [0.001090/7.940454] [   0/0.014383]
  8   2 150, 0.017586 [0.000979/7.940176] [  50/0.014383]
  8   2 200, 0.014540 [0.000757/7.939863] [ 100/0.014383]
  8   2 250, 0.015960 [0.000736/7.939558] [ 150/0.014383]
  8   2 300, 0.015775 [0.001805/7.939270] [ 200/0.014383]
  8   2 350, 0.015099 [0.000866/7.938997] [ 250/0.014383]
Epoch 2 done. Evaluation:
(49991, 50000)
(8715, 10000)
  8   3  50, 0.016529 [0.001222/7.938465] [ 341/0.014383]
  8   3 100, 0.015018 [0.001174/7.938159] [ 391/0.014383]
  8   3 150, 0.015714 [0.002684/7.937898] [ 441/0.014383]
  8   3 200, 0.015355 [0.000671/7.937588] [ 491/0.014383]
  8   3 250, 0.015280 [0.001321/7.937322] [ 541/0.014383]
  8   3 300, 0.016894 [0.000667/7.937023] [ 591/0.014383]
  8   3 350, 0.015740 [0.000998/7.936767] [ 641/0.014383]
Epoch 3 done. Evaluation:
(49989, 50000)
(8718, 10000)
  8   4  50, 0.014861 [0.000647/7.936240] [ 732/0.014383]
  8   4 100, 0.016712 [0.000788/7.935970] [ 782/0.014383]
  8   4 150, 0.015463 [0.001009/7.935689] [ 832/0.014383]
  8   4 200, 0.015542 [0.000650/7.935402] [ 882/0.014383]
  8   4 250, 0.016061 [0.001975/7.935158] [ 932/0.014383]
  8   4 300, 0.015676 [0.000659/7.934903] [ 982/0.014383]
  8   4 350, 0.014725 [0.000841/7.934630] [1032/0.014383]
Epoch 4 done. Evaluation:
(49989, 50000)
(8710, 10000)
  8   5  50, 0.015443 [0.000822/7.934130] [1123/0.014383]
  8   5 100, 0.015377 [0.001901/7.933863] [1173/0.014383]
  8   5 150, 0.015857 [0.001386/7.933565] [1223/0.014383]
  8   5 200, 0.016279 [0.000862/7.933293] [1273/0.014383]
  8   5 250, 0.015866 [0.000851/7.933061] [1323/0.014383]
  8   5 300, 0.015229 [0.001090/7.932790] [1373/0.014383]
  8   5 350, 0.015209 [0.000766/7.932535] [1423/0.014383]
Epoch 5 done. Evaluation:
(49989, 50000)
(8704, 10000)
  8   6  50, 0.015855 [0.001183/7.932061] [1514/0.014383]
  8   6 100, 0.016415 [0.000678/7.931792] [1564/0.014383]
  8   6 150, 0.014754 [0.001479/7.931514] [1614/0.014383]
  8   6 200, 0.015257 [0.001025/7.931272] [1664/0.014383]
  8   6 250, 0.015911 [0.000697/7.931029] [1714/0.014383]
  8   6 300, 0.015686 [0.001527/7.930792] [1764/0.014383]
  8   6 350, 0.015447 [0.001252/7.930552] [1814/0.014383]
Epoch 6 done. Evaluation:
(49989, 50000)
(8697, 10000)
  8   7  50, 0.015051 [0.000940/7.930094] [1905/0.014383]
  8   7 100, 0.015371 [0.001503/7.929836] [1955/0.014383]
  8   7 150, 0.016695 [0.000852/7.929597] [2005/0.014383]
  8   7 200, 0.015492 [0.001449/7.929332] [2055/0.014383]
  8   7 250, 0.014913 [0.001503/7.929075] [2105/0.014383]
  8   7 300, 0.014844 [0.000832/7.928839] [2155/0.014383]
  8   7 350, 0.015435 [0.001302/7.928574] [2205/0.014383]
Epoch 7 done. Evaluation:
(49989, 50000)
(8712, 10000)
  8   8  50, 0.015229 [0.001864/7.928143] [2296/0.014383]
  8   8 100, 0.016229 [0.001210/7.927914] [2346/0.014383]
  8   8 150, 0.015033 [0.001203/7.927661] [2396/0.014383]
  8   8 200, 0.015266 [0.001006/7.927428] [2446/0.014383]
  8   8 250, 0.015353 [0.001545/7.927197] [2496/0.014383]
  8   8 300, 0.017071 [0.000728/7.926985] [2546/0.014383]
  8   8 350, 0.015563 [0.001001/7.926743] [2596/0.014383]
Epoch 8 done. Evaluation:
(49992, 50000)
(8717, 10000)
  8   9  50, 0.016372 [0.000689/7.926369] [2687/0.014383]
  8   9 100, 0.015366 [0.000742/7.926099] [2737/0.014383]
  8   9 150, 0.015023 [0.000760/7.925883] [2787/0.014383]
  8   9 200, 0.014725 [0.000828/7.925639] [2837/0.014383]
  8   9 250, 0.015343 [0.000595/7.925386] [2887/0.014383]
  8   9 300, 0.015589 [0.000762/7.925147] [2937/0.014383]
  8   9 350, 0.015372 [0.000779/7.924903] [2987/0.014383]
Epoch 9 done. Evaluation:
(49988, 50000)
(8713, 10000)
  8  10  50, 0.014942 [0.001273/7.924517] [3078/0.014383]
  8  10 100, 0.014629 [0.000839/7.924280] [3128/0.014383]
  8  10 150, 0.015514 [0.001114/7.924038] [3178/0.014383]
  8  10 200, 0.014912 [0.001339/7.923823] [3228/0.014383]
  8  10 250, 0.015468 [0.000783/7.923606] [3278/0.014383]
  8  10 300, 0.014642 [0.001108/7.923362] [3328/0.014383]
  8  10 350, 0.015966 [0.000445/7.923154] [3378/0.014383]
Epoch 10 done. Evaluation:
(49993, 50000)
(8707, 10000)
  8  11  50, 0.015551 [0.000823/7.922782] [3469/0.014383]
  8  11 100, 0.014829 [0.001209/7.922553] [3519/0.014383]
  8  11 150, 0.015131 [0.000942/7.922326] [3569/0.014383]
  8  11 200, 0.015508 [0.001708/7.922117] [3619/0.014383]
  8  11 250, 0.016510 [0.001379/7.921933] [3669/0.014383]
  8  11 300, 0.015328 [0.002015/7.921715] [3719/0.014383]
  8  11 350, 0.016217 [0.000714/7.921513] [3769/0.014383]
Epoch 11 done. Evaluation:
(49992, 50000)
(8699, 10000)
  8  12  50, 0.015846 [0.001042/7.921138] [3860/0.014383]
  8  12 100, 0.015055 [0.001368/7.920919] [3910/0.014383]
  8  12 150, 0.015728 [0.001166/7.920735] [3960/0.014383]
  8  12 200, 0.015543 [0.000835/7.920525] [4010/0.014383]
  8  12 250, 0.015323 [0.000711/7.920326] [4060/0.014383]
  8  12 300, 0.015878 [0.000907/7.920132] [4110/0.014383]
  8  12 350, 0.015397 [0.001959/7.919950] [4160/0.014383]
Epoch 12 done. Evaluation:
(49993, 50000)
(8714, 10000)
  8  13  50, 0.016412 [0.001188/7.919587] [4251/0.014383]
  8  13 100, 0.015293 [0.001020/7.919387] [4301/0.014383]
  8  13 150, 0.016184 [0.001080/7.919206] [4351/0.014383]
  8  13 200, 0.016180 [0.001140/7.919019] [4401/0.014383]
  8  13 250, 0.015482 [0.001177/7.918827] [4451/0.014383]
  8  13 300, 0.015105 [0.000820/7.918634] [4501/0.014383]
  8  13 350, 0.015654 [0.001360/7.918441] [4551/0.014383]
Epoch 13 done. Evaluation:
(49989, 50000)
(8703, 10000)
  8  14  50, 0.015410 [0.001092/7.918065] [4642/0.014383]
  8  14 100, 0.014627 [0.001308/7.917865] [4692/0.014383]
  8  14 150, 0.015257 [0.001345/7.917680] [4742/0.014383]
  8  14 200, 0.015340 [0.001449/7.917475] [4792/0.014383]
  8  14 250, 0.015348 [0.002734/7.917291] [4842/0.014383]
  8  14 300, 0.015991 [0.001487/7.917125] [4892/0.014383]
  8  14 350, 0.016035 [0.000737/7.916956] [4942/0.014383]
Epoch 14 done. Evaluation:
(49995, 50000)
(8712, 10000)
  8  15  50, 0.016150 [0.001407/7.916608] [5033/0.014383]
  8  15 100, 0.014468 [0.000837/7.916390] [5083/0.014383]
  8  15 150, 0.015216 [0.001278/7.916193] [5133/0.014383]
  8  15 200, 0.014396 [0.000857/7.915985] [5183/0.014383]
  8  15 250, 0.015339 [0.000900/7.915792] [5233/0.014383]
  8  15 300, 0.015904 [0.002241/7.915617] [5283/0.014383]
  8  15 350, 0.015975 [0.000669/7.915440] [5333/0.014383]
Epoch 15 done. Evaluation:
(49990, 50000)
(8701, 10000)
  8  16  50, 0.014825 [0.000851/7.915089] [5424/0.014383]
  8  16 100, 0.015492 [0.001431/7.914898] [5474/0.014383]
  8  16 150, 0.014757 [0.002185/7.914706] [5524/0.014383]
  8  16 200, 0.016454 [0.000905/7.914531] [5574/0.014383]
  8  16 250, 0.016108 [0.003235/7.914389] [5624/0.014383]
  8  16 300, 0.015470 [0.001461/7.914230] [5674/0.014383]
  8  16 350, 0.015559 [0.000984/7.914048] [5724/0.014383]
Epoch 16 done. Evaluation:
(49994, 50000)
(8705, 10000)
  8  17  50, 0.015658 [0.000651/7.913748] [5815/0.014383]
  8  17 100, 0.015608 [0.000648/7.913575] [5865/0.014383]
  8  17 150, 0.016223 [0.000800/7.913405] [5915/0.014383]
  8  17 200, 0.014628 [0.001029/7.913216] [5965/0.014383]
  8  17 250, 0.015041 [0.000860/7.913036] [6015/0.014383]
  8  17 300, 0.015046 [0.000832/7.912852] [6065/0.014383]
  8  17 350, 0.015780 [0.001148/7.912699] [6115/0.014383]
Epoch 17 done. Evaluation:
(49993, 50000)
(8698, 10000)
  8  18  50, 0.014248 [0.001060/7.912356] [   0/0.014248]
  8  18 100, 0.014991 [0.000707/7.912169] [  50/0.014248]
  8  18 150, 0.016058 [0.000986/7.912007] [ 100/0.014248]
  8  18 200, 0.015978 [0.001096/7.911861] [ 150/0.014248]
  8  18 250, 0.016543 [0.000965/7.911690] [ 200/0.014248]
  8  18 300, 0.016922 [0.000888/7.911565] [ 250/0.014248]
  8  18 350, 0.015019 [0.001152/7.911401] [ 300/0.014248]
Epoch 18 done. Evaluation:
(49992, 50000)
(8697, 10000)
  8  19  50, 0.014601 [0.001091/7.911093] [ 391/0.014248]
  8  19 100, 0.015336 [0.001171/7.910940] [ 441/0.014248]
  8  19 150, 0.014571 [0.001517/7.910760] [ 491/0.014248]
  8  19 200, 0.016890 [0.000889/7.910610] [ 541/0.014248]
  8  19 250, 0.015558 [0.000848/7.910451] [ 591/0.014248]
  8  19 300, 0.015636 [0.000886/7.910309] [ 641/0.014248]
  8  19 350, 0.016370 [0.002291/7.910175] [ 691/0.014248]
Epoch 19 done. Evaluation:
(49991, 50000)
(8708, 10000)
  9   0  50, 0.015335 [0.000485/7.909970] [ 782/0.014248]
  9   0 100, 0.015586 [0.001139/7.909884] [ 832/0.014248]
  9   0 150, 0.014678 [0.000741/7.909797] [ 882/0.014248]
  9   0 200, 0.015182 [0.000361/7.909710] [ 932/0.014248]
  9   0 250, 0.015337 [0.001331/7.909628] [ 982/0.014248]
  9   0 300, 0.015148 [0.000410/7.909549] [1032/0.014248]
  9   0 350, 0.014212 [0.000645/7.909457] [   0/0.014212]
Epoch 0 done. Evaluation:
(49995, 50000)
(8708, 10000)
  9   1  50, 0.015412 [0.000334/7.909291] [  91/0.014212]
  9   1 100, 0.015145 [0.000564/7.909202] [ 141/0.014212]
  9   1 150, 0.014156 [0.000401/7.909110] [   0/0.014156]
  9   1 200, 0.015187 [0.000497/7.909009] [  50/0.014156]
  9   1 250, 0.015365 [0.000404/7.908922] [ 100/0.014156]
  9   1 300, 0.014849 [0.000505/7.908833] [ 150/0.014156]
  9   1 350, 0.014458 [0.000551/7.908743] [ 200/0.014156]
Epoch 1 done. Evaluation:
(49990, 50000)
(8706, 10000)
  9   2  50, 0.013920 [0.000441/7.908574] [   0/0.013920]
  9   2 100, 0.014433 [0.000551/7.908488] [  50/0.013920]
  9   2 150, 0.014958 [0.000676/7.908401] [ 100/0.013920]
  9   2 200, 0.013970 [0.000535/7.908303] [ 150/0.013920]
  9   2 250, 0.014675 [0.000393/7.908216] [ 200/0.013920]
  9   2 300, 0.015924 [0.000361/7.908136] [ 250/0.013920]
  9   2 350, 0.014560 [0.000492/7.908052] [ 300/0.013920]
Epoch 2 done. Evaluation:
(49994, 50000)
(8701, 10000)
  9   3  50, 0.015970 [0.000589/7.907903] [ 391/0.013920]
  9   3 100, 0.014375 [0.000522/7.907815] [ 441/0.013920]
  9   3 150, 0.014499 [0.000614/7.907728] [ 491/0.013920]
  9   3 200, 0.014588 [0.000374/7.907648] [ 541/0.013920]
  9   3 250, 0.015229 [0.000604/7.907558] [ 591/0.013920]
  9   3 300, 0.015125 [0.000528/7.907476] [ 641/0.013920]
  9   3 350, 0.014493 [0.000850/7.907388] [ 691/0.013920]
Epoch 3 done. Evaluation:
(49991, 50000)
(8711, 10000)
  9   4  50, 0.014250 [0.000618/7.907239] [ 782/0.013920]
  9   4 100, 0.015232 [0.000664/7.907158] [ 832/0.013920]
  9   4 150, 0.015541 [0.000762/7.907071] [ 882/0.013920]
  9   4 200, 0.014491 [0.000391/7.906987] [ 932/0.013920]
  9   4 250, 0.014892 [0.000520/7.906900] [ 982/0.013920]
  9   4 300, 0.014395 [0.000463/7.906812] [1032/0.013920]
  9   4 350, 0.015411 [0.000698/7.906725] [1082/0.013920]
Epoch 4 done. Evaluation:
(49992, 50000)
(8712, 10000)
  9   5  50, 0.014763 [0.000249/7.906574] [1173/0.013920]
  9   5 100, 0.014250 [0.000594/7.906484] [1223/0.013920]
  9   5 150, 0.014501 [0.000545/7.906400] [1273/0.013920]
  9   5 200, 0.014711 [0.000646/7.906309] [1323/0.013920]
  9   5 250, 0.014455 [0.000451/7.906227] [1373/0.013920]
  9   5 300, 0.015524 [0.000475/7.906153] [1423/0.013920]
  9   5 350, 0.015418 [0.000511/7.906070] [1473/0.013920]
Epoch 5 done. Evaluation:
(49992, 50000)
(8701, 10000)
  9   6  50, 0.015259 [0.000410/7.905939] [1564/0.013920]
  9   6 100, 0.014941 [0.000489/7.905871] [1614/0.013920]
  9   6 150, 0.014225 [0.000394/7.905784] [1664/0.013920]
  9   6 200, 0.014053 [0.000377/7.905692] [1714/0.013920]
  9   6 250, 0.014906 [0.000538/7.905612] [1764/0.013920]
  9   6 300, 0.015168 [0.000691/7.905535] [1814/0.013920]
  9   6 350, 0.014492 [0.000768/7.905455] [1864/0.013920]
Epoch 6 done. Evaluation:
(49996, 50000)
(8715, 10000)
  9   7  50, 0.014586 [0.000499/7.905298] [1955/0.013920]
  9   7 100, 0.015039 [0.000305/7.905217] [2005/0.013920]
  9   7 150, 0.014648 [0.000895/7.905128] [2055/0.013920]
  9   7 200, 0.015463 [0.000559/7.905058] [2105/0.013920]
  9   7 250, 0.014980 [0.000636/7.904988] [2155/0.013920]
  9   7 300, 0.014957 [0.000480/7.904910] [2205/0.013920]
  9   7 350, 0.014840 [0.000466/7.904838] [2255/0.013920]
Epoch 7 done. Evaluation:
(49991, 50000)
(8710, 10000)
  9   8  50, 0.014459 [0.000475/7.904683] [2346/0.013920]
  9   8 100, 0.014580 [0.000573/7.904598] [2396/0.013920]
  9   8 150, 0.014698 [0.000569/7.904522] [2446/0.013920]
  9   8 200, 0.015236 [0.001232/7.904436] [2496/0.013920]
  9   8 250, 0.015610 [0.000526/7.904379] [2546/0.013920]
  9   8 300, 0.015316 [0.000404/7.904307] [2596/0.013920]
  9   8 350, 0.015496 [0.001399/7.904232] [2646/0.013920]
Epoch 8 done. Evaluation:
(49995, 50000)
(8708, 10000)
  9   9  50, 0.014016 [0.000474/7.904081] [2737/0.013920]
  9   9 100, 0.015150 [0.000508/7.904012] [2787/0.013920]
  9   9 150, 0.015147 [0.000417/7.903933] [2837/0.013920]
  9   9 200, 0.014626 [0.000526/7.903850] [2887/0.013920]
  9   9 250, 0.014605 [0.000837/7.903773] [2937/0.013920]
  9   9 300, 0.015460 [0.000516/7.903703] [2987/0.013920]
  9   9 350, 0.014258 [0.000517/7.903625] [3037/0.013920]
Epoch 9 done. Evaluation:
(49994, 50000)
(8714, 10000)
  9  10  50, 0.014069 [0.000818/7.903478] [3128/0.013920]
  9  10 100, 0.015283 [0.000667/7.903410] [3178/0.013920]
  9  10 150, 0.014220 [0.000371/7.903329] [3228/0.013920]
  9  10 200, 0.014798 [0.000728/7.903256] [3278/0.013920]
  9  10 250, 0.014583 [0.000584/7.903177] [3328/0.013920]
  9  10 300, 0.015041 [0.000692/7.903106] [3378/0.013920]
  9  10 350, 0.014839 [0.000506/7.903040] [3428/0.013920]
Epoch 10 done. Evaluation:
(49994, 50000)
(8698, 10000)
  9  11  50, 0.014833 [0.000540/7.902908] [3519/0.013920]
  9  11 100, 0.014469 [0.000561/7.902832] [3569/0.013920]
  9  11 150, 0.013660 [0.000667/7.902744] [   0/0.013660]
  9  11 200, 0.014681 [0.000413/7.902664] [  50/0.013660]
  9  11 250, 0.015050 [0.000508/7.902587] [ 100/0.013660]
  9  11 300, 0.015468 [0.000925/7.902510] [ 150/0.013660]
  9  11 350, 0.014642 [0.000812/7.902443] [ 200/0.013660]
Epoch 11 done. Evaluation:
(49993, 50000)
(8712, 10000)
  9  12  50, 0.013846 [0.000703/7.902301] [ 291/0.013660]
  9  12 100, 0.014211 [0.000532/7.902216] [ 341/0.013660]
  9  12 150, 0.014489 [0.000363/7.902142] [ 391/0.013660]
  9  12 200, 0.014803 [0.000429/7.902061] [ 441/0.013660]
  9  12 250, 0.015507 [0.000964/7.901991] [ 491/0.013660]
  9  12 300, 0.014840 [0.000907/7.901931] [ 541/0.013660]
  9  12 350, 0.015457 [0.000506/7.901876] [ 591/0.013660]
Epoch 12 done. Evaluation:
(49994, 50000)
(8714, 10000)
  9  13  50, 0.014354 [0.000317/7.901739] [ 682/0.013660]
  9  13 100, 0.013842 [0.000638/7.901648] [ 732/0.013660]
  9  13 150, 0.015682 [0.000762/7.901577] [ 782/0.013660]
  9  13 200, 0.014555 [0.000660/7.901515] [ 832/0.013660]
  9  13 250, 0.014294 [0.000495/7.901433] [ 882/0.013660]
  9  13 300, 0.014270 [0.000608/7.901354] [ 932/0.013660]
  9  13 350, 0.014935 [0.000703/7.901286] [ 982/0.013660]
Epoch 13 done. Evaluation:
(49996, 50000)
(8697, 10000)
  9  14  50, 0.014611 [0.000909/7.901161] [1073/0.013660]
  9  14 100, 0.014840 [0.001391/7.901094] [1123/0.013660]
  9  14 150, 0.014794 [0.000609/7.901031] [1173/0.013660]
  9  14 200, 0.015180 [0.000970/7.900964] [1223/0.013660]
  9  14 250, 0.014717 [0.000602/7.900892] [1273/0.013660]
  9  14 300, 0.015120 [0.000571/7.900821] [1323/0.013660]
  9  14 350, 0.015094 [0.000558/7.900764] [1373/0.013660]
Epoch 14 done. Evaluation:
(49995, 50000)
(8705, 10000)
  9  15  50, 0.014030 [0.000561/7.900631] [1464/0.013660]
  9  15 100, 0.014264 [0.000482/7.900559] [1514/0.013660]
  9  15 150, 0.014104 [0.000559/7.900478] [1564/0.013660]
  9  15 200, 0.014689 [0.000401/7.900403] [1614/0.013660]
  9  15 250, 0.015352 [0.000611/7.900334] [1664/0.013660]
  9  15 300, 0.014738 [0.000386/7.900271] [1714/0.013660]
  9  15 350, 0.015387 [0.000572/7.900207] [1764/0.013660]
Epoch 15 done. Evaluation:
(49995, 50000)
(8695, 10000)
  9  16  50, 0.014877 [0.000475/7.900085] [1855/0.013660]
  9  16 100, 0.015841 [0.000406/7.900041] [1905/0.013660]
  9  16 150, 0.014046 [0.000462/7.899964] [1955/0.013660]
  9  16 200, 0.014406 [0.000357/7.899899] [2005/0.013660]
  9  16 250, 0.016316 [0.000947/7.899836] [2055/0.013660]
  9  16 300, 0.014211 [0.000479/7.899762] [2105/0.013660]
  9  16 350, 0.015342 [0.000496/7.899702] [2155/0.013660]
Epoch 16 done. Evaluation:
(49993, 50000)
(8714, 10000)
  9  17  50, 0.014809 [0.000750/7.899588] [2246/0.013660]
  9  17 100, 0.015507 [0.001060/7.899538] [2296/0.013660]
  9  17 150, 0.014877 [0.000264/7.899457] [2346/0.013660]
  9  17 200, 0.014488 [0.000450/7.899385] [2396/0.013660]
  9  17 250, 0.015254 [0.000592/7.899330] [2446/0.013660]
  9  17 300, 0.014774 [0.000787/7.899258] [2496/0.013660]
  9  17 350, 0.014988 [0.000731/7.899204] [2546/0.013660]
Epoch 17 done. Evaluation:
(49995, 50000)
(8700, 10000)
  9  18  50, 0.014516 [0.000379/7.899072] [2637/0.013660]
  9  18 100, 0.014163 [0.000373/7.899006] [2687/0.013660]
  9  18 150, 0.014917 [0.000446/7.898936] [2737/0.013660]
  9  18 200, 0.014927 [0.000685/7.898863] [2787/0.013660]
  9  18 250, 0.014031 [0.000363/7.898794] [2837/0.013660]
  9  18 300, 0.015281 [0.000345/7.898734] [2887/0.013660]
  9  18 350, 0.014347 [0.000424/7.898665] [2937/0.013660]
Epoch 18 done. Evaluation:
(49995, 50000)
(8699, 10000)
  9  19  50, 0.014679 [0.000801/7.898546] [3028/0.013660]
  9  19 100, 0.014974 [0.000399/7.898479] [3078/0.013660]
  9  19 150, 0.014531 [0.000782/7.898407] [3128/0.013660]
  9  19 200, 0.014441 [0.000382/7.898328] [3178/0.013660]
  9  19 250, 0.015447 [0.000659/7.898265] [3228/0.013660]
  9  19 300, 0.013903 [0.000574/7.898189] [3278/0.013660]
  9  19 350, 0.015205 [0.000413/7.898138] [3328/0.013660]
Epoch 19 done. Evaluation:
(49993, 50000)
(8694, 10000)
