Sequential (
  (conv1_1): Sequential (
    (0): Conv2d(3, 32, kernel_size=(3, 3), stride=(1, 1), padding=(1, 1))
    (1): BatchNorm2d(32, eps=1e-05, momentum=0.1, affine=True)
    (2): ReLU (inplace)
  )
  (conv1_2): Sequential (
    (0): Conv2d(32, 32, kernel_size=(3, 3), stride=(1, 1), padding=(1, 1))
    (1): BatchNorm2d(32, eps=1e-05, momentum=0.1, affine=True)
    (2): ReLU (inplace)
  )
  (pool1): MaxPool2d (size=(2, 2), stride=(2, 2), dilation=(1, 1))
  (conv2_1): Sequential (
    (0): Conv2d(32, 64, kernel_size=(3, 3), stride=(1, 1), padding=(1, 1))
    (1): BatchNorm2d(64, eps=1e-05, momentum=0.1, affine=True)
    (2): ReLU (inplace)
  )
  (conv2_2): Sequential (
    (0): Conv2d(64, 64, kernel_size=(3, 3), stride=(1, 1), padding=(1, 1))
    (1): BatchNorm2d(64, eps=1e-05, momentum=0.1, affine=True)
    (2): ReLU (inplace)
  )
  (pool2): MaxPool2d (size=(2, 2), stride=(2, 2), dilation=(1, 1))
  (conv3_1): Sequential (
    (0): Conv2d(64, 128, kernel_size=(3, 3), stride=(1, 1), padding=(1, 1))
    (1): BatchNorm2d(128, eps=1e-05, momentum=0.1, affine=True)
    (2): ReLU (inplace)
  )
  (conv3_2): Sequential (
    (0): Conv2d(128, 128, kernel_size=(3, 3), stride=(1, 1), padding=(1, 1))
    (1): BatchNorm2d(128, eps=1e-05, momentum=0.1, affine=True)
    (2): ReLU (inplace)
  )
  (pool3): MaxPool2d (size=(2, 2), stride=(2, 2), dilation=(1, 1))
  (conv4_1): Sequential (
    (0): Conv2d(128, 256, kernel_size=(3, 3), stride=(1, 1), padding=(1, 1))
    (1): BatchNorm2d(256, eps=1e-05, momentum=0.1, affine=True)
    (2): ReLU (inplace)
  )
  (conv4_2): Sequential (
    (0): Conv2d(256, 256, kernel_size=(3, 3), stride=(1, 1), padding=(1, 1))
    (1): BatchNorm2d(256, eps=1e-05, momentum=0.1, affine=True)
    (2): ReLU (inplace)
  )
  (pool4): MaxPool2d (size=(2, 2), stride=(2, 2), dilation=(1, 1))
  (conv5_1): Sequential (
    (0): Conv2d(256, 256, kernel_size=(3, 3), stride=(1, 1), padding=(1, 1))
    (1): BatchNorm2d(256, eps=1e-05, momentum=0.1, affine=True)
    (2): ReLU (inplace)
  )
  (conv5_2): Sequential (
    (0): Conv2d(256, 256, kernel_size=(3, 3), stride=(1, 1), padding=(1, 1))
    (1): BatchNorm2d(256, eps=1e-05, momentum=0.1, affine=True)
    (2): ReLU (inplace)
  )
  (pool5): MaxPool2d (size=(2, 2), stride=(2, 2), dilation=(1, 1))
  (fc6): Sequential (
    (0): Conv2d(256, 256, kernel_size=(1, 1), stride=(1, 1))
    (1): BatchNorm2d(256, eps=1e-05, momentum=0.1, affine=True)
    (2): ReLU (inplace)
  )
  (logit): Conv2d(256, 10, kernel_size=(1, 1), stride=(1, 1))
  (flatter): Flatten()
)
{'L1_decay': 5e-06,
 'batch_size': 128,
 'force_name': True,
 'graphfolder': 'logs/exp2_graphs/',
 'learning_rate': 0.1,
 'logfile': 'logs/exp2.log',
 'mode': '',
 'name': 'exp2',
 'num_base': 32,
 'optimizer': 'SGD',
 'weight_decay': 0.001}
Decayed training with schedule: [20, 20, 20, 20, 20]
  0   0  50, 1.834366 [0.438740/71.867992] [   0/1.834366]
  0   0 100, 3.340759 [0.349386/71.552988] [  50/1.834366]
  0   0 150, 4.670526 [0.394611/71.239113] [ 100/1.834366]
  0   0 200, 5.883148 [0.383942/70.924874] [ 150/1.834366]
  0   0 250, 7.050775 [0.354320/70.607708] [ 200/1.834366]
  0   0 300, 8.131124 [0.344344/70.295163] [ 250/1.834366]
  0   0 350, 9.186928 [0.309141/69.978785] [ 300/1.834366]
Epoch 0 done. Evaluation:
(26683, 50000)
(5487, 10000)
  0   1  50, 0.923848 [0.325377/69.414895] [   0/0.923848]
  0   1 100, 1.820180 [0.297034/69.108109] [  50/0.923848]
  0   1 150, 2.695310 [0.346515/68.801824] [ 100/0.923848]
  0   1 200, 3.540273 [0.334344/68.495641] [ 150/0.923848]
  0   1 250, 4.366300 [0.274048/68.190029] [ 200/0.923848]
  0   1 300, 5.171503 [0.296128/67.885150] [ 250/0.923848]
  0   1 350, 5.976152 [0.306005/67.580813] [ 300/0.923848]
Epoch 1 done. Evaluation:
(34961, 50000)
(6016, 10000)
  0   2  50, 0.679313 [0.320498/67.037957] [   0/0.679313]
  0   2 100, 1.363811 [0.324685/66.741369] [  50/0.679313]
  0   2 150, 2.044162 [0.306448/66.445091] [ 100/0.679313]
  0   2 200, 2.733511 [0.257047/66.150788] [ 150/0.679313]
  0   2 250, 3.388269 [0.296788/65.858483] [ 200/0.679313]
  0   2 300, 4.070756 [0.331312/65.566352] [ 250/0.679313]
  0   2 350, 4.734613 [0.260982/65.275819] [ 300/0.679313]
Epoch 2 done. Evaluation:
(38254, 50000)
(7315, 10000)
  0   3  50, 0.571435 [0.324163/64.755684] [   0/0.571435]
  0   3 100, 1.125859 [0.300061/64.473849] [  50/0.571435]
  0   3 150, 1.693146 [0.309987/64.191269] [ 100/0.571435]
  0   3 200, 2.273448 [0.274355/63.909993] [ 150/0.571435]
  0   3 250, 2.870066 [0.274865/63.630555] [ 200/0.571435]
  0   3 300, 3.431302 [0.257649/63.352564] [ 250/0.571435]
  0   3 350, 4.010752 [0.289279/63.075480] [ 300/0.571435]
Epoch 3 done. Evaluation:
(40005, 50000)
(7304, 10000)
  0   4  50, 0.485714 [0.281553/62.577867] [   0/0.485714]
  0   4 100, 0.983629 [0.363617/62.307985] [  50/0.485714]
  0   4 150, 1.496960 [0.284374/62.040143] [ 100/0.485714]
  0   4 200, 2.000476 [0.300067/61.773496] [ 150/0.485714]
  0   4 250, 2.514526 [0.355422/61.508118] [ 200/0.485714]
  0   4 300, 3.002581 [0.375331/61.242931] [ 250/0.485714]
  0   4 350, 3.493603 [0.278488/60.978462] [ 300/0.485714]
Epoch 4 done. Evaluation:
(41373, 50000)
(7705, 10000)
  0   5  50, 0.424327 [0.368719/60.504313] [   0/0.424327]
  0   5 100, 0.851452 [0.287882/60.251138] [  50/0.424327]
  0   5 150, 1.283380 [0.291842/59.996144] [ 100/0.424327]
  0   5 200, 1.714454 [0.343743/59.742480] [ 150/0.424327]
  0   5 250, 2.162179 [0.343052/59.489065] [ 200/0.424327]
  0   5 300, 2.635511 [0.346033/59.236711] [ 250/0.424327]
  0   5 350, 3.094987 [0.306558/58.986300] [ 300/0.424327]
Epoch 5 done. Evaluation:
(42290, 50000)
(7859, 10000)
  0   6  50, 0.356102 [0.271684/58.536823] [   0/0.356102]
  0   6 100, 0.736617 [0.315061/58.296587] [  50/0.356102]
  0   6 150, 1.143458 [0.332266/58.055239] [ 100/0.356102]
  0   6 200, 1.542091 [0.366794/57.815901] [ 150/0.356102]
  0   6 250, 1.950986 [0.365434/57.579402] [ 200/0.356102]
  0   6 300, 2.355621 [0.314860/57.342954] [ 250/0.356102]
  0   6 350, 2.747794 [0.290984/57.105454] [ 300/0.356102]
Epoch 6 done. Evaluation:
(43226, 50000)
(7594, 10000)
  0   7  50, 0.322330 [0.319165/56.681841] [   0/0.322330]
  0   7 100, 0.672231 [0.284367/56.453670] [  50/0.322330]
  0   7 150, 1.030503 [0.312455/56.227011] [ 100/0.322330]
  0   7 200, 1.399676 [0.321614/56.001612] [ 150/0.322330]
  0   7 250, 1.781463 [0.391523/55.776437] [ 200/0.322330]
  0   7 300, 2.146123 [0.333972/55.552393] [ 250/0.322330]
  0   7 350, 2.506461 [0.328068/55.327661] [ 300/0.322330]
Epoch 7 done. Evaluation:
(43649, 50000)
(7402, 10000)
  0   8  50, 0.291780 [0.268773/54.922681] [   0/0.291780]
  0   8 100, 0.602375 [0.261460/54.701881] [  50/0.291780]
  0   8 150, 0.928192 [0.313779/54.484124] [ 100/0.291780]
  0   8 200, 1.241035 [0.297737/54.268493] [ 150/0.291780]
  0   8 250, 1.575803 [0.336485/54.052363] [ 200/0.291780]
  0   8 300, 1.929423 [0.318291/53.838867] [ 250/0.291780]
  0   8 350, 2.274599 [0.320906/53.627421] [ 300/0.291780]
Epoch 8 done. Evaluation:
(44364, 50000)
(7700, 10000)
  0   9  50, 0.266417 [0.293382/53.240075] [   0/0.266417]
  0   9 100, 0.558716 [0.471684/53.034101] [  50/0.266417]
  0   9 150, 0.857593 [0.271068/52.828081] [ 100/0.266417]
  0   9 200, 1.126164 [0.285057/52.622378] [ 150/0.266417]
  0   9 250, 1.433344 [0.355164/52.420167] [ 200/0.266417]
  0   9 300, 1.758989 [0.359181/52.218914] [ 250/0.266417]
  0   9 350, 2.063815 [0.290001/52.014894] [ 300/0.266417]
Epoch 9 done. Evaluation:
(44811, 50000)
(7823, 10000)
  0  10  50, 0.254518 [0.288590/51.650113] [   0/0.254518]
  0  10 100, 0.512577 [0.324942/51.451826] [  50/0.254518]
  0  10 150, 0.784253 [0.326946/51.255562] [ 100/0.254518]
  0  10 200, 1.028208 [0.314122/51.060599] [ 150/0.254518]
  0  10 250, 1.308309 [0.445744/50.868998] [ 200/0.254518]
  0  10 300, 1.589926 [0.362449/50.678755] [ 250/0.254518]
  0  10 350, 1.897756 [0.343634/50.488176] [ 300/0.254518]
Epoch 10 done. Evaluation:
(45314, 50000)
(7984, 10000)
  0  11  50, 0.230065 [0.306004/50.140325] [   0/0.230065]
  0  11 100, 0.455079 [0.366035/49.951363] [  50/0.230065]
  0  11 150, 0.711317 [0.360901/49.767326] [ 100/0.230065]
  0  11 200, 0.955792 [0.320888/49.585183] [ 150/0.230065]
  0  11 250, 1.209703 [0.327363/49.403391] [ 200/0.230065]
  0  11 300, 1.476031 [0.355201/49.224048] [ 250/0.230065]
  0  11 350, 1.728732 [0.295430/49.044477] [ 300/0.230065]
Epoch 11 done. Evaluation:
(45602, 50000)
(7996, 10000)
  0  12  50, 0.204677 [0.241957/48.715426] [   0/0.204677]
  0  12 100, 0.403574 [0.360025/48.534169] [  50/0.204677]
  0  12 150, 0.651373 [0.387697/48.363185] [ 100/0.204677]
  0  12 200, 0.882905 [0.369701/48.190105] [ 150/0.204677]
  0  12 250, 1.127720 [0.404637/48.016001] [ 200/0.204677]
  0  12 300, 1.391116 [0.294700/47.846935] [ 250/0.204677]
  0  12 350, 1.647416 [0.395599/47.676835] [ 300/0.204677]
Epoch 12 done. Evaluation:
(45877, 50000)
(8131, 10000)
  0  13  50, 0.181605 [0.314632/47.363132] [   0/0.181605]
  0  13 100, 0.386457 [0.389479/47.192879] [  50/0.181605]
  0  13 150, 0.603227 [0.379058/47.028328] [ 100/0.181605]
  0  13 200, 0.815483 [0.333012/46.858226] [ 150/0.181605]
  0  13 250, 1.033210 [0.332825/46.694558] [ 200/0.181605]
  0  13 300, 1.252570 [0.339644/46.533294] [ 250/0.181605]
  0  13 350, 1.497617 [0.332814/46.372525] [ 300/0.181605]
Epoch 13 done. Evaluation:
(46282, 50000)
(8117, 10000)
  0  14  50, 0.192854 [0.347499/46.074760] [ 391/0.181605]
  0  14 100, 0.382479 [0.338181/45.915214] [ 441/0.181605]
  0  14 150, 0.569591 [0.334536/45.752482] [ 491/0.181605]
  0  14 200, 0.766365 [0.299348/45.591961] [ 541/0.181605]
  0  14 250, 0.965442 [0.342019/45.437248] [ 591/0.181605]
  0  14 300, 1.183606 [0.365234/45.287790] [ 641/0.181605]
  0  14 350, 1.411569 [0.368405/45.140828] [ 691/0.181605]
Epoch 14 done. Evaluation:
(46430, 50000)
(7975, 10000)
  0  15  50, 0.184389 [0.325156/44.862780] [ 782/0.181605]
  0  15 100, 0.357735 [0.331791/44.707376] [ 832/0.181605]
  0  15 150, 0.533060 [0.342144/44.554748] [ 882/0.181605]
  0  15 200, 0.726356 [0.355053/44.408789] [ 932/0.181605]
  0  15 250, 0.917798 [0.364012/44.265809] [ 982/0.181605]
  0  15 300, 1.129802 [0.328175/44.122081] [1032/0.181605]
  0  15 350, 1.341514 [0.320779/43.979246] [1082/0.181605]
Epoch 15 done. Evaluation:
(46633, 50000)
(8195, 10000)
  0  16  50, 0.167060 [0.359541/43.716612] [   0/0.167060]
  0  16 100, 0.341920 [0.362238/43.570778] [  50/0.167060]
  0  16 150, 0.517970 [0.342781/43.429617] [ 100/0.167060]
  0  16 200, 0.701072 [0.394608/43.289206] [ 150/0.167060]
  0  16 250, 0.867967 [0.351187/43.144916] [ 200/0.167060]
  0  16 300, 1.034966 [0.332935/43.004850] [ 250/0.167060]
  0  16 350, 1.235811 [0.444346/42.871955] [ 300/0.167060]
Epoch 16 done. Evaluation:
(46847, 50000)
(7914, 10000)
  0  17  50, 0.140902 [0.310705/42.612398] [   0/0.140902]
  0  17 100, 0.289911 [0.348550/42.470602] [  50/0.140902]
  0  17 150, 0.453746 [0.342912/42.334298] [ 100/0.140902]
  0  17 200, 0.630547 [0.268750/42.200092] [ 150/0.140902]
  0  17 250, 0.811270 [0.436533/42.066727] [ 200/0.140902]
  0  17 300, 1.007158 [0.388822/41.942149] [ 250/0.140902]
  0  17 350, 1.194910 [0.406423/41.810227] [ 300/0.140902]
Epoch 17 done. Evaluation:
(47010, 50000)
(7620, 10000)
  0  18  50, 0.136464 [0.242693/41.569363] [   0/0.136464]
  0  18 100, 0.282673 [0.401296/41.436418] [  50/0.136464]
  0  18 150, 0.442613 [0.385390/41.307869] [ 100/0.136464]
  0  18 200, 0.600203 [0.289889/41.180958] [ 150/0.136464]
  0  18 250, 0.752604 [0.351704/41.051128] [ 200/0.136464]
  0  18 300, 0.918311 [0.417855/40.924385] [ 250/0.136464]
  0  18 350, 1.098201 [0.495457/40.803378] [ 300/0.136464]
Epoch 18 done. Evaluation:
(47245, 50000)
(8123, 10000)
  0  19  50, 0.121495 [0.303289/40.571687] [   0/0.121495]
  0  19 100, 0.263651 [0.283188/40.445599] [  50/0.121495]
  0  19 150, 0.423884 [0.267218/40.323834] [ 100/0.121495]
  0  19 200, 0.578082 [0.339033/40.203151] [ 150/0.121495]
  0  19 250, 0.746324 [0.343997/40.090771] [ 200/0.121495]
  0  19 300, 0.906316 [0.288999/39.971723] [ 250/0.121495]
  0  19 350, 1.088920 [0.314935/39.860152] [ 300/0.121495]
Epoch 19 done. Evaluation:
(47292, 50000)
(8136, 10000)
  1   0  50, 0.098714 [0.084193/39.686578] [   0/0.098714]
  1   0 100, 0.185654 [0.119958/39.604271] [  50/0.098714]
  1   0 150, 0.263641 [0.137828/39.521057] [ 100/0.098714]
  1   0 200, 0.329435 [0.165811/39.438420] [ 150/0.098714]
  1   0 250, 0.396385 [0.118795/39.355029] [ 200/0.098714]
  1   0 300, 0.458094 [0.148650/39.272035] [ 250/0.098714]
  1   0 350, 0.524428 [0.085128/39.190144] [ 300/0.098714]
Epoch 0 done. Evaluation:
(48867, 50000)
(8480, 10000)
  1   1  50, 0.041411 [0.091794/39.037136] [   0/0.041411]
  1   1 100, 0.086966 [0.102719/38.952236] [  50/0.041411]
  1   1 150, 0.126618 [0.081372/38.866328] [ 100/0.041411]
  1   1 200, 0.173024 [0.077287/38.782858] [ 150/0.041411]
  1   1 250, 0.218496 [0.152392/38.698866] [ 200/0.041411]
  1   1 300, 0.261802 [0.084931/38.614891] [ 250/0.041411]
  1   1 350, 0.300775 [0.134748/38.531004] [ 300/0.041411]
Epoch 1 done. Evaluation:
(49417, 50000)
(8497, 10000)
  1   2  50, 0.025243 [0.143276/38.376446] [   0/0.025243]
  1   2 100, 0.056480 [0.072498/38.291250] [  50/0.025243]
  1   2 150, 0.084200 [0.080929/38.205478] [ 100/0.025243]
  1   2 200, 0.114689 [0.109402/38.120907] [ 150/0.025243]
  1   2 250, 0.149718 [0.089710/38.037099] [ 200/0.025243]
  1   2 300, 0.180546 [0.035943/37.953463] [ 250/0.025243]
  1   2 350, 0.215338 [0.061541/37.870846] [ 300/0.025243]
Epoch 2 done. Evaluation:
(49620, 50000)
(8521, 10000)
  1   3  50, 0.025896 [0.090253/37.717319] [ 391/0.025243]
  1   3 100, 0.043605 [0.054942/37.630865] [ 441/0.025243]
  1   3 150, 0.065794 [0.062117/37.545736] [ 491/0.025243]
  1   3 200, 0.085085 [0.079357/37.460084] [ 541/0.025243]
  1   3 250, 0.106464 [0.069864/37.375743] [ 591/0.025243]
  1   3 300, 0.128022 [0.030263/37.291278] [ 641/0.025243]
  1   3 350, 0.147918 [0.049462/37.206544] [ 691/0.025243]
Epoch 3 done. Evaluation:
(49793, 50000)
(8478, 10000)
  1   4  50, 0.014485 [0.068164/37.052491] [   0/0.014485]
  1   4 100, 0.028899 [0.018040/36.966950] [  50/0.014485]
  1   4 150, 0.044089 [0.041416/36.882278] [ 100/0.014485]
  1   4 200, 0.061771 [0.052824/36.798041] [ 150/0.014485]
  1   4 250, 0.074788 [0.032611/36.712821] [ 200/0.014485]
  1   4 300, 0.090994 [0.040070/36.628833] [ 250/0.014485]
  1   4 350, 0.108450 [0.063535/36.545296] [ 300/0.014485]
Epoch 4 done. Evaluation:
(49859, 50000)
(8563, 10000)
  1   5  50, 0.010909 [0.018650/36.391370] [   0/0.010909]
  1   5 100, 0.022971 [0.026630/36.306852] [  50/0.010909]
  1   5 150, 0.034677 [0.069457/36.222548] [ 100/0.010909]
  1   5 200, 0.046025 [0.089993/36.138512] [ 150/0.010909]
  1   5 250, 0.058077 [0.067330/36.055307] [ 200/0.010909]
  1   5 300, 0.069333 [0.041453/35.971594] [ 250/0.010909]
  1   5 350, 0.080578 [0.171600/35.888188] [ 300/0.010909]
Epoch 5 done. Evaluation:
(49909, 50000)
(8538, 10000)
  1   6  50, 0.010464 [0.116654/35.737907] [   0/0.010464]
  1   6 100, 0.021991 [0.023967/35.654609] [  50/0.010464]
  1   6 150, 0.033735 [0.047037/35.571977] [ 100/0.010464]
  1   6 200, 0.043636 [0.098930/35.489038] [ 150/0.010464]
  1   6 250, 0.052562 [0.011349/35.406306] [ 200/0.010464]
  1   6 300, 0.062654 [0.098969/35.323890] [ 250/0.010464]
  1   6 350, 0.072664 [0.092985/35.241930] [ 300/0.010464]
Epoch 6 done. Evaluation:
(49928, 50000)
(8530, 10000)
  1   7  50, 0.009015 [0.028599/35.092273] [   0/0.009015]
  1   7 100, 0.016767 [0.041730/35.009822] [  50/0.009015]
  1   7 150, 0.023210 [0.012794/34.926786] [ 100/0.009015]
  1   7 200, 0.030059 [0.031960/34.844378] [ 150/0.009015]
  1   7 250, 0.036898 [0.009255/34.761619] [ 200/0.009015]
  1   7 300, 0.046408 [0.010081/34.680623] [ 250/0.009015]
  1   7 350, 0.053823 [0.025145/34.599042] [ 300/0.009015]
Epoch 7 done. Evaluation:
(49966, 50000)
(8611, 10000)
  1   8  50, 0.007654 [0.058461/34.452123] [   0/0.007654]
  1   8 100, 0.013298 [0.013388/34.370340] [  50/0.007654]
  1   8 150, 0.018956 [0.014325/34.288692] [ 100/0.007654]
  1   8 200, 0.024938 [0.046523/34.207334] [ 150/0.007654]
  1   8 250, 0.032147 [0.077625/34.126960] [ 200/0.007654]
  1   8 300, 0.038362 [0.013031/34.046403] [ 250/0.007654]
  1   8 350, 0.044327 [0.026478/33.965948] [ 300/0.007654]
Epoch 8 done. Evaluation:
(49969, 50000)
(8595, 10000)
  1   9  50, 0.005845 [0.087141/33.820334] [   0/0.005845]
  1   9 100, 0.012761 [0.014111/33.741166] [  50/0.005845]
  1   9 150, 0.018528 [0.023149/33.661199] [ 100/0.005845]
  1   9 200, 0.024206 [0.019270/33.581531] [ 150/0.005845]
  1   9 250, 0.031035 [0.045271/33.502522] [ 200/0.005845]
  1   9 300, 0.036059 [0.010706/33.422738] [ 250/0.005845]
  1   9 350, 0.042125 [0.045647/33.343894] [ 300/0.005845]
Epoch 9 done. Evaluation:
(49977, 50000)
(8638, 10000)
  1  10  50, 0.003978 [0.006306/33.199351] [   0/0.003978]
  1  10 100, 0.007953 [0.003633/33.119844] [  50/0.003978]
  1  10 150, 0.012302 [0.057990/33.040579] [ 100/0.003978]
  1  10 200, 0.016906 [0.008303/32.961853] [ 150/0.003978]
  1  10 250, 0.021800 [0.035078/32.883561] [ 200/0.003978]
  1  10 300, 0.026155 [0.016153/32.805050] [ 250/0.003978]
  1  10 350, 0.031096 [0.012112/32.727147] [ 300/0.003978]
Epoch 10 done. Evaluation:
(49996, 50000)
(8645, 10000)
  1  11  50, 0.004138 [0.011079/32.585201] [ 391/0.003978]
  1  11 100, 0.007708 [0.009467/32.507038] [ 441/0.003978]
  1  11 150, 0.011306 [0.011801/32.429103] [ 491/0.003978]
  1  11 200, 0.015135 [0.003999/32.351524] [ 541/0.003978]
  1  11 250, 0.019950 [0.014732/32.275043] [ 591/0.003978]
  1  11 300, 0.024161 [0.120259/32.198206] [ 641/0.003978]
  1  11 350, 0.028307 [0.005244/32.121525] [ 691/0.003978]
Epoch 11 done. Evaluation:
(49992, 50000)
(8637, 10000)
  1  12  50, 0.003898 [0.020925/31.982082] [   0/0.003898]
  1  12 100, 0.007229 [0.018255/31.905386] [  50/0.003898]
  1  12 150, 0.010655 [0.022144/31.828961] [ 100/0.003898]
  1  12 200, 0.014042 [0.005272/31.752700] [ 150/0.003898]
  1  12 250, 0.017555 [0.003752/31.676771] [ 200/0.003898]
  1  12 300, 0.020982 [0.011342/31.600968] [ 250/0.003898]
  1  12 350, 0.024455 [0.006319/31.525393] [ 300/0.003898]
Epoch 12 done. Evaluation:
(50000, 50000)
(8646, 10000)
  1  13  50, 0.003508 [0.009226/31.388429] [   0/0.003508]
  1  13 100, 0.006723 [0.003848/31.313236] [  50/0.003508]
  1  13 150, 0.009898 [0.031167/31.238225] [ 100/0.003508]
  1  13 200, 0.013083 [0.017655/31.163405] [ 150/0.003508]
  1  13 250, 0.016317 [0.006384/31.088829] [ 200/0.003508]
  1  13 300, 0.019548 [0.006590/31.014458] [ 250/0.003508]
  1  13 350, 0.022613 [0.017132/30.940167] [ 300/0.003508]
Epoch 13 done. Evaluation:
(50000, 50000)
(8652, 10000)
  1  14  50, 0.003121 [0.005651/30.805595] [   0/0.003121]
  1  14 100, 0.006417 [0.024278/30.732040] [  50/0.003121]
  1  14 150, 0.009675 [0.008057/30.658645] [ 100/0.003121]
  1  14 200, 0.013153 [0.003991/30.585592] [ 150/0.003121]
  1  14 250, 0.016219 [0.012819/30.512454] [ 200/0.003121]
  1  14 300, 0.019814 [0.005603/30.439941] [ 250/0.003121]
  1  14 350, 0.023278 [0.018722/30.367494] [ 300/0.003121]
Epoch 14 done. Evaluation:
(50000, 50000)
(8632, 10000)
  1  15  50, 0.003173 [0.004213/30.235900] [ 391/0.003121]
  1  15 100, 0.007161 [0.007819/30.164358] [ 441/0.003121]
  1  15 150, 0.010653 [0.010613/30.092700] [ 491/0.003121]
  1  15 200, 0.013936 [0.004935/30.021079] [ 541/0.003121]
  1  15 250, 0.017332 [0.004594/29.949704] [ 591/0.003121]
  1  15 300, 0.020725 [0.007360/29.878529] [ 641/0.003121]
  1  15 350, 0.024216 [0.018490/29.807633] [ 691/0.003121]
Epoch 15 done. Evaluation:
(49999, 50000)
(8660, 10000)
  1  16  50, 0.002988 [0.003641/29.678680] [   0/0.002988]
  1  16 100, 0.006157 [0.003403/29.608078] [  50/0.002988]
  1  16 150, 0.009209 [0.012219/29.537560] [ 100/0.002988]
  1  16 200, 0.012269 [0.011554/29.467266] [ 150/0.002988]
  1  16 250, 0.015260 [0.006626/29.397084] [ 200/0.002988]
  1  16 300, 0.018278 [0.005887/29.327116] [ 250/0.002988]
  1  16 350, 0.021487 [0.011837/29.257521] [ 300/0.002988]
Epoch 16 done. Evaluation:
(50000, 50000)
(8647, 10000)
  1  17  50, 0.003183 [0.006090/29.131383] [ 391/0.002988]
  1  17 100, 0.006240 [0.005584/29.062165] [ 441/0.002988]
  1  17 150, 0.009422 [0.005511/28.993249] [ 491/0.002988]
  1  17 200, 0.013383 [0.005983/28.925414] [ 541/0.002988]
  1  17 250, 0.017045 [0.012504/28.857245] [ 591/0.002988]
  1  17 300, 0.020502 [0.019865/28.789108] [ 641/0.002988]
  1  17 350, 0.023793 [0.004959/28.721022] [ 691/0.002988]
Epoch 17 done. Evaluation:
(49997, 50000)
(8655, 10000)
  1  18  50, 0.003095 [0.006934/28.597613] [ 782/0.002988]
  1  18 100, 0.006457 [0.006064/28.530100] [ 832/0.002988]
  1  18 150, 0.009579 [0.006113/28.462581] [ 882/0.002988]
  1  18 200, 0.012742 [0.013269/28.395265] [ 932/0.002988]
  1  18 250, 0.016061 [0.005756/28.328277] [ 982/0.002988]
  1  18 300, 0.019521 [0.005298/28.261565] [1032/0.002988]
  1  18 350, 0.022879 [0.007842/28.194974] [1082/0.002988]
Epoch 18 done. Evaluation:
(50000, 50000)
(8662, 10000)
  1  19  50, 0.003106 [0.003441/28.074285] [1173/0.002988]
  1  19 100, 0.006208 [0.011347/28.007983] [1223/0.002988]
  1  19 150, 0.009348 [0.004031/27.941883] [1273/0.002988]
  1  19 200, 0.012634 [0.005462/27.876150] [1323/0.002988]
  1  19 250, 0.015813 [0.004068/27.810440] [1373/0.002988]
  1  19 300, 0.018912 [0.007485/27.744847] [1423/0.002988]
  1  19 350, 0.022292 [0.016791/27.679653] [1473/0.002988]
Epoch 19 done. Evaluation:
(50000, 50000)
(8648, 10000)
  2   0  50, 0.003137 [0.002626/27.594002] [1564/0.002988]
  2   0 100, 0.006081 [0.002112/27.561395] [1614/0.002988]
  2   0 150, 0.009370 [0.003408/27.528982] [1664/0.002988]
  2   0 200, 0.012715 [0.002664/27.496628] [1714/0.002988]
  2   0 250, 0.015910 [0.004472/27.464267] [1764/0.002988]
  2   0 300, 0.019108 [0.003295/27.431953] [1814/0.002988]
  2   0 350, 0.022322 [0.003372/27.399675] [1864/0.002988]
Epoch 0 done. Evaluation:
(50000, 50000)
(8651, 10000)
  2   1  50, 0.003129 [0.010830/27.341092] [1955/0.002988]
  2   1 100, 0.006363 [0.005691/27.308953] [2005/0.002988]
  2   1 150, 0.009661 [0.004201/27.276896] [2055/0.002988]
  2   1 200, 0.013110 [0.002924/27.244930] [2105/0.002988]
  2   1 250, 0.016381 [0.003696/27.212932] [2155/0.002988]
  2   1 300, 0.019564 [0.001972/27.180947] [2205/0.002988]
  2   1 350, 0.023053 [0.002059/27.149134] [2255/0.002988]
Epoch 1 done. Evaluation:
(50000, 50000)
(8657, 10000)
  2   2  50, 0.003172 [0.004521/27.091074] [2346/0.002988]
  2   2 100, 0.006503 [0.005574/27.059322] [2396/0.002988]
  2   2 150, 0.009933 [0.007100/27.027662] [2446/0.002988]
  2   2 200, 0.013117 [0.004616/26.995936] [2496/0.002988]
  2   2 250, 0.016101 [0.002545/26.964167] [2546/0.002988]
  2   2 300, 0.019587 [0.003616/26.932647] [2596/0.002988]
  2   2 350, 0.022697 [0.001988/26.901018] [2646/0.002988]
Epoch 2 done. Evaluation:
(50000, 50000)
(8635, 10000)
  2   3  50, 0.003171 [0.002501/26.843713] [2737/0.002988]
  2   3 100, 0.006288 [0.002989/26.812216] [2787/0.002988]
  2   3 150, 0.009374 [0.002556/26.780746] [2837/0.002988]
  2   3 200, 0.012543 [0.003162/26.749347] [2887/0.002988]
  2   3 250, 0.015955 [0.002481/26.718110] [2937/0.002988]
  2   3 300, 0.019210 [0.007636/26.686835] [2987/0.002988]
  2   3 350, 0.022591 [0.001801/26.655656] [3037/0.002988]
Epoch 3 done. Evaluation:
(50000, 50000)
(8656, 10000)
  2   4  50, 0.003131 [0.001879/26.598810] [3128/0.002988]
  2   4 100, 0.006271 [0.006206/26.567652] [3178/0.002988]
  2   4 150, 0.009557 [0.001575/26.536610] [3228/0.002988]
  2   4 200, 0.012798 [0.006584/26.505566] [3278/0.002988]
  2   4 250, 0.015965 [0.002340/26.474552] [3328/0.002988]
  2   4 300, 0.019577 [0.004181/26.443763] [3378/0.002988]
  2   4 350, 0.022750 [0.003962/26.412840] [3428/0.002988]
Epoch 4 done. Evaluation:
(50000, 50000)
(8666, 10000)
  2   5  50, 0.003242 [0.006837/26.356688] [3519/0.002988]
  2   5 100, 0.006303 [0.001897/26.325826] [3569/0.002988]
  2   5 150, 0.009506 [0.003265/26.295083] [3619/0.002988]
  2   5 200, 0.012935 [0.004305/26.264482] [3669/0.002988]
  2   5 250, 0.016189 [0.001715/26.233834] [3719/0.002988]
  2   5 300, 0.019368 [0.001617/26.203197] [3769/0.002988]
  2   5 350, 0.022485 [0.001862/26.172579] [3819/0.002988]
Epoch 5 done. Evaluation:
(50000, 50000)
(8666, 10000)
  2   6  50, 0.003206 [0.001793/26.117106] [3910/0.002988]
  2   6 100, 0.006609 [0.003698/26.086730] [3960/0.002988]
  2   6 150, 0.009857 [0.001962/26.056334] [4010/0.002988]
  2   6 200, 0.013242 [0.004155/26.026033] [4060/0.002988]
  2   6 250, 0.016478 [0.003452/25.995700] [4110/0.002988]
  2   6 300, 0.019838 [0.003377/25.965476] [4160/0.002988]
  2   6 350, 0.023298 [0.001775/25.935333] [4210/0.002988]
Epoch 6 done. Evaluation:
(50000, 50000)
(8661, 10000)
  2   7  50, 0.003048 [0.002775/25.880278] [4301/0.002988]
  2   7 100, 0.006155 [0.002499/25.850094] [4351/0.002988]
  2   7 150, 0.009369 [0.002422/25.819992] [4401/0.002988]
  2   7 200, 0.012692 [0.004191/25.789992] [4451/0.002988]
  2   7 250, 0.016006 [0.004332/25.760019] [4501/0.002988]
  2   7 300, 0.019307 [0.002530/25.730083] [4551/0.002988]
  2   7 350, 0.022735 [0.003015/25.700264] [4601/0.002988]
Epoch 7 done. Evaluation:
(50000, 50000)
(8652, 10000)
  2   8  50, 0.003211 [0.003254/25.645829] [4692/0.002988]
  2   8 100, 0.006497 [0.002172/25.616051] [4742/0.002988]
  2   8 150, 0.009577 [0.002084/25.586210] [4792/0.002988]
  2   8 200, 0.013076 [0.001778/25.556610] [4842/0.002988]
  2   8 250, 0.016504 [0.002661/25.527024] [4892/0.002988]
  2   8 300, 0.019872 [0.002268/25.497457] [4942/0.002988]
  2   8 350, 0.023200 [0.003200/25.467896] [4992/0.002988]
Epoch 8 done. Evaluation:
(50000, 50000)
(8665, 10000)
  2   9  50, 0.003211 [0.001421/25.414174] [5083/0.002988]
  2   9 100, 0.006375 [0.001638/25.384647] [5133/0.002988]
  2   9 150, 0.009599 [0.002388/25.355198] [5183/0.002988]
  2   9 200, 0.012997 [0.002549/25.325872] [5233/0.002988]
  2   9 250, 0.016168 [0.001791/25.296475] [5283/0.002988]
  2   9 300, 0.019423 [0.001421/25.267158] [5333/0.002988]
  2   9 350, 0.022731 [0.003535/25.237922] [5383/0.002988]
Epoch 9 done. Evaluation:
(50000, 50000)
(8642, 10000)
  2  10  50, 0.003331 [0.003496/25.184807] [5474/0.002988]
  2  10 100, 0.006533 [0.003500/25.155630] [5524/0.002988]
  2  10 150, 0.009773 [0.003417/25.126505] [5574/0.002988]
  2  10 200, 0.013162 [0.002582/25.097499] [5624/0.002988]
  2  10 250, 0.016375 [0.001583/25.068442] [5674/0.002988]
  2  10 300, 0.019629 [0.002034/25.039444] [5724/0.002988]
  2  10 350, 0.022901 [0.003030/25.010499] [5774/0.002988]
Epoch 10 done. Evaluation:
(50000, 50000)
(8650, 10000)
  2  11  50, 0.003267 [0.002165/24.957884] [5865/0.002988]
  2  11 100, 0.006538 [0.003307/24.929049] [5915/0.002988]
  2  11 150, 0.009849 [0.002568/24.900275] [5965/0.002988]
  2  11 200, 0.013241 [0.002969/24.871574] [6015/0.002988]
  2  11 250, 0.016633 [0.001543/24.842922] [6065/0.002988]
  2  11 300, 0.019923 [0.004987/24.814252] [6115/0.002988]
  2  11 350, 0.023233 [0.001978/24.785633] [6165/0.002988]
Epoch 11 done. Evaluation:
(50000, 50000)
(8647, 10000)
  2  12  50, 0.003272 [0.002814/24.733618] [6256/0.002988]
  2  12 100, 0.006590 [0.001956/24.705112] [6306/0.002988]
  2  12 150, 0.009852 [0.002146/24.676623] [6356/0.002988]
  2  12 200, 0.013127 [0.001480/24.648179] [6406/0.002988]
  2  12 250, 0.016388 [0.002376/24.619772] [6456/0.002988]
  2  12 300, 0.019952 [0.001827/24.591556] [6506/0.002988]
  2  12 350, 0.023255 [0.001738/24.563239] [6556/0.002988]
Epoch 12 done. Evaluation:
(50000, 50000)
(8650, 10000)
  2  13  50, 0.003236 [0.002223/24.511792] [6647/0.002988]
  2  13 100, 0.006433 [0.005408/24.483530] [6697/0.002988]
  2  13 150, 0.009715 [0.002764/24.455347] [6747/0.002988]
  2  13 200, 0.013331 [0.004238/24.427385] [6797/0.002988]
  2  13 250, 0.016565 [0.003740/24.399261] [6847/0.002988]
  2  13 300, 0.020023 [0.004617/24.371299] [6897/0.002988]
  2  13 350, 0.023362 [0.002857/24.343321] [6947/0.002988]
Epoch 13 done. Evaluation:
(50000, 50000)
(8645, 10000)
  2  14  50, 0.003206 [0.001513/24.292471] [7038/0.002988]
  2  14 100, 0.006480 [0.003202/24.264565] [7088/0.002988]
  2  14 150, 0.009942 [0.002430/24.236794] [7138/0.002988]
  2  14 200, 0.013279 [0.002410/24.208993] [7188/0.002988]
  2  14 250, 0.016554 [0.001498/24.181191] [7238/0.002988]
  2  14 300, 0.019995 [0.007315/24.153501] [7288/0.002988]
  2  14 350, 0.023257 [0.002470/24.125769] [7338/0.002988]
Epoch 14 done. Evaluation:
(50000, 50000)
(8656, 10000)
  2  15  50, 0.003362 [0.002128/24.075538] [7429/0.002988]
  2  15 100, 0.006667 [0.004085/24.047933] [7479/0.002988]
  2  15 150, 0.009919 [0.005512/24.020335] [7529/0.002988]
  2  15 200, 0.013204 [0.003452/23.992802] [7579/0.002988]
  2  15 250, 0.016789 [0.002515/23.965463] [7629/0.002988]
  2  15 300, 0.019854 [0.001833/23.937886] [7679/0.002988]
  2  15 350, 0.023210 [0.002231/23.910496] [7729/0.002988]
Epoch 15 done. Evaluation:
(50000, 50000)
(8651, 10000)
  2  16  50, 0.003285 [0.002627/23.860734] [7820/0.002988]
  2  16 100, 0.006611 [0.004422/23.833444] [7870/0.002988]
  2  16 150, 0.009815 [0.002181/23.806126] [7920/0.002988]
  2  16 200, 0.013073 [0.001720/23.778869] [7970/0.002988]
  2  16 250, 0.016515 [0.002695/23.751758] [8020/0.002988]
  2  16 300, 0.020105 [0.002479/23.724760] [8070/0.002988]
  2  16 350, 0.023497 [0.001624/23.697699] [8120/0.002988]
Epoch 16 done. Evaluation:
(50000, 50000)
(8631, 10000)
  2  17  50, 0.003581 [0.006342/23.648666] [8211/0.002988]
  2  17 100, 0.007048 [0.003269/23.621745] [8261/0.002988]
  2  17 150, 0.010432 [0.002059/23.594822] [8311/0.002988]
  2  17 200, 0.013826 [0.002298/23.567943] [8361/0.002988]
  2  17 250, 0.017253 [0.002879/23.541124] [8411/0.002988]
  2  17 300, 0.020589 [0.002278/23.514283] [8461/0.002988]
  2  17 350, 0.023938 [0.002117/23.487486] [8511/0.002988]
Epoch 17 done. Evaluation:
(50000, 50000)
(8662, 10000)
  2  18  50, 0.003317 [0.001418/23.438885] [8602/0.002988]
  2  18 100, 0.006523 [0.001707/23.412109] [8652/0.002988]
  2  18 150, 0.009899 [0.002430/23.385468] [8702/0.002988]
  2  18 200, 0.013420 [0.005027/23.358937] [8752/0.002988]
  2  18 250, 0.016731 [0.002343/23.332335] [8802/0.002988]
  2  18 300, 0.020178 [0.001811/23.305846] [8852/0.002988]
  2  18 350, 0.023779 [0.001886/23.279474] [8902/0.002988]
Epoch 18 done. Evaluation:
(50000, 50000)
(8640, 10000)
  2  19  50, 0.003256 [0.003533/23.231275] [8993/0.002988]
  2  19 100, 0.006717 [0.005083/23.204935] [9043/0.002988]
  2  19 150, 0.010020 [0.001768/23.178546] [9093/0.002988]
  2  19 200, 0.013273 [0.005240/23.152159] [9143/0.002988]
  2  19 250, 0.016769 [0.003111/23.125937] [9193/0.002988]
  2  19 300, 0.020152 [0.001973/23.099698] [9243/0.002988]
  2  19 350, 0.023545 [0.003222/23.073502] [9293/0.002988]
Epoch 19 done. Evaluation:
(50000, 50000)
(8652, 10000)
  3   0  50, 0.003299 [0.001052/23.038913] [9384/0.002988]
  3   0 100, 0.006696 [0.000722/23.025854] [9434/0.002988]
  3   0 150, 0.010082 [0.001043/23.012798] [9484/0.002988]
  3   0 200, 0.013497 [0.003067/22.999760] [9534/0.002988]
  3   0 250, 0.016893 [0.002059/22.986728] [9584/0.002988]
  3   0 300, 0.020134 [0.001432/22.973657] [9634/0.002988]
  3   0 350, 0.023457 [0.001038/22.960613] [9684/0.002988]
Epoch 0 done. Evaluation:
(50000, 50000)
(8647, 10000)
  3   1  50, 0.003379 [0.001336/22.936914] [9775/0.002988]
  3   1 100, 0.006893 [0.001044/22.923959] [9825/0.002988]
  3   1 150, 0.010203 [0.001328/22.910956] [9875/0.002988]
  3   1 200, 0.013534 [0.001350/22.897963] [9925/0.002988]
  3   1 250, 0.016835 [0.002169/22.884974] [9975/0.002988]
  3   1 300, 0.020202 [0.001111/22.872007] [10025/0.002988]
  3   1 350, 0.023570 [0.001008/22.859054] [10075/0.002988]
Epoch 1 done. Evaluation:
(50000, 50000)
(8655, 10000)
  3   2  50, 0.003673 [0.001661/22.835559] [10166/0.002988]
  3   2 100, 0.007018 [0.002952/22.822623] [10216/0.002988]
  3   2 150, 0.010425 [0.001642/22.809712] [10266/0.002988]
  3   2 200, 0.013743 [0.002296/22.796786] [10316/0.002988]
  3   2 250, 0.017158 [0.002270/22.783899] [10366/0.002988]
  3   2 300, 0.020623 [0.000669/22.771039] [10416/0.002988]
  3   2 350, 0.023922 [0.000671/22.758134] [10466/0.002988]
Epoch 2 done. Evaluation:
(49999, 50000)
(8658, 10000)
  3   3  50, 0.003430 [0.001110/22.734734] [10557/0.002988]
  3   3 100, 0.006806 [0.002253/22.721873] [10607/0.002988]
  3   3 150, 0.010126 [0.000827/22.709015] [10657/0.002988]
  3   3 200, 0.013330 [0.000901/22.696128] [10707/0.002988]
  3   3 250, 0.016701 [0.001219/22.683300] [10757/0.002988]
  3   3 300, 0.020114 [0.001619/22.670497] [10807/0.002988]
  3   3 350, 0.023602 [0.000985/22.657721] [10857/0.002988]
Epoch 3 done. Evaluation:
(50000, 50000)
(8654, 10000)
  3   4  50, 0.003445 [0.001947/22.634452] [10948/0.002988]
  3   4 100, 0.006747 [0.000709/22.621642] [10998/0.002988]
  3   4 150, 0.010075 [0.000880/22.608855] [11048/0.002988]
  3   4 200, 0.013330 [0.000857/22.596052] [11098/0.002988]
  3   4 250, 0.016795 [0.000888/22.583319] [11148/0.002988]
  3   4 300, 0.020112 [0.001064/22.570555] [11198/0.002988]
  3   4 350, 0.023608 [0.000840/22.557842] [11248/0.002988]
Epoch 4 done. Evaluation:
(50000, 50000)
(8638, 10000)
  3   5  50, 0.003463 [0.000921/22.534721] [11339/0.002988]
  3   5 100, 0.006962 [0.001068/22.522038] [11389/0.002988]
  3   5 150, 0.010347 [0.001348/22.509336] [11439/0.002988]
  3   5 200, 0.013600 [0.001083/22.496603] [11489/0.002988]
  3   5 250, 0.016891 [0.000983/22.483889] [11539/0.002988]
  3   5 300, 0.020354 [0.000994/22.471232] [11589/0.002988]
  3   5 350, 0.023719 [0.000997/22.458549] [11639/0.002988]
Epoch 5 done. Evaluation:
(50000, 50000)
(8651, 10000)
  3   6  50, 0.003243 [0.000605/22.435496] [11730/0.002988]
  3   6 100, 0.006719 [0.001813/22.422882] [11780/0.002988]
  3   6 150, 0.010236 [0.001095/22.410285] [11830/0.002988]
  3   6 200, 0.013762 [0.001148/22.397691] [11880/0.002988]
  3   6 250, 0.017074 [0.000638/22.385051] [11930/0.002988]
  3   6 300, 0.020388 [0.002005/22.372423] [11980/0.002988]
  3   6 350, 0.023649 [0.001445/22.359789] [12030/0.002988]
Epoch 6 done. Evaluation:
(50000, 50000)
(8651, 10000)
  3   7  50, 0.003467 [0.001275/22.336911] [12121/0.002988]
  3   7 100, 0.006785 [0.000993/22.324321] [12171/0.002988]
  3   7 150, 0.010108 [0.001502/22.311740] [12221/0.002988]
  3   7 200, 0.013426 [0.001394/22.299162] [12271/0.002988]
  3   7 250, 0.016724 [0.001182/22.286593] [12321/0.002988]
  3   7 300, 0.020014 [0.001948/22.274021] [12371/0.002988]
  3   7 350, 0.023388 [0.001719/22.261489] [12421/0.002988]
Epoch 7 done. Evaluation:
(50000, 50000)
(8657, 10000)
  3   8  50, 0.003510 [0.001187/22.238726] [12512/0.002988]
  3   8 100, 0.006838 [0.001236/22.226202] [12562/0.002988]
  3   8 150, 0.010283 [0.001151/22.213719] [12612/0.002988]
  3   8 200, 0.013584 [0.000951/22.201208] [12662/0.002988]
  3   8 250, 0.017069 [0.001054/22.188759] [12712/0.002988]
  3   8 300, 0.020467 [0.002098/22.176296] [12762/0.002988]
  3   8 350, 0.023776 [0.002193/22.163813] [12812/0.002988]
Epoch 8 done. Evaluation:
(50000, 50000)
(8646, 10000)
  3   9  50, 0.003323 [0.001033/22.141138] [12903/0.002988]
  3   9 100, 0.006783 [0.001994/22.128721] [12953/0.002988]
  3   9 150, 0.010021 [0.000991/22.116246] [13003/0.002988]
  3   9 200, 0.013666 [0.000868/22.103899] [13053/0.002988]
  3   9 250, 0.016947 [0.001475/22.091456] [13103/0.002988]
  3   9 300, 0.020436 [0.001950/22.079085] [13153/0.002988]
  3   9 350, 0.023935 [0.001509/22.066724] [13203/0.002988]
Epoch 9 done. Evaluation:
(50000, 50000)
(8637, 10000)
  3  10  50, 0.003337 [0.000853/22.044210] [13294/0.002988]
  3  10 100, 0.006778 [0.002569/22.031855] [13344/0.002988]
  3  10 150, 0.010072 [0.000897/22.019469] [13394/0.002988]
  3  10 200, 0.013460 [0.001430/22.007123] [13444/0.002988]
  3  10 250, 0.016931 [0.001156/21.994807] [13494/0.002988]
  3  10 300, 0.020156 [0.001126/21.982425] [13544/0.002988]
  3  10 350, 0.023659 [0.001276/21.970133] [13594/0.002988]
Epoch 10 done. Evaluation:
(50000, 50000)
(8657, 10000)
  3  11  50, 0.003382 [0.001126/21.947753] [13685/0.002988]
  3  11 100, 0.006741 [0.000986/21.935446] [13735/0.002988]
  3  11 150, 0.010068 [0.000720/21.923138] [13785/0.002988]
  3  11 200, 0.013335 [0.001314/21.910817] [13835/0.002988]
  3  11 250, 0.016735 [0.000889/21.898545] [13885/0.002988]
  3  11 300, 0.020087 [0.000970/21.886263] [13935/0.002988]
  3  11 350, 0.023503 [0.002096/21.874015] [13985/0.002988]
Epoch 11 done. Evaluation:
(50000, 50000)
(8643, 10000)
  3  12  50, 0.003397 [0.001360/21.851746] [14076/0.002988]
  3  12 100, 0.006756 [0.001056/21.839501] [14126/0.002988]
  3  12 150, 0.010304 [0.001109/21.827324] [14176/0.002988]
  3  12 200, 0.013565 [0.000606/21.815070] [14226/0.002988]
  3  12 250, 0.016933 [0.001086/21.802858] [14276/0.002988]
  3  12 300, 0.020417 [0.001635/21.790689] [14326/0.002988]
  3  12 350, 0.024004 [0.001664/21.778561] [14376/0.002988]
Epoch 12 done. Evaluation:
(50000, 50000)
(8663, 10000)
  3  13  50, 0.003321 [0.001630/21.756351] [14467/0.002988]
  3  13 100, 0.006692 [0.001954/21.744178] [14517/0.002988]
  3  13 150, 0.009984 [0.001808/21.731995] [14567/0.002988]
  3  13 200, 0.013372 [0.000985/21.719846] [14617/0.002988]
  3  13 250, 0.016816 [0.000972/21.707721] [14667/0.002988]
  3  13 300, 0.020356 [0.002544/21.695627] [14717/0.002988]
  3  13 350, 0.023853 [0.001172/21.683531] [14767/0.002988]
Epoch 13 done. Evaluation:
(50000, 50000)
(8649, 10000)
  3  14  50, 0.003342 [0.001039/21.661487] [14858/0.002988]
  3  14 100, 0.006616 [0.001154/21.649357] [14908/0.002988]
  3  14 150, 0.010024 [0.000923/21.637277] [14958/0.002988]
  3  14 200, 0.013419 [0.001011/21.625198] [15008/0.002988]
  3  14 250, 0.016921 [0.000724/21.613156] [15058/0.002988]
  3  14 300, 0.020363 [0.000727/21.601106] [15108/0.002988]
  3  14 350, 0.023816 [0.001223/21.589071] [15158/0.002988]
Epoch 14 done. Evaluation:
(50000, 50000)
(8659, 10000)
  3  15  50, 0.003360 [0.000688/21.567120] [15249/0.002988]
  3  15 100, 0.006773 [0.000964/21.555099] [15299/0.002988]
  3  15 150, 0.010165 [0.001928/21.543075] [15349/0.002988]
  3  15 200, 0.013488 [0.000848/21.531040] [15399/0.002988]
  3  15 250, 0.016841 [0.002743/21.519019] [15449/0.002988]
  3  15 300, 0.020308 [0.000939/21.507046] [15499/0.002988]
  3  15 350, 0.023622 [0.000918/21.495034] [15549/0.002988]
Epoch 15 done. Evaluation:
(50000, 50000)
(8646, 10000)
  3  16  50, 0.003282 [0.000655/21.473202] [15640/0.002988]
  3  16 100, 0.006548 [0.000705/21.461198] [15690/0.002988]
  3  16 150, 0.009951 [0.000994/21.449244] [15740/0.002988]
  3  16 200, 0.013453 [0.000771/21.437324] [15790/0.002988]
  3  16 250, 0.016778 [0.000832/21.425365] [15840/0.002988]
  3  16 300, 0.020120 [0.000671/21.413422] [15890/0.002988]
  3  16 350, 0.023488 [0.000906/21.401492] [15940/0.002988]
Epoch 16 done. Evaluation:
(50000, 50000)
(8650, 10000)
  3  17  50, 0.003503 [0.002922/21.379844] [16031/0.002988]
  3  17 100, 0.006810 [0.000963/21.367916] [16081/0.002988]
  3  17 150, 0.010153 [0.000682/21.356012] [16131/0.002988]
  3  17 200, 0.013625 [0.000773/21.344157] [16181/0.002988]
  3  17 250, 0.017012 [0.000955/21.332283] [16231/0.002988]
  3  17 300, 0.020657 [0.002570/21.320495] [16281/0.002988]
  3  17 350, 0.023969 [0.000786/21.308613] [16331/0.002988]
Epoch 17 done. Evaluation:
(50000, 50000)
(8651, 10000)
  3  18  50, 0.003584 [0.000829/21.287147] [16422/0.002988]
  3  18 100, 0.006977 [0.000759/21.275314] [16472/0.002988]
  3  18 150, 0.010277 [0.000911/21.263461] [16522/0.002988]
  3  18 200, 0.013747 [0.003429/21.251665] [16572/0.002988]
  3  18 250, 0.017050 [0.001189/21.239832] [16622/0.002988]
  3  18 300, 0.020364 [0.001311/21.228008] [16672/0.002988]
  3  18 350, 0.023901 [0.002585/21.216261] [16722/0.002988]
Epoch 18 done. Evaluation:
(50000, 50000)
(8650, 10000)
  3  19  50, 0.003304 [0.001229/21.194746] [16813/0.002988]
  3  19 100, 0.006739 [0.001013/21.182993] [16863/0.002988]
  3  19 150, 0.010122 [0.001733/21.171231] [16913/0.002988]
  3  19 200, 0.013687 [0.001296/21.159537] [16963/0.002988]
  3  19 250, 0.017147 [0.000844/21.147813] [17013/0.002988]
  3  19 300, 0.020516 [0.000792/21.136072] [17063/0.002988]
  3  19 350, 0.023993 [0.004701/21.124365] [17113/0.002988]
Epoch 19 done. Evaluation:
(50000, 50000)
(8641, 10000)
  4   0  50, 0.003460 [0.000363/21.108892] [17204/0.002988]
  4   0 100, 0.006849 [0.000377/21.103033] [17254/0.002988]
  4   0 150, 0.010309 [0.000807/21.097187] [17304/0.002988]
  4   0 200, 0.013797 [0.001089/21.091349] [17354/0.002988]
  4   0 250, 0.017091 [0.000344/21.085484] [17404/0.002988]
  4   0 300, 0.020542 [0.000592/21.079646] [17454/0.002988]
  4   0 350, 0.023945 [0.000433/21.073801] [17504/0.002988]
Epoch 0 done. Evaluation:
(50000, 50000)
(8657, 10000)
  4   1  50, 0.003292 [0.000473/21.063175] [17595/0.002988]
  4   1 100, 0.006643 [0.000493/21.057329] [17645/0.002988]
  4   1 150, 0.010134 [0.000855/21.051508] [17695/0.002988]
  4   1 200, 0.013403 [0.000519/21.045651] [17745/0.002988]
  4   1 250, 0.016936 [0.000497/21.039833] [17795/0.002988]
  4   1 300, 0.020456 [0.000583/21.034022] [17845/0.002988]
  4   1 350, 0.023886 [0.000380/21.028200] [17895/0.002988]
Epoch 1 done. Evaluation:
(50000, 50000)
(8655, 10000)
  4   2  50, 0.003302 [0.000465/21.017591] [17986/0.002988]
  4   2 100, 0.006502 [0.000408/21.011738] [18036/0.002988]
  4   2 150, 0.009807 [0.000335/21.005903] [18086/0.002988]
  4   2 200, 0.013134 [0.000393/21.000073] [18136/0.002988]
  4   2 250, 0.016497 [0.000452/20.994253] [18186/0.002988]
  4   2 300, 0.019947 [0.000845/20.988446] [18236/0.002988]
  4   2 350, 0.023397 [0.000461/20.982643] [18286/0.002988]
Epoch 2 done. Evaluation:
(50000, 50000)
(8662, 10000)
  4   3  50, 0.003504 [0.000493/20.972095] [18377/0.002988]
  4   3 100, 0.006796 [0.000526/20.966272] [18427/0.002988]
  4   3 150, 0.010206 [0.000684/20.960470] [18477/0.002988]
  4   3 200, 0.013648 [0.000490/20.954675] [18527/0.002988]
  4   3 250, 0.017003 [0.000649/20.948868] [18577/0.002988]
  4   3 300, 0.020449 [0.000511/20.943077] [18627/0.002988]
  4   3 350, 0.023801 [0.000462/20.937273] [18677/0.002988]
Epoch 3 done. Evaluation:
(50000, 50000)
(8637, 10000)
  4   4  50, 0.003244 [0.000480/20.926715] [18768/0.002988]
  4   4 100, 0.006669 [0.001600/20.920928] [18818/0.002988]
  4   4 150, 0.009908 [0.000533/20.915113] [18868/0.002988]
  4   4 200, 0.013249 [0.000468/20.909319] [18918/0.002988]
  4   4 250, 0.016585 [0.000534/20.903526] [18968/0.002988]
  4   4 300, 0.020130 [0.000370/20.897766] [19018/0.002988]
  4   4 350, 0.023443 [0.000660/20.891972] [19068/0.002988]
Epoch 4 done. Evaluation:
(50000, 50000)
(8655, 10000)
  4   5  50, 0.003361 [0.000920/20.881467] [19159/0.002988]
  4   5 100, 0.006707 [0.000723/20.875686] [19209/0.002988]
  4   5 150, 0.010101 [0.000506/20.869914] [19259/0.002988]
  4   5 200, 0.013349 [0.000443/20.864119] [19309/0.002988]
  4   5 250, 0.016671 [0.000672/20.858339] [19359/0.002988]
  4   5 300, 0.020143 [0.001187/20.852585] [19409/0.002988]
  4   5 350, 0.023609 [0.000475/20.846833] [19459/0.002988]
Epoch 5 done. Evaluation:
(50000, 50000)
(8655, 10000)
  4   6  50, 0.003316 [0.000350/20.836333] [19550/0.002988]
  4   6 100, 0.006660 [0.000308/20.830568] [19600/0.002988]
  4   6 150, 0.009900 [0.000301/20.824787] [19650/0.002988]
  4   6 200, 0.013119 [0.000535/20.819004] [19700/0.002988]
  4   6 250, 0.016526 [0.000644/20.813254] [19750/0.002988]
  4   6 300, 0.019732 [0.000527/20.807472] [19800/0.002988]
  4   6 350, 0.023102 [0.000599/20.801719] [19850/0.002988]
Epoch 6 done. Evaluation:
(50000, 50000)
(8654, 10000)
  4   7  50, 0.003427 [0.000618/20.791268] [19941/0.002988]
  4   7 100, 0.006672 [0.000380/20.785502] [19991/0.002988]
  4   7 150, 0.009915 [0.000558/20.779737] [20041/0.002988]
  4   7 200, 0.013229 [0.000656/20.773986] [20091/0.002988]
  4   7 250, 0.016550 [0.000310/20.768238] [20141/0.002988]
  4   7 300, 0.019883 [0.000389/20.762492] [20191/0.002988]
  4   7 350, 0.023061 [0.000508/20.756724] [20241/0.002988]
Epoch 7 done. Evaluation:
(50000, 50000)
(8655, 10000)
  4   8  50, 0.003393 [0.000622/20.746291] [20332/0.002988]
  4   8 100, 0.006970 [0.000625/20.740592] [20382/0.002988]
  4   8 150, 0.010427 [0.000515/20.734878] [20432/0.002988]
  4   8 200, 0.013756 [0.000315/20.729145] [20482/0.002988]
  4   8 250, 0.017064 [0.000808/20.723412] [20532/0.002988]
  4   8 300, 0.020428 [0.000699/20.717689] [20582/0.002988]
  4   8 350, 0.023829 [0.000438/20.711975] [20632/0.002988]
Epoch 8 done. Evaluation:
(50000, 50000)
(8651, 10000)
  4   9  50, 0.003301 [0.000731/20.701553] [20723/0.002988]
  4   9 100, 0.006745 [0.000510/20.695851] [20773/0.002988]
  4   9 150, 0.010108 [0.000566/20.690138] [20823/0.002988]
  4   9 200, 0.013435 [0.000444/20.684422] [20873/0.002988]
  4   9 250, 0.016859 [0.000274/20.678723] [20923/0.002988]
  4   9 300, 0.020260 [0.000478/20.673023] [20973/0.002988]
  4   9 350, 0.023709 [0.000460/20.667332] [21023/0.002988]
Epoch 9 done. Evaluation:
(50000, 50000)
(8631, 10000)
  4  10  50, 0.003346 [0.000796/20.656957] [21114/0.002988]
  4  10 100, 0.006855 [0.000347/20.651276] [21164/0.002988]
  4  10 150, 0.010363 [0.000861/20.645603] [21214/0.002988]
  4  10 200, 0.013708 [0.000376/20.639905] [21264/0.002988]
  4  10 250, 0.017227 [0.000351/20.634238] [21314/0.002988]
  4  10 300, 0.020635 [0.000583/20.628555] [21364/0.002988]
  4  10 350, 0.023893 [0.000787/20.622847] [21414/0.002988]
Epoch 10 done. Evaluation:
(50000, 50000)
(8660, 10000)
  4  11  50, 0.003451 [0.000419/20.612518] [21505/0.002988]
  4  11 100, 0.006877 [0.000622/20.606842] [21555/0.002988]
  4  11 150, 0.010293 [0.000359/20.601171] [21605/0.002988]
  4  11 200, 0.013720 [0.000682/20.595503] [21655/0.002988]
  4  11 250, 0.017060 [0.000806/20.589821] [21705/0.002988]
  4  11 300, 0.020413 [0.000993/20.584142] [21755/0.002988]
  4  11 350, 0.023825 [0.000575/20.578476] [21805/0.002988]
Epoch 11 done. Evaluation:
(50000, 50000)
(8647, 10000)
  4  12  50, 0.003463 [0.000717/20.568168] [21896/0.002988]
  4  12 100, 0.006866 [0.000315/20.562510] [21946/0.002988]
  4  12 150, 0.010174 [0.000582/20.556834] [21996/0.002988]
  4  12 200, 0.013510 [0.000502/20.551167] [22046/0.002988]
  4  12 250, 0.016911 [0.000461/20.545511] [22096/0.002988]
  4  12 300, 0.020204 [0.000514/20.539838] [22146/0.002988]
  4  12 350, 0.023517 [0.000435/20.534173] [22196/0.002988]
Epoch 12 done. Evaluation:
(50000, 50000)
(8634, 10000)
  4  13  50, 0.003466 [0.000570/20.523898] [22287/0.002988]
  4  13 100, 0.006830 [0.000440/20.518245] [22337/0.002988]
  4  13 150, 0.010153 [0.000455/20.512587] [22387/0.002988]
  4  13 200, 0.013444 [0.000901/20.506928] [22437/0.002988]
  4  13 250, 0.016761 [0.000741/20.501274] [22487/0.002988]
  4  13 300, 0.020123 [0.000405/20.495628] [22537/0.002988]
  4  13 350, 0.023584 [0.000551/20.490000] [22587/0.002988]
Epoch 13 done. Evaluation:
(50000, 50000)
(8634, 10000)
  4  14  50, 0.003324 [0.000307/20.479735] [22678/0.002988]
  4  14 100, 0.006859 [0.000404/20.474128] [22728/0.002988]
  4  14 150, 0.010228 [0.000474/20.468494] [22778/0.002988]
  4  14 200, 0.013602 [0.000476/20.462864] [22828/0.002988]
  4  14 250, 0.016984 [0.001007/20.457237] [22878/0.002988]
  4  14 300, 0.020365 [0.000606/20.451610] [22928/0.002988]
  4  14 350, 0.023799 [0.000382/20.445997] [22978/0.002988]
Epoch 14 done. Evaluation:
(50000, 50000)
(8639, 10000)
  4  15  50, 0.003538 [0.000473/20.435812] [23069/0.002988]
  4  15 100, 0.006952 [0.000685/20.430200] [23119/0.002988]
  4  15 150, 0.010408 [0.000338/20.424597] [23169/0.002988]
  4  15 200, 0.013780 [0.000682/20.418982] [23219/0.002988]
  4  15 250, 0.017280 [0.000637/20.413389] [23269/0.002988]
  4  15 300, 0.020715 [0.000589/20.407789] [23319/0.002988]
  4  15 350, 0.024261 [0.000380/20.402206] [23369/0.002988]
Epoch 15 done. Evaluation:
(50000, 50000)
(8643, 10000)
  4  16  50, 0.003338 [0.001026/20.391993] [23460/0.002988]
  4  16 100, 0.006771 [0.000415/20.386398] [23510/0.002988]
  4  16 150, 0.010224 [0.000366/20.380810] [23560/0.002988]
  4  16 200, 0.013552 [0.000367/20.375202] [23610/0.002988]
  4  16 250, 0.016812 [0.000326/20.369584] [23660/0.002988]
  4  16 300, 0.020136 [0.000609/20.363979] [23710/0.002988]
  4  16 350, 0.023484 [0.000317/20.358380] [23760/0.002988]
Epoch 16 done. Evaluation:
(50000, 50000)
(8649, 10000)
  4  17  50, 0.003324 [0.000364/20.348209] [23851/0.002988]
  4  17 100, 0.006732 [0.000465/20.342627] [23901/0.002988]
  4  17 150, 0.010181 [0.001316/20.337052] [23951/0.002988]
  4  17 200, 0.013508 [0.000574/20.331459] [24001/0.002988]
  4  17 250, 0.016868 [0.000550/20.325875] [24051/0.002988]
  4  17 300, 0.020165 [0.000422/20.320282] [24101/0.002988]
  4  17 350, 0.023535 [0.000841/20.314702] [24151/0.002988]
Epoch 17 done. Evaluation:
(50000, 50000)
(8649, 10000)
  4  18  50, 0.003369 [0.000485/20.304539] [24242/0.002988]
  4  18 100, 0.006677 [0.000606/20.298954] [24292/0.002988]
  4  18 150, 0.010126 [0.000666/20.293396] [24342/0.002988]
  4  18 200, 0.013527 [0.000427/20.287833] [24392/0.002988]
  4  18 250, 0.016924 [0.000542/20.282271] [24442/0.002988]
  4  18 300, 0.020279 [0.000887/20.276703] [24492/0.002988]
  4  18 350, 0.023643 [0.000455/20.271139] [24542/0.002988]
Epoch 18 done. Evaluation:
(50000, 50000)
(8649, 10000)
  4  19  50, 0.003385 [0.000390/20.261036] [24633/0.002988]
  4  19 100, 0.006879 [0.000359/20.255499] [24683/0.002988]
  4  19 150, 0.010184 [0.000344/20.249934] [24733/0.002988]
  4  19 200, 0.013466 [0.000376/20.244364] [24783/0.002988]
  4  19 250, 0.016691 [0.000469/20.238789] [24833/0.002988]
  4  19 300, 0.019982 [0.000407/20.233226] [24883/0.002988]
  4  19 350, 0.023323 [0.000281/20.227674] [24933/0.002988]
Epoch 19 done. Evaluation:
(50000, 50000)
(8639, 10000)
