Sequential (
  (conv1_1): Sequential (
    (0): Conv2d(3, 32, kernel_size=(3, 3), stride=(1, 1), padding=(1, 1))
    (1): BatchNorm2d(32, eps=1e-05, momentum=0.1, affine=True)
    (2): ReLU (inplace)
  )
  (conv1_2): Sequential (
    (0): Conv2d(32, 32, kernel_size=(3, 3), stride=(1, 1), padding=(1, 1))
    (1): BatchNorm2d(32, eps=1e-05, momentum=0.1, affine=True)
    (2): ReLU (inplace)
  )
  (pool1): MaxPool2d (size=(2, 2), stride=(2, 2), dilation=(1, 1))
  (conv2_1): Sequential (
    (0): Conv2d(32, 64, kernel_size=(3, 3), stride=(1, 1), padding=(1, 1))
    (1): BatchNorm2d(64, eps=1e-05, momentum=0.1, affine=True)
    (2): ReLU (inplace)
  )
  (conv2_2): Sequential (
    (0): Conv2d(64, 64, kernel_size=(3, 3), stride=(1, 1), padding=(1, 1))
    (1): BatchNorm2d(64, eps=1e-05, momentum=0.1, affine=True)
    (2): ReLU (inplace)
  )
  (pool2): MaxPool2d (size=(2, 2), stride=(2, 2), dilation=(1, 1))
  (conv3_1): Sequential (
    (0): Conv2d(64, 128, kernel_size=(3, 3), stride=(1, 1), padding=(1, 1))
    (1): BatchNorm2d(128, eps=1e-05, momentum=0.1, affine=True)
    (2): ReLU (inplace)
  )
  (conv3_2): Sequential (
    (0): Conv2d(128, 128, kernel_size=(3, 3), stride=(1, 1), padding=(1, 1))
    (1): BatchNorm2d(128, eps=1e-05, momentum=0.1, affine=True)
    (2): ReLU (inplace)
  )
  (pool3): MaxPool2d (size=(2, 2), stride=(2, 2), dilation=(1, 1))
  (conv4_1): Sequential (
    (0): Conv2d(128, 256, kernel_size=(3, 3), stride=(1, 1), padding=(1, 1))
    (1): BatchNorm2d(256, eps=1e-05, momentum=0.1, affine=True)
    (2): ReLU (inplace)
  )
  (conv4_2): Sequential (
    (0): Conv2d(256, 256, kernel_size=(3, 3), stride=(1, 1), padding=(1, 1))
    (1): BatchNorm2d(256, eps=1e-05, momentum=0.1, affine=True)
    (2): ReLU (inplace)
  )
  (pool4): MaxPool2d (size=(2, 2), stride=(2, 2), dilation=(1, 1))
  (conv5_1): Sequential (
    (0): Conv2d(256, 256, kernel_size=(3, 3), stride=(1, 1), padding=(1, 1))
    (1): BatchNorm2d(256, eps=1e-05, momentum=0.1, affine=True)
    (2): ReLU (inplace)
  )
  (conv5_2): Sequential (
    (0): Conv2d(256, 256, kernel_size=(3, 3), stride=(1, 1), padding=(1, 1))
    (1): BatchNorm2d(256, eps=1e-05, momentum=0.1, affine=True)
    (2): ReLU (inplace)
  )
  (pool5): MaxPool2d (size=(2, 2), stride=(2, 2), dilation=(1, 1))
  (fc6): Sequential (
    (0): Conv2d(256, 256, kernel_size=(1, 1), stride=(1, 1))
    (1): BatchNorm2d(256, eps=1e-05, momentum=0.1, affine=True)
    (2): ReLU (inplace)
  )
  (logit): Conv2d(256, 10, kernel_size=(1, 1), stride=(1, 1))
  (flatter): Flatten()
)
{'L1_decay': 5e-06,
 'batch_size': 128,
 'force_name': True,
 'graphfolder': 'logs/exp5_graphs/',
 'learning_rate': 0.1,
 'logfile': 'logs/exp5.log',
 'mode': '',
 'name': 'exp5',
 'num_base': 32,
 'optimizer': 'SGD',
 'weight_decay': 0.008}
Decayed training with schedule: [20, 20, 20, 20, 20, 20, 20]
  0   0  50, 1.805422 [0.430654/69.385515] [   0/1.805422]
  0   0 100, 3.246518 [0.394843/66.721068] [  50/1.805422]
  0   0 150, 4.583214 [0.367527/64.154031] [ 100/1.805422]
  0   0 200, 5.802787 [0.357364/61.691628] [ 150/1.805422]
  0   0 250, 6.946962 [0.340993/59.327035] [ 200/1.805422]
  0   0 300, 8.035303 [0.318949/57.054967] [ 250/1.805422]
  0   0 350, 9.033513 [0.324340/54.877364] [ 300/1.805422]
Epoch 0 done. Evaluation:
(27341, 50000)
(4348, 10000)
  0   1  50, 0.908229 [0.290360/51.141603] [   0/0.908229]
  0   1 100, 1.785460 [0.376134/49.206077] [  50/0.908229]
  0   1 150, 2.653152 [0.316434/47.345458] [ 100/0.908229]
  0   1 200, 3.484761 [0.355227/45.563550] [ 150/0.908229]
  0   1 250, 4.313782 [0.344244/43.856015] [ 200/0.908229]
  0   1 300, 5.113516 [0.320438/42.219192] [ 250/0.908229]
  0   1 350, 5.904136 [0.363569/40.647055] [ 300/0.908229]
Epoch 1 done. Evaluation:
(35384, 50000)
(6711, 10000)
  0   2  50, 0.730654 [0.347663/37.963614] [   0/0.730654]
  0   2 100, 1.433695 [0.354126/36.581929] [  50/0.730654]
  0   2 150, 2.117936 [0.371679/35.253839] [ 100/0.730654]
  0   2 200, 2.822353 [0.347079/33.978655] [ 150/0.730654]
  0   2 250, 3.548354 [0.325490/32.759424] [ 200/0.730654]
  0   2 300, 4.249534 [0.329423/31.599043] [ 250/0.730654]
  0   2 350, 4.952743 [0.326593/30.488851] [ 300/0.730654]
Epoch 2 done. Evaluation:
(37908, 50000)
(6476, 10000)
  0   3  50, 0.622449 [0.354717/28.598087] [   0/0.622449]
  0   3 100, 1.275244 [0.378989/27.628014] [  50/0.622449]
  0   3 150, 1.938329 [0.351512/26.702304] [ 100/0.622449]
  0   3 200, 2.580351 [0.332178/25.817337] [ 150/0.622449]
  0   3 250, 3.224359 [0.358254/24.966542] [ 200/0.622449]
  0   3 300, 3.853483 [0.382089/24.161854] [ 250/0.622449]
  0   3 350, 4.486279 [0.359101/23.389717] [ 300/0.622449]
Epoch 3 done. Evaluation:
(39167, 50000)
(6731, 10000)
  0   4  50, 0.631137 [0.436922/22.096376] [ 391/0.622449]
  0   4 100, 1.226957 [0.368420/21.442121] [ 441/0.622449]
  0   4 150, 1.812264 [0.334389/20.813555] [ 491/0.622449]
  0   4 200, 2.404876 [0.339708/20.229536] [ 541/0.622449]
  0   4 250, 3.027931 [0.315536/19.658175] [ 591/0.622449]
  0   4 300, 3.633019 [0.318683/19.121606] [ 641/0.622449]
  0   4 350, 4.255889 [0.386326/18.606786] [ 691/0.622449]
Epoch 4 done. Evaluation:
(39789, 50000)
(7210, 10000)
  0   5  50, 0.555696 [0.381860/17.762112] [   0/0.555696]
  0   5 100, 1.157260 [0.351262/17.346024] [  50/0.555696]
  0   5 150, 1.731855 [0.290097/16.937383] [ 100/0.555696]
  0   5 200, 2.320330 [0.382507/16.555125] [ 150/0.555696]
  0   5 250, 2.895825 [0.436761/16.201199] [ 200/0.555696]
  0   5 300, 3.501727 [0.409730/15.863240] [ 250/0.555696]
  0   5 350, 4.098130 [0.372258/15.544651] [ 300/0.555696]
Epoch 5 done. Evaluation:
(40437, 50000)
(7210, 10000)
  0   6  50, 0.523741 [0.392212/15.036695] [   0/0.523741]
  0   6 100, 1.086681 [0.340784/14.795762] [  50/0.523741]
  0   6 150, 1.639965 [0.331141/14.561604] [ 100/0.523741]
  0   6 200, 2.213879 [0.456278/14.347103] [ 150/0.523741]
  0   6 250, 2.782739 [0.411294/14.143576] [ 200/0.523741]
  0   6 300, 3.364405 [0.454174/13.956751] [ 250/0.523741]
  0   6 350, 3.966170 [0.346467/13.774415] [ 300/0.523741]
Epoch 6 done. Evaluation:
(40706, 50000)
(6577, 10000)
  0   7  50, 0.539600 [0.391166/13.488170] [ 391/0.523741]
  0   7 100, 1.070122 [0.417875/13.358082] [ 441/0.523741]
  0   7 150, 1.629422 [0.378517/13.251946] [ 491/0.523741]
  0   7 200, 2.190020 [0.375004/13.148764] [ 541/0.523741]
  0   7 250, 2.744470 [0.357040/13.028723] [ 591/0.523741]
  0   7 300, 3.313125 [0.436077/12.914774] [ 641/0.523741]
  0   7 350, 3.905861 [0.369789/12.822430] [ 691/0.523741]
Epoch 7 done. Evaluation:
(40875, 50000)
(6732, 10000)
  0   8  50, 0.514475 [0.368121/12.688305] [   0/0.514475]
  0   8 100, 1.033100 [0.415215/12.622481] [  50/0.514475]
  0   8 150, 1.588376 [0.425925/12.558414] [ 100/0.514475]
  0   8 200, 2.143833 [0.394140/12.517982] [ 150/0.514475]
  0   8 250, 2.698640 [0.336119/12.465446] [ 200/0.514475]
  0   8 300, 3.252282 [0.348923/12.391081] [ 250/0.514475]
  0   8 350, 3.800334 [0.369632/12.347353] [ 300/0.514475]
Epoch 8 done. Evaluation:
(41134, 50000)
(5303, 10000)
  0   9  50, 0.521771 [0.359203/12.243224] [ 391/0.514475]
  0   9 100, 1.060734 [0.400250/12.226193] [ 441/0.514475]
  0   9 150, 1.610535 [0.408608/12.214290] [ 491/0.514475]
  0   9 200, 2.135815 [0.449688/12.182988] [ 541/0.514475]
  0   9 250, 2.686163 [0.371860/12.153632] [ 591/0.514475]
  0   9 300, 3.234216 [0.426404/12.154880] [ 641/0.514475]
  0   9 350, 3.763928 [0.367818/12.121527] [ 691/0.514475]
Epoch 9 done. Evaluation:
(41332, 50000)
(6440, 10000)
  0  10  50, 0.486709 [0.451407/12.079415] [   0/0.486709]
  0  10 100, 0.997445 [0.431726/12.076997] [  50/0.486709]
  0  10 150, 1.516911 [0.360551/12.065074] [ 100/0.486709]
  0  10 200, 2.062857 [0.378771/12.105728] [ 150/0.486709]
  0  10 250, 2.591276 [0.464854/12.084571] [ 200/0.486709]
  0  10 300, 3.141822 [0.473458/12.052283] [ 250/0.486709]
  0  10 350, 3.684634 [0.360565/12.035963] [ 300/0.486709]
Epoch 10 done. Evaluation:
(41442, 50000)
(5908, 10000)
  0  11  50, 0.473652 [0.360615/12.029005] [   0/0.473652]
  0  11 100, 0.981503 [0.338553/12.026803] [  50/0.473652]
  0  11 150, 1.493872 [0.412989/12.034007] [ 100/0.473652]
  0  11 200, 2.021960 [0.353960/12.032821] [ 150/0.473652]
  0  11 250, 2.535945 [0.467950/12.026190] [ 200/0.473652]
  0  11 300, 3.076275 [0.402615/12.021481] [ 250/0.473652]
  0  11 350, 3.603344 [0.397258/12.025472] [ 300/0.473652]
Epoch 11 done. Evaluation:
(41708, 50000)
(6872, 10000)
  0  12  50, 0.500421 [0.383540/12.046522] [ 391/0.473652]
  0  12 100, 1.001042 [0.467809/12.046627] [ 441/0.473652]
  0  12 150, 1.492499 [0.451663/12.048503] [ 491/0.473652]
  0  12 200, 2.000734 [0.334604/12.047480] [ 541/0.473652]
  0  12 250, 2.514285 [0.466797/12.046522] [ 591/0.473652]
  0  12 300, 3.042030 [0.488885/12.031505] [ 641/0.473652]
  0  12 350, 3.588705 [0.424621/12.020810] [ 691/0.473652]
Epoch 12 done. Evaluation:
(41703, 50000)
(6491, 10000)
  0  13  50, 0.468998 [0.396092/12.023048] [   0/0.468998]
  0  13 100, 0.976822 [0.397068/12.034549] [  50/0.468998]
  0  13 150, 1.458830 [0.457800/12.022274] [ 100/0.468998]
  0  13 200, 1.962450 [0.392494/12.028716] [ 150/0.468998]
  0  13 250, 2.451443 [0.416585/12.022284] [ 200/0.468998]
  0  13 300, 2.980576 [0.444170/12.028927] [ 250/0.468998]
  0  13 350, 3.496979 [0.452266/12.032601] [ 300/0.468998]
Epoch 13 done. Evaluation:
(41846, 50000)
(6667, 10000)
  0  14  50, 0.462487 [0.375736/12.037787] [   0/0.462487]
  0  14 100, 0.950316 [0.411297/12.047849] [  50/0.462487]
  0  14 150, 1.461534 [0.458700/12.064025] [ 100/0.462487]
  0  14 200, 1.939819 [0.403710/12.053462] [ 150/0.462487]
  0  14 250, 2.451001 [0.412564/12.063234] [ 200/0.462487]
  0  14 300, 2.954502 [0.518911/12.073339] [ 250/0.462487]
  0  14 350, 3.475966 [0.388383/12.063500] [ 300/0.462487]
Epoch 14 done. Evaluation:
(41935, 50000)
(4487, 10000)
  0  15  50, 0.442107 [0.524464/12.081345] [   0/0.442107]
  0  15 100, 0.928537 [0.344956/12.091990] [  50/0.442107]
  0  15 150, 1.426812 [0.496649/12.097535] [ 100/0.442107]
  0  15 200, 1.920612 [0.515053/12.104213] [ 150/0.442107]
  0  15 250, 2.418974 [0.523380/12.101334] [ 200/0.442107]
  0  15 300, 2.913933 [0.405967/12.087005] [ 250/0.442107]
  0  15 350, 3.425084 [0.379542/12.091488] [ 300/0.442107]
Epoch 15 done. Evaluation:
(42054, 50000)
(6995, 10000)
  0  16  50, 0.446214 [0.475710/12.100470] [ 391/0.442107]
  0  16 100, 0.936397 [0.491118/12.127627] [ 441/0.442107]
  0  16 150, 1.420933 [0.600295/12.128435] [ 491/0.442107]
  0  16 200, 1.917081 [0.485536/12.155393] [ 541/0.442107]
  0  16 250, 2.406477 [0.385010/12.147810] [ 591/0.442107]
  0  16 300, 2.873752 [0.401760/12.128676] [ 641/0.442107]
  0  16 350, 3.362225 [0.466416/12.117661] [ 691/0.442107]
Epoch 16 done. Evaluation:
(42232, 50000)
(5848, 10000)
  0  17  50, 0.461414 [0.444778/12.136561] [ 782/0.442107]
  0  17 100, 0.916433 [0.409403/12.148945] [ 832/0.442107]
  0  17 150, 1.417726 [0.501243/12.172932] [ 882/0.442107]
  0  17 200, 1.884913 [0.457619/12.158440] [ 932/0.442107]
  0  17 250, 2.353599 [0.420424/12.141937] [ 982/0.442107]
  0  17 300, 2.852350 [0.386326/12.142069] [1032/0.442107]
  0  17 350, 3.352312 [0.499801/12.145720] [1082/0.442107]
Epoch 17 done. Evaluation:
(42326, 50000)
(7309, 10000)
  0  18  50, 0.453950 [0.510960/12.143887] [1173/0.442107]
  0  18 100, 0.924795 [0.503213/12.162770] [1223/0.442107]
  0  18 150, 1.400788 [0.375526/12.172911] [1273/0.442107]
  0  18 200, 1.887240 [0.441744/12.193400] [1323/0.442107]
  0  18 250, 2.393542 [0.332189/12.211583] [1373/0.442107]
  0  18 300, 2.881894 [0.414741/12.204789] [1423/0.442107]
  0  18 350, 3.350619 [0.412510/12.191564] [1473/0.442107]
Epoch 18 done. Evaluation:
(42294, 50000)
(7299, 10000)
  0  19  50, 0.447764 [0.377109/12.171545] [1564/0.442107]
  0  19 100, 0.932517 [0.368215/12.208010] [1614/0.442107]
  0  19 150, 1.418676 [0.423755/12.225768] [1664/0.442107]
  0  19 200, 1.895799 [0.502590/12.228370] [1714/0.442107]
  0  19 250, 2.401652 [0.459872/12.228039] [1764/0.442107]
  0  19 300, 2.871485 [0.399686/12.219937] [1814/0.442107]
  0  19 350, 3.333846 [0.449685/12.201968] [1864/0.442107]
Epoch 19 done. Evaluation:
(42355, 50000)
(6393, 10000)
  1   0  50, 0.346748 [0.198071/12.111754] [   0/0.346748]
  1   0 100, 0.668066 [0.202055/12.025438] [  50/0.346748]
  1   0 150, 0.995627 [0.252660/11.942718] [ 100/0.346748]
  1   0 200, 1.319977 [0.247471/11.866966] [ 150/0.346748]
  1   0 250, 1.637916 [0.175735/11.799509] [ 200/0.346748]
  1   0 300, 1.969194 [0.230255/11.737230] [ 250/0.346748]
  1   0 350, 2.300767 [0.231813/11.680569] [ 300/0.346748]
Epoch 0 done. Evaluation:
(44917, 50000)
(7524, 10000)
  1   1  50, 0.260631 [0.297605/11.588442] [   0/0.260631]
  1   1 100, 0.553793 [0.257676/11.555134] [  50/0.260631]
  1   1 150, 0.871666 [0.311583/11.538625] [ 100/0.260631]
  1   1 200, 1.189891 [0.214532/11.517538] [ 150/0.260631]
  1   1 250, 1.544057 [0.280080/11.493054] [ 200/0.260631]
  1   1 300, 1.882079 [0.284050/11.477960] [ 250/0.260631]
  1   1 350, 2.220691 [0.306918/11.458885] [ 300/0.260631]
Epoch 1 done. Evaluation:
(44962, 50000)
(7092, 10000)
  1   2  50, 0.302715 [0.234428/11.417016] [ 391/0.260631]
  1   2 100, 0.605548 [0.268028/11.406248] [ 441/0.260631]
  1   2 150, 0.933579 [0.253038/11.397090] [ 491/0.260631]
  1   2 200, 1.255461 [0.210623/11.385308] [ 541/0.260631]
  1   2 250, 1.598887 [0.261239/11.385286] [ 591/0.260631]
  1   2 300, 1.956235 [0.269425/11.385858] [ 641/0.260631]
  1   2 350, 2.302500 [0.293883/11.387912] [ 691/0.260631]
Epoch 2 done. Evaluation:
(44837, 50000)
(7494, 10000)
  1   3  50, 0.274619 [0.186256/11.372296] [ 782/0.260631]
  1   3 100, 0.593090 [0.235665/11.375568] [ 832/0.260631]
  1   3 150, 0.931994 [0.269838/11.391372] [ 882/0.260631]
  1   3 200, 1.267065 [0.302474/11.398529] [ 932/0.260631]
  1   3 250, 1.609550 [0.296828/11.401154] [ 982/0.260631]
  1   3 300, 1.972760 [0.278674/11.413221] [1032/0.260631]
  1   3 350, 2.309477 [0.253786/11.408224] [1082/0.260631]
Epoch 3 done. Evaluation:
(44811, 50000)
(7115, 10000)
  1   4  50, 0.288130 [0.279577/11.402393] [1173/0.260631]
  1   4 100, 0.624897 [0.323587/11.413928] [1223/0.260631]
  1   4 150, 0.921427 [0.268382/11.415931] [1273/0.260631]
  1   4 200, 1.253942 [0.224787/11.428520] [1323/0.260631]
  1   4 250, 1.585896 [0.244358/11.429668] [1373/0.260631]
  1   4 300, 1.941277 [0.315168/11.442948] [1423/0.260631]
  1   4 350, 2.310485 [0.274753/11.452689] [1473/0.260631]
Epoch 4 done. Evaluation:
(44784, 50000)
(7657, 10000)
  1   5  50, 0.293393 [0.247202/11.443101] [1564/0.260631]
  1   5 100, 0.618495 [0.328423/11.468160] [1614/0.260631]
  1   5 150, 0.946973 [0.311319/11.485758] [1664/0.260631]
  1   5 200, 1.281691 [0.262897/11.497521] [1714/0.260631]
  1   5 250, 1.620337 [0.223339/11.500283] [1764/0.260631]
  1   5 300, 1.958929 [0.287444/11.504314] [1814/0.260631]
  1   5 350, 2.314343 [0.271107/11.503075] [1864/0.260631]
Epoch 5 done. Evaluation:
(44829, 50000)
(6438, 10000)
  1   6  50, 0.284014 [0.229219/11.502318] [1955/0.260631]
  1   6 100, 0.618691 [0.304237/11.512943] [2005/0.260631]
  1   6 150, 0.958183 [0.203577/11.528284] [2055/0.260631]
  1   6 200, 1.284594 [0.279027/11.539219] [2105/0.260631]
  1   6 250, 1.616905 [0.268854/11.544520] [2155/0.260631]
  1   6 300, 1.953798 [0.342857/11.551087] [2205/0.260631]
  1   6 350, 2.318257 [0.285018/11.571561] [2255/0.260631]
Epoch 6 done. Evaluation:
(44790, 50000)
(8126, 10000)
  1   7  50, 0.283859 [0.319150/11.567338] [2346/0.260631]
  1   7 100, 0.589978 [0.286116/11.572621] [2396/0.260631]
  1   7 150, 0.901595 [0.296953/11.569228] [2446/0.260631]
  1   7 200, 1.209021 [0.232682/11.567529] [2496/0.260631]
  1   7 250, 1.534466 [0.263583/11.574998] [2546/0.260631]
  1   7 300, 1.885247 [0.357074/11.589920] [2596/0.260631]
  1   7 350, 2.227932 [0.299691/11.610342] [2646/0.260631]
Epoch 7 done. Evaluation:
(44941, 50000)
(7988, 10000)
  1   8  50, 0.272527 [0.241524/11.592676] [2737/0.260631]
  1   8 100, 0.583252 [0.302495/11.602516] [2787/0.260631]
  1   8 150, 0.913337 [0.283175/11.601834] [2837/0.260631]
  1   8 200, 1.252668 [0.230843/11.606600] [2887/0.260631]
  1   8 250, 1.584181 [0.223504/11.605016] [2937/0.260631]
  1   8 300, 1.915395 [0.275926/11.608252] [2987/0.260631]
  1   8 350, 2.235256 [0.293583/11.610069] [3037/0.260631]
Epoch 8 done. Evaluation:
(45072, 50000)
(7554, 10000)
  1   9  50, 0.282851 [0.197343/11.607706] [3128/0.260631]
  1   9 100, 0.581926 [0.222697/11.607456] [3178/0.260631]
  1   9 150, 0.892076 [0.308517/11.608973] [3228/0.260631]
  1   9 200, 1.217442 [0.285095/11.618310] [3278/0.260631]
  1   9 250, 1.543111 [0.220023/11.635595] [3328/0.260631]
  1   9 300, 1.877214 [0.388608/11.643365] [3378/0.260631]
  1   9 350, 2.207509 [0.284955/11.655074] [3428/0.260631]
Epoch 9 done. Evaluation:
(44960, 50000)
(6835, 10000)
  1  10  50, 0.289288 [0.327664/11.672405] [3519/0.260631]
  1  10 100, 0.587636 [0.271121/11.682107] [3569/0.260631]
  1  10 150, 0.910074 [0.292560/11.690319] [3619/0.260631]
  1  10 200, 1.217242 [0.274310/11.699725] [3669/0.260631]
  1  10 250, 1.545190 [0.262833/11.711630] [3719/0.260631]
  1  10 300, 1.882942 [0.274281/11.716567] [3769/0.260631]
  1  10 350, 2.213990 [0.261744/11.723589] [3819/0.260631]
Epoch 10 done. Evaluation:
(45011, 50000)
(7482, 10000)
  1  11  50, 0.276020 [0.308128/11.723718] [3910/0.260631]
  1  11 100, 0.590085 [0.262118/11.722196] [3960/0.260631]
  1  11 150, 0.902907 [0.297113/11.734554] [4010/0.260631]
  1  11 200, 1.223182 [0.250929/11.732118] [4060/0.260631]
  1  11 250, 1.542818 [0.297116/11.734584] [4110/0.260631]
  1  11 300, 1.872507 [0.328390/11.731447] [4160/0.260631]
  1  11 350, 2.189460 [0.240665/11.731018] [4210/0.260631]
Epoch 11 done. Evaluation:
(45019, 50000)
(8060, 10000)
  1  12  50, 0.258144 [0.181928/11.727327] [   0/0.258144]
  1  12 100, 0.563867 [0.264008/11.735768] [  50/0.258144]
  1  12 150, 0.869369 [0.272482/11.727173] [ 100/0.258144]
  1  12 200, 1.186341 [0.201594/11.727301] [ 150/0.258144]
  1  12 250, 1.525656 [0.281934/11.749037] [ 200/0.258144]
  1  12 300, 1.874128 [0.247692/11.754273] [ 250/0.258144]
  1  12 350, 2.201930 [0.341028/11.761160] [ 300/0.258144]
Epoch 12 done. Evaluation:
(45173, 50000)
(8238, 10000)
  1  13  50, 0.277528 [0.294561/11.758509] [ 391/0.258144]
  1  13 100, 0.568856 [0.277038/11.770797] [ 441/0.258144]
  1  13 150, 0.887485 [0.289569/11.779446] [ 491/0.258144]
  1  13 200, 1.193677 [0.349223/11.775870] [ 541/0.258144]
  1  13 250, 1.528909 [0.309835/11.776877] [ 591/0.258144]
  1  13 300, 1.844948 [0.317343/11.785553] [ 641/0.258144]
  1  13 350, 2.180259 [0.234293/11.788298] [ 691/0.258144]
Epoch 13 done. Evaluation:
(45153, 50000)
(7744, 10000)
  1  14  50, 0.289776 [0.269657/11.803427] [ 782/0.258144]
  1  14 100, 0.573116 [0.363649/11.801986] [ 832/0.258144]
  1  14 150, 0.870526 [0.312513/11.799973] [ 882/0.258144]
  1  14 200, 1.179076 [0.290812/11.818847] [ 932/0.258144]
  1  14 250, 1.507902 [0.302265/11.819321] [ 982/0.258144]
  1  14 300, 1.818340 [0.251970/11.810560] [1032/0.258144]
  1  14 350, 2.132416 [0.223547/11.799984] [1082/0.258144]
Epoch 14 done. Evaluation:
(45277, 50000)
(7200, 10000)
  1  15  50, 0.290545 [0.351433/11.802072] [1173/0.258144]
  1  15 100, 0.569951 [0.217083/11.803744] [1223/0.258144]
  1  15 150, 0.880354 [0.324017/11.829920] [1273/0.258144]
  1  15 200, 1.197356 [0.335165/11.833737] [1323/0.258144]
  1  15 250, 1.511976 [0.339563/11.841163] [1373/0.258144]
  1  15 300, 1.823960 [0.274678/11.847765] [1423/0.258144]
  1  15 350, 2.139743 [0.309127/11.857026] [1473/0.258144]
Epoch 15 done. Evaluation:
(45167, 50000)
(7827, 10000)
  1  16  50, 0.279164 [0.263670/11.850444] [1564/0.258144]
  1  16 100, 0.560221 [0.284361/11.851697] [1614/0.258144]
  1  16 150, 0.852185 [0.332796/11.866411] [1664/0.258144]
  1  16 200, 1.167650 [0.336002/11.873847] [1714/0.258144]
  1  16 250, 1.482130 [0.298791/11.877896] [1764/0.258144]
  1  16 300, 1.787749 [0.321676/11.871740] [1814/0.258144]
  1  16 350, 2.127307 [0.258932/11.889418] [1864/0.258144]
Epoch 16 done. Evaluation:
(45261, 50000)
(7139, 10000)
  1  17  50, 0.272498 [0.290667/11.879699] [1955/0.258144]
  1  17 100, 0.552370 [0.350294/11.877174] [2005/0.258144]
  1  17 150, 0.843080 [0.271469/11.871692] [2055/0.258144]
  1  17 200, 1.139836 [0.269271/11.877735] [2105/0.258144]
  1  17 250, 1.443038 [0.267575/11.872355] [2155/0.258144]
  1  17 300, 1.753725 [0.366510/11.876782] [2205/0.258144]
  1  17 350, 2.066443 [0.308326/11.875096] [2255/0.258144]
Epoch 17 done. Evaluation:
(45380, 50000)
(7150, 10000)
  1  18  50, 0.280913 [0.305496/11.876093] [2346/0.258144]
  1  18 100, 0.553292 [0.287039/11.872577] [2396/0.258144]
  1  18 150, 0.853278 [0.261574/11.886548] [2446/0.258144]
  1  18 200, 1.179886 [0.351843/11.894128] [2496/0.258144]
  1  18 250, 1.482625 [0.276363/11.899862] [2546/0.258144]
  1  18 300, 1.808970 [0.271710/11.907052] [2596/0.258144]
  1  18 350, 2.124683 [0.223399/11.912329] [2646/0.258144]
Epoch 18 done. Evaluation:
(45268, 50000)
(7794, 10000)
  1  19  50, 0.259326 [0.247887/11.897045] [2737/0.258144]
  1  19 100, 0.530238 [0.210759/11.897195] [2787/0.258144]
  1  19 150, 0.817462 [0.250446/11.898192] [2837/0.258144]
  1  19 200, 1.134409 [0.255566/11.910334] [2887/0.258144]
  1  19 250, 1.419650 [0.293191/11.907471] [2937/0.258144]
  1  19 300, 1.723101 [0.291717/11.909026] [2987/0.258144]
  1  19 350, 2.053214 [0.304468/11.913227] [3037/0.258144]
Epoch 19 done. Evaluation:
(45356, 50000)
(7698, 10000)
  2   0  50, 0.198598 [0.070274/11.867412] [   0/0.198598]
  2   0 100, 0.370654 [0.137704/11.817444] [  50/0.198598]
  2   0 150, 0.548858 [0.079806/11.771041] [ 100/0.198598]
  2   0 200, 0.715421 [0.099863/11.724117] [ 150/0.198598]
  2   0 250, 0.899972 [0.135076/11.683193] [ 200/0.198598]
  2   0 300, 1.093730 [0.153152/11.648264] [ 250/0.198598]
  2   0 350, 1.271987 [0.168736/11.605661] [ 300/0.198598]
Epoch 0 done. Evaluation:
(47543, 50000)
(8279, 10000)
  2   1  50, 0.139804 [0.154505/11.535120] [   0/0.139804]
  2   1 100, 0.293305 [0.159024/11.498157] [  50/0.139804]
  2   1 150, 0.455638 [0.107367/11.468476] [ 100/0.139804]
  2   1 200, 0.601743 [0.110145/11.435361] [ 150/0.139804]
  2   1 250, 0.760075 [0.162278/11.407459] [ 200/0.139804]
  2   1 300, 0.929182 [0.149741/11.387494] [ 250/0.139804]
  2   1 350, 1.119990 [0.173982/11.366687] [ 300/0.139804]
Epoch 1 done. Evaluation:
(47814, 50000)
(8528, 10000)
  2   2  50, 0.146670 [0.110002/11.323113] [ 391/0.139804]
  2   2 100, 0.296214 [0.159072/11.300715] [ 441/0.139804]
  2   2 150, 0.459808 [0.164876/11.279700] [ 491/0.139804]
  2   2 200, 0.619638 [0.153740/11.260255] [ 541/0.139804]
  2   2 250, 0.772949 [0.167952/11.239348] [ 591/0.139804]
  2   2 300, 0.954731 [0.141116/11.227186] [ 641/0.139804]
  2   2 350, 1.128201 [0.209360/11.216080] [ 691/0.139804]
Epoch 2 done. Evaluation:
(47752, 50000)
(8244, 10000)
  2   3  50, 0.148180 [0.126010/11.188892] [ 782/0.139804]
  2   3 100, 0.292199 [0.149845/11.166837] [ 832/0.139804]
  2   3 150, 0.456699 [0.161686/11.155513] [ 882/0.139804]
  2   3 200, 0.622499 [0.163629/11.148587] [ 932/0.139804]
  2   3 250, 0.807914 [0.167934/11.140384] [ 982/0.139804]
  2   3 300, 0.998534 [0.196537/11.134434] [1032/0.139804]
  2   3 350, 1.182768 [0.142653/11.123846] [1082/0.139804]
Epoch 3 done. Evaluation:
(47576, 50000)
(8334, 10000)
  2   4  50, 0.161818 [0.164164/11.113829] [1173/0.139804]
  2   4 100, 0.327451 [0.141817/11.106491] [1223/0.139804]
  2   4 150, 0.496356 [0.162459/11.098587] [1273/0.139804]
  2   4 200, 0.676889 [0.170383/11.094534] [1323/0.139804]
  2   4 250, 0.856775 [0.134142/11.091617] [1373/0.139804]
  2   4 300, 1.029118 [0.166575/11.085204] [1423/0.139804]
  2   4 350, 1.214065 [0.167468/11.082519] [1473/0.139804]
Epoch 4 done. Evaluation:
(47525, 50000)
(8563, 10000)
  2   5  50, 0.164767 [0.142157/11.068385] [1564/0.139804]
  2   5 100, 0.337647 [0.141261/11.065430] [1614/0.139804]
  2   5 150, 0.506478 [0.102269/11.055282] [1664/0.139804]
  2   5 200, 0.682331 [0.167196/11.052879] [1714/0.139804]
  2   5 250, 0.863720 [0.178802/11.053011] [1764/0.139804]
  2   5 300, 1.058955 [0.122509/11.055071] [1814/0.139804]
  2   5 350, 1.248052 [0.184760/11.055376] [1864/0.139804]
Epoch 5 done. Evaluation:
(47414, 50000)
(8103, 10000)
  2   6  50, 0.163622 [0.172938/11.048430] [1955/0.139804]
  2   6 100, 0.327264 [0.235882/11.047230] [2005/0.139804]
  2   6 150, 0.518247 [0.172138/11.045383] [2055/0.139804]
  2   6 200, 0.697323 [0.163059/11.043712] [2105/0.139804]
  2   6 250, 0.886631 [0.193914/11.044577] [2155/0.139804]
  2   6 300, 1.072502 [0.151685/11.046826] [2205/0.139804]
  2   6 350, 1.264497 [0.161891/11.049309] [2255/0.139804]
Epoch 6 done. Evaluation:
(47479, 50000)
(8408, 10000)
  2   7  50, 0.162656 [0.214018/11.046718] [2346/0.139804]
  2   7 100, 0.328320 [0.182246/11.045786] [2396/0.139804]
  2   7 150, 0.508882 [0.178223/11.047060] [2446/0.139804]
  2   7 200, 0.690359 [0.255309/11.053573] [2496/0.139804]
  2   7 250, 0.876756 [0.181787/11.054378] [2546/0.139804]
  2   7 300, 1.075004 [0.121229/11.062170] [2596/0.139804]
  2   7 350, 1.259772 [0.184119/11.067117] [2646/0.139804]
Epoch 7 done. Evaluation:
(47365, 50000)
(8301, 10000)
  2   8  50, 0.152722 [0.196272/11.067979] [2737/0.139804]
  2   8 100, 0.330570 [0.164174/11.073579] [2787/0.139804]
  2   8 150, 0.518747 [0.167041/11.080369] [2837/0.139804]
  2   8 200, 0.705376 [0.235670/11.086739] [2887/0.139804]
  2   8 250, 0.897310 [0.195508/11.085133] [2937/0.139804]
  2   8 300, 1.080612 [0.229945/11.086544] [2987/0.139804]
  2   8 350, 1.281164 [0.147404/11.094299] [3037/0.139804]
Epoch 8 done. Evaluation:
(47333, 50000)
(8094, 10000)
  2   9  50, 0.165524 [0.160905/11.092703] [3128/0.139804]
  2   9 100, 0.319994 [0.200213/11.083580] [3178/0.139804]
  2   9 150, 0.491089 [0.155045/11.084836] [3228/0.139804]
  2   9 200, 0.673832 [0.152302/11.082044] [3278/0.139804]
  2   9 250, 0.855604 [0.205143/11.083828] [3328/0.139804]
  2   9 300, 1.048151 [0.177808/11.086617] [3378/0.139804]
  2   9 350, 1.240305 [0.133338/11.092075] [3428/0.139804]
Epoch 9 done. Evaluation:
(47496, 50000)
(8102, 10000)
  2  10  50, 0.167112 [0.191683/11.104906] [3519/0.139804]
  2  10 100, 0.339086 [0.184530/11.106300] [3569/0.139804]
  2  10 150, 0.512608 [0.175089/11.108304] [3619/0.139804]
  2  10 200, 0.699385 [0.165505/11.113314] [3669/0.139804]
  2  10 250, 0.901485 [0.189968/11.120303] [3719/0.139804]
  2  10 300, 1.093266 [0.145769/11.125103] [3769/0.139804]
  2  10 350, 1.320237 [0.265724/11.136979] [3819/0.139804]
Epoch 10 done. Evaluation:
(47240, 50000)
(8465, 10000)
  2  11  50, 0.155563 [0.183518/11.137845] [3910/0.139804]
  2  11 100, 0.325654 [0.155367/11.136976] [3960/0.139804]
  2  11 150, 0.513171 [0.139126/11.140715] [4010/0.139804]
  2  11 200, 0.690985 [0.136452/11.144803] [4060/0.139804]
  2  11 250, 0.859837 [0.125068/11.142146] [4110/0.139804]
  2  11 300, 1.048504 [0.223448/11.145993] [4160/0.139804]
  2  11 350, 1.238028 [0.233174/11.146614] [4210/0.139804]
Epoch 11 done. Evaluation:
(47393, 50000)
(6747, 10000)
  2  12  50, 0.154808 [0.150137/11.139072] [4301/0.139804]
  2  12 100, 0.305708 [0.154500/11.131675] [4351/0.139804]
  2  12 150, 0.500297 [0.184274/11.133775] [4401/0.139804]
  2  12 200, 0.673950 [0.210520/11.131262] [4451/0.139804]
  2  12 250, 0.860962 [0.202858/11.137148] [4501/0.139804]
  2  12 300, 1.059215 [0.144483/11.148190] [4551/0.139804]
  2  12 350, 1.248567 [0.168481/11.150236] [4601/0.139804]
Epoch 12 done. Evaluation:
(47443, 50000)
(8405, 10000)
  2  13  50, 0.136429 [0.160177/11.135724] [   0/0.136429]
  2  13 100, 0.301756 [0.181754/11.131904] [  50/0.136429]
  2  13 150, 0.466466 [0.136396/11.127936] [ 100/0.136429]
  2  13 200, 0.625053 [0.180956/11.125394] [ 150/0.136429]
  2  13 250, 0.809054 [0.163709/11.135427] [ 200/0.136429]
  2  13 300, 0.993407 [0.183235/11.145698] [ 250/0.136429]
  2  13 350, 1.195564 [0.186454/11.155101] [ 300/0.136429]
Epoch 13 done. Evaluation:
(47471, 50000)
(8065, 10000)
  2  14  50, 0.165928 [0.132007/11.160471] [ 391/0.136429]
  2  14 100, 0.344157 [0.118421/11.163881] [ 441/0.136429]
  2  14 150, 0.505143 [0.237129/11.159816] [ 491/0.136429]
  2  14 200, 0.679122 [0.164029/11.163626] [ 541/0.136429]
  2  14 250, 0.878445 [0.200118/11.172655] [ 591/0.136429]
  2  14 300, 1.069051 [0.139914/11.174169] [ 641/0.136429]
  2  14 350, 1.251657 [0.168759/11.182752] [ 691/0.136429]
Epoch 14 done. Evaluation:
(47408, 50000)
(8142, 10000)
  2  15  50, 0.140572 [0.163814/11.170730] [ 782/0.136429]
  2  15 100, 0.303410 [0.143179/11.176187] [ 832/0.136429]
  2  15 150, 0.480923 [0.193439/11.179312] [ 882/0.136429]
  2  15 200, 0.655805 [0.193378/11.185264] [ 932/0.136429]
  2  15 250, 0.848732 [0.246871/11.196579] [ 982/0.136429]
  2  15 300, 1.044610 [0.231131/11.204407] [1032/0.136429]
  2  15 350, 1.246543 [0.195394/11.212899] [1082/0.136429]
Epoch 15 done. Evaluation:
(47398, 50000)
(8073, 10000)
  2  16  50, 0.136606 [0.162414/11.195215] [1173/0.136429]
  2  16 100, 0.314737 [0.178188/11.200306] [1223/0.136429]
  2  16 150, 0.500480 [0.207674/11.204179] [1273/0.136429]
  2  16 200, 0.664476 [0.150354/11.204228] [1323/0.136429]
  2  16 250, 0.853758 [0.180614/11.204996] [1373/0.136429]
  2  16 300, 1.045023 [0.253263/11.207978] [1423/0.136429]
  2  16 350, 1.229084 [0.232887/11.206661] [1473/0.136429]
Epoch 16 done. Evaluation:
(47534, 50000)
(8176, 10000)
  2  17  50, 0.152976 [0.212182/11.199092] [1564/0.136429]
  2  17 100, 0.314444 [0.164770/11.194452] [1614/0.136429]
  2  17 150, 0.488976 [0.215607/11.203549] [1664/0.136429]
  2  17 200, 0.667485 [0.190722/11.212273] [1714/0.136429]
  2  17 250, 0.857577 [0.207928/11.221237] [1764/0.136429]
  2  17 300, 1.046185 [0.137519/11.226456] [1814/0.136429]
  2  17 350, 1.235365 [0.185362/11.233030] [1864/0.136429]
Epoch 17 done. Evaluation:
(47465, 50000)
(8188, 10000)
  2  18  50, 0.162104 [0.218369/11.230023] [1955/0.136429]
  2  18 100, 0.319913 [0.229283/11.230232] [2005/0.136429]
  2  18 150, 0.492278 [0.215673/11.233570] [2055/0.136429]
  2  18 200, 0.686693 [0.191840/11.242301] [2105/0.136429]
  2  18 250, 0.879122 [0.182294/11.248748] [2155/0.136429]
  2  18 300, 1.068593 [0.222982/11.255877] [2205/0.136429]
  2  18 350, 1.269812 [0.215578/11.260755] [2255/0.136429]
Epoch 18 done. Evaluation:
(47371, 50000)
(8422, 10000)
  2  19  50, 0.150178 [0.105266/11.257351] [2346/0.136429]
  2  19 100, 0.322205 [0.157218/11.256780] [2396/0.136429]
  2  19 150, 0.496718 [0.192288/11.257599] [2446/0.136429]
  2  19 200, 0.669133 [0.196124/11.256796] [2496/0.136429]
  2  19 250, 0.846140 [0.177333/11.260222] [2546/0.136429]
  2  19 300, 1.029628 [0.164484/11.263979] [2596/0.136429]
  2  19 350, 1.223310 [0.199019/11.266789] [2646/0.136429]
Epoch 19 done. Evaluation:
(47460, 50000)
(7807, 10000)
  3   0  50, 0.113061 [0.033697/11.245041] [   0/0.113061]
  3   0 100, 0.215123 [0.028265/11.219718] [  50/0.113061]
  3   0 150, 0.310049 [0.076681/11.194087] [ 100/0.113061]
  3   0 200, 0.401469 [0.043940/11.168950] [ 150/0.113061]
  3   0 250, 0.488687 [0.090341/11.143620] [ 200/0.113061]
  3   0 300, 0.571943 [0.083073/11.117704] [ 250/0.113061]
  3   0 350, 0.656068 [0.086217/11.092469] [ 300/0.113061]
Epoch 0 done. Evaluation:
(48970, 50000)
(8855, 10000)
  3   1  50, 0.067720 [0.071772/11.047521] [   0/0.067720]
  3   1 100, 0.133020 [0.052434/11.019276] [  50/0.067720]
  3   1 150, 0.196863 [0.039188/10.991744] [ 100/0.067720]
  3   1 200, 0.265121 [0.048663/10.966874] [ 150/0.067720]
  3   1 250, 0.330182 [0.063997/10.941125] [ 200/0.067720]
  3   1 300, 0.403706 [0.007570/10.917509] [ 250/0.067720]
  3   1 350, 0.464140 [0.042054/10.891457] [ 300/0.067720]
Epoch 1 done. Evaluation:
(49378, 50000)
(8789, 10000)
  3   2  50, 0.057995 [0.032030/10.844235] [   0/0.057995]
  3   2 100, 0.109737 [0.061656/10.816493] [  50/0.057995]
  3   2 150, 0.168846 [0.098090/10.790294] [ 100/0.057995]
  3   2 200, 0.229417 [0.011263/10.765265] [ 150/0.057995]
  3   2 250, 0.288783 [0.052192/10.741752] [ 200/0.057995]
  3   2 300, 0.352553 [0.083818/10.718724] [ 250/0.057995]
  3   2 350, 0.409892 [0.091776/10.693916] [ 300/0.057995]
Epoch 2 done. Evaluation:
(49548, 50000)
(8899, 10000)
  3   3  50, 0.060114 [0.051873/10.653521] [ 391/0.057995]
  3   3 100, 0.116025 [0.063107/10.631371] [ 441/0.057995]
  3   3 150, 0.173443 [0.083520/10.609135] [ 491/0.057995]
  3   3 200, 0.238847 [0.118256/10.589188] [ 541/0.057995]
  3   3 250, 0.302816 [0.055087/10.568580] [ 591/0.057995]
  3   3 300, 0.363960 [0.048612/10.547438] [ 641/0.057995]
  3   3 350, 0.430205 [0.071505/10.529403] [ 691/0.057995]
Epoch 3 done. Evaluation:
(49454, 50000)
(8725, 10000)
  3   4  50, 0.052762 [0.053536/10.492081] [   0/0.052762]
  3   4 100, 0.108981 [0.074281/10.470332] [  50/0.052762]
  3   4 150, 0.161392 [0.097289/10.448288] [ 100/0.052762]
  3   4 200, 0.220612 [0.031924/10.430383] [ 150/0.052762]
  3   4 250, 0.290867 [0.071506/10.413909] [ 200/0.052762]
  3   4 300, 0.367199 [0.093547/10.402642] [ 250/0.052762]
  3   4 350, 0.435706 [0.075928/10.387644] [ 300/0.052762]
Epoch 4 done. Evaluation:
(49450, 50000)
(8810, 10000)
  3   5  50, 0.051455 [0.056290/10.350263] [   0/0.051455]
  3   5 100, 0.101870 [0.085258/10.328781] [  50/0.051455]
  3   5 150, 0.150298 [0.023128/10.307711] [ 100/0.051455]
  3   5 200, 0.209777 [0.024391/10.290029] [ 150/0.051455]
  3   5 250, 0.274001 [0.074906/10.275111] [ 200/0.051455]
  3   5 300, 0.343889 [0.125768/10.262688] [ 250/0.051455]
  3   5 350, 0.402152 [0.049703/10.243782] [ 300/0.051455]
Epoch 5 done. Evaluation:
(49538, 50000)
(8533, 10000)
  3   6  50, 0.072273 [0.098487/10.219885] [ 391/0.051455]
  3   6 100, 0.138951 [0.118755/10.205969] [ 441/0.051455]
  3   6 150, 0.212602 [0.127493/10.195821] [ 491/0.051455]
  3   6 200, 0.292020 [0.078464/10.188682] [ 541/0.051455]
  3   6 250, 0.362830 [0.086144/10.177611] [ 591/0.051455]
  3   6 300, 0.441671 [0.099304/10.169497] [ 641/0.051455]
  3   6 350, 0.525570 [0.134526/10.161965] [ 691/0.051455]
Epoch 6 done. Evaluation:
(49216, 50000)
(8721, 10000)
  3   7  50, 0.066770 [0.044400/10.145230] [ 782/0.051455]
  3   7 100, 0.140452 [0.100669/10.137264] [ 832/0.051455]
  3   7 150, 0.232730 [0.141963/10.134391] [ 882/0.051455]
  3   7 200, 0.327415 [0.116514/10.132668] [ 932/0.051455]
  3   7 250, 0.406596 [0.066191/10.126194] [ 982/0.051455]
  3   7 300, 0.489126 [0.061633/10.119641] [1032/0.051455]
  3   7 350, 0.592781 [0.045745/10.123560] [1082/0.051455]
Epoch 7 done. Evaluation:
(49041, 50000)
(8460, 10000)
  3   8  50, 0.093133 [0.070938/10.122167] [1173/0.051455]
  3   8 100, 0.179545 [0.090101/10.116764] [1223/0.051455]
  3   8 150, 0.273209 [0.080891/10.115488] [1273/0.051455]
  3   8 200, 0.364305 [0.100657/10.113302] [1323/0.051455]
  3   8 250, 0.466667 [0.113388/10.112690] [1373/0.051455]
  3   8 300, 0.575821 [0.124813/10.115070] [1423/0.051455]
  3   8 350, 0.688261 [0.139966/10.117058] [1473/0.051455]
Epoch 8 done. Evaluation:
(48803, 50000)
(8443, 10000)
  3   9  50, 0.089723 [0.097826/10.110689] [1564/0.051455]
  3   9 100, 0.178603 [0.119229/10.105869] [1614/0.051455]
  3   9 150, 0.265608 [0.048012/10.101370] [1664/0.051455]
  3   9 200, 0.353482 [0.156985/10.096117] [1714/0.051455]
  3   9 250, 0.459463 [0.076177/10.098501] [1764/0.051455]
  3   9 300, 0.575075 [0.145455/10.104495] [1814/0.051455]
  3   9 350, 0.681435 [0.052008/10.103161] [1864/0.051455]
Epoch 9 done. Evaluation:
(48814, 50000)
(8662, 10000)
  3  10  50, 0.100149 [0.098945/10.102243] [1955/0.051455]
  3  10 100, 0.182669 [0.114214/10.096831] [2005/0.051455]
  3  10 150, 0.264950 [0.101376/10.089813] [2055/0.051455]
  3  10 200, 0.370472 [0.124511/10.094921] [2105/0.051455]
  3  10 250, 0.468709 [0.125038/10.093791] [2155/0.051455]
  3  10 300, 0.571383 [0.114644/10.093616] [2205/0.051455]
  3  10 350, 0.679862 [0.126744/10.093241] [2255/0.051455]
Epoch 10 done. Evaluation:
(48794, 50000)
(8660, 10000)
  3  11  50, 0.079838 [0.117763/10.087728] [2346/0.051455]
  3  11 100, 0.175884 [0.149821/10.087146] [2396/0.051455]
  3  11 150, 0.255273 [0.042645/10.079214] [2446/0.051455]
  3  11 200, 0.354079 [0.122265/10.078966] [2496/0.051455]
  3  11 250, 0.458072 [0.095813/10.081046] [2546/0.051455]
  3  11 300, 0.544971 [0.099958/10.076546] [2596/0.051455]
  3  11 350, 0.647840 [0.123836/10.078719] [2646/0.051455]
Epoch 11 done. Evaluation:
(48913, 50000)
(8625, 10000)
  3  12  50, 0.084591 [0.116633/10.071972] [2737/0.051455]
  3  12 100, 0.179306 [0.109020/10.067653] [2787/0.051455]
  3  12 150, 0.261011 [0.105642/10.061579] [2837/0.051455]
  3  12 200, 0.358704 [0.089309/10.060207] [2887/0.051455]
  3  12 250, 0.446785 [0.098694/10.058479] [2937/0.051455]
  3  12 300, 0.547811 [0.112929/10.060066] [2987/0.051455]
  3  12 350, 0.658086 [0.115689/10.059516] [3037/0.051455]
Epoch 12 done. Evaluation:
(48861, 50000)
(8126, 10000)
  3  13  50, 0.097329 [0.131472/10.063169] [3128/0.051455]
  3  13 100, 0.186219 [0.097452/10.056787] [3178/0.051455]
  3  13 150, 0.281269 [0.064893/10.052831] [3228/0.051455]
  3  13 200, 0.372772 [0.096541/10.051387] [3278/0.051455]
  3  13 250, 0.460535 [0.110831/10.046855] [3328/0.051455]
  3  13 300, 0.551418 [0.039546/10.044977] [3378/0.051455]
  3  13 350, 0.666472 [0.090634/10.050020] [3428/0.051455]
Epoch 13 done. Evaluation:
(48847, 50000)
(8517, 10000)
  3  14  50, 0.086055 [0.092246/10.051297] [3519/0.051455]
  3  14 100, 0.178696 [0.115792/10.048681] [3569/0.051455]
  3  14 150, 0.267705 [0.137985/10.047470] [3619/0.051455]
  3  14 200, 0.371281 [0.047897/10.049993] [3669/0.051455]
  3  14 250, 0.488531 [0.122577/10.054276] [3719/0.051455]
  3  14 300, 0.586913 [0.145052/10.054742] [3769/0.051455]
  3  14 350, 0.694629 [0.116718/10.059517] [3819/0.051455]
Epoch 14 done. Evaluation:
(48773, 50000)
(8519, 10000)
  3  15  50, 0.089309 [0.104972/10.059017] [3910/0.051455]
  3  15 100, 0.182847 [0.107973/10.057944] [3960/0.051455]
  3  15 150, 0.274631 [0.079135/10.056741] [4010/0.051455]
  3  15 200, 0.372674 [0.110850/10.053943] [4060/0.051455]
  3  15 250, 0.461286 [0.150705/10.050681] [4110/0.051455]
  3  15 300, 0.551755 [0.087318/10.048737] [4160/0.051455]
  3  15 350, 0.650352 [0.108304/10.047327] [4210/0.051455]
Epoch 15 done. Evaluation:
(48902, 50000)
(7801, 10000)
  3  16  50, 0.093948 [0.094932/10.047869] [4301/0.051455]
  3  16 100, 0.185226 [0.082471/10.044075] [4351/0.051455]
  3  16 150, 0.274598 [0.135449/10.041618] [4401/0.051455]
  3  16 200, 0.365904 [0.059591/10.040225] [4451/0.051455]
  3  16 250, 0.475191 [0.087474/10.039399] [4501/0.051455]
  3  16 300, 0.586639 [0.126323/10.044492] [4551/0.051455]
  3  16 350, 0.696148 [0.131328/10.047211] [4601/0.051455]
Epoch 16 done. Evaluation:
(48778, 50000)
(8300, 10000)
  3  17  50, 0.086600 [0.050556/10.042677] [4692/0.051455]
  3  17 100, 0.167309 [0.076706/10.037706] [4742/0.051455]
  3  17 150, 0.254361 [0.089147/10.034811] [4792/0.051455]
  3  17 200, 0.344929 [0.056679/10.033865] [4842/0.051455]
  3  17 250, 0.457114 [0.106945/10.039264] [4892/0.051455]
  3  17 300, 0.567557 [0.116653/10.047103] [4942/0.051455]
  3  17 350, 0.687614 [0.101543/10.054370] [4992/0.051455]
Epoch 17 done. Evaluation:
(48764, 50000)
(8311, 10000)
  3  18  50, 0.103569 [0.079570/10.055687] [5083/0.051455]
  3  18 100, 0.205481 [0.095950/10.055795] [5133/0.051455]
  3  18 150, 0.315030 [0.082887/10.056276] [5183/0.051455]
  3  18 200, 0.395318 [0.109540/10.049169] [5233/0.051455]
  3  18 250, 0.500636 [0.100863/10.052643] [5283/0.051455]
  3  18 300, 0.604345 [0.131051/10.053515] [5333/0.051455]
  3  18 350, 0.700443 [0.119811/10.052549] [5383/0.051455]
Epoch 18 done. Evaluation:
(48778, 50000)
(8298, 10000)
  3  19  50, 0.105728 [0.086625/10.060011] [5474/0.051455]
  3  19 100, 0.188373 [0.091062/10.054932] [5524/0.051455]
  3  19 150, 0.285352 [0.092252/10.051748] [5574/0.051455]
  3  19 200, 0.382477 [0.118827/10.050532] [5624/0.051455]
  3  19 250, 0.482296 [0.114043/10.050799] [5674/0.051455]
  3  19 300, 0.574799 [0.108071/10.048724] [5724/0.051455]
  3  19 350, 0.678946 [0.081058/10.047635] [5774/0.051455]
Epoch 19 done. Evaluation:
(48829, 50000)
(8461, 10000)
  4   0  50, 0.076120 [0.045795/10.043445] [5865/0.051455]
  4   0 100, 0.131129 [0.042803/10.032030] [5915/0.051455]
  4   0 150, 0.183844 [0.017309/10.020686] [5965/0.051455]
  4   0 200, 0.236526 [0.028579/10.009150] [6015/0.051455]
  4   0 250, 0.288157 [0.040840/9.998068] [6065/0.051455]
  4   0 300, 0.337883 [0.009534/9.986440] [6115/0.051455]
  4   0 350, 0.386922 [0.029499/9.974502] [6165/0.051455]
Epoch 0 done. Evaluation:
(49572, 50000)
(8883, 10000)
  4   1  50, 0.043349 [0.039300/9.952992] [   0/0.043349]
  4   1 100, 0.085994 [0.026197/9.940817] [  50/0.043349]
  4   1 150, 0.123851 [0.047000/9.927741] [ 100/0.043349]
  4   1 200, 0.160998 [0.027195/9.914561] [ 150/0.043349]
  4   1 250, 0.197264 [0.010777/9.901496] [ 200/0.043349]
  4   1 300, 0.237590 [0.021566/9.888690] [ 250/0.043349]
  4   1 350, 0.272683 [0.005638/9.875318] [ 300/0.043349]
Epoch 1 done. Evaluation:
(49865, 50000)
(8951, 10000)
  4   2  50, 0.032005 [0.015311/9.851266] [   0/0.032005]
  4   2 100, 0.064507 [0.009066/9.837840] [  50/0.032005]
  4   2 150, 0.096628 [0.005786/9.824378] [ 100/0.032005]
  4   2 200, 0.129341 [0.003480/9.810772] [ 150/0.032005]
  4   2 250, 0.162451 [0.002594/9.797559] [ 200/0.032005]
  4   2 300, 0.196520 [0.002922/9.784483] [ 250/0.032005]
  4   2 350, 0.230367 [0.029746/9.771419] [ 300/0.032005]
Epoch 2 done. Evaluation:
(49945, 50000)
(8976, 10000)
  4   3  50, 0.029205 [0.007038/9.746814] [   0/0.029205]
  4   3 100, 0.059797 [0.004584/9.733369] [  50/0.029205]
  4   3 150, 0.090055 [0.013112/9.719751] [ 100/0.029205]
  4   3 200, 0.119921 [0.002045/9.706161] [ 150/0.029205]
  4   3 250, 0.149031 [0.019746/9.692505] [ 200/0.029205]
  4   3 300, 0.181613 [0.002806/9.679441] [ 250/0.029205]
  4   3 350, 0.212692 [0.006572/9.666229] [ 300/0.029205]
Epoch 3 done. Evaluation:
(49973, 50000)
(9019, 10000)
  4   4  50, 0.029195 [0.002066/9.641768] [   0/0.029195]
  4   4 100, 0.061213 [0.003107/9.628552] [  50/0.029195]
  4   4 150, 0.090103 [0.005096/9.615116] [ 100/0.029195]
  4   4 200, 0.119684 [0.002365/9.602014] [ 150/0.029195]
  4   4 250, 0.149628 [0.003485/9.588978] [ 200/0.029195]
  4   4 300, 0.178597 [0.022016/9.575748] [ 250/0.029195]
  4   4 350, 0.208659 [0.003778/9.562797] [ 300/0.029195]
Epoch 4 done. Evaluation:
(49983, 50000)
(9010, 10000)
  4   5  50, 0.027779 [0.003896/9.538679] [   0/0.027779]
  4   5 100, 0.056227 [0.003461/9.525481] [  50/0.027779]
  4   5 150, 0.084144 [0.008313/9.512221] [ 100/0.027779]
  4   5 200, 0.112077 [0.008102/9.499014] [ 150/0.027779]
  4   5 250, 0.142234 [0.004110/9.486396] [ 200/0.027779]
  4   5 300, 0.171340 [0.002319/9.473277] [ 250/0.027779]
  4   5 350, 0.199620 [0.025860/9.460273] [ 300/0.027779]
Epoch 5 done. Evaluation:
(49985, 50000)
(9013, 10000)
  4   6  50, 0.028951 [0.003174/9.437238] [ 391/0.027779]
  4   6 100, 0.056510 [0.003677/9.424106] [ 441/0.027779]
  4   6 150, 0.085180 [0.004588/9.411276] [ 491/0.027779]
  4   6 200, 0.113146 [0.013759/9.398446] [ 541/0.027779]
  4   6 250, 0.140513 [0.003329/9.385535] [ 591/0.027779]
  4   6 300, 0.168731 [0.001935/9.372754] [ 641/0.027779]
  4   6 350, 0.198537 [0.003312/9.360369] [ 691/0.027779]
Epoch 6 done. Evaluation:
(49991, 50000)
(9036, 10000)
  4   7  50, 0.028099 [0.003650/9.337367] [ 782/0.027779]
  4   7 100, 0.054892 [0.002541/9.324551] [ 832/0.027779]
  4   7 150, 0.082836 [0.027583/9.311836] [ 882/0.027779]
  4   7 200, 0.111005 [0.002947/9.299469] [ 932/0.027779]
  4   7 250, 0.139237 [0.002200/9.287118] [ 982/0.027779]
  4   7 300, 0.167185 [0.001167/9.274805] [1032/0.027779]
  4   7 350, 0.194937 [0.001550/9.262493] [1082/0.027779]
Epoch 7 done. Evaluation:
(49994, 50000)
(9033, 10000)
  4   8  50, 0.028654 [0.001888/9.240200] [1173/0.027779]
  4   8 100, 0.057809 [0.015177/9.228154] [1223/0.027779]
  4   8 150, 0.085442 [0.002787/9.215974] [1273/0.027779]
  4   8 200, 0.112774 [0.001368/9.203744] [1323/0.027779]
  4   8 250, 0.141612 [0.003135/9.191818] [1373/0.027779]
  4   8 300, 0.170025 [0.002215/9.179944] [1423/0.027779]
  4   8 350, 0.197311 [0.007004/9.167842] [1473/0.027779]
Epoch 8 done. Evaluation:
(49997, 50000)
(9047, 10000)
  4   9  50, 0.026936 [0.001720/9.145986] [   0/0.026936]
  4   9 100, 0.054777 [0.004584/9.134193] [  50/0.026936]
  4   9 150, 0.081811 [0.006757/9.122204] [ 100/0.026936]
  4   9 200, 0.109627 [0.001332/9.110473] [ 150/0.026936]
  4   9 250, 0.137153 [0.002280/9.098727] [ 200/0.026936]
  4   9 300, 0.164679 [0.001444/9.086841] [ 250/0.026936]
  4   9 350, 0.192092 [0.001545/9.075115] [ 300/0.026936]
Epoch 9 done. Evaluation:
(49998, 50000)
(9062, 10000)
  4  10  50, 0.027553 [0.002375/9.054017] [ 391/0.026936]
  4  10 100, 0.055281 [0.002530/9.042521] [ 441/0.026936]
  4  10 150, 0.083428 [0.001545/9.031185] [ 491/0.026936]
  4  10 200, 0.110601 [0.002184/9.019647] [ 541/0.026936]
  4  10 250, 0.137333 [0.001923/9.008036] [ 591/0.026936]
  4  10 300, 0.164175 [0.001888/8.996493] [ 641/0.026936]
  4  10 350, 0.192289 [0.002740/8.985344] [ 691/0.026936]
Epoch 10 done. Evaluation:
(49999, 50000)
(9055, 10000)
  4  11  50, 0.026701 [0.001628/8.964702] [   0/0.026701]
  4  11 100, 0.055091 [0.002106/8.953589] [  50/0.026701]
  4  11 150, 0.082380 [0.001267/8.942417] [ 100/0.026701]
  4  11 200, 0.110031 [0.003531/8.931371] [ 150/0.026701]
  4  11 250, 0.138203 [0.006314/8.920267] [ 200/0.026701]
  4  11 300, 0.165838 [0.002173/8.909299] [ 250/0.026701]
  4  11 350, 0.193870 [0.001991/8.898478] [ 300/0.026701]
Epoch 11 done. Evaluation:
(49998, 50000)
(9076, 10000)
  4  12  50, 0.027146 [0.002355/8.878777] [ 391/0.026701]
  4  12 100, 0.054881 [0.003808/8.867999] [ 441/0.026701]
  4  12 150, 0.083312 [0.001812/8.857448] [ 491/0.026701]
  4  12 200, 0.110892 [0.002310/8.846717] [ 541/0.026701]
  4  12 250, 0.139226 [0.003990/8.836251] [ 591/0.026701]
  4  12 300, 0.166572 [0.001419/8.825590] [ 641/0.026701]
  4  12 350, 0.194214 [0.003236/8.815024] [ 691/0.026701]
Epoch 12 done. Evaluation:
(49999, 50000)
(9054, 10000)
  4  13  50, 0.027083 [0.001863/8.795747] [ 782/0.026701]
  4  13 100, 0.054073 [0.003939/8.785095] [ 832/0.026701]
  4  13 150, 0.081565 [0.005433/8.774624] [ 882/0.026701]
  4  13 200, 0.109792 [0.002372/8.764283] [ 932/0.026701]
  4  13 250, 0.138293 [0.001160/8.754182] [ 982/0.026701]
  4  13 300, 0.165530 [0.001725/8.743756] [1032/0.026701]
  4  13 350, 0.193747 [0.001510/8.733406] [1082/0.026701]
Epoch 13 done. Evaluation:
(49998, 50000)
(9068, 10000)
  4  14  50, 0.027789 [0.001055/8.715015] [1173/0.026701]
  4  14 100, 0.055869 [0.002094/8.704950] [1223/0.026701]
  4  14 150, 0.084379 [0.000902/8.694887] [1273/0.026701]
  4  14 200, 0.112326 [0.002139/8.684923] [1323/0.026701]
  4  14 250, 0.140041 [0.002804/8.674931] [1373/0.026701]
  4  14 300, 0.168244 [0.002632/8.665122] [1423/0.026701]
  4  14 350, 0.195379 [0.002296/8.655070] [1473/0.026701]
Epoch 14 done. Evaluation:
(49999, 50000)
(9077, 10000)
  4  15  50, 0.027654 [0.001464/8.637308] [1564/0.026701]
  4  15 100, 0.055441 [0.002665/8.627552] [1614/0.026701]
  4  15 150, 0.082446 [0.001529/8.617615] [1664/0.026701]
  4  15 200, 0.110316 [0.002525/8.607955] [1714/0.026701]
  4  15 250, 0.137755 [0.006502/8.598248] [1764/0.026701]
  4  15 300, 0.165808 [0.003364/8.588716] [1814/0.026701]
  4  15 350, 0.192858 [0.001216/8.578943] [1864/0.026701]
Epoch 15 done. Evaluation:
(50000, 50000)
(9059, 10000)
  4  16  50, 0.027962 [0.003342/8.562023] [1955/0.026701]
  4  16 100, 0.055009 [0.001368/8.552369] [2005/0.026701]
  4  16 150, 0.082584 [0.004464/8.542902] [2055/0.026701]
  4  16 200, 0.110129 [0.001250/8.533302] [2105/0.026701]
  4  16 250, 0.137434 [0.005041/8.523839] [2155/0.026701]
  4  16 300, 0.165390 [0.001777/8.514620] [2205/0.026701]
  4  16 350, 0.193116 [0.001407/8.505372] [2255/0.026701]
Epoch 16 done. Evaluation:
(49999, 50000)
(9068, 10000)
  4  17  50, 0.028207 [0.001026/8.488873] [2346/0.026701]
  4  17 100, 0.056393 [0.001916/8.479857] [2396/0.026701]
  4  17 150, 0.084551 [0.001879/8.470695] [2446/0.026701]
  4  17 200, 0.111604 [0.002206/8.461453] [2496/0.026701]
  4  17 250, 0.139668 [0.001005/8.452520] [2546/0.026701]
  4  17 300, 0.167403 [0.002203/8.443553] [2596/0.026701]
  4  17 350, 0.194733 [0.001855/8.434478] [2646/0.026701]
Epoch 17 done. Evaluation:
(49999, 50000)
(9072, 10000)
  4  18  50, 0.027550 [0.001590/8.418483] [2737/0.026701]
  4  18 100, 0.056291 [0.001654/8.409770] [2787/0.026701]
  4  18 150, 0.083559 [0.002253/8.400818] [2837/0.026701]
  4  18 200, 0.110821 [0.003121/8.391919] [2887/0.026701]
  4  18 250, 0.139135 [0.003068/8.383375] [2937/0.026701]
  4  18 300, 0.167004 [0.003097/8.374740] [2987/0.026701]
  4  18 350, 0.195306 [0.001748/8.366114] [3037/0.026701]
Epoch 18 done. Evaluation:
(49998, 50000)
(9080, 10000)
  4  19  50, 0.028139 [0.001910/8.350741] [3128/0.026701]
  4  19 100, 0.056030 [0.001441/8.342260] [3178/0.026701]
  4  19 150, 0.084162 [0.001457/8.333652] [3228/0.026701]
  4  19 200, 0.111701 [0.001287/8.325126] [3278/0.026701]
  4  19 250, 0.139967 [0.002579/8.316862] [3328/0.026701]
  4  19 300, 0.168791 [0.002162/8.308779] [3378/0.026701]
  4  19 350, 0.197848 [0.001134/8.300840] [3428/0.026701]
Epoch 19 done. Evaluation:
(49998, 50000)
(9066, 10000)
  5   0  50, 0.027143 [0.000865/8.290102] [3519/0.026701]
  5   0 100, 0.054738 [0.000589/8.285931] [3569/0.026701]
  5   0 150, 0.082743 [0.000816/8.281816] [3619/0.026701]
  5   0 200, 0.111179 [0.002544/8.277766] [3669/0.026701]
  5   0 250, 0.139920 [0.000960/8.273780] [3719/0.026701]
  5   0 300, 0.167415 [0.000713/8.269621] [3769/0.026701]
  5   0 350, 0.194889 [0.001059/8.265478] [3819/0.026701]
Epoch 0 done. Evaluation:
(50000, 50000)
(9075, 10000)
  5   1  50, 0.028119 [0.001497/8.258080] [3910/0.026701]
  5   1 100, 0.055594 [0.000691/8.253931] [3960/0.026701]
  5   1 150, 0.083093 [0.001328/8.249805] [4010/0.026701]
  5   1 200, 0.111141 [0.000941/8.245734] [4060/0.026701]
  5   1 250, 0.138672 [0.000852/8.241644] [4110/0.026701]
  5   1 300, 0.166329 [0.000550/8.237579] [4160/0.026701]
  5   1 350, 0.194366 [0.003754/8.233524] [4210/0.026701]
Epoch 1 done. Evaluation:
(49998, 50000)
(9066, 10000)
  5   2  50, 0.028461 [0.000918/8.226369] [4301/0.026701]
  5   2 100, 0.055799 [0.000652/8.222309] [4351/0.026701]
  5   2 150, 0.084074 [0.001351/8.218367] [4401/0.026701]
  5   2 200, 0.111554 [0.000857/8.214346] [4451/0.026701]
  5   2 250, 0.139332 [0.001317/8.210374] [4501/0.026701]
  5   2 300, 0.167563 [0.001123/8.206467] [4551/0.026701]
  5   2 350, 0.195781 [0.000920/8.202562] [4601/0.026701]
Epoch 2 done. Evaluation:
(49999, 50000)
(9080, 10000)
  5   3  50, 0.026746 [0.000636/8.195153] [4692/0.026701]
  5   3 100, 0.054738 [0.000563/8.191241] [4742/0.026701]
  5   3 150, 0.082143 [0.001392/8.187243] [4792/0.026701]
  5   3 200, 0.109973 [0.001008/8.183347] [4842/0.026701]
  5   3 250, 0.137533 [0.000666/8.179407] [4892/0.026701]
  5   3 300, 0.165219 [0.001336/8.175507] [4942/0.026701]
  5   3 350, 0.193275 [0.000904/8.171656] [4992/0.026701]
Epoch 3 done. Evaluation:
(50000, 50000)
(9078, 10000)
  5   4  50, 0.027390 [0.001258/8.164424] [5083/0.026701]
  5   4 100, 0.055389 [0.001117/8.160592] [5133/0.026701]
  5   4 150, 0.083725 [0.000652/8.156791] [5183/0.026701]
  5   4 200, 0.111167 [0.000683/8.152874] [5233/0.026701]
  5   4 250, 0.139224 [0.003357/8.149089] [5283/0.026701]
  5   4 300, 0.166740 [0.000538/8.145212] [5333/0.026701]
  5   4 350, 0.194435 [0.000397/8.141382] [5383/0.026701]
Epoch 4 done. Evaluation:
(50000, 50000)
(9064, 10000)
  5   5  50, 0.028841 [0.000719/8.134475] [5474/0.026701]
  5   5 100, 0.056143 [0.001108/8.130576] [5524/0.026701]
  5   5 150, 0.083542 [0.001685/8.126728] [5574/0.026701]
  5   5 200, 0.111351 [0.001186/8.122943] [5624/0.026701]
  5   5 250, 0.139038 [0.001910/8.119145] [5674/0.026701]
  5   5 300, 0.167598 [0.000987/8.115502] [5724/0.026701]
  5   5 350, 0.195207 [0.000842/8.111721] [5774/0.026701]
Epoch 5 done. Evaluation:
(49999, 50000)
(9076, 10000)
  5   6  50, 0.027783 [0.000800/8.104771] [5865/0.026701]
  5   6 100, 0.056009 [0.000949/8.101116] [5915/0.026701]
  5   6 150, 0.084413 [0.001366/8.097476] [5965/0.026701]
  5   6 200, 0.112221 [0.001025/8.093754] [6015/0.026701]
  5   6 250, 0.140630 [0.000763/8.090151] [6065/0.026701]
  5   6 300, 0.168032 [0.000762/8.086395] [6115/0.026701]
  5   6 350, 0.196114 [0.001046/8.082755] [6165/0.026701]
Epoch 6 done. Evaluation:
(50000, 50000)
(9075, 10000)
  5   7  50, 0.027674 [0.001121/8.076057] [6256/0.026701]
  5   7 100, 0.056028 [0.000707/8.072452] [6306/0.026701]
  5   7 150, 0.083317 [0.000585/8.068719] [6356/0.026701]
  5   7 200, 0.110430 [0.000648/8.064966] [6406/0.026701]
  5   7 250, 0.137951 [0.000565/8.061294] [6456/0.026701]
  5   7 300, 0.165192 [0.001170/8.057580] [6506/0.026701]
  5   7 350, 0.192404 [0.000805/8.053859] [6556/0.026701]
Epoch 7 done. Evaluation:
(50000, 50000)
(9078, 10000)
  5   8  50, 0.027285 [0.000675/8.047139] [6647/0.026701]
  5   8 100, 0.054478 [0.001057/8.043439] [6697/0.026701]
  5   8 150, 0.082712 [0.001446/8.039917] [6747/0.026701]
  5   8 200, 0.110586 [0.000637/8.036343] [6797/0.026701]
  5   8 250, 0.138368 [0.000764/8.032781] [6847/0.026701]
  5   8 300, 0.166317 [0.000719/8.029232] [6897/0.026701]
  5   8 350, 0.194337 [0.001076/8.025722] [6947/0.026701]
Epoch 8 done. Evaluation:
(50000, 50000)
(9060, 10000)
  5   9  50, 0.027996 [0.000790/8.019263] [7038/0.026701]
  5   9 100, 0.056317 [0.000473/8.015810] [7088/0.026701]
  5   9 150, 0.083989 [0.000856/8.012244] [7138/0.026701]
  5   9 200, 0.112911 [0.002376/8.008887] [7188/0.026701]
  5   9 250, 0.141761 [0.001033/8.005497] [7238/0.026701]
  5   9 300, 0.169524 [0.001050/8.001992] [7288/0.026701]
  5   9 350, 0.197850 [0.000541/7.998587] [7338/0.026701]
Epoch 9 done. Evaluation:
(50000, 50000)
(9077, 10000)
  5  10  50, 0.028302 [0.000678/7.992379] [7429/0.026701]
  5  10 100, 0.055022 [0.001326/7.988731] [7479/0.026701]
  5  10 150, 0.082135 [0.001353/7.985163] [7529/0.026701]
  5  10 200, 0.109458 [0.001325/7.981625] [7579/0.026701]
  5  10 250, 0.136885 [0.001251/7.978124] [7629/0.026701]
  5  10 300, 0.164969 [0.000931/7.974733] [7679/0.026701]
  5  10 350, 0.193203 [0.001479/7.971376] [7729/0.026701]
Epoch 10 done. Evaluation:
(50000, 50000)
(9089, 10000)
  5  11  50, 0.027443 [0.000730/7.965059] [7820/0.026701]
  5  11 100, 0.055126 [0.000545/7.961631] [7870/0.026701]
  5  11 150, 0.082176 [0.001505/7.958114] [7920/0.026701]
  5  11 200, 0.110069 [0.001040/7.954731] [7970/0.026701]
  5  11 250, 0.138980 [0.001607/7.951519] [8020/0.026701]
  5  11 300, 0.166565 [0.001544/7.948098] [8070/0.026701]
  5  11 350, 0.193720 [0.000706/7.944630] [8120/0.026701]
Epoch 11 done. Evaluation:
(50000, 50000)
(9080, 10000)
  5  12  50, 0.027502 [0.000817/7.938408] [8211/0.026701]
  5  12 100, 0.054670 [0.001571/7.934961] [8261/0.026701]
  5  12 150, 0.082472 [0.000739/7.931618] [8311/0.026701]
  5  12 200, 0.109885 [0.000801/7.928227] [8361/0.026701]
  5  12 250, 0.138172 [0.001367/7.924973] [8411/0.026701]
  5  12 300, 0.166425 [0.000698/7.921703] [8461/0.026701]
  5  12 350, 0.194627 [0.001421/7.918450] [8511/0.026701]
Epoch 12 done. Evaluation:
(50000, 50000)
(9083, 10000)
  5  13  50, 0.028226 [0.001036/7.912391] [8602/0.026701]
  5  13 100, 0.056030 [0.001624/7.909095] [8652/0.026701]
  5  13 150, 0.084711 [0.001035/7.905955] [8702/0.026701]
  5  13 200, 0.112882 [0.001161/7.902731] [8752/0.026701]
  5  13 250, 0.140861 [0.000914/7.899485] [8802/0.026701]
  5  13 300, 0.168656 [0.000669/7.896227] [8852/0.026701]
  5  13 350, 0.196242 [0.000876/7.892958] [8902/0.026701]
Epoch 13 done. Evaluation:
(50000, 50000)
(9082, 10000)
  5  14  50, 0.027644 [0.000833/7.887108] [8993/0.026701]
  5  14 100, 0.055386 [0.001333/7.883858] [9043/0.026701]
  5  14 150, 0.083037 [0.002280/7.880613] [9093/0.026701]
  5  14 200, 0.110442 [0.000669/7.877359] [9143/0.026701]
  5  14 250, 0.139479 [0.000750/7.874350] [9193/0.026701]
  5  14 300, 0.166820 [0.000874/7.871083] [9243/0.026701]
  5  14 350, 0.194913 [0.000784/7.867916] [9293/0.026701]
Epoch 14 done. Evaluation:
(50000, 50000)
(9081, 10000)
  5  15  50, 0.027941 [0.000782/7.862126] [9384/0.026701]
  5  15 100, 0.056423 [0.000654/7.859088] [9434/0.026701]
  5  15 150, 0.083685 [0.000516/7.855829] [9484/0.026701]
  5  15 200, 0.111746 [0.001343/7.852716] [9534/0.026701]
  5  15 250, 0.140457 [0.000947/7.849717] [9584/0.026701]
  5  15 300, 0.168431 [0.001489/7.846605] [9634/0.026701]
  5  15 350, 0.197576 [0.000786/7.843681] [9684/0.026701]
Epoch 15 done. Evaluation:
(50000, 50000)
(9075, 10000)
  5  16  50, 0.027309 [0.001234/7.837990] [9775/0.026701]
  5  16 100, 0.054679 [0.000909/7.834834] [9825/0.026701]
  5  16 150, 0.082055 [0.001399/7.831692] [9875/0.026701]
  5  16 200, 0.110243 [0.001296/7.828657] [9925/0.026701]
  5  16 250, 0.137898 [0.000824/7.825545] [9975/0.026701]
  5  16 300, 0.166788 [0.000735/7.822624] [10025/0.026701]
  5  16 350, 0.194501 [0.001777/7.819533] [10075/0.026701]
Epoch 16 done. Evaluation:
(50000, 50000)
(9091, 10000)
  5  17  50, 0.027111 [0.000568/7.813864] [10166/0.026701]
  5  17 100, 0.054831 [0.000762/7.810818] [10216/0.026701]
  5  17 150, 0.082457 [0.001980/7.807725] [10266/0.026701]
  5  17 200, 0.112025 [0.000898/7.804965] [10316/0.026701]
  5  17 250, 0.139652 [0.001906/7.801919] [10366/0.026701]
  5  17 300, 0.167781 [0.002801/7.798961] [10416/0.026701]
  5  17 350, 0.195704 [0.001130/7.795962] [10466/0.026701]
Epoch 17 done. Evaluation:
(50000, 50000)
(9086, 10000)
  5  18  50, 0.027730 [0.001213/7.790553] [10557/0.026701]
  5  18 100, 0.055122 [0.001694/7.787477] [10607/0.026701]
  5  18 150, 0.082978 [0.001023/7.784485] [10657/0.026701]
  5  18 200, 0.111010 [0.000861/7.781535] [10707/0.026701]
  5  18 250, 0.139081 [0.001005/7.778605] [10757/0.026701]
  5  18 300, 0.167100 [0.000728/7.775660] [10807/0.026701]
  5  18 350, 0.195318 [0.000649/7.772783] [10857/0.026701]
Epoch 18 done. Evaluation:
(50000, 50000)
(9085, 10000)
  5  19  50, 0.027042 [0.001244/7.767181] [10948/0.026701]
  5  19 100, 0.055287 [0.000778/7.764315] [10998/0.026701]
  5  19 150, 0.083409 [0.000700/7.761445] [11048/0.026701]
  5  19 200, 0.111230 [0.000519/7.758532] [11098/0.026701]
  5  19 250, 0.139585 [0.000883/7.755687] [11148/0.026701]
  5  19 300, 0.166659 [0.000643/7.752642] [11198/0.026701]
  5  19 350, 0.194823 [0.000883/7.749786] [11248/0.026701]
Epoch 19 done. Evaluation:
(50000, 50000)
(9086, 10000)
  6   0  50, 0.027678 [0.000407/7.746033] [11339/0.026701]
  6   0 100, 0.055311 [0.000322/7.744577] [11389/0.026701]
  6   0 150, 0.083917 [0.000583/7.743198] [11439/0.026701]
  6   0 200, 0.110540 [0.000404/7.741657] [11489/0.026701]
  6   0 250, 0.138528 [0.000535/7.740235] [11539/0.026701]
  6   0 300, 0.165483 [0.000350/7.738721] [11589/0.026701]
  6   0 350, 0.193377 [0.000467/7.737283] [11639/0.026701]
Epoch 0 done. Evaluation:
(50000, 50000)
(9087, 10000)
  6   1  50, 0.028090 [0.000779/7.734693] [11730/0.026701]
  6   1 100, 0.055411 [0.000652/7.733227] [11780/0.026701]
  6   1 150, 0.083478 [0.000341/7.731805] [11830/0.026701]
  6   1 200, 0.112038 [0.000499/7.730419] [11880/0.026701]
  6   1 250, 0.140206 [0.000418/7.729013] [11930/0.026701]
  6   1 300, 0.167628 [0.000456/7.727558] [11980/0.026701]
  6   1 350, 0.195154 [0.001366/7.726108] [12030/0.026701]
Epoch 1 done. Evaluation:
(50000, 50000)
(9080, 10000)
  6   2  50, 0.027303 [0.000410/7.723455] [12121/0.026701]
  6   2 100, 0.054363 [0.000562/7.721972] [12171/0.026701]
  6   2 150, 0.082823 [0.000383/7.720606] [12221/0.026701]
  6   2 200, 0.111160 [0.000454/7.719227] [12271/0.026701]
  6   2 250, 0.139260 [0.000363/7.717832] [12321/0.026701]
  6   2 300, 0.166967 [0.000368/7.716410] [12371/0.026701]
  6   2 350, 0.194967 [0.000503/7.715016] [12421/0.026701]
Epoch 2 done. Evaluation:
(50000, 50000)
(9076, 10000)
  6   3  50, 0.028347 [0.000701/7.712457] [12512/0.026701]
  6   3 100, 0.056474 [0.000299/7.711071] [12562/0.026701]
  6   3 150, 0.083471 [0.000525/7.709603] [12612/0.026701]
  6   3 200, 0.112247 [0.000701/7.708264] [12662/0.026701]
  6   3 250, 0.140117 [0.000420/7.706868] [12712/0.026701]
  6   3 300, 0.168659 [0.000457/7.705525] [12762/0.026701]
  6   3 350, 0.196688 [0.000396/7.704147] [12812/0.026701]
Epoch 3 done. Evaluation:
(50000, 50000)
(9089, 10000)
  6   4  50, 0.028100 [0.000478/7.701610] [12903/0.026701]
  6   4 100, 0.055001 [0.000609/7.700134] [12953/0.026701]
  6   4 150, 0.083354 [0.000744/7.698787] [13003/0.026701]
  6   4 200, 0.110899 [0.000305/7.697373] [13053/0.026701]
  6   4 250, 0.139496 [0.001208/7.696036] [13103/0.026701]
  6   4 300, 0.167228 [0.000517/7.694649] [13153/0.026701]
  6   4 350, 0.194809 [0.000959/7.693245] [13203/0.026701]
Epoch 4 done. Evaluation:
(50000, 50000)
(9081, 10000)
  6   5  50, 0.028713 [0.000633/7.690753] [13294/0.026701]
  6   5 100, 0.056991 [0.000359/7.689410] [13344/0.026701]
  6   5 150, 0.084834 [0.001496/7.688037] [13394/0.026701]
  6   5 200, 0.112559 [0.000490/7.686663] [13444/0.026701]
  6   5 250, 0.139992 [0.000577/7.685266] [13494/0.026701]
  6   5 300, 0.167951 [0.000470/7.683899] [13544/0.026701]
  6   5 350, 0.195284 [0.001013/7.682486] [13594/0.026701]
Epoch 5 done. Evaluation:
(50000, 50000)
(9079, 10000)
  6   6  50, 0.028989 [0.000398/7.680044] [13685/0.026701]
  6   6 100, 0.056599 [0.000222/7.678654] [13735/0.026701]
  6   6 150, 0.084277 [0.000483/7.677267] [13785/0.026701]
  6   6 200, 0.112436 [0.000398/7.675937] [13835/0.026701]
  6   6 250, 0.140307 [0.000305/7.674586] [13885/0.026701]
  6   6 300, 0.168052 [0.000394/7.673212] [13935/0.026701]
  6   6 350, 0.196149 [0.001208/7.671869] [13985/0.026701]
Epoch 6 done. Evaluation:
(50000, 50000)
(9088, 10000)
  6   7  50, 0.027879 [0.000554/7.669398] [14076/0.026701]
  6   7 100, 0.055999 [0.000323/7.668073] [14126/0.026701]
  6   7 150, 0.084128 [0.001824/7.666749] [14176/0.026701]
  6   7 200, 0.112228 [0.000859/7.665417] [14226/0.026701]
  6   7 250, 0.140431 [0.000398/7.664108] [14276/0.026701]
  6   7 300, 0.168924 [0.000689/7.662815] [14326/0.026701]
  6   7 350, 0.196478 [0.000264/7.661451] [14376/0.026701]
Epoch 7 done. Evaluation:
(50000, 50000)
(9089, 10000)
  6   8  50, 0.028023 [0.000487/7.659012] [14467/0.026701]
  6   8 100, 0.056397 [0.000680/7.657714] [14517/0.026701]
  6   8 150, 0.083998 [0.000344/7.656358] [14567/0.026701]
  6   8 200, 0.111804 [0.000509/7.655014] [14617/0.026701]
  6   8 250, 0.139726 [0.000577/7.653685] [14667/0.026701]
  6   8 300, 0.167069 [0.000556/7.652319] [14717/0.026701]
  6   8 350, 0.194932 [0.000223/7.650985] [14767/0.026701]
Epoch 8 done. Evaluation:
(50000, 50000)
(9093, 10000)
  6   9  50, 0.027766 [0.001919/7.648550] [14858/0.026701]
  6   9 100, 0.054366 [0.000371/7.647120] [14908/0.026701]
  6   9 150, 0.081997 [0.000777/7.645778] [14958/0.026701]
  6   9 200, 0.109847 [0.000647/7.644467] [15008/0.026701]
  6   9 250, 0.138083 [0.000583/7.643161] [15058/0.026701]
  6   9 300, 0.166363 [0.000525/7.641875] [15108/0.026701]
  6   9 350, 0.193898 [0.000478/7.640533] [15158/0.026701]
Epoch 9 done. Evaluation:
(50000, 50000)
(9091, 10000)
  6  10  50, 0.027040 [0.000618/7.638034] [15249/0.026701]
  6  10 100, 0.054752 [0.000562/7.636722] [15299/0.026701]
  6  10 150, 0.081918 [0.000571/7.635360] [15349/0.026701]
  6  10 200, 0.109908 [0.000388/7.634063] [15399/0.026701]
  6  10 250, 0.138646 [0.000372/7.632813] [15449/0.026701]
  6  10 300, 0.166155 [0.000546/7.631478] [15499/0.026701]
  6  10 350, 0.194574 [0.000377/7.630228] [15549/0.026701]
Epoch 10 done. Evaluation:
(50000, 50000)
(9077, 10000)
  6  11  50, 0.028597 [0.000579/7.627923] [15640/0.026701]
  6  11 100, 0.057129 [0.000351/7.626687] [15690/0.026701]
  6  11 150, 0.085264 [0.000483/7.625429] [15740/0.026701]
  6  11 200, 0.112832 [0.001457/7.624103] [15790/0.026701]
  6  11 250, 0.140129 [0.000378/7.622764] [15840/0.026701]
  6  11 300, 0.168398 [0.000299/7.621496] [15890/0.026701]
  6  11 350, 0.196127 [0.000472/7.620184] [15940/0.026701]
Epoch 11 done. Evaluation:
(49999, 50000)
(9088, 10000)
  6  12  50, 0.027710 [0.000658/7.617851] [16031/0.026701]
  6  12 100, 0.055839 [0.000523/7.616579] [16081/0.026701]
  6  12 150, 0.084528 [0.001523/7.615346] [16131/0.026701]
  6  12 200, 0.111922 [0.000296/7.614013] [16181/0.026701]
  6  12 250, 0.139210 [0.000517/7.612700] [16231/0.026701]
  6  12 300, 0.167868 [0.000524/7.611485] [16281/0.026701]
  6  12 350, 0.196100 [0.000477/7.610236] [16331/0.026701]
Epoch 12 done. Evaluation:
(50000, 50000)
(9086, 10000)
  6  13  50, 0.028160 [0.000583/7.607925] [16422/0.026701]
  6  13 100, 0.054914 [0.000794/7.606553] [16472/0.026701]
  6  13 150, 0.082771 [0.000725/7.605275] [16522/0.026701]
  6  13 200, 0.110975 [0.000635/7.604039] [16572/0.026701]
  6  13 250, 0.138806 [0.000332/7.602758] [16622/0.026701]
  6  13 300, 0.166210 [0.000400/7.601455] [16672/0.026701]
  6  13 350, 0.194284 [0.000640/7.600212] [16722/0.026701]
Epoch 13 done. Evaluation:
(50000, 50000)
(9097, 10000)
  6  14  50, 0.028035 [0.000314/7.597890] [16813/0.026701]
  6  14 100, 0.055326 [0.000251/7.596587] [16863/0.026701]
  6  14 150, 0.084015 [0.000581/7.595406] [16913/0.026701]
  6  14 200, 0.111858 [0.000404/7.594144] [16963/0.026701]
  6  14 250, 0.139578 [0.000941/7.592878] [17013/0.026701]
  6  14 300, 0.166829 [0.000431/7.591574] [17063/0.026701]
  6  14 350, 0.194498 [0.000459/7.590306] [17113/0.026701]
Epoch 14 done. Evaluation:
(50000, 50000)
(9098, 10000)
  6  15  50, 0.027854 [0.000466/7.588017] [17204/0.026701]
  6  15 100, 0.056106 [0.000278/7.586797] [17254/0.026701]
  6  15 150, 0.084201 [0.000543/7.585572] [17304/0.026701]
  6  15 200, 0.112070 [0.000505/7.584328] [17354/0.026701]
  6  15 250, 0.139127 [0.000469/7.583014] [17404/0.026701]
  6  15 300, 0.166469 [0.000669/7.581724] [17454/0.026701]
  6  15 350, 0.194375 [0.000325/7.580489] [17504/0.026701]
Epoch 15 done. Evaluation:
(50000, 50000)
(9100, 10000)
  6  16  50, 0.027974 [0.000617/7.578229] [17595/0.026701]
  6  16 100, 0.056380 [0.000364/7.577022] [17645/0.026701]
  6  16 150, 0.084298 [0.000373/7.575793] [17695/0.026701]
  6  16 200, 0.112772 [0.000627/7.574601] [17745/0.026701]
  6  16 250, 0.140704 [0.000878/7.573384] [17795/0.026701]
  6  16 300, 0.168595 [0.000565/7.572142] [17845/0.026701]
  6  16 350, 0.196961 [0.000618/7.570949] [17895/0.026701]
Epoch 16 done. Evaluation:
(50000, 50000)
(9091, 10000)
  6  17  50, 0.027492 [0.000404/7.568744] [17986/0.026701]
  6  17 100, 0.055145 [0.000482/7.567501] [18036/0.026701]
  6  17 150, 0.083805 [0.000779/7.566346] [18086/0.026701]
  6  17 200, 0.112315 [0.000898/7.565179] [18136/0.026701]
  6  17 250, 0.140052 [0.000604/7.563951] [18186/0.026701]
  6  17 300, 0.168549 [0.001210/7.562775] [18236/0.026701]
  6  17 350, 0.196777 [0.000714/7.561581] [18286/0.026701]
Epoch 17 done. Evaluation:
(50000, 50000)
(9101, 10000)
  6  18  50, 0.027750 [0.001343/7.559360] [18377/0.026701]
  6  18 100, 0.055718 [0.000478/7.558152] [18427/0.026701]
  6  18 150, 0.083273 [0.000378/7.556917] [18477/0.026701]
  6  18 200, 0.110144 [0.000449/7.555614] [18527/0.026701]
  6  18 250, 0.139003 [0.000710/7.554488] [18577/0.026701]
  6  18 300, 0.166506 [0.000257/7.553256] [18627/0.026701]
  6  18 350, 0.194614 [0.000287/7.552064] [18677/0.026701]
Epoch 18 done. Evaluation:
(50000, 50000)
(9091, 10000)
  6  19  50, 0.027814 [0.000455/7.549921] [18768/0.026701]
  6  19 100, 0.055865 [0.000544/7.548737] [18818/0.026701]
  6  19 150, 0.084125 [0.000374/7.547567] [18868/0.026701]
  6  19 200, 0.112551 [0.000551/7.546421] [18918/0.026701]
  6  19 250, 0.139850 [0.000391/7.545176] [18968/0.026701]
  6  19 300, 0.167880 [0.000582/7.544004] [19018/0.026701]
  6  19 350, 0.196657 [0.000675/7.542886] [19068/0.026701]
Epoch 19 done. Evaluation:
(50000, 50000)
(9090, 10000)
