Sequential (
  (conv1_1): Sequential (
    (0): Conv2d(3, 32, kernel_size=(3, 3), stride=(1, 1), padding=(1, 1))
    (1): BatchNorm2d(32, eps=1e-05, momentum=0.1, affine=True)
    (2): ReLU (inplace)
  )
  (conv1_2): Sequential (
    (0): Conv2d(32, 32, kernel_size=(3, 3), stride=(1, 1), padding=(1, 1))
    (1): BatchNorm2d(32, eps=1e-05, momentum=0.1, affine=True)
    (2): ReLU (inplace)
  )
  (pool1): MaxPool2d (size=(2, 2), stride=(2, 2), dilation=(1, 1))
  (conv2_1): Sequential (
    (0): Conv2d(32, 64, kernel_size=(3, 3), stride=(1, 1), padding=(1, 1))
    (1): BatchNorm2d(64, eps=1e-05, momentum=0.1, affine=True)
    (2): ReLU (inplace)
  )
  (conv2_2): Sequential (
    (0): Conv2d(64, 64, kernel_size=(3, 3), stride=(1, 1), padding=(1, 1))
    (1): BatchNorm2d(64, eps=1e-05, momentum=0.1, affine=True)
    (2): ReLU (inplace)
  )
  (pool2): MaxPool2d (size=(2, 2), stride=(2, 2), dilation=(1, 1))
  (conv3_1): Sequential (
    (0): Conv2d(64, 128, kernel_size=(3, 3), stride=(1, 1), padding=(1, 1))
    (1): BatchNorm2d(128, eps=1e-05, momentum=0.1, affine=True)
    (2): ReLU (inplace)
  )
  (conv3_2): Sequential (
    (0): Conv2d(128, 128, kernel_size=(3, 3), stride=(1, 1), padding=(1, 1))
    (1): BatchNorm2d(128, eps=1e-05, momentum=0.1, affine=True)
    (2): ReLU (inplace)
  )
  (pool3): MaxPool2d (size=(2, 2), stride=(2, 2), dilation=(1, 1))
  (conv4_1): Sequential (
    (0): Conv2d(128, 256, kernel_size=(3, 3), stride=(1, 1), padding=(1, 1))
    (1): BatchNorm2d(256, eps=1e-05, momentum=0.1, affine=True)
    (2): ReLU (inplace)
  )
  (conv4_2): Sequential (
    (0): Conv2d(256, 256, kernel_size=(3, 3), stride=(1, 1), padding=(1, 1))
    (1): BatchNorm2d(256, eps=1e-05, momentum=0.1, affine=True)
    (2): ReLU (inplace)
  )
  (pool4): MaxPool2d (size=(2, 2), stride=(2, 2), dilation=(1, 1))
  (conv5_1): Sequential (
    (0): Conv2d(256, 256, kernel_size=(3, 3), stride=(1, 1), padding=(1, 1))
    (1): BatchNorm2d(256, eps=1e-05, momentum=0.1, affine=True)
    (2): ReLU (inplace)
  )
  (conv5_2): Sequential (
    (0): Conv2d(256, 256, kernel_size=(3, 3), stride=(1, 1), padding=(1, 1))
    (1): BatchNorm2d(256, eps=1e-05, momentum=0.1, affine=True)
    (2): ReLU (inplace)
  )
  (pool5): MaxPool2d (size=(2, 2), stride=(2, 2), dilation=(1, 1))
  (fc6): Sequential (
    (0): Conv2d(256, 256, kernel_size=(1, 1), stride=(1, 1))
    (1): BatchNorm2d(256, eps=1e-05, momentum=0.1, affine=True)
    (2): ReLU (inplace)
  )
  (logit): Conv2d(256, 10, kernel_size=(1, 1), stride=(1, 1))
  (flatter): Flatten()
)
{'L1_decay': 5e-06,
 'batch_size': 128,
 'force_name': True,
 'graphfolder': 'logs/exp6_graphs/',
 'learning_rate': 0.1,
 'logfile': 'logs/exp6.log',
 'mode': '',
 'name': 'exp6',
 'num_base': 32,
 'optimizer': 'SGD',
 'weight_decay': 0.016}
Decayed training with schedule: [20, 20, 20, 20, 20, 20, 20, 20, 20, 20]
  0   0  50, 1.818746 [0.431074/66.680406] [   0/1.818746]
  0   0 100, 1.434639 [0.390261/61.607435] [   0/1.434639]
  0   0 150, 1.313274 [0.424180/56.927035] [   0/1.313274]
  0   0 200, 1.203962 [0.419793/52.614201] [   0/1.203962]
  0   0 250, 1.158656 [0.323815/48.642170] [   0/1.158656]
  0   0 300, 1.071190 [0.339418/44.984899] [   0/1.071190]
  0   0 350, 1.033996 [0.305614/41.615405] [   0/1.033996]
Epoch 0 done. Evaluation:
(27298, 50000)
(5739, 10000)
  0   1  50, 0.933672 [0.333035/36.170941] [   0/0.933672]
  0   1 100, 0.914471 [0.364248/33.517599] [   0/0.914471]
  0   1 150, 0.902464 [0.382880/31.083028] [   0/0.902464]
  0   1 200, 0.877932 [0.341735/28.846316] [   0/0.877932]
  0   1 250, 0.857634 [0.475446/26.802197] [   0/0.857634]
  0   1 300, 0.868829 [0.333739/24.922991] [  50/0.857634]
  0   1 350, 0.840693 [0.364210/23.209167] [   0/0.840693]
Epoch 1 done. Evaluation:
(34954, 50000)
(6361, 10000)
  0   2  50, 0.792344 [0.341473/20.496394] [   0/0.792344]
  0   2 100, 0.783896 [0.346784/19.190282] [   0/0.783896]
  0   2 150, 0.808861 [0.393222/18.002011] [  50/0.783896]
  0   2 200, 0.774570 [0.462724/16.934648] [   0/0.774570]
  0   2 250, 0.810240 [0.391951/15.955883] [  50/0.774570]
  0   2 300, 0.794892 [0.393411/15.077613] [ 100/0.774570]
  0   2 350, 0.796513 [0.388763/14.293199] [ 150/0.774570]
Epoch 2 done. Evaluation:
(37037, 50000)
(4025, 10000)
  0   3  50, 0.771787 [0.383935/13.115436] [   0/0.771787]
  0   3 100, 0.766566 [0.324376/12.570359] [   0/0.766566]
  0   3 150, 0.758056 [0.354734/12.087013] [   0/0.758056]
  0   3 200, 0.772685 [0.500254/11.670271] [  50/0.758056]
  0   3 250, 0.767838 [0.355235/11.296153] [ 100/0.758056]
  0   3 300, 0.768942 [0.385091/10.980107] [ 150/0.758056]
  0   3 350, 0.759551 [0.441332/10.694592] [ 200/0.758056]
Epoch 3 done. Evaluation:
(37691, 50000)
(4506, 10000)
  0   4  50, 0.743162 [0.416507/10.265174] [   0/0.743162]
  0   4 100, 0.757148 [0.380970/10.097223] [  50/0.743162]
  0   4 150, 0.756184 [0.396360/9.953413] [ 100/0.743162]
  0   4 200, 0.729842 [0.415919/9.829397] [   0/0.729842]
  0   4 250, 0.745160 [0.341287/9.710316] [  50/0.729842]
  0   4 300, 0.745945 [0.405244/9.628418] [ 100/0.729842]
  0   4 350, 0.752061 [0.413165/9.555808] [ 150/0.729842]
Epoch 4 done. Evaluation:
(37882, 50000)
(4483, 10000)
  0   5  50, 0.725974 [0.441845/9.478310] [   0/0.725974]
  0   5 100, 0.746726 [0.385014/9.446116] [  50/0.725974]
  0   5 150, 0.736564 [0.394817/9.409230] [ 100/0.725974]
  0   5 200, 0.738188 [0.449652/9.389410] [ 150/0.725974]
  0   5 250, 0.736579 [0.405064/9.365744] [ 200/0.725974]
  0   5 300, 0.716510 [0.491002/9.320330] [   0/0.716510]
  0   5 350, 0.750267 [0.433315/9.310816] [  50/0.716510]
Epoch 5 done. Evaluation:
(38193, 50000)
(6123, 10000)
  0   6  50, 0.708336 [0.398425/9.301801] [   0/0.708336]
  0   6 100, 0.719581 [0.471358/9.297358] [  50/0.708336]
  0   6 150, 0.701112 [0.521070/9.312171] [   0/0.701112]
  0   6 200, 0.729193 [0.394489/9.317477] [  50/0.701112]
  0   6 250, 0.735926 [0.379075/9.307618] [ 100/0.701112]
  0   6 300, 0.705227 [0.403021/9.277724] [ 150/0.701112]
  0   6 350, 0.763676 [0.416275/9.294128] [ 200/0.701112]
Epoch 6 done. Evaluation:
(38609, 50000)
(6528, 10000)
  0   7  50, 0.695636 [0.471880/9.272305] [   0/0.695636]
  0   7 100, 0.698392 [0.349013/9.296847] [  50/0.695636]
  0   7 150, 0.721535 [0.417672/9.302863] [ 100/0.695636]
  0   7 200, 0.696122 [0.405722/9.290099] [ 150/0.695636]
  0   7 250, 0.709537 [0.428153/9.303011] [ 200/0.695636]
  0   7 300, 0.688477 [0.400225/9.297822] [   0/0.688477]
  0   7 350, 0.721012 [0.553207/9.321049] [  50/0.688477]
Epoch 7 done. Evaluation:
(38851, 50000)
(5874, 10000)
  0   8  50, 0.662958 [0.435479/9.319115] [   0/0.662958]
  0   8 100, 0.714247 [0.426228/9.318226] [  50/0.662958]
  0   8 150, 0.716015 [0.499897/9.337416] [ 100/0.662958]
  0   8 200, 0.682149 [0.465343/9.359804] [ 150/0.662958]
  0   8 250, 0.694001 [0.332108/9.352408] [ 200/0.662958]
  0   8 300, 0.700547 [0.478292/9.374674] [ 250/0.662958]
  0   8 350, 0.704606 [0.461097/9.328203] [ 300/0.662958]
Epoch 8 done. Evaluation:
(38952, 50000)
(3946, 10000)
  0   9  50, 0.706928 [0.378633/9.359217] [ 391/0.662958]
  0   9 100, 0.640289 [0.347569/9.360047] [   0/0.640289]
  0   9 150, 0.697247 [0.401735/9.392925] [  50/0.640289]
  0   9 200, 0.686120 [0.408664/9.388871] [ 100/0.640289]
  0   9 250, 0.702300 [0.387183/9.395264] [ 150/0.640289]
  0   9 300, 0.694356 [0.429699/9.374277] [ 200/0.640289]
  0   9 350, 0.718629 [0.335034/9.386436] [ 250/0.640289]
Epoch 9 done. Evaluation:
(39182, 50000)
(6004, 10000)
  0  10  50, 0.665046 [0.358762/9.375490] [ 341/0.640289]
  0  10 100, 0.667760 [0.476749/9.401111] [ 391/0.640289]
  0  10 150, 0.689031 [0.381458/9.396077] [ 441/0.640289]
  0  10 200, 0.681722 [0.475945/9.417952] [ 491/0.640289]
  0  10 250, 0.689862 [0.503646/9.427632] [ 541/0.640289]
  0  10 300, 0.707847 [0.377531/9.400831] [ 591/0.640289]
  0  10 350, 0.715295 [0.377907/9.389277] [ 641/0.640289]
Epoch 10 done. Evaluation:
(39225, 50000)
(4346, 10000)
  0  11  50, 0.661227 [0.429412/9.444832] [ 732/0.640289]
  0  11 100, 0.667983 [0.400174/9.429328] [ 782/0.640289]
  0  11 150, 0.668670 [0.434763/9.433739] [ 832/0.640289]
  0  11 200, 0.680842 [0.343237/9.423112] [ 882/0.640289]
  0  11 250, 0.715780 [0.407663/9.446534] [ 932/0.640289]
  0  11 300, 0.665593 [0.432857/9.432474] [ 982/0.640289]
  0  11 350, 0.669665 [0.444659/9.402726] [1032/0.640289]
Epoch 11 done. Evaluation:
(39272, 50000)
(3970, 10000)
  0  12  50, 0.654118 [0.509070/9.414901] [1123/0.640289]
  0  12 100, 0.664752 [0.454338/9.434447] [1173/0.640289]
  0  12 150, 0.672727 [0.477361/9.436383] [1223/0.640289]
  0  12 200, 0.680936 [0.397811/9.416489] [1273/0.640289]
  0  12 250, 0.662286 [0.473408/9.384925] [1323/0.640289]
  0  12 300, 0.686872 [0.512336/9.426624] [1373/0.640289]
  0  12 350, 0.685063 [0.345240/9.404106] [1423/0.640289]
Epoch 12 done. Evaluation:
(39442, 50000)
(5669, 10000)
  0  13  50, 0.638050 [0.518151/9.443204] [   0/0.638050]
  0  13 100, 0.659170 [0.388535/9.454475] [  50/0.638050]
  0  13 150, 0.654716 [0.443051/9.434921] [ 100/0.638050]
  0  13 200, 0.686874 [0.448194/9.444475] [ 150/0.638050]
  0  13 250, 0.683223 [0.452333/9.437303] [ 200/0.638050]
  0  13 300, 0.692929 [0.379692/9.437697] [ 250/0.638050]
  0  13 350, 0.692514 [0.369215/9.448611] [ 300/0.638050]
Epoch 13 done. Evaluation:
(39418, 50000)
(4706, 10000)
  0  14  50, 0.669646 [0.474801/9.445870] [ 391/0.638050]
  0  14 100, 0.660367 [0.474364/9.444498] [ 441/0.638050]
  0  14 150, 0.676481 [0.466143/9.449787] [ 491/0.638050]
  0  14 200, 0.682608 [0.396536/9.460379] [ 541/0.638050]
  0  14 250, 0.657888 [0.366678/9.459989] [ 591/0.638050]
  0  14 300, 0.687502 [0.363596/9.452826] [ 641/0.638050]
  0  14 350, 0.654735 [0.419926/9.437915] [ 691/0.638050]
Epoch 14 done. Evaluation:
(39358, 50000)
(6718, 10000)
  0  15  50, 0.650473 [0.361867/9.441502] [ 782/0.638050]
  0  15 100, 0.652346 [0.358784/9.442234] [ 832/0.638050]
  0  15 150, 0.657043 [0.428478/9.463263] [ 882/0.638050]
  0  15 200, 0.681323 [0.411384/9.475745] [ 932/0.638050]
  0  15 250, 0.664639 [0.394847/9.453019] [ 982/0.638050]
  0  15 300, 0.672042 [0.378378/9.469991] [1032/0.638050]
  0  15 350, 0.717979 [0.483115/9.471816] [1082/0.638050]
Epoch 15 done. Evaluation:
(39525, 50000)
(6113, 10000)
  0  16  50, 0.661801 [0.363636/9.467959] [1173/0.638050]
  0  16 100, 0.682773 [0.424201/9.471266] [1223/0.638050]
  0  16 150, 0.666634 [0.398890/9.483684] [1273/0.638050]
  0  16 200, 0.662441 [0.390474/9.458188] [1323/0.638050]
  0  16 250, 0.646072 [0.466007/9.428481] [1373/0.638050]
  0  16 300, 0.680716 [0.365602/9.451201] [1423/0.638050]
  0  16 350, 0.710372 [0.405140/9.462523] [1473/0.638050]
Epoch 16 done. Evaluation:
(39390, 50000)
(3235, 10000)
  0  17  50, 0.642644 [0.354532/9.492828] [1564/0.638050]
  0  17 100, 0.642475 [0.464407/9.473598] [1614/0.638050]
  0  17 150, 0.655362 [0.462796/9.501523] [1664/0.638050]
  0  17 200, 0.666571 [0.402978/9.497769] [1714/0.638050]
  0  17 250, 0.694294 [0.419395/9.468343] [1764/0.638050]
  0  17 300, 0.669114 [0.389011/9.452153] [1814/0.638050]
  0  17 350, 0.686410 [0.413932/9.440160] [1864/0.638050]
Epoch 17 done. Evaluation:
(39498, 50000)
(2984, 10000)
  0  18  50, 0.709491 [0.441978/9.522405] [1955/0.638050]
  0  18 100, 0.637987 [0.416846/9.495897] [   0/0.637987]
  0  18 150, 0.670682 [0.460809/9.486731] [  50/0.637987]
  0  18 200, 0.678565 [0.413869/9.519540] [ 100/0.637987]
  0  18 250, 0.661378 [0.539885/9.509120] [ 150/0.637987]
  0  18 300, 0.663523 [0.510478/9.493636] [ 200/0.637987]
  0  18 350, 0.688969 [0.419586/9.504414] [ 250/0.637987]
Epoch 18 done. Evaluation:
(39445, 50000)
(5609, 10000)
  0  19  50, 0.659842 [0.460281/9.456387] [ 341/0.637987]
  0  19 100, 0.635220 [0.436461/9.468250] [   0/0.635220]
  0  19 150, 0.676191 [0.500263/9.473923] [  50/0.635220]
  0  19 200, 0.690344 [0.335131/9.492588] [ 100/0.635220]
  0  19 250, 0.666904 [0.316737/9.483299] [ 150/0.635220]
  0  19 300, 0.636901 [0.502000/9.461219] [ 200/0.635220]
  0  19 350, 0.655888 [0.435551/9.452046] [ 250/0.635220]
Epoch 19 done. Evaluation:
(39571, 50000)
(5219, 10000)
  1   0  50, 0.492768 [0.162498/9.352648] [   0/0.492768]
  1   0 100, 0.484851 [0.220044/9.248815] [   0/0.484851]
  1   0 150, 0.484937 [0.243377/9.157598] [  50/0.484851]
  1   0 200, 0.507746 [0.244416/9.089831] [ 100/0.484851]
  1   0 250, 0.515220 [0.252595/9.030120] [ 150/0.484851]
  1   0 300, 0.518912 [0.251675/8.968989] [ 200/0.484851]
  1   0 350, 0.505219 [0.267249/8.926945] [ 250/0.484851]
Epoch 0 done. Evaluation:
(42359, 50000)
(6822, 10000)
  1   1  50, 0.473543 [0.262145/8.875395] [   0/0.473543]
  1   1 100, 0.490163 [0.238692/8.878976] [  50/0.473543]
  1   1 150, 0.515922 [0.226108/8.872161] [ 100/0.473543]
  1   1 200, 0.492408 [0.259755/8.855452] [ 150/0.473543]
  1   1 250, 0.503564 [0.214317/8.840949] [ 200/0.473543]
  1   1 300, 0.513898 [0.228877/8.829185] [ 250/0.473543]
  1   1 350, 0.540503 [0.295152/8.835250] [ 300/0.473543]
Epoch 1 done. Evaluation:
(42353, 50000)
(6415, 10000)
  1   2  50, 0.474195 [0.258494/8.843182] [ 391/0.473543]
  1   2 100, 0.483968 [0.224638/8.842364] [ 441/0.473543]
  1   2 150, 0.490981 [0.243612/8.838809] [ 491/0.473543]
  1   2 200, 0.500424 [0.286329/8.858776] [ 541/0.473543]
  1   2 250, 0.528725 [0.216298/8.870738] [ 591/0.473543]
  1   2 300, 0.544716 [0.287413/8.878651] [ 641/0.473543]
  1   2 350, 0.549460 [0.327917/8.879847] [ 691/0.473543]
Epoch 2 done. Evaluation:
(42272, 50000)
(4625, 10000)
  1   3  50, 0.482541 [0.233996/8.892760] [ 782/0.473543]
  1   3 100, 0.489086 [0.247983/8.904295] [ 832/0.473543]
  1   3 150, 0.507001 [0.309484/8.915151] [ 882/0.473543]
  1   3 200, 0.484605 [0.277532/8.919878] [ 932/0.473543]
  1   3 250, 0.504906 [0.311886/8.925748] [ 982/0.473543]
  1   3 300, 0.515341 [0.275516/8.932447] [1032/0.473543]
  1   3 350, 0.529463 [0.268092/8.929056] [1082/0.473543]
Epoch 3 done. Evaluation:
(42397, 50000)
(3503, 10000)
  1   4  50, 0.459098 [0.263135/8.936506] [   0/0.459098]
  1   4 100, 0.483424 [0.305433/8.949937] [  50/0.459098]
  1   4 150, 0.496414 [0.262780/8.959943] [ 100/0.459098]
  1   4 200, 0.492119 [0.335080/8.972059] [ 150/0.459098]
  1   4 250, 0.494298 [0.191589/8.971344] [ 200/0.459098]
  1   4 300, 0.539214 [0.299624/8.993312] [ 250/0.459098]
  1   4 350, 0.507372 [0.228038/8.985705] [ 300/0.459098]
Epoch 4 done. Evaluation:
(42416, 50000)
(7113, 10000)
  1   5  50, 0.474987 [0.239361/8.973871] [ 391/0.459098]
  1   5 100, 0.477722 [0.269998/8.972608] [ 441/0.459098]
  1   5 150, 0.501117 [0.274583/8.975889] [ 491/0.459098]
  1   5 200, 0.474933 [0.356623/8.987739] [ 541/0.459098]
  1   5 250, 0.521096 [0.283388/8.999682] [ 591/0.459098]
  1   5 300, 0.504784 [0.303741/9.011582] [ 641/0.459098]
  1   5 350, 0.501537 [0.270639/9.022969] [ 691/0.459098]
Epoch 5 done. Evaluation:
(42380, 50000)
(5401, 10000)
  1   6  50, 0.449341 [0.333728/9.033507] [   0/0.449341]
  1   6 100, 0.473735 [0.320803/9.051130] [  50/0.449341]
  1   6 150, 0.496882 [0.321897/9.065520] [ 100/0.449341]
  1   6 200, 0.495088 [0.262838/9.060234] [ 150/0.449341]
  1   6 250, 0.507747 [0.270122/9.054540] [ 200/0.449341]
  1   6 300, 0.492724 [0.272534/9.063477] [ 250/0.449341]
  1   6 350, 0.536554 [0.273170/9.065913] [ 300/0.449341]
Epoch 6 done. Evaluation:
(42511, 50000)
(4849, 10000)
  1   7  50, 0.473302 [0.289807/9.049896] [ 391/0.449341]
  1   7 100, 0.470941 [0.262448/9.052781] [ 441/0.449341]
  1   7 150, 0.495086 [0.287905/9.049777] [ 491/0.449341]
  1   7 200, 0.484848 [0.309582/9.052625] [ 541/0.449341]
  1   7 250, 0.501544 [0.278407/9.054150] [ 591/0.449341]
  1   7 300, 0.507614 [0.319854/9.067191] [ 641/0.449341]
  1   7 350, 0.507084 [0.253205/9.058287] [ 691/0.449341]
Epoch 7 done. Evaluation:
(42499, 50000)
(6664, 10000)
  1   8  50, 0.459153 [0.304771/9.070653] [ 782/0.449341]
  1   8 100, 0.449590 [0.216666/9.077066] [ 832/0.449341]
  1   8 150, 0.503760 [0.311160/9.091473] [ 882/0.449341]
  1   8 200, 0.516128 [0.304170/9.101239] [ 932/0.449341]
  1   8 250, 0.499803 [0.308777/9.100939] [ 982/0.449341]
  1   8 300, 0.496872 [0.245963/9.093020] [1032/0.449341]
  1   8 350, 0.497994 [0.335224/9.085681] [1082/0.449341]
Epoch 8 done. Evaluation:
(42537, 50000)
(5603, 10000)
  1   9  50, 0.451448 [0.249921/9.084434] [1173/0.449341]
  1   9 100, 0.475724 [0.304381/9.096354] [1223/0.449341]
  1   9 150, 0.485941 [0.259468/9.108480] [1273/0.449341]
  1   9 200, 0.467692 [0.255735/9.100456] [1323/0.449341]
  1   9 250, 0.499752 [0.325625/9.117456] [1373/0.449341]
  1   9 300, 0.517976 [0.295901/9.134001] [1423/0.449341]
  1   9 350, 0.514102 [0.329571/9.128718] [1473/0.449341]
Epoch 9 done. Evaluation:
(42568, 50000)
(7337, 10000)
  1  10  50, 0.451794 [0.300940/9.115897] [1564/0.449341]
  1  10 100, 0.467648 [0.314520/9.117112] [1614/0.449341]
  1  10 150, 0.465133 [0.366977/9.118581] [1664/0.449341]
  1  10 200, 0.507099 [0.261380/9.116678] [1714/0.449341]
  1  10 250, 0.489494 [0.318392/9.110677] [1764/0.449341]
  1  10 300, 0.497010 [0.317701/9.117682] [1814/0.449341]
  1  10 350, 0.503457 [0.301720/9.131364] [1864/0.449341]
Epoch 10 done. Evaluation:
(42670, 50000)
(6372, 10000)
  1  11  50, 0.447904 [0.317308/9.134484] [   0/0.447904]
  1  11 100, 0.465168 [0.306163/9.139515] [  50/0.447904]
  1  11 150, 0.470751 [0.203689/9.143951] [ 100/0.447904]
  1  11 200, 0.487001 [0.282655/9.150955] [ 150/0.447904]
  1  11 250, 0.510907 [0.300156/9.135388] [ 200/0.447904]
  1  11 300, 0.478350 [0.285283/9.117053] [ 250/0.447904]
  1  11 350, 0.475695 [0.230896/9.110169] [ 300/0.447904]
Epoch 11 done. Evaluation:
(42787, 50000)
(7762, 10000)
  1  12  50, 0.462891 [0.296523/9.134431] [ 391/0.447904]
  1  12 100, 0.484970 [0.287781/9.150603] [ 441/0.447904]
  1  12 150, 0.480537 [0.290523/9.154027] [ 491/0.447904]
  1  12 200, 0.474015 [0.321969/9.155986] [ 541/0.447904]
  1  12 250, 0.469035 [0.280623/9.160287] [ 591/0.447904]
  1  12 300, 0.503290 [0.368618/9.170295] [ 641/0.447904]
  1  12 350, 0.495191 [0.298120/9.165117] [ 691/0.447904]
Epoch 12 done. Evaluation:
(42754, 50000)
(6273, 10000)
  1  13  50, 0.452060 [0.207051/9.171636] [ 782/0.447904]
  1  13 100, 0.487171 [0.349555/9.163783] [ 832/0.447904]
  1  13 150, 0.460937 [0.252666/9.170830] [ 882/0.447904]
  1  13 200, 0.500455 [0.294510/9.185920] [ 932/0.447904]
  1  13 250, 0.484607 [0.391853/9.187061] [ 982/0.447904]
  1  13 300, 0.536466 [0.331229/9.182679] [1032/0.447904]
  1  13 350, 0.475238 [0.247214/9.171341] [1082/0.447904]
Epoch 13 done. Evaluation:
(42653, 50000)
(6938, 10000)
  1  14  50, 0.446679 [0.265842/9.177702] [   0/0.446679]
  1  14 100, 0.481142 [0.268812/9.184515] [  50/0.446679]
  1  14 150, 0.484398 [0.284099/9.198616] [ 100/0.446679]
  1  14 200, 0.486797 [0.264840/9.193850] [ 150/0.446679]
  1  14 250, 0.479459 [0.311058/9.191644] [ 200/0.446679]
  1  14 300, 0.503864 [0.269648/9.207070] [ 250/0.446679]
  1  14 350, 0.484488 [0.265017/9.201171] [ 300/0.446679]
Epoch 14 done. Evaluation:
(42681, 50000)
(6298, 10000)
  1  15  50, 0.438654 [0.316954/9.188675] [   0/0.438654]
  1  15 100, 0.469598 [0.246741/9.182095] [  50/0.438654]
  1  15 150, 0.471666 [0.356944/9.189579] [ 100/0.438654]
  1  15 200, 0.459145 [0.286868/9.193823] [ 150/0.438654]
  1  15 250, 0.484059 [0.388123/9.205012] [ 200/0.438654]
  1  15 300, 0.489695 [0.352571/9.199979] [ 250/0.438654]
  1  15 350, 0.489641 [0.339132/9.206760] [ 300/0.438654]
Epoch 15 done. Evaluation:
(42783, 50000)
(6741, 10000)
  1  16  50, 0.450687 [0.290328/9.198638] [ 391/0.438654]
  1  16 100, 0.456925 [0.291662/9.197086] [ 441/0.438654]
  1  16 150, 0.482679 [0.278940/9.213075] [ 491/0.438654]
  1  16 200, 0.472701 [0.240863/9.205414] [ 541/0.438654]
  1  16 250, 0.502924 [0.295535/9.213807] [ 591/0.438654]
  1  16 300, 0.481449 [0.301461/9.211242] [ 641/0.438654]
  1  16 350, 0.504381 [0.232836/9.211055] [ 691/0.438654]
Epoch 16 done. Evaluation:
(42831, 50000)
(4949, 10000)
  1  17  50, 0.445679 [0.342097/9.208467] [ 782/0.438654]
  1  17 100, 0.462704 [0.303688/9.205155] [ 832/0.438654]
  1  17 150, 0.473064 [0.211926/9.195167] [ 882/0.438654]
  1  17 200, 0.478844 [0.249347/9.188909] [ 932/0.438654]
  1  17 250, 0.489480 [0.312395/9.197999] [ 982/0.438654]
  1  17 300, 0.493631 [0.266984/9.207512] [1032/0.438654]
  1  17 350, 0.515996 [0.255683/9.208322] [1082/0.438654]
Epoch 17 done. Evaluation:
(42715, 50000)
(5214, 10000)
  1  18  50, 0.454792 [0.308568/9.202704] [1173/0.438654]
  1  18 100, 0.456956 [0.294496/9.216500] [1223/0.438654]
  1  18 150, 0.442883 [0.327739/9.210010] [1273/0.438654]
  1  18 200, 0.500949 [0.297090/9.212844] [1323/0.438654]
  1  18 250, 0.473770 [0.306401/9.217653] [1373/0.438654]
  1  18 300, 0.483673 [0.358605/9.223758] [1423/0.438654]
  1  18 350, 0.496469 [0.343624/9.220781] [1473/0.438654]
Epoch 18 done. Evaluation:
(42873, 50000)
(4063, 10000)
  1  19  50, 0.436082 [0.324749/9.218662] [   0/0.436082]
  1  19 100, 0.468156 [0.275165/9.228733] [  50/0.436082]
  1  19 150, 0.483637 [0.266611/9.232985] [ 100/0.436082]
  1  19 200, 0.478316 [0.321812/9.232435] [ 150/0.436082]
  1  19 250, 0.493321 [0.223951/9.229255] [ 200/0.436082]
  1  19 300, 0.505099 [0.328599/9.228146] [ 250/0.436082]
  1  19 350, 0.487197 [0.286069/9.223303] [ 300/0.436082]
Epoch 19 done. Evaluation:
(42805, 50000)
(6513, 10000)
  2   0  50, 0.361371 [0.138927/9.166865] [   0/0.361371]
  2   0 100, 0.322601 [0.123370/9.113648] [   0/0.322601]
  2   0 150, 0.334780 [0.171775/9.066621] [  50/0.322601]
  2   0 200, 0.326842 [0.160494/9.025274] [ 100/0.322601]
  2   0 250, 0.314235 [0.137955/8.986615] [   0/0.314235]
  2   0 300, 0.352939 [0.169270/8.949102] [  50/0.314235]
  2   0 350, 0.351531 [0.148505/8.913288] [ 100/0.314235]
Epoch 0 done. Evaluation:
(45325, 50000)
(7954, 10000)
  2   1  50, 0.293453 [0.148739/8.858898] [   0/0.293453]
  2   1 100, 0.284721 [0.157569/8.835581] [   0/0.284721]
  2   1 150, 0.338696 [0.188019/8.817569] [  50/0.284721]
  2   1 200, 0.341404 [0.201480/8.798680] [ 100/0.284721]
  2   1 250, 0.336636 [0.179007/8.793056] [ 150/0.284721]
  2   1 300, 0.331858 [0.151101/8.776218] [ 200/0.284721]
  2   1 350, 0.358364 [0.129278/8.763573] [ 250/0.284721]
Epoch 1 done. Evaluation:
(45350, 50000)
(7910, 10000)
  2   2  50, 0.296074 [0.186783/8.734917] [ 341/0.284721]
  2   2 100, 0.311578 [0.202211/8.727995] [ 391/0.284721]
  2   2 150, 0.319891 [0.167249/8.726902] [ 441/0.284721]
  2   2 200, 0.341767 [0.160149/8.726814] [ 491/0.284721]
  2   2 250, 0.344140 [0.199558/8.732720] [ 541/0.284721]
  2   2 300, 0.358945 [0.177428/8.728559] [ 591/0.284721]
  2   2 350, 0.354272 [0.213569/8.724176] [ 641/0.284721]
Epoch 2 done. Evaluation:
(45240, 50000)
(8273, 10000)
  2   3  50, 0.315383 [0.188054/8.724752] [ 732/0.284721]
  2   3 100, 0.327168 [0.174246/8.725493] [ 782/0.284721]
  2   3 150, 0.330425 [0.116061/8.725522] [ 832/0.284721]
  2   3 200, 0.318919 [0.161842/8.721589] [ 882/0.284721]
  2   3 250, 0.364792 [0.173271/8.723536] [ 932/0.284721]
  2   3 300, 0.338762 [0.231729/8.725612] [ 982/0.284721]
  2   3 350, 0.354901 [0.187674/8.726613] [1032/0.284721]
Epoch 3 done. Evaluation:
(45214, 50000)
(7145, 10000)
  2   4  50, 0.318793 [0.216649/8.737320] [1123/0.284721]
  2   4 100, 0.326576 [0.166192/8.741314] [1173/0.284721]
  2   4 150, 0.339007 [0.170957/8.740588] [1223/0.284721]
  2   4 200, 0.344499 [0.125486/8.747892] [1273/0.284721]
  2   4 250, 0.350132 [0.173134/8.750604] [1323/0.284721]
  2   4 300, 0.340387 [0.204796/8.748639] [1373/0.284721]
  2   4 350, 0.360056 [0.110895/8.755556] [1423/0.284721]
Epoch 4 done. Evaluation:
(45195, 50000)
(7222, 10000)
  2   5  50, 0.323455 [0.169427/8.761903] [1514/0.284721]
  2   5 100, 0.327548 [0.155334/8.765310] [1564/0.284721]
  2   5 150, 0.318215 [0.181153/8.766303] [1614/0.284721]
  2   5 200, 0.345131 [0.217556/8.781794] [1664/0.284721]
  2   5 250, 0.348528 [0.184702/8.785528] [1714/0.284721]
  2   5 300, 0.349700 [0.150578/8.787829] [1764/0.284721]
  2   5 350, 0.341101 [0.172940/8.790122] [1814/0.284721]
Epoch 5 done. Evaluation:
(45180, 50000)
(8046, 10000)
  2   6  50, 0.298886 [0.217478/8.789827] [1905/0.284721]
  2   6 100, 0.313652 [0.184640/8.793733] [1955/0.284721]
  2   6 150, 0.354428 [0.217713/8.808577] [2005/0.284721]
  2   6 200, 0.338499 [0.190779/8.806978] [2055/0.284721]
  2   6 250, 0.349378 [0.210366/8.812824] [2105/0.284721]
  2   6 300, 0.337479 [0.197629/8.811074] [2155/0.284721]
  2   6 350, 0.341328 [0.174708/8.815234] [2205/0.284721]
Epoch 6 done. Evaluation:
(45222, 50000)
(7556, 10000)
  2   7  50, 0.322107 [0.199785/8.817866] [2296/0.284721]
  2   7 100, 0.315078 [0.174221/8.816119] [2346/0.284721]
  2   7 150, 0.319502 [0.177553/8.823667] [2396/0.284721]
  2   7 200, 0.333019 [0.194658/8.828495] [2446/0.284721]
  2   7 250, 0.336153 [0.195640/8.840428] [2496/0.284721]
  2   7 300, 0.352049 [0.164480/8.841150] [2546/0.284721]
  2   7 350, 0.332885 [0.178200/8.841040] [2596/0.284721]
Epoch 7 done. Evaluation:
(45330, 50000)
(7294, 10000)
  2   8  50, 0.294535 [0.125475/8.838135] [2687/0.284721]
  2   8 100, 0.306314 [0.197071/8.841815] [2737/0.284721]
  2   8 150, 0.322650 [0.229737/8.851299] [2787/0.284721]
  2   8 200, 0.344753 [0.168488/8.861184] [2837/0.284721]
  2   8 250, 0.338000 [0.165746/8.862687] [2887/0.284721]
  2   8 300, 0.348793 [0.215490/8.872870] [2937/0.284721]
  2   8 350, 0.351796 [0.147055/8.868884] [2987/0.284721]
Epoch 8 done. Evaluation:
(45334, 50000)
(7715, 10000)
  2   9  50, 0.300298 [0.153563/8.867227] [3078/0.284721]
  2   9 100, 0.322302 [0.204889/8.871024] [3128/0.284721]
  2   9 150, 0.329908 [0.134280/8.882670] [3178/0.284721]
  2   9 200, 0.331680 [0.205256/8.885007] [3228/0.284721]
  2   9 250, 0.352106 [0.163532/8.893015] [3278/0.284721]
  2   9 300, 0.338807 [0.248173/8.888090] [3328/0.284721]
  2   9 350, 0.340405 [0.227851/8.882028] [3378/0.284721]
Epoch 9 done. Evaluation:
(45263, 50000)
(7915, 10000)
  2  10  50, 0.298378 [0.208855/8.879736] [3469/0.284721]
  2  10 100, 0.310383 [0.184839/8.868820] [3519/0.284721]
  2  10 150, 0.308649 [0.220161/8.871846] [3569/0.284721]
  2  10 200, 0.322385 [0.235494/8.883753] [3619/0.284721]
  2  10 250, 0.340173 [0.199810/8.895301] [3669/0.284721]
  2  10 300, 0.356265 [0.191880/8.905151] [3719/0.284721]
  2  10 350, 0.355036 [0.239179/8.913881] [3769/0.284721]
Epoch 10 done. Evaluation:
(45389, 50000)
(8012, 10000)
  2  11  50, 0.299449 [0.207684/8.921838] [3860/0.284721]
  2  11 100, 0.312753 [0.194412/8.920358] [3910/0.284721]
  2  11 150, 0.324043 [0.194357/8.923794] [3960/0.284721]
  2  11 200, 0.309166 [0.175118/8.924932] [4010/0.284721]
  2  11 250, 0.338337 [0.237064/8.932724] [4060/0.284721]
  2  11 300, 0.350389 [0.190907/8.940987] [4110/0.284721]
  2  11 350, 0.338111 [0.200915/8.940269] [4160/0.284721]
Epoch 11 done. Evaluation:
(45406, 50000)
(7653, 10000)
  2  12  50, 0.308084 [0.213966/8.935549] [4251/0.284721]
  2  12 100, 0.281501 [0.234503/8.933556] [   0/0.281501]
  2  12 150, 0.300844 [0.164063/8.933133] [  50/0.281501]
  2  12 200, 0.328501 [0.211785/8.940792] [ 100/0.281501]
  2  12 250, 0.332549 [0.216138/8.937916] [ 150/0.281501]
  2  12 300, 0.330219 [0.212512/8.940535] [ 200/0.281501]
  2  12 350, 0.342189 [0.193389/8.935410] [ 250/0.281501]
Epoch 12 done. Evaluation:
(45485, 50000)
(7598, 10000)
  2  13  50, 0.315024 [0.184095/8.938733] [ 341/0.281501]
  2  13 100, 0.287693 [0.243329/8.939247] [ 391/0.281501]
  2  13 150, 0.315383 [0.170720/8.935621] [ 441/0.281501]
  2  13 200, 0.344300 [0.178026/8.947467] [ 491/0.281501]
  2  13 250, 0.322144 [0.205007/8.947170] [ 541/0.281501]
  2  13 300, 0.342897 [0.186554/8.952919] [ 591/0.281501]
  2  13 350, 0.342961 [0.225080/8.959243] [ 641/0.281501]
Epoch 13 done. Evaluation:
(45418, 50000)
(7136, 10000)
  2  14  50, 0.287667 [0.208027/8.946800] [ 732/0.281501]
  2  14 100, 0.294528 [0.210324/8.947998] [ 782/0.281501]
  2  14 150, 0.310269 [0.201393/8.956497] [ 832/0.281501]
  2  14 200, 0.323153 [0.203808/8.964183] [ 882/0.281501]
  2  14 250, 0.317258 [0.214821/8.968478] [ 932/0.281501]
  2  14 300, 0.338694 [0.208889/8.975318] [ 982/0.281501]
  2  14 350, 0.339405 [0.202448/8.975069] [1032/0.281501]
Epoch 14 done. Evaluation:
(45584, 50000)
(6128, 10000)
  2  15  50, 0.301358 [0.177585/8.980465] [1123/0.281501]
  2  15 100, 0.308784 [0.194505/8.982107] [1173/0.281501]
  2  15 150, 0.335417 [0.210108/8.984677] [1223/0.281501]
  2  15 200, 0.303687 [0.226025/8.979693] [1273/0.281501]
  2  15 250, 0.332557 [0.178968/8.989235] [1323/0.281501]
  2  15 300, 0.348740 [0.221497/8.992217] [1373/0.281501]
  2  15 350, 0.324573 [0.194324/8.993210] [1423/0.281501]
Epoch 15 done. Evaluation:
(45428, 50000)
(6873, 10000)
  2  16  50, 0.292900 [0.191379/8.995186] [1514/0.281501]
  2  16 100, 0.293180 [0.177505/8.994307] [1564/0.281501]
  2  16 150, 0.305745 [0.204969/9.000215] [1614/0.281501]
  2  16 200, 0.316398 [0.217192/9.000613] [1664/0.281501]
  2  16 250, 0.325319 [0.189361/9.000679] [1714/0.281501]
  2  16 300, 0.331327 [0.177479/8.999255] [1764/0.281501]
  2  16 350, 0.334497 [0.160996/8.996943] [1814/0.281501]
Epoch 16 done. Evaluation:
(45561, 50000)
(8137, 10000)
  2  17  50, 0.283097 [0.193033/8.999573] [1905/0.281501]
  2  17 100, 0.295924 [0.190402/8.997680] [1955/0.281501]
  2  17 150, 0.320768 [0.205265/8.998062] [2005/0.281501]
  2  17 200, 0.335307 [0.188398/9.003457] [2055/0.281501]
  2  17 250, 0.326219 [0.221081/9.006382] [2105/0.281501]
  2  17 300, 0.341339 [0.171062/9.012798] [2155/0.281501]
  2  17 350, 0.334386 [0.218059/9.011349] [2205/0.281501]
Epoch 17 done. Evaluation:
(45511, 50000)
(8091, 10000)
  2  18  50, 0.290891 [0.209493/9.007900] [2296/0.281501]
  2  18 100, 0.293119 [0.168269/9.006159] [2346/0.281501]
  2  18 150, 0.308645 [0.174394/9.015396] [2396/0.281501]
  2  18 200, 0.319431 [0.190227/9.019061] [2446/0.281501]
  2  18 250, 0.326688 [0.208920/9.015761] [2496/0.281501]
  2  18 300, 0.341760 [0.217007/9.015234] [2546/0.281501]
  2  18 350, 0.330469 [0.167603/9.016632] [2596/0.281501]
Epoch 18 done. Evaluation:
(45653, 50000)
(8166, 10000)
  2  19  50, 0.290735 [0.164845/9.011327] [2687/0.281501]
  2  19 100, 0.286227 [0.179068/9.017148] [2737/0.281501]
  2  19 150, 0.294937 [0.174831/9.017398] [2787/0.281501]
  2  19 200, 0.330627 [0.242693/9.022312] [2837/0.281501]
  2  19 250, 0.331615 [0.228719/9.027167] [2887/0.281501]
  2  19 300, 0.346861 [0.142594/9.024082] [2937/0.281501]
  2  19 350, 0.340669 [0.154719/9.025192] [2987/0.281501]
Epoch 19 done. Evaluation:
(45551, 50000)
(7607, 10000)
  3   0  50, 0.238341 [0.069345/8.992339] [   0/0.238341]
  3   0 100, 0.207872 [0.066368/8.964876] [   0/0.207872]
  3   0 150, 0.211124 [0.104426/8.939739] [  50/0.207872]
  3   0 200, 0.196392 [0.067474/8.913001] [   0/0.196392]
  3   0 250, 0.207889 [0.058041/8.888080] [  50/0.196392]
  3   0 300, 0.209997 [0.099416/8.865596] [ 100/0.196392]
  3   0 350, 0.201971 [0.116292/8.844342] [ 150/0.196392]
Epoch 0 done. Evaluation:
(47499, 50000)
(8761, 10000)
  3   1  50, 0.170239 [0.073542/8.803035] [   0/0.170239]
  3   1 100, 0.162385 [0.069813/8.779414] [   0/0.162385]
  3   1 150, 0.172227 [0.091912/8.759916] [  50/0.162385]
  3   1 200, 0.162088 [0.067244/8.738952] [   0/0.162088]
  3   1 250, 0.185812 [0.091987/8.719263] [  50/0.162088]
  3   1 300, 0.185684 [0.130135/8.702697] [ 100/0.162088]
  3   1 350, 0.195790 [0.103283/8.687828] [ 150/0.162088]
Epoch 1 done. Evaluation:
(48041, 50000)
(8741, 10000)
  3   2  50, 0.163969 [0.081466/8.660651] [ 241/0.162088]
  3   2 100, 0.170267 [0.077909/8.644696] [ 291/0.162088]
  3   2 150, 0.181382 [0.101588/8.631152] [ 341/0.162088]
  3   2 200, 0.177305 [0.104855/8.618676] [ 391/0.162088]
  3   2 250, 0.183152 [0.097912/8.606509] [ 441/0.162088]
  3   2 300, 0.185612 [0.092262/8.596475] [ 491/0.162088]
  3   2 350, 0.180018 [0.077744/8.585742] [ 541/0.162088]
Epoch 2 done. Evaluation:
(47970, 50000)
(8688, 10000)
  3   3  50, 0.160484 [0.079831/8.563508] [   0/0.160484]
  3   3 100, 0.152432 [0.113295/8.552103] [   0/0.152432]
  3   3 150, 0.189165 [0.133817/8.544703] [  50/0.152432]
  3   3 200, 0.185628 [0.111025/8.538013] [ 100/0.152432]
  3   3 250, 0.197291 [0.092385/8.533265] [ 150/0.152432]
  3   3 300, 0.191112 [0.107067/8.526353] [ 200/0.152432]
  3   3 350, 0.201698 [0.122520/8.523448] [ 250/0.152432]
Epoch 3 done. Evaluation:
(47820, 50000)
(7978, 10000)
  3   4  50, 0.185371 [0.124615/8.517494] [ 341/0.152432]
  3   4 100, 0.186989 [0.104892/8.513970] [ 391/0.152432]
  3   4 150, 0.180645 [0.091318/8.506645] [ 441/0.152432]
  3   4 200, 0.181713 [0.123598/8.504442] [ 491/0.152432]
  3   4 250, 0.194589 [0.137812/8.502398] [ 541/0.152432]
  3   4 300, 0.191731 [0.090326/8.501643] [ 591/0.152432]
  3   4 350, 0.196094 [0.122518/8.497721] [ 641/0.152432]
Epoch 4 done. Evaluation:
(47683, 50000)
(8286, 10000)
  3   5  50, 0.177252 [0.126416/8.493437] [ 732/0.152432]
  3   5 100, 0.189297 [0.109989/8.493893] [ 782/0.152432]
  3   5 150, 0.186315 [0.123647/8.491221] [ 832/0.152432]
  3   5 200, 0.201708 [0.130414/8.491192] [ 882/0.152432]
  3   5 250, 0.215287 [0.141918/8.499371] [ 932/0.152432]
  3   5 300, 0.204969 [0.077115/8.499175] [ 982/0.152432]
  3   5 350, 0.212417 [0.139122/8.504315] [1032/0.152432]
Epoch 5 done. Evaluation:
(47521, 50000)
(8200, 10000)
  3   6  50, 0.176908 [0.118200/8.502385] [1123/0.152432]
  3   6 100, 0.180846 [0.094306/8.500476] [1173/0.152432]
  3   6 150, 0.178724 [0.138649/8.494131] [1223/0.152432]
  3   6 200, 0.191362 [0.124523/8.497821] [1273/0.152432]
  3   6 250, 0.205811 [0.146196/8.497714] [1323/0.152432]
  3   6 300, 0.211688 [0.091904/8.498411] [1373/0.152432]
  3   6 350, 0.220971 [0.132230/8.501138] [1423/0.152432]
Epoch 6 done. Evaluation:
(47626, 50000)
(8061, 10000)
  3   7  50, 0.180895 [0.095776/8.496651] [1514/0.152432]
  3   7 100, 0.185069 [0.103336/8.494560] [1564/0.152432]
  3   7 150, 0.166591 [0.091735/8.486984] [1614/0.152432]
  3   7 200, 0.192654 [0.121159/8.485566] [1664/0.152432]
  3   7 250, 0.203454 [0.179453/8.489285] [1714/0.152432]
  3   7 300, 0.207318 [0.135382/8.489959] [1764/0.152432]
  3   7 350, 0.211319 [0.136495/8.488710] [1814/0.152432]
Epoch 7 done. Evaluation:
(47733, 50000)
(8414, 10000)
  3   8  50, 0.174037 [0.098512/8.482732] [1905/0.152432]
  3   8 100, 0.186240 [0.120989/8.480363] [1955/0.152432]
  3   8 150, 0.181623 [0.139712/8.477413] [2005/0.152432]
  3   8 200, 0.207771 [0.107025/8.484694] [2055/0.152432]
  3   8 250, 0.202376 [0.123642/8.489392] [2105/0.152432]
  3   8 300, 0.210036 [0.144334/8.496253] [2155/0.152432]
  3   8 350, 0.224718 [0.124129/8.500423] [2205/0.152432]
Epoch 8 done. Evaluation:
(47631, 50000)
(7998, 10000)
  3   9  50, 0.168512 [0.098645/8.499145] [2296/0.152432]
  3   9 100, 0.193959 [0.134573/8.500809] [2346/0.152432]
  3   9 150, 0.167647 [0.103392/8.495543] [2396/0.152432]
  3   9 200, 0.203547 [0.131820/8.500116] [2446/0.152432]
  3   9 250, 0.206894 [0.134785/8.503195] [2496/0.152432]
  3   9 300, 0.204387 [0.126594/8.504852] [2546/0.152432]
  3   9 350, 0.217457 [0.091027/8.508148] [2596/0.152432]
Epoch 9 done. Evaluation:
(47603, 50000)
(8024, 10000)
  3  10  50, 0.200129 [0.156665/8.510061] [2687/0.152432]
  3  10 100, 0.196214 [0.142066/8.510553] [2737/0.152432]
  3  10 150, 0.193775 [0.119699/8.510448] [2787/0.152432]
  3  10 200, 0.201930 [0.108397/8.507059] [2837/0.152432]
  3  10 250, 0.202522 [0.151093/8.509576] [2887/0.152432]
  3  10 300, 0.210465 [0.147836/8.515842] [2937/0.152432]
  3  10 350, 0.209879 [0.092875/8.516637] [2987/0.152432]
Epoch 10 done. Evaluation:
(47554, 50000)
(8442, 10000)
  3  11  50, 0.176244 [0.101294/8.516612] [3078/0.152432]
  3  11 100, 0.193198 [0.109859/8.517485] [3128/0.152432]
  3  11 150, 0.188508 [0.101861/8.512717] [3178/0.152432]
  3  11 200, 0.188441 [0.093065/8.511992] [3228/0.152432]
  3  11 250, 0.205689 [0.130771/8.516131] [3278/0.152432]
  3  11 300, 0.206974 [0.144563/8.518891] [3328/0.152432]
  3  11 350, 0.213774 [0.097685/8.518923] [3378/0.152432]
Epoch 11 done. Evaluation:
(47584, 50000)
(8205, 10000)
  3  12  50, 0.174329 [0.096091/8.518883] [3469/0.152432]
  3  12 100, 0.187399 [0.165818/8.519321] [3519/0.152432]
  3  12 150, 0.185457 [0.120324/8.519593] [3569/0.152432]
  3  12 200, 0.177568 [0.115701/8.515480] [3619/0.152432]
  3  12 250, 0.191737 [0.151021/8.514368] [3669/0.152432]
  3  12 300, 0.203727 [0.124799/8.518768] [3719/0.152432]
  3  12 350, 0.201613 [0.187984/8.523815] [3769/0.152432]
Epoch 12 done. Evaluation:
(47748, 50000)
(8159, 10000)
  3  13  50, 0.177823 [0.127478/8.526534] [3860/0.152432]
  3  13 100, 0.174933 [0.079423/8.523648] [3910/0.152432]
  3  13 150, 0.179422 [0.149628/8.524183] [3960/0.152432]
  3  13 200, 0.197895 [0.127357/8.527242] [4010/0.152432]
  3  13 250, 0.200820 [0.125603/8.528546] [4060/0.152432]
  3  13 300, 0.207875 [0.152013/8.531928] [4110/0.152432]
  3  13 350, 0.207479 [0.129529/8.534792] [4160/0.152432]
Epoch 13 done. Evaluation:
(47729, 50000)
(7991, 10000)
  3  14  50, 0.186520 [0.113592/8.537343] [4251/0.152432]
  3  14 100, 0.183937 [0.127367/8.534748] [4301/0.152432]
  3  14 150, 0.175849 [0.098210/8.531719] [4351/0.152432]
  3  14 200, 0.189019 [0.074197/8.538268] [4401/0.152432]
  3  14 250, 0.198328 [0.150384/8.540011] [4451/0.152432]
  3  14 300, 0.213083 [0.101499/8.544810] [4501/0.152432]
  3  14 350, 0.205123 [0.144197/8.552083] [4551/0.152432]
Epoch 14 done. Evaluation:
(47583, 50000)
(8121, 10000)
  3  15  50, 0.182548 [0.143197/8.557750] [4642/0.152432]
  3  15 100, 0.184465 [0.119262/8.556538] [4692/0.152432]
  3  15 150, 0.203282 [0.124500/8.561040] [4742/0.152432]
  3  15 200, 0.189418 [0.080349/8.556565] [4792/0.152432]
  3  15 250, 0.189574 [0.161818/8.559052] [4842/0.152432]
  3  15 300, 0.221448 [0.144354/8.567153] [4892/0.152432]
  3  15 350, 0.217900 [0.125420/8.569357] [4942/0.152432]
Epoch 15 done. Evaluation:
(47530, 50000)
(7661, 10000)
  3  16  50, 0.180534 [0.071328/8.565520] [5033/0.152432]
  3  16 100, 0.177390 [0.141317/8.560836] [5083/0.152432]
  3  16 150, 0.201632 [0.115526/8.562897] [5133/0.152432]
  3  16 200, 0.193906 [0.078084/8.564447] [5183/0.152432]
  3  16 250, 0.199685 [0.074161/8.562909] [5233/0.152432]
  3  16 300, 0.191761 [0.183477/8.565285] [5283/0.152432]
  3  16 350, 0.211754 [0.120075/8.573464] [5333/0.152432]
Epoch 16 done. Evaluation:
(47652, 50000)
(8185, 10000)
  3  17  50, 0.171171 [0.099435/8.576827] [5424/0.152432]
  3  17 100, 0.177737 [0.124431/8.577111] [5474/0.152432]
  3  17 150, 0.188853 [0.121201/8.576953] [5524/0.152432]
  3  17 200, 0.185533 [0.096089/8.575545] [5574/0.152432]
  3  17 250, 0.204346 [0.070724/8.577189] [5624/0.152432]
  3  17 300, 0.194571 [0.146916/8.576366] [5674/0.152432]
  3  17 350, 0.212125 [0.122130/8.580455] [5724/0.152432]
Epoch 17 done. Evaluation:
(47670, 50000)
(8110, 10000)
  3  18  50, 0.165264 [0.113980/8.578864] [5815/0.152432]
  3  18 100, 0.169459 [0.091292/8.573184] [5865/0.152432]
  3  18 150, 0.183962 [0.102906/8.572486] [5915/0.152432]
  3  18 200, 0.197574 [0.108895/8.574732] [5965/0.152432]
  3  18 250, 0.191631 [0.128867/8.572578] [6015/0.152432]
  3  18 300, 0.200834 [0.141366/8.574741] [6065/0.152432]
  3  18 350, 0.203014 [0.142103/8.574459] [6115/0.152432]
Epoch 18 done. Evaluation:
(47775, 50000)
(8432, 10000)
  3  19  50, 0.175336 [0.123282/8.573269] [6206/0.152432]
  3  19 100, 0.181094 [0.098967/8.573169] [6256/0.152432]
  3  19 150, 0.200410 [0.128570/8.579704] [6306/0.152432]
  3  19 200, 0.207378 [0.079896/8.580033] [6356/0.152432]
  3  19 250, 0.191137 [0.150981/8.579681] [6406/0.152432]
  3  19 300, 0.193591 [0.108910/8.581461] [6456/0.152432]
  3  19 350, 0.221244 [0.113414/8.588330] [6506/0.152432]
Epoch 19 done. Evaluation:
(47637, 50000)
(8238, 10000)
  4   0  50, 0.136307 [0.030937/8.577169] [   0/0.136307]
  4   0 100, 0.123556 [0.065136/8.563344] [   0/0.123556]
  4   0 150, 0.117768 [0.049444/8.548697] [   0/0.117768]
  4   0 200, 0.110991 [0.049333/8.533881] [   0/0.110991]
  4   0 250, 0.115533 [0.057859/8.519964] [  50/0.110991]
  4   0 300, 0.115937 [0.028417/8.505258] [ 100/0.110991]
  4   0 350, 0.116274 [0.047809/8.491525] [ 150/0.110991]
Epoch 0 done. Evaluation:
(49031, 50000)
(8809, 10000)
  4   1  50, 0.094530 [0.029809/8.464639] [   0/0.094530]
  4   1 100, 0.088647 [0.040532/8.448192] [   0/0.088647]
  4   1 150, 0.084929 [0.055758/8.431326] [   0/0.084929]
  4   1 200, 0.090060 [0.039509/8.415757] [  50/0.084929]
  4   1 250, 0.094045 [0.044828/8.399963] [ 100/0.084929]
  4   1 300, 0.094808 [0.050071/8.385159] [ 150/0.084929]
  4   1 350, 0.091056 [0.026114/8.370629] [ 200/0.084929]
Epoch 1 done. Evaluation:
(49529, 50000)
(8865, 10000)
  4   2  50, 0.080614 [0.027981/8.343506] [   0/0.080614]
  4   2 100, 0.082377 [0.043924/8.327671] [  50/0.080614]
  4   2 150, 0.079149 [0.023977/8.311757] [   0/0.079149]
  4   2 200, 0.081720 [0.007169/8.296250] [  50/0.079149]
  4   2 250, 0.079651 [0.015771/8.280297] [ 100/0.079149]
  4   2 300, 0.082188 [0.007262/8.264965] [ 150/0.079149]
  4   2 350, 0.079703 [0.040164/8.249548] [ 200/0.079149]
Epoch 2 done. Evaluation:
(49687, 50000)
(8638, 10000)
  4   3  50, 0.074692 [0.028104/8.221243] [   0/0.074692]
  4   3 100, 0.074813 [0.005695/8.204860] [  50/0.074692]
  4   3 150, 0.071969 [0.051196/8.188719] [   0/0.071969]
  4   3 200, 0.077318 [0.006019/8.173217] [  50/0.071969]
  4   3 250, 0.080717 [0.025251/8.158772] [ 100/0.071969]
  4   3 300, 0.070131 [0.028748/8.142712] [   0/0.070131]
  4   3 350, 0.071777 [0.020647/8.127338] [  50/0.070131]
Epoch 3 done. Evaluation:
(49791, 50000)
(8926, 10000)
  4   4  50, 0.069656 [0.025908/8.099228] [   0/0.069656]
  4   4 100, 0.073903 [0.020558/8.084450] [  50/0.069656]
  4   4 150, 0.066563 [0.025914/8.068493] [   0/0.066563]
  4   4 200, 0.069174 [0.012908/8.053116] [  50/0.066563]
  4   4 250, 0.069400 [0.032461/8.037107] [ 100/0.066563]
  4   4 300, 0.070638 [0.041795/8.022332] [ 150/0.066563]
  4   4 350, 0.070710 [0.007846/8.007900] [ 200/0.066563]
Epoch 4 done. Evaluation:
(49839, 50000)
(8989, 10000)
  4   5  50, 0.070303 [0.017904/7.982155] [ 291/0.066563]
  4   5 100, 0.067707 [0.033011/7.966962] [ 341/0.066563]
  4   5 150, 0.066053 [0.076126/7.952659] [   0/0.066053]
  4   5 200, 0.069232 [0.010125/7.938461] [  50/0.066053]
  4   5 250, 0.067351 [0.025906/7.923705] [ 100/0.066053]
  4   5 300, 0.069474 [0.018211/7.909978] [ 150/0.066053]
  4   5 350, 0.068615 [0.014271/7.896140] [ 200/0.066053]
Epoch 5 done. Evaluation:
(49830, 50000)
(8964, 10000)
  4   6  50, 0.066368 [0.024782/7.872203] [ 291/0.066053]
  4   6 100, 0.061578 [0.013654/7.857229] [   0/0.061578]
  4   6 150, 0.063770 [0.028095/7.843108] [  50/0.061578]
  4   6 200, 0.063164 [0.026381/7.828466] [ 100/0.061578]
  4   6 250, 0.065050 [0.007052/7.814030] [ 150/0.061578]
  4   6 300, 0.063205 [0.012876/7.799707] [ 200/0.061578]
  4   6 350, 0.066905 [0.026010/7.786482] [ 250/0.061578]
Epoch 6 done. Evaluation:
(49910, 50000)
(9027, 10000)
  4   7  50, 0.065274 [0.007748/7.761873] [ 341/0.061578]
  4   7 100, 0.063716 [0.043320/7.747691] [ 391/0.061578]
  4   7 150, 0.062953 [0.021256/7.733797] [ 441/0.061578]
  4   7 200, 0.063538 [0.008159/7.720134] [ 491/0.061578]
  4   7 250, 0.060509 [0.009458/7.706427] [   0/0.060509]
  4   7 300, 0.061686 [0.006213/7.692833] [  50/0.060509]
  4   7 350, 0.061136 [0.004041/7.679269] [ 100/0.060509]
Epoch 7 done. Evaluation:
(49945, 50000)
(9018, 10000)
  4   8  50, 0.060541 [0.007372/7.654473] [ 191/0.060509]
  4   8 100, 0.057384 [0.004889/7.640359] [   0/0.057384]
  4   8 150, 0.058759 [0.007667/7.626290] [  50/0.057384]
  4   8 200, 0.060893 [0.014225/7.613353] [ 100/0.057384]
  4   8 250, 0.056925 [0.012163/7.599589] [   0/0.056925]
  4   8 300, 0.058653 [0.011918/7.586308] [  50/0.056925]
  4   8 350, 0.060274 [0.006035/7.572777] [ 100/0.056925]
Epoch 8 done. Evaluation:
(49968, 50000)
(9043, 10000)
  4   9  50, 0.058369 [0.009453/7.548116] [ 191/0.056925]
  4   9 100, 0.056945 [0.018364/7.534342] [ 241/0.056925]
  4   9 150, 0.058301 [0.006443/7.521075] [ 291/0.056925]
  4   9 200, 0.056504 [0.006180/7.507833] [   0/0.056504]
  4   9 250, 0.059388 [0.006763/7.495005] [  50/0.056504]
  4   9 300, 0.056798 [0.011731/7.482099] [ 100/0.056504]
  4   9 350, 0.062335 [0.012882/7.470552] [ 150/0.056504]
Epoch 9 done. Evaluation:
(49974, 50000)
(9046, 10000)
  4  10  50, 0.056549 [0.012178/7.447288] [ 241/0.056504]
  4  10 100, 0.055533 [0.010247/7.434349] [   0/0.055533]
  4  10 150, 0.055778 [0.014170/7.421442] [  50/0.055533]
  4  10 200, 0.058474 [0.006034/7.408953] [ 100/0.055533]
  4  10 250, 0.060267 [0.005199/7.397071] [ 150/0.055533]
  4  10 300, 0.058122 [0.004640/7.385195] [ 200/0.055533]
  4  10 350, 0.059888 [0.005423/7.373735] [ 250/0.055533]
Epoch 10 done. Evaluation:
(49979, 50000)
(9064, 10000)
  4  11  50, 0.059881 [0.005401/7.353278] [ 341/0.055533]
  4  11 100, 0.061320 [0.013543/7.342538] [ 391/0.055533]
  4  11 150, 0.058594 [0.006535/7.331317] [ 441/0.055533]
  4  11 200, 0.056807 [0.003367/7.319772] [ 491/0.055533]
  4  11 250, 0.056966 [0.003888/7.308657] [ 541/0.055533]
  4  11 300, 0.056694 [0.022625/7.297495] [ 591/0.055533]
  4  11 350, 0.057932 [0.009944/7.286431] [ 641/0.055533]
Epoch 11 done. Evaluation:
(49984, 50000)
(9080, 10000)
  4  12  50, 0.055523 [0.002576/7.266529] [   0/0.055523]
  4  12 100, 0.057065 [0.007421/7.255657] [  50/0.055523]
  4  12 150, 0.057386 [0.002912/7.244952] [ 100/0.055523]
  4  12 200, 0.059138 [0.012771/7.234910] [ 150/0.055523]
  4  12 250, 0.057140 [0.003167/7.224535] [ 200/0.055523]
  4  12 300, 0.058420 [0.005030/7.213976] [ 250/0.055523]
  4  12 350, 0.058199 [0.014837/7.203854] [ 300/0.055523]
Epoch 12 done. Evaluation:
(49989, 50000)
(9081, 10000)
  4  13  50, 0.056970 [0.006651/7.184827] [ 391/0.055523]
  4  13 100, 0.056711 [0.007362/7.174891] [ 441/0.055523]
  4  13 150, 0.056779 [0.004071/7.164842] [ 491/0.055523]
  4  13 200, 0.058400 [0.010117/7.154633] [ 541/0.055523]
  4  13 250, 0.058122 [0.016975/7.145381] [ 591/0.055523]
  4  13 300, 0.057817 [0.011078/7.136166] [ 641/0.055523]
  4  13 350, 0.056294 [0.002693/7.126574] [ 691/0.055523]
Epoch 13 done. Evaluation:
(49987, 50000)
(9071, 10000)
  4  14  50, 0.057943 [0.003939/7.109895] [ 782/0.055523]
  4  14 100, 0.056408 [0.004498/7.100493] [ 832/0.055523]
  4  14 150, 0.056877 [0.006437/7.091110] [ 882/0.055523]
  4  14 200, 0.057835 [0.010005/7.082287] [ 932/0.055523]
  4  14 250, 0.056248 [0.005425/7.073321] [ 982/0.055523]
  4  14 300, 0.059208 [0.005453/7.064647] [1032/0.055523]
  4  14 350, 0.059335 [0.009414/7.056361] [1082/0.055523]
Epoch 14 done. Evaluation:
(49989, 50000)
(9088, 10000)
  4  15  50, 0.057166 [0.004645/7.040809] [1173/0.055523]
  4  15 100, 0.057187 [0.006928/7.032223] [1223/0.055523]
  4  15 150, 0.059025 [0.008205/7.024080] [1273/0.055523]
  4  15 200, 0.056549 [0.004554/7.015489] [1323/0.055523]
  4  15 250, 0.059307 [0.004743/7.007898] [1373/0.055523]
  4  15 300, 0.058748 [0.004133/6.999757] [1423/0.055523]
  4  15 350, 0.058584 [0.004743/6.992570] [1473/0.055523]
Epoch 15 done. Evaluation:
(49983, 50000)
(9085, 10000)
  4  16  50, 0.057254 [0.005364/6.977805] [1564/0.055523]
  4  16 100, 0.056811 [0.006625/6.970003] [1614/0.055523]
  4  16 150, 0.057689 [0.003801/6.962550] [1664/0.055523]
  4  16 200, 0.057035 [0.004387/6.954749] [1714/0.055523]
  4  16 250, 0.059484 [0.002370/6.947380] [1764/0.055523]
  4  16 300, 0.056768 [0.002973/6.939822] [1814/0.055523]
  4  16 350, 0.057661 [0.009345/6.932376] [1864/0.055523]
Epoch 16 done. Evaluation:
(49988, 50000)
(9096, 10000)
  4  17  50, 0.058021 [0.003715/6.919320] [1955/0.055523]
  4  17 100, 0.056862 [0.002647/6.912175] [2005/0.055523]
  4  17 150, 0.058871 [0.006476/6.905208] [2055/0.055523]
  4  17 200, 0.057167 [0.005525/6.898206] [2105/0.055523]
  4  17 250, 0.056596 [0.013499/6.891011] [2155/0.055523]
  4  17 300, 0.058799 [0.007709/6.884713] [2205/0.055523]
  4  17 350, 0.058144 [0.007934/6.878023] [2255/0.055523]
Epoch 17 done. Evaluation:
(49989, 50000)
(8957, 10000)
  4  18  50, 0.058978 [0.004808/6.867386] [2346/0.055523]
  4  18 100, 0.058793 [0.007986/6.861052] [2396/0.055523]
  4  18 150, 0.056813 [0.005945/6.854599] [2446/0.055523]
  4  18 200, 0.057190 [0.007826/6.848286] [2496/0.055523]
  4  18 250, 0.061312 [0.021040/6.843103] [2546/0.055523]
  4  18 300, 0.059605 [0.005011/6.837938] [2596/0.055523]
  4  18 350, 0.058795 [0.015837/6.832769] [2646/0.055523]
Epoch 18 done. Evaluation:
(49984, 50000)
(9095, 10000)
  4  19  50, 0.058243 [0.008995/6.822533] [2737/0.055523]
  4  19 100, 0.058894 [0.016424/6.816991] [2787/0.055523]
  4  19 150, 0.057819 [0.006374/6.810549] [2837/0.055523]
  4  19 200, 0.056018 [0.007771/6.804604] [2887/0.055523]
  4  19 250, 0.058515 [0.004635/6.799173] [2937/0.055523]
  4  19 300, 0.059801 [0.007968/6.794739] [2987/0.055523]
  4  19 350, 0.058589 [0.008227/6.790030] [3037/0.055523]
Epoch 19 done. Evaluation:
(49989, 50000)
(8975, 10000)
  5   0  50, 0.057372 [0.007608/6.784291] [3128/0.055523]
  5   0 100, 0.058955 [0.005686/6.781700] [3178/0.055523]
  5   0 150, 0.057075 [0.005297/6.778889] [3228/0.055523]
  5   0 200, 0.056856 [0.003357/6.776067] [3278/0.055523]
  5   0 250, 0.058766 [0.003884/6.773350] [3328/0.055523]
  5   0 300, 0.057924 [0.003716/6.770648] [3378/0.055523]
  5   0 350, 0.057212 [0.001780/6.767642] [3428/0.055523]
Epoch 0 done. Evaluation:
(49989, 50000)
(9100, 10000)
  5   1  50, 0.055162 [0.001198/6.762170] [   0/0.055162]
  5   1 100, 0.056958 [0.006450/6.759267] [  50/0.055162]
  5   1 150, 0.056945 [0.001670/6.756369] [ 100/0.055162]
  5   1 200, 0.057542 [0.002324/6.753483] [ 150/0.055162]
  5   1 250, 0.055616 [0.005434/6.750512] [ 200/0.055162]
  5   1 300, 0.054579 [0.002756/6.747458] [   0/0.054579]
  5   1 350, 0.056983 [0.003971/6.744387] [  50/0.054579]
Epoch 1 done. Evaluation:
(49994, 50000)
(9118, 10000)
  5   2  50, 0.057014 [0.006061/6.739191] [ 141/0.054579]
  5   2 100, 0.057467 [0.006003/6.736539] [ 191/0.054579]
  5   2 150, 0.057126 [0.009278/6.733766] [ 241/0.054579]
  5   2 200, 0.057537 [0.003586/6.731131] [ 291/0.054579]
  5   2 250, 0.055875 [0.001915/6.728357] [ 341/0.054579]
  5   2 300, 0.055110 [0.002177/6.725433] [ 391/0.054579]
  5   2 350, 0.057634 [0.002163/6.722705] [ 441/0.054579]
Epoch 2 done. Evaluation:
(49993, 50000)
(9104, 10000)
  5   3  50, 0.055136 [0.002599/6.717957] [ 532/0.054579]
  5   3 100, 0.056426 [0.004130/6.715159] [ 582/0.054579]
  5   3 150, 0.056365 [0.003710/6.712320] [ 632/0.054579]
  5   3 200, 0.056360 [0.003721/6.709598] [ 682/0.054579]
  5   3 250, 0.055581 [0.003034/6.706728] [ 732/0.054579]
  5   3 300, 0.056025 [0.003517/6.704076] [ 782/0.054579]
  5   3 350, 0.055753 [0.002213/6.701382] [ 832/0.054579]
Epoch 3 done. Evaluation:
(49995, 50000)
(9127, 10000)
  5   4  50, 0.055058 [0.001972/6.696464] [ 923/0.054579]
  5   4 100, 0.055965 [0.002346/6.693865] [ 973/0.054579]
  5   4 150, 0.056029 [0.002972/6.691078] [1023/0.054579]
  5   4 200, 0.058715 [0.002228/6.688684] [1073/0.054579]
  5   4 250, 0.057023 [0.002560/6.686197] [1123/0.054579]
  5   4 300, 0.054598 [0.002124/6.683460] [1173/0.054579]
  5   4 350, 0.056133 [0.003115/6.681025] [1223/0.054579]
Epoch 4 done. Evaluation:
(49996, 50000)
(9106, 10000)
  5   5  50, 0.056305 [0.001674/6.676602] [1314/0.054579]
  5   5 100, 0.056004 [0.002539/6.674027] [1364/0.054579]
  5   5 150, 0.058396 [0.001322/6.671748] [1414/0.054579]
  5   5 200, 0.055560 [0.002531/6.669189] [1464/0.054579]
  5   5 250, 0.056713 [0.003350/6.666892] [1514/0.054579]
  5   5 300, 0.058036 [0.002734/6.664611] [1564/0.054579]
  5   5 350, 0.057394 [0.002434/6.662285] [1614/0.054579]
Epoch 5 done. Evaluation:
(49995, 50000)
(9091, 10000)
  5   6  50, 0.057533 [0.001284/6.658051] [1705/0.054579]
  5   6 100, 0.056663 [0.001225/6.655612] [1755/0.054579]
  5   6 150, 0.056852 [0.003760/6.653253] [1805/0.054579]
  5   6 200, 0.056664 [0.002238/6.650980] [1855/0.054579]
  5   6 250, 0.055764 [0.002088/6.648612] [1905/0.054579]
  5   6 300, 0.057823 [0.002143/6.646484] [1955/0.054579]
  5   6 350, 0.057000 [0.002831/6.644372] [2005/0.054579]
Epoch 6 done. Evaluation:
(49993, 50000)
(9124, 10000)
  5   7  50, 0.056585 [0.003265/6.640481] [2096/0.054579]
  5   7 100, 0.056072 [0.004959/6.638044] [2146/0.054579]
  5   7 150, 0.057358 [0.002514/6.635990] [2196/0.054579]
  5   7 200, 0.056543 [0.003861/6.633744] [2246/0.054579]
  5   7 250, 0.055727 [0.003859/6.631438] [2296/0.054579]
  5   7 300, 0.057444 [0.004396/6.629405] [2346/0.054579]
  5   7 350, 0.056026 [0.003158/6.627234] [2396/0.054579]
Epoch 7 done. Evaluation:
(49996, 50000)
(9123, 10000)
  5   8  50, 0.056003 [0.002889/6.623507] [2487/0.054579]
  5   8 100, 0.056079 [0.002815/6.621220] [2537/0.054579]
  5   8 150, 0.056937 [0.002825/6.618936] [2587/0.054579]
  5   8 200, 0.056308 [0.002898/6.616928] [2637/0.054579]
  5   8 250, 0.057549 [0.003820/6.614917] [2687/0.054579]
  5   8 300, 0.057473 [0.002548/6.613026] [2737/0.054579]
  5   8 350, 0.056647 [0.005363/6.611023] [2787/0.054579]
Epoch 8 done. Evaluation:
(49994, 50000)
(9124, 10000)
  5   9  50, 0.057798 [0.001527/6.607196] [2878/0.054579]
  5   9 100, 0.057611 [0.005917/6.605434] [2928/0.054579]
  5   9 150, 0.056944 [0.004171/6.603478] [2978/0.054579]
  5   9 200, 0.056187 [0.002579/6.601601] [3028/0.054579]
  5   9 250, 0.055926 [0.002041/6.599588] [3078/0.054579]
  5   9 300, 0.055224 [0.002996/6.597506] [3128/0.054579]
  5   9 350, 0.056209 [0.003151/6.595598] [3178/0.054579]
Epoch 9 done. Evaluation:
(49997, 50000)
(9132, 10000)
  5  10  50, 0.055522 [0.002481/6.592027] [3269/0.054579]
  5  10 100, 0.056489 [0.004065/6.590074] [3319/0.054579]
  5  10 150, 0.057745 [0.002241/6.588078] [3369/0.054579]
  5  10 200, 0.056784 [0.002372/6.586273] [3419/0.054579]
  5  10 250, 0.057250 [0.002901/6.584580] [3469/0.054579]
  5  10 300, 0.055500 [0.006336/6.582708] [3519/0.054579]
  5  10 350, 0.056929 [0.003294/6.580939] [3569/0.054579]
Epoch 10 done. Evaluation:
(49994, 50000)
(9107, 10000)
  5  11  50, 0.057252 [0.002241/6.577994] [3660/0.054579]
  5  11 100, 0.056501 [0.001821/6.576248] [3710/0.054579]
  5  11 150, 0.056250 [0.003162/6.574386] [3760/0.054579]
  5  11 200, 0.058587 [0.003049/6.572743] [3810/0.054579]
  5  11 250, 0.056630 [0.003247/6.570909] [3860/0.054579]
  5  11 300, 0.054677 [0.001945/6.568894] [3910/0.054579]
  5  11 350, 0.056595 [0.004418/6.567139] [3960/0.054579]
Epoch 11 done. Evaluation:
(49994, 50000)
(9095, 10000)
  5  12  50, 0.055791 [0.002826/6.563765] [4051/0.054579]
  5  12 100, 0.057526 [0.003281/6.562202] [4101/0.054579]
  5  12 150, 0.056525 [0.002713/6.560408] [4151/0.054579]
  5  12 200, 0.056775 [0.003338/6.558539] [4201/0.054579]
  5  12 250, 0.057103 [0.001947/6.557078] [4251/0.054579]
  5  12 300, 0.057429 [0.004431/6.555451] [4301/0.054579]
  5  12 350, 0.056205 [0.001941/6.553806] [4351/0.054579]
Epoch 12 done. Evaluation:
(49995, 50000)
(9085, 10000)
  5  13  50, 0.057756 [0.003540/6.551002] [4442/0.054579]
  5  13 100, 0.056192 [0.002604/6.549330] [4492/0.054579]
  5  13 150, 0.058769 [0.002425/6.547925] [4542/0.054579]
  5  13 200, 0.056991 [0.004217/6.546398] [4592/0.054579]
  5  13 250, 0.058525 [0.003459/6.545188] [4642/0.054579]
  5  13 300, 0.057948 [0.007039/6.543872] [4692/0.054579]
  5  13 350, 0.056280 [0.002629/6.542293] [4742/0.054579]
Epoch 13 done. Evaluation:
(49997, 50000)
(8928, 10000)
  5  14  50, 0.056403 [0.003048/6.539803] [4833/0.054579]
  5  14 100, 0.055679 [0.004083/6.538030] [4883/0.054579]
  5  14 150, 0.057594 [0.003523/6.536499] [4933/0.054579]
  5  14 200, 0.055784 [0.002592/6.535021] [4983/0.054579]
  5  14 250, 0.055605 [0.003962/6.533328] [5033/0.054579]
  5  14 300, 0.057253 [0.002935/6.531752] [5083/0.054579]
  5  14 350, 0.056989 [0.004104/6.530372] [5133/0.054579]
Epoch 14 done. Evaluation:
(49996, 50000)
(9088, 10000)
  5  15  50, 0.056643 [0.002275/6.527809] [5224/0.054579]
  5  15 100, 0.055853 [0.002289/6.526232] [5274/0.054579]
  5  15 150, 0.056745 [0.004377/6.524695] [5324/0.054579]
  5  15 200, 0.058616 [0.012169/6.523344] [5374/0.054579]
  5  15 250, 0.058683 [0.004191/6.522225] [5424/0.054579]
  5  15 300, 0.056017 [0.001838/6.520713] [5474/0.054579]
  5  15 350, 0.056721 [0.003372/6.519389] [5524/0.054579]
Epoch 15 done. Evaluation:
(49996, 50000)
(9124, 10000)
  5  16  50, 0.056598 [0.001805/6.516905] [5615/0.054579]
  5  16 100, 0.054921 [0.004334/6.515364] [5665/0.054579]
  5  16 150, 0.057447 [0.003858/6.514140] [5715/0.054579]
  5  16 200, 0.056752 [0.001833/6.512772] [5765/0.054579]
  5  16 250, 0.055107 [0.003409/6.511215] [5815/0.054579]
  5  16 300, 0.057635 [0.004526/6.510041] [5865/0.054579]
  5  16 350, 0.057141 [0.004159/6.508842] [5915/0.054579]
Epoch 16 done. Evaluation:
(49998, 50000)
(9102, 10000)
  5  17  50, 0.059393 [0.004119/6.506598] [6006/0.054579]
  5  17 100, 0.056926 [0.003037/6.505388] [6056/0.054579]
  5  17 150, 0.056603 [0.002798/6.504102] [6106/0.054579]
  5  17 200, 0.058184 [0.004166/6.503046] [6156/0.054579]
  5  17 250, 0.056044 [0.002451/6.501630] [6206/0.054579]
  5  17 300, 0.058668 [0.006287/6.500614] [6256/0.054579]
  5  17 350, 0.056727 [0.004242/6.499516] [6306/0.054579]
Epoch 17 done. Evaluation:
(49998, 50000)
(9130, 10000)
  5  18  50, 0.055551 [0.001943/6.497055] [6397/0.054579]
  5  18 100, 0.055759 [0.001451/6.495655] [6447/0.054579]
  5  18 150, 0.055380 [0.002723/6.494315] [6497/0.054579]
  5  18 200, 0.055742 [0.004578/6.492847] [6547/0.054579]
  5  18 250, 0.056451 [0.003243/6.491365] [6597/0.054579]
  5  18 300, 0.057118 [0.004532/6.490103] [6647/0.054579]
  5  18 350, 0.057035 [0.003669/6.488929] [6697/0.054579]
Epoch 18 done. Evaluation:
(49998, 50000)
(9133, 10000)
  5  19  50, 0.057607 [0.004524/6.486917] [6788/0.054579]
  5  19 100, 0.056905 [0.002709/6.485666] [6838/0.054579]
  5  19 150, 0.055910 [0.003107/6.484291] [6888/0.054579]
  5  19 200, 0.058808 [0.002552/6.483423] [6938/0.054579]
  5  19 250, 0.056596 [0.007570/6.482161] [6988/0.054579]
  5  19 300, 0.057560 [0.002960/6.481355] [7038/0.054579]
  5  19 350, 0.057116 [0.005849/6.480226] [7088/0.054579]
Epoch 19 done. Evaluation:
(49997, 50000)
(9097, 10000)
  6   0  50, 0.056917 [0.000783/6.478823] [7179/0.054579]
  6   0 100, 0.054876 [0.001502/6.478059] [7229/0.054579]
  6   0 150, 0.055494 [0.008651/6.477319] [7279/0.054579]
  6   0 200, 0.056141 [0.002521/6.476624] [7329/0.054579]
  6   0 250, 0.056484 [0.001523/6.475883] [7379/0.054579]
  6   0 300, 0.058558 [0.001171/6.475405] [7429/0.054579]
  6   0 350, 0.054342 [0.001236/6.474599] [   0/0.054342]
Epoch 0 done. Evaluation:
(49997, 50000)
(9120, 10000)
  6   1  50, 0.055224 [0.001579/6.473249] [  91/0.054342]
  6   1 100, 0.056712 [0.000792/6.472625] [ 141/0.054342]
  6   1 150, 0.055643 [0.002208/6.471851] [ 191/0.054342]
  6   1 200, 0.054669 [0.002766/6.471042] [ 241/0.054342]
  6   1 250, 0.056246 [0.002182/6.470427] [ 291/0.054342]
  6   1 300, 0.058367 [0.001561/6.469872] [ 341/0.054342]
  6   1 350, 0.054494 [0.002936/6.469125] [ 391/0.054342]
Epoch 1 done. Evaluation:
(49999, 50000)
(9114, 10000)
  6   2  50, 0.054747 [0.000891/6.467831] [ 482/0.054342]
  6   2 100, 0.056549 [0.001431/6.467202] [ 532/0.054342]
  6   2 150, 0.057262 [0.002243/6.466534] [ 582/0.054342]
  6   2 200, 0.055452 [0.002151/6.465814] [ 632/0.054342]
  6   2 250, 0.055538 [0.001602/6.465072] [ 682/0.054342]
  6   2 300, 0.056457 [0.001058/6.464414] [ 732/0.054342]
  6   2 350, 0.054656 [0.001255/6.463622] [ 782/0.054342]
Epoch 2 done. Evaluation:
(49998, 50000)
(9116, 10000)
  6   3  50, 0.054167 [0.001112/6.462286] [   0/0.054167]
  6   3 100, 0.055537 [0.000765/6.461577] [  50/0.054167]
  6   3 150, 0.055749 [0.001009/6.460875] [ 100/0.054167]
  6   3 200, 0.056807 [0.001544/6.460197] [ 150/0.054167]
  6   3 250, 0.056386 [0.000957/6.459596] [ 200/0.054167]
  6   3 300, 0.055943 [0.001803/6.458968] [ 250/0.054167]
  6   3 350, 0.054532 [0.001542/6.458184] [ 300/0.054167]
Epoch 3 done. Evaluation:
(49999, 50000)
(9125, 10000)
  6   4  50, 0.056109 [0.001458/6.457063] [ 391/0.054167]
  6   4 100, 0.058041 [0.001716/6.456491] [ 441/0.054167]
  6   4 150, 0.056512 [0.001036/6.455863] [ 491/0.054167]
  6   4 200, 0.054914 [0.002013/6.455126] [ 541/0.054167]
  6   4 250, 0.057392 [0.001601/6.454596] [ 591/0.054167]
  6   4 300, 0.055949 [0.001981/6.453902] [ 641/0.054167]
  6   4 350, 0.056589 [0.003043/6.453313] [ 691/0.054167]
Epoch 4 done. Evaluation:
(49998, 50000)
(9125, 10000)
  6   5  50, 0.057296 [0.001179/6.452340] [ 782/0.054167]
  6   5 100, 0.056512 [0.001567/6.451731] [ 832/0.054167]
  6   5 150, 0.056508 [0.000825/6.451143] [ 882/0.054167]
  6   5 200, 0.056144 [0.001470/6.450528] [ 932/0.054167]
  6   5 250, 0.056259 [0.001573/6.449917] [ 982/0.054167]
  6   5 300, 0.056411 [0.001087/6.449332] [1032/0.054167]
  6   5 350, 0.056358 [0.001381/6.448754] [1082/0.054167]
Epoch 5 done. Evaluation:
(49999, 50000)
(9115, 10000)
  6   6  50, 0.056303 [0.001357/6.447692] [1173/0.054167]
  6   6 100, 0.055913 [0.002142/6.447063] [1223/0.054167]
  6   6 150, 0.056815 [0.001290/6.446527] [1273/0.054167]
  6   6 200, 0.055920 [0.001010/6.445875] [1323/0.054167]
  6   6 250, 0.055920 [0.002156/6.445260] [1373/0.054167]
  6   6 300, 0.055647 [0.004500/6.444675] [1423/0.054167]
  6   6 350, 0.055486 [0.001863/6.444071] [1473/0.054167]
Epoch 6 done. Evaluation:
(49998, 50000)
(9125, 10000)
  6   7  50, 0.056941 [0.002025/6.442894] [1564/0.054167]
  6   7 100, 0.055379 [0.000994/6.442223] [1614/0.054167]
  6   7 150, 0.055536 [0.001901/6.441614] [1664/0.054167]
  6   7 200, 0.055944 [0.001211/6.440982] [1714/0.054167]
  6   7 250, 0.056244 [0.002119/6.440369] [1764/0.054167]
  6   7 300, 0.057259 [0.001506/6.439858] [1814/0.054167]
  6   7 350, 0.056746 [0.001511/6.439303] [1864/0.054167]
Epoch 7 done. Evaluation:
(49998, 50000)
(9140, 10000)
  6   8  50, 0.056236 [0.001108/6.438152] [1955/0.054167]
  6   8 100, 0.055228 [0.001447/6.437471] [2005/0.054167]
  6   8 150, 0.057516 [0.000846/6.437036] [2055/0.054167]
  6   8 200, 0.057265 [0.001639/6.436554] [2105/0.054167]
  6   8 250, 0.057740 [0.001170/6.436065] [2155/0.054167]
  6   8 300, 0.055997 [0.002442/6.435524] [2205/0.054167]
  6   8 350, 0.056463 [0.000838/6.434962] [2255/0.054167]
Epoch 8 done. Evaluation:
(49998, 50000)
(9119, 10000)
  6   9  50, 0.057621 [0.001579/6.434087] [2346/0.054167]
  6   9 100, 0.056433 [0.001632/6.433536] [2396/0.054167]
  6   9 150, 0.056317 [0.002832/6.432968] [2446/0.054167]
  6   9 200, 0.058105 [0.001280/6.432513] [2496/0.054167]
  6   9 250, 0.056374 [0.002955/6.432044] [2546/0.054167]
  6   9 300, 0.057774 [0.002437/6.431606] [2596/0.054167]
  6   9 350, 0.056317 [0.001543/6.431074] [2646/0.054167]
Epoch 9 done. Evaluation:
(49999, 50000)
(9140, 10000)
  6  10  50, 0.055720 [0.001316/6.430075] [2737/0.054167]
  6  10 100, 0.055510 [0.003018/6.429505] [2787/0.054167]
  6  10 150, 0.056806 [0.001352/6.428967] [2837/0.054167]
  6  10 200, 0.056465 [0.001248/6.428485] [2887/0.054167]
  6  10 250, 0.055864 [0.001324/6.427867] [2937/0.054167]
  6  10 300, 0.055582 [0.001794/6.427307] [2987/0.054167]
  6  10 350, 0.056306 [0.001433/6.426773] [3037/0.054167]
Epoch 10 done. Evaluation:
(49999, 50000)
(9128, 10000)
  6  11  50, 0.056197 [0.001022/6.425730] [3128/0.054167]
  6  11 100, 0.055879 [0.001820/6.425162] [3178/0.054167]
  6  11 150, 0.057409 [0.000755/6.424658] [3228/0.054167]
  6  11 200, 0.055584 [0.001813/6.424096] [3278/0.054167]
  6  11 250, 0.056440 [0.001222/6.423609] [3328/0.054167]
  6  11 300, 0.055352 [0.001209/6.423079] [3378/0.054167]
  6  11 350, 0.055316 [0.001323/6.422473] [3428/0.054167]
Epoch 11 done. Evaluation:
(49999, 50000)
(9126, 10000)
  6  12  50, 0.055634 [0.001298/6.421530] [3519/0.054167]
  6  12 100, 0.056271 [0.001731/6.420947] [3569/0.054167]
  6  12 150, 0.057930 [0.000986/6.420561] [3619/0.054167]
  6  12 200, 0.055757 [0.001188/6.420079] [3669/0.054167]
  6  12 250, 0.055984 [0.002153/6.419521] [3719/0.054167]
  6  12 300, 0.055305 [0.001252/6.418916] [3769/0.054167]
  6  12 350, 0.056766 [0.001638/6.418419] [3819/0.054167]
Epoch 12 done. Evaluation:
(49998, 50000)
(9126, 10000)
  6  13  50, 0.057837 [0.000590/6.417573] [3910/0.054167]
  6  13 100, 0.055978 [0.002093/6.417034] [3960/0.054167]
  6  13 150, 0.056902 [0.000851/6.416544] [4010/0.054167]
  6  13 200, 0.056630 [0.001181/6.416088] [4060/0.054167]
  6  13 250, 0.056017 [0.001606/6.415569] [4110/0.054167]
  6  13 300, 0.057073 [0.001562/6.415197] [4160/0.054167]
  6  13 350, 0.056636 [0.001580/6.414695] [4210/0.054167]
Epoch 13 done. Evaluation:
(49998, 50000)
(9125, 10000)
  6  14  50, 0.055131 [0.001403/6.413589] [4301/0.054167]
  6  14 100, 0.056620 [0.001365/6.413054] [4351/0.054167]
  6  14 150, 0.056130 [0.001019/6.412530] [4401/0.054167]
  6  14 200, 0.056886 [0.001653/6.412146] [4451/0.054167]
  6  14 250, 0.055783 [0.002038/6.411574] [4501/0.054167]
  6  14 300, 0.055302 [0.001144/6.411048] [4551/0.054167]
  6  14 350, 0.057071 [0.002227/6.410605] [4601/0.054167]
Epoch 14 done. Evaluation:
(49998, 50000)
(9120, 10000)
  6  15  50, 0.055715 [0.001104/6.409779] [4692/0.054167]
  6  15 100, 0.056295 [0.001071/6.409291] [4742/0.054167]
  6  15 150, 0.055269 [0.003016/6.408723] [4792/0.054167]
  6  15 200, 0.057098 [0.002856/6.408262] [4842/0.054167]
  6  15 250, 0.056343 [0.002110/6.407829] [4892/0.054167]
  6  15 300, 0.056966 [0.001760/6.407418] [4942/0.054167]
  6  15 350, 0.056180 [0.001520/6.406900] [4992/0.054167]
Epoch 15 done. Evaluation:
(49998, 50000)
(9129, 10000)
  6  16  50, 0.056533 [0.001831/6.406001] [5083/0.054167]
  6  16 100, 0.055998 [0.001414/6.405460] [5133/0.054167]
  6  16 150, 0.056830 [0.001165/6.404993] [5183/0.054167]
  6  16 200, 0.056881 [0.002035/6.404625] [5233/0.054167]
  6  16 250, 0.057203 [0.002319/6.404221] [5283/0.054167]
  6  16 300, 0.055875 [0.001044/6.403738] [5333/0.054167]
  6  16 350, 0.055199 [0.001949/6.403212] [5383/0.054167]
Epoch 16 done. Evaluation:
(49998, 50000)
(9120, 10000)
  6  17  50, 0.056803 [0.001320/6.402415] [5474/0.054167]
  6  17 100, 0.056808 [0.002881/6.402005] [5524/0.054167]
  6  17 150, 0.057194 [0.002131/6.401579] [5574/0.054167]
  6  17 200, 0.054842 [0.001900/6.401024] [5624/0.054167]
  6  17 250, 0.056069 [0.000920/6.400536] [5674/0.054167]
  6  17 300, 0.057171 [0.001882/6.400189] [5724/0.054167]
  6  17 350, 0.057253 [0.001675/6.399821] [5774/0.054167]
Epoch 17 done. Evaluation:
(49999, 50000)
(9125, 10000)
  6  18  50, 0.056230 [0.001448/6.399075] [5865/0.054167]
  6  18 100, 0.055114 [0.002115/6.398467] [5915/0.054167]
  6  18 150, 0.056784 [0.001623/6.397979] [5965/0.054167]
  6  18 200, 0.057113 [0.000915/6.397626] [6015/0.054167]
  6  18 250, 0.055716 [0.005455/6.397228] [6065/0.054167]
  6  18 300, 0.057136 [0.001664/6.396860] [6115/0.054167]
  6  18 350, 0.055748 [0.001300/6.396371] [6165/0.054167]
Epoch 18 done. Evaluation:
(49998, 50000)
(9120, 10000)
  6  19  50, 0.056446 [0.002698/6.395662] [6256/0.054167]
  6  19 100, 0.056622 [0.002119/6.395327] [6306/0.054167]
  6  19 150, 0.056068 [0.002856/6.394835] [6356/0.054167]
  6  19 200, 0.056039 [0.001417/6.394325] [6406/0.054167]
  6  19 250, 0.057355 [0.001416/6.393970] [6456/0.054167]
  6  19 300, 0.055775 [0.001214/6.393556] [6506/0.054167]
  6  19 350, 0.058577 [0.003097/6.393281] [6556/0.054167]
Epoch 19 done. Evaluation:
(49998, 50000)
(9112, 10000)
  7   0  50, 0.054823 [0.000699/6.392656] [6647/0.054167]
  7   0 100, 0.056812 [0.000803/6.392440] [6697/0.054167]
  7   0 150, 0.054355 [0.000738/6.392123] [6747/0.054167]
  7   0 200, 0.056958 [0.000809/6.391907] [6797/0.054167]
  7   0 250, 0.056944 [0.000580/6.391700] [6847/0.054167]
  7   0 300, 0.055372 [0.000674/6.391431] [6897/0.054167]
  7   0 350, 0.057760 [0.000466/6.391282] [6947/0.054167]
Epoch 0 done. Evaluation:
(49998, 50000)
(9126, 10000)
  7   1  50, 0.056160 [0.000442/6.390841] [7038/0.054167]
  7   1 100, 0.057151 [0.000567/6.390631] [7088/0.054167]
  7   1 150, 0.055084 [0.000652/6.390354] [7138/0.054167]
  7   1 200, 0.055923 [0.000692/6.390088] [7188/0.054167]
  7   1 250, 0.056338 [0.000814/6.389857] [7238/0.054167]
  7   1 300, 0.055930 [0.000613/6.389632] [7288/0.054167]
  7   1 350, 0.058436 [0.000886/6.389469] [7338/0.054167]
Epoch 1 done. Evaluation:
(49999, 50000)
(9129, 10000)
  7   2  50, 0.055215 [0.001018/6.389035] [7429/0.054167]
  7   2 100, 0.055662 [0.000645/6.388775] [7479/0.054167]
  7   2 150, 0.057095 [0.000697/6.388593] [7529/0.054167]
  7   2 200, 0.056938 [0.000678/6.388395] [7579/0.054167]
  7   2 250, 0.056771 [0.000779/6.388195] [7629/0.054167]
  7   2 300, 0.056205 [0.000729/6.387962] [7679/0.054167]
  7   2 350, 0.056314 [0.000783/6.387723] [7729/0.054167]
Epoch 2 done. Evaluation:
(49999, 50000)
(9117, 10000)
  7   3  50, 0.055293 [0.000583/6.387291] [7820/0.054167]
  7   3 100, 0.055034 [0.000681/6.387021] [7870/0.054167]
  7   3 150, 0.056816 [0.000581/6.386804] [7920/0.054167]
  7   3 200, 0.055664 [0.000471/6.386550] [7970/0.054167]
  7   3 250, 0.057501 [0.000763/6.386348] [8020/0.054167]
  7   3 300, 0.055963 [0.000934/6.386099] [8070/0.054167]
  7   3 350, 0.055597 [0.000637/6.385851] [8120/0.054167]
Epoch 3 done. Evaluation:
(49999, 50000)
(9120, 10000)
  7   4  50, 0.056565 [0.000768/6.385483] [8211/0.054167]
  7   4 100, 0.056483 [0.000669/6.385235] [8261/0.054167]
  7   4 150, 0.056596 [0.001016/6.385006] [8311/0.054167]
  7   4 200, 0.055520 [0.000840/6.384749] [8361/0.054167]
  7   4 250, 0.055906 [0.000840/6.384500] [8411/0.054167]
  7   4 300, 0.054588 [0.000559/6.384208] [8461/0.054167]
  7   4 350, 0.056148 [0.001005/6.383975] [8511/0.054167]
Epoch 4 done. Evaluation:
(49998, 50000)
(9127, 10000)
  7   5  50, 0.055894 [0.000525/6.383536] [8602/0.054167]
  7   5 100, 0.056232 [0.001182/6.383297] [8652/0.054167]
  7   5 150, 0.056057 [0.000849/6.383066] [8702/0.054167]
  7   5 200, 0.057251 [0.000857/6.382853] [8752/0.054167]
  7   5 250, 0.055881 [0.000828/6.382644] [8802/0.054167]
  7   5 300, 0.055872 [0.001568/6.382415] [8852/0.054167]
  7   5 350, 0.055623 [0.001438/6.382179] [8902/0.054167]
Epoch 5 done. Evaluation:
(49998, 50000)
(9128, 10000)
  7   6  50, 0.056925 [0.000359/6.381785] [8993/0.054167]
  7   6 100, 0.055521 [0.000849/6.381546] [9043/0.054167]
  7   6 150, 0.056751 [0.000788/6.381366] [9093/0.054167]
  7   6 200, 0.056980 [0.001028/6.381179] [9143/0.054167]
  7   6 250, 0.054703 [0.000413/6.380874] [9193/0.054167]
  7   6 300, 0.057391 [0.000655/6.380699] [9243/0.054167]
  7   6 350, 0.056990 [0.001556/6.380530] [9293/0.054167]
Epoch 6 done. Evaluation:
(49998, 50000)
(9110, 10000)
  7   7  50, 0.055325 [0.000455/6.380064] [9384/0.054167]
  7   7 100, 0.056356 [0.001099/6.379852] [9434/0.054167]
  7   7 150, 0.055271 [0.000758/6.379604] [9484/0.054167]
  7   7 200, 0.056125 [0.000861/6.379366] [9534/0.054167]
  7   7 250, 0.055502 [0.000532/6.379122] [9584/0.054167]
  7   7 300, 0.055686 [0.000652/6.378877] [9634/0.054167]
  7   7 350, 0.056536 [0.000906/6.378646] [9684/0.054167]
Epoch 7 done. Evaluation:
(49998, 50000)
(9131, 10000)
  7   8  50, 0.056577 [0.000756/6.378330] [9775/0.054167]
  7   8 100, 0.056456 [0.000520/6.378115] [9825/0.054167]
  7   8 150, 0.055597 [0.000668/6.377892] [9875/0.054167]
  7   8 200, 0.056703 [0.000987/6.377679] [9925/0.054167]
  7   8 250, 0.055390 [0.001050/6.377464] [9975/0.054167]
  7   8 300, 0.056376 [0.000813/6.377222] [10025/0.054167]
  7   8 350, 0.056307 [0.001097/6.377027] [10075/0.054167]
Epoch 8 done. Evaluation:
(49999, 50000)
(9126, 10000)
  7   9  50, 0.054840 [0.000485/6.376626] [10166/0.054167]
  7   9 100, 0.056139 [0.001100/6.376421] [10216/0.054167]
  7   9 150, 0.054891 [0.000432/6.376113] [10266/0.054167]
  7   9 200, 0.055483 [0.000525/6.375873] [10316/0.054167]
  7   9 250, 0.054746 [0.001514/6.375603] [10366/0.054167]
  7   9 300, 0.057033 [0.001165/6.375405] [10416/0.054167]
  7   9 350, 0.055574 [0.001055/6.375166] [10466/0.054167]
Epoch 9 done. Evaluation:
(49998, 50000)
(9127, 10000)
  7  10  50, 0.055585 [0.000463/6.374748] [10557/0.054167]
  7  10 100, 0.056485 [0.001129/6.374509] [10607/0.054167]
  7  10 150, 0.055572 [0.000993/6.374281] [10657/0.054167]
  7  10 200, 0.057591 [0.000645/6.374121] [10707/0.054167]
  7  10 250, 0.054105 [0.001875/6.373870] [   0/0.054105]
  7  10 300, 0.055024 [0.000885/6.373616] [  50/0.054105]
  7  10 350, 0.056336 [0.000981/6.373390] [ 100/0.054105]
Epoch 10 done. Evaluation:
(49998, 50000)
(9126, 10000)
  7  11  50, 0.057237 [0.000591/6.373067] [ 191/0.054105]
  7  11 100, 0.056813 [0.000435/6.372850] [ 241/0.054105]
  7  11 150, 0.055328 [0.000833/6.372629] [ 291/0.054105]
  7  11 200, 0.056845 [0.000885/6.372410] [ 341/0.054105]
  7  11 250, 0.056817 [0.001114/6.372259] [ 391/0.054105]
  7  11 300, 0.057944 [0.000847/6.372121] [ 441/0.054105]
  7  11 350, 0.056371 [0.001594/6.371936] [ 491/0.054105]
Epoch 11 done. Evaluation:
(49998, 50000)
(9131, 10000)
  7  12  50, 0.056169 [0.001056/6.371525] [ 582/0.054105]
  7  12 100, 0.056087 [0.000646/6.371329] [ 632/0.054105]
  7  12 150, 0.056044 [0.000587/6.371110] [ 682/0.054105]
  7  12 200, 0.055760 [0.000958/6.370887] [ 732/0.054105]
  7  12 250, 0.056163 [0.000719/6.370670] [ 782/0.054105]
  7  12 300, 0.054555 [0.000949/6.370405] [ 832/0.054105]
  7  12 350, 0.055022 [0.000495/6.370155] [ 882/0.054105]
Epoch 12 done. Evaluation:
(49999, 50000)
(9119, 10000)
  7  13  50, 0.055733 [0.000681/6.369785] [ 973/0.054105]
  7  13 100, 0.057042 [0.000598/6.369616] [1023/0.054105]
  7  13 150, 0.057144 [0.000395/6.369440] [1073/0.054105]
  7  13 200, 0.057631 [0.001258/6.369282] [1123/0.054105]
  7  13 250, 0.056711 [0.000628/6.369113] [1173/0.054105]
  7  13 300, 0.055884 [0.000469/6.368883] [1223/0.054105]
  7  13 350, 0.055811 [0.000904/6.368660] [1273/0.054105]
Epoch 13 done. Evaluation:
(49999, 50000)
(9125, 10000)
  7  14  50, 0.056070 [0.000612/6.368280] [1364/0.054105]
  7  14 100, 0.056151 [0.000588/6.368095] [1414/0.054105]
  7  14 150, 0.055954 [0.000539/6.367890] [1464/0.054105]
  7  14 200, 0.056386 [0.000434/6.367687] [1514/0.054105]
  7  14 250, 0.057267 [0.000756/6.367512] [1564/0.054105]
  7  14 300, 0.056306 [0.001046/6.367304] [1614/0.054105]
  7  14 350, 0.056988 [0.001454/6.367099] [1664/0.054105]
Epoch 14 done. Evaluation:
(49998, 50000)
(9128, 10000)
  7  15  50, 0.055659 [0.000885/6.366694] [1755/0.054105]
  7  15 100, 0.055273 [0.001275/6.366458] [1805/0.054105]
  7  15 150, 0.055712 [0.000727/6.366248] [1855/0.054105]
  7  15 200, 0.055064 [0.000943/6.365989] [1905/0.054105]
  7  15 250, 0.056007 [0.000716/6.365772] [1955/0.054105]
  7  15 300, 0.053281 [0.001141/6.365463] [   0/0.053281]
  7  15 350, 0.056269 [0.001263/6.365281] [  50/0.053281]
Epoch 15 done. Evaluation:
(49999, 50000)
(9126, 10000)
  7  16  50, 0.056557 [0.000633/6.364944] [ 141/0.053281]
  7  16 100, 0.055522 [0.000590/6.364725] [ 191/0.053281]
  7  16 150, 0.055721 [0.001140/6.364522] [ 241/0.053281]
  7  16 200, 0.054644 [0.000591/6.364273] [ 291/0.053281]
  7  16 250, 0.055255 [0.000725/6.364040] [ 341/0.053281]
  7  16 300, 0.055215 [0.000819/6.363812] [ 391/0.053281]
  7  16 350, 0.056396 [0.000609/6.363588] [ 441/0.053281]
Epoch 16 done. Evaluation:
(49999, 50000)
(9119, 10000)
  7  17  50, 0.054302 [0.001482/6.363178] [ 532/0.053281]
  7  17 100, 0.056151 [0.000719/6.362981] [ 582/0.053281]
  7  17 150, 0.055762 [0.000535/6.362767] [ 632/0.053281]
  7  17 200, 0.054565 [0.000831/6.362517] [ 682/0.053281]
  7  17 250, 0.056749 [0.000747/6.362326] [ 732/0.053281]
  7  17 300, 0.055494 [0.000605/6.362100] [ 782/0.053281]
  7  17 350, 0.056432 [0.000777/6.361926] [ 832/0.053281]
Epoch 17 done. Evaluation:
(49999, 50000)
(9133, 10000)
  7  18  50, 0.056494 [0.000518/6.361549] [ 923/0.053281]
  7  18 100, 0.056726 [0.000704/6.361381] [ 973/0.053281]
  7  18 150, 0.056335 [0.000418/6.361201] [1023/0.053281]
  7  18 200, 0.056108 [0.000660/6.361010] [1073/0.053281]
  7  18 250, 0.056051 [0.000880/6.360781] [1123/0.053281]
  7  18 300, 0.055507 [0.000969/6.360560] [1173/0.053281]
  7  18 350, 0.058085 [0.001873/6.360458] [1223/0.053281]
Epoch 18 done. Evaluation:
(49999, 50000)
(9125, 10000)
  7  19  50, 0.056844 [0.000807/6.360224] [1314/0.053281]
  7  19 100, 0.058096 [0.000666/6.360109] [1364/0.053281]
  7  19 150, 0.054986 [0.000762/6.359876] [1414/0.053281]
  7  19 200, 0.053852 [0.000525/6.359596] [1464/0.053281]
  7  19 250, 0.057595 [0.000902/6.359472] [1514/0.053281]
  7  19 300, 0.056932 [0.000793/6.359333] [1564/0.053281]
  7  19 350, 0.056879 [0.000643/6.359167] [1614/0.053281]
Epoch 19 done. Evaluation:
(49999, 50000)
(9119, 10000)
  8   0  50, 0.055136 [0.000593/6.358942] [1705/0.053281]
  8   0 100, 0.055702 [0.000376/6.358839] [1755/0.053281]
  8   0 150, 0.056047 [0.000423/6.358729] [1805/0.053281]
  8   0 200, 0.056174 [0.000345/6.358625] [1855/0.053281]
  8   0 250, 0.055072 [0.000265/6.358495] [1905/0.053281]
  8   0 300, 0.056694 [0.000328/6.358395] [1955/0.053281]
  8   0 350, 0.056221 [0.000232/6.358306] [2005/0.053281]
Epoch 0 done. Evaluation:
(49999, 50000)
(9126, 10000)
  8   1  50, 0.056868 [0.000446/6.358114] [2096/0.053281]
  8   1 100, 0.055588 [0.000414/6.357997] [2146/0.053281]
  8   1 150, 0.055619 [0.000534/6.357880] [2196/0.053281]
  8   1 200, 0.055942 [0.000307/6.357780] [2246/0.053281]
  8   1 250, 0.057046 [0.000352/6.357692] [2296/0.053281]
  8   1 300, 0.055987 [0.000203/6.357586] [2346/0.053281]
  8   1 350, 0.055826 [0.000472/6.357481] [2396/0.053281]
Epoch 1 done. Evaluation:
(49998, 50000)
(9126, 10000)
  8   2  50, 0.055217 [0.000394/6.357291] [2487/0.053281]
  8   2 100, 0.055227 [0.000598/6.357178] [2537/0.053281]
  8   2 150, 0.056348 [0.000289/6.357070] [2587/0.053281]
  8   2 200, 0.058251 [0.000351/6.357002] [2637/0.053281]
  8   2 250, 0.057067 [0.000488/6.356927] [2687/0.053281]
  8   2 300, 0.055724 [0.000557/6.356822] [2737/0.053281]
  8   2 350, 0.056559 [0.000649/6.356737] [2787/0.053281]
Epoch 2 done. Evaluation:
(49998, 50000)
(9119, 10000)
  8   3  50, 0.055785 [0.000381/6.356547] [2878/0.053281]
  8   3 100, 0.055819 [0.000315/6.356455] [2928/0.053281]
  8   3 150, 0.055698 [0.000441/6.356355] [2978/0.053281]
  8   3 200, 0.054830 [0.000260/6.356228] [3028/0.053281]
  8   3 250, 0.058144 [0.000293/6.356141] [3078/0.053281]
  8   3 300, 0.054966 [0.000283/6.356033] [3128/0.053281]
  8   3 350, 0.057658 [0.000284/6.355954] [3178/0.053281]
Epoch 3 done. Evaluation:
(49998, 50000)
(9136, 10000)
  8   4  50, 0.056721 [0.000473/6.355835] [3269/0.053281]
  8   4 100, 0.056677 [0.000368/6.355748] [3319/0.053281]
  8   4 150, 0.056141 [0.000513/6.355654] [3369/0.053281]
  8   4 200, 0.054805 [0.000262/6.355527] [3419/0.053281]
  8   4 250, 0.054874 [0.000425/6.355397] [3469/0.053281]
  8   4 300, 0.055956 [0.000352/6.355307] [3519/0.053281]
  8   4 350, 0.055405 [0.000290/6.355192] [3569/0.053281]
Epoch 4 done. Evaluation:
(49998, 50000)
(9126, 10000)
  8   5  50, 0.056558 [0.000353/6.355047] [3660/0.053281]
  8   5 100, 0.055478 [0.000579/6.354917] [3710/0.053281]
  8   5 150, 0.057769 [0.000533/6.354857] [3760/0.053281]
  8   5 200, 0.056425 [0.000689/6.354760] [3810/0.053281]
  8   5 250, 0.054499 [0.000336/6.354625] [3860/0.053281]
  8   5 300, 0.056381 [0.000607/6.354530] [3910/0.053281]
  8   5 350, 0.056306 [0.000341/6.354442] [3960/0.053281]
Epoch 5 done. Evaluation:
(49998, 50000)
(9127, 10000)
  8   6  50, 0.053347 [0.000239/6.354201] [4051/0.053281]
  8   6 100, 0.055303 [0.000467/6.354096] [4101/0.053281]
  8   6 150, 0.055220 [0.000302/6.353978] [4151/0.053281]
  8   6 200, 0.056844 [0.000307/6.353900] [4201/0.053281]
  8   6 250, 0.055347 [0.000609/6.353784] [4251/0.053281]
  8   6 300, 0.053013 [0.000308/6.353628] [   0/0.053013]
  8   6 350, 0.056450 [0.000267/6.353531] [  50/0.053013]
Epoch 6 done. Evaluation:
(49999, 50000)
(9127, 10000)
  8   7  50, 0.055764 [0.000336/6.353401] [ 141/0.053013]
  8   7 100, 0.055604 [0.000349/6.353290] [ 191/0.053013]
  8   7 150, 0.055550 [0.000292/6.353185] [ 241/0.053013]
  8   7 200, 0.054472 [0.000720/6.353048] [ 291/0.053013]
  8   7 250, 0.055950 [0.000269/6.352955] [ 341/0.053013]
  8   7 300, 0.054313 [0.000279/6.352812] [ 391/0.053013]
  8   7 350, 0.057234 [0.000299/6.352741] [ 441/0.053013]
Epoch 7 done. Evaluation:
(49999, 50000)
(9109, 10000)
  8   8  50, 0.055454 [0.000469/6.352545] [ 532/0.053013]
  8   8 100, 0.055766 [0.000380/6.352437] [ 582/0.053013]
  8   8 150, 0.055315 [0.000548/6.352325] [ 632/0.053013]
  8   8 200, 0.056112 [0.000395/6.352209] [ 682/0.053013]
  8   8 250, 0.054829 [0.000237/6.352084] [ 732/0.053013]
  8   8 300, 0.056722 [0.000347/6.352015] [ 782/0.053013]
  8   8 350, 0.055628 [0.000587/6.351910] [ 832/0.053013]
Epoch 8 done. Evaluation:
(49998, 50000)
(9131, 10000)
  8   9  50, 0.055791 [0.000346/6.351752] [ 923/0.053013]
  8   9 100, 0.056455 [0.000922/6.351658] [ 973/0.053013]
  8   9 150, 0.056575 [0.000218/6.351554] [1023/0.053013]
  8   9 200, 0.055904 [0.000236/6.351462] [1073/0.053013]
  8   9 250, 0.057269 [0.000383/6.351401] [1123/0.053013]
  8   9 300, 0.055626 [0.000368/6.351291] [1173/0.053013]
  8   9 350, 0.055856 [0.000594/6.351205] [1223/0.053013]
Epoch 9 done. Evaluation:
(49998, 50000)
(9130, 10000)
  8  10  50, 0.057249 [0.000234/6.351034] [1314/0.053013]
  8  10 100, 0.055983 [0.000252/6.350938] [1364/0.053013]
  8  10 150, 0.054509 [0.000426/6.350804] [1414/0.053013]
  8  10 200, 0.056412 [0.000468/6.350709] [1464/0.053013]
  8  10 250, 0.055530 [0.000347/6.350611] [1514/0.053013]
  8  10 300, 0.055729 [0.000270/6.350519] [1564/0.053013]
  8  10 350, 0.056096 [0.000342/6.350430] [1614/0.053013]
Epoch 10 done. Evaluation:
(49999, 50000)
(9127, 10000)
  8  11  50, 0.056113 [0.000288/6.350223] [1705/0.053013]
  8  11 100, 0.055027 [0.000321/6.350104] [1755/0.053013]
  8  11 150, 0.055575 [0.000269/6.350002] [1805/0.053013]
  8  11 200, 0.055237 [0.000365/6.349885] [1855/0.053013]
  8  11 250, 0.056627 [0.000708/6.349808] [1905/0.053013]
  8  11 300, 0.055055 [0.000328/6.349702] [1955/0.053013]
  8  11 350, 0.054471 [0.000446/6.349569] [2005/0.053013]
Epoch 11 done. Evaluation:
(49999, 50000)
(9133, 10000)
  8  12  50, 0.055412 [0.000390/6.349365] [2096/0.053013]
  8  12 100, 0.056511 [0.000375/6.349275] [2146/0.053013]
  8  12 150, 0.055170 [0.000382/6.349159] [2196/0.053013]
  8  12 200, 0.054607 [0.000514/6.349041] [2246/0.053013]
  8  12 250, 0.055305 [0.000452/6.348941] [2296/0.053013]
  8  12 300, 0.056358 [0.000297/6.348850] [2346/0.053013]
  8  12 350, 0.057071 [0.000254/6.348768] [2396/0.053013]
Epoch 12 done. Evaluation:
(49998, 50000)
(9132, 10000)
  8  13  50, 0.056449 [0.000247/6.348607] [2487/0.053013]
  8  13 100, 0.057493 [0.000379/6.348533] [2537/0.053013]
  8  13 150, 0.056221 [0.000365/6.348432] [2587/0.053013]
  8  13 200, 0.056714 [0.000384/6.348361] [2637/0.053013]
  8  13 250, 0.055228 [0.000303/6.348247] [2687/0.053013]
  8  13 300, 0.055822 [0.000450/6.348157] [2737/0.053013]
  8  13 350, 0.055483 [0.000472/6.348034] [2787/0.053013]
Epoch 13 done. Evaluation:
(49999, 50000)
(9129, 10000)
  8  14  50, 0.056087 [0.000819/6.347879] [2878/0.053013]
  8  14 100, 0.057484 [0.000393/6.347810] [2928/0.053013]
  8  14 150, 0.056023 [0.000319/6.347719] [2978/0.053013]
  8  14 200, 0.056943 [0.000535/6.347624] [3028/0.053013]
  8  14 250, 0.057670 [0.000332/6.347560] [3078/0.053013]
  8  14 300, 0.054272 [0.000342/6.347431] [3128/0.053013]
  8  14 350, 0.055946 [0.000340/6.347344] [3178/0.053013]
Epoch 14 done. Evaluation:
(49998, 50000)
(9116, 10000)
  8  15  50, 0.056561 [0.000260/6.347189] [3269/0.053013]
  8  15 100, 0.055737 [0.000393/6.347096] [3319/0.053013]
  8  15 150, 0.055486 [0.001181/6.347003] [3369/0.053013]
  8  15 200, 0.055612 [0.000428/6.346891] [3419/0.053013]
  8  15 250, 0.056025 [0.000414/6.346789] [3469/0.053013]
  8  15 300, 0.055028 [0.000479/6.346664] [3519/0.053013]
  8  15 350, 0.055510 [0.000446/6.346561] [3569/0.053013]
Epoch 15 done. Evaluation:
(49999, 50000)
(9122, 10000)
  8  16  50, 0.056989 [0.000638/6.346409] [3660/0.053013]
  8  16 100, 0.056069 [0.000483/6.346324] [3710/0.053013]
  8  16 150, 0.057347 [0.000418/6.346250] [3760/0.053013]
  8  16 200, 0.057487 [0.000653/6.346193] [3810/0.053013]
  8  16 250, 0.057281 [0.000378/6.346132] [3860/0.053013]
  8  16 300, 0.055313 [0.000317/6.346015] [3910/0.053013]
  8  16 350, 0.056562 [0.000641/6.345938] [3960/0.053013]
Epoch 16 done. Evaluation:
(49999, 50000)
(9124, 10000)
  8  17  50, 0.055618 [0.000269/6.345759] [4051/0.053013]
  8  17 100, 0.056807 [0.000533/6.345687] [4101/0.053013]
  8  17 150, 0.055551 [0.000276/6.345577] [4151/0.053013]
  8  17 200, 0.058389 [0.000639/6.345542] [4201/0.053013]
  8  17 250, 0.057265 [0.000330/6.345471] [4251/0.053013]
  8  17 300, 0.055409 [0.000310/6.345378] [4301/0.053013]
  8  17 350, 0.055557 [0.000433/6.345278] [4351/0.053013]
Epoch 17 done. Evaluation:
(49999, 50000)
(9126, 10000)
  8  18  50, 0.055164 [0.000441/6.345130] [4442/0.053013]
  8  18 100, 0.055717 [0.000345/6.345017] [4492/0.053013]
  8  18 150, 0.057764 [0.000384/6.344952] [4542/0.053013]
  8  18 200, 0.055426 [0.000230/6.344840] [4592/0.053013]
  8  18 250, 0.056219 [0.000248/6.344739] [4642/0.053013]
  8  18 300, 0.056405 [0.000492/6.344667] [4692/0.053013]
  8  18 350, 0.056161 [0.000331/6.344582] [4742/0.053013]
Epoch 18 done. Evaluation:
(49998, 50000)
(9127, 10000)
  8  19  50, 0.056525 [0.000577/6.344421] [4833/0.053013]
  8  19 100, 0.054978 [0.000416/6.344311] [4883/0.053013]
  8  19 150, 0.055667 [0.000378/6.344215] [4933/0.053013]
  8  19 200, 0.056760 [0.000468/6.344138] [4983/0.053013]
  8  19 250, 0.057050 [0.000408/6.344083] [5033/0.053013]
  8  19 300, 0.056520 [0.000415/6.343992] [5083/0.053013]
  8  19 350, 0.056666 [0.000445/6.343905] [5133/0.053013]
Epoch 19 done. Evaluation:
(49999, 50000)
(9129, 10000)
  9   0  50, 0.055447 [0.000200/6.343776] [5224/0.053013]
  9   0 100, 0.057087 [0.000200/6.343733] [5274/0.053013]
  9   0 150, 0.056084 [0.000155/6.343686] [5324/0.053013]
  9   0 200, 0.056810 [0.000183/6.343652] [5374/0.053013]
  9   0 250, 0.056270 [0.000222/6.343608] [5424/0.053013]
  9   0 300, 0.055187 [0.000134/6.343550] [5474/0.053013]
  9   0 350, 0.056860 [0.000652/6.343508] [5524/0.053013]
Epoch 0 done. Evaluation:
(49998, 50000)
(9124, 10000)
  9   1  50, 0.055887 [0.000168/6.343403] [5615/0.053013]
  9   1 100, 0.057094 [0.000206/6.343368] [5665/0.053013]
  9   1 150, 0.058952 [0.000277/6.343350] [5715/0.053013]
  9   1 200, 0.054716 [0.000202/6.343290] [5765/0.053013]
  9   1 250, 0.055307 [0.000168/6.343232] [5815/0.053013]
  9   1 300, 0.055335 [0.000240/6.343169] [5865/0.053013]
  9   1 350, 0.056153 [0.000288/6.343123] [5915/0.053013]
Epoch 1 done. Evaluation:
(49999, 50000)
(9125, 10000)
  9   2  50, 0.058125 [0.000181/6.343063] [6006/0.053013]
  9   2 100, 0.055834 [0.000143/6.343009] [6056/0.053013]
  9   2 150, 0.056251 [0.000176/6.342964] [6106/0.053013]
  9   2 200, 0.056582 [0.000150/6.342929] [6156/0.053013]
  9   2 250, 0.055558 [0.000233/6.342879] [6206/0.053013]
  9   2 300, 0.056261 [0.000189/6.342838] [6256/0.053013]
  9   2 350, 0.056318 [0.000224/6.342794] [6306/0.053013]
Epoch 2 done. Evaluation:
(49999, 50000)
(9130, 10000)
  9   3  50, 0.054965 [0.000247/6.342697] [6397/0.053013]
  9   3 100, 0.055292 [0.000347/6.342645] [6447/0.053013]
  9   3 150, 0.056774 [0.000214/6.342608] [6497/0.053013]
  9   3 200, 0.054991 [0.000237/6.342555] [6547/0.053013]
  9   3 250, 0.056874 [0.000274/6.342516] [6597/0.053013]
  9   3 300, 0.055258 [0.000217/6.342461] [6647/0.053013]
  9   3 350, 0.055849 [0.000218/6.342417] [6697/0.053013]
Epoch 3 done. Evaluation:
(49999, 50000)
(9120, 10000)
  9   4  50, 0.055840 [0.000239/6.342326] [6788/0.053013]
  9   4 100, 0.055740 [0.000262/6.342269] [6838/0.053013]
  9   4 150, 0.055480 [0.000240/6.342215] [6888/0.053013]
  9   4 200, 0.057440 [0.000195/6.342179] [6938/0.053013]
  9   4 250, 0.055992 [0.000239/6.342137] [6988/0.053013]
  9   4 300, 0.057217 [0.000179/6.342100] [7038/0.053013]
  9   4 350, 0.057179 [0.000266/6.342063] [7088/0.053013]
Epoch 4 done. Evaluation:
(49999, 50000)
(9125, 10000)
  9   5  50, 0.055748 [0.000196/6.341981] [7179/0.053013]
  9   5 100, 0.056909 [0.000135/6.341940] [7229/0.053013]
  9   5 150, 0.055810 [0.000213/6.341888] [7279/0.053013]
  9   5 200, 0.056055 [0.000209/6.341844] [7329/0.053013]
  9   5 250, 0.057695 [0.000251/6.341807] [7379/0.053013]
  9   5 300, 0.056189 [0.000198/6.341758] [7429/0.053013]
  9   5 350, 0.055036 [0.000147/6.341711] [7479/0.053013]
Epoch 5 done. Evaluation:
(49998, 50000)
(9123, 10000)
  9   6  50, 0.057136 [0.000171/6.341634] [7570/0.053013]
  9   6 100, 0.055935 [0.000216/6.341589] [7620/0.053013]
  9   6 150, 0.056758 [0.000212/6.341548] [7670/0.053013]
  9   6 200, 0.056949 [0.000246/6.341502] [7720/0.053013]
  9   6 250, 0.055897 [0.000189/6.341455] [7770/0.053013]
  9   6 300, 0.056161 [0.000249/6.341408] [7820/0.053013]
  9   6 350, 0.055650 [0.000181/6.341359] [7870/0.053013]
Epoch 6 done. Evaluation:
(49999, 50000)
(9117, 10000)
  9   7  50, 0.055386 [0.000355/6.341265] [7961/0.053013]
  9   7 100, 0.056524 [0.000296/6.341222] [8011/0.053013]
  9   7 150, 0.055914 [0.000272/6.341174] [8061/0.053013]
  9   7 200, 0.056297 [0.000236/6.341120] [8111/0.053013]
  9   7 250, 0.055858 [0.000173/6.341068] [8161/0.053013]
  9   7 300, 0.057738 [0.000151/6.341038] [8211/0.053013]
  9   7 350, 0.055686 [0.000347/6.340990] [8261/0.053013]
Epoch 7 done. Evaluation:
(49998, 50000)
(9114, 10000)
  9   8  50, 0.057370 [0.000161/6.340916] [8352/0.053013]
  9   8 100, 0.054155 [0.000197/6.340854] [8402/0.053013]
  9   8 150, 0.054387 [0.000167/6.340795] [8452/0.053013]
  9   8 200, 0.057093 [0.000263/6.340752] [8502/0.053013]
  9   8 250, 0.056727 [0.000184/6.340725] [8552/0.053013]
  9   8 300, 0.054643 [0.000128/6.340663] [8602/0.053013]
  9   8 350, 0.055633 [0.000368/6.340614] [8652/0.053013]
Epoch 8 done. Evaluation:
(49999, 50000)
(9120, 10000)
  9   9  50, 0.055726 [0.000343/6.340537] [8743/0.053013]
  9   9 100, 0.055278 [0.000244/6.340484] [8793/0.053013]
  9   9 150, 0.056402 [0.000209/6.340444] [8843/0.053013]
  9   9 200, 0.056360 [0.000197/6.340395] [8893/0.053013]
  9   9 250, 0.056002 [0.000245/6.340348] [8943/0.053013]
  9   9 300, 0.055722 [0.000193/6.340301] [8993/0.053013]
  9   9 350, 0.055917 [0.000277/6.340259] [9043/0.053013]
Epoch 9 done. Evaluation:
(49999, 50000)
(9120, 10000)
  9  10  50, 0.054629 [0.000175/6.340152] [9134/0.053013]
  9  10 100, 0.054705 [0.000176/6.340091] [9184/0.053013]
  9  10 150, 0.056276 [0.000157/6.340051] [9234/0.053013]
  9  10 200, 0.055285 [0.000211/6.339995] [9284/0.053013]
  9  10 250, 0.056823 [0.000250/6.339955] [9334/0.053013]
  9  10 300, 0.055757 [0.000169/6.339908] [9384/0.053013]
  9  10 350, 0.056007 [0.000190/6.339863] [9434/0.053013]
Epoch 10 done. Evaluation:
(49999, 50000)
(9122, 10000)
  9  11  50, 0.056616 [0.000158/6.339788] [9525/0.053013]
  9  11 100, 0.057300 [0.000186/6.339755] [9575/0.053013]
  9  11 150, 0.056699 [0.000193/6.339717] [9625/0.053013]
  9  11 200, 0.055451 [0.000401/6.339650] [9675/0.053013]
  9  11 250, 0.055440 [0.000585/6.339602] [9725/0.053013]
  9  11 300, 0.056990 [0.000313/6.339569] [9775/0.053013]
  9  11 350, 0.055697 [0.000163/6.339519] [9825/0.053013]
Epoch 11 done. Evaluation:
(49998, 50000)
(9125, 10000)
  9  12  50, 0.055634 [0.000259/6.339434] [9916/0.053013]
  9  12 100, 0.055033 [0.000130/6.339383] [9966/0.053013]
  9  12 150, 0.057396 [0.000318/6.339348] [10016/0.053013]
  9  12 200, 0.055197 [0.000172/6.339296] [10066/0.053013]
  9  12 250, 0.055223 [0.000174/6.339239] [10116/0.053013]
  9  12 300, 0.056283 [0.000203/6.339199] [10166/0.053013]
  9  12 350, 0.055790 [0.000152/6.339151] [10216/0.053013]
Epoch 12 done. Evaluation:
(49998, 50000)
(9127, 10000)
  9  13  50, 0.055649 [0.000176/6.339075] [10307/0.053013]
  9  13 100, 0.056399 [0.000190/6.339030] [10357/0.053013]
  9  13 150, 0.055965 [0.000259/6.338985] [10407/0.053013]
  9  13 200, 0.054053 [0.000138/6.338916] [10457/0.053013]
  9  13 250, 0.056229 [0.000156/6.338877] [10507/0.053013]
  9  13 300, 0.057093 [0.000177/6.338840] [10557/0.053013]
  9  13 350, 0.054553 [0.000259/6.338781] [10607/0.053013]
Epoch 13 done. Evaluation:
(49999, 50000)
(9120, 10000)
  9  14  50, 0.056087 [0.000157/6.338692] [10698/0.053013]
  9  14 100, 0.057394 [0.000244/6.338656] [10748/0.053013]
  9  14 150, 0.055573 [0.000153/6.338605] [10798/0.053013]
  9  14 200, 0.055784 [0.000448/6.338557] [10848/0.053013]
  9  14 250, 0.057343 [0.000979/6.338531] [10898/0.053013]
  9  14 300, 0.056384 [0.000342/6.338483] [10948/0.053013]
  9  14 350, 0.055147 [0.000167/6.338427] [10998/0.053013]
Epoch 14 done. Evaluation:
(49998, 50000)
(9113, 10000)
  9  15  50, 0.055096 [0.000307/6.338327] [11089/0.053013]
  9  15 100, 0.056075 [0.000141/6.338289] [11139/0.053013]
  9  15 150, 0.057613 [0.000185/6.338257] [11189/0.053013]
  9  15 200, 0.057580 [0.000270/6.338232] [11239/0.053013]
  9  15 250, 0.055094 [0.000193/6.338172] [11289/0.053013]
  9  15 300, 0.057136 [0.000193/6.338124] [11339/0.053013]
  9  15 350, 0.056347 [0.000225/6.338085] [11389/0.053013]
Epoch 15 done. Evaluation:
(49998, 50000)
(9115, 10000)
  9  16  50, 0.056794 [0.000133/6.338018] [11480/0.053013]
  9  16 100, 0.057289 [0.000167/6.337991] [11530/0.053013]
  9  16 150, 0.056070 [0.000179/6.337947] [11580/0.053013]
  9  16 200, 0.055868 [0.000215/6.337900] [11630/0.053013]
  9  16 250, 0.056149 [0.000204/6.337853] [11680/0.053013]
  9  16 300, 0.056495 [0.000190/6.337808] [11730/0.053013]
  9  16 350, 0.055809 [0.000160/6.337757] [11780/0.053013]
Epoch 16 done. Evaluation:
(49998, 50000)
(9124, 10000)
  9  17  50, 0.055972 [0.000163/6.337684] [11871/0.053013]
  9  17 100, 0.056818 [0.000263/6.337645] [11921/0.053013]
  9  17 150, 0.056757 [0.000254/6.337605] [11971/0.053013]
  9  17 200, 0.053649 [0.000171/6.337537] [12021/0.053013]
  9  17 250, 0.055685 [0.000237/6.337489] [12071/0.053013]
  9  17 300, 0.055795 [0.000141/6.337441] [12121/0.053013]
  9  17 350, 0.055317 [0.000144/6.337388] [12171/0.053013]
Epoch 17 done. Evaluation:
(49998, 50000)
(9115, 10000)
  9  18  50, 0.055896 [0.000274/6.337318] [12262/0.053013]
  9  18 100, 0.056433 [0.000301/6.337280] [12312/0.053013]
  9  18 150, 0.058144 [0.000158/6.337252] [12362/0.053013]
  9  18 200, 0.054453 [0.000183/6.337189] [12412/0.053013]
  9  18 250, 0.055992 [0.000163/6.337143] [12462/0.053013]
  9  18 300, 0.056451 [0.000387/6.337108] [12512/0.053013]
  9  18 350, 0.055860 [0.000153/6.337069] [12562/0.053013]
Epoch 18 done. Evaluation:
(49998, 50000)
(9108, 10000)
  9  19  50, 0.056020 [0.000230/6.336982] [12653/0.053013]
  9  19 100, 0.054858 [0.000263/6.336924] [12703/0.053013]
  9  19 150, 0.056565 [0.000267/6.336875] [12753/0.053013]
  9  19 200, 0.057623 [0.000429/6.336847] [12803/0.053013]
  9  19 250, 0.056495 [0.000266/6.336809] [12853/0.053013]
  9  19 300, 0.056046 [0.000244/6.336764] [12903/0.053013]
  9  19 350, 0.056866 [0.000142/6.336726] [12953/0.053013]
Epoch 19 done. Evaluation:
(49999, 50000)
(9110, 10000)
