Sequential (
  (conv1_1): Sequential (
    (0): Conv2d(3, 32, kernel_size=(3, 3), stride=(1, 1), padding=(1, 1))
    (1): BatchNorm2d(32, eps=1e-05, momentum=0.1, affine=True)
    (2): ReLU (inplace)
  )
  (conv1_2): Sequential (
    (0): Conv2d(32, 32, kernel_size=(3, 3), stride=(1, 1), padding=(1, 1))
    (1): BatchNorm2d(32, eps=1e-05, momentum=0.1, affine=True)
    (2): ReLU (inplace)
  )
  (pool1): MaxPool2d (size=(2, 2), stride=(2, 2), dilation=(1, 1))
  (conv2_1): Sequential (
    (0): Conv2d(32, 64, kernel_size=(3, 3), stride=(1, 1), padding=(1, 1))
    (1): BatchNorm2d(64, eps=1e-05, momentum=0.1, affine=True)
    (2): ReLU (inplace)
  )
  (conv2_2): Sequential (
    (0): Conv2d(64, 64, kernel_size=(3, 3), stride=(1, 1), padding=(1, 1))
    (1): BatchNorm2d(64, eps=1e-05, momentum=0.1, affine=True)
    (2): ReLU (inplace)
  )
  (pool2): MaxPool2d (size=(2, 2), stride=(2, 2), dilation=(1, 1))
  (conv3_1): Sequential (
    (0): Conv2d(64, 128, kernel_size=(3, 3), stride=(1, 1), padding=(1, 1))
    (1): BatchNorm2d(128, eps=1e-05, momentum=0.1, affine=True)
    (2): ReLU (inplace)
  )
  (conv3_2): Sequential (
    (0): Conv2d(128, 128, kernel_size=(3, 3), stride=(1, 1), padding=(1, 1))
    (1): BatchNorm2d(128, eps=1e-05, momentum=0.1, affine=True)
    (2): ReLU (inplace)
  )
  (pool3): MaxPool2d (size=(2, 2), stride=(2, 2), dilation=(1, 1))
  (conv4_1): Sequential (
    (0): Conv2d(128, 256, kernel_size=(3, 3), stride=(1, 1), padding=(1, 1))
    (1): BatchNorm2d(256, eps=1e-05, momentum=0.1, affine=True)
    (2): ReLU (inplace)
  )
  (conv4_2): Sequential (
    (0): Conv2d(256, 256, kernel_size=(3, 3), stride=(1, 1), padding=(1, 1))
    (1): BatchNorm2d(256, eps=1e-05, momentum=0.1, affine=True)
    (2): ReLU (inplace)
  )
  (pool4): MaxPool2d (size=(2, 2), stride=(2, 2), dilation=(1, 1))
  (conv5_1): Sequential (
    (0): Conv2d(256, 256, kernel_size=(3, 3), stride=(1, 1), padding=(1, 1))
    (1): BatchNorm2d(256, eps=1e-05, momentum=0.1, affine=True)
    (2): ReLU (inplace)
  )
  (conv5_2): Sequential (
    (0): Conv2d(256, 256, kernel_size=(3, 3), stride=(1, 1), padding=(1, 1))
    (1): BatchNorm2d(256, eps=1e-05, momentum=0.1, affine=True)
    (2): ReLU (inplace)
  )
  (pool5): MaxPool2d (size=(2, 2), stride=(2, 2), dilation=(1, 1))
  (fc6): Sequential (
    (0): Conv2d(256, 256, kernel_size=(1, 1), stride=(1, 1))
    (1): BatchNorm2d(256, eps=1e-05, momentum=0.1, affine=True)
    (2): ReLU (inplace)
  )
  (logit): Conv2d(256, 10, kernel_size=(1, 1), stride=(1, 1))
  (flatter): Flatten()
)
{'L1_decay': 5e-06,
 'batch_size': 128,
 'force_name': True,
 'graphfolder': 'logs/exp7_graphs/',
 'learning_rate': 0.1,
 'logfile': 'logs/exp7.log',
 'mode': '',
 'name': 'exp7',
 'num_base': 32,
 'optimizer': 'SGD',
 'weight_decay': 0.032}
Decayed training with schedule: [20, 20, 20, 20, 20, 20, 20, 20, 20, 20]
  0   0  50, 1.774976 [0.433445/61.513267] [   0/1.774976]
  0   0 100, 1.416051 [0.366170/52.473908] [   0/1.416051]
  0   0 150, 1.286192 [0.370695/44.789279] [   0/1.286192]
  0   0 200, 1.201780 [0.364400/38.271215] [   0/1.201780]
  0   0 250, 1.114166 [0.335742/32.741937] [   0/1.114166]
  0   0 300, 1.116734 [0.379333/28.064492] [  50/1.114166]
  0   0 350, 1.086484 [0.353881/24.124858] [   0/1.086484]
Epoch 0 done. Evaluation:
(27775, 50000)
(3954, 10000)
  0   1  50, 1.044439 [0.422883/18.516290] [   0/1.044439]
  0   1 100, 1.039852 [0.353167/16.145439] [   0/1.039852]
  0   1 150, 1.012651 [0.360415/14.184908] [   0/1.012651]
  0   1 200, 1.066222 [0.346307/12.585550] [  50/1.012651]
  0   1 250, 1.012459 [0.373969/11.293978] [   0/1.012459]
  0   1 300, 1.068351 [0.377107/10.250669] [  50/1.012459]
  0   1 350, 0.994795 [0.449319/9.443442] [   0/0.994795]
Epoch 1 done. Evaluation:
(33495, 50000)
(4496, 10000)
  0   2  50, 1.052976 [0.421855/8.491595] [  91/0.994795]
  0   2 100, 1.028992 [0.393598/8.111056] [ 141/0.994795]
  0   2 150, 1.058601 [0.434173/7.867211] [ 191/0.994795]
  0   2 200, 1.022273 [0.495734/7.684461] [ 241/0.994795]
  0   2 250, 1.012299 [0.372075/7.535374] [ 291/0.994795]
  0   2 300, 1.001829 [0.420355/7.428833] [ 341/0.994795]
  0   2 350, 1.008239 [0.443001/7.343161] [ 391/0.994795]
Epoch 2 done. Evaluation:
(34050, 50000)
(4557, 10000)
  0   3  50, 1.052849 [0.435389/7.333009] [ 482/0.994795]
  0   3 100, 0.984740 [0.493919/7.289544] [   0/0.984740]
  0   3 150, 0.985730 [0.493459/7.287503] [  50/0.984740]
  0   3 200, 0.963277 [0.391958/7.253803] [   0/0.963277]
  0   3 250, 1.019983 [0.382548/7.239146] [  50/0.963277]
  0   3 300, 0.989947 [0.344461/7.223581] [ 100/0.963277]
  0   3 350, 0.987251 [0.396316/7.227631] [ 150/0.963277]
Epoch 3 done. Evaluation:
(34710, 50000)
(2932, 10000)
  0   4  50, 0.965502 [0.461798/7.219844] [ 241/0.963277]
  0   4 100, 1.001600 [0.403882/7.268269] [ 291/0.963277]
  0   4 150, 0.970876 [0.488854/7.245839] [ 341/0.963277]
  0   4 200, 0.985289 [0.380952/7.260878] [ 391/0.963277]
  0   4 250, 0.984252 [0.471697/7.293658] [ 441/0.963277]
  0   4 300, 0.994565 [0.391586/7.285257] [ 491/0.963277]
  0   4 350, 0.969299 [0.427721/7.239159] [ 541/0.963277]
Epoch 4 done. Evaluation:
(34833, 50000)
(6306, 10000)
  0   5  50, 0.947699 [0.403194/7.223710] [   0/0.947699]
  0   5 100, 0.961351 [0.386403/7.263522] [  50/0.947699]
  0   5 150, 0.978483 [0.350607/7.272029] [ 100/0.947699]
  0   5 200, 0.960771 [0.554565/7.310080] [ 150/0.947699]
  0   5 250, 0.992675 [0.365169/7.293548] [ 200/0.947699]
  0   5 300, 0.970148 [0.382708/7.269787] [ 250/0.947699]
  0   5 350, 0.962966 [0.410397/7.251924] [ 300/0.947699]
Epoch 5 done. Evaluation:
(35135, 50000)
(5455, 10000)
  0   6  50, 0.972215 [0.365502/7.271137] [ 391/0.947699]
  0   6 100, 0.950596 [0.408210/7.227355] [ 441/0.947699]
  0   6 150, 0.958290 [0.519136/7.264815] [ 491/0.947699]
  0   6 200, 0.930316 [0.460424/7.260021] [   0/0.930316]
  0   6 250, 0.985083 [0.368712/7.289859] [  50/0.930316]
  0   6 300, 1.019531 [0.387035/7.332875] [ 100/0.930316]
  0   6 350, 0.964637 [0.475495/7.302720] [ 150/0.930316]
Epoch 6 done. Evaluation:
(35211, 50000)
(4481, 10000)
  0   7  50, 0.965325 [0.478815/7.320631] [ 241/0.930316]
  0   7 100, 0.940319 [0.436058/7.318086] [ 291/0.930316]
  0   7 150, 0.938350 [0.369216/7.327643] [ 341/0.930316]
  0   7 200, 0.914234 [0.392868/7.264440] [   0/0.914234]
  0   7 250, 0.995842 [0.406057/7.312045] [  50/0.914234]
  0   7 300, 0.931861 [0.408586/7.300813] [ 100/0.914234]
  0   7 350, 0.957915 [0.527970/7.274335] [ 150/0.914234]
Epoch 7 done. Evaluation:
(35522, 50000)
(4329, 10000)
  0   8  50, 0.922469 [0.315364/7.318335] [ 241/0.914234]
  0   8 100, 0.968571 [0.459040/7.364131] [ 291/0.914234]
  0   8 150, 0.932743 [0.375639/7.307811] [ 341/0.914234]
  0   8 200, 0.969501 [0.438896/7.324557] [ 391/0.914234]
  0   8 250, 0.951457 [0.516448/7.327594] [ 441/0.914234]
  0   8 300, 0.943225 [0.319434/7.304824] [ 491/0.914234]
  0   8 350, 0.969787 [0.462441/7.333087] [ 541/0.914234]
Epoch 8 done. Evaluation:
(35481, 50000)
(5843, 10000)
  0   9  50, 0.947942 [0.448286/7.340516] [ 632/0.914234]
  0   9 100, 0.947882 [0.353276/7.312233] [ 682/0.914234]
  0   9 150, 0.956428 [0.382959/7.348543] [ 732/0.914234]
  0   9 200, 0.922429 [0.481843/7.338083] [ 782/0.914234]
  0   9 250, 0.962120 [0.383090/7.291806] [ 832/0.914234]
  0   9 300, 0.951511 [0.448654/7.309989] [ 882/0.914234]
  0   9 350, 0.939810 [0.451676/7.285659] [ 932/0.914234]
Epoch 9 done. Evaluation:
(35358, 50000)
(4754, 10000)
  0  10  50, 0.910994 [0.488165/7.365803] [   0/0.910994]
  0  10 100, 0.927003 [0.378091/7.340224] [  50/0.910994]
  0  10 150, 0.945968 [0.391662/7.325812] [ 100/0.910994]
  0  10 200, 0.997106 [0.435333/7.374549] [ 150/0.910994]
  0  10 250, 0.935683 [0.504765/7.350316] [ 200/0.910994]
  0  10 300, 0.948378 [0.386389/7.324526] [ 250/0.910994]
  0  10 350, 0.942235 [0.443330/7.318870] [ 300/0.910994]
Epoch 10 done. Evaluation:
(35500, 50000)
(3262, 10000)
  0  11  50, 0.940069 [0.357409/7.358667] [ 391/0.910994]
  0  11 100, 0.960740 [0.379191/7.342610] [ 441/0.910994]
  0  11 150, 0.909333 [0.379647/7.332166] [   0/0.909333]
  0  11 200, 1.000257 [0.402799/7.381443] [  50/0.909333]
  0  11 250, 0.900058 [0.444921/7.324860] [   0/0.900058]
  0  11 300, 0.947507 [0.461845/7.340729] [  50/0.900058]
  0  11 350, 0.934967 [0.373953/7.310509] [ 100/0.900058]
Epoch 11 done. Evaluation:
(35647, 50000)
(3618, 10000)
  0  12  50, 0.938255 [0.452631/7.361991] [ 191/0.900058]
  0  12 100, 0.971223 [0.456012/7.402304] [ 241/0.900058]
  0  12 150, 0.907641 [0.379132/7.382098] [ 291/0.900058]
  0  12 200, 0.940884 [0.514720/7.354937] [ 341/0.900058]
  0  12 250, 0.946992 [0.396741/7.341231] [ 391/0.900058]
  0  12 300, 0.956468 [0.418492/7.364324] [ 441/0.900058]
  0  12 350, 0.920243 [0.567327/7.360026] [ 491/0.900058]
Epoch 12 done. Evaluation:
(35631, 50000)
(5542, 10000)
  0  13  50, 0.902092 [0.434865/7.363128] [ 582/0.900058]
  0  13 100, 0.914618 [0.410438/7.325083] [ 632/0.900058]
  0  13 150, 0.950814 [0.470176/7.374116] [ 682/0.900058]
  0  13 200, 0.963848 [0.570509/7.422247] [ 732/0.900058]
  0  13 250, 0.999585 [0.394241/7.379538] [ 782/0.900058]
  0  13 300, 0.950659 [0.449227/7.394697] [ 832/0.900058]
  0  13 350, 0.920909 [0.450458/7.337592] [ 882/0.900058]
Epoch 13 done. Evaluation:
(35679, 50000)
(2738, 10000)
  0  14  50, 0.916507 [0.460750/7.397978] [ 973/0.900058]
  0  14 100, 0.897100 [0.435681/7.374877] [   0/0.897100]
  0  14 150, 0.916030 [0.380489/7.362321] [  50/0.897100]
  0  14 200, 0.937232 [0.410152/7.345499] [ 100/0.897100]
  0  14 250, 0.982322 [0.728312/7.390204] [ 150/0.897100]
  0  14 300, 0.944509 [0.396615/7.330499] [ 200/0.897100]
  0  14 350, 0.985367 [0.453935/7.365932] [ 250/0.897100]
Epoch 14 done. Evaluation:
(35698, 50000)
(2972, 10000)
  0  15  50, 0.941782 [0.386045/7.343782] [ 341/0.897100]
  0  15 100, 0.903282 [0.444552/7.349715] [ 391/0.897100]
  0  15 150, 0.929386 [0.524978/7.347883] [ 441/0.897100]
  0  15 200, 0.956453 [0.377777/7.327578] [ 491/0.897100]
  0  15 250, 0.899862 [0.410652/7.335743] [ 541/0.897100]
  0  15 300, 0.950459 [0.440822/7.357965] [ 591/0.897100]
  0  15 350, 0.932959 [0.415561/7.345643] [ 641/0.897100]
Epoch 15 done. Evaluation:
(35868, 50000)
(2193, 10000)
  0  16  50, 0.951349 [0.373154/7.367613] [ 732/0.897100]
  0  16 100, 0.985620 [0.354404/7.422303] [ 782/0.897100]
  0  16 150, 0.915564 [0.503202/7.385720] [ 832/0.897100]
  0  16 200, 0.906832 [0.485354/7.358529] [ 882/0.897100]
  0  16 250, 0.926392 [0.396303/7.321612] [ 932/0.897100]
  0  16 300, 0.989021 [0.307236/7.357254] [ 982/0.897100]
  0  16 350, 0.962085 [0.497397/7.343346] [1032/0.897100]
Epoch 16 done. Evaluation:
(35579, 50000)
(3778, 10000)
  0  17  50, 0.973068 [0.483760/7.400436] [1123/0.897100]
  0  17 100, 0.927256 [0.491104/7.353407] [1173/0.897100]
  0  17 150, 0.934225 [0.386591/7.372154] [1223/0.897100]
  0  17 200, 0.933521 [0.429397/7.371767] [1273/0.897100]
  0  17 250, 0.932366 [0.379518/7.363284] [1323/0.897100]
  0  17 300, 0.913685 [0.405613/7.340794] [1373/0.897100]
  0  17 350, 0.951995 [0.402703/7.365667] [1423/0.897100]
Epoch 17 done. Evaluation:
(35809, 50000)
(4231, 10000)
  0  18  50, 0.917765 [0.367923/7.347312] [1514/0.897100]
  0  18 100, 0.948457 [0.627363/7.394640] [1564/0.897100]
  0  18 150, 0.918764 [0.412881/7.358756] [1614/0.897100]
  0  18 200, 1.020556 [0.422510/7.473577] [1664/0.897100]
  0  18 250, 0.928040 [0.358213/7.429096] [1714/0.897100]
  0  18 300, 0.968693 [0.412112/7.381519] [1764/0.897100]
  0  18 350, 0.947231 [0.601059/7.402117] [1814/0.897100]
Epoch 18 done. Evaluation:
(35570, 50000)
(5958, 10000)
  0  19  50, 0.941558 [0.476709/7.425308] [1905/0.897100]
  0  19 100, 0.914431 [0.357137/7.376356] [1955/0.897100]
  0  19 150, 0.911089 [0.521762/7.380145] [2005/0.897100]
  0  19 200, 0.933455 [0.427691/7.340164] [2055/0.897100]
  0  19 250, 0.951096 [0.340007/7.365913] [2105/0.897100]
  0  19 300, 0.928780 [0.431996/7.354217] [2155/0.897100]
  0  19 350, 0.946299 [0.396838/7.311063] [2205/0.897100]
Epoch 19 done. Evaluation:
(35945, 50000)
(2576, 10000)
  1   0  50, 0.736036 [0.204623/7.201770] [   0/0.736036]
  1   0 100, 0.723144 [0.232515/7.108100] [   0/0.723144]
  1   0 150, 0.736095 [0.246797/7.038076] [  50/0.723144]
  1   0 200, 0.744008 [0.251281/6.984174] [ 100/0.723144]
  1   0 250, 0.751561 [0.276612/6.961214] [ 150/0.723144]
  1   0 300, 0.772793 [0.339660/6.951980] [ 200/0.723144]
  1   0 350, 0.764306 [0.288755/6.925415] [ 250/0.723144]
Epoch 0 done. Evaluation:
(39112, 50000)
(3508, 10000)
  1   1  50, 0.726131 [0.315910/6.925921] [ 341/0.723144]
  1   1 100, 0.752237 [0.284401/6.948066] [ 391/0.723144]
  1   1 150, 0.745840 [0.271923/6.968180] [ 441/0.723144]
  1   1 200, 0.766842 [0.233957/6.947917] [ 491/0.723144]
  1   1 250, 0.750865 [0.320177/6.966585] [ 541/0.723144]
  1   1 300, 0.743418 [0.230776/6.953112] [ 591/0.723144]
  1   1 350, 0.776738 [0.301390/6.968758] [ 641/0.723144]
Epoch 1 done. Evaluation:
(39082, 50000)
(4703, 10000)
  1   2  50, 0.741770 [0.280889/6.981676] [ 732/0.723144]
  1   2 100, 0.730916 [0.265532/6.994447] [ 782/0.723144]
  1   2 150, 0.749894 [0.257128/7.009455] [ 832/0.723144]
  1   2 200, 0.769864 [0.334555/7.019895] [ 882/0.723144]
  1   2 250, 0.745549 [0.344075/7.015361] [ 932/0.723144]
  1   2 300, 0.741852 [0.287979/7.021193] [ 982/0.723144]
  1   2 350, 0.756933 [0.291201/7.038706] [1032/0.723144]
Epoch 2 done. Evaluation:
(39077, 50000)
(6352, 10000)
  1   3  50, 0.706825 [0.271987/7.040387] [   0/0.706825]
  1   3 100, 0.725107 [0.284500/7.048910] [  50/0.706825]
  1   3 150, 0.723193 [0.277133/7.040359] [ 100/0.706825]
  1   3 200, 0.746347 [0.291288/7.032938] [ 150/0.706825]
  1   3 250, 0.753314 [0.312383/7.045977] [ 200/0.706825]
  1   3 300, 0.768922 [0.579120/7.080163] [ 250/0.706825]
  1   3 350, 0.872033 [0.254754/7.113414] [ 300/0.706825]
Epoch 3 done. Evaluation:
(38930, 50000)
(6229, 10000)
  1   4  50, 0.724981 [0.284666/7.092933] [ 391/0.706825]
  1   4 100, 0.734589 [0.329444/7.095588] [ 441/0.706825]
  1   4 150, 0.726230 [0.284760/7.100009] [ 491/0.706825]
  1   4 200, 0.728259 [0.214035/7.107247] [ 541/0.706825]
  1   4 250, 0.753132 [0.251345/7.105820] [ 591/0.706825]
  1   4 300, 0.729496 [0.235802/7.098199] [ 641/0.706825]
  1   4 350, 0.755866 [0.260408/7.083134] [ 691/0.706825]
Epoch 4 done. Evaluation:
(39285, 50000)
(5479, 10000)
  1   5  50, 0.719816 [0.256847/7.077700] [ 782/0.706825]
  1   5 100, 0.720326 [0.279004/7.082647] [ 832/0.706825]
  1   5 150, 0.736045 [0.201608/7.086265] [ 882/0.706825]
  1   5 200, 0.711343 [0.315073/7.082732] [ 932/0.706825]
  1   5 250, 0.735689 [0.338047/7.080196] [ 982/0.706825]
  1   5 300, 0.743448 [0.286952/7.086443] [1032/0.706825]
  1   5 350, 0.739939 [0.235391/7.085793] [1082/0.706825]
Epoch 5 done. Evaluation:
(39328, 50000)
(5183, 10000)
  1   6  50, 0.701266 [0.255756/7.091850] [   0/0.701266]
  1   6 100, 0.736102 [0.334484/7.100378] [  50/0.701266]
  1   6 150, 0.726100 [0.263632/7.112256] [ 100/0.701266]
  1   6 200, 0.721981 [0.272341/7.103400] [ 150/0.701266]
  1   6 250, 0.742350 [0.258996/7.113307] [ 200/0.701266]
  1   6 300, 0.731710 [0.247969/7.116758] [ 250/0.701266]
  1   6 350, 0.742174 [0.267030/7.117498] [ 300/0.701266]
Epoch 6 done. Evaluation:
(39313, 50000)
(6940, 10000)
  1   7  50, 0.685920 [0.243283/7.129316] [   0/0.685920]
  1   7 100, 0.703832 [0.303435/7.122826] [  50/0.685920]
  1   7 150, 0.744636 [0.283957/7.137871] [ 100/0.685920]
  1   7 200, 0.730102 [0.222051/7.118589] [ 150/0.685920]
  1   7 250, 0.763745 [0.242436/7.116425] [ 200/0.685920]
  1   7 300, 0.738574 [0.260007/7.124001] [ 250/0.685920]
  1   7 350, 0.723442 [0.247811/7.123184] [ 300/0.685920]
Epoch 7 done. Evaluation:
(39485, 50000)
(2250, 10000)
  1   8  50, 0.698628 [0.273303/7.141035] [ 391/0.685920]
  1   8 100, 0.731170 [0.289291/7.131714] [ 441/0.685920]
  1   8 150, 0.736558 [0.282973/7.132479] [ 491/0.685920]
  1   8 200, 0.740286 [0.217279/7.158912] [ 541/0.685920]
  1   8 250, 0.725076 [0.224306/7.139258] [ 591/0.685920]
  1   8 300, 0.715735 [0.305695/7.126614] [ 641/0.685920]
  1   8 350, 0.701665 [0.251988/7.132504] [ 691/0.685920]
Epoch 8 done. Evaluation:
(39429, 50000)
(5943, 10000)
  1   9  50, 0.723461 [0.256354/7.150435] [ 782/0.685920]
  1   9 100, 0.695006 [0.299412/7.153061] [ 832/0.685920]
  1   9 150, 0.729649 [0.307078/7.155558] [ 882/0.685920]
  1   9 200, 0.734299 [0.322242/7.139742] [ 932/0.685920]
  1   9 250, 0.717785 [0.264295/7.152636] [ 982/0.685920]
  1   9 300, 0.708739 [0.277840/7.141729] [1032/0.685920]
  1   9 350, 0.734413 [0.282772/7.139987] [1082/0.685920]
Epoch 9 done. Evaluation:
(39504, 50000)
(4552, 10000)
  1  10  50, 0.734778 [0.257716/7.172320] [1173/0.685920]
  1  10 100, 0.708985 [0.237086/7.161922] [1223/0.685920]
  1  10 150, 0.707825 [0.269881/7.176497] [1273/0.685920]
  1  10 200, 0.734333 [0.298875/7.182825] [1323/0.685920]
  1  10 250, 0.739500 [0.310160/7.177261] [1373/0.685920]
  1  10 300, 0.713962 [0.316585/7.167817] [1423/0.685920]
  1  10 350, 0.746163 [0.268284/7.154501] [1473/0.685920]
Epoch 10 done. Evaluation:
(39308, 50000)
(6219, 10000)
  1  11  50, 0.695296 [0.328341/7.166448] [1564/0.685920]
  1  11 100, 0.704921 [0.298015/7.174933] [1614/0.685920]
  1  11 150, 0.694003 [0.306188/7.174437] [1664/0.685920]
  1  11 200, 0.719456 [0.279807/7.181360] [1714/0.685920]
  1  11 250, 0.725721 [0.247846/7.177987] [1764/0.685920]
  1  11 300, 0.713997 [0.277468/7.171798] [1814/0.685920]
  1  11 350, 0.732603 [0.300817/7.173348] [1864/0.685920]
Epoch 11 done. Evaluation:
(39655, 50000)
(5794, 10000)
  1  12  50, 0.692647 [0.294653/7.180404] [1955/0.685920]
  1  12 100, 0.698963 [0.276726/7.191956] [2005/0.685920]
  1  12 150, 0.734182 [0.285059/7.204265] [2055/0.685920]
  1  12 200, 0.717122 [0.349673/7.179325] [2105/0.685920]
  1  12 250, 0.725789 [0.281767/7.170824] [2155/0.685920]
  1  12 300, 0.717129 [0.277342/7.167329] [2205/0.685920]
  1  12 350, 0.713754 [0.338111/7.166089] [2255/0.685920]
Epoch 12 done. Evaluation:
(39552, 50000)
(4615, 10000)
  1  13  50, 0.697345 [0.285172/7.166958] [2346/0.685920]
  1  13 100, 0.713780 [0.283573/7.185586] [2396/0.685920]
  1  13 150, 0.732610 [0.283850/7.181546] [2446/0.685920]
  1  13 200, 0.720428 [0.270093/7.176946] [2496/0.685920]
  1  13 250, 0.713634 [0.246088/7.161720] [2546/0.685920]
  1  13 300, 0.734222 [0.288694/7.165383] [2596/0.685920]
  1  13 350, 0.719079 [0.386793/7.174261] [2646/0.685920]
Epoch 13 done. Evaluation:
(39620, 50000)
(6510, 10000)
  1  14  50, 0.689958 [0.292400/7.173158] [2737/0.685920]
  1  14 100, 0.705013 [0.288534/7.174225] [2787/0.685920]
  1  14 150, 0.723364 [0.277820/7.180208] [2837/0.685920]
  1  14 200, 0.713720 [0.277887/7.176364] [2887/0.685920]
  1  14 250, 0.740833 [0.307057/7.186668] [2937/0.685920]
  1  14 300, 0.719471 [0.280773/7.195979] [2987/0.685920]
  1  14 350, 0.704492 [0.289983/7.181466] [3037/0.685920]
Epoch 14 done. Evaluation:
(39620, 50000)
(5784, 10000)
  1  15  50, 0.713220 [0.300354/7.182469] [3128/0.685920]
  1  15 100, 0.688292 [0.267663/7.173514] [3178/0.685920]
  1  15 150, 0.743470 [0.251432/7.195157] [3228/0.685920]
  1  15 200, 0.743886 [0.262268/7.214194] [3278/0.685920]
  1  15 250, 0.701346 [0.244108/7.205382] [3328/0.685920]
  1  15 300, 0.690001 [0.324569/7.183318] [3378/0.685920]
  1  15 350, 0.737028 [0.307408/7.178465] [3428/0.685920]
Epoch 15 done. Evaluation:
(39502, 50000)
(5249, 10000)
  1  16  50, 0.706819 [0.280431/7.183700] [3519/0.685920]
  1  16 100, 0.689265 [0.281252/7.200592] [3569/0.685920]
  1  16 150, 0.708877 [0.259118/7.210386] [3619/0.685920]
  1  16 200, 0.701445 [0.332282/7.213232] [3669/0.685920]
  1  16 250, 0.723993 [0.333702/7.221166] [3719/0.685920]
  1  16 300, 0.698849 [0.304049/7.213501] [3769/0.685920]
  1  16 350, 0.731190 [0.258812/7.190925] [3819/0.685920]
Epoch 16 done. Evaluation:
(39594, 50000)
(6921, 10000)
  1  17  50, 0.691758 [0.270404/7.201955] [3910/0.685920]
  1  17 100, 0.722054 [0.251175/7.207102] [3960/0.685920]
  1  17 150, 0.715043 [0.292575/7.209461] [4010/0.685920]
  1  17 200, 0.753556 [0.255757/7.222486] [4060/0.685920]
  1  17 250, 0.686761 [0.280458/7.211841] [4110/0.685920]
  1  17 300, 0.719903 [0.256184/7.210856] [4160/0.685920]
  1  17 350, 0.701517 [0.326989/7.205972] [4210/0.685920]
Epoch 17 done. Evaluation:
(39715, 50000)
(7058, 10000)
  1  18  50, 0.701154 [0.343681/7.198007] [4301/0.685920]
  1  18 100, 0.704303 [0.264768/7.203213] [4351/0.685920]
  1  18 150, 0.698565 [0.275840/7.206408] [4401/0.685920]
  1  18 200, 0.710274 [0.315335/7.203542] [4451/0.685920]
  1  18 250, 0.726170 [0.303104/7.208777] [4501/0.685920]
  1  18 300, 0.730126 [0.343059/7.197579] [4551/0.685920]
  1  18 350, 0.713249 [0.304944/7.207576] [4601/0.685920]
Epoch 18 done. Evaluation:
(39612, 50000)
(5892, 10000)
  1  19  50, 0.705735 [0.271286/7.201247] [4692/0.685920]
  1  19 100, 0.723599 [0.307129/7.218738] [4742/0.685920]
  1  19 150, 0.695356 [0.250219/7.224348] [4792/0.685920]
  1  19 200, 0.693989 [0.259599/7.208153] [4842/0.685920]
  1  19 250, 0.711442 [0.292109/7.218153] [4892/0.685920]
  1  19 300, 0.724903 [0.328222/7.209245] [4942/0.685920]
  1  19 350, 0.731965 [0.311550/7.200511] [4992/0.685920]
Epoch 19 done. Evaluation:
(39705, 50000)
(2997, 10000)
  2   0  50, 0.590336 [0.126185/7.133061] [   0/0.590336]
  2   0 100, 0.560629 [0.131119/7.081968] [   0/0.560629]
  2   0 150, 0.547812 [0.136988/7.037045] [   0/0.547812]
  2   0 200, 0.560479 [0.151093/7.002063] [  50/0.547812]
  2   0 250, 0.571468 [0.142805/6.975325] [ 100/0.547812]
  2   0 300, 0.573390 [0.169901/6.946604] [ 150/0.547812]
  2   0 350, 0.540074 [0.147100/6.925935] [   0/0.540074]
Epoch 0 done. Evaluation:
(42346, 50000)
(7883, 10000)
  2   1  50, 0.533480 [0.147886/6.902995] [   0/0.533480]
  2   1 100, 0.541196 [0.201070/6.897971] [  50/0.533480]
  2   1 150, 0.550394 [0.187723/6.891549] [ 100/0.533480]
  2   1 200, 0.547454 [0.194349/6.885292] [ 150/0.533480]
  2   1 250, 0.580911 [0.190593/6.886896] [ 200/0.533480]
  2   1 300, 0.572147 [0.180748/6.883196] [ 250/0.533480]
  2   1 350, 0.568686 [0.140240/6.881807] [ 300/0.533480]
Epoch 1 done. Evaluation:
(42359, 50000)
(7080, 10000)
  2   2  50, 0.552509 [0.194539/6.886185] [ 391/0.533480]
  2   2 100, 0.554248 [0.183940/6.888182] [ 441/0.533480]
  2   2 150, 0.569528 [0.197601/6.901166] [ 491/0.533480]
  2   2 200, 0.549894 [0.175342/6.896344] [ 541/0.533480]
  2   2 250, 0.568497 [0.196240/6.905773] [ 591/0.533480]
  2   2 300, 0.598532 [0.210518/6.903651] [ 641/0.533480]
  2   2 350, 0.592693 [0.171361/6.912253] [ 691/0.533480]
Epoch 2 done. Evaluation:
(42153, 50000)
(6543, 10000)
  2   3  50, 0.514028 [0.212439/6.915567] [   0/0.514028]
  2   3 100, 0.544703 [0.212220/6.922835] [  50/0.514028]
  2   3 150, 0.554436 [0.182954/6.922873] [ 100/0.514028]
  2   3 200, 0.561345 [0.199146/6.924693] [ 150/0.514028]
  2   3 250, 0.568746 [0.171759/6.924798] [ 200/0.514028]
  2   3 300, 0.569991 [0.164321/6.926271] [ 250/0.514028]
  2   3 350, 0.561116 [0.163017/6.925633] [ 300/0.514028]
Epoch 3 done. Evaluation:
(42408, 50000)
(5773, 10000)
  2   4  50, 0.532745 [0.178981/6.934554] [ 391/0.514028]
  2   4 100, 0.562331 [0.221054/6.946069] [ 441/0.514028]
  2   4 150, 0.536391 [0.194577/6.951721] [ 491/0.514028]
  2   4 200, 0.572739 [0.173394/6.958350] [ 541/0.514028]
  2   4 250, 0.558618 [0.196523/6.953367] [ 591/0.514028]
  2   4 300, 0.563101 [0.138908/6.955755] [ 641/0.514028]
  2   4 350, 0.579497 [0.170459/6.953549] [ 691/0.514028]
Epoch 4 done. Evaluation:
(42412, 50000)
(5919, 10000)
  2   5  50, 0.535823 [0.172700/6.959373] [ 782/0.514028]
  2   5 100, 0.525975 [0.188451/6.964714] [ 832/0.514028]
  2   5 150, 0.542385 [0.201178/6.964563] [ 882/0.514028]
  2   5 200, 0.536821 [0.185688/6.960788] [ 932/0.514028]
  2   5 250, 0.576790 [0.187346/6.969085] [ 982/0.514028]
  2   5 300, 0.567138 [0.150378/6.971790] [1032/0.514028]
  2   5 350, 0.576474 [0.201430/6.969085] [1082/0.514028]
Epoch 5 done. Evaluation:
(42442, 50000)
(6984, 10000)
  2   6  50, 0.555348 [0.190229/6.976704] [1173/0.514028]
  2   6 100, 0.539547 [0.197457/6.981256] [1223/0.514028]
  2   6 150, 0.514267 [0.188218/6.982777] [1273/0.514028]
  2   6 200, 0.541498 [0.194699/6.987729] [1323/0.514028]
  2   6 250, 0.541103 [0.194877/6.990351] [1373/0.514028]
  2   6 300, 0.556416 [0.186236/6.991080] [1423/0.514028]
  2   6 350, 0.575077 [0.179241/6.994421] [1473/0.514028]
Epoch 6 done. Evaluation:
(42589, 50000)
(6580, 10000)
  2   7  50, 0.513662 [0.170565/7.003126] [   0/0.513662]
  2   7 100, 0.532374 [0.187803/7.003786] [  50/0.513662]
  2   7 150, 0.557416 [0.157949/7.009265] [ 100/0.513662]
  2   7 200, 0.554203 [0.194491/7.021464] [ 150/0.513662]
  2   7 250, 0.561933 [0.210300/7.021493] [ 200/0.513662]
  2   7 300, 0.548108 [0.199978/7.014697] [ 250/0.513662]
  2   7 350, 0.575521 [0.198140/7.011439] [ 300/0.513662]
Epoch 7 done. Evaluation:
(42415, 50000)
(6556, 10000)
  2   8  50, 0.516831 [0.213959/7.019088] [ 391/0.513662]
  2   8 100, 0.532896 [0.160346/7.026852] [ 441/0.513662]
  2   8 150, 0.571714 [0.187972/7.035656] [ 491/0.513662]
  2   8 200, 0.540990 [0.201147/7.036217] [ 541/0.513662]
  2   8 250, 0.558518 [0.189208/7.032687] [ 591/0.513662]
  2   8 300, 0.544374 [0.177053/7.028375] [ 641/0.513662]
  2   8 350, 0.569187 [0.183652/7.025990] [ 691/0.513662]
Epoch 8 done. Evaluation:
(42480, 50000)
(6975, 10000)
  2   9  50, 0.531069 [0.187361/7.014865] [ 782/0.513662]
  2   9 100, 0.522748 [0.202455/7.024375] [ 832/0.513662]
  2   9 150, 0.548928 [0.123350/7.036354] [ 882/0.513662]
  2   9 200, 0.554723 [0.200096/7.045499] [ 932/0.513662]
  2   9 250, 0.564392 [0.158419/7.044220] [ 982/0.513662]
  2   9 300, 0.546712 [0.189329/7.043399] [1032/0.513662]
  2   9 350, 0.562795 [0.202302/7.044985] [1082/0.513662]
Epoch 9 done. Evaluation:
(42616, 50000)
(7459, 10000)
  2  10  50, 0.537524 [0.183639/7.048564] [1173/0.513662]
  2  10 100, 0.521159 [0.182874/7.052363] [1223/0.513662]
  2  10 150, 0.522264 [0.182307/7.051430] [1273/0.513662]
  2  10 200, 0.560471 [0.180841/7.046843] [1323/0.513662]
  2  10 250, 0.552307 [0.148134/7.048252] [1373/0.513662]
  2  10 300, 0.553526 [0.167801/7.048896] [1423/0.513662]
  2  10 350, 0.539083 [0.235646/7.049295] [1473/0.513662]
Epoch 10 done. Evaluation:
(42610, 50000)
(7680, 10000)
  2  11  50, 0.483713 [0.150399/7.053491] [   0/0.483713]
  2  11 100, 0.535251 [0.211542/7.059591] [  50/0.483713]
  2  11 150, 0.520331 [0.153231/7.060926] [ 100/0.483713]
  2  11 200, 0.560635 [0.157100/7.061883] [ 150/0.483713]
  2  11 250, 0.553913 [0.172359/7.052946] [ 200/0.483713]
  2  11 300, 0.550338 [0.242367/7.054962] [ 250/0.483713]
  2  11 350, 0.567868 [0.176383/7.061511] [ 300/0.483713]
Epoch 11 done. Evaluation:
(42686, 50000)
(6923, 10000)
  2  12  50, 0.502925 [0.190087/7.061651] [ 391/0.483713]
  2  12 100, 0.517950 [0.187284/7.055199] [ 441/0.483713]
  2  12 150, 0.534572 [0.189259/7.064251] [ 491/0.483713]
  2  12 200, 0.560052 [0.196128/7.074366] [ 541/0.483713]
  2  12 250, 0.537755 [0.170612/7.074910] [ 591/0.483713]
  2  12 300, 0.563109 [0.200088/7.084837] [ 641/0.483713]
  2  12 350, 0.552611 [0.190088/7.075870] [ 691/0.483713]
Epoch 12 done. Evaluation:
(42773, 50000)
(7052, 10000)
  2  13  50, 0.528831 [0.215485/7.083956] [ 782/0.483713]
  2  13 100, 0.539312 [0.213966/7.089127] [ 832/0.483713]
  2  13 150, 0.534773 [0.205261/7.082470] [ 882/0.483713]
  2  13 200, 0.554795 [0.204591/7.086775] [ 932/0.483713]
  2  13 250, 0.531124 [0.163850/7.087041] [ 982/0.483713]
  2  13 300, 0.552686 [0.190148/7.086982] [1032/0.483713]
  2  13 350, 0.571820 [0.200093/7.080007] [1082/0.483713]
Epoch 13 done. Evaluation:
(42604, 50000)
(6494, 10000)
  2  14  50, 0.516314 [0.185953/7.071889] [1173/0.483713]
  2  14 100, 0.538182 [0.155939/7.076075] [1223/0.483713]
  2  14 150, 0.513279 [0.185508/7.087812] [1273/0.483713]
  2  14 200, 0.531767 [0.199299/7.090148] [1323/0.483713]
  2  14 250, 0.562267 [0.199498/7.089458] [1373/0.483713]
  2  14 300, 0.540012 [0.123864/7.087104] [1423/0.483713]
  2  14 350, 0.562226 [0.188520/7.078044] [1473/0.483713]
Epoch 14 done. Evaluation:
(42777, 50000)
(6234, 10000)
  2  15  50, 0.509818 [0.188896/7.086906] [1564/0.483713]
  2  15 100, 0.510741 [0.228663/7.091221] [1614/0.483713]
  2  15 150, 0.555237 [0.174921/7.087301] [1664/0.483713]
  2  15 200, 0.533266 [0.150099/7.085888] [1714/0.483713]
  2  15 250, 0.536340 [0.267980/7.083820] [1764/0.483713]
  2  15 300, 0.575822 [0.193351/7.090113] [1814/0.483713]
  2  15 350, 0.552066 [0.175536/7.094447] [1864/0.483713]
Epoch 15 done. Evaluation:
(42694, 50000)
(5921, 10000)
  2  16  50, 0.516305 [0.228560/7.083832] [1955/0.483713]
  2  16 100, 0.525287 [0.189958/7.085051] [2005/0.483713]
  2  16 150, 0.534954 [0.219241/7.094319] [2055/0.483713]
  2  16 200, 0.530808 [0.219022/7.099302] [2105/0.483713]
  2  16 250, 0.527202 [0.191907/7.096243] [2155/0.483713]
  2  16 300, 0.542607 [0.218955/7.097426] [2205/0.483713]
  2  16 350, 0.557026 [0.197565/7.087336] [2255/0.483713]
Epoch 16 done. Evaluation:
(42737, 50000)
(6721, 10000)
  2  17  50, 0.524049 [0.200093/7.098157] [2346/0.483713]
  2  17 100, 0.549636 [0.208963/7.111938] [2396/0.483713]
  2  17 150, 0.516542 [0.184334/7.109731] [2446/0.483713]
  2  17 200, 0.525186 [0.195154/7.107158] [2496/0.483713]
  2  17 250, 0.547556 [0.173454/7.109524] [2546/0.483713]
  2  17 300, 0.549095 [0.175698/7.104528] [2596/0.483713]
  2  17 350, 0.532520 [0.154202/7.098479] [2646/0.483713]
Epoch 17 done. Evaluation:
(42806, 50000)
(6114, 10000)
  2  18  50, 0.506295 [0.143017/7.104956] [2737/0.483713]
  2  18 100, 0.515718 [0.166085/7.114501] [2787/0.483713]
  2  18 150, 0.540537 [0.230616/7.116294] [2837/0.483713]
  2  18 200, 0.547484 [0.166800/7.119519] [2887/0.483713]
  2  18 250, 0.527990 [0.149180/7.113347] [2937/0.483713]
  2  18 300, 0.556993 [0.236284/7.117459] [2987/0.483713]
  2  18 350, 0.543527 [0.159150/7.115729] [3037/0.483713]
Epoch 18 done. Evaluation:
(42747, 50000)
(7203, 10000)
  2  19  50, 0.502914 [0.153945/7.117552] [3128/0.483713]
  2  19 100, 0.502888 [0.192243/7.111391] [3178/0.483713]
  2  19 150, 0.526639 [0.210332/7.117501] [3228/0.483713]
  2  19 200, 0.532275 [0.184947/7.116375] [3278/0.483713]
  2  19 250, 0.545317 [0.159026/7.124087] [3328/0.483713]
  2  19 300, 0.552048 [0.250873/7.118261] [3378/0.483713]
  2  19 350, 0.553785 [0.200850/7.124569] [3428/0.483713]
Epoch 19 done. Evaluation:
(42854, 50000)
(6918, 10000)
  3   0  50, 0.422500 [0.088522/7.079629] [   0/0.422500]
  3   0 100, 0.403939 [0.086380/7.054968] [   0/0.403939]
  3   0 150, 0.389226 [0.084855/7.029897] [   0/0.389226]
  3   0 200, 0.405631 [0.115505/7.006828] [  50/0.389226]
  3   0 250, 0.409894 [0.104166/6.986683] [ 100/0.389226]
  3   0 300, 0.414473 [0.142068/6.967323] [ 150/0.389226]
  3   0 350, 0.407245 [0.086514/6.951436] [ 200/0.389226]
Epoch 0 done. Evaluation:
(45222, 50000)
(7381, 10000)
  3   1  50, 0.368679 [0.133594/6.927894] [   0/0.368679]
  3   1 100, 0.384497 [0.089330/6.918410] [  50/0.368679]
  3   1 150, 0.383194 [0.090858/6.908726] [ 100/0.368679]
  3   1 200, 0.396452 [0.116126/6.900160] [ 150/0.368679]
  3   1 250, 0.408339 [0.097998/6.890933] [ 200/0.368679]
  3   1 300, 0.402184 [0.128353/6.882670] [ 250/0.368679]
  3   1 350, 0.405399 [0.129940/6.874509] [ 300/0.368679]
Epoch 1 done. Evaluation:
(45309, 50000)
(7366, 10000)
  3   2  50, 0.363572 [0.102000/6.867413] [   0/0.363572]
  3   2 100, 0.388216 [0.124834/6.864956] [  50/0.363572]
  3   2 150, 0.382589 [0.089638/6.862206] [ 100/0.363572]
  3   2 200, 0.397222 [0.085754/6.859344] [ 150/0.363572]
  3   2 250, 0.399832 [0.148748/6.858011] [ 200/0.363572]
  3   2 300, 0.427330 [0.100841/6.858091] [ 250/0.363572]
  3   2 350, 0.413302 [0.128946/6.857144] [ 300/0.363572]
Epoch 2 done. Evaluation:
(45189, 50000)
(6891, 10000)
  3   3  50, 0.363668 [0.103880/6.854753] [ 391/0.363572]
  3   3 100, 0.361611 [0.083076/6.858670] [   0/0.361611]
  3   3 150, 0.396123 [0.122682/6.861619] [  50/0.361611]
  3   3 200, 0.404808 [0.139730/6.863985] [ 100/0.361611]
  3   3 250, 0.408639 [0.126989/6.864993] [ 150/0.361611]
  3   3 300, 0.408488 [0.144807/6.862194] [ 200/0.361611]
  3   3 350, 0.411627 [0.124666/6.861660] [ 250/0.361611]
Epoch 3 done. Evaluation:
(45227, 50000)
(6991, 10000)
  3   4  50, 0.374541 [0.094180/6.865734] [ 341/0.361611]
  3   4 100, 0.390560 [0.098071/6.868133] [ 391/0.361611]
  3   4 150, 0.396554 [0.156683/6.871427] [ 441/0.361611]
  3   4 200, 0.395152 [0.130655/6.868168] [ 491/0.361611]
  3   4 250, 0.391099 [0.127910/6.867241] [ 541/0.361611]
  3   4 300, 0.413218 [0.115465/6.868221] [ 591/0.361611]
  3   4 350, 0.400510 [0.091570/6.868795] [ 641/0.361611]
Epoch 4 done. Evaluation:
(45256, 50000)
(7541, 10000)
  3   5  50, 0.368179 [0.132311/6.871514] [ 732/0.361611]
  3   5 100, 0.390844 [0.113290/6.874354] [ 782/0.361611]
  3   5 150, 0.382256 [0.141055/6.876956] [ 832/0.361611]
  3   5 200, 0.391429 [0.084359/6.877584] [ 882/0.361611]
  3   5 250, 0.400622 [0.116499/6.879448] [ 932/0.361611]
  3   5 300, 0.398357 [0.096493/6.881310] [ 982/0.361611]
  3   5 350, 0.414240 [0.095492/6.888080] [1032/0.361611]
Epoch 5 done. Evaluation:
(45189, 50000)
(7733, 10000)
  3   6  50, 0.354728 [0.106802/6.889872] [   0/0.354728]
  3   6 100, 0.366708 [0.112784/6.895723] [  50/0.354728]
  3   6 150, 0.391005 [0.158670/6.897584] [ 100/0.354728]
  3   6 200, 0.398000 [0.139480/6.903114] [ 150/0.354728]
  3   6 250, 0.395485 [0.125767/6.906913] [ 200/0.354728]
  3   6 300, 0.412115 [0.123583/6.908895] [ 250/0.354728]
  3   6 350, 0.420375 [0.129207/6.907272] [ 300/0.354728]
Epoch 6 done. Evaluation:
(45274, 50000)
(7407, 10000)
  3   7  50, 0.364748 [0.138553/6.911374] [ 391/0.354728]
  3   7 100, 0.377094 [0.120727/6.916761] [ 441/0.354728]
  3   7 150, 0.385450 [0.111205/6.922675] [ 491/0.354728]
  3   7 200, 0.382457 [0.110485/6.925496] [ 541/0.354728]
  3   7 250, 0.408401 [0.118034/6.925586] [ 591/0.354728]
  3   7 300, 0.395860 [0.125884/6.925475] [ 641/0.354728]
  3   7 350, 0.411809 [0.129959/6.931508] [ 691/0.354728]
Epoch 7 done. Evaluation:
(45227, 50000)
(8263, 10000)
  3   8  50, 0.363951 [0.095844/6.928446] [ 782/0.354728]
  3   8 100, 0.350410 [0.112376/6.926993] [   0/0.350410]
  3   8 150, 0.401375 [0.124472/6.934708] [  50/0.350410]
  3   8 200, 0.365228 [0.129343/6.935216] [ 100/0.350410]
  3   8 250, 0.403422 [0.160189/6.939599] [ 150/0.350410]
  3   8 300, 0.396493 [0.115149/6.939336] [ 200/0.350410]
  3   8 350, 0.398074 [0.150488/6.944941] [ 250/0.350410]
Epoch 8 done. Evaluation:
(45369, 50000)
(7756, 10000)
  3   9  50, 0.364017 [0.108585/6.944936] [ 341/0.350410]
  3   9 100, 0.391053 [0.148742/6.948736] [ 391/0.350410]
  3   9 150, 0.380682 [0.108232/6.951147] [ 441/0.350410]
  3   9 200, 0.366180 [0.119196/6.953634] [ 491/0.350410]
  3   9 250, 0.377984 [0.153755/6.953329] [ 541/0.350410]
  3   9 300, 0.393826 [0.127802/6.957022] [ 591/0.350410]
  3   9 350, 0.393241 [0.119227/6.957836] [ 641/0.350410]
Epoch 9 done. Evaluation:
(45477, 50000)
(6729, 10000)
  3  10  50, 0.358026 [0.168660/6.959649] [ 732/0.350410]
  3  10 100, 0.379594 [0.098928/6.962080] [ 782/0.350410]
  3  10 150, 0.391678 [0.133131/6.964520] [ 832/0.350410]
  3  10 200, 0.371905 [0.158912/6.962947] [ 882/0.350410]
  3  10 250, 0.377092 [0.126598/6.962703] [ 932/0.350410]
  3  10 300, 0.392320 [0.122248/6.963126] [ 982/0.350410]
  3  10 350, 0.411766 [0.121620/6.959106] [1032/0.350410]
Epoch 10 done. Evaluation:
(45459, 50000)
(6955, 10000)
  3  11  50, 0.350057 [0.120938/6.958131] [   0/0.350057]
  3  11 100, 0.395165 [0.130193/6.966953] [  50/0.350057]
  3  11 150, 0.381402 [0.100881/6.971984] [ 100/0.350057]
  3  11 200, 0.374251 [0.160482/6.972402] [ 150/0.350057]
  3  11 250, 0.395356 [0.144910/6.975614] [ 200/0.350057]
  3  11 300, 0.383014 [0.108195/6.973214] [ 250/0.350057]
  3  11 350, 0.395089 [0.132637/6.972082] [ 300/0.350057]
Epoch 11 done. Evaluation:
(45426, 50000)
(7961, 10000)
  3  12  50, 0.347103 [0.136689/6.972825] [   0/0.347103]
  3  12 100, 0.366890 [0.135113/6.976518] [  50/0.347103]
  3  12 150, 0.360046 [0.132834/6.977751] [ 100/0.347103]
  3  12 200, 0.380531 [0.131510/6.980569] [ 150/0.347103]
  3  12 250, 0.402547 [0.150638/6.984218] [ 200/0.347103]
  3  12 300, 0.386153 [0.125668/6.984354] [ 250/0.347103]
  3  12 350, 0.392897 [0.160828/6.982797] [ 300/0.347103]
Epoch 12 done. Evaluation:
(45440, 50000)
(7718, 10000)
  3  13  50, 0.368383 [0.105487/6.984957] [ 391/0.347103]
  3  13 100, 0.375662 [0.093782/6.986575] [ 441/0.347103]
  3  13 150, 0.360386 [0.147673/6.986570] [ 491/0.347103]
  3  13 200, 0.383282 [0.133060/6.988140] [ 541/0.347103]
  3  13 250, 0.370759 [0.134574/6.990221] [ 591/0.347103]
  3  13 300, 0.400013 [0.131576/6.993924] [ 641/0.347103]
  3  13 350, 0.384299 [0.131002/6.994874] [ 691/0.347103]
Epoch 13 done. Evaluation:
(45441, 50000)
(8119, 10000)
  3  14  50, 0.360536 [0.128965/6.992018] [ 782/0.347103]
  3  14 100, 0.350963 [0.116398/6.993543] [ 832/0.347103]
  3  14 150, 0.396440 [0.120691/6.997245] [ 882/0.347103]
  3  14 200, 0.359593 [0.127265/6.995035] [ 932/0.347103]
  3  14 250, 0.405068 [0.132344/6.999433] [ 982/0.347103]
  3  14 300, 0.389768 [0.110584/7.001223] [1032/0.347103]
  3  14 350, 0.403602 [0.121311/7.002385] [1082/0.347103]
Epoch 14 done. Evaluation:
(45396, 50000)
(8170, 10000)
  3  15  50, 0.370184 [0.097223/7.001018] [1173/0.347103]
  3  15 100, 0.369715 [0.098237/7.001793] [1223/0.347103]
  3  15 150, 0.363621 [0.105191/7.000860] [1273/0.347103]
  3  15 200, 0.357438 [0.163197/7.002040] [1323/0.347103]
  3  15 250, 0.366735 [0.149919/7.004735] [1373/0.347103]
  3  15 300, 0.375524 [0.126410/7.006931] [1423/0.347103]
  3  15 350, 0.401345 [0.133626/7.011760] [1473/0.347103]
Epoch 15 done. Evaluation:
(45605, 50000)
(7153, 10000)
  3  16  50, 0.352676 [0.148649/7.013891] [1564/0.347103]
  3  16 100, 0.356322 [0.108282/7.013834] [1614/0.347103]
  3  16 150, 0.356942 [0.147108/7.016850] [1664/0.347103]
  3  16 200, 0.381839 [0.170003/7.017892] [1714/0.347103]
  3  16 250, 0.396696 [0.138898/7.021167] [1764/0.347103]
  3  16 300, 0.379949 [0.139542/7.024012] [1814/0.347103]
  3  16 350, 0.404861 [0.163530/7.026629] [1864/0.347103]
Epoch 16 done. Evaluation:
(45528, 50000)
(7651, 10000)
  3  17  50, 0.347280 [0.135128/7.024368] [1955/0.347103]
  3  17 100, 0.365540 [0.107009/7.027471] [2005/0.347103]
  3  17 150, 0.372896 [0.140473/7.035098] [2055/0.347103]
  3  17 200, 0.374754 [0.120976/7.033910] [2105/0.347103]
  3  17 250, 0.391972 [0.151006/7.036586] [2155/0.347103]
  3  17 300, 0.390092 [0.149926/7.035939] [2205/0.347103]
  3  17 350, 0.403231 [0.129932/7.037177] [2255/0.347103]
Epoch 17 done. Evaluation:
(45435, 50000)
(8084, 10000)
  3  18  50, 0.336041 [0.144059/7.036072] [   0/0.336041]
  3  18 100, 0.354398 [0.155025/7.041976] [  50/0.336041]
  3  18 150, 0.357060 [0.129324/7.044972] [ 100/0.336041]
  3  18 200, 0.368669 [0.151805/7.042502] [ 150/0.336041]
  3  18 250, 0.372926 [0.141385/7.045910] [ 200/0.336041]
  3  18 300, 0.403021 [0.150274/7.046258] [ 250/0.336041]
  3  18 350, 0.388079 [0.127107/7.044943] [ 300/0.336041]
Epoch 18 done. Evaluation:
(45555, 50000)
(7486, 10000)
  3  19  50, 0.345854 [0.137827/7.043458] [ 391/0.336041]
  3  19 100, 0.364695 [0.157035/7.045139] [ 441/0.336041]
  3  19 150, 0.368392 [0.124420/7.045921] [ 491/0.336041]
  3  19 200, 0.362090 [0.120343/7.046868] [ 541/0.336041]
  3  19 250, 0.369842 [0.118515/7.047770] [ 591/0.336041]
  3  19 300, 0.393916 [0.125944/7.050179] [ 641/0.336041]
  3  19 350, 0.380853 [0.157880/7.052052] [ 691/0.336041]
Epoch 19 done. Evaluation:
(45588, 50000)
(7581, 10000)
  4   0  50, 0.288203 [0.047727/7.038747] [   0/0.288203]
  4   0 100, 0.267863 [0.043686/7.022821] [   0/0.267863]
  4   0 150, 0.259114 [0.041075/7.008481] [   0/0.259114]
  4   0 200, 0.264785 [0.046384/6.993952] [  50/0.259114]
  4   0 250, 0.262507 [0.044308/6.980398] [ 100/0.259114]
  4   0 300, 0.269663 [0.055561/6.967847] [ 150/0.259114]
  4   0 350, 0.259291 [0.056688/6.954366] [ 200/0.259114]
Epoch 0 done. Evaluation:
(47573, 50000)
(8668, 10000)
  4   1  50, 0.217275 [0.043682/6.931163] [   0/0.217275]
  4   1 100, 0.224962 [0.054991/6.918478] [  50/0.217275]
  4   1 150, 0.221288 [0.043000/6.906207] [ 100/0.217275]
  4   1 200, 0.222036 [0.065980/6.895356] [ 150/0.217275]
  4   1 250, 0.233800 [0.045023/6.885539] [ 200/0.217275]
  4   1 300, 0.245638 [0.071518/6.876066] [ 250/0.217275]
  4   1 350, 0.231410 [0.040702/6.866167] [ 300/0.217275]
Epoch 1 done. Evaluation:
(48280, 50000)
(8232, 10000)
  4   2  50, 0.222562 [0.068302/6.849841] [ 391/0.217275]
  4   2 100, 0.218719 [0.054802/6.841059] [ 441/0.217275]
  4   2 150, 0.222259 [0.057443/6.832251] [ 491/0.217275]
  4   2 200, 0.224064 [0.063176/6.824659] [ 541/0.217275]
  4   2 250, 0.230408 [0.086314/6.816149] [ 591/0.217275]
  4   2 300, 0.245038 [0.060634/6.810929] [ 641/0.217275]
  4   2 350, 0.228259 [0.062460/6.805301] [ 691/0.217275]
Epoch 2 done. Evaluation:
(48243, 50000)
(8267, 10000)
  4   3  50, 0.202639 [0.054785/6.791758] [   0/0.202639]
  4   3 100, 0.211418 [0.066041/6.784564] [  50/0.202639]
  4   3 150, 0.226501 [0.045989/6.779464] [ 100/0.202639]
  4   3 200, 0.212501 [0.062101/6.774238] [ 150/0.202639]
  4   3 250, 0.240916 [0.085709/6.771348] [ 200/0.202639]
  4   3 300, 0.239662 [0.084220/6.769204] [ 250/0.202639]
  4   3 350, 0.244674 [0.044766/6.766481] [ 300/0.202639]
Epoch 3 done. Evaluation:
(48145, 50000)
(8288, 10000)
  4   4  50, 0.219837 [0.063098/6.759558] [ 391/0.202639]
  4   4 100, 0.225777 [0.075864/6.755868] [ 441/0.202639]
  4   4 150, 0.235373 [0.041812/6.752823] [ 491/0.202639]
  4   4 200, 0.251944 [0.091167/6.752726] [ 541/0.202639]
  4   4 250, 0.254543 [0.076406/6.752439] [ 591/0.202639]
  4   4 300, 0.245949 [0.070979/6.751367] [ 641/0.202639]
  4   4 350, 0.270466 [0.099707/6.752128] [ 691/0.202639]
Epoch 4 done. Evaluation:
(47842, 50000)
(8379, 10000)
  4   5  50, 0.230941 [0.086180/6.746716] [ 782/0.202639]
  4   5 100, 0.217936 [0.077004/6.744849] [ 832/0.202639]
  4   5 150, 0.237220 [0.069298/6.744041] [ 882/0.202639]
  4   5 200, 0.246634 [0.057874/6.745058] [ 932/0.202639]
  4   5 250, 0.234253 [0.070767/6.742555] [ 982/0.202639]
  4   5 300, 0.259325 [0.075642/6.742479] [1032/0.202639]
  4   5 350, 0.244397 [0.069387/6.742343] [1082/0.202639]
Epoch 5 done. Evaluation:
(47801, 50000)
(8100, 10000)
  4   6  50, 0.218194 [0.072566/6.740758] [1173/0.202639]
  4   6 100, 0.230571 [0.064478/6.738036] [1223/0.202639]
  4   6 150, 0.230368 [0.077951/6.736679] [1273/0.202639]
  4   6 200, 0.246359 [0.109927/6.735987] [1323/0.202639]
  4   6 250, 0.250423 [0.045785/6.737710] [1373/0.202639]
  4   6 300, 0.251212 [0.068575/6.738498] [1423/0.202639]
  4   6 350, 0.268511 [0.069188/6.740477] [1473/0.202639]
Epoch 6 done. Evaluation:
(47832, 50000)
(8565, 10000)
  4   7  50, 0.224707 [0.092690/6.736881] [1564/0.202639]
  4   7 100, 0.228251 [0.060667/6.735077] [1614/0.202639]
  4   7 150, 0.243693 [0.076928/6.737975] [1664/0.202639]
  4   7 200, 0.245977 [0.070152/6.739599] [1714/0.202639]
  4   7 250, 0.240502 [0.091599/6.738820] [1764/0.202639]
  4   7 300, 0.254572 [0.076538/6.739334] [1814/0.202639]
  4   7 350, 0.265531 [0.090005/6.742243] [1864/0.202639]
Epoch 7 done. Evaluation:
(47777, 50000)
(8433, 10000)
  4   8  50, 0.227650 [0.082985/6.744293] [1955/0.202639]
  4   8 100, 0.239945 [0.058699/6.746715] [2005/0.202639]
  4   8 150, 0.241941 [0.066908/6.745543] [2055/0.202639]
  4   8 200, 0.250165 [0.075140/6.745989] [2105/0.202639]
  4   8 250, 0.228866 [0.059728/6.744484] [2155/0.202639]
  4   8 300, 0.248788 [0.069714/6.745825] [2205/0.202639]
  4   8 350, 0.263188 [0.095737/6.748673] [2255/0.202639]
Epoch 8 done. Evaluation:
(47753, 50000)
(8083, 10000)
  4   9  50, 0.234223 [0.091785/6.749023] [2346/0.202639]
  4   9 100, 0.250713 [0.056816/6.752397] [2396/0.202639]
  4   9 150, 0.237457 [0.060940/6.752230] [2446/0.202639]
  4   9 200, 0.256527 [0.058778/6.751319] [2496/0.202639]
  4   9 250, 0.256311 [0.103325/6.752601] [2546/0.202639]
  4   9 300, 0.262301 [0.070992/6.754549] [2596/0.202639]
  4   9 350, 0.240848 [0.096889/6.754468] [2646/0.202639]
Epoch 9 done. Evaluation:
(47721, 50000)
(8496, 10000)
  4  10  50, 0.236242 [0.048275/6.754281] [2737/0.202639]
  4  10 100, 0.247037 [0.086823/6.754927] [2787/0.202639]
  4  10 150, 0.244527 [0.081876/6.754634] [2837/0.202639]
  4  10 200, 0.244147 [0.060205/6.754994] [2887/0.202639]
  4  10 250, 0.251410 [0.097429/6.756444] [2937/0.202639]
  4  10 300, 0.250479 [0.083049/6.757390] [2987/0.202639]
  4  10 350, 0.273589 [0.099131/6.761315] [3037/0.202639]
Epoch 10 done. Evaluation:
(47648, 50000)
(8356, 10000)
  4  11  50, 0.233785 [0.073728/6.762214] [3128/0.202639]
  4  11 100, 0.240389 [0.083384/6.761594] [3178/0.202639]
  4  11 150, 0.241846 [0.094585/6.762690] [3228/0.202639]
  4  11 200, 0.254692 [0.073582/6.763269] [3278/0.202639]
  4  11 250, 0.245032 [0.062305/6.763147] [3328/0.202639]
  4  11 300, 0.257620 [0.072120/6.765830] [3378/0.202639]
  4  11 350, 0.257949 [0.085936/6.766970] [3428/0.202639]
Epoch 11 done. Evaluation:
(47740, 50000)
(8423, 10000)
  4  12  50, 0.229036 [0.068836/6.768286] [3519/0.202639]
  4  12 100, 0.244788 [0.097317/6.768871] [3569/0.202639]
  4  12 150, 0.253674 [0.092205/6.770231] [3619/0.202639]
  4  12 200, 0.241772 [0.076703/6.769732] [3669/0.202639]
  4  12 250, 0.241425 [0.100140/6.770289] [3719/0.202639]
  4  12 300, 0.252136 [0.092285/6.771135] [3769/0.202639]
  4  12 350, 0.275245 [0.058338/6.774158] [3819/0.202639]
Epoch 12 done. Evaluation:
(47722, 50000)
(8355, 10000)
  4  13  50, 0.233637 [0.069297/6.774939] [3910/0.202639]
  4  13 100, 0.248433 [0.094765/6.775655] [3960/0.202639]
  4  13 150, 0.234638 [0.052312/6.774499] [4010/0.202639]
  4  13 200, 0.237949 [0.075221/6.772020] [4060/0.202639]
  4  13 250, 0.235953 [0.089769/6.770647] [4110/0.202639]
  4  13 300, 0.244434 [0.078849/6.772146] [4160/0.202639]
  4  13 350, 0.266886 [0.070573/6.776632] [4210/0.202639]
Epoch 13 done. Evaluation:
(47815, 50000)
(8283, 10000)
  4  14  50, 0.225065 [0.057447/6.776111] [4301/0.202639]
  4  14 100, 0.220844 [0.073451/6.772290] [4351/0.202639]
  4  14 150, 0.237519 [0.064475/6.773465] [4401/0.202639]
  4  14 200, 0.247142 [0.077556/6.775194] [4451/0.202639]
  4  14 250, 0.246670 [0.088465/6.776075] [4501/0.202639]
  4  14 300, 0.250406 [0.064898/6.778069] [4551/0.202639]
  4  14 350, 0.245828 [0.068975/6.779893] [4601/0.202639]
Epoch 14 done. Evaluation:
(47919, 50000)
(7637, 10000)
  4  15  50, 0.232999 [0.074597/6.779133] [4692/0.202639]
  4  15 100, 0.232704 [0.085011/6.778279] [4742/0.202639]
  4  15 150, 0.224880 [0.100455/6.776982] [4792/0.202639]
  4  15 200, 0.232697 [0.076421/6.775112] [4842/0.202639]
  4  15 250, 0.242489 [0.079652/6.776209] [4892/0.202639]
  4  15 300, 0.246826 [0.078610/6.778722] [4942/0.202639]
  4  15 350, 0.246100 [0.085985/6.781091] [4992/0.202639]
Epoch 15 done. Evaluation:
(47916, 50000)
(8334, 10000)
  4  16  50, 0.243482 [0.087240/6.784311] [5083/0.202639]
  4  16 100, 0.226447 [0.095021/6.783291] [5133/0.202639]
  4  16 150, 0.242231 [0.074815/6.782935] [5183/0.202639]
  4  16 200, 0.245189 [0.078897/6.784063] [5233/0.202639]
  4  16 250, 0.257780 [0.078082/6.786012] [5283/0.202639]
  4  16 300, 0.254175 [0.078418/6.786163] [5333/0.202639]
  4  16 350, 0.249033 [0.081480/6.784698] [5383/0.202639]
Epoch 16 done. Evaluation:
(47805, 50000)
(8455, 10000)
  4  17  50, 0.225506 [0.082064/6.787734] [5474/0.202639]
  4  17 100, 0.230339 [0.091956/6.786234] [5524/0.202639]
  4  17 150, 0.237151 [0.063810/6.785394] [5574/0.202639]
  4  17 200, 0.236838 [0.058101/6.784573] [5624/0.202639]
  4  17 250, 0.252601 [0.072757/6.786156] [5674/0.202639]
  4  17 300, 0.242749 [0.092537/6.786421] [5724/0.202639]
  4  17 350, 0.251584 [0.078784/6.787796] [5774/0.202639]
Epoch 17 done. Evaluation:
(47922, 50000)
(8369, 10000)
  4  18  50, 0.217848 [0.104072/6.785130] [5865/0.202639]
  4  18 100, 0.226601 [0.065107/6.782642] [5915/0.202639]
  4  18 150, 0.237009 [0.088766/6.783014] [5965/0.202639]
  4  18 200, 0.242605 [0.077720/6.785241] [6015/0.202639]
  4  18 250, 0.238268 [0.104281/6.785029] [6065/0.202639]
  4  18 300, 0.238288 [0.084440/6.784108] [6115/0.202639]
  4  18 350, 0.259513 [0.064731/6.787663] [6165/0.202639]
Epoch 18 done. Evaluation:
(47893, 50000)
(8284, 10000)
  4  19  50, 0.238394 [0.086598/6.792312] [6256/0.202639]
  4  19 100, 0.246205 [0.090835/6.792542] [6306/0.202639]
  4  19 150, 0.225960 [0.074879/6.791116] [6356/0.202639]
  4  19 200, 0.243058 [0.084401/6.790450] [6406/0.202639]
  4  19 250, 0.244093 [0.086749/6.789510] [6456/0.202639]
  4  19 300, 0.262249 [0.099419/6.793399] [6506/0.202639]
  4  19 350, 0.258769 [0.100219/6.795500] [6556/0.202639]
Epoch 19 done. Evaluation:
(47745, 50000)
(8144, 10000)
  5   0  50, 0.198388 [0.017804/6.791095] [   0/0.198388]
  5   0 100, 0.179447 [0.018066/6.783202] [   0/0.179447]
  5   0 150, 0.178336 [0.032233/6.776034] [   0/0.178336]
  5   0 200, 0.177465 [0.023190/6.768230] [   0/0.177465]
  5   0 250, 0.167773 [0.022275/6.760433] [   0/0.167773]
  5   0 300, 0.172348 [0.028043/6.753375] [  50/0.167773]
  5   0 350, 0.165322 [0.031255/6.745616] [   0/0.165322]
Epoch 0 done. Evaluation:
(49199, 50000)
(8773, 10000)
  5   1  50, 0.148816 [0.020226/6.731262] [   0/0.148816]
  5   1 100, 0.150670 [0.010073/6.723213] [  50/0.148816]
  5   1 150, 0.152927 [0.013545/6.714890] [ 100/0.148816]
  5   1 200, 0.140535 [0.019084/6.706302] [   0/0.140535]
  5   1 250, 0.149761 [0.014501/6.698456] [  50/0.140535]
  5   1 300, 0.146444 [0.020702/6.690536] [ 100/0.140535]
  5   1 350, 0.146247 [0.009250/6.682724] [ 150/0.140535]
Epoch 1 done. Evaluation:
(49644, 50000)
(8898, 10000)
  5   2  50, 0.138172 [0.022375/6.668003] [   0/0.138172]
  5   2 100, 0.137458 [0.018694/6.659432] [   0/0.137458]
  5   2 150, 0.139529 [0.014958/6.651641] [  50/0.137458]
  5   2 200, 0.139273 [0.007066/6.643626] [ 100/0.137458]
  5   2 250, 0.142828 [0.008408/6.635804] [ 150/0.137458]
  5   2 300, 0.135870 [0.021560/6.627467] [   0/0.135870]
  5   2 350, 0.139046 [0.028508/6.619311] [  50/0.135870]
Epoch 2 done. Evaluation:
(49755, 50000)
(8969, 10000)
  5   3  50, 0.133034 [0.010243/6.604514] [   0/0.133034]
  5   3 100, 0.127227 [0.004718/6.596250] [   0/0.127227]
  5   3 150, 0.131837 [0.021423/6.588154] [  50/0.127227]
  5   3 200, 0.133816 [0.016722/6.580299] [ 100/0.127227]
  5   3 250, 0.130590 [0.014228/6.571904] [ 150/0.127227]
  5   3 300, 0.136011 [0.015291/6.564214] [ 200/0.127227]
  5   3 350, 0.132905 [0.015438/6.556842] [ 250/0.127227]
Epoch 3 done. Evaluation:
(49829, 50000)
(8938, 10000)
  5   4  50, 0.127070 [0.012774/6.542119] [   0/0.127070]
  5   4 100, 0.127317 [0.011571/6.534154] [  50/0.127070]
  5   4 150, 0.126048 [0.007321/6.526049] [   0/0.126048]
  5   4 200, 0.126234 [0.009357/6.518374] [  50/0.126048]
  5   4 250, 0.127723 [0.017388/6.510600] [ 100/0.126048]
  5   4 300, 0.127042 [0.003816/6.502575] [ 150/0.126048]
  5   4 350, 0.125773 [0.027267/6.494912] [   0/0.125773]
Epoch 4 done. Evaluation:
(49877, 50000)
(9019, 10000)
  5   5  50, 0.123151 [0.008873/6.480734] [   0/0.123151]
  5   5 100, 0.122242 [0.005965/6.472873] [   0/0.122242]
  5   5 150, 0.126180 [0.010902/6.465479] [  50/0.122242]
  5   5 200, 0.122803 [0.009197/6.458002] [ 100/0.122242]
  5   5 250, 0.121161 [0.002176/6.450484] [   0/0.121161]
  5   5 300, 0.126568 [0.007304/6.443510] [  50/0.121161]
  5   5 350, 0.123276 [0.014630/6.436520] [ 100/0.121161]
Epoch 5 done. Evaluation:
(49911, 50000)
(9055, 10000)
  5   6  50, 0.120718 [0.008893/6.423222] [   0/0.120718]
  5   6 100, 0.120149 [0.003437/6.415774] [   0/0.120149]
  5   6 150, 0.120917 [0.003783/6.408661] [  50/0.120149]
  5   6 200, 0.124384 [0.006227/6.401609] [ 100/0.120149]
  5   6 250, 0.120738 [0.004627/6.394662] [ 150/0.120149]
  5   6 300, 0.125277 [0.002121/6.387991] [ 200/0.120149]
  5   6 350, 0.125614 [0.006573/6.381446] [ 250/0.120149]
Epoch 6 done. Evaluation:
(49936, 50000)
(9032, 10000)
  5   7  50, 0.120181 [0.004557/6.369077] [ 341/0.120149]
  5   7 100, 0.117559 [0.013066/6.362033] [   0/0.117559]
  5   7 150, 0.122116 [0.009236/6.355519] [  50/0.117559]
  5   7 200, 0.119867 [0.005644/6.349070] [ 100/0.117559]
  5   7 250, 0.118947 [0.012039/6.342128] [ 150/0.117559]
  5   7 300, 0.119192 [0.002956/6.335697] [ 200/0.117559]
  5   7 350, 0.121283 [0.011599/6.329605] [ 250/0.117559]
Epoch 7 done. Evaluation:
(49957, 50000)
(9060, 10000)
  5   8  50, 0.116044 [0.005617/6.317780] [   0/0.116044]
  5   8 100, 0.119898 [0.008067/6.311181] [  50/0.116044]
  5   8 150, 0.119074 [0.003801/6.304942] [ 100/0.116044]
  5   8 200, 0.119499 [0.007214/6.298657] [ 150/0.116044]
  5   8 250, 0.117394 [0.011275/6.292592] [ 200/0.116044]
  5   8 300, 0.120506 [0.008256/6.286797] [ 250/0.116044]
  5   8 350, 0.121199 [0.024431/6.280869] [ 300/0.116044]
Epoch 8 done. Evaluation:
(49959, 50000)
(9066, 10000)
  5   9  50, 0.119170 [0.005033/6.270435] [ 391/0.116044]
  5   9 100, 0.119057 [0.005102/6.264749] [ 441/0.116044]
  5   9 150, 0.120134 [0.009846/6.259247] [ 491/0.116044]
  5   9 200, 0.119588 [0.009056/6.253242] [ 541/0.116044]
  5   9 250, 0.117696 [0.005173/6.247570] [ 591/0.116044]
  5   9 300, 0.121162 [0.004629/6.242088] [ 641/0.116044]
  5   9 350, 0.123408 [0.010412/6.236885] [ 691/0.116044]
Epoch 9 done. Evaluation:
(49961, 50000)
(9073, 10000)
  5  10  50, 0.118604 [0.004075/6.226850] [ 782/0.116044]
  5  10 100, 0.116801 [0.009423/6.221447] [ 832/0.116044]
  5  10 150, 0.117349 [0.008671/6.216066] [ 882/0.116044]
  5  10 200, 0.118919 [0.011736/6.210613] [ 932/0.116044]
  5  10 250, 0.117133 [0.004335/6.205377] [ 982/0.116044]
  5  10 300, 0.119601 [0.003714/6.200228] [1032/0.116044]
  5  10 350, 0.119335 [0.003767/6.195680] [1082/0.116044]
Epoch 10 done. Evaluation:
(49969, 50000)
(9060, 10000)
  5  11  50, 0.116786 [0.004328/6.186613] [1173/0.116044]
  5  11 100, 0.116962 [0.004964/6.181240] [1223/0.116044]
  5  11 150, 0.118868 [0.012234/6.176621] [1273/0.116044]
  5  11 200, 0.121271 [0.006449/6.171782] [1323/0.116044]
  5  11 250, 0.114696 [0.004918/6.167034] [   0/0.114696]
  5  11 300, 0.120750 [0.004267/6.162992] [  50/0.114696]
  5  11 350, 0.117330 [0.004500/6.158262] [ 100/0.114696]
Epoch 11 done. Evaluation:
(49965, 50000)
(9054, 10000)
  5  12  50, 0.117391 [0.005975/6.149941] [ 191/0.114696]
  5  12 100, 0.116320 [0.006750/6.145322] [ 241/0.114696]
  5  12 150, 0.121210 [0.005497/6.141408] [ 291/0.114696]
  5  12 200, 0.118339 [0.005136/6.137186] [ 341/0.114696]
  5  12 250, 0.118885 [0.005111/6.132699] [ 391/0.114696]
  5  12 300, 0.119333 [0.005871/6.128747] [ 441/0.114696]
  5  12 350, 0.116022 [0.007806/6.124516] [ 491/0.114696]
Epoch 12 done. Evaluation:
(49979, 50000)
(9059, 10000)
  5  13  50, 0.115429 [0.003441/6.117048] [ 582/0.114696]
  5  13 100, 0.115330 [0.004418/6.112877] [ 632/0.114696]
  5  13 150, 0.118382 [0.006364/6.108848] [ 682/0.114696]
  5  13 200, 0.116463 [0.008500/6.104813] [ 732/0.114696]
  5  13 250, 0.119270 [0.005677/6.101296] [ 782/0.114696]
  5  13 300, 0.118303 [0.008107/6.097569] [ 832/0.114696]
  5  13 350, 0.120181 [0.005296/6.094113] [ 882/0.114696]
Epoch 13 done. Evaluation:
(49973, 50000)
(9067, 10000)
  5  14  50, 0.118867 [0.006012/6.087771] [ 973/0.114696]
  5  14 100, 0.117975 [0.007260/6.084340] [1023/0.114696]
  5  14 150, 0.120467 [0.007577/6.081171] [1073/0.114696]
  5  14 200, 0.116847 [0.006668/6.077773] [1123/0.114696]
  5  14 250, 0.119176 [0.008566/6.074491] [1173/0.114696]
  5  14 300, 0.118691 [0.011560/6.071135] [1223/0.114696]
  5  14 350, 0.121001 [0.006616/6.068571] [1273/0.114696]
Epoch 14 done. Evaluation:
(49972, 50000)
(9028, 10000)
  5  15  50, 0.118579 [0.005458/6.063368] [1364/0.114696]
  5  15 100, 0.115179 [0.003813/6.059734] [1414/0.114696]
  5  15 150, 0.117946 [0.015004/6.056544] [1464/0.114696]
  5  15 200, 0.122788 [0.011039/6.054353] [1514/0.114696]
  5  15 250, 0.121177 [0.007975/6.052409] [1564/0.114696]
  5  15 300, 0.119977 [0.005979/6.049842] [1614/0.114696]
  5  15 350, 0.124434 [0.015741/6.048133] [1664/0.114696]
Epoch 15 done. Evaluation:
(49956, 50000)
(6604, 10000)
  5  16  50, 0.125694 [0.028752/6.046682] [1755/0.114696]
  5  16 100, 0.140049 [0.069449/6.050082] [1805/0.114696]
  5  16 150, 0.212197 [0.093233/6.065185] [1855/0.114696]
  5  16 200, 0.261191 [0.079287/6.082491] [1905/0.114696]
  5  16 250, 0.273342 [0.055066/6.099565] [1955/0.114696]
  5  16 300, 0.278765 [0.076182/6.114891] [2005/0.114696]
  5  16 350, 0.272836 [0.088231/6.129537] [2055/0.114696]
Epoch 16 done. Evaluation:
(48032, 50000)
(7828, 10000)
  5  17  50, 0.254785 [0.054392/6.153187] [2146/0.114696]
  5  17 100, 0.241783 [0.061509/6.163157] [2196/0.114696]
  5  17 150, 0.241684 [0.084290/6.173243] [2246/0.114696]
  5  17 200, 0.231630 [0.050024/6.180250] [2296/0.114696]
  5  17 250, 0.257733 [0.065839/6.191594] [2346/0.114696]
  5  17 300, 0.261098 [0.051771/6.199694] [2396/0.114696]
  5  17 350, 0.249527 [0.069436/6.208348] [2446/0.114696]
Epoch 17 done. Evaluation:
(47544, 50000)
(8400, 10000)
  5  18  50, 0.212559 [0.059369/6.218931] [2537/0.114696]
  5  18 100, 0.221248 [0.071414/6.224487] [2587/0.114696]
  5  18 150, 0.231258 [0.060896/6.230591] [2637/0.114696]
  5  18 200, 0.227598 [0.046908/6.237329] [2687/0.114696]
  5  18 250, 0.233885 [0.075922/6.243893] [2737/0.114696]
  5  18 300, 0.230499 [0.037959/6.249850] [2787/0.114696]
  5  18 350, 0.221203 [0.062462/6.255503] [2837/0.114696]
Epoch 18 done. Evaluation:
(48134, 50000)
(8480, 10000)
  5  19  50, 0.202212 [0.038596/6.263604] [2928/0.114696]
  5  19 100, 0.199049 [0.051280/6.266019] [2978/0.114696]
  5  19 150, 0.195329 [0.032947/6.268348] [3028/0.114696]
  5  19 200, 0.205370 [0.049077/6.272703] [3078/0.114696]
  5  19 250, 0.209798 [0.038033/6.277139] [3128/0.114696]
  5  19 300, 0.220511 [0.080462/6.282835] [3178/0.114696]
  5  19 350, 0.215855 [0.032002/6.287058] [3228/0.114696]
Epoch 19 done. Evaluation:
(48385, 50000)
(8204, 10000)
  6   0  50, 0.169082 [0.012834/6.291045] [3319/0.114696]
  6   0 100, 0.154585 [0.015810/6.289424] [3369/0.114696]
  6   0 150, 0.153562 [0.011134/6.287750] [3419/0.114696]
  6   0 200, 0.154247 [0.019167/6.285875] [3469/0.114696]
  6   0 250, 0.154051 [0.011152/6.284239] [3519/0.114696]
  6   0 300, 0.142856 [0.014719/6.282369] [3569/0.114696]
  6   0 350, 0.145378 [0.011166/6.280242] [3619/0.114696]
Epoch 0 done. Evaluation:
(49488, 50000)
(8951, 10000)
  6   1  50, 0.139867 [0.015105/6.276546] [3710/0.114696]
  6   1 100, 0.135798 [0.011453/6.274434] [3760/0.114696]
  6   1 150, 0.139559 [0.004047/6.272085] [3810/0.114696]
  6   1 200, 0.133960 [0.015955/6.269837] [3860/0.114696]
  6   1 250, 0.131739 [0.003760/6.267560] [3910/0.114696]
  6   1 300, 0.134340 [0.018461/6.265208] [3960/0.114696]
  6   1 350, 0.130513 [0.006987/6.262914] [4010/0.114696]
Epoch 1 done. Evaluation:
(49778, 50000)
(9003, 10000)
  6   2  50, 0.127007 [0.003621/6.258366] [4101/0.114696]
  6   2 100, 0.126864 [0.006066/6.255589] [4151/0.114696]
  6   2 150, 0.125141 [0.006681/6.253147] [4201/0.114696]
  6   2 200, 0.128524 [0.003301/6.250632] [4251/0.114696]
  6   2 250, 0.126087 [0.008768/6.248142] [4301/0.114696]
  6   2 300, 0.127253 [0.005682/6.245698] [4351/0.114696]
  6   2 350, 0.125472 [0.005579/6.243092] [4401/0.114696]
Epoch 2 done. Evaluation:
(49899, 50000)
(9013, 10000)
  6   3  50, 0.125036 [0.003303/6.238376] [4492/0.114696]
  6   3 100, 0.124609 [0.004222/6.235838] [4542/0.114696]
  6   3 150, 0.119471 [0.002618/6.233026] [4592/0.114696]
  6   3 200, 0.121518 [0.002805/6.230193] [4642/0.114696]
  6   3 250, 0.124033 [0.004465/6.227489] [4692/0.114696]
  6   3 300, 0.124927 [0.004590/6.224887] [4742/0.114696]
  6   3 350, 0.118899 [0.002317/6.222072] [4792/0.114696]
Epoch 3 done. Evaluation:
(49938, 50000)
(9056, 10000)
  6   4  50, 0.118832 [0.002408/6.216959] [4883/0.114696]
  6   4 100, 0.119511 [0.002162/6.214169] [4933/0.114696]
  6   4 150, 0.121885 [0.004867/6.211603] [4983/0.114696]
  6   4 200, 0.120799 [0.003841/6.208858] [5033/0.114696]
  6   4 250, 0.117366 [0.002080/6.206032] [5083/0.114696]
  6   4 300, 0.119549 [0.005553/6.203359] [5133/0.114696]
  6   4 350, 0.121387 [0.004821/6.200527] [5183/0.114696]
Epoch 4 done. Evaluation:
(49960, 50000)
(9057, 10000)
  6   5  50, 0.118117 [0.001871/6.195705] [5274/0.114696]
  6   5 100, 0.117081 [0.001789/6.192935] [5324/0.114696]
  6   5 150, 0.118499 [0.003928/6.190174] [5374/0.114696]
  6   5 200, 0.119469 [0.006644/6.187549] [5424/0.114696]
  6   5 250, 0.120928 [0.004490/6.184903] [5474/0.114696]
  6   5 300, 0.118515 [0.003037/6.182364] [5524/0.114696]
  6   5 350, 0.118065 [0.003328/6.179760] [5574/0.114696]
Epoch 5 done. Evaluation:
(49974, 50000)
(9065, 10000)
  6   6  50, 0.115010 [0.001617/6.174824] [5665/0.114696]
  6   6 100, 0.117026 [0.002663/6.172016] [5715/0.114696]
  6   6 150, 0.114815 [0.003216/6.169230] [5765/0.114696]
  6   6 200, 0.119434 [0.003539/6.166667] [5815/0.114696]
  6   6 250, 0.113461 [0.004012/6.163894] [   0/0.113461]
  6   6 300, 0.117200 [0.002393/6.161247] [  50/0.113461]
  6   6 350, 0.116442 [0.001277/6.158621] [ 100/0.113461]
Epoch 6 done. Evaluation:
(49980, 50000)
(9071, 10000)
  6   7  50, 0.118751 [0.001123/6.154160] [ 191/0.113461]
  6   7 100, 0.117925 [0.002100/6.151582] [ 241/0.113461]
  6   7 150, 0.116837 [0.002253/6.149172] [ 291/0.113461]
  6   7 200, 0.118031 [0.002186/6.146628] [ 341/0.113461]
  6   7 250, 0.118408 [0.004731/6.144170] [ 391/0.113461]
  6   7 300, 0.116427 [0.002779/6.141679] [ 441/0.113461]
  6   7 350, 0.118516 [0.002584/6.139245] [ 491/0.113461]
Epoch 7 done. Evaluation:
(49982, 50000)
(9088, 10000)
  6   8  50, 0.117832 [0.003323/6.134676] [ 582/0.113461]
  6   8 100, 0.115549 [0.002828/6.132032] [ 632/0.113461]
  6   8 150, 0.114883 [0.002568/6.129585] [ 682/0.113461]
  6   8 200, 0.118299 [0.003284/6.127260] [ 732/0.113461]
  6   8 250, 0.118989 [0.003138/6.125004] [ 782/0.113461]
  6   8 300, 0.120066 [0.003520/6.122650] [ 832/0.113461]
  6   8 350, 0.117763 [0.001627/6.120470] [ 882/0.113461]
Epoch 8 done. Evaluation:
(49982, 50000)
(9071, 10000)
  6   9  50, 0.116628 [0.001467/6.116262] [ 973/0.113461]
  6   9 100, 0.114456 [0.002825/6.113932] [1023/0.113461]
  6   9 150, 0.116011 [0.001989/6.111444] [1073/0.113461]
  6   9 200, 0.113658 [0.002041/6.109001] [1123/0.113461]
  6   9 250, 0.115036 [0.002706/6.106620] [1173/0.113461]
  6   9 300, 0.115577 [0.002482/6.104308] [1223/0.113461]
  6   9 350, 0.116099 [0.002342/6.101981] [1273/0.113461]
Epoch 9 done. Evaluation:
(49985, 50000)
(9088, 10000)
  6  10  50, 0.116378 [0.002863/6.097980] [1364/0.113461]
  6  10 100, 0.119780 [0.001394/6.095932] [1414/0.113461]
  6  10 150, 0.119124 [0.002059/6.093842] [1464/0.113461]
  6  10 200, 0.119189 [0.002104/6.091707] [1514/0.113461]
  6  10 250, 0.114484 [0.006810/6.089470] [1564/0.113461]
  6  10 300, 0.118209 [0.002069/6.087384] [1614/0.113461]
  6  10 350, 0.116782 [0.001977/6.085350] [1664/0.113461]
Epoch 10 done. Evaluation:
(49983, 50000)
(9093, 10000)
  6  11  50, 0.117540 [0.002352/6.081325] [1755/0.113461]
  6  11 100, 0.117871 [0.002303/6.079299] [1805/0.113461]
  6  11 150, 0.115598 [0.002262/6.077156] [1855/0.113461]
  6  11 200, 0.115740 [0.002144/6.075041] [1905/0.113461]
  6  11 250, 0.116259 [0.001069/6.073010] [1955/0.113461]
  6  11 300, 0.116609 [0.003232/6.070970] [2005/0.113461]
  6  11 350, 0.116835 [0.003444/6.068916] [2055/0.113461]
Epoch 11 done. Evaluation:
(49987, 50000)
(9075, 10000)
  6  12  50, 0.114805 [0.001337/6.065165] [2146/0.113461]
  6  12 100, 0.115138 [0.001082/6.063095] [2196/0.113461]
  6  12 150, 0.116723 [0.002837/6.061009] [2246/0.113461]
  6  12 200, 0.116280 [0.002453/6.058980] [2296/0.113461]
  6  12 250, 0.115865 [0.003256/6.056990] [2346/0.113461]
  6  12 300, 0.114630 [0.002413/6.054930] [2396/0.113461]
  6  12 350, 0.116719 [0.004149/6.053167] [2446/0.113461]
Epoch 12 done. Evaluation:
(49986, 50000)
(9092, 10000)
  6  13  50, 0.118070 [0.003027/6.049795] [2537/0.113461]
  6  13 100, 0.117583 [0.001743/6.047889] [2587/0.113461]
  6  13 150, 0.113505 [0.002488/6.045859] [2637/0.113461]
  6  13 200, 0.114500 [0.002250/6.043941] [2687/0.113461]
  6  13 250, 0.115700 [0.002038/6.042112] [2737/0.113461]
  6  13 300, 0.119461 [0.003178/6.040295] [2787/0.113461]
  6  13 350, 0.116658 [0.002790/6.038496] [2837/0.113461]
Epoch 13 done. Evaluation:
(49992, 50000)
(9093, 10000)
  6  14  50, 0.114117 [0.003443/6.035002] [2928/0.113461]
  6  14 100, 0.114920 [0.002798/6.033089] [2978/0.113461]
  6  14 150, 0.116404 [0.001438/6.031354] [3028/0.113461]
  6  14 200, 0.118452 [0.002411/6.029680] [3078/0.113461]
  6  14 250, 0.115979 [0.002668/6.027827] [3128/0.113461]
  6  14 300, 0.115589 [0.001519/6.026017] [3178/0.113461]
  6  14 350, 0.116978 [0.001714/6.024308] [3228/0.113461]
Epoch 14 done. Evaluation:
(49989, 50000)
(9080, 10000)
  6  15  50, 0.115689 [0.001880/6.021273] [3319/0.113461]
  6  15 100, 0.117051 [0.003217/6.019515] [3369/0.113461]
  6  15 150, 0.113955 [0.001043/6.017551] [3419/0.113461]
  6  15 200, 0.116765 [0.002182/6.015967] [3469/0.113461]
  6  15 250, 0.115827 [0.001175/6.014352] [3519/0.113461]
  6  15 300, 0.114058 [0.001856/6.012584] [3569/0.113461]
  6  15 350, 0.115967 [0.003132/6.010980] [3619/0.113461]
Epoch 15 done. Evaluation:
(49989, 50000)
(9103, 10000)
  6  16  50, 0.115034 [0.003171/6.007995] [3710/0.113461]
  6  16 100, 0.116353 [0.002895/6.006240] [3760/0.113461]
  6  16 150, 0.115787 [0.001599/6.004626] [3810/0.113461]
  6  16 200, 0.115832 [0.002803/6.002939] [3860/0.113461]
  6  16 250, 0.117285 [0.002644/6.001276] [3910/0.113461]
  6  16 300, 0.116442 [0.002248/5.999779] [3960/0.113461]
  6  16 350, 0.115140 [0.002700/5.998262] [4010/0.113461]
Epoch 16 done. Evaluation:
(49989, 50000)
(9072, 10000)
  6  17  50, 0.114816 [0.002628/5.995134] [4101/0.113461]
  6  17 100, 0.114021 [0.002301/5.993449] [4151/0.113461]
  6  17 150, 0.118295 [0.003853/5.991862] [4201/0.113461]
  6  17 200, 0.119867 [0.004248/5.990506] [4251/0.113461]
  6  17 250, 0.117752 [0.004197/5.989143] [4301/0.113461]
  6  17 300, 0.114619 [0.002221/5.987620] [4351/0.113461]
  6  17 350, 0.115411 [0.002433/5.986123] [4401/0.113461]
Epoch 17 done. Evaluation:
(49990, 50000)
(9070, 10000)
  6  18  50, 0.116953 [0.002168/5.983472] [4492/0.113461]
  6  18 100, 0.114271 [0.001760/5.981901] [4542/0.113461]
  6  18 150, 0.116686 [0.002591/5.980439] [4592/0.113461]
  6  18 200, 0.114522 [0.002090/5.978874] [4642/0.113461]
  6  18 250, 0.117220 [0.004420/5.977509] [4692/0.113461]
  6  18 300, 0.116121 [0.002513/5.975955] [4742/0.113461]
  6  18 350, 0.116697 [0.002627/5.974627] [4792/0.113461]
Epoch 18 done. Evaluation:
(49992, 50000)
(9071, 10000)
  6  19  50, 0.115584 [0.002412/5.971980] [4883/0.113461]
  6  19 100, 0.114084 [0.003357/5.970558] [4933/0.113461]
  6  19 150, 0.117564 [0.002533/5.969327] [4983/0.113461]
  6  19 200, 0.117870 [0.003400/5.967929] [5033/0.113461]
  6  19 250, 0.115644 [0.002546/5.966609] [5083/0.113461]
  6  19 300, 0.114708 [0.003591/5.965067] [5133/0.113461]
  6  19 350, 0.113632 [0.003026/5.963687] [5183/0.113461]
Epoch 19 done. Evaluation:
(49990, 50000)
(9095, 10000)
  7   0  50, 0.113712 [0.001132/5.961957] [5274/0.113461]
  7   0 100, 0.116223 [0.001266/5.961283] [5324/0.113461]
  7   0 150, 0.115132 [0.001714/5.960578] [5374/0.113461]
  7   0 200, 0.117196 [0.000829/5.959856] [5424/0.113461]
  7   0 250, 0.112971 [0.000790/5.959122] [   0/0.112971]
  7   0 300, 0.116196 [0.002464/5.958477] [  50/0.112971]
  7   0 350, 0.115209 [0.001098/5.957738] [ 100/0.112971]
Epoch 0 done. Evaluation:
(49991, 50000)
(9078, 10000)
  7   1  50, 0.114023 [0.001101/5.956405] [ 191/0.112971]
  7   1 100, 0.116519 [0.000796/5.955728] [ 241/0.112971]
  7   1 150, 0.113055 [0.001302/5.954922] [ 291/0.112971]
  7   1 200, 0.114017 [0.000506/5.954191] [ 341/0.112971]
  7   1 250, 0.114890 [0.001320/5.953444] [ 391/0.112971]
  7   1 300, 0.115172 [0.000869/5.952814] [ 441/0.112971]
  7   1 350, 0.116404 [0.001398/5.952148] [ 491/0.112971]
Epoch 1 done. Evaluation:
(49989, 50000)
(9093, 10000)
  7   2  50, 0.116675 [0.002121/5.950994] [ 582/0.112971]
  7   2 100, 0.114389 [0.002410/5.950338] [ 632/0.112971]
  7   2 150, 0.114200 [0.001174/5.949580] [ 682/0.112971]
  7   2 200, 0.114226 [0.000784/5.948888] [ 732/0.112971]
  7   2 250, 0.114941 [0.001472/5.948178] [ 782/0.112971]
  7   2 300, 0.116701 [0.001310/5.947511] [ 832/0.112971]
  7   2 350, 0.114096 [0.000924/5.946798] [ 882/0.112971]
Epoch 2 done. Evaluation:
(49991, 50000)
(9088, 10000)
  7   3  50, 0.115181 [0.001562/5.945596] [ 973/0.112971]
  7   3 100, 0.114857 [0.001168/5.944917] [1023/0.112971]
  7   3 150, 0.114910 [0.001839/5.944229] [1073/0.112971]
  7   3 200, 0.112940 [0.001115/5.943497] [   0/0.112940]
  7   3 250, 0.117681 [0.001248/5.942915] [  50/0.112940]
  7   3 300, 0.115011 [0.001569/5.942235] [ 100/0.112940]
  7   3 350, 0.114090 [0.001621/5.941557] [ 150/0.112940]
Epoch 3 done. Evaluation:
(49989, 50000)
(9091, 10000)
  7   4  50, 0.117138 [0.001217/5.940502] [ 241/0.112940]
  7   4 100, 0.115080 [0.000914/5.939828] [ 291/0.112940]
  7   4 150, 0.115728 [0.000834/5.939162] [ 341/0.112940]
  7   4 200, 0.115759 [0.000664/5.938577] [ 391/0.112940]
  7   4 250, 0.116468 [0.001264/5.937947] [ 441/0.112940]
  7   4 300, 0.114060 [0.002353/5.937272] [ 491/0.112940]
  7   4 350, 0.115864 [0.001339/5.936557] [ 541/0.112940]
Epoch 4 done. Evaluation:
(49990, 50000)
(9090, 10000)
  7   5  50, 0.113575 [0.001441/5.935345] [ 632/0.112940]
  7   5 100, 0.114786 [0.000946/5.934700] [ 682/0.112940]
  7   5 150, 0.116343 [0.000919/5.934128] [ 732/0.112940]
  7   5 200, 0.115455 [0.001902/5.933471] [ 782/0.112940]
  7   5 250, 0.114521 [0.001399/5.932853] [ 832/0.112940]
  7   5 300, 0.116531 [0.001698/5.932293] [ 882/0.112940]
  7   5 350, 0.115950 [0.001102/5.931657] [ 932/0.112940]
Epoch 5 done. Evaluation:
(49990, 50000)
(9089, 10000)
  7   6  50, 0.113877 [0.000890/5.930420] [1023/0.112940]
  7   6 100, 0.115126 [0.001321/5.929769] [1073/0.112940]
  7   6 150, 0.115413 [0.001546/5.929160] [1123/0.112940]
  7   6 200, 0.116682 [0.000935/5.928620] [1173/0.112940]
  7   6 250, 0.118425 [0.001007/5.928079] [1223/0.112940]
  7   6 300, 0.117299 [0.000947/5.927535] [1273/0.112940]
  7   6 350, 0.117039 [0.001692/5.926985] [1323/0.112940]
Epoch 6 done. Evaluation:
(49992, 50000)
(9097, 10000)
  7   7  50, 0.114528 [0.000704/5.925828] [1414/0.112940]
  7   7 100, 0.114116 [0.000469/5.925166] [1464/0.112940]
  7   7 150, 0.115267 [0.000723/5.924598] [1514/0.112940]
  7   7 200, 0.116089 [0.001339/5.924009] [1564/0.112940]
  7   7 250, 0.114664 [0.001572/5.923380] [1614/0.112940]
  7   7 300, 0.118289 [0.000787/5.922896] [1664/0.112940]
  7   7 350, 0.116808 [0.000913/5.922388] [1714/0.112940]
Epoch 7 done. Evaluation:
(49989, 50000)
(9096, 10000)
  7   8  50, 0.114141 [0.001086/5.921276] [1805/0.112940]
  7   8 100, 0.116348 [0.001859/5.920659] [1855/0.112940]
  7   8 150, 0.116323 [0.001095/5.920106] [1905/0.112940]
  7   8 200, 0.116223 [0.000750/5.919574] [1955/0.112940]
  7   8 250, 0.115182 [0.001116/5.918993] [2005/0.112940]
  7   8 300, 0.115046 [0.000734/5.918413] [2055/0.112940]
  7   8 350, 0.114869 [0.001432/5.917851] [2105/0.112940]
Epoch 8 done. Evaluation:
(49991, 50000)
(9085, 10000)
  7   9  50, 0.115797 [0.000815/5.916808] [2196/0.112940]
  7   9 100, 0.114894 [0.000655/5.916219] [2246/0.112940]
  7   9 150, 0.115244 [0.000993/5.915674] [2296/0.112940]
  7   9 200, 0.115102 [0.001048/5.915097] [2346/0.112940]
  7   9 250, 0.114592 [0.000778/5.914552] [2396/0.112940]
  7   9 300, 0.114655 [0.001145/5.913958] [2446/0.112940]
  7   9 350, 0.117099 [0.000975/5.913489] [2496/0.112940]
Epoch 9 done. Evaluation:
(49993, 50000)
(9097, 10000)
  7  10  50, 0.115124 [0.001696/5.912401] [2587/0.112940]
  7  10 100, 0.116427 [0.001426/5.911888] [2637/0.112940]
  7  10 150, 0.115778 [0.001019/5.911366] [2687/0.112940]
  7  10 200, 0.116043 [0.001287/5.910825] [2737/0.112940]
  7  10 250, 0.115267 [0.000796/5.910255] [2787/0.112940]
  7  10 300, 0.113985 [0.001006/5.909698] [2837/0.112940]
  7  10 350, 0.113792 [0.001324/5.909122] [2887/0.112940]
Epoch 10 done. Evaluation:
(49993, 50000)
(9094, 10000)
  7  11  50, 0.116011 [0.001019/5.908181] [2978/0.112940]
  7  11 100, 0.114889 [0.001074/5.907663] [3028/0.112940]
  7  11 150, 0.116118 [0.001986/5.907178] [3078/0.112940]
  7  11 200, 0.117210 [0.001508/5.906687] [3128/0.112940]
  7  11 250, 0.114608 [0.001837/5.906157] [3178/0.112940]
  7  11 300, 0.113642 [0.000868/5.905535] [3228/0.112940]
  7  11 350, 0.115062 [0.001704/5.905056] [3278/0.112940]
Epoch 11 done. Evaluation:
(49991, 50000)
(9087, 10000)
  7  12  50, 0.114124 [0.001038/5.904112] [3369/0.112940]
  7  12 100, 0.115307 [0.002183/5.903548] [3419/0.112940]
  7  12 150, 0.116256 [0.001307/5.903049] [3469/0.112940]
  7  12 200, 0.112935 [0.000881/5.902445] [   0/0.112935]
  7  12 250, 0.112331 [0.001047/5.901845] [   0/0.112331]
  7  12 300, 0.114144 [0.001147/5.901321] [  50/0.112331]
  7  12 350, 0.116483 [0.001214/5.900860] [ 100/0.112331]
Epoch 12 done. Evaluation:
(49992, 50000)
(9079, 10000)
  7  13  50, 0.117155 [0.001528/5.900010] [ 191/0.112331]
  7  13 100, 0.114732 [0.003972/5.899447] [ 241/0.112331]
  7  13 150, 0.113920 [0.001068/5.898926] [ 291/0.112331]
  7  13 200, 0.115357 [0.001156/5.898385] [ 341/0.112331]
  7  13 250, 0.115446 [0.002613/5.897806] [ 391/0.112331]
  7  13 300, 0.113792 [0.001121/5.897272] [ 441/0.112331]
  7  13 350, 0.116405 [0.001125/5.896819] [ 491/0.112331]
Epoch 13 done. Evaluation:
(49993, 50000)
(9098, 10000)
  7  14  50, 0.115804 [0.000896/5.895937] [ 582/0.112331]
  7  14 100, 0.117182 [0.001634/5.895389] [ 632/0.112331]
  7  14 150, 0.114398 [0.001054/5.894929] [ 682/0.112331]
  7  14 200, 0.112407 [0.001205/5.894346] [ 732/0.112331]
  7  14 250, 0.114625 [0.001401/5.893820] [ 782/0.112331]
  7  14 300, 0.117339 [0.001361/5.893397] [ 832/0.112331]
  7  14 350, 0.114241 [0.001386/5.892925] [ 882/0.112331]
Epoch 14 done. Evaluation:
(49991, 50000)
(9080, 10000)
  7  15  50, 0.116284 [0.000897/5.892123] [ 973/0.112331]
  7  15 100, 0.115936 [0.000940/5.891690] [1023/0.112331]
  7  15 150, 0.114532 [0.001092/5.891169] [1073/0.112331]
  7  15 200, 0.113934 [0.000780/5.890634] [1123/0.112331]
  7  15 250, 0.114820 [0.002268/5.890121] [1173/0.112331]
  7  15 300, 0.113180 [0.002034/5.889613] [1223/0.112331]
  7  15 350, 0.114319 [0.001442/5.889094] [1273/0.112331]
Epoch 15 done. Evaluation:
(49993, 50000)
(9059, 10000)
  7  16  50, 0.116258 [0.001260/5.888287] [1364/0.112331]
  7  16 100, 0.116285 [0.001341/5.887822] [1414/0.112331]
  7  16 150, 0.114156 [0.001809/5.887336] [1464/0.112331]
  7  16 200, 0.112677 [0.001919/5.886815] [1514/0.112331]
  7  16 250, 0.118172 [0.001396/5.886430] [1564/0.112331]
  7  16 300, 0.118108 [0.001427/5.886015] [1614/0.112331]
  7  16 350, 0.118461 [0.001453/5.885624] [1664/0.112331]
Epoch 16 done. Evaluation:
(49990, 50000)
(9080, 10000)
  7  17  50, 0.114350 [0.001920/5.884847] [1755/0.112331]
  7  17 100, 0.115687 [0.001796/5.884330] [1805/0.112331]
  7  17 150, 0.114159 [0.001494/5.883820] [1855/0.112331]
  7  17 200, 0.113006 [0.001593/5.883324] [1905/0.112331]
  7  17 250, 0.112963 [0.001298/5.882806] [1955/0.112331]
  7  17 300, 0.115806 [0.001661/5.882375] [2005/0.112331]
  7  17 350, 0.115409 [0.001219/5.881959] [2055/0.112331]
Epoch 17 done. Evaluation:
(49992, 50000)
(9084, 10000)
  7  18  50, 0.115056 [0.002113/5.881051] [2146/0.112331]
  7  18 100, 0.113881 [0.001536/5.880586] [2196/0.112331]
  7  18 150, 0.115850 [0.001436/5.880129] [2246/0.112331]
  7  18 200, 0.116229 [0.001133/5.879696] [2296/0.112331]
  7  18 250, 0.115716 [0.001600/5.879270] [2346/0.112331]
  7  18 300, 0.115213 [0.001557/5.878896] [2396/0.112331]
  7  18 350, 0.118435 [0.001573/5.878560] [2446/0.112331]
Epoch 18 done. Evaluation:
(49993, 50000)
(9072, 10000)
  7  19  50, 0.117184 [0.000581/5.877760] [2537/0.112331]
  7  19 100, 0.115892 [0.002780/5.877332] [2587/0.112331]
  7  19 150, 0.114207 [0.001081/5.876858] [2637/0.112331]
  7  19 200, 0.116522 [0.001127/5.876439] [2687/0.112331]
  7  19 250, 0.110953 [0.001756/5.875926] [   0/0.110953]
  7  19 300, 0.116647 [0.001506/5.875539] [  50/0.110953]
  7  19 350, 0.117408 [0.001252/5.875187] [ 100/0.110953]
Epoch 19 done. Evaluation:
(49993, 50000)
(9086, 10000)
  8   0  50, 0.116865 [0.000684/5.874619] [ 191/0.110953]
  8   0 100, 0.115689 [0.000977/5.874383] [ 241/0.110953]
  8   0 150, 0.113473 [0.000722/5.874127] [ 291/0.110953]
  8   0 200, 0.115736 [0.000768/5.873905] [ 341/0.110953]
  8   0 250, 0.114654 [0.000677/5.873700] [ 391/0.110953]
  8   0 300, 0.114261 [0.000526/5.873462] [ 441/0.110953]
  8   0 350, 0.116403 [0.000413/5.873279] [ 491/0.110953]
Epoch 0 done. Evaluation:
(49992, 50000)
(9086, 10000)
  8   1  50, 0.114358 [0.000490/5.872804] [ 582/0.110953]
  8   1 100, 0.115632 [0.000712/5.872596] [ 632/0.110953]
  8   1 150, 0.114414 [0.000884/5.872337] [ 682/0.110953]
  8   1 200, 0.115230 [0.000599/5.872109] [ 732/0.110953]
  8   1 250, 0.116209 [0.001012/5.871924] [ 782/0.110953]
  8   1 300, 0.115123 [0.000526/5.871734] [ 832/0.110953]
  8   1 350, 0.114960 [0.000451/5.871528] [ 882/0.110953]
Epoch 1 done. Evaluation:
(49993, 50000)
(9082, 10000)
  8   2  50, 0.116252 [0.000425/5.871122] [ 973/0.110953]
  8   2 100, 0.116740 [0.000820/5.870905] [1023/0.110953]
  8   2 150, 0.114858 [0.000629/5.870709] [1073/0.110953]
  8   2 200, 0.114285 [0.000419/5.870451] [1123/0.110953]
  8   2 250, 0.114131 [0.000436/5.870228] [1173/0.110953]
  8   2 300, 0.116745 [0.000898/5.870005] [1223/0.110953]
  8   2 350, 0.115332 [0.001011/5.869814] [1273/0.110953]
Epoch 2 done. Evaluation:
(49992, 50000)
(9091, 10000)
  8   3  50, 0.114484 [0.000683/5.869433] [1364/0.110953]
  8   3 100, 0.114335 [0.000659/5.869180] [1414/0.110953]
  8   3 150, 0.115116 [0.000820/5.868958] [1464/0.110953]
  8   3 200, 0.113822 [0.000605/5.868730] [1514/0.110953]
  8   3 250, 0.114071 [0.000570/5.868501] [1564/0.110953]
  8   3 300, 0.115117 [0.000660/5.868270] [1614/0.110953]
  8   3 350, 0.115610 [0.000949/5.868038] [1664/0.110953]
Epoch 3 done. Evaluation:
(49993, 50000)
(9084, 10000)
  8   4  50, 0.114258 [0.000371/5.867594] [1755/0.110953]
  8   4 100, 0.115150 [0.000530/5.867377] [1805/0.110953]
  8   4 150, 0.116654 [0.000739/5.867194] [1855/0.110953]
  8   4 200, 0.114324 [0.000621/5.867000] [1905/0.110953]
  8   4 250, 0.115352 [0.000816/5.866785] [1955/0.110953]
  8   4 300, 0.115723 [0.000463/5.866583] [2005/0.110953]
  8   4 350, 0.114782 [0.000659/5.866367] [2055/0.110953]
Epoch 4 done. Evaluation:
(49993, 50000)
(9080, 10000)
  8   5  50, 0.117105 [0.000605/5.865962] [2146/0.110953]
  8   5 100, 0.114138 [0.000702/5.865739] [2196/0.110953]
  8   5 150, 0.115336 [0.000551/5.865513] [2246/0.110953]
  8   5 200, 0.113341 [0.000729/5.865295] [2296/0.110953]
  8   5 250, 0.115422 [0.000914/5.865077] [2346/0.110953]
  8   5 300, 0.117922 [0.000647/5.864896] [2396/0.110953]
  8   5 350, 0.114427 [0.000644/5.864688] [2446/0.110953]
Epoch 5 done. Evaluation:
(49994, 50000)
(9094, 10000)
  8   6  50, 0.117164 [0.000614/5.864317] [2537/0.110953]
  8   6 100, 0.114787 [0.000879/5.864097] [2587/0.110953]
  8   6 150, 0.114564 [0.000516/5.863873] [2637/0.110953]
  8   6 200, 0.115427 [0.001005/5.863685] [2687/0.110953]
  8   6 250, 0.112918 [0.000491/5.863441] [2737/0.110953]
  8   6 300, 0.116004 [0.000634/5.863261] [2787/0.110953]
  8   6 350, 0.114607 [0.000614/5.863048] [2837/0.110953]
Epoch 6 done. Evaluation:
(49994, 50000)
(9089, 10000)
  8   7  50, 0.112189 [0.000732/5.862587] [2928/0.110953]
  8   7 100, 0.115576 [0.000756/5.862393] [2978/0.110953]
  8   7 150, 0.115076 [0.000506/5.862192] [3028/0.110953]
  8   7 200, 0.113270 [0.000546/5.861969] [3078/0.110953]
  8   7 250, 0.115279 [0.000583/5.861766] [3128/0.110953]
  8   7 300, 0.115139 [0.000649/5.861562] [3178/0.110953]
  8   7 350, 0.116416 [0.000606/5.861352] [3228/0.110953]
Epoch 7 done. Evaluation:
(49994, 50000)
(9081, 10000)
  8   8  50, 0.113782 [0.000509/5.860936] [3319/0.110953]
  8   8 100, 0.116844 [0.000612/5.860776] [3369/0.110953]
  8   8 150, 0.114775 [0.000406/5.860564] [3419/0.110953]
  8   8 200, 0.114581 [0.000624/5.860372] [3469/0.110953]
  8   8 250, 0.116906 [0.000397/5.860151] [3519/0.110953]
  8   8 300, 0.116215 [0.000675/5.859939] [3569/0.110953]
  8   8 350, 0.114552 [0.000916/5.859739] [3619/0.110953]
Epoch 8 done. Evaluation:
(49993, 50000)
(9077, 10000)
  8   9  50, 0.114833 [0.000479/5.859332] [3710/0.110953]
  8   9 100, 0.112664 [0.000391/5.859066] [3760/0.110953]
  8   9 150, 0.117092 [0.000665/5.858880] [3810/0.110953]
  8   9 200, 0.115602 [0.000863/5.858707] [3860/0.110953]
  8   9 250, 0.115491 [0.000865/5.858536] [3910/0.110953]
  8   9 300, 0.116139 [0.000477/5.858356] [3960/0.110953]
  8   9 350, 0.113393 [0.000596/5.858142] [4010/0.110953]
Epoch 9 done. Evaluation:
(49993, 50000)
(9057, 10000)
  8  10  50, 0.114682 [0.000409/5.857737] [4101/0.110953]
  8  10 100, 0.113958 [0.000644/5.857520] [4151/0.110953]
  8  10 150, 0.112296 [0.000434/5.857260] [4201/0.110953]
  8  10 200, 0.113126 [0.000767/5.857027] [4251/0.110953]
  8  10 250, 0.114231 [0.000324/5.856823] [4301/0.110953]
  8  10 300, 0.114556 [0.001389/5.856625] [4351/0.110953]
  8  10 350, 0.113119 [0.000464/5.856388] [4401/0.110953]
Epoch 10 done. Evaluation:
(49993, 50000)
(9080, 10000)
  8  11  50, 0.116064 [0.000580/5.856021] [4492/0.110953]
  8  11 100, 0.114939 [0.000847/5.855828] [4542/0.110953]
  8  11 150, 0.114549 [0.000539/5.855584] [4592/0.110953]
  8  11 200, 0.115235 [0.000620/5.855390] [4642/0.110953]
  8  11 250, 0.117150 [0.000759/5.855234] [4692/0.110953]
  8  11 300, 0.115463 [0.000465/5.855031] [4742/0.110953]
  8  11 350, 0.114250 [0.000660/5.854826] [4792/0.110953]
Epoch 11 done. Evaluation:
(49992, 50000)
(9082, 10000)
  8  12  50, 0.112754 [0.000551/5.854415] [4883/0.110953]
  8  12 100, 0.113122 [0.000427/5.854188] [4933/0.110953]
  8  12 150, 0.116784 [0.000881/5.854001] [4983/0.110953]
  8  12 200, 0.114252 [0.000933/5.853796] [5033/0.110953]
  8  12 250, 0.116092 [0.001201/5.853656] [5083/0.110953]
  8  12 300, 0.114067 [0.000711/5.853480] [5133/0.110953]
  8  12 350, 0.117750 [0.000815/5.853323] [5183/0.110953]
Epoch 12 done. Evaluation:
(49994, 50000)
(9070, 10000)
  8  13  50, 0.115725 [0.000630/5.852945] [5274/0.110953]
  8  13 100, 0.114770 [0.000434/5.852758] [5324/0.110953]
  8  13 150, 0.116189 [0.000609/5.852562] [5374/0.110953]
  8  13 200, 0.114215 [0.000609/5.852332] [5424/0.110953]
  8  13 250, 0.115536 [0.000454/5.852142] [5474/0.110953]
  8  13 300, 0.116431 [0.000416/5.851986] [5524/0.110953]
  8  13 350, 0.114439 [0.000542/5.851774] [5574/0.110953]
Epoch 13 done. Evaluation:
(49991, 50000)
(9072, 10000)
  8  14  50, 0.116302 [0.000441/5.851435] [5665/0.110953]
  8  14 100, 0.114909 [0.000387/5.851243] [5715/0.110953]
  8  14 150, 0.116349 [0.000512/5.851063] [5765/0.110953]
  8  14 200, 0.113066 [0.000388/5.850850] [5815/0.110953]
  8  14 250, 0.115206 [0.000612/5.850659] [5865/0.110953]
  8  14 300, 0.115191 [0.000437/5.850480] [5915/0.110953]
  8  14 350, 0.112813 [0.000824/5.850255] [5965/0.110953]
Epoch 14 done. Evaluation:
(49993, 50000)
(9080, 10000)
  8  15  50, 0.114601 [0.000424/5.849917] [6056/0.110953]
  8  15 100, 0.114377 [0.000722/5.849719] [6106/0.110953]
  8  15 150, 0.115999 [0.000477/5.849495] [6156/0.110953]
  8  15 200, 0.115639 [0.000596/5.849317] [6206/0.110953]
  8  15 250, 0.114560 [0.000914/5.849089] [6256/0.110953]
  8  15 300, 0.113311 [0.000533/5.848888] [6306/0.110953]
  8  15 350, 0.115009 [0.000850/5.848720] [6356/0.110953]
Epoch 15 done. Evaluation:
(49994, 50000)
(9075, 10000)
  8  16  50, 0.114286 [0.000464/5.848387] [6447/0.110953]
  8  16 100, 0.113989 [0.000530/5.848181] [6497/0.110953]
  8  16 150, 0.116711 [0.000673/5.847996] [6547/0.110953]
  8  16 200, 0.112312 [0.000767/5.847783] [6597/0.110953]
  8  16 250, 0.115087 [0.000894/5.847583] [6647/0.110953]
  8  16 300, 0.112305 [0.001296/5.847385] [6697/0.110953]
  8  16 350, 0.114043 [0.000458/5.847189] [6747/0.110953]
Epoch 16 done. Evaluation:
(49991, 50000)
(9074, 10000)
  8  17  50, 0.114579 [0.000519/5.846817] [6838/0.110953]
  8  17 100, 0.116186 [0.000676/5.846631] [6888/0.110953]
  8  17 150, 0.114017 [0.001177/5.846444] [6938/0.110953]
  8  17 200, 0.113879 [0.000759/5.846243] [6988/0.110953]
  8  17 250, 0.115129 [0.000720/5.846060] [7038/0.110953]
  8  17 300, 0.113637 [0.000882/5.845867] [7088/0.110953]
  8  17 350, 0.114937 [0.000758/5.845697] [7138/0.110953]
Epoch 17 done. Evaluation:
(49993, 50000)
(9078, 10000)
  8  18  50, 0.114527 [0.000582/5.845316] [7229/0.110953]
  8  18 100, 0.115208 [0.000507/5.845119] [7279/0.110953]
  8  18 150, 0.118020 [0.000743/5.844969] [7329/0.110953]
  8  18 200, 0.115311 [0.000552/5.844809] [7379/0.110953]
  8  18 250, 0.114059 [0.000853/5.844578] [7429/0.110953]
  8  18 300, 0.115614 [0.000563/5.844423] [7479/0.110953]
  8  18 350, 0.114714 [0.000480/5.844260] [7529/0.110953]
Epoch 18 done. Evaluation:
(49993, 50000)
(9069, 10000)
  8  19  50, 0.114898 [0.000400/5.843924] [7620/0.110953]
  8  19 100, 0.116109 [0.000979/5.843715] [7670/0.110953]
  8  19 150, 0.114973 [0.000571/5.843538] [7720/0.110953]
  8  19 200, 0.116267 [0.000730/5.843402] [7770/0.110953]
  8  19 250, 0.117739 [0.001039/5.843278] [7820/0.110953]
  8  19 300, 0.113603 [0.000707/5.843079] [7870/0.110953]
  8  19 350, 0.113757 [0.000449/5.842863] [7920/0.110953]
Epoch 19 done. Evaluation:
(49993, 50000)
(9076, 10000)
  9   0  50, 0.113861 [0.000372/5.842595] [8011/0.110953]
  9   0 100, 0.116672 [0.000212/5.842512] [8061/0.110953]
  9   0 150, 0.115270 [0.000338/5.842426] [8111/0.110953]
  9   0 200, 0.114481 [0.000334/5.842323] [8161/0.110953]
  9   0 250, 0.115012 [0.000267/5.842233] [8211/0.110953]
  9   0 300, 0.113771 [0.000393/5.842125] [8261/0.110953]
  9   0 350, 0.113937 [0.000191/5.842036] [8311/0.110953]
Epoch 0 done. Evaluation:
(49995, 50000)
(9068, 10000)
  9   1  50, 0.114477 [0.000228/5.841854] [8402/0.110953]
  9   1 100, 0.115506 [0.000351/5.841758] [8452/0.110953]
  9   1 150, 0.117559 [0.000518/5.841696] [8502/0.110953]
  9   1 200, 0.114618 [0.000337/5.841606] [8552/0.110953]
  9   1 250, 0.113005 [0.000236/5.841490] [8602/0.110953]
  9   1 300, 0.115633 [0.000284/5.841407] [8652/0.110953]
  9   1 350, 0.117457 [0.000200/5.841325] [8702/0.110953]
Epoch 1 done. Evaluation:
(49993, 50000)
(9068, 10000)
  9   2  50, 0.114378 [0.000314/5.841138] [8793/0.110953]
  9   2 100, 0.113360 [0.000222/5.841037] [8843/0.110953]
  9   2 150, 0.114715 [0.000442/5.840943] [8893/0.110953]
  9   2 200, 0.116126 [0.000286/5.840860] [8943/0.110953]
  9   2 250, 0.114417 [0.000249/5.840767] [8993/0.110953]
  9   2 300, 0.114442 [0.000251/5.840657] [9043/0.110953]
  9   2 350, 0.115904 [0.000337/5.840587] [9093/0.110953]
Epoch 2 done. Evaluation:
(49993, 50000)
(9065, 10000)
  9   3  50, 0.114635 [0.000272/5.840412] [9184/0.110953]
  9   3 100, 0.116653 [0.000263/5.840337] [9234/0.110953]
  9   3 150, 0.115622 [0.000323/5.840241] [9284/0.110953]
  9   3 200, 0.111697 [0.000348/5.840127] [9334/0.110953]
  9   3 250, 0.111471 [0.000298/5.840011] [9384/0.110953]
  9   3 300, 0.114523 [0.000411/5.839912] [9434/0.110953]
  9   3 350, 0.117087 [0.000379/5.839838] [9484/0.110953]
Epoch 3 done. Evaluation:
(49994, 50000)
(9080, 10000)
  9   4  50, 0.115783 [0.000434/5.839683] [9575/0.110953]
  9   4 100, 0.116855 [0.000339/5.839597] [9625/0.110953]
  9   4 150, 0.114544 [0.000594/5.839504] [9675/0.110953]
  9   4 200, 0.117404 [0.000330/5.839434] [9725/0.110953]
  9   4 250, 0.115501 [0.000273/5.839340] [9775/0.110953]
  9   4 300, 0.114448 [0.000423/5.839254] [9825/0.110953]
  9   4 350, 0.114831 [0.000324/5.839178] [9875/0.110953]
Epoch 4 done. Evaluation:
(49995, 50000)
(9069, 10000)
  9   5  50, 0.116445 [0.000239/5.839023] [9966/0.110953]
  9   5 100, 0.114149 [0.000433/5.838941] [10016/0.110953]
  9   5 150, 0.112925 [0.000327/5.838839] [10066/0.110953]
  9   5 200, 0.114485 [0.000280/5.838745] [10116/0.110953]
  9   5 250, 0.113943 [0.000550/5.838650] [10166/0.110953]
  9   5 300, 0.113995 [0.000327/5.838546] [10216/0.110953]
  9   5 350, 0.115947 [0.000417/5.838468] [10266/0.110953]
Epoch 5 done. Evaluation:
(49994, 50000)
(9068, 10000)
  9   6  50, 0.112450 [0.000351/5.838293] [10357/0.110953]
  9   6 100, 0.112982 [0.000237/5.838186] [10407/0.110953]
  9   6 150, 0.117186 [0.000357/5.838115] [10457/0.110953]
  9   6 200, 0.115620 [0.000263/5.838021] [10507/0.110953]
  9   6 250, 0.114935 [0.000364/5.837932] [10557/0.110953]
  9   6 300, 0.115338 [0.000317/5.837849] [10607/0.110953]
  9   6 350, 0.115842 [0.000296/5.837754] [10657/0.110953]
Epoch 6 done. Evaluation:
(49993, 50000)
(9068, 10000)
  9   7  50, 0.116594 [0.000345/5.837616] [10748/0.110953]
  9   7 100, 0.116990 [0.000311/5.837541] [10798/0.110953]
  9   7 150, 0.115691 [0.000239/5.837467] [10848/0.110953]
  9   7 200, 0.114473 [0.000367/5.837374] [10898/0.110953]
  9   7 250, 0.114675 [0.000360/5.837279] [10948/0.110953]
  9   7 300, 0.113752 [0.000299/5.837175] [10998/0.110953]
  9   7 350, 0.115010 [0.000287/5.837085] [11048/0.110953]
Epoch 7 done. Evaluation:
(49995, 50000)
(9085, 10000)
  9   8  50, 0.114892 [0.000199/5.836925] [11139/0.110953]
  9   8 100, 0.116772 [0.000333/5.836855] [11189/0.110953]
  9   8 150, 0.113686 [0.000389/5.836739] [11239/0.110953]
  9   8 200, 0.117920 [0.000243/5.836667] [11289/0.110953]
  9   8 250, 0.115858 [0.000293/5.836591] [11339/0.110953]
  9   8 300, 0.113013 [0.000221/5.836486] [11389/0.110953]
  9   8 350, 0.116833 [0.000270/5.836420] [11439/0.110953]
Epoch 8 done. Evaluation:
(49993, 50000)
(9070, 10000)
  9   9  50, 0.115175 [0.000356/5.836246] [11530/0.110953]
  9   9 100, 0.113539 [0.000349/5.836139] [11580/0.110953]
  9   9 150, 0.116785 [0.000532/5.836059] [11630/0.110953]
  9   9 200, 0.118654 [0.000259/5.835994] [11680/0.110953]
  9   9 250, 0.115908 [0.000396/5.835903] [11730/0.110953]
  9   9 300, 0.115189 [0.000351/5.835829] [11780/0.110953]
  9   9 350, 0.116507 [0.000383/5.835758] [11830/0.110953]
Epoch 9 done. Evaluation:
(49992, 50000)
(9079, 10000)
  9  10  50, 0.110419 [0.000347/5.835574] [   0/0.110419]
  9  10 100, 0.113201 [0.000225/5.835481] [  50/0.110419]
  9  10 150, 0.117267 [0.000237/5.835412] [ 100/0.110419]
  9  10 200, 0.113673 [0.000568/5.835308] [ 150/0.110419]
  9  10 250, 0.114470 [0.000317/5.835215] [ 200/0.110419]
  9  10 300, 0.117434 [0.000356/5.835148] [ 250/0.110419]
  9  10 350, 0.115948 [0.000715/5.835072] [ 300/0.110419]
Epoch 10 done. Evaluation:
(49993, 50000)
(9071, 10000)
  9  11  50, 0.112133 [0.000309/5.834882] [ 391/0.110419]
  9  11 100, 0.114986 [0.000227/5.834809] [ 441/0.110419]
  9  11 150, 0.113856 [0.000324/5.834706] [ 491/0.110419]
  9  11 200, 0.113218 [0.000414/5.834597] [ 541/0.110419]
  9  11 250, 0.116198 [0.000556/5.834519] [ 591/0.110419]
  9  11 300, 0.116191 [0.000384/5.834429] [ 641/0.110419]
  9  11 350, 0.114740 [0.000276/5.834328] [ 691/0.110419]
Epoch 11 done. Evaluation:
(49994, 50000)
(9059, 10000)
  9  12  50, 0.117146 [0.000768/5.834172] [ 782/0.110419]
  9  12 100, 0.113285 [0.000336/5.834098] [ 832/0.110419]
  9  12 150, 0.116573 [0.000267/5.834027] [ 882/0.110419]
  9  12 200, 0.115601 [0.000616/5.833932] [ 932/0.110419]
  9  12 250, 0.115669 [0.000347/5.833857] [ 982/0.110419]
  9  12 300, 0.117890 [0.000508/5.833789] [1032/0.110419]
  9  12 350, 0.114849 [0.000288/5.833696] [1082/0.110419]
Epoch 12 done. Evaluation:
(49994, 50000)
(9073, 10000)
  9  13  50, 0.116733 [0.000164/5.833565] [1173/0.110419]
  9  13 100, 0.113894 [0.000322/5.833480] [1223/0.110419]
  9  13 150, 0.113951 [0.000339/5.833378] [1273/0.110419]
  9  13 200, 0.112707 [0.000313/5.833269] [1323/0.110419]
  9  13 250, 0.114440 [0.000295/5.833185] [1373/0.110419]
  9  13 300, 0.113384 [0.000319/5.833088] [1423/0.110419]
  9  13 350, 0.115946 [0.000272/5.833013] [1473/0.110419]
Epoch 13 done. Evaluation:
(49994, 50000)
(9066, 10000)
  9  14  50, 0.112815 [0.000499/5.832813] [1564/0.110419]
  9  14 100, 0.115089 [0.000321/5.832732] [1614/0.110419]
  9  14 150, 0.114715 [0.000371/5.832632] [1664/0.110419]
  9  14 200, 0.114553 [0.000328/5.832527] [1714/0.110419]
  9  14 250, 0.114761 [0.000357/5.832453] [1764/0.110419]
  9  14 300, 0.114027 [0.000444/5.832358] [1814/0.110419]
  9  14 350, 0.115988 [0.000256/5.832294] [1864/0.110419]
Epoch 14 done. Evaluation:
(49993, 50000)
(9061, 10000)
  9  15  50, 0.113326 [0.000240/5.832129] [1955/0.110419]
  9  15 100, 0.115558 [0.000354/5.832055] [2005/0.110419]
  9  15 150, 0.114663 [0.000286/5.831956] [2055/0.110419]
  9  15 200, 0.116757 [0.000243/5.831885] [2105/0.110419]
  9  15 250, 0.116243 [0.000248/5.831806] [2155/0.110419]
  9  15 300, 0.115821 [0.000280/5.831727] [2205/0.110419]
  9  15 350, 0.115730 [0.000391/5.831640] [2255/0.110419]
Epoch 15 done. Evaluation:
(49992, 50000)
(9061, 10000)
  9  16  50, 0.114087 [0.000461/5.831484] [2346/0.110419]
  9  16 100, 0.115286 [0.000312/5.831397] [2396/0.110419]
  9  16 150, 0.114293 [0.000389/5.831310] [2446/0.110419]
  9  16 200, 0.112216 [0.000350/5.831213] [2496/0.110419]
  9  16 250, 0.112398 [0.000258/5.831092] [2546/0.110419]
  9  16 300, 0.111460 [0.000440/5.830979] [2596/0.110419]
  9  16 350, 0.111635 [0.000398/5.830860] [2646/0.110419]
Epoch 16 done. Evaluation:
(49993, 50000)
(9071, 10000)
  9  17  50, 0.115222 [0.000325/5.830734] [2737/0.110419]
  9  17 100, 0.114901 [0.000272/5.830645] [2787/0.110419]
  9  17 150, 0.113622 [0.000383/5.830554] [2837/0.110419]
  9  17 200, 0.117345 [0.000426/5.830489] [2887/0.110419]
  9  17 250, 0.116082 [0.000295/5.830410] [2937/0.110419]
  9  17 300, 0.115083 [0.000331/5.830329] [2987/0.110419]
  9  17 350, 0.116493 [0.000314/5.830264] [3037/0.110419]
Epoch 17 done. Evaluation:
(49995, 50000)
(9068, 10000)
  9  18  50, 0.114195 [0.000364/5.830094] [3128/0.110419]
  9  18 100, 0.115948 [0.000286/5.830020] [3178/0.110419]
  9  18 150, 0.113943 [0.000664/5.829937] [3228/0.110419]
  9  18 200, 0.113871 [0.000287/5.829845] [3278/0.110419]
  9  18 250, 0.114618 [0.000253/5.829739] [3328/0.110419]
  9  18 300, 0.115033 [0.000398/5.829664] [3378/0.110419]
  9  18 350, 0.115926 [0.000457/5.829598] [3428/0.110419]
Epoch 18 done. Evaluation:
(49994, 50000)
(9073, 10000)
  9  19  50, 0.115128 [0.000409/5.829451] [3519/0.110419]
  9  19 100, 0.113224 [0.000270/5.829355] [3569/0.110419]
  9  19 150, 0.113009 [0.000382/5.829262] [3619/0.110419]
  9  19 200, 0.114239 [0.000301/5.829168] [3669/0.110419]
  9  19 250, 0.112939 [0.000447/5.829059] [3719/0.110419]
  9  19 300, 0.115726 [0.000343/5.828983] [3769/0.110419]
  9  19 350, 0.114194 [0.000358/5.828880] [3819/0.110419]
Epoch 19 done. Evaluation:
(49994, 50000)
(9075, 10000)
