Sequential (
  (conv1_1): Sequential (
    (0): Conv2d(3, 32, kernel_size=(3, 3), stride=(1, 1), padding=(1, 1))
    (1): BatchNorm2d(32, eps=1e-05, momentum=0.1, affine=True)
    (2): ReLU (inplace)
  )
  (conv1_2): Sequential (
    (0): Conv2d(32, 32, kernel_size=(3, 3), stride=(1, 1), padding=(1, 1))
    (1): BatchNorm2d(32, eps=1e-05, momentum=0.1, affine=True)
    (2): ReLU (inplace)
  )
  (pool1): MaxPool2d (size=(2, 2), stride=(2, 2), dilation=(1, 1))
  (conv2_1): Sequential (
    (0): Conv2d(32, 64, kernel_size=(3, 3), stride=(1, 1), padding=(1, 1))
    (1): BatchNorm2d(64, eps=1e-05, momentum=0.1, affine=True)
    (2): ReLU (inplace)
  )
  (conv2_2): Sequential (
    (0): Conv2d(64, 64, kernel_size=(3, 3), stride=(1, 1), padding=(1, 1))
    (1): BatchNorm2d(64, eps=1e-05, momentum=0.1, affine=True)
    (2): ReLU (inplace)
  )
  (pool2): MaxPool2d (size=(2, 2), stride=(2, 2), dilation=(1, 1))
  (conv3_1): Sequential (
    (0): Conv2d(64, 128, kernel_size=(3, 3), stride=(1, 1), padding=(1, 1))
    (1): BatchNorm2d(128, eps=1e-05, momentum=0.1, affine=True)
    (2): ReLU (inplace)
  )
  (conv3_2): Sequential (
    (0): Conv2d(128, 128, kernel_size=(3, 3), stride=(1, 1), padding=(1, 1))
    (1): BatchNorm2d(128, eps=1e-05, momentum=0.1, affine=True)
    (2): ReLU (inplace)
  )
  (pool3): MaxPool2d (size=(2, 2), stride=(2, 2), dilation=(1, 1))
  (conv4_1): Sequential (
    (0): Conv2d(128, 256, kernel_size=(3, 3), stride=(1, 1), padding=(1, 1))
    (1): BatchNorm2d(256, eps=1e-05, momentum=0.1, affine=True)
    (2): ReLU (inplace)
  )
  (conv4_2): Sequential (
    (0): Conv2d(256, 256, kernel_size=(3, 3), stride=(1, 1), padding=(1, 1))
    (1): BatchNorm2d(256, eps=1e-05, momentum=0.1, affine=True)
    (2): ReLU (inplace)
  )
  (pool4): MaxPool2d (size=(2, 2), stride=(2, 2), dilation=(1, 1))
  (conv5_1): Sequential (
    (0): Conv2d(256, 256, kernel_size=(3, 3), stride=(1, 1), padding=(1, 1))
    (1): BatchNorm2d(256, eps=1e-05, momentum=0.1, affine=True)
    (2): ReLU (inplace)
  )
  (conv5_2): Sequential (
    (0): Conv2d(256, 256, kernel_size=(3, 3), stride=(1, 1), padding=(1, 1))
    (1): BatchNorm2d(256, eps=1e-05, momentum=0.1, affine=True)
    (2): ReLU (inplace)
  )
  (pool5): MaxPool2d (size=(2, 2), stride=(2, 2), dilation=(1, 1))
  (fc6): Sequential (
    (0): Conv2d(256, 256, kernel_size=(1, 1), stride=(1, 1))
    (1): BatchNorm2d(256, eps=1e-05, momentum=0.1, affine=True)
    (2): ReLU (inplace)
  )
  (logit): Conv2d(256, 10, kernel_size=(1, 1), stride=(1, 1))
  (flatter): Flatten()
)
{'L1_decay': 5e-06,
 'batch_size': 128,
 'force_name': True,
 'graphfolder': 'logs/gxp1_graphs/',
 'last2_mult': 0.1,
 'learning_rate': 0.1,
 'logfile': 'logs/gxp1.log',
 'mode': '',
 'name': 'gxp1',
 'num_base': 32,
 'optimizer': 'SGD_var_dup2_last2_mult',
 'weight_decay': 0.00016}
0.00218716850828
0.0231333984978
0.0116596340829
0.0232108906977
0.0114630210228
0.0229332538237
0.0115806869503
0.023039608962
0.0115335898787
0.0115399914692
6.47617484738e-05
6.23919542674e-05
Decayed training with schedule: [20, 20, 20, 20, 20, 20, 20, 20, 20, 20]
  0   0  50, 1.805603 [0.457469/67.781030] [   0/1.805603]
  0   0 100, 1.480561 [0.384298/63.876703] [   0/1.480561]
  0   0 150, 1.349546 [0.430887/60.373550] [   0/1.349546]
  0   0 200, 1.290687 [0.409028/57.221272] [   0/1.290687]
  0   0 250, 1.199340 [0.396629/54.393288] [   0/1.199340]
  0   0 300, 1.080849 [0.357440/51.850084] [   0/1.080849]
  0   0 350, 1.075537 [0.359260/49.562911] [   0/1.075537]
Epoch 0 done. Evaluation:
(26563, 50000)
(5832, 10000)
  0   1  50, 0.960801 [0.442690/45.982360] [   0/0.960801]
  0   1 100, 0.921105 [0.367581/44.287120] [   0/0.921105]
  0   1 150, 0.915693 [0.428022/42.767105] [   0/0.915693]
  0   1 200, 0.893798 [0.514300/41.394522] [   0/0.893798]
  0   1 250, 0.871954 [0.388967/40.151737] [   0/0.871954]
  0   1 300, 0.822607 [0.465692/39.039632] [   0/0.822607]
  0   1 350, 0.855908 [0.482307/38.036131] [  50/0.822607]
Epoch 1 done. Evaluation:
(34567, 50000)
(5871, 10000)
  0   2  50, 0.793601 [0.484064/36.475801] [   0/0.793601]
  0   2 100, 0.785712 [0.384217/35.735013] [   0/0.785712]
  0   2 150, 0.791212 [0.387429/35.069722] [  50/0.785712]
  0   2 200, 0.776785 [0.367170/34.470499] [   0/0.776785]
  0   2 250, 0.745085 [0.437442/33.936000] [   0/0.745085]
  0   2 300, 0.757503 [0.406225/33.449214] [  50/0.745085]
  0   2 350, 0.748717 [0.433150/33.007885] [ 100/0.745085]
Epoch 2 done. Evaluation:
(36655, 50000)
(3337, 10000)
  0   3  50, 0.741096 [0.406281/32.330596] [   0/0.741096]
  0   3 100, 0.752097 [0.433168/32.014094] [  50/0.741096]
  0   3 150, 0.711754 [0.510282/31.726285] [   0/0.711754]
  0   3 200, 0.714901 [0.454031/31.459146] [  50/0.711754]
  0   3 250, 0.711818 [0.392189/31.224180] [ 100/0.711754]
  0   3 300, 0.721358 [0.410367/31.017957] [ 150/0.711754]
  0   3 350, 0.700607 [0.531517/30.822692] [   0/0.700607]
Epoch 3 done. Evaluation:
(37472, 50000)
(6404, 10000)
  0   4  50, 0.654234 [0.412684/30.506658] [   0/0.654234]
  0   4 100, 0.709496 [0.473002/30.368436] [  50/0.654234]
  0   4 150, 0.699825 [0.421618/30.244211] [ 100/0.654234]
  0   4 200, 0.676284 [0.519181/30.126740] [ 150/0.654234]
  0   4 250, 0.688641 [0.525232/30.023564] [ 200/0.654234]
  0   4 300, 0.736688 [0.484549/29.924977] [ 250/0.654234]
  0   4 350, 0.685291 [0.431878/29.824964] [ 300/0.654234]
Epoch 4 done. Evaluation:
(38036, 50000)
(6097, 10000)
  0   5  50, 0.656995 [0.483172/29.697373] [ 391/0.654234]
  0   5 100, 0.665121 [0.486434/29.631683] [ 441/0.654234]
  0   5 150, 0.662173 [0.614266/29.573087] [ 491/0.654234]
  0   5 200, 0.666038 [0.391403/29.514327] [ 541/0.654234]
  0   5 250, 0.651737 [0.466655/29.456592] [   0/0.651737]
  0   5 300, 0.682617 [0.491840/29.413014] [  50/0.651737]
  0   5 350, 0.673169 [0.444429/29.366923] [ 100/0.651737]
Epoch 5 done. Evaluation:
(38608, 50000)
(4903, 10000)
  0   6  50, 0.648412 [0.556290/29.288426] [   0/0.648412]
  0   6 100, 0.658205 [0.457872/29.256816] [  50/0.648412]
  0   6 150, 0.682098 [0.509768/29.227891] [ 100/0.648412]
  0   6 200, 0.644131 [0.398227/29.194794] [   0/0.644131]
  0   6 250, 0.645078 [0.421368/29.164547] [  50/0.644131]
  0   6 300, 0.679306 [0.425226/29.134044] [ 100/0.644131]
  0   6 350, 0.644330 [0.395050/29.097719] [ 150/0.644131]
Epoch 6 done. Evaluation:
(38706, 50000)
(5535, 10000)
  0   7  50, 0.622910 [0.420570/29.054979] [   0/0.622910]
  0   7 100, 0.647657 [0.487334/29.038223] [  50/0.622910]
  0   7 150, 0.663820 [0.469079/29.014510] [ 100/0.622910]
  0   7 200, 0.639667 [0.512888/28.993051] [ 150/0.622910]
  0   7 250, 0.645020 [0.464399/28.970122] [ 200/0.622910]
  0   7 300, 0.627716 [0.401827/28.946727] [ 250/0.622910]
  0   7 350, 0.664745 [0.457682/28.920546] [ 300/0.622910]
Epoch 7 done. Evaluation:
(39018, 50000)
(5642, 10000)
  0   8  50, 0.612819 [0.481208/28.902717] [   0/0.612819]
  0   8 100, 0.639730 [0.601777/28.881729] [  50/0.612819]
  0   8 150, 0.632021 [0.437154/28.858783] [ 100/0.612819]
  0   8 200, 0.643708 [0.564537/28.836042] [ 150/0.612819]
  0   8 250, 0.632325 [0.458929/28.815078] [ 200/0.612819]
  0   8 300, 0.638026 [0.387480/28.793394] [ 250/0.612819]
  0   8 350, 0.635331 [0.440889/28.767155] [ 300/0.612819]
Epoch 8 done. Evaluation:
(39060, 50000)
(5190, 10000)
  0   9  50, 0.624076 [0.466804/28.757906] [ 391/0.612819]
  0   9 100, 0.614152 [0.385231/28.747061] [ 441/0.612819]
  0   9 150, 0.625157 [0.510649/28.735942] [ 491/0.612819]
  0   9 200, 0.640713 [0.602324/28.719414] [ 541/0.612819]
  0   9 250, 0.630953 [0.491550/28.705315] [ 591/0.612819]
  0   9 300, 0.619229 [0.435908/28.686092] [ 641/0.612819]
  0   9 350, 0.638908 [0.530951/28.666233] [ 691/0.612819]
Epoch 9 done. Evaluation:
(39289, 50000)
(5528, 10000)
  0  10  50, 0.610614 [0.540703/28.643487] [   0/0.610614]
  0  10 100, 0.593321 [0.489553/28.641715] [   0/0.593321]
  0  10 150, 0.629443 [0.427245/28.624959] [  50/0.593321]
  0  10 200, 0.632924 [0.350861/28.610557] [ 100/0.593321]
  0  10 250, 0.613800 [0.497631/28.594647] [ 150/0.593321]
  0  10 300, 0.647833 [0.421913/28.583982] [ 200/0.593321]
  0  10 350, 0.607273 [0.359583/28.570537] [ 250/0.593321]
Epoch 10 done. Evaluation:
(39451, 50000)
(4063, 10000)
  0  11  50, 0.602497 [0.516178/28.545989] [ 341/0.593321]
  0  11 100, 0.652491 [0.496413/28.546121] [ 391/0.593321]
  0  11 150, 0.606214 [0.436098/28.531495] [ 441/0.593321]
  0  11 200, 0.600981 [0.376173/28.517242] [ 491/0.593321]
  0  11 250, 0.636105 [0.400919/28.504882] [ 541/0.593321]
  0  11 300, 0.594696 [0.473168/28.478482] [ 591/0.593321]
  0  11 350, 0.621938 [0.546106/28.470260] [ 641/0.593321]
Epoch 11 done. Evaluation:
(39406, 50000)
(5720, 10000)
  0  12  50, 0.576388 [0.464577/28.445881] [   0/0.576388]
  0  12 100, 0.601608 [0.426568/28.438298] [  50/0.576388]
  0  12 150, 0.590881 [0.467224/28.425642] [ 100/0.576388]
  0  12 200, 0.605479 [0.449434/28.408518] [ 150/0.576388]
  0  12 250, 0.604153 [0.497043/28.396655] [ 200/0.576388]
  0  12 300, 0.619979 [0.426962/28.373213] [ 250/0.576388]
  0  12 350, 0.622652 [0.430469/28.367305] [ 300/0.576388]
Epoch 12 done. Evaluation:
(39641, 50000)
(6528, 10000)
  0  13  50, 0.596799 [0.384787/28.343866] [ 391/0.576388]
  0  13 100, 0.576502 [0.488763/28.334035] [ 441/0.576388]
  0  13 150, 0.618131 [0.687136/28.336819] [ 491/0.576388]
  0  13 200, 0.599472 [0.370518/28.320069] [ 541/0.576388]
  0  13 250, 0.623582 [0.499246/28.306094] [ 591/0.576388]
  0  13 300, 0.614403 [0.452864/28.292856] [ 641/0.576388]
  0  13 350, 0.595052 [0.450090/28.276405] [ 691/0.576388]
Epoch 13 done. Evaluation:
(39777, 50000)
(5660, 10000)
  0  14  50, 0.603717 [0.489840/28.259452] [ 782/0.576388]
  0  14 100, 0.559218 [0.458504/28.248152] [   0/0.559218]
  0  14 150, 0.631269 [0.431214/28.242383] [  50/0.559218]
  0  14 200, 0.595273 [0.525768/28.225491] [ 100/0.559218]
  0  14 250, 0.608718 [0.513868/28.221196] [ 150/0.559218]
  0  14 300, 0.613154 [0.485413/28.206823] [ 200/0.559218]
  0  14 350, 0.615814 [0.412555/28.192990] [ 250/0.559218]
Epoch 14 done. Evaluation:
(39662, 50000)
(3997, 10000)
  0  15  50, 0.583943 [0.506732/28.179892] [ 341/0.559218]
  0  15 100, 0.577114 [0.418141/28.174204] [ 391/0.559218]
  0  15 150, 0.602722 [0.425231/28.160693] [ 441/0.559218]
  0  15 200, 0.600202 [0.456764/28.149442] [ 491/0.559218]
  0  15 250, 0.600283 [0.590637/28.135514] [ 541/0.559218]
  0  15 300, 0.601056 [0.405590/28.115751] [ 591/0.559218]
  0  15 350, 0.581567 [0.520769/28.103845] [ 641/0.559218]
Epoch 15 done. Evaluation:
(39832, 50000)
(4464, 10000)
  0  16  50, 0.584768 [0.514690/28.103282] [ 732/0.559218]
  0  16 100, 0.579572 [0.413161/28.085946] [ 782/0.559218]
  0  16 150, 0.561838 [0.388081/28.070419] [ 832/0.559218]
  0  16 200, 0.618496 [0.434834/28.052875] [ 882/0.559218]
  0  16 250, 0.621379 [0.445115/28.048720] [ 932/0.559218]
  0  16 300, 0.587412 [0.539870/28.040770] [ 982/0.559218]
  0  16 350, 0.586984 [0.453719/28.022655] [1032/0.559218]
Epoch 16 done. Evaluation:
(39829, 50000)
(5066, 10000)
  0  17  50, 0.559746 [0.450480/28.000405] [1123/0.559218]
  0  17 100, 0.588658 [0.495458/27.997556] [1173/0.559218]
  0  17 150, 0.578202 [0.382708/27.981268] [1223/0.559218]
  0  17 200, 0.595064 [0.490316/27.980366] [1273/0.559218]
  0  17 250, 0.594187 [0.366876/27.973006] [1323/0.559218]
  0  17 300, 0.571902 [0.439105/27.955532] [1373/0.559218]
  0  17 350, 0.613112 [0.434407/27.947561] [1423/0.559218]
Epoch 17 done. Evaluation:
(39894, 50000)
(6892, 10000)
  0  18  50, 0.545346 [0.506836/27.928083] [   0/0.545346]
  0  18 100, 0.576811 [0.377750/27.918272] [  50/0.545346]
  0  18 150, 0.588214 [0.391098/27.915233] [ 100/0.545346]
  0  18 200, 0.593525 [0.385350/27.899717] [ 150/0.545346]
  0  18 250, 0.603582 [0.464287/27.898910] [ 200/0.545346]
  0  18 300, 0.622652 [0.535166/27.889901] [ 250/0.545346]
  0  18 350, 0.603146 [0.448703/27.876377] [ 300/0.545346]
Epoch 18 done. Evaluation:
(39881, 50000)
(3734, 10000)
  0  19  50, 0.579446 [0.435387/27.862130] [ 391/0.545346]
  0  19 100, 0.569380 [0.445528/27.853452] [ 441/0.545346]
  0  19 150, 0.577864 [0.439401/27.843915] [ 491/0.545346]
  0  19 200, 0.599502 [0.598459/27.837644] [ 541/0.545346]
  0  19 250, 0.594131 [0.425777/27.837360] [ 591/0.545346]
  0  19 300, 0.602907 [0.442710/27.826485] [ 641/0.545346]
  0  19 350, 0.572052 [0.519953/27.806374] [ 691/0.545346]
Epoch 19 done. Evaluation:
(40110, 50000)
(6100, 10000)
  1   0  50, 0.438804 [0.199837/27.739732] [   0/0.438804]
  1   0 100, 0.403440 [0.195626/27.695369] [   0/0.403440]
  1   0 150, 0.395661 [0.291587/27.658063] [   0/0.395661]
  1   0 200, 0.410397 [0.233338/27.624147] [  50/0.395661]
  1   0 250, 0.424154 [0.250775/27.599131] [ 100/0.395661]
  1   0 300, 0.425446 [0.287194/27.575965] [ 150/0.395661]
  1   0 350, 0.437035 [0.330009/27.560087] [ 200/0.395661]
Epoch 0 done. Evaluation:
(42790, 50000)
(7159, 10000)
  1   1  50, 0.383151 [0.269866/27.537149] [   0/0.383151]
  1   1 100, 0.412053 [0.286115/27.525492] [  50/0.383151]
  1   1 150, 0.424963 [0.270039/27.518098] [ 100/0.383151]
  1   1 200, 0.428484 [0.241747/27.512937] [ 150/0.383151]
  1   1 250, 0.456308 [0.258054/27.506818] [ 200/0.383151]
  1   1 300, 0.447047 [0.315987/27.501045] [ 250/0.383151]
  1   1 350, 0.454700 [0.342872/27.496454] [ 300/0.383151]
Epoch 1 done. Evaluation:
(42573, 50000)
(7541, 10000)
  1   2  50, 0.383332 [0.290707/27.480730] [ 391/0.383151]
  1   2 100, 0.408276 [0.287306/27.473468] [ 441/0.383151]
  1   2 150, 0.434371 [0.307006/27.473199] [ 491/0.383151]
  1   2 200, 0.441479 [0.303172/27.473376] [ 541/0.383151]
  1   2 250, 0.429946 [0.205519/27.472789] [ 591/0.383151]
  1   2 300, 0.446562 [0.277910/27.469028] [ 641/0.383151]
  1   2 350, 0.443209 [0.237407/27.462597] [ 691/0.383151]
Epoch 2 done. Evaluation:
(42657, 50000)
(6056, 10000)
  1   3  50, 0.419250 [0.296654/27.458277] [ 782/0.383151]
  1   3 100, 0.413388 [0.263447/27.458770] [ 832/0.383151]
  1   3 150, 0.438459 [0.241342/27.455747] [ 882/0.383151]
  1   3 200, 0.445650 [0.302755/27.452548] [ 932/0.383151]
  1   3 250, 0.440622 [0.255774/27.445507] [ 982/0.383151]
  1   3 300, 0.424639 [0.290476/27.438254] [1032/0.383151]
  1   3 350, 0.438386 [0.257162/27.437159] [1082/0.383151]
Epoch 3 done. Evaluation:
(42510, 50000)
(7614, 10000)
  1   4  50, 0.403237 [0.283161/27.434564] [1173/0.383151]
  1   4 100, 0.412220 [0.270327/27.437963] [1223/0.383151]
  1   4 150, 0.425208 [0.275532/27.438100] [1273/0.383151]
  1   4 200, 0.448445 [0.296705/27.434062] [1323/0.383151]
  1   4 250, 0.428033 [0.325325/27.433540] [1373/0.383151]
  1   4 300, 0.424308 [0.332096/27.428510] [1423/0.383151]
  1   4 350, 0.419540 [0.251433/27.423452] [1473/0.383151]
Epoch 4 done. Evaluation:
(42636, 50000)
(6800, 10000)
  1   5  50, 0.416177 [0.255083/27.423352] [1564/0.383151]
  1   5 100, 0.405408 [0.265375/27.421994] [1614/0.383151]
  1   5 150, 0.409378 [0.260590/27.421322] [1664/0.383151]
  1   5 200, 0.447353 [0.275390/27.422539] [1714/0.383151]
  1   5 250, 0.432947 [0.294083/27.421552] [1764/0.383151]
  1   5 300, 0.440701 [0.261297/27.412851] [1814/0.383151]
  1   5 350, 0.417014 [0.268749/27.400985] [1864/0.383151]
Epoch 5 done. Evaluation:
(42771, 50000)
(7504, 10000)
  1   6  50, 0.384917 [0.273100/27.394713] [1955/0.383151]
  1   6 100, 0.415857 [0.296215/27.397594] [2005/0.383151]
  1   6 150, 0.399378 [0.245913/27.395745] [2055/0.383151]
  1   6 200, 0.427129 [0.266304/27.397170] [2105/0.383151]
  1   6 250, 0.447490 [0.266996/27.394469] [2155/0.383151]
  1   6 300, 0.442134 [0.298579/27.387206] [2205/0.383151]
  1   6 350, 0.407069 [0.298389/27.382420] [2255/0.383151]
Epoch 6 done. Evaluation:
(42739, 50000)
(6255, 10000)
  1   7  50, 0.378553 [0.319693/27.376406] [   0/0.378553]
  1   7 100, 0.394000 [0.314498/27.373582] [  50/0.378553]
  1   7 150, 0.402925 [0.310422/27.373504] [ 100/0.378553]
  1   7 200, 0.445652 [0.305935/27.375032] [ 150/0.378553]
  1   7 250, 0.427165 [0.268528/27.372880] [ 200/0.378553]
  1   7 300, 0.432259 [0.281287/27.370790] [ 250/0.378553]
  1   7 350, 0.426632 [0.341091/27.365520] [ 300/0.378553]
Epoch 7 done. Evaluation:
(42768, 50000)
(5817, 10000)
  1   8  50, 0.378308 [0.281637/27.364019] [   0/0.378308]
  1   8 100, 0.400418 [0.308171/27.361560] [  50/0.378308]
  1   8 150, 0.419885 [0.265217/27.363031] [ 100/0.378308]
  1   8 200, 0.397888 [0.352868/27.358355] [ 150/0.378308]
  1   8 250, 0.422817 [0.249440/27.353315] [ 200/0.378308]
  1   8 300, 0.440967 [0.297476/27.351197] [ 250/0.378308]
  1   8 350, 0.423385 [0.294474/27.346169] [ 300/0.378308]
Epoch 8 done. Evaluation:
(42931, 50000)
(6562, 10000)
  1   9  50, 0.385722 [0.313069/27.336869] [ 391/0.378308]
  1   9 100, 0.383965 [0.396910/27.333304] [ 441/0.378308]
  1   9 150, 0.424109 [0.309584/27.330226] [ 491/0.378308]
  1   9 200, 0.456852 [0.342703/27.330895] [ 541/0.378308]
  1   9 250, 0.403324 [0.295822/27.325939] [ 591/0.378308]
  1   9 300, 0.431823 [0.327801/27.325166] [ 641/0.378308]
  1   9 350, 0.433411 [0.375216/27.322888] [ 691/0.378308]
Epoch 9 done. Evaluation:
(42745, 50000)
(7691, 10000)
  1  10  50, 0.365187 [0.281498/27.311413] [   0/0.365187]
  1  10 100, 0.390817 [0.319663/27.311323] [  50/0.365187]
  1  10 150, 0.403549 [0.312696/27.313475] [ 100/0.365187]
  1  10 200, 0.403069 [0.384977/27.313040] [ 150/0.365187]
  1  10 250, 0.426193 [0.291699/27.313618] [ 200/0.365187]
  1  10 300, 0.433155 [0.320257/27.309442] [ 250/0.365187]
  1  10 350, 0.416565 [0.232019/27.302899] [ 300/0.365187]
Epoch 10 done. Evaluation:
(42879, 50000)
(7407, 10000)
  1  11  50, 0.362476 [0.253338/27.292610] [   0/0.362476]
  1  11 100, 0.399533 [0.232573/27.288642] [  50/0.362476]
  1  11 150, 0.413288 [0.262780/27.292875] [ 100/0.362476]
  1  11 200, 0.425275 [0.412550/27.287692] [ 150/0.362476]
  1  11 250, 0.400640 [0.278297/27.280638] [ 200/0.362476]
  1  11 300, 0.405544 [0.334459/27.278212] [ 250/0.362476]
  1  11 350, 0.420974 [0.239545/27.274515] [ 300/0.362476]
Epoch 11 done. Evaluation:
(42947, 50000)
(7377, 10000)
  1  12  50, 0.404533 [0.322765/27.268420] [ 391/0.362476]
  1  12 100, 0.386331 [0.346330/27.264854] [ 441/0.362476]
  1  12 150, 0.393887 [0.268579/27.262791] [ 491/0.362476]
  1  12 200, 0.420167 [0.326949/27.259363] [ 541/0.362476]
  1  12 250, 0.417004 [0.312411/27.254876] [ 591/0.362476]
  1  12 300, 0.397070 [0.335595/27.247000] [ 641/0.362476]
  1  12 350, 0.412716 [0.317985/27.247699] [ 691/0.362476]
Epoch 12 done. Evaluation:
(42960, 50000)
(6226, 10000)
  1  13  50, 0.366084 [0.253174/27.245268] [ 782/0.362476]
  1  13 100, 0.420536 [0.241182/27.243773] [ 832/0.362476]
  1  13 150, 0.387424 [0.298014/27.238649] [ 882/0.362476]
  1  13 200, 0.385228 [0.280612/27.237736] [ 932/0.362476]
  1  13 250, 0.432006 [0.255295/27.240570] [ 982/0.362476]
  1  13 300, 0.431230 [0.260049/27.239250] [1032/0.362476]
  1  13 350, 0.421437 [0.373040/27.234095] [1082/0.362476]
Epoch 13 done. Evaluation:
(42932, 50000)
(7771, 10000)
  1  14  50, 0.365319 [0.377986/27.225762] [1173/0.362476]
  1  14 100, 0.392494 [0.334790/27.224617] [1223/0.362476]
  1  14 150, 0.415542 [0.261507/27.218197] [1273/0.362476]
  1  14 200, 0.426235 [0.239549/27.214162] [1323/0.362476]
  1  14 250, 0.413642 [0.329884/27.208034] [1373/0.362476]
  1  14 300, 0.394843 [0.285386/27.199044] [1423/0.362476]
  1  14 350, 0.396753 [0.387606/27.194569] [1473/0.362476]
Epoch 14 done. Evaluation:
(43039, 50000)
(7069, 10000)
  1  15  50, 0.376153 [0.264761/27.188021] [1564/0.362476]
  1  15 100, 0.404667 [0.271017/27.194953] [1614/0.362476]
  1  15 150, 0.412997 [0.281987/27.195080] [1664/0.362476]
  1  15 200, 0.415261 [0.453429/27.196306] [1714/0.362476]
  1  15 250, 0.429576 [0.327203/27.194625] [1764/0.362476]
  1  15 300, 0.420412 [0.283851/27.186054] [1814/0.362476]
  1  15 350, 0.415510 [0.297185/27.182001] [1864/0.362476]
Epoch 15 done. Evaluation:
(42872, 50000)
(4839, 10000)
  1  16  50, 0.385574 [0.283867/27.170914] [1955/0.362476]
  1  16 100, 0.389138 [0.409965/27.172586] [2005/0.362476]
  1  16 150, 0.405700 [0.272982/27.169764] [2055/0.362476]
  1  16 200, 0.382714 [0.284989/27.165293] [2105/0.362476]
  1  16 250, 0.435768 [0.285567/27.165362] [2155/0.362476]
  1  16 300, 0.395317 [0.279970/27.157114] [2205/0.362476]
  1  16 350, 0.430577 [0.329005/27.156412] [2255/0.362476]
Epoch 16 done. Evaluation:
(43131, 50000)
(6751, 10000)
  1  17  50, 0.397717 [0.288311/27.148804] [2346/0.362476]
  1  17 100, 0.391036 [0.291669/27.145000] [2396/0.362476]
  1  17 150, 0.412529 [0.311643/27.143147] [2446/0.362476]
  1  17 200, 0.405794 [0.283536/27.139159] [2496/0.362476]
  1  17 250, 0.397816 [0.274590/27.136712] [2546/0.362476]
  1  17 300, 0.428982 [0.289525/27.137497] [2596/0.362476]
  1  17 350, 0.385227 [0.304255/27.126208] [2646/0.362476]
Epoch 17 done. Evaluation:
(42973, 50000)
(7007, 10000)
  1  18  50, 0.374706 [0.344135/27.123377] [2737/0.362476]
  1  18 100, 0.384188 [0.250412/27.118873] [2787/0.362476]
  1  18 150, 0.394134 [0.321677/27.117744] [2837/0.362476]
  1  18 200, 0.402678 [0.362178/27.115420] [2887/0.362476]
  1  18 250, 0.411624 [0.403664/27.108038] [2937/0.362476]
  1  18 300, 0.425933 [0.258237/27.100548] [2987/0.362476]
  1  18 350, 0.412557 [0.323589/27.095091] [3037/0.362476]
Epoch 18 done. Evaluation:
(43072, 50000)
(6738, 10000)
  1  19  50, 0.370692 [0.337921/27.086194] [3128/0.362476]
  1  19 100, 0.376401 [0.270184/27.084847] [3178/0.362476]
  1  19 150, 0.402309 [0.257732/27.085696] [3228/0.362476]
  1  19 200, 0.385817 [0.354248/27.082845] [3278/0.362476]
  1  19 250, 0.435135 [0.326830/27.086642] [3328/0.362476]
  1  19 300, 0.417953 [0.253655/27.082684] [3378/0.362476]
  1  19 350, 0.394312 [0.287860/27.076970] [3428/0.362476]
Epoch 19 done. Evaluation:
(43194, 50000)
(7161, 10000)
  2   0  50, 0.274851 [0.092110/27.048678] [   0/0.274851]
  2   0 100, 0.245565 [0.130547/27.025238] [   0/0.245565]
  2   0 150, 0.249236 [0.123593/27.004347] [  50/0.245565]
  2   0 200, 0.259884 [0.130398/26.984888] [ 100/0.245565]
  2   0 250, 0.276575 [0.156079/26.969565] [ 150/0.245565]
  2   0 300, 0.278516 [0.180236/26.953862] [ 200/0.245565]
  2   0 350, 0.270916 [0.169339/26.939321] [ 250/0.245565]
Epoch 0 done. Evaluation:
(45390, 50000)
(8206, 10000)
  2   1  50, 0.216150 [0.177692/26.916314] [   0/0.216150]
  2   1 100, 0.246541 [0.167888/26.906499] [  50/0.216150]
  2   1 150, 0.262821 [0.203519/26.896798] [ 100/0.216150]
  2   1 200, 0.268013 [0.158626/26.891429] [ 150/0.216150]
  2   1 250, 0.248593 [0.220541/26.885516] [ 200/0.216150]
  2   1 300, 0.273554 [0.177450/26.878170] [ 250/0.216150]
  2   1 350, 0.266286 [0.221365/26.873611] [ 300/0.216150]
Epoch 1 done. Evaluation:
(45637, 50000)
(7395, 10000)
  2   2  50, 0.225326 [0.201290/26.862897] [ 391/0.216150]
  2   2 100, 0.241316 [0.170878/26.858640] [ 441/0.216150]
  2   2 150, 0.268886 [0.160436/26.855799] [ 491/0.216150]
  2   2 200, 0.251671 [0.135269/26.853691] [ 541/0.216150]
  2   2 250, 0.271473 [0.229440/26.850776] [ 591/0.216150]
  2   2 300, 0.273296 [0.185971/26.846721] [ 641/0.216150]
  2   2 350, 0.268659 [0.218238/26.843074] [ 691/0.216150]
Epoch 2 done. Evaluation:
(45495, 50000)
(7490, 10000)
  2   3  50, 0.249442 [0.152351/26.838144] [ 782/0.216150]
  2   3 100, 0.251196 [0.195538/26.838489] [ 832/0.216150]
  2   3 150, 0.268264 [0.188618/26.838231] [ 882/0.216150]
  2   3 200, 0.256410 [0.175110/26.835886] [ 932/0.216150]
  2   3 250, 0.281419 [0.210193/26.837647] [ 982/0.216150]
  2   3 300, 0.290745 [0.195070/26.836539] [1032/0.216150]
  2   3 350, 0.281502 [0.185987/26.836428] [1082/0.216150]
Epoch 3 done. Evaluation:
(45319, 50000)
(6999, 10000)
  2   4  50, 0.239677 [0.220193/26.833505] [1173/0.216150]
  2   4 100, 0.230601 [0.184747/26.830388] [1223/0.216150]
  2   4 150, 0.260539 [0.171009/26.828257] [1273/0.216150]
  2   4 200, 0.245158 [0.286633/26.826927] [1323/0.216150]
  2   4 250, 0.292709 [0.228263/26.829649] [1373/0.216150]
  2   4 300, 0.278621 [0.256882/26.830014] [1423/0.216150]
  2   4 350, 0.288013 [0.153390/26.828490] [1473/0.216150]
Epoch 4 done. Evaluation:
(45462, 50000)
(8050, 10000)
  2   5  50, 0.231318 [0.184990/26.826783] [1564/0.216150]
  2   5 100, 0.231100 [0.226842/26.825414] [1614/0.216150]
  2   5 150, 0.252804 [0.189772/26.826167] [1664/0.216150]
  2   5 200, 0.266469 [0.195097/26.826494] [1714/0.216150]
  2   5 250, 0.275300 [0.211002/26.825843] [1764/0.216150]
  2   5 300, 0.273286 [0.226503/26.825629] [1814/0.216150]
  2   5 350, 0.287466 [0.203066/26.826035] [1864/0.216150]
Epoch 5 done. Evaluation:
(45546, 50000)
(7408, 10000)
  2   6  50, 0.228852 [0.210585/26.819298] [1955/0.216150]
  2   6 100, 0.251591 [0.198421/26.820064] [2005/0.216150]
  2   6 150, 0.272589 [0.185164/26.822979] [2055/0.216150]
  2   6 200, 0.241926 [0.188982/26.820503] [2105/0.216150]
  2   6 250, 0.270512 [0.239402/26.822337] [2155/0.216150]
  2   6 300, 0.276642 [0.176103/26.823038] [2205/0.216150]
  2   6 350, 0.275142 [0.218438/26.824367] [2255/0.216150]
Epoch 6 done. Evaluation:
(45457, 50000)
(7794, 10000)
  2   7  50, 0.231447 [0.216287/26.821387] [2346/0.216150]
  2   7 100, 0.229367 [0.230037/26.819651] [2396/0.216150]
  2   7 150, 0.247671 [0.188049/26.818098] [2446/0.216150]
  2   7 200, 0.247865 [0.246062/26.818394] [2496/0.216150]
  2   7 250, 0.272925 [0.202579/26.821536] [2546/0.216150]
  2   7 300, 0.269625 [0.242829/26.822257] [2596/0.216150]
  2   7 350, 0.283387 [0.196621/26.822693] [2646/0.216150]
Epoch 7 done. Evaluation:
(45536, 50000)
(7990, 10000)
  2   8  50, 0.228828 [0.168109/26.816722] [2737/0.216150]
  2   8 100, 0.234716 [0.257712/26.814714] [2787/0.216150]
  2   8 150, 0.256205 [0.243095/26.815224] [2837/0.216150]
  2   8 200, 0.261271 [0.185099/26.817516] [2887/0.216150]
  2   8 250, 0.268858 [0.211037/26.819511] [2937/0.216150]
  2   8 300, 0.278083 [0.262859/26.819615] [2987/0.216150]
  2   8 350, 0.279057 [0.248019/26.819901] [3037/0.216150]
Epoch 8 done. Evaluation:
(45465, 50000)
(7462, 10000)
  2   9  50, 0.240590 [0.176659/26.818448] [3128/0.216150]
  2   9 100, 0.237131 [0.218520/26.816353] [3178/0.216150]
  2   9 150, 0.261433 [0.208352/26.817077] [3228/0.216150]
  2   9 200, 0.249832 [0.177334/26.816307] [3278/0.216150]
  2   9 250, 0.276115 [0.182868/26.816531] [3328/0.216150]
  2   9 300, 0.282446 [0.206269/26.818410] [3378/0.216150]
  2   9 350, 0.280097 [0.204736/26.818081] [3428/0.216150]
Epoch 9 done. Evaluation:
(45458, 50000)
(7658, 10000)
  2  10  50, 0.231249 [0.201261/26.814231] [3519/0.216150]
  2  10 100, 0.245696 [0.198306/26.812414] [3569/0.216150]
  2  10 150, 0.248726 [0.231866/26.811700] [3619/0.216150]
  2  10 200, 0.269603 [0.149678/26.810914] [3669/0.216150]
  2  10 250, 0.261240 [0.191779/26.813180] [3719/0.216150]
  2  10 300, 0.258423 [0.220750/26.811888] [3769/0.216150]
  2  10 350, 0.277825 [0.194099/26.808744] [3819/0.216150]
Epoch 10 done. Evaluation:
(45518, 50000)
(4796, 10000)
  2  11  50, 0.226256 [0.173074/26.804455] [3910/0.216150]
  2  11 100, 0.230205 [0.209788/26.803696] [3960/0.216150]
  2  11 150, 0.235828 [0.235563/26.803065] [4010/0.216150]
  2  11 200, 0.252939 [0.197998/26.800602] [4060/0.216150]
  2  11 250, 0.264755 [0.193136/26.802391] [4110/0.216150]
  2  11 300, 0.259792 [0.157422/26.801334] [4160/0.216150]
  2  11 350, 0.261346 [0.137861/26.800713] [4210/0.216150]
Epoch 11 done. Evaluation:
(45660, 50000)
(6369, 10000)
  2  12  50, 0.220167 [0.170335/26.795283] [4301/0.216150]
  2  12 100, 0.244502 [0.208571/26.793439] [4351/0.216150]
  2  12 150, 0.259804 [0.209054/26.797048] [4401/0.216150]
  2  12 200, 0.278314 [0.238891/26.797379] [4451/0.216150]
  2  12 250, 0.262820 [0.188910/26.798298] [4501/0.216150]
  2  12 300, 0.272144 [0.239898/26.798095] [4551/0.216150]
  2  12 350, 0.268272 [0.238725/26.797862] [4601/0.216150]
Epoch 12 done. Evaluation:
(45539, 50000)
(8327, 10000)
  2  13  50, 0.215208 [0.202673/26.792120] [   0/0.215208]
  2  13 100, 0.251078 [0.207564/26.791352] [  50/0.215208]
  2  13 150, 0.237225 [0.222046/26.788458] [ 100/0.215208]
  2  13 200, 0.250919 [0.126518/26.787447] [ 150/0.215208]
  2  13 250, 0.261810 [0.195240/26.788363] [ 200/0.215208]
  2  13 300, 0.258616 [0.210708/26.791226] [ 250/0.215208]
  2  13 350, 0.271147 [0.261131/26.791238] [ 300/0.215208]
Epoch 13 done. Evaluation:
(45660, 50000)
(7862, 10000)
  2  14  50, 0.222500 [0.194863/26.787025] [ 391/0.215208]
  2  14 100, 0.232240 [0.152209/26.786517] [ 441/0.215208]
  2  14 150, 0.237579 [0.209921/26.784475] [ 491/0.215208]
  2  14 200, 0.241699 [0.182620/26.782900] [ 541/0.215208]
  2  14 250, 0.273692 [0.167672/26.785376] [ 591/0.215208]
  2  14 300, 0.269294 [0.182720/26.786170] [ 641/0.215208]
  2  14 350, 0.254698 [0.167774/26.784602] [ 691/0.215208]
Epoch 14 done. Evaluation:
(45663, 50000)
(6936, 10000)
  2  15  50, 0.215396 [0.177003/26.778926] [ 782/0.215208]
  2  15 100, 0.227112 [0.233443/26.778060] [ 832/0.215208]
  2  15 150, 0.228281 [0.193910/26.777653] [ 882/0.215208]
  2  15 200, 0.244204 [0.185017/26.778558] [ 932/0.215208]
  2  15 250, 0.272144 [0.206213/26.779449] [ 982/0.215208]
  2  15 300, 0.282766 [0.219562/26.778240] [1032/0.215208]
  2  15 350, 0.264224 [0.190766/26.776418] [1082/0.215208]
Epoch 15 done. Evaluation:
(45623, 50000)
(6839, 10000)
  2  16  50, 0.217155 [0.158515/26.771957] [1173/0.215208]
  2  16 100, 0.213530 [0.135984/26.766345] [   0/0.213530]
  2  16 150, 0.232084 [0.193011/26.765409] [  50/0.213530]
  2  16 200, 0.260490 [0.213072/26.767389] [ 100/0.213530]
  2  16 250, 0.268638 [0.174662/26.768472] [ 150/0.213530]
  2  16 300, 0.270999 [0.207816/26.768432] [ 200/0.213530]
  2  16 350, 0.268263 [0.225414/26.768653] [ 250/0.213530]
Epoch 16 done. Evaluation:
(45622, 50000)
(8390, 10000)
  2  17  50, 0.208794 [0.209809/26.760054] [   0/0.208794]
  2  17 100, 0.223517 [0.201468/26.759993] [  50/0.208794]
  2  17 150, 0.222075 [0.144166/26.756778] [ 100/0.208794]
  2  17 200, 0.264163 [0.239632/26.759027] [ 150/0.208794]
  2  17 250, 0.260520 [0.160214/26.758677] [ 200/0.208794]
  2  17 300, 0.254319 [0.248697/26.758788] [ 250/0.208794]
  2  17 350, 0.262888 [0.195153/26.757803] [ 300/0.208794]
Epoch 17 done. Evaluation:
(45745, 50000)
(8064, 10000)
  2  18  50, 0.212073 [0.202539/26.750966] [ 391/0.208794]
  2  18 100, 0.212391 [0.223209/26.749246] [ 441/0.208794]
  2  18 150, 0.249338 [0.280497/26.750257] [ 491/0.208794]
  2  18 200, 0.260337 [0.249510/26.752175] [ 541/0.208794]
  2  18 250, 0.276992 [0.243687/26.752190] [ 591/0.208794]
  2  18 300, 0.251359 [0.253921/26.749713] [ 641/0.208794]
  2  18 350, 0.244532 [0.209797/26.745716] [ 691/0.208794]
Epoch 18 done. Evaluation:
(45765, 50000)
(6251, 10000)
  2  19  50, 0.205370 [0.263613/26.740638] [   0/0.205370]
  2  19 100, 0.216021 [0.218474/26.738305] [  50/0.205370]
  2  19 150, 0.257003 [0.249673/26.740440] [ 100/0.205370]
  2  19 200, 0.235177 [0.184987/26.738008] [ 150/0.205370]
  2  19 250, 0.250123 [0.209474/26.738349] [ 200/0.205370]
  2  19 300, 0.253484 [0.235409/26.738901] [ 250/0.205370]
  2  19 350, 0.258760 [0.261907/26.738121] [ 300/0.205370]
Epoch 19 done. Evaluation:
(45736, 50000)
(7585, 10000)
  3   0  50, 0.153281 [0.100767/26.727584] [   0/0.153281]
  3   0 100, 0.138668 [0.073185/26.715379] [   0/0.138668]
  3   0 150, 0.139432 [0.069726/26.703646] [  50/0.138668]
  3   0 200, 0.111690 [0.084263/26.691635] [   0/0.111690]
  3   0 250, 0.114735 [0.093682/26.680918] [  50/0.111690]
  3   0 300, 0.128438 [0.090051/26.670195] [ 100/0.111690]
  3   0 350, 0.128222 [0.091499/26.661099] [ 150/0.111690]
Epoch 0 done. Evaluation:
(47759, 50000)
(8716, 10000)
  3   1  50, 0.096445 [0.105168/26.644283] [   0/0.096445]
  3   1 100, 0.092773 [0.085842/26.634271] [   0/0.092773]
  3   1 150, 0.095515 [0.083860/26.624889] [  50/0.092773]
  3   1 200, 0.103386 [0.094459/26.616864] [ 100/0.092773]
  3   1 250, 0.114578 [0.088417/26.610575] [ 150/0.092773]
  3   1 300, 0.104607 [0.098992/26.604019] [ 200/0.092773]
  3   1 350, 0.134149 [0.160805/26.599048] [ 250/0.092773]
Epoch 1 done. Evaluation:
(48146, 50000)
(8522, 10000)
  3   2  50, 0.098245 [0.074480/26.588442] [ 341/0.092773]
  3   2 100, 0.108609 [0.043636/26.583074] [ 391/0.092773]
  3   2 150, 0.107394 [0.124681/26.577296] [ 441/0.092773]
  3   2 200, 0.128604 [0.092847/26.572897] [ 491/0.092773]
  3   2 250, 0.108412 [0.123378/26.567028] [ 541/0.092773]
  3   2 300, 0.126432 [0.100957/26.562984] [ 591/0.092773]
  3   2 350, 0.140439 [0.122051/26.561570] [ 641/0.092773]
Epoch 2 done. Evaluation:
(47940, 50000)
(8603, 10000)
  3   3  50, 0.101428 [0.069368/26.553940] [ 732/0.092773]
  3   3 100, 0.115210 [0.114995/26.550265] [ 782/0.092773]
  3   3 150, 0.119114 [0.111862/26.546963] [ 832/0.092773]
  3   3 200, 0.133974 [0.112153/26.545172] [ 882/0.092773]
  3   3 250, 0.134021 [0.128537/26.543348] [ 932/0.092773]
  3   3 300, 0.135062 [0.158670/26.541587] [ 982/0.092773]
  3   3 350, 0.131198 [0.113657/26.538668] [1032/0.092773]
Epoch 3 done. Evaluation:
(47819, 50000)
(8501, 10000)
  3   4  50, 0.114505 [0.095446/26.534989] [1123/0.092773]
  3   4 100, 0.117756 [0.105693/26.532338] [1173/0.092773]
  3   4 150, 0.113608 [0.138043/26.529891] [1223/0.092773]
  3   4 200, 0.118966 [0.105219/26.527940] [1273/0.092773]
  3   4 250, 0.132155 [0.135245/26.527504] [1323/0.092773]
  3   4 300, 0.141472 [0.109347/26.526080] [1373/0.092773]
  3   4 350, 0.144824 [0.129078/26.524652] [1423/0.092773]
Epoch 4 done. Evaluation:
(47759, 50000)
(7579, 10000)
  3   5  50, 0.109875 [0.142827/26.521453] [1514/0.092773]
  3   5 100, 0.115094 [0.115708/26.519231] [1564/0.092773]
  3   5 150, 0.115466 [0.129373/26.516724] [1614/0.092773]
  3   5 200, 0.130926 [0.117470/26.516291] [1664/0.092773]
  3   5 250, 0.151711 [0.098742/26.516512] [1714/0.092773]
  3   5 300, 0.137842 [0.148320/26.516428] [1764/0.092773]
  3   5 350, 0.150394 [0.065957/26.516708] [1814/0.092773]
Epoch 5 done. Evaluation:
(47673, 50000)
(8439, 10000)
  3   6  50, 0.105264 [0.070123/26.512781] [1905/0.092773]
  3   6 100, 0.122497 [0.130273/26.510783] [1955/0.092773]
  3   6 150, 0.129726 [0.089340/26.510935] [2005/0.092773]
  3   6 200, 0.124048 [0.128763/26.510222] [2055/0.092773]
  3   6 250, 0.150862 [0.140974/26.511038] [2105/0.092773]
  3   6 300, 0.145695 [0.165225/26.510283] [2155/0.092773]
  3   6 350, 0.150351 [0.133395/26.509853] [2205/0.092773]
Epoch 6 done. Evaluation:
(47655, 50000)
(8451, 10000)
  3   7  50, 0.116461 [0.105136/26.506393] [2296/0.092773]
  3   7 100, 0.109289 [0.153947/26.504394] [2346/0.092773]
  3   7 150, 0.133263 [0.175665/26.503725] [2396/0.092773]
  3   7 200, 0.138239 [0.130438/26.502555] [2446/0.092773]
  3   7 250, 0.132440 [0.161914/26.502155] [2496/0.092773]
  3   7 300, 0.164364 [0.117232/26.504470] [2546/0.092773]
  3   7 350, 0.146728 [0.131579/26.503943] [2596/0.092773]
Epoch 7 done. Evaluation:
(47576, 50000)
(8086, 10000)
  3   8  50, 0.103812 [0.105493/26.502167] [2687/0.092773]
  3   8 100, 0.102672 [0.116698/26.498506] [2737/0.092773]
  3   8 150, 0.137322 [0.151989/26.499857] [2787/0.092773]
  3   8 200, 0.137232 [0.099749/26.500141] [2837/0.092773]
  3   8 250, 0.127210 [0.091718/26.498818] [2887/0.092773]
  3   8 300, 0.127538 [0.096478/26.497335] [2937/0.092773]
  3   8 350, 0.153441 [0.089286/26.498255] [2987/0.092773]
Epoch 8 done. Evaluation:
(47732, 50000)
(8491, 10000)
  3   9  50, 0.116218 [0.112413/26.495347] [3078/0.092773]
  3   9 100, 0.117711 [0.109741/26.493559] [3128/0.092773]
  3   9 150, 0.108368 [0.088523/26.491701] [3178/0.092773]
  3   9 200, 0.127792 [0.142793/26.492234] [3228/0.092773]
  3   9 250, 0.142149 [0.153259/26.492835] [3278/0.092773]
  3   9 300, 0.152498 [0.143241/26.493283] [3328/0.092773]
  3   9 350, 0.142679 [0.152372/26.494942] [3378/0.092773]
Epoch 9 done. Evaluation:
(47718, 50000)
(8174, 10000)
  3  10  50, 0.112678 [0.108444/26.491539] [3469/0.092773]
  3  10 100, 0.104294 [0.132351/26.489042] [3519/0.092773]
  3  10 150, 0.121153 [0.127936/26.487262] [3569/0.092773]
  3  10 200, 0.130487 [0.134317/26.486512] [3619/0.092773]
  3  10 250, 0.130206 [0.081346/26.486310] [3669/0.092773]
  3  10 300, 0.148518 [0.166734/26.487794] [3719/0.092773]
  3  10 350, 0.172512 [0.117596/26.489424] [3769/0.092773]
Epoch 10 done. Evaluation:
(47692, 50000)
(8505, 10000)
  3  11  50, 0.109110 [0.121969/26.486702] [3860/0.092773]
  3  11 100, 0.121348 [0.114580/26.485079] [3910/0.092773]
  3  11 150, 0.125160 [0.137395/26.485043] [3960/0.092773]
  3  11 200, 0.131497 [0.109638/26.485185] [4010/0.092773]
  3  11 250, 0.149350 [0.113353/26.486960] [4060/0.092773]
  3  11 300, 0.141132 [0.143559/26.486830] [4110/0.092773]
  3  11 350, 0.159006 [0.099102/26.486482] [4160/0.092773]
Epoch 11 done. Evaluation:
(47572, 50000)
(8391, 10000)
  3  12  50, 0.119878 [0.127323/26.486527] [4251/0.092773]
  3  12 100, 0.126178 [0.092737/26.485614] [4301/0.092773]
  3  12 150, 0.126326 [0.126712/26.485382] [4351/0.092773]
  3  12 200, 0.130730 [0.137464/26.484382] [4401/0.092773]
  3  12 250, 0.138555 [0.165348/26.484392] [4451/0.092773]
  3  12 300, 0.144561 [0.139578/26.484274] [4501/0.092773]
  3  12 350, 0.161221 [0.118766/26.485487] [4551/0.092773]
Epoch 12 done. Evaluation:
(47625, 50000)
(7295, 10000)
  3  13  50, 0.103120 [0.127414/26.483768] [4642/0.092773]
  3  13 100, 0.110326 [0.144737/26.480874] [4692/0.092773]
  3  13 150, 0.132798 [0.089939/26.482101] [4742/0.092773]
  3  13 200, 0.126505 [0.113053/26.481428] [4792/0.092773]
  3  13 250, 0.141840 [0.158698/26.483234] [4842/0.092773]
  3  13 300, 0.162242 [0.135010/26.484963] [4892/0.092773]
  3  13 350, 0.140855 [0.146336/26.484039] [4942/0.092773]
Epoch 13 done. Evaluation:
(47604, 50000)
(7261, 10000)
  3  14  50, 0.108782 [0.115578/26.482263] [5033/0.092773]
  3  14 100, 0.110268 [0.117361/26.479935] [5083/0.092773]
  3  14 150, 0.117641 [0.116030/26.479393] [5133/0.092773]
  3  14 200, 0.131190 [0.126162/26.480597] [5183/0.092773]
  3  14 250, 0.133395 [0.147843/26.479717] [5233/0.092773]
  3  14 300, 0.151465 [0.141687/26.481666] [5283/0.092773]
  3  14 350, 0.151275 [0.143309/26.481553] [5333/0.092773]
Epoch 14 done. Evaluation:
(47699, 50000)
(7716, 10000)
  3  15  50, 0.129619 [0.108358/26.482394] [5424/0.092773]
  3  15 100, 0.121936 [0.143887/26.480240] [5474/0.092773]
  3  15 150, 0.118439 [0.089452/26.478995] [5524/0.092773]
  3  15 200, 0.126915 [0.132883/26.478791] [5574/0.092773]
  3  15 250, 0.137704 [0.134559/26.479240] [5624/0.092773]
  3  15 300, 0.138308 [0.121302/26.479322] [5674/0.092773]
  3  15 350, 0.143702 [0.146907/26.479671] [5724/0.092773]
Epoch 15 done. Evaluation:
(47663, 50000)
(8280, 10000)
  3  16  50, 0.110521 [0.112098/26.477158] [5815/0.092773]
  3  16 100, 0.102078 [0.074176/26.473387] [5865/0.092773]
  3  16 150, 0.105572 [0.136084/26.471786] [5915/0.092773]
  3  16 200, 0.137395 [0.084865/26.471448] [5965/0.092773]
  3  16 250, 0.138174 [0.172002/26.473013] [6015/0.092773]
  3  16 300, 0.144511 [0.126228/26.473220] [6065/0.092773]
  3  16 350, 0.162252 [0.124141/26.475054] [6115/0.092773]
Epoch 16 done. Evaluation:
(47695, 50000)
(7450, 10000)
  3  17  50, 0.116119 [0.112017/26.473112] [6206/0.092773]
  3  17 100, 0.104318 [0.143548/26.469776] [6256/0.092773]
  3  17 150, 0.122729 [0.089731/26.468632] [6306/0.092773]
  3  17 200, 0.112414 [0.112821/26.465986] [6356/0.092773]
  3  17 250, 0.139194 [0.137066/26.467805] [6406/0.092773]
  3  17 300, 0.151726 [0.115487/26.469093] [6456/0.092773]
  3  17 350, 0.137676 [0.180182/26.468672] [6506/0.092773]
Epoch 17 done. Evaluation:
(47758, 50000)
(7943, 10000)
  3  18  50, 0.120445 [0.139244/26.467339] [6597/0.092773]
  3  18 100, 0.110563 [0.096043/26.464966] [6647/0.092773]
  3  18 150, 0.119553 [0.198097/26.464132] [6697/0.092773]
  3  18 200, 0.137228 [0.128467/26.463694] [6747/0.092773]
  3  18 250, 0.139156 [0.137978/26.463858] [6797/0.092773]
  3  18 300, 0.150973 [0.132636/26.464916] [6847/0.092773]
  3  18 350, 0.143614 [0.126783/26.463733] [6897/0.092773]
Epoch 18 done. Evaluation:
(47647, 50000)
(8226, 10000)
  3  19  50, 0.100790 [0.112483/26.460257] [6988/0.092773]
  3  19 100, 0.114058 [0.157871/26.458374] [7038/0.092773]
  3  19 150, 0.114218 [0.169889/26.457211] [7088/0.092773]
  3  19 200, 0.135776 [0.113210/26.458266] [7138/0.092773]
  3  19 250, 0.128887 [0.121456/26.457156] [7188/0.092773]
  3  19 300, 0.141349 [0.152657/26.457377] [7238/0.092773]
  3  19 350, 0.140064 [0.177666/26.457051] [7288/0.092773]
Epoch 19 done. Evaluation:
(47731, 50000)
(7716, 10000)
  4   0  50, 0.078198 [0.057448/26.452432] [   0/0.078198]
  4   0 100, 0.059576 [0.036630/26.446722] [   0/0.059576]
  4   0 150, 0.055855 [0.049675/26.440926] [   0/0.055855]
  4   0 200, 0.052236 [0.087579/26.435325] [   0/0.052236]
  4   0 250, 0.049163 [0.049432/26.429594] [   0/0.049163]
  4   0 300, 0.049648 [0.043564/26.423954] [  50/0.049163]
  4   0 350, 0.060902 [0.047036/26.418834] [ 100/0.049163]
Epoch 0 done. Evaluation:
(49048, 50000)
(8894, 10000)
  4   1  50, 0.030586 [0.042043/26.408195] [   0/0.030586]
  4   1 100, 0.034258 [0.017458/26.402238] [  50/0.030586]
  4   1 150, 0.027165 [0.038562/26.396272] [   0/0.027165]
  4   1 200, 0.030782 [0.052571/26.390572] [  50/0.027165]
  4   1 250, 0.035359 [0.063668/26.385391] [ 100/0.027165]
  4   1 300, 0.033122 [0.033841/26.380140] [ 150/0.027165]
  4   1 350, 0.036663 [0.024678/26.374722] [ 200/0.027165]
Epoch 1 done. Evaluation:
(49484, 50000)
(8928, 10000)
  4   2  50, 0.025705 [0.046908/26.364917] [   0/0.025705]
  4   2 100, 0.016165 [0.016310/26.358986] [   0/0.016165]
  4   2 150, 0.022655 [0.035482/26.353291] [  50/0.016165]
  4   2 200, 0.026085 [0.029075/26.347968] [ 100/0.016165]
  4   2 250, 0.023805 [0.054588/26.342800] [ 150/0.016165]
  4   2 300, 0.023313 [0.041501/26.337802] [ 200/0.016165]
  4   2 350, 0.028567 [0.035556/26.333150] [ 250/0.016165]
Epoch 2 done. Evaluation:
(49610, 50000)
(8678, 10000)
  4   3  50, 0.022816 [0.017037/26.324742] [ 341/0.016165]
  4   3 100, 0.019968 [0.022283/26.319410] [ 391/0.016165]
  4   3 150, 0.029987 [0.052529/26.314941] [ 441/0.016165]
  4   3 200, 0.025075 [0.059313/26.310452] [ 491/0.016165]
  4   3 250, 0.023599 [0.032512/26.305725] [ 541/0.016165]
  4   3 300, 0.030724 [0.064147/26.301861] [ 591/0.016165]
  4   3 350, 0.031101 [0.067479/26.297829] [ 641/0.016165]
Epoch 3 done. Evaluation:
(49572, 50000)
(8657, 10000)
  4   4  50, 0.024989 [0.025486/26.290656] [ 732/0.016165]
  4   4 100, 0.026341 [0.054750/26.286411] [ 782/0.016165]
  4   4 150, 0.031011 [0.070964/26.283153] [ 832/0.016165]
  4   4 200, 0.035248 [0.076319/26.280130] [ 882/0.016165]
  4   4 250, 0.045336 [0.039599/26.277389] [ 932/0.016165]
  4   4 300, 0.050033 [0.075525/26.275869] [ 982/0.016165]
  4   4 350, 0.033625 [0.048934/26.272748] [1032/0.016165]
Epoch 4 done. Evaluation:
(49410, 50000)
(8705, 10000)
  4   5  50, 0.039166 [0.059143/26.268167] [1123/0.016165]
  4   5 100, 0.031463 [0.037120/26.264853] [1173/0.016165]
  4   5 150, 0.033449 [0.098604/26.261760] [1223/0.016165]
  4   5 200, 0.035828 [0.043678/26.258819] [1273/0.016165]
  4   5 250, 0.052609 [0.077986/26.257550] [1323/0.016165]
  4   5 300, 0.059350 [0.073511/26.256254] [1373/0.016165]
  4   5 350, 0.053603 [0.071072/26.255056] [1423/0.016165]
Epoch 5 done. Evaluation:
(49228, 50000)
(8450, 10000)
  4   6  50, 0.036464 [0.080953/26.251918] [1514/0.016165]
  4   6 100, 0.049568 [0.099479/26.250425] [1564/0.016165]
  4   6 150, 0.048470 [0.047342/26.248621] [1614/0.016165]
  4   6 200, 0.061180 [0.082372/26.248299] [1664/0.016165]
  4   6 250, 0.066444 [0.045448/26.247570] [1714/0.016165]
  4   6 300, 0.075082 [0.046923/26.247414] [1764/0.016165]
  4   6 350, 0.058139 [0.064142/26.245711] [1814/0.016165]
Epoch 6 done. Evaluation:
(48998, 50000)
(8618, 10000)
  4   7  50, 0.040541 [0.085473/26.242700] [1905/0.016165]
  4   7 100, 0.064365 [0.103306/26.242063] [1955/0.016165]
  4   7 150, 0.054039 [0.040849/26.240643] [2005/0.016165]
  4   7 200, 0.059602 [0.096803/26.240041] [2055/0.016165]
  4   7 250, 0.051772 [0.055036/26.238594] [2105/0.016165]
  4   7 300, 0.062288 [0.094210/26.237856] [2155/0.016165]
  4   7 350, 0.064947 [0.088336/26.236912] [2205/0.016165]
Epoch 7 done. Evaluation:
(48985, 50000)
(8663, 10000)
  4   8  50, 0.056523 [0.095977/26.235619] [2296/0.016165]
  4   8 100, 0.047336 [0.081976/26.233649] [2346/0.016165]
  4   8 150, 0.041068 [0.044754/26.231214] [2396/0.016165]
  4   8 200, 0.063705 [0.070259/26.230888] [2446/0.016165]
  4   8 250, 0.050009 [0.024925/26.228886] [2496/0.016165]
  4   8 300, 0.054802 [0.081961/26.227666] [2546/0.016165]
  4   8 350, 0.070101 [0.063082/26.227408] [2596/0.016165]
Epoch 8 done. Evaluation:
(49050, 50000)
(8738, 10000)
  4   9  50, 0.051542 [0.076124/26.224411] [2687/0.016165]
  4   9 100, 0.053023 [0.092326/26.222748] [2737/0.016165]
  4   9 150, 0.041003 [0.076294/26.220600] [2787/0.016165]
  4   9 200, 0.052635 [0.094519/26.219502] [2837/0.016165]
  4   9 250, 0.063429 [0.081020/26.218630] [2887/0.016165]
  4   9 300, 0.068456 [0.083140/26.217874] [2937/0.016165]
  4   9 350, 0.054920 [0.082265/26.216259] [2987/0.016165]
Epoch 9 done. Evaluation:
(49064, 50000)
(8328, 10000)
  4  10  50, 0.050994 [0.082006/26.214205] [3078/0.016165]
  4  10 100, 0.047349 [0.085091/26.212522] [3128/0.016165]
  4  10 150, 0.053454 [0.038963/26.211435] [3178/0.016165]
  4  10 200, 0.052139 [0.028356/26.209884] [3228/0.016165]
  4  10 250, 0.059237 [0.068656/26.209290] [3278/0.016165]
  4  10 300, 0.065962 [0.073563/26.209051] [3328/0.016165]
  4  10 350, 0.066385 [0.080248/26.208959] [3378/0.016165]
Epoch 10 done. Evaluation:
(48990, 50000)
(8301, 10000)
  4  11  50, 0.052028 [0.060059/26.207437] [3469/0.016165]
  4  11 100, 0.053264 [0.092602/26.206020] [3519/0.016165]
  4  11 150, 0.052814 [0.052295/26.204745] [3569/0.016165]
  4  11 200, 0.051594 [0.068045/26.203724] [3619/0.016165]
  4  11 250, 0.057036 [0.074452/26.202814] [3669/0.016165]
  4  11 300, 0.052525 [0.087736/26.201578] [3719/0.016165]
  4  11 350, 0.064645 [0.086253/26.202235] [3769/0.016165]
Epoch 11 done. Evaluation:
(49005, 50000)
(8438, 10000)
  4  12  50, 0.057856 [0.086012/26.202452] [3860/0.016165]
  4  12 100, 0.050959 [0.049625/26.200704] [3910/0.016165]
  4  12 150, 0.058582 [0.100271/26.199654] [3960/0.016165]
  4  12 200, 0.054697 [0.074523/26.198544] [4010/0.016165]
  4  12 250, 0.068152 [0.091669/26.198254] [4060/0.016165]
  4  12 300, 0.077645 [0.091002/26.198651] [4110/0.016165]
  4  12 350, 0.068061 [0.076773/26.198031] [4160/0.016165]
Epoch 12 done. Evaluation:
(48904, 50000)
(8728, 10000)
  4  13  50, 0.051231 [0.041206/26.195807] [4251/0.016165]
  4  13 100, 0.058863 [0.043936/26.194611] [4301/0.016165]
  4  13 150, 0.061319 [0.054921/26.193932] [4351/0.016165]
  4  13 200, 0.057194 [0.052323/26.193002] [4401/0.016165]
  4  13 250, 0.087654 [0.077358/26.194092] [4451/0.016165]
  4  13 300, 0.068345 [0.112205/26.193821] [4501/0.016165]
  4  13 350, 0.073809 [0.092852/26.193827] [4551/0.016165]
Epoch 13 done. Evaluation:
(48869, 50000)
(8434, 10000)
  4  14  50, 0.059092 [0.019338/26.192763] [4642/0.016165]
  4  14 100, 0.052466 [0.060422/26.191110] [4692/0.016165]
  4  14 150, 0.052293 [0.064635/26.189652] [4742/0.016165]
  4  14 200, 0.061128 [0.083754/26.189096] [4792/0.016165]
  4  14 250, 0.058232 [0.065273/26.188484] [4842/0.016165]
  4  14 300, 0.059874 [0.066086/26.187444] [4892/0.016165]
  4  14 350, 0.064336 [0.085240/26.187179] [4942/0.016165]
Epoch 14 done. Evaluation:
(48950, 50000)
(8374, 10000)
  4  15  50, 0.055187 [0.085262/26.186043] [5033/0.016165]
  4  15 100, 0.053236 [0.116648/26.184845] [5083/0.016165]
  4  15 150, 0.055746 [0.060480/26.183638] [5133/0.016165]
  4  15 200, 0.053570 [0.066727/26.182566] [5183/0.016165]
  4  15 250, 0.068969 [0.057384/26.182716] [5233/0.016165]
  4  15 300, 0.059385 [0.050896/26.182314] [5283/0.016165]
  4  15 350, 0.072065 [0.066487/26.182462] [5333/0.016165]
Epoch 15 done. Evaluation:
(48945, 50000)
(8417, 10000)
  4  16  50, 0.052111 [0.085543/26.181479] [5424/0.016165]
  4  16 100, 0.059757 [0.094300/26.180344] [5474/0.016165]
  4  16 150, 0.047620 [0.041157/26.178616] [5524/0.016165]
  4  16 200, 0.067626 [0.054029/26.178300] [5574/0.016165]
  4  16 250, 0.062248 [0.083694/26.178090] [5624/0.016165]
  4  16 300, 0.071549 [0.102570/26.178793] [5674/0.016165]
  4  16 350, 0.068913 [0.100709/26.178553] [5724/0.016165]
Epoch 16 done. Evaluation:
(48938, 50000)
(8711, 10000)
  4  17  50, 0.049716 [0.034893/26.176771] [5815/0.016165]
  4  17 100, 0.054694 [0.037721/26.175810] [5865/0.016165]
  4  17 150, 0.070103 [0.060979/26.176205] [5915/0.016165]
  4  17 200, 0.058711 [0.062669/26.175290] [5965/0.016165]
  4  17 250, 0.079302 [0.044751/26.175234] [6015/0.016165]
  4  17 300, 0.063608 [0.087556/26.174259] [6065/0.016165]
  4  17 350, 0.067098 [0.065093/26.174055] [6115/0.016165]
Epoch 17 done. Evaluation:
(48908, 50000)
(8470, 10000)
  4  18  50, 0.052839 [0.037332/26.172638] [6206/0.016165]
  4  18 100, 0.064614 [0.079540/26.172241] [6256/0.016165]
  4  18 150, 0.053946 [0.042609/26.171318] [6306/0.016165]
  4  18 200, 0.070787 [0.077383/26.171368] [6356/0.016165]
  4  18 250, 0.052980 [0.065840/26.169992] [6406/0.016165]
  4  18 300, 0.070825 [0.074948/26.170083] [6456/0.016165]
  4  18 350, 0.079802 [0.071757/26.170994] [6506/0.016165]
Epoch 18 done. Evaluation:
(48892, 50000)
(8286, 10000)
  4  19  50, 0.065941 [0.050209/26.171654] [6597/0.016165]
  4  19 100, 0.055376 [0.107720/26.170599] [6647/0.016165]
  4  19 150, 0.065091 [0.052775/26.170111] [6697/0.016165]
  4  19 200, 0.054719 [0.080295/26.168894] [6747/0.016165]
  4  19 250, 0.064149 [0.078412/26.169240] [6797/0.016165]
  4  19 300, 0.080267 [0.088268/26.170062] [6847/0.016165]
  4  19 350, 0.075614 [0.055870/26.170425] [6897/0.016165]
Epoch 19 done. Evaluation:
(48821, 50000)
(8610, 10000)
  5   0  50, 0.045089 [0.039765/26.168503] [6988/0.016165]
  5   0 100, 0.029483 [0.013547/26.166305] [7038/0.016165]
  5   0 150, 0.019308 [0.015994/26.163877] [7088/0.016165]
  5   0 200, 0.019379 [0.021958/26.161429] [7138/0.016165]
  5   0 250, 0.019421 [0.034571/26.159002] [7188/0.016165]
  5   0 300, 0.023318 [0.007045/26.156644] [7238/0.016165]
  5   0 350, 0.020192 [0.010132/26.154354] [7288/0.016165]
Epoch 0 done. Evaluation:
(49635, 50000)
(8966, 10000)
  5   1  50, 0.012520 [0.011656/26.149825] [   0/0.012520]
  5   1 100, 0.011428 [0.003669/26.147321] [   0/0.011428]
  5   1 150, 0.009994 [0.033443/26.144809] [   0/0.009994]
  5   1 200, 0.010611 [0.010508/26.142278] [  50/0.009994]
  5   1 250, 0.009935 [0.012967/26.139795] [   0/0.009935]
  5   1 300, 0.012422 [0.011342/26.137376] [  50/0.009935]
  5   1 350, 0.008503 [0.030989/26.134891] [   0/0.008503]
Epoch 1 done. Evaluation:
(49863, 50000)
(9020, 10000)
  5   2  50, 0.005427 [0.012094/26.130281] [   0/0.005427]
  5   2 100, 0.005989 [0.026845/26.127680] [  50/0.005427]
  5   2 150, 0.004633 [0.005142/26.125070] [   0/0.004633]
  5   2 200, 0.006645 [0.020998/26.122547] [  50/0.004633]
  5   2 250, 0.004982 [0.002577/26.119983] [ 100/0.004633]
  5   2 300, 0.005577 [0.003605/26.117464] [ 150/0.004633]
  5   2 350, 0.005375 [0.001785/26.114900] [ 200/0.004633]
Epoch 2 done. Evaluation:
(49939, 50000)
(9028, 10000)
  5   3  50, 0.004483 [0.000917/26.110440] [   0/0.004483]
  5   3 100, 0.005291 [0.006171/26.107940] [  50/0.004483]
  5   3 150, 0.004849 [0.001717/26.105467] [ 100/0.004483]
  5   3 200, 0.003633 [0.006816/26.102943] [   0/0.003633]
  5   3 250, 0.003651 [0.038248/26.100412] [  50/0.003633]
  5   3 300, 0.003581 [0.004352/26.097902] [   0/0.003581]
  5   3 350, 0.003148 [0.014892/26.095394] [   0/0.003148]
Epoch 3 done. Evaluation:
(49961, 50000)
(9024, 10000)
  5   4  50, 0.002364 [0.000818/26.090867] [   0/0.002364]
  5   4 100, 0.002620 [0.007475/26.088368] [  50/0.002364]
  5   4 150, 0.002878 [0.001958/26.085901] [ 100/0.002364]
  5   4 200, 0.002901 [0.002389/26.083449] [ 150/0.002364]
  5   4 250, 0.003464 [0.013672/26.081025] [ 200/0.002364]
  5   4 300, 0.002740 [0.002524/26.078607] [ 250/0.002364]
  5   4 350, 0.002397 [0.001264/26.076163] [ 300/0.002364]
Epoch 4 done. Evaluation:
(49980, 50000)
(9044, 10000)
  5   5  50, 0.001872 [0.001099/26.071716] [   0/0.001872]
  5   5 100, 0.002365 [0.001929/26.069325] [  50/0.001872]
  5   5 150, 0.002231 [0.000974/26.066940] [ 100/0.001872]
  5   5 200, 0.002220 [0.001696/26.064543] [ 150/0.001872]
  5   5 250, 0.002266 [0.004528/26.062169] [ 200/0.001872]
  5   5 300, 0.002121 [0.000328/26.059783] [ 250/0.001872]
  5   5 350, 0.001773 [0.005095/26.057410] [   0/0.001773]
Epoch 5 done. Evaluation:
(49989, 50000)
(9040, 10000)
  5   6  50, 0.001487 [0.000924/26.053084] [   0/0.001487]
  5   6 100, 0.002542 [0.011274/26.050799] [  50/0.001487]
  5   6 150, 0.002316 [0.001194/26.048528] [ 100/0.001487]
  5   6 200, 0.001504 [0.000328/26.046194] [ 150/0.001487]
  5   6 250, 0.001180 [0.000567/26.043842] [   0/0.001180]
  5   6 300, 0.001414 [0.001137/26.041526] [  50/0.001180]
  5   6 350, 0.002463 [0.001072/26.039285] [ 100/0.001180]
Epoch 6 done. Evaluation:
(49991, 50000)
(9050, 10000)
  5   7  50, 0.001628 [0.000578/26.035175] [ 191/0.001180]
  5   7 100, 0.001502 [0.001140/26.032911] [ 241/0.001180]
  5   7 150, 0.001605 [0.002278/26.030648] [ 291/0.001180]
  5   7 200, 0.002151 [0.001086/26.028491] [ 341/0.001180]
  5   7 250, 0.001725 [0.013633/26.026269] [ 391/0.001180]
  5   7 300, 0.001375 [0.003078/26.024037] [ 441/0.001180]
  5   7 350, 0.001601 [0.008234/26.021841] [ 491/0.001180]
Epoch 7 done. Evaluation:
(49991, 50000)
(9078, 10000)
  5   8  50, 0.001118 [0.000805/26.017816] [   0/0.001118]
  5   8 100, 0.001025 [0.000415/26.015598] [   0/0.001025]
  5   8 150, 0.001580 [0.001223/26.013450] [  50/0.001025]
  5   8 200, 0.001368 [0.002805/26.011288] [ 100/0.001025]
  5   8 250, 0.001087 [0.000567/26.009114] [ 150/0.001025]
  5   8 300, 0.001538 [0.000925/26.006973] [ 200/0.001025]
  5   8 350, 0.001184 [0.001507/26.004830] [ 250/0.001025]
Epoch 8 done. Evaluation:
(49996, 50000)
(9052, 10000)
  5   9  50, 0.001063 [0.000437/26.001004] [ 341/0.001025]
  5   9 100, 0.001251 [0.001542/25.998893] [ 391/0.001025]
  5   9 150, 0.001198 [0.000863/25.996790] [ 441/0.001025]
  5   9 200, 0.001141 [0.000861/25.994700] [ 491/0.001025]
  5   9 250, 0.001040 [0.002442/25.992612] [ 541/0.001025]
  5   9 300, 0.001008 [0.000396/25.990528] [   0/0.001008]
  5   9 350, 0.001417 [0.001207/25.988492] [  50/0.001008]
Epoch 9 done. Evaluation:
(49999, 50000)
(9064, 10000)
  5  10  50, 0.000833 [0.000474/25.984728] [   0/0.000833]
  5  10 100, 0.001265 [0.001476/25.982717] [  50/0.000833]
  5  10 150, 0.000887 [0.000495/25.980675] [ 100/0.000833]
  5  10 200, 0.001082 [0.000878/25.978672] [ 150/0.000833]
  5  10 250, 0.001044 [0.002315/25.976664] [ 200/0.000833]
  5  10 300, 0.001278 [0.000319/25.974708] [ 250/0.000833]
  5  10 350, 0.000956 [0.001588/25.972705] [ 300/0.000833]
Epoch 10 done. Evaluation:
(49998, 50000)
(9091, 10000)
  5  11  50, 0.001035 [0.000485/25.969094] [ 391/0.000833]
  5  11 100, 0.000966 [0.000561/25.967130] [ 441/0.000833]
  5  11 150, 0.000780 [0.001919/25.965156] [   0/0.000780]
  5  11 200, 0.000986 [0.000586/25.963214] [  50/0.000780]
  5  11 250, 0.001065 [0.007875/25.961291] [ 100/0.000780]
  5  11 300, 0.000925 [0.000627/25.959360] [ 150/0.000780]
  5  11 350, 0.000906 [0.000303/25.957432] [ 200/0.000780]
Epoch 11 done. Evaluation:
(49999, 50000)
(9076, 10000)
  5  12  50, 0.000806 [0.000387/25.953970] [ 291/0.000780]
  5  12 100, 0.000858 [0.000396/25.952068] [ 341/0.000780]
  5  12 150, 0.000775 [0.000348/25.950172] [   0/0.000775]
  5  12 200, 0.000715 [0.000860/25.948278] [   0/0.000715]
  5  12 250, 0.001024 [0.000920/25.946421] [  50/0.000715]
  5  12 300, 0.000811 [0.000429/25.944551] [ 100/0.000715]
  5  12 350, 0.001040 [0.000992/25.942724] [ 150/0.000715]
Epoch 12 done. Evaluation:
(49999, 50000)
(9079, 10000)
  5  13  50, 0.000838 [0.006280/25.939385] [ 241/0.000715]
  5  13 100, 0.000894 [0.000461/25.937565] [ 291/0.000715]
  5  13 150, 0.000796 [0.000996/25.935741] [ 341/0.000715]
  5  13 200, 0.000818 [0.000875/25.933933] [ 391/0.000715]
  5  13 250, 0.000775 [0.002237/25.932122] [ 441/0.000715]
  5  13 300, 0.000821 [0.000534/25.930336] [ 491/0.000715]
  5  13 350, 0.000815 [0.000352/25.928559] [ 541/0.000715]
Epoch 13 done. Evaluation:
(50000, 50000)
(9091, 10000)
  5  14  50, 0.000766 [0.000674/25.925339] [ 632/0.000715]
  5  14 100, 0.000771 [0.002072/25.923573] [ 682/0.000715]
  5  14 150, 0.000850 [0.000875/25.921830] [ 732/0.000715]
  5  14 200, 0.000815 [0.000522/25.920092] [ 782/0.000715]
  5  14 250, 0.000758 [0.000443/25.918352] [ 832/0.000715]
  5  14 300, 0.000786 [0.000888/25.916625] [ 882/0.000715]
  5  14 350, 0.000748 [0.000904/25.914903] [ 932/0.000715]
Epoch 14 done. Evaluation:
(50000, 50000)
(9101, 10000)
  5  15  50, 0.000792 [0.000460/25.911802] [1023/0.000715]
  5  15 100, 0.000966 [0.000484/25.910128] [1073/0.000715]
  5  15 150, 0.000812 [0.000303/25.908445] [1123/0.000715]
  5  15 200, 0.000775 [0.000358/25.906767] [1173/0.000715]
  5  15 250, 0.000867 [0.001783/25.905111] [1223/0.000715]
  5  15 300, 0.000770 [0.000752/25.903445] [1273/0.000715]
  5  15 350, 0.000902 [0.001393/25.901804] [1323/0.000715]
Epoch 15 done. Evaluation:
(50000, 50000)
(9101, 10000)
  5  16  50, 0.000784 [0.000776/25.898821] [1414/0.000715]
  5  16 100, 0.000824 [0.001758/25.897206] [1464/0.000715]
  5  16 150, 0.000814 [0.000985/25.895589] [1514/0.000715]
  5  16 200, 0.000827 [0.000801/25.893981] [1564/0.000715]
  5  16 250, 0.000776 [0.000415/25.892376] [1614/0.000715]
  5  16 300, 0.000769 [0.000546/25.890774] [1664/0.000715]
  5  16 350, 0.000821 [0.000543/25.889183] [1714/0.000715]
Epoch 16 done. Evaluation:
(50000, 50000)
(9102, 10000)
  5  17  50, 0.000741 [0.000478/25.886284] [1805/0.000715]
  5  17 100, 0.000740 [0.000977/25.884707] [1855/0.000715]
  5  17 150, 0.000853 [0.000485/25.883159] [1905/0.000715]
  5  17 200, 0.000784 [0.000482/25.881602] [1955/0.000715]
  5  17 250, 0.000860 [0.000716/25.880068] [2005/0.000715]
  5  17 300, 0.000833 [0.000731/25.878530] [2055/0.000715]
  5  17 350, 0.000792 [0.000480/25.877002] [2105/0.000715]
Epoch 17 done. Evaluation:
(50000, 50000)
(9110, 10000)
  5  18  50, 0.000898 [0.000519/25.874259] [2196/0.000715]
  5  18 100, 0.000884 [0.000615/25.872766] [2246/0.000715]
  5  18 150, 0.000878 [0.002781/25.871277] [2296/0.000715]
  5  18 200, 0.000824 [0.000473/25.869783] [2346/0.000715]
  5  18 250, 0.001065 [0.000402/25.868334] [2396/0.000715]
  5  18 300, 0.000919 [0.000592/25.866875] [2446/0.000715]
  5  18 350, 0.000923 [0.000421/25.865416] [2496/0.000715]
Epoch 18 done. Evaluation:
(50000, 50000)
(9103, 10000)
  5  19  50, 0.000817 [0.000507/25.862757] [2587/0.000715]
  5  19 100, 0.000963 [0.001392/25.861327] [2637/0.000715]
  5  19 150, 0.000884 [0.000793/25.859883] [2687/0.000715]
  5  19 200, 0.000916 [0.004490/25.858468] [2737/0.000715]
  5  19 250, 0.000852 [0.000577/25.857036] [2787/0.000715]
  5  19 300, 0.000941 [0.001883/25.855630] [2837/0.000715]
  5  19 350, 0.000851 [0.001397/25.854213] [2887/0.000715]
Epoch 19 done. Evaluation:
(50000, 50000)
(9105, 10000)
  6   0  50, 0.000878 [0.000466/25.852374] [2978/0.000715]
  6   0 100, 0.000886 [0.000215/25.851678] [3028/0.000715]
  6   0 150, 0.000830 [0.000718/25.850978] [3078/0.000715]
  6   0 200, 0.000939 [0.001959/25.850289] [3128/0.000715]
  6   0 250, 0.000879 [0.000408/25.849600] [3178/0.000715]
  6   0 300, 0.000897 [0.000761/25.848911] [3228/0.000715]
  6   0 350, 0.000880 [0.000761/25.848220] [3278/0.000715]
Epoch 0 done. Evaluation:
(50000, 50000)
(9114, 10000)
  6   1  50, 0.000897 [0.000237/25.846973] [3369/0.000715]
  6   1 100, 0.000854 [0.000232/25.846290] [3419/0.000715]
  6   1 150, 0.000856 [0.000463/25.845603] [3469/0.000715]
  6   1 200, 0.000868 [0.000175/25.844924] [3519/0.000715]
  6   1 250, 0.000899 [0.000302/25.844248] [3569/0.000715]
  6   1 300, 0.000854 [0.000487/25.843569] [3619/0.000715]
  6   1 350, 0.000855 [0.000318/25.842888] [3669/0.000715]
Epoch 1 done. Evaluation:
(50000, 50000)
(9112, 10000)
  6   2  50, 0.000961 [0.000280/25.841675] [3760/0.000715]
  6   2 100, 0.000905 [0.000346/25.841011] [3810/0.000715]
  6   2 150, 0.000958 [0.000377/25.840342] [3860/0.000715]
  6   2 200, 0.000865 [0.000437/25.839676] [3910/0.000715]
  6   2 250, 0.000847 [0.000358/25.839004] [3960/0.000715]
  6   2 300, 0.000949 [0.000473/25.838342] [4010/0.000715]
  6   2 350, 0.000851 [0.000316/25.837680] [4060/0.000715]
Epoch 2 done. Evaluation:
(50000, 50000)
(9107, 10000)
  6   3  50, 0.000895 [0.000344/25.836486] [4151/0.000715]
  6   3 100, 0.000803 [0.000259/25.835820] [4201/0.000715]
  6   3 150, 0.000819 [0.001751/25.835158] [4251/0.000715]
  6   3 200, 0.000839 [0.000489/25.834499] [4301/0.000715]
  6   3 250, 0.000871 [0.000428/25.833846] [4351/0.000715]
  6   3 300, 0.000879 [0.000214/25.833198] [4401/0.000715]
  6   3 350, 0.000890 [0.000439/25.832549] [4451/0.000715]
Epoch 3 done. Evaluation:
(50000, 50000)
(9107, 10000)
  6   4  50, 0.000891 [0.000381/25.831364] [4542/0.000715]
  6   4 100, 0.000943 [0.000227/25.830722] [4592/0.000715]
  6   4 150, 0.000859 [0.000308/25.830074] [4642/0.000715]
  6   4 200, 0.000834 [0.000284/25.829426] [4692/0.000715]
  6   4 250, 0.000863 [0.000383/25.828784] [4742/0.000715]
  6   4 300, 0.000905 [0.000579/25.828146] [4792/0.000715]
  6   4 350, 0.000893 [0.000317/25.827508] [4842/0.000715]
Epoch 4 done. Evaluation:
(50000, 50000)
(9108, 10000)
  6   5  50, 0.000891 [0.000390/25.826346] [4933/0.000715]
  6   5 100, 0.000888 [0.000339/25.825713] [4983/0.000715]
  6   5 150, 0.000850 [0.000317/25.825075] [5033/0.000715]
  6   5 200, 0.000859 [0.000245/25.824443] [5083/0.000715]
  6   5 250, 0.000866 [0.000604/25.823811] [5133/0.000715]
  6   5 300, 0.000880 [0.000276/25.823183] [5183/0.000715]
  6   5 350, 0.000910 [0.000451/25.822559] [5233/0.000715]
Epoch 5 done. Evaluation:
(50000, 50000)
(9102, 10000)
  6   6  50, 0.000838 [0.000257/25.821424] [5324/0.000715]
  6   6 100, 0.000933 [0.000210/25.820802] [5374/0.000715]
  6   6 150, 0.000932 [0.000439/25.820187] [5424/0.000715]
  6   6 200, 0.000892 [0.000151/25.819566] [5474/0.000715]
  6   6 250, 0.000920 [0.000567/25.818949] [5524/0.000715]
  6   6 300, 0.000999 [0.001013/25.818342] [5574/0.000715]
  6   6 350, 0.000989 [0.000246/25.817737] [5624/0.000715]
Epoch 6 done. Evaluation:
(50000, 50000)
(9102, 10000)
  6   7  50, 0.000860 [0.001432/25.816615] [5715/0.000715]
  6   7 100, 0.000890 [0.000220/25.816002] [5765/0.000715]
  6   7 150, 0.000910 [0.000769/25.815395] [5815/0.000715]
  6   7 200, 0.000960 [0.000346/25.814788] [5865/0.000715]
  6   7 250, 0.000935 [0.000611/25.814181] [5915/0.000715]
  6   7 300, 0.000859 [0.000606/25.813570] [5965/0.000715]
  6   7 350, 0.001003 [0.000383/25.812973] [6015/0.000715]
Epoch 7 done. Evaluation:
(50000, 50000)
(9111, 10000)
  6   8  50, 0.000903 [0.000283/25.811877] [6106/0.000715]
  6   8 100, 0.000909 [0.000212/25.811281] [6156/0.000715]
  6   8 150, 0.000918 [0.001618/25.810680] [6206/0.000715]
  6   8 200, 0.000881 [0.000226/25.810077] [6256/0.000715]
  6   8 250, 0.000978 [0.000223/25.809490] [6306/0.000715]
  6   8 300, 0.000922 [0.000846/25.808896] [6356/0.000715]
  6   8 350, 0.001006 [0.000283/25.808317] [6406/0.000715]
Epoch 8 done. Evaluation:
(50000, 50000)
(9104, 10000)
  6   9  50, 0.000890 [0.000273/25.807238] [6497/0.000715]
  6   9 100, 0.000913 [0.000275/25.806649] [6547/0.000715]
  6   9 150, 0.000858 [0.000198/25.806057] [6597/0.000715]
  6   9 200, 0.000918 [0.000339/25.805473] [6647/0.000715]
  6   9 250, 0.000889 [0.000491/25.804889] [6697/0.000715]
  6   9 300, 0.000956 [0.000275/25.804303] [6747/0.000715]
  6   9 350, 0.000906 [0.000292/25.803723] [6797/0.000715]
Epoch 9 done. Evaluation:
(50000, 50000)
(9103, 10000)
  6  10  50, 0.000903 [0.000630/25.802663] [6888/0.000715]
  6  10 100, 0.000945 [0.000268/25.802088] [6938/0.000715]
  6  10 150, 0.000916 [0.001087/25.801513] [6988/0.000715]
  6  10 200, 0.000897 [0.000170/25.800936] [7038/0.000715]
  6  10 250, 0.000990 [0.000260/25.800364] [7088/0.000715]
  6  10 300, 0.000972 [0.001438/25.799797] [7138/0.000715]
  6  10 350, 0.000942 [0.001516/25.799224] [7188/0.000715]
Epoch 10 done. Evaluation:
(50000, 50000)
(9111, 10000)
  6  11  50, 0.000931 [0.000287/25.798188] [7279/0.000715]
  6  11 100, 0.000939 [0.000733/25.797626] [7329/0.000715]
  6  11 150, 0.000860 [0.000381/25.797053] [7379/0.000715]
  6  11 200, 0.000938 [0.000244/25.796492] [7429/0.000715]
  6  11 250, 0.000952 [0.000517/25.795926] [7479/0.000715]
  6  11 300, 0.000948 [0.000428/25.795368] [7529/0.000715]
  6  11 350, 0.000903 [0.000199/25.794800] [7579/0.000715]
Epoch 11 done. Evaluation:
(50000, 50000)
(9109, 10000)
  6  12  50, 0.000895 [0.000205/25.793788] [7670/0.000715]
  6  12 100, 0.000951 [0.000256/25.793233] [7720/0.000715]
  6  12 150, 0.000910 [0.000286/25.792672] [7770/0.000715]
  6  12 200, 0.000942 [0.000319/25.792120] [7820/0.000715]
  6  12 250, 0.001045 [0.001672/25.791574] [7870/0.000715]
  6  12 300, 0.000950 [0.000457/25.791021] [7920/0.000715]
  6  12 350, 0.001003 [0.000580/25.790474] [7970/0.000715]
Epoch 12 done. Evaluation:
(50000, 50000)
(9098, 10000)
  6  13  50, 0.000928 [0.000261/25.789489] [8061/0.000715]
  6  13 100, 0.000884 [0.000682/25.788937] [8111/0.000715]
  6  13 150, 0.000912 [0.000453/25.788389] [8161/0.000715]
  6  13 200, 0.000973 [0.000230/25.787848] [8211/0.000715]
  6  13 250, 0.000931 [0.000302/25.787306] [8261/0.000715]
  6  13 300, 0.000991 [0.000271/25.786768] [8311/0.000715]
  6  13 350, 0.000929 [0.000432/25.786226] [8361/0.000715]
Epoch 13 done. Evaluation:
(50000, 50000)
(9109, 10000)
  6  14  50, 0.000933 [0.000339/25.785248] [8452/0.000715]
  6  14 100, 0.000934 [0.000232/25.784709] [8502/0.000715]
  6  14 150, 0.000950 [0.000199/25.784172] [8552/0.000715]
  6  14 200, 0.000918 [0.000456/25.783636] [8602/0.000715]
  6  14 250, 0.000958 [0.000393/25.783102] [8652/0.000715]
  6  14 300, 0.000950 [0.000626/25.782569] [8702/0.000715]
  6  14 350, 0.000952 [0.000214/25.782034] [8752/0.000715]
Epoch 14 done. Evaluation:
(50000, 50000)
(9111, 10000)
  6  15  50, 0.000974 [0.001734/25.781073] [8843/0.000715]
  6  15 100, 0.000979 [0.000285/25.780541] [8893/0.000715]
  6  15 150, 0.001000 [0.000417/25.780023] [8943/0.000715]
  6  15 200, 0.000997 [0.000644/25.779503] [8993/0.000715]
  6  15 250, 0.000923 [0.000257/25.778972] [9043/0.000715]
  6  15 300, 0.000989 [0.000264/25.778456] [9093/0.000715]
  6  15 350, 0.001049 [0.000368/25.777943] [9143/0.000715]
Epoch 15 done. Evaluation:
(50000, 50000)
(9104, 10000)
  6  16  50, 0.000923 [0.000271/25.776993] [9234/0.000715]
  6  16 100, 0.000915 [0.000486/25.776471] [9284/0.000715]
  6  16 150, 0.000940 [0.000414/25.775951] [9334/0.000715]
  6  16 200, 0.000909 [0.000639/25.775431] [9384/0.000715]
  6  16 250, 0.001059 [0.000249/25.774923] [9434/0.000715]
  6  16 300, 0.001004 [0.000632/25.774411] [9484/0.000715]
  6  16 350, 0.001047 [0.000277/25.773907] [9534/0.000715]
Epoch 16 done. Evaluation:
(50000, 50000)
(9114, 10000)
  6  17  50, 0.001011 [0.000230/25.772980] [9625/0.000715]
  6  17 100, 0.000942 [0.000258/25.772471] [9675/0.000715]
  6  17 150, 0.000958 [0.000885/25.771963] [9725/0.000715]
  6  17 200, 0.000927 [0.000320/25.771457] [9775/0.000715]
  6  17 250, 0.000994 [0.000192/25.770951] [9825/0.000715]
  6  17 300, 0.000897 [0.000359/25.770443] [9875/0.000715]
  6  17 350, 0.001000 [0.000411/25.769943] [9925/0.000715]
Epoch 17 done. Evaluation:
(50000, 50000)
(9129, 10000)
  6  18  50, 0.000933 [0.000336/25.769029] [10016/0.000715]
  6  18 100, 0.000882 [0.000740/25.768517] [10066/0.000715]
  6  18 150, 0.000967 [0.000254/25.768015] [10116/0.000715]
  6  18 200, 0.000864 [0.000255/25.767509] [10166/0.000715]
  6  18 250, 0.000949 [0.000227/25.767004] [10216/0.000715]
  6  18 300, 0.001108 [0.000354/25.766519] [10266/0.000715]
  6  18 350, 0.000883 [0.000244/25.766018] [10316/0.000715]
Epoch 18 done. Evaluation:
(50000, 50000)
(9117, 10000)
  6  19  50, 0.001022 [0.000624/25.765125] [10407/0.000715]
  6  19 100, 0.000905 [0.000373/25.764624] [10457/0.000715]
  6  19 150, 0.000986 [0.000850/25.764136] [10507/0.000715]
  6  19 200, 0.000971 [0.000361/25.763645] [10557/0.000715]
  6  19 250, 0.001005 [0.002803/25.763158] [10607/0.000715]
  6  19 300, 0.000937 [0.000431/25.762668] [10657/0.000715]
  6  19 350, 0.000978 [0.000271/25.762181] [10707/0.000715]
Epoch 19 done. Evaluation:
(50000, 50000)
(9114, 10000)
  7   0  50, 0.001011 [0.000250/25.761541] [10798/0.000715]
  7   0 100, 0.000987 [0.000828/25.761295] [10848/0.000715]
  7   0 150, 0.000915 [0.000234/25.761044] [10898/0.000715]
  7   0 200, 0.000960 [0.000138/25.760800] [10948/0.000715]
  7   0 250, 0.000915 [0.000188/25.760551] [10998/0.000715]
  7   0 300, 0.000926 [0.000239/25.760301] [11048/0.000715]
  7   0 350, 0.001008 [0.000177/25.760058] [11098/0.000715]
Epoch 0 done. Evaluation:
(50000, 50000)
(9113, 10000)
  7   1  50, 0.001019 [0.000193/25.759618] [11189/0.000715]
  7   1 100, 0.000929 [0.000223/25.759372] [11239/0.000715]
  7   1 150, 0.001046 [0.000144/25.759133] [11289/0.000715]
  7   1 200, 0.000952 [0.000263/25.758886] [11339/0.000715]
  7   1 250, 0.000951 [0.000434/25.758642] [11389/0.000715]
  7   1 300, 0.000960 [0.000220/25.758399] [11439/0.000715]
  7   1 350, 0.000938 [0.000160/25.758153] [11489/0.000715]
Epoch 1 done. Evaluation:
(50000, 50000)
(9114, 10000)
  7   2  50, 0.000973 [0.000500/25.757716] [11580/0.000715]
  7   2 100, 0.000953 [0.000233/25.757471] [11630/0.000715]
  7   2 150, 0.000963 [0.000404/25.757228] [11680/0.000715]
  7   2 200, 0.000950 [0.000177/25.756981] [11730/0.000715]
  7   2 250, 0.000976 [0.000335/25.756740] [11780/0.000715]
  7   2 300, 0.001053 [0.000234/25.756504] [11830/0.000715]
  7   2 350, 0.000967 [0.000299/25.756262] [11880/0.000715]
Epoch 2 done. Evaluation:
(50000, 50000)
(9116, 10000)
  7   3  50, 0.000965 [0.000143/25.755824] [11971/0.000715]
  7   3 100, 0.000983 [0.000218/25.755585] [12021/0.000715]
  7   3 150, 0.000995 [0.000388/25.755344] [12071/0.000715]
  7   3 200, 0.001062 [0.000268/25.755110] [12121/0.000715]
  7   3 250, 0.000918 [0.000142/25.754867] [12171/0.000715]
  7   3 300, 0.000937 [0.000188/25.754625] [12221/0.000715]
  7   3 350, 0.001014 [0.000258/25.754390] [12271/0.000715]
Epoch 3 done. Evaluation:
(50000, 50000)
(9121, 10000)
  7   4  50, 0.000925 [0.000191/25.753955] [12362/0.000715]
  7   4 100, 0.000943 [0.000204/25.753714] [12412/0.000715]
  7   4 150, 0.001025 [0.000269/25.753480] [12462/0.000715]
  7   4 200, 0.000980 [0.000125/25.753243] [12512/0.000715]
  7   4 250, 0.000895 [0.000339/25.753004] [12562/0.000715]
  7   4 300, 0.001025 [0.000238/25.752768] [12612/0.000715]
  7   4 350, 0.001035 [0.000356/25.752532] [12662/0.000715]
Epoch 4 done. Evaluation:
(50000, 50000)
(9120, 10000)
  7   5  50, 0.000984 [0.000148/25.752102] [12753/0.000715]
  7   5 100, 0.000959 [0.000166/25.751867] [12803/0.000715]
  7   5 150, 0.000948 [0.000157/25.751628] [12853/0.000715]
  7   5 200, 0.000913 [0.000716/25.751387] [12903/0.000715]
  7   5 250, 0.001009 [0.000161/25.751150] [12953/0.000715]
  7   5 300, 0.000946 [0.000228/25.750915] [13003/0.000715]
  7   5 350, 0.001007 [0.000236/25.750680] [13053/0.000715]
Epoch 5 done. Evaluation:
(50000, 50000)
(9113, 10000)
  7   6  50, 0.000942 [0.000289/25.750253] [13144/0.000715]
  7   6 100, 0.001024 [0.000145/25.750018] [13194/0.000715]
  7   6 150, 0.001006 [0.000267/25.749785] [13244/0.000715]
  7   6 200, 0.000912 [0.000234/25.749550] [13294/0.000715]
  7   6 250, 0.000959 [0.000187/25.749317] [13344/0.000715]
  7   6 300, 0.000992 [0.000192/25.749084] [13394/0.000715]
  7   6 350, 0.000941 [0.000156/25.748852] [13444/0.000715]
Epoch 6 done. Evaluation:
(50000, 50000)
(9109, 10000)
  7   7  50, 0.000939 [0.000184/25.748421] [13535/0.000715]
  7   7 100, 0.000937 [0.000216/25.748187] [13585/0.000715]
  7   7 150, 0.000959 [0.000166/25.747957] [13635/0.000715]
  7   7 200, 0.000913 [0.000229/25.747721] [13685/0.000715]
  7   7 250, 0.000987 [0.000339/25.747490] [13735/0.000715]
  7   7 300, 0.000988 [0.000183/25.747262] [13785/0.000715]
  7   7 350, 0.001048 [0.000209/25.747034] [13835/0.000715]
Epoch 7 done. Evaluation:
(50000, 50000)
(9114, 10000)
  7   8  50, 0.000979 [0.000233/25.746611] [13926/0.000715]
  7   8 100, 0.000981 [0.000139/25.746381] [13976/0.000715]
  7   8 150, 0.001021 [0.000207/25.746152] [14026/0.000715]
  7   8 200, 0.000940 [0.001824/25.745917] [14076/0.000715]
  7   8 250, 0.000943 [0.000217/25.745685] [14126/0.000715]
  7   8 300, 0.001045 [0.000969/25.745460] [14176/0.000715]
  7   8 350, 0.000960 [0.000755/25.745228] [14226/0.000715]
Epoch 8 done. Evaluation:
(50000, 50000)
(9109, 10000)
  7   9  50, 0.000982 [0.000177/25.744814] [14317/0.000715]
  7   9 100, 0.000984 [0.000177/25.744584] [14367/0.000715]
  7   9 150, 0.000955 [0.000397/25.744356] [14417/0.000715]
  7   9 200, 0.000960 [0.000326/25.744126] [14467/0.000715]
  7   9 250, 0.000962 [0.000155/25.743897] [14517/0.000715]
  7   9 300, 0.001006 [0.000166/25.743668] [14567/0.000715]
  7   9 350, 0.001027 [0.000412/25.743443] [14617/0.000715]
Epoch 9 done. Evaluation:
(50000, 50000)
(9113, 10000)
  7  10  50, 0.000911 [0.000211/25.743027] [14708/0.000715]
  7  10 100, 0.000988 [0.001269/25.742801] [14758/0.000715]
  7  10 150, 0.000991 [0.000465/25.742573] [14808/0.000715]
  7  10 200, 0.000876 [0.000346/25.742338] [14858/0.000715]
  7  10 250, 0.000964 [0.000146/25.742113] [14908/0.000715]
  7  10 300, 0.001060 [0.000392/25.741891] [14958/0.000715]
  7  10 350, 0.000961 [0.000193/25.741664] [15008/0.000715]
Epoch 10 done. Evaluation:
(50000, 50000)
(9111, 10000)
  7  11  50, 0.000992 [0.000201/25.741258] [15099/0.000715]
  7  11 100, 0.000979 [0.000192/25.741030] [15149/0.000715]
  7  11 150, 0.000896 [0.000226/25.740802] [15199/0.000715]
  7  11 200, 0.001018 [0.000163/25.740576] [15249/0.000715]
  7  11 250, 0.001081 [0.000172/25.740357] [15299/0.000715]
  7  11 300, 0.001005 [0.000200/25.740135] [15349/0.000715]
  7  11 350, 0.000995 [0.000337/25.739914] [15399/0.000715]
Epoch 11 done. Evaluation:
(50000, 50000)
(9119, 10000)
  7  12  50, 0.001013 [0.000203/25.739506] [15490/0.000715]
  7  12 100, 0.000957 [0.000407/25.739278] [15540/0.000715]
  7  12 150, 0.000910 [0.000281/25.739052] [15590/0.000715]
  7  12 200, 0.001070 [0.000370/25.738837] [15640/0.000715]
  7  12 250, 0.001037 [0.000237/25.738618] [15690/0.000715]
  7  12 300, 0.001028 [0.000210/25.738402] [15740/0.000715]
  7  12 350, 0.001020 [0.000292/25.738181] [15790/0.000715]
Epoch 12 done. Evaluation:
(50000, 50000)
(9113, 10000)
  7  13  50, 0.000977 [0.000381/25.737770] [15881/0.000715]
  7  13 100, 0.000921 [0.000247/25.737545] [15931/0.000715]
  7  13 150, 0.000933 [0.000225/25.737323] [15981/0.000715]
  7  13 200, 0.000973 [0.000178/25.737103] [16031/0.000715]
  7  13 250, 0.001004 [0.000797/25.736883] [16081/0.000715]
  7  13 300, 0.001025 [0.000202/25.736662] [16131/0.000715]
  7  13 350, 0.001035 [0.000200/25.736441] [16181/0.000715]
Epoch 13 done. Evaluation:
(50000, 50000)
(9117, 10000)
  7  14  50, 0.000902 [0.000174/25.736036] [16272/0.000715]
  7  14 100, 0.000997 [0.000177/25.735813] [16322/0.000715]
  7  14 150, 0.001005 [0.000292/25.735594] [16372/0.000715]
  7  14 200, 0.000992 [0.000160/25.735375] [16422/0.000715]
  7  14 250, 0.001029 [0.000285/25.735152] [16472/0.000715]
  7  14 300, 0.001025 [0.000197/25.734938] [16522/0.000715]
  7  14 350, 0.000940 [0.000162/25.734718] [16572/0.000715]
Epoch 14 done. Evaluation:
(50000, 50000)
(9120, 10000)
  7  15  50, 0.000954 [0.000240/25.734320] [16663/0.000715]
  7  15 100, 0.001036 [0.000198/25.734106] [16713/0.000715]
  7  15 150, 0.000957 [0.000475/25.733889] [16763/0.000715]
  7  15 200, 0.000969 [0.000182/25.733669] [16813/0.000715]
  7  15 250, 0.001005 [0.000166/25.733452] [16863/0.000715]
  7  15 300, 0.001017 [0.000304/25.733237] [16913/0.000715]
  7  15 350, 0.000947 [0.000585/25.733017] [16963/0.000715]
Epoch 15 done. Evaluation:
(50000, 50000)
(9122, 10000)
  7  16  50, 0.000939 [0.000236/25.732619] [17054/0.000715]
  7  16 100, 0.001028 [0.000220/25.732406] [17104/0.000715]
  7  16 150, 0.000929 [0.000175/25.732187] [17154/0.000715]
  7  16 200, 0.000894 [0.000254/25.731968] [17204/0.000715]
  7  16 250, 0.001051 [0.000461/25.731753] [17254/0.000715]
  7  16 300, 0.000955 [0.000230/25.731536] [17304/0.000715]
  7  16 350, 0.001026 [0.000192/25.731322] [17354/0.000715]
Epoch 16 done. Evaluation:
(50000, 50000)
(9126, 10000)
  7  17  50, 0.001028 [0.000162/25.730933] [17445/0.000715]
  7  17 100, 0.001015 [0.000186/25.730721] [17495/0.000715]
  7  17 150, 0.000976 [0.000150/25.730503] [17545/0.000715]
  7  17 200, 0.001094 [0.000229/25.730295] [17595/0.000715]
  7  17 250, 0.000991 [0.000156/25.730084] [17645/0.000715]
  7  17 300, 0.001005 [0.000169/25.729871] [17695/0.000715]
  7  17 350, 0.001049 [0.000276/25.729659] [17745/0.000715]
Epoch 17 done. Evaluation:
(50000, 50000)
(9120, 10000)
  7  18  50, 0.000966 [0.000248/25.729268] [17836/0.000715]
  7  18 100, 0.001080 [0.000331/25.729060] [17886/0.000715]
  7  18 150, 0.001020 [0.000278/25.728848] [17936/0.000715]
  7  18 200, 0.001017 [0.000182/25.728639] [17986/0.000715]
  7  18 250, 0.000954 [0.000212/25.728427] [18036/0.000715]
  7  18 300, 0.000920 [0.000146/25.728209] [18086/0.000715]
  7  18 350, 0.001055 [0.000419/25.728001] [18136/0.000715]
Epoch 18 done. Evaluation:
(50000, 50000)
(9127, 10000)
  7  19  50, 0.000976 [0.000204/25.727613] [18227/0.000715]
  7  19 100, 0.000933 [0.000208/25.727400] [18277/0.000715]
  7  19 150, 0.001036 [0.000177/25.727191] [18327/0.000715]
  7  19 200, 0.001083 [0.000166/25.726982] [18377/0.000715]
  7  19 250, 0.001135 [0.000260/25.726778] [18427/0.000715]
  7  19 300, 0.001142 [0.000336/25.726575] [18477/0.000715]
  7  19 350, 0.000965 [0.000276/25.726362] [18527/0.000715]
Epoch 19 done. Evaluation:
(50000, 50000)
(9123, 10000)
  8   0  50, 0.000963 [0.000186/25.726105] [18618/0.000715]
  8   0 100, 0.001024 [0.000229/25.726020] [18668/0.000715]
  8   0 150, 0.000935 [0.000157/25.725928] [18718/0.000715]
  8   0 200, 0.001111 [0.000193/25.725844] [18768/0.000715]
  8   0 250, 0.001050 [0.000158/25.725760] [18818/0.000715]
  8   0 300, 0.001012 [0.000149/25.725673] [18868/0.000715]
  8   0 350, 0.001075 [0.000530/25.725587] [18918/0.000715]
Epoch 0 done. Evaluation:
(50000, 50000)
(9129, 10000)
  8   1  50, 0.001020 [0.000307/25.725427] [19009/0.000715]
  8   1 100, 0.001022 [0.000137/25.725340] [19059/0.000715]
  8   1 150, 0.001038 [0.000173/25.725255] [19109/0.000715]
  8   1 200, 0.000994 [0.000122/25.725168] [19159/0.000715]
  8   1 250, 0.001009 [0.000193/25.725081] [19209/0.000715]
  8   1 300, 0.001044 [0.000240/25.724997] [19259/0.000715]
  8   1 350, 0.000979 [0.000118/25.724906] [19309/0.000715]
Epoch 1 done. Evaluation:
(50000, 50000)
(9120, 10000)
  8   2  50, 0.000972 [0.000429/25.724751] [19400/0.000715]
  8   2 100, 0.000978 [0.000164/25.724661] [19450/0.000715]
  8   2 150, 0.001067 [0.000118/25.724577] [19500/0.000715]
  8   2 200, 0.000961 [0.000248/25.724490] [19550/0.000715]
  8   2 250, 0.000992 [0.000289/25.724404] [19600/0.000715]
  8   2 300, 0.000947 [0.000131/25.724318] [19650/0.000715]
  8   2 350, 0.001017 [0.000160/25.724233] [19700/0.000715]
Epoch 2 done. Evaluation:
(50000, 50000)
(9129, 10000)
  8   3  50, 0.000995 [0.000180/25.724073] [19791/0.000715]
  8   3 100, 0.000962 [0.000115/25.723985] [19841/0.000715]
  8   3 150, 0.000992 [0.000156/25.723898] [19891/0.000715]
  8   3 200, 0.001052 [0.000126/25.723814] [19941/0.000715]
  8   3 250, 0.001121 [0.000238/25.723728] [19991/0.000715]
  8   3 300, 0.000973 [0.000163/25.723642] [20041/0.000715]
  8   3 350, 0.000981 [0.000118/25.723557] [20091/0.000715]
Epoch 3 done. Evaluation:
(50000, 50000)
(9119, 10000)
  8   4  50, 0.000917 [0.000110/25.723400] [20182/0.000715]
  8   4 100, 0.001057 [0.000139/25.723316] [20232/0.000715]
  8   4 150, 0.001033 [0.000137/25.723227] [20282/0.000715]
  8   4 200, 0.000999 [0.000117/25.723142] [20332/0.000715]
  8   4 250, 0.001102 [0.000274/25.723057] [20382/0.000715]
  8   4 300, 0.001018 [0.000153/25.722973] [20432/0.000715]
  8   4 350, 0.001100 [0.000264/25.722889] [20482/0.000715]
Epoch 4 done. Evaluation:
(50000, 50000)
(9117, 10000)
  8   5  50, 0.001000 [0.000120/25.722733] [20573/0.000715]
  8   5 100, 0.000970 [0.000141/25.722648] [20623/0.000715]
  8   5 150, 0.001076 [0.000120/25.722563] [20673/0.000715]
  8   5 200, 0.001009 [0.000140/25.722479] [20723/0.000715]
  8   5 250, 0.001039 [0.000164/25.722395] [20773/0.000715]
  8   5 300, 0.001103 [0.000122/25.722311] [20823/0.000715]
  8   5 350, 0.001026 [0.000158/25.722228] [20873/0.000715]
Epoch 5 done. Evaluation:
(50000, 50000)
(9117, 10000)
  8   6  50, 0.001093 [0.000142/25.722071] [20964/0.000715]
  8   6 100, 0.000981 [0.000118/25.721985] [21014/0.000715]
  8   6 150, 0.001028 [0.000137/25.721899] [21064/0.000715]
  8   6 200, 0.000991 [0.000155/25.721813] [21114/0.000715]
  8   6 250, 0.000960 [0.000124/25.721726] [21164/0.000715]
  8   6 300, 0.001011 [0.000394/25.721644] [21214/0.000715]
  8   6 350, 0.000977 [0.000165/25.721561] [21264/0.000715]
Epoch 6 done. Evaluation:
(50000, 50000)
(9128, 10000)
  8   7  50, 0.000972 [0.000231/25.721408] [21355/0.000715]
  8   7 100, 0.000995 [0.000300/25.721321] [21405/0.000715]
  8   7 150, 0.001018 [0.000129/25.721236] [21455/0.000715]
  8   7 200, 0.000943 [0.000122/25.721154] [21505/0.000715]
  8   7 250, 0.000976 [0.000153/25.721068] [21555/0.000715]
  8   7 300, 0.000981 [0.000241/25.720982] [21605/0.000715]
  8   7 350, 0.000980 [0.000214/25.720897] [21655/0.000715]
Epoch 7 done. Evaluation:
(50000, 50000)
(9117, 10000)
  8   8  50, 0.001011 [0.000352/25.720745] [21746/0.000715]
  8   8 100, 0.001029 [0.000130/25.720661] [21796/0.000715]
  8   8 150, 0.001057 [0.000113/25.720579] [21846/0.000715]
  8   8 200, 0.001000 [0.000138/25.720492] [21896/0.000715]
  8   8 250, 0.000973 [0.000218/25.720410] [21946/0.000715]
  8   8 300, 0.000956 [0.000176/25.720325] [21996/0.000715]
  8   8 350, 0.000991 [0.000176/25.720239] [22046/0.000715]
Epoch 8 done. Evaluation:
(50000, 50000)
(9123, 10000)
  8   9  50, 0.000969 [0.000135/25.720085] [22137/0.000715]
  8   9 100, 0.001097 [0.000111/25.720003] [22187/0.000715]
  8   9 150, 0.001012 [0.000270/25.719921] [22237/0.000715]
  8   9 200, 0.000975 [0.000115/25.719837] [22287/0.000715]
  8   9 250, 0.000969 [0.000157/25.719754] [22337/0.000715]
  8   9 300, 0.000981 [0.000133/25.719666] [22387/0.000715]
  8   9 350, 0.001028 [0.000152/25.719585] [22437/0.000715]
Epoch 9 done. Evaluation:
(50000, 50000)
(9126, 10000)
  8  10  50, 0.000981 [0.000127/25.719433] [22528/0.000715]
  8  10 100, 0.000973 [0.000177/25.719350] [22578/0.000715]
  8  10 150, 0.000992 [0.000158/25.719264] [22628/0.000715]
  8  10 200, 0.000943 [0.000128/25.719180] [22678/0.000715]
  8  10 250, 0.000980 [0.000198/25.719096] [22728/0.000715]
  8  10 300, 0.001006 [0.000148/25.719013] [22778/0.000715]
  8  10 350, 0.001022 [0.000119/25.718930] [22828/0.000715]
Epoch 10 done. Evaluation:
(50000, 50000)
(9131, 10000)
  8  11  50, 0.001008 [0.000129/25.718779] [22919/0.000715]
  8  11 100, 0.000999 [0.000119/25.718698] [22969/0.000715]
  8  11 150, 0.001041 [0.000150/25.718615] [23019/0.000715]
  8  11 200, 0.001023 [0.000126/25.718533] [23069/0.000715]
  8  11 250, 0.000969 [0.000151/25.718449] [23119/0.000715]
  8  11 300, 0.000994 [0.000180/25.718367] [23169/0.000715]
  8  11 350, 0.001041 [0.000127/25.718286] [23219/0.000715]
Epoch 11 done. Evaluation:
(50000, 50000)
(9128, 10000)
  8  12  50, 0.000983 [0.000219/25.718135] [23310/0.000715]
  8  12 100, 0.000989 [0.000137/25.718052] [23360/0.000715]
  8  12 150, 0.000986 [0.000159/25.717969] [23410/0.000715]
  8  12 200, 0.000987 [0.000334/25.717888] [23460/0.000715]
  8  12 250, 0.001020 [0.000294/25.717803] [23510/0.000715]
  8  12 300, 0.001031 [0.000261/25.717720] [23560/0.000715]
  8  12 350, 0.000970 [0.000143/25.717640] [23610/0.000715]
Epoch 12 done. Evaluation:
(50000, 50000)
(9127, 10000)
  8  13  50, 0.000962 [0.000226/25.717486] [23701/0.000715]
  8  13 100, 0.001042 [0.000126/25.717406] [23751/0.000715]
  8  13 150, 0.000959 [0.000130/25.717320] [23801/0.000715]
  8  13 200, 0.001049 [0.000165/25.717238] [23851/0.000715]
  8  13 250, 0.001147 [0.000125/25.717161] [23901/0.000715]
  8  13 300, 0.001001 [0.000138/25.717080] [23951/0.000715]
  8  13 350, 0.000974 [0.000118/25.716994] [24001/0.000715]
Epoch 13 done. Evaluation:
(50000, 50000)
(9131, 10000)
  8  14  50, 0.001035 [0.000155/25.716851] [24092/0.000715]
  8  14 100, 0.000984 [0.000141/25.716767] [24142/0.000715]
  8  14 150, 0.001012 [0.000214/25.716685] [24192/0.000715]
  8  14 200, 0.001051 [0.000202/25.716602] [24242/0.000715]
  8  14 250, 0.000972 [0.000122/25.716520] [24292/0.000715]
  8  14 300, 0.001072 [0.000284/25.716442] [24342/0.000715]
  8  14 350, 0.000996 [0.000191/25.716358] [24392/0.000715]
Epoch 14 done. Evaluation:
(50000, 50000)
(9133, 10000)
  8  15  50, 0.001177 [0.000122/25.716215] [24483/0.000715]
  8  15 100, 0.000967 [0.000150/25.716130] [24533/0.000715]
  8  15 150, 0.000944 [0.000114/25.716048] [24583/0.000715]
  8  15 200, 0.001017 [0.000139/25.715966] [24633/0.000715]
  8  15 250, 0.000987 [0.000254/25.715885] [24683/0.000715]
  8  15 300, 0.000994 [0.000155/25.715806] [24733/0.000715]
  8  15 350, 0.000952 [0.000185/25.715722] [24783/0.000715]
Epoch 15 done. Evaluation:
(50000, 50000)
(9138, 10000)
  8  16  50, 0.001040 [0.000307/25.715576] [24874/0.000715]
  8  16 100, 0.000959 [0.000133/25.715494] [24924/0.000715]
  8  16 150, 0.001079 [0.000135/25.715416] [24974/0.000715]
  8  16 200, 0.000955 [0.000148/25.715334] [25024/0.000715]
  8  16 250, 0.001001 [0.000253/25.715252] [25074/0.000715]
  8  16 300, 0.000982 [0.000322/25.715169] [25124/0.000715]
  8  16 350, 0.001065 [0.000148/25.715090] [25174/0.000715]
Epoch 16 done. Evaluation:
(50000, 50000)
(9133, 10000)
  8  17  50, 0.000952 [0.000124/25.714941] [25265/0.000715]
  8  17 100, 0.000935 [0.000164/25.714862] [25315/0.000715]
  8  17 150, 0.000971 [0.000214/25.714779] [25365/0.000715]
  8  17 200, 0.001032 [0.000148/25.714698] [25415/0.000715]
  8  17 250, 0.001067 [0.000112/25.714619] [25465/0.000715]
  8  17 300, 0.000970 [0.000144/25.714536] [25515/0.000715]
  8  17 350, 0.001032 [0.000215/25.714457] [25565/0.000715]
Epoch 17 done. Evaluation:
(50000, 50000)
(9133, 10000)
  8  18  50, 0.001103 [0.000350/25.714312] [25656/0.000715]
  8  18 100, 0.001028 [0.000118/25.714233] [25706/0.000715]
  8  18 150, 0.000974 [0.000128/25.714153] [25756/0.000715]
  8  18 200, 0.001000 [0.000198/25.714072] [25806/0.000715]
  8  18 250, 0.001056 [0.000221/25.713992] [25856/0.000715]
  8  18 300, 0.001047 [0.000173/25.713913] [25906/0.000715]
  8  18 350, 0.001079 [0.000123/25.713833] [25956/0.000715]
Epoch 18 done. Evaluation:
(50000, 50000)
(9134, 10000)
  8  19  50, 0.001102 [0.000214/25.713690] [26047/0.000715]
  8  19 100, 0.001040 [0.000170/25.713610] [26097/0.000715]
  8  19 150, 0.000962 [0.000130/25.713528] [26147/0.000715]
  8  19 200, 0.001057 [0.000124/25.713445] [26197/0.000715]
  8  19 250, 0.001012 [0.000143/25.713367] [26247/0.000715]
  8  19 300, 0.001045 [0.000128/25.713286] [26297/0.000715]
  8  19 350, 0.001117 [0.000135/25.713209] [26347/0.000715]
Epoch 19 done. Evaluation:
(50000, 50000)
(9134, 10000)
  9   0  50, 0.000944 [0.000109/25.713103] [26438/0.000715]
  9   0 100, 0.001001 [0.000116/25.713066] [26488/0.000715]
  9   0 150, 0.000969 [0.000213/25.713030] [26538/0.000715]
  9   0 200, 0.001028 [0.000108/25.712991] [26588/0.000715]
  9   0 250, 0.001039 [0.000125/25.712954] [26638/0.000715]
  9   0 300, 0.001041 [0.000107/25.712918] [26688/0.000715]
  9   0 350, 0.001038 [0.000104/25.712879] [26738/0.000715]
Epoch 0 done. Evaluation:
(50000, 50000)
(9121, 10000)
  9   1  50, 0.001008 [0.000110/25.712814] [26829/0.000715]
  9   1 100, 0.000953 [0.000141/25.712774] [26879/0.000715]
  9   1 150, 0.001015 [0.000123/25.712738] [26929/0.000715]
  9   1 200, 0.000944 [0.000105/25.712698] [26979/0.000715]
  9   1 250, 0.001022 [0.000116/25.712660] [27029/0.000715]
  9   1 300, 0.000969 [0.000107/25.712622] [27079/0.000715]
  9   1 350, 0.001038 [0.000111/25.712585] [27129/0.000715]
Epoch 1 done. Evaluation:
(50000, 50000)
(9130, 10000)
  9   2  50, 0.000991 [0.000170/25.712517] [27220/0.000715]
  9   2 100, 0.001012 [0.000130/25.712479] [27270/0.000715]
  9   2 150, 0.001049 [0.000121/25.712441] [27320/0.000715]
  9   2 200, 0.000965 [0.000104/25.712403] [27370/0.000715]
  9   2 250, 0.001075 [0.000107/25.712368] [27420/0.000715]
  9   2 300, 0.001017 [0.000103/25.712332] [27470/0.000715]
  9   2 350, 0.001095 [0.000119/25.712295] [27520/0.000715]
Epoch 2 done. Evaluation:
(50000, 50000)
(9133, 10000)
  9   3  50, 0.001009 [0.000124/25.712227] [27611/0.000715]
  9   3 100, 0.001089 [0.000106/25.712189] [27661/0.000715]
  9   3 150, 0.000991 [0.000111/25.712151] [27711/0.000715]
  9   3 200, 0.000965 [0.000105/25.712113] [27761/0.000715]
  9   3 250, 0.001028 [0.000110/25.712075] [27811/0.000715]
  9   3 300, 0.000964 [0.000153/25.712039] [27861/0.000715]
  9   3 350, 0.001022 [0.000108/25.712002] [27911/0.000715]
Epoch 3 done. Evaluation:
(50000, 50000)
(9128, 10000)
  9   4  50, 0.000978 [0.000132/25.711933] [28002/0.000715]
  9   4 100, 0.000983 [0.000109/25.711895] [28052/0.000715]
  9   4 150, 0.000944 [0.000105/25.711856] [28102/0.000715]
  9   4 200, 0.000933 [0.000128/25.711820] [28152/0.000715]
  9   4 250, 0.001030 [0.000104/25.711782] [28202/0.000715]
  9   4 300, 0.001104 [0.000119/25.711747] [28252/0.000715]
  9   4 350, 0.001054 [0.000116/25.711709] [28302/0.000715]
Epoch 4 done. Evaluation:
(50000, 50000)
(9130, 10000)
  9   5  50, 0.000919 [0.000106/25.711641] [28393/0.000715]
  9   5 100, 0.001056 [0.000160/25.711606] [28443/0.000715]
  9   5 150, 0.001078 [0.000108/25.711567] [28493/0.000715]
  9   5 200, 0.001053 [0.000129/25.711533] [28543/0.000715]
  9   5 250, 0.000964 [0.000103/25.711495] [28593/0.000715]
  9   5 300, 0.001002 [0.000148/25.711458] [28643/0.000715]
  9   5 350, 0.000981 [0.000115/25.711420] [28693/0.000715]
Epoch 5 done. Evaluation:
(50000, 50000)
(9145, 10000)
  9   6  50, 0.000992 [0.000113/25.711352] [28784/0.000715]
  9   6 100, 0.000984 [0.000111/25.711315] [28834/0.000715]
  9   6 150, 0.001058 [0.000107/25.711277] [28884/0.000715]
  9   6 200, 0.001042 [0.000111/25.711240] [28934/0.000715]
  9   6 250, 0.001081 [0.000144/25.711203] [28984/0.000715]
  9   6 300, 0.001087 [0.000123/25.711166] [29034/0.000715]
  9   6 350, 0.001008 [0.000170/25.711129] [29084/0.000715]
Epoch 6 done. Evaluation:
(50000, 50000)
(9137, 10000)
  9   7  50, 0.001025 [0.000149/25.711061] [29175/0.000715]
  9   7 100, 0.000971 [0.000121/25.711025] [29225/0.000715]
  9   7 150, 0.001003 [0.000161/25.710987] [29275/0.000715]
  9   7 200, 0.000940 [0.000108/25.710951] [29325/0.000715]
  9   7 250, 0.001043 [0.000109/25.710914] [29375/0.000715]
  9   7 300, 0.001059 [0.000160/25.710876] [29425/0.000715]
  9   7 350, 0.001001 [0.000110/25.710838] [29475/0.000715]
Epoch 7 done. Evaluation:
(50000, 50000)
(9138, 10000)
  9   8  50, 0.001011 [0.000109/25.710769] [29566/0.000715]
  9   8 100, 0.000910 [0.000109/25.710733] [29616/0.000715]
  9   8 150, 0.001029 [0.000107/25.710698] [29666/0.000715]
  9   8 200, 0.001021 [0.000119/25.710661] [29716/0.000715]
  9   8 250, 0.001135 [0.000108/25.710624] [29766/0.000715]
  9   8 300, 0.000980 [0.000124/25.710586] [29816/0.000715]
  9   8 350, 0.001069 [0.000122/25.710552] [29866/0.000715]
Epoch 8 done. Evaluation:
(50000, 50000)
(9128, 10000)
  9   9  50, 0.001026 [0.000140/25.710484] [29957/0.000715]
  9   9 100, 0.001083 [0.000112/25.710449] [30007/0.000715]
  9   9 150, 0.000994 [0.000110/25.710410] [30057/0.000715]
  9   9 200, 0.000907 [0.000134/25.710374] [30107/0.000715]
  9   9 250, 0.001042 [0.000110/25.710336] [30157/0.000715]
  9   9 300, 0.000983 [0.000110/25.710300] [30207/0.000715]
  9   9 350, 0.001089 [0.000126/25.710264] [30257/0.000715]
Epoch 9 done. Evaluation:
(50000, 50000)
(9135, 10000)
  9  10  50, 0.001061 [0.000106/25.710196] [30348/0.000715]
  9  10 100, 0.001047 [0.000111/25.710160] [30398/0.000715]
  9  10 150, 0.001062 [0.000110/25.710122] [30448/0.000715]
  9  10 200, 0.000993 [0.000114/25.710084] [30498/0.000715]
  9  10 250, 0.001031 [0.000103/25.710048] [30548/0.000715]
  9  10 300, 0.000974 [0.000135/25.710012] [30598/0.000715]
  9  10 350, 0.001061 [0.000125/25.709974] [30648/0.000715]
Epoch 10 done. Evaluation:
(50000, 50000)
(9135, 10000)
  9  11  50, 0.000984 [0.000107/25.709908] [30739/0.000715]
  9  11 100, 0.001033 [0.000107/25.709871] [30789/0.000715]
  9  11 150, 0.001005 [0.000110/25.709835] [30839/0.000715]
  9  11 200, 0.001044 [0.000156/25.709799] [30889/0.000715]
  9  11 250, 0.000955 [0.000105/25.709762] [30939/0.000715]
  9  11 300, 0.001046 [0.000113/25.709728] [30989/0.000715]
  9  11 350, 0.001017 [0.000106/25.709689] [31039/0.000715]
Epoch 11 done. Evaluation:
(50000, 50000)
(9133, 10000)
  9  12  50, 0.001020 [0.000152/25.709620] [31130/0.000715]
  9  12 100, 0.001000 [0.000141/25.709584] [31180/0.000715]
  9  12 150, 0.001070 [0.000189/25.709549] [31230/0.000715]
  9  12 200, 0.001004 [0.000118/25.709512] [31280/0.000715]
  9  12 250, 0.001039 [0.000108/25.709476] [31330/0.000715]
  9  12 300, 0.001021 [0.000115/25.709439] [31380/0.000715]
  9  12 350, 0.000987 [0.000127/25.709403] [31430/0.000715]
Epoch 12 done. Evaluation:
(50000, 50000)
(9136, 10000)
  9  13  50, 0.001003 [0.000103/25.709336] [31521/0.000715]
  9  13 100, 0.001032 [0.000109/25.709300] [31571/0.000715]
  9  13 150, 0.001007 [0.000132/25.709263] [31621/0.000715]
  9  13 200, 0.000988 [0.000106/25.709226] [31671/0.000715]
  9  13 250, 0.000983 [0.000119/25.709191] [31721/0.000715]
  9  13 300, 0.001056 [0.000115/25.709154] [31771/0.000715]
  9  13 350, 0.001019 [0.000155/25.709117] [31821/0.000715]
Epoch 13 done. Evaluation:
(50000, 50000)
(9136, 10000)
  9  14  50, 0.000930 [0.000109/25.709050] [31912/0.000715]
  9  14 100, 0.001037 [0.000154/25.709014] [31962/0.000715]
  9  14 150, 0.000936 [0.000111/25.708975] [32012/0.000715]
  9  14 200, 0.000937 [0.000107/25.708939] [32062/0.000715]
  9  14 250, 0.000968 [0.000229/25.708902] [32112/0.000715]
  9  14 300, 0.001052 [0.000114/25.708867] [32162/0.000715]
  9  14 350, 0.001032 [0.000105/25.708832] [32212/0.000715]
Epoch 14 done. Evaluation:
(50000, 50000)
(9138, 10000)
  9  15  50, 0.001025 [0.000184/25.708765] [32303/0.000715]
  9  15 100, 0.001017 [0.000107/25.708729] [32353/0.000715]
  9  15 150, 0.001054 [0.000160/25.708693] [32403/0.000715]
  9  15 200, 0.000993 [0.000111/25.708656] [32453/0.000715]
  9  15 250, 0.001008 [0.000156/25.708619] [32503/0.000715]
  9  15 300, 0.001025 [0.000164/25.708583] [32553/0.000715]
  9  15 350, 0.001025 [0.000152/25.708548] [32603/0.000715]
Epoch 15 done. Evaluation:
(50000, 50000)
(9123, 10000)
  9  16  50, 0.001012 [0.000109/25.708479] [32694/0.000715]
  9  16 100, 0.000964 [0.000125/25.708443] [32744/0.000715]
  9  16 150, 0.001045 [0.000111/25.708408] [32794/0.000715]
  9  16 200, 0.001037 [0.000149/25.708371] [32844/0.000715]
  9  16 250, 0.000958 [0.000111/25.708334] [32894/0.000715]
  9  16 300, 0.001000 [0.000107/25.708297] [32944/0.000715]
  9  16 350, 0.000952 [0.000108/25.708260] [32994/0.000715]
Epoch 16 done. Evaluation:
(50000, 50000)
(9147, 10000)
  9  17  50, 0.001035 [0.000123/25.708194] [33085/0.000715]
  9  17 100, 0.001011 [0.000112/25.708158] [33135/0.000715]
  9  17 150, 0.000992 [0.000112/25.708123] [33185/0.000715]
  9  17 200, 0.001018 [0.000116/25.708086] [33235/0.000715]
  9  17 250, 0.001015 [0.000109/25.708049] [33285/0.000715]
  9  17 300, 0.001033 [0.000109/25.708012] [33335/0.000715]
  9  17 350, 0.000987 [0.000115/25.707976] [33385/0.000715]
Epoch 17 done. Evaluation:
(50000, 50000)
(9134, 10000)
  9  18  50, 0.000970 [0.000118/25.707911] [33476/0.000715]
  9  18 100, 0.001002 [0.000160/25.707876] [33526/0.000715]
  9  18 150, 0.001094 [0.000123/25.707842] [33576/0.000715]
  9  18 200, 0.001000 [0.000114/25.707803] [33626/0.000715]
  9  18 250, 0.001043 [0.000116/25.707768] [33676/0.000715]
  9  18 300, 0.001030 [0.000112/25.707732] [33726/0.000715]
  9  18 350, 0.001032 [0.000116/25.707697] [33776/0.000715]
Epoch 18 done. Evaluation:
(50000, 50000)
(9133, 10000)
  9  19  50, 0.001038 [0.000108/25.707633] [33867/0.000715]
  9  19 100, 0.000962 [0.000104/25.707596] [33917/0.000715]
  9  19 150, 0.000922 [0.000213/25.707559] [33967/0.000715]
  9  19 200, 0.001054 [0.000127/25.707523] [34017/0.000715]
  9  19 250, 0.001120 [0.000115/25.707488] [34067/0.000715]
  9  19 300, 0.001032 [0.000110/25.707452] [34117/0.000715]
  9  19 350, 0.001051 [0.000108/25.707415] [34167/0.000715]
Epoch 19 done. Evaluation:
(50000, 50000)
(9131, 10000)
