Sequential (
  (conv1_1): Sequential (
    (0): Conv2d(3, 32, kernel_size=(3, 3), stride=(1, 1), padding=(1, 1))
    (1): BatchNorm2d(32, eps=1e-05, momentum=0.1, affine=True)
    (2): ReLU (inplace)
  )
  (conv1_2): Sequential (
    (0): Conv2d(32, 32, kernel_size=(3, 3), stride=(1, 1), padding=(1, 1))
    (1): BatchNorm2d(32, eps=1e-05, momentum=0.1, affine=True)
    (2): ReLU (inplace)
  )
  (pool1): MaxPool2d (size=(2, 2), stride=(2, 2), dilation=(1, 1))
  (conv2_1): Sequential (
    (0): Conv2d(32, 64, kernel_size=(3, 3), stride=(1, 1), padding=(1, 1))
    (1): BatchNorm2d(64, eps=1e-05, momentum=0.1, affine=True)
    (2): ReLU (inplace)
  )
  (conv2_2): Sequential (
    (0): Conv2d(64, 64, kernel_size=(3, 3), stride=(1, 1), padding=(1, 1))
    (1): BatchNorm2d(64, eps=1e-05, momentum=0.1, affine=True)
    (2): ReLU (inplace)
  )
  (pool2): MaxPool2d (size=(2, 2), stride=(2, 2), dilation=(1, 1))
  (conv3_1): Sequential (
    (0): Conv2d(64, 128, kernel_size=(3, 3), stride=(1, 1), padding=(1, 1))
    (1): BatchNorm2d(128, eps=1e-05, momentum=0.1, affine=True)
    (2): ReLU (inplace)
  )
  (conv3_2): Sequential (
    (0): Conv2d(128, 128, kernel_size=(3, 3), stride=(1, 1), padding=(1, 1))
    (1): BatchNorm2d(128, eps=1e-05, momentum=0.1, affine=True)
    (2): ReLU (inplace)
  )
  (pool3): MaxPool2d (size=(2, 2), stride=(2, 2), dilation=(1, 1))
  (conv4_1): Sequential (
    (0): Conv2d(128, 256, kernel_size=(3, 3), stride=(1, 1), padding=(1, 1))
    (1): BatchNorm2d(256, eps=1e-05, momentum=0.1, affine=True)
    (2): ReLU (inplace)
  )
  (conv4_2): Sequential (
    (0): Conv2d(256, 256, kernel_size=(3, 3), stride=(1, 1), padding=(1, 1))
    (1): BatchNorm2d(256, eps=1e-05, momentum=0.1, affine=True)
    (2): ReLU (inplace)
  )
  (pool4): MaxPool2d (size=(2, 2), stride=(2, 2), dilation=(1, 1))
  (conv5_1): Sequential (
    (0): Conv2d(256, 256, kernel_size=(3, 3), stride=(1, 1), padding=(1, 1))
    (1): BatchNorm2d(256, eps=1e-05, momentum=0.1, affine=True)
    (2): ReLU (inplace)
  )
  (conv5_2): Sequential (
    (0): Conv2d(256, 256, kernel_size=(3, 3), stride=(1, 1), padding=(1, 1))
    (1): BatchNorm2d(256, eps=1e-05, momentum=0.1, affine=True)
    (2): ReLU (inplace)
  )
  (pool5): MaxPool2d (size=(2, 2), stride=(2, 2), dilation=(1, 1))
  (fc6): Sequential (
    (0): Conv2d(256, 256, kernel_size=(1, 1), stride=(1, 1))
    (1): BatchNorm2d(256, eps=1e-05, momentum=0.1, affine=True)
    (2): ReLU (inplace)
  )
  (logit): Conv2d(256, 10, kernel_size=(1, 1), stride=(1, 1))
  (flatter): Flatten()
)
{'L1_decay': 5e-06,
 'batch_size': 128,
 'force_name': True,
 'graphfolder': 'logs/gxp2_graphs/',
 'last2_mult': 10.0,
 'learning_rate': 0.1,
 'logfile': 'logs/gxp2.log',
 'mode': '',
 'name': 'gxp2',
 'num_base': 32,
 'optimizer': 'SGD_var_dup2_last2_mult',
 'weight_decay': 0.00016}
0.00223517050448
0.0230941600084
0.0114995047973
0.0232547381504
0.0115149640269
0.0230035827
0.0115283169858
0.0230192589913
0.0115062431114
0.0115046766291
0.00634577659127
0.00657656660369
Decayed training with schedule: [20, 20, 20, 20, 20, 20, 20, 20, 20, 20]
  0   0  50, 1.802167 [0.444723/67.518414] [   0/1.802167]
  0   0 100, 1.470588 [0.377260/63.250179] [   0/1.470588]
  0   0 150, 1.325957 [0.368440/59.360159] [   0/1.325957]
  0   0 200, 1.230781 [0.381861/55.807181] [   0/1.230781]
  0   0 250, 1.124141 [0.350218/52.558703] [   0/1.124141]
  0   0 300, 1.078462 [0.401308/49.578657] [   0/1.078462]
  0   0 350, 1.003362 [0.417044/46.840915] [   0/1.003362]
Epoch 0 done. Evaluation:
(27392, 50000)
(4894, 10000)
  0   1  50, 0.876782 [0.396200/42.406794] [   0/0.876782]
  0   1 100, 0.875132 [0.332953/40.229680] [   0/0.875132]
  0   1 150, 0.860403 [0.370977/38.219011] [   0/0.860403]
  0   1 200, 0.859908 [0.370288/36.350694] [   0/0.859908]
  0   1 250, 0.814290 [0.426621/34.620145] [   0/0.814290]
  0   1 300, 0.827672 [0.389532/33.013469] [  50/0.814290]
  0   1 350, 0.809566 [0.380770/31.518962] [   0/0.809566]
Epoch 1 done. Evaluation:
(35274, 50000)
(5451, 10000)
  0   2  50, 0.751172 [0.419071/29.069012] [   0/0.751172]
  0   2 100, 0.724044 [0.424490/27.855746] [   0/0.724044]
  0   2 150, 0.758366 [0.335868/26.722324] [  50/0.724044]
  0   2 200, 0.751118 [0.345876/25.664720] [ 100/0.724044]
  0   2 250, 0.732595 [0.370109/24.676209] [ 150/0.724044]
  0   2 300, 0.733225 [0.386953/23.754525] [ 200/0.724044]
  0   2 350, 0.762317 [0.440719/22.889063] [ 250/0.724044]
Epoch 2 done. Evaluation:
(37173, 50000)
(5488, 10000)
  0   3  50, 0.702508 [0.456797/21.473466] [   0/0.702508]
  0   3 100, 0.674105 [0.378820/20.779602] [   0/0.674105]
  0   3 150, 0.720091 [0.399303/20.131062] [  50/0.674105]
  0   3 200, 0.699018 [0.379748/19.510597] [ 100/0.674105]
  0   3 250, 0.701861 [0.474884/18.940538] [ 150/0.674105]
  0   3 300, 0.722234 [0.457346/18.392739] [ 200/0.674105]
  0   3 350, 0.708728 [0.415726/17.880554] [ 250/0.674105]
Epoch 3 done. Evaluation:
(38036, 50000)
(5982, 10000)
  0   4  50, 0.667649 [0.396080/17.054871] [   0/0.667649]
  0   4 100, 0.661508 [0.534755/16.642034] [   0/0.661508]
  0   4 150, 0.674459 [0.412918/16.268358] [  50/0.661508]
  0   4 200, 0.702838 [0.504390/15.915294] [ 100/0.661508]
  0   4 250, 0.712719 [0.466064/15.567090] [ 150/0.661508]
  0   4 300, 0.676270 [0.438034/15.261110] [ 200/0.661508]
  0   4 350, 0.676128 [0.452513/14.965942] [ 250/0.661508]
Epoch 4 done. Evaluation:
(38594, 50000)
(5346, 10000)
  0   5  50, 0.640358 [0.428446/14.490434] [   0/0.640358]
  0   5 100, 0.693486 [0.409606/14.252363] [  50/0.640358]
  0   5 150, 0.660020 [0.439640/14.037087] [ 100/0.640358]
  0   5 200, 0.656570 [0.367900/13.838964] [ 150/0.640358]
  0   5 250, 0.669884 [0.401113/13.654890] [ 200/0.640358]
  0   5 300, 0.694328 [0.377780/13.485241] [ 250/0.640358]
  0   5 350, 0.661140 [0.453437/13.305427] [ 300/0.640358]
Epoch 5 done. Evaluation:
(38857, 50000)
(5405, 10000)
  0   6  50, 0.628213 [0.449932/13.043673] [   0/0.628213]
  0   6 100, 0.684320 [0.477321/12.922901] [  50/0.628213]
  0   6 150, 0.661344 [0.514260/12.794261] [ 100/0.628213]
  0   6 200, 0.639449 [0.397116/12.684798] [ 150/0.628213]
  0   6 250, 0.642745 [0.376135/12.585882] [ 200/0.628213]
  0   6 300, 0.668134 [0.473683/12.461271] [ 250/0.628213]
  0   6 350, 0.643925 [0.429403/12.357262] [ 300/0.628213]
Epoch 6 done. Evaluation:
(39153, 50000)
(5798, 10000)
  0   7  50, 0.600468 [0.477422/12.197099] [   0/0.600468]
  0   7 100, 0.652907 [0.549000/12.128963] [  50/0.600468]
  0   7 150, 0.640194 [0.538325/12.069540] [ 100/0.600468]
  0   7 200, 0.635653 [0.410593/11.993735] [ 150/0.600468]
  0   7 250, 0.691809 [0.459901/11.929374] [ 200/0.600468]
  0   7 300, 0.642762 [0.399281/11.853464] [ 250/0.600468]
  0   7 350, 0.652231 [0.392226/11.793908] [ 300/0.600468]
Epoch 7 done. Evaluation:
(39295, 50000)
(4768, 10000)
  0   8  50, 0.636216 [0.394860/11.696148] [ 391/0.600468]
  0   8 100, 0.632485 [0.376963/11.647951] [ 441/0.600468]
  0   8 150, 0.629753 [0.373060/11.622189] [ 491/0.600468]
  0   8 200, 0.634898 [0.571499/11.591135] [ 541/0.600468]
  0   8 250, 0.644506 [0.368395/11.539557] [ 591/0.600468]
  0   8 300, 0.646327 [0.405931/11.494848] [ 641/0.600468]
  0   8 350, 0.633655 [0.528336/11.421111] [ 691/0.600468]
Epoch 8 done. Evaluation:
(39493, 50000)
(5578, 10000)
  0   9  50, 0.607110 [0.515371/11.370927] [ 782/0.600468]
  0   9 100, 0.644230 [0.406163/11.354912] [ 832/0.600468]
  0   9 150, 0.623165 [0.509272/11.320406] [ 882/0.600468]
  0   9 200, 0.634306 [0.384127/11.280110] [ 932/0.600468]
  0   9 250, 0.606262 [0.458755/11.231608] [ 982/0.600468]
  0   9 300, 0.634312 [0.513522/11.204787] [1032/0.600468]
  0   9 350, 0.647109 [0.405138/11.195160] [1082/0.600468]
Epoch 9 done. Evaluation:
(39656, 50000)
(6818, 10000)
  0  10  50, 0.619462 [0.387272/11.170283] [1173/0.600468]
  0  10 100, 0.629645 [0.489720/11.137194] [1223/0.600468]
  0  10 150, 0.625434 [0.394630/11.125563] [1273/0.600468]
  0  10 200, 0.603594 [0.499211/11.108122] [1323/0.600468]
  0  10 250, 0.632132 [0.346536/11.079937] [1373/0.600468]
  0  10 300, 0.615424 [0.395712/11.048608] [1423/0.600468]
  0  10 350, 0.633943 [0.456576/11.029592] [1473/0.600468]
Epoch 10 done. Evaluation:
(39693, 50000)
(3958, 10000)
  0  11  50, 0.589250 [0.478003/10.996426] [   0/0.589250]
  0  11 100, 0.617083 [0.428015/10.987354] [  50/0.589250]
  0  11 150, 0.622122 [0.392539/10.991116] [ 100/0.589250]
  0  11 200, 0.623218 [0.408077/10.983648] [ 150/0.589250]
  0  11 250, 0.606396 [0.387417/10.974261] [ 200/0.589250]
  0  11 300, 0.639560 [0.514288/10.975024] [ 250/0.589250]
  0  11 350, 0.634995 [0.439417/10.967036] [ 300/0.589250]
Epoch 11 done. Evaluation:
(39818, 50000)
(6514, 10000)
  0  12  50, 0.587013 [0.423443/10.912090] [   0/0.587013]
  0  12 100, 0.603781 [0.411632/10.921024] [  50/0.587013]
  0  12 150, 0.623670 [0.376001/10.937068] [ 100/0.587013]
  0  12 200, 0.612922 [0.452155/10.903342] [ 150/0.587013]
  0  12 250, 0.645786 [0.378808/10.892628] [ 200/0.587013]
  0  12 300, 0.602304 [0.426651/10.846973] [ 250/0.587013]
  0  12 350, 0.617256 [0.430415/10.834060] [ 300/0.587013]
Epoch 12 done. Evaluation:
(39915, 50000)
(4347, 10000)
  0  13  50, 0.575923 [0.423652/10.819944] [   0/0.575923]
  0  13 100, 0.640686 [0.381334/10.837029] [  50/0.575923]
  0  13 150, 0.580179 [0.513938/10.852482] [ 100/0.575923]
  0  13 200, 0.622872 [0.416671/10.848899] [ 150/0.575923]
  0  13 250, 0.606383 [0.438707/10.843944] [ 200/0.575923]
  0  13 300, 0.615549 [0.504152/10.810604] [ 250/0.575923]
  0  13 350, 0.604704 [0.414052/10.782894] [ 300/0.575923]
Epoch 13 done. Evaluation:
(40132, 50000)
(6831, 10000)
  0  14  50, 0.567745 [0.431180/10.772059] [   0/0.567745]
  0  14 100, 0.607328 [0.328531/10.782031] [  50/0.567745]
  0  14 150, 0.590701 [0.517408/10.768295] [ 100/0.567745]
  0  14 200, 0.611449 [0.514534/10.790876] [ 150/0.567745]
  0  14 250, 0.604450 [0.429810/10.773889] [ 200/0.567745]
  0  14 300, 0.620892 [0.407868/10.764808] [ 250/0.567745]
  0  14 350, 0.625910 [0.481171/10.775743] [ 300/0.567745]
Epoch 14 done. Evaluation:
(39995, 50000)
(4594, 10000)
  0  15  50, 0.597659 [0.498305/10.787441] [ 391/0.567745]
  0  15 100, 0.606539 [0.462483/10.804682] [ 441/0.567745]
  0  15 150, 0.611048 [0.457872/10.782017] [ 491/0.567745]
  0  15 200, 0.598003 [0.455287/10.768724] [ 541/0.567745]
  0  15 250, 0.620496 [0.471861/10.769368] [ 591/0.567745]
  0  15 300, 0.619020 [0.413212/10.741384] [ 641/0.567745]
  0  15 350, 0.589614 [0.419017/10.728078] [ 691/0.567745]
Epoch 15 done. Evaluation:
(39861, 50000)
(6266, 10000)
  0  16  50, 0.588215 [0.472886/10.732115] [ 782/0.567745]
  0  16 100, 0.587459 [0.474549/10.756998] [ 832/0.567745]
  0  16 150, 0.615173 [0.460099/10.747994] [ 882/0.567745]
  0  16 200, 0.612168 [0.361902/10.754974] [ 932/0.567745]
  0  16 250, 0.611470 [0.404344/10.750469] [ 982/0.567745]
  0  16 300, 0.613587 [0.478724/10.748315] [1032/0.567745]
  0  16 350, 0.605934 [0.356641/10.712489] [1082/0.567745]
Epoch 16 done. Evaluation:
(40053, 50000)
(5840, 10000)
  0  17  50, 0.568689 [0.442790/10.719820] [1173/0.567745]
  0  17 100, 0.590537 [0.621123/10.726819] [1223/0.567745]
  0  17 150, 0.593929 [0.463842/10.697347] [1273/0.567745]
  0  17 200, 0.596611 [0.434790/10.672009] [1323/0.567745]
  0  17 250, 0.622377 [0.401518/10.652198] [1373/0.567745]
  0  17 300, 0.609208 [0.464492/10.646192] [1423/0.567745]
  0  17 350, 0.618588 [0.452292/10.634395] [1473/0.567745]
Epoch 17 done. Evaluation:
(40128, 50000)
(6463, 10000)
  0  18  50, 0.591771 [0.395665/10.635916] [1564/0.567745]
  0  18 100, 0.581958 [0.332683/10.628798] [1614/0.567745]
  0  18 150, 0.596686 [0.516415/10.673757] [1664/0.567745]
  0  18 200, 0.622541 [0.461298/10.683474] [1714/0.567745]
  0  18 250, 0.618190 [0.424454/10.664417] [1764/0.567745]
  0  18 300, 0.608081 [0.512775/10.652613] [1814/0.567745]
  0  18 350, 0.598526 [0.425686/10.640768] [1864/0.567745]
Epoch 18 done. Evaluation:
(40072, 50000)
(4299, 10000)
  0  19  50, 0.570153 [0.467747/10.677550] [1955/0.567745]
  0  19 100, 0.590527 [0.477305/10.679006] [2005/0.567745]
  0  19 150, 0.598890 [0.492138/10.676064] [2055/0.567745]
  0  19 200, 0.584076 [0.488231/10.676661] [2105/0.567745]
  0  19 250, 0.615967 [0.444976/10.657862] [2155/0.567745]
  0  19 300, 0.584755 [0.422879/10.660754] [2205/0.567745]
  0  19 350, 0.594436 [0.508058/10.633774] [2255/0.567745]
Epoch 19 done. Evaluation:
(40273, 50000)
(3620, 10000)
  1   0  50, 0.455090 [0.188518/10.510406] [   0/0.455090]
  1   0 100, 0.415337 [0.233444/10.418179] [   0/0.415337]
  1   0 150, 0.452078 [0.300554/10.336416] [  50/0.415337]
  1   0 200, 0.441374 [0.238856/10.266840] [ 100/0.415337]
  1   0 250, 0.436042 [0.220198/10.217813] [ 150/0.415337]
  1   0 300, 0.447372 [0.268855/10.174117] [ 200/0.415337]
  1   0 350, 0.455758 [0.241537/10.136848] [ 250/0.415337]
Epoch 0 done. Evaluation:
(42753, 50000)
(6754, 10000)
  1   1  50, 0.431099 [0.271010/10.104404] [ 341/0.415337]
  1   1 100, 0.431995 [0.251768/10.081297] [ 391/0.415337]
  1   1 150, 0.445809 [0.253780/10.078920] [ 441/0.415337]
  1   1 200, 0.432118 [0.322831/10.072755] [ 491/0.415337]
  1   1 250, 0.453183 [0.249938/10.064870] [ 541/0.415337]
  1   1 300, 0.444428 [0.279317/10.045143] [ 591/0.415337]
  1   1 350, 0.458624 [0.258343/10.031157] [ 641/0.415337]
Epoch 1 done. Evaluation:
(42826, 50000)
(5944, 10000)
  1   2  50, 0.431526 [0.329602/10.021889] [ 732/0.415337]
  1   2 100, 0.419254 [0.295907/10.026676] [ 782/0.415337]
  1   2 150, 0.460836 [0.241282/10.033279] [ 832/0.415337]
  1   2 200, 0.451432 [0.273422/10.032119] [ 882/0.415337]
  1   2 250, 0.448910 [0.273098/10.033917] [ 932/0.415337]
  1   2 300, 0.455144 [0.339096/10.037813] [ 982/0.415337]
  1   2 350, 0.471736 [0.328535/10.045490] [1032/0.415337]
Epoch 2 done. Evaluation:
(42632, 50000)
(5644, 10000)
  1   3  50, 0.417517 [0.244026/10.034005] [1123/0.415337]
  1   3 100, 0.444453 [0.275692/10.044291] [1173/0.415337]
  1   3 150, 0.434250 [0.308766/10.034264] [1223/0.415337]
  1   3 200, 0.432460 [0.326802/10.038297] [1273/0.415337]
  1   3 250, 0.426563 [0.334134/10.037597] [1323/0.415337]
  1   3 300, 0.460489 [0.269239/10.041553] [1373/0.415337]
  1   3 350, 0.465501 [0.266657/10.035046] [1423/0.415337]
Epoch 3 done. Evaluation:
(42845, 50000)
(4159, 10000)
  1   4  50, 0.426643 [0.317569/10.032402] [1514/0.415337]
  1   4 100, 0.421568 [0.316571/10.042001] [1564/0.415337]
  1   4 150, 0.463630 [0.356605/10.065814] [1614/0.415337]
  1   4 200, 0.454070 [0.326752/10.058435] [1664/0.415337]
  1   4 250, 0.430263 [0.277464/10.046732] [1714/0.415337]
  1   4 300, 0.451257 [0.262125/10.037395] [1764/0.415337]
  1   4 350, 0.463004 [0.256910/10.040450] [1814/0.415337]
Epoch 4 done. Evaluation:
(42742, 50000)
(6538, 10000)
  1   5  50, 0.446263 [0.258129/10.043415] [1905/0.415337]
  1   5 100, 0.420895 [0.283645/10.057063] [1955/0.415337]
  1   5 150, 0.444823 [0.274038/10.067666] [2005/0.415337]
  1   5 200, 0.449468 [0.257753/10.068636] [2055/0.415337]
  1   5 250, 0.439024 [0.280491/10.070270] [2105/0.415337]
  1   5 300, 0.453186 [0.269964/10.067338] [2155/0.415337]
  1   5 350, 0.445292 [0.269995/10.063025] [2205/0.415337]
Epoch 5 done. Evaluation:
(42788, 50000)
(6361, 10000)
  1   6  50, 0.421898 [0.288433/10.059592] [2296/0.415337]
  1   6 100, 0.415393 [0.259109/10.055464] [2346/0.415337]
  1   6 150, 0.451762 [0.320166/10.083496] [2396/0.415337]
  1   6 200, 0.447488 [0.247794/10.086581] [2446/0.415337]
  1   6 250, 0.452479 [0.328341/10.099174] [2496/0.415337]
  1   6 300, 0.470247 [0.252285/10.105397] [2546/0.415337]
  1   6 350, 0.417096 [0.255369/10.097779] [2596/0.415337]
Epoch 6 done. Evaluation:
(42906, 50000)
(7485, 10000)
  1   7  50, 0.399469 [0.340121/10.096321] [   0/0.399469]
  1   7 100, 0.415631 [0.306615/10.104993] [  50/0.399469]
  1   7 150, 0.442429 [0.321884/10.110163] [ 100/0.399469]
  1   7 200, 0.436204 [0.271954/10.113426] [ 150/0.399469]
  1   7 250, 0.452265 [0.282216/10.107580] [ 200/0.399469]
  1   7 300, 0.451594 [0.323004/10.096555] [ 250/0.399469]
  1   7 350, 0.426226 [0.292132/10.099412] [ 300/0.399469]
Epoch 7 done. Evaluation:
(42913, 50000)
(7742, 10000)
  1   8  50, 0.428189 [0.239206/10.098541] [ 391/0.399469]
  1   8 100, 0.404543 [0.264990/10.108168] [ 441/0.399469]
  1   8 150, 0.427832 [0.328154/10.115040] [ 491/0.399469]
  1   8 200, 0.423139 [0.273991/10.114897] [ 541/0.399469]
  1   8 250, 0.450989 [0.348880/10.117910] [ 591/0.399469]
  1   8 300, 0.464782 [0.259342/10.117616] [ 641/0.399469]
  1   8 350, 0.441183 [0.326989/10.112782] [ 691/0.399469]
Epoch 8 done. Evaluation:
(42911, 50000)
(6922, 10000)
  1   9  50, 0.406950 [0.251905/10.102913] [ 782/0.399469]
  1   9 100, 0.428531 [0.246680/10.110788] [ 832/0.399469]
  1   9 150, 0.408217 [0.316017/10.113298] [ 882/0.399469]
  1   9 200, 0.442418 [0.357162/10.120036] [ 932/0.399469]
  1   9 250, 0.435060 [0.288501/10.127183] [ 982/0.399469]
  1   9 300, 0.424514 [0.227956/10.128617] [1032/0.399469]
  1   9 350, 0.444368 [0.274863/10.125919] [1082/0.399469]
Epoch 9 done. Evaluation:
(43111, 50000)
(6052, 10000)
  1  10  50, 0.398221 [0.223102/10.110888] [   0/0.398221]
  1  10 100, 0.432218 [0.267207/10.114496] [  50/0.398221]
  1  10 150, 0.416931 [0.281256/10.118790] [ 100/0.398221]
  1  10 200, 0.442392 [0.299561/10.138676] [ 150/0.398221]
  1  10 250, 0.437699 [0.275739/10.134075] [ 200/0.398221]
  1  10 300, 0.433015 [0.325101/10.142777] [ 250/0.398221]
  1  10 350, 0.449045 [0.269222/10.140350] [ 300/0.398221]
Epoch 10 done. Evaluation:
(42998, 50000)
(6050, 10000)
  1  11  50, 0.397854 [0.289286/10.135051] [   0/0.397854]
  1  11 100, 0.423017 [0.263328/10.150401] [  50/0.397854]
  1  11 150, 0.413897 [0.270475/10.140088] [ 100/0.397854]
  1  11 200, 0.433420 [0.259768/10.148413] [ 150/0.397854]
  1  11 250, 0.440516 [0.281577/10.140655] [ 200/0.397854]
  1  11 300, 0.433731 [0.338865/10.141513] [ 250/0.397854]
  1  11 350, 0.427419 [0.290291/10.131268] [ 300/0.397854]
Epoch 11 done. Evaluation:
(43143, 50000)
(5364, 10000)
  1  12  50, 0.413355 [0.279486/10.139870] [ 391/0.397854]
  1  12 100, 0.432556 [0.329998/10.159334] [ 441/0.397854]
  1  12 150, 0.429094 [0.323392/10.156789] [ 491/0.397854]
  1  12 200, 0.408007 [0.289949/10.147203] [ 541/0.397854]
  1  12 250, 0.430343 [0.265372/10.148394] [ 591/0.397854]
  1  12 300, 0.443355 [0.369542/10.148065] [ 641/0.397854]
  1  12 350, 0.433071 [0.248989/10.138456] [ 691/0.397854]
Epoch 12 done. Evaluation:
(42996, 50000)
(7040, 10000)
  1  13  50, 0.404852 [0.311885/10.134140] [ 782/0.397854]
  1  13 100, 0.395625 [0.321867/10.137374] [   0/0.395625]
  1  13 150, 0.432348 [0.310543/10.153367] [  50/0.395625]
  1  13 200, 0.429823 [0.249896/10.158895] [ 100/0.395625]
  1  13 250, 0.427221 [0.232688/10.158788] [ 150/0.395625]
  1  13 300, 0.432957 [0.263642/10.147577] [ 200/0.395625]
  1  13 350, 0.452197 [0.314121/10.159529] [ 250/0.395625]
Epoch 13 done. Evaluation:
(43094, 50000)
(6395, 10000)
  1  14  50, 0.377488 [0.303771/10.146915] [   0/0.377488]
  1  14 100, 0.397754 [0.261901/10.162434] [  50/0.377488]
  1  14 150, 0.451174 [0.299806/10.165450] [ 100/0.377488]
  1  14 200, 0.424232 [0.275976/10.171015] [ 150/0.377488]
  1  14 250, 0.432028 [0.281967/10.160537] [ 200/0.377488]
  1  14 300, 0.416648 [0.296602/10.146665] [ 250/0.377488]
  1  14 350, 0.468944 [0.291566/10.144398] [ 300/0.377488]
Epoch 14 done. Evaluation:
(43177, 50000)
(6859, 10000)
  1  15  50, 0.402295 [0.336121/10.146238] [ 391/0.377488]
  1  15 100, 0.394751 [0.367009/10.143848] [ 441/0.377488]
  1  15 150, 0.441676 [0.247879/10.161627] [ 491/0.377488]
  1  15 200, 0.432313 [0.253497/10.167855] [ 541/0.377488]
  1  15 250, 0.428254 [0.301771/10.170237] [ 591/0.377488]
  1  15 300, 0.415393 [0.291741/10.180485] [ 641/0.377488]
  1  15 350, 0.423938 [0.320119/10.168218] [ 691/0.377488]
Epoch 15 done. Evaluation:
(43145, 50000)
(7267, 10000)
  1  16  50, 0.407890 [0.267065/10.177572] [ 782/0.377488]
  1  16 100, 0.426490 [0.260325/10.183181] [ 832/0.377488]
  1  16 150, 0.421041 [0.272875/10.182328] [ 882/0.377488]
  1  16 200, 0.415780 [0.286825/10.183822] [ 932/0.377488]
  1  16 250, 0.427290 [0.279244/10.186392] [ 982/0.377488]
  1  16 300, 0.434285 [0.291357/10.181330] [1032/0.377488]
  1  16 350, 0.422182 [0.267229/10.176553] [1082/0.377488]
Epoch 16 done. Evaluation:
(43196, 50000)
(6689, 10000)
  1  17  50, 0.395370 [0.305387/10.190944] [1173/0.377488]
  1  17 100, 0.401163 [0.240600/10.191179] [1223/0.377488]
  1  17 150, 0.440476 [0.317021/10.202977] [1273/0.377488]
  1  17 200, 0.426354 [0.320225/10.200737] [1323/0.377488]
  1  17 250, 0.419836 [0.292422/10.205368] [1373/0.377488]
  1  17 300, 0.439260 [0.278162/10.194664] [1423/0.377488]
  1  17 350, 0.434115 [0.329858/10.194018] [1473/0.377488]
Epoch 17 done. Evaluation:
(43074, 50000)
(7504, 10000)
  1  18  50, 0.398121 [0.281197/10.188736] [1564/0.377488]
  1  18 100, 0.392256 [0.262631/10.176600] [1614/0.377488]
  1  18 150, 0.412916 [0.292652/10.174468] [1664/0.377488]
  1  18 200, 0.410877 [0.244616/10.176674] [1714/0.377488]
  1  18 250, 0.423451 [0.291968/10.182858] [1764/0.377488]
  1  18 300, 0.438750 [0.308434/10.179683] [1814/0.377488]
  1  18 350, 0.432958 [0.256458/10.183814] [1864/0.377488]
Epoch 18 done. Evaluation:
(43272, 50000)
(7397, 10000)
  1  19  50, 0.384590 [0.251821/10.171054] [1955/0.377488]
  1  19 100, 0.401930 [0.340756/10.191233] [2005/0.377488]
  1  19 150, 0.409428 [0.236661/10.192294] [2055/0.377488]
  1  19 200, 0.412871 [0.357342/10.199067] [2105/0.377488]
  1  19 250, 0.436043 [0.307430/10.198837] [2155/0.377488]
  1  19 300, 0.439868 [0.262588/10.195100] [2205/0.377488]
  1  19 350, 0.441195 [0.288006/10.192059] [2255/0.377488]
Epoch 19 done. Evaluation:
(43205, 50000)
(7033, 10000)
  2   0  50, 0.309845 [0.136122/10.139886] [   0/0.309845]
  2   0 100, 0.276546 [0.181456/10.088374] [   0/0.276546]
  2   0 150, 0.277304 [0.195093/10.040602] [  50/0.276546]
  2   0 200, 0.277842 [0.185934/9.999248] [ 100/0.276546]
  2   0 250, 0.311070 [0.152483/9.965112] [ 150/0.276546]
  2   0 300, 0.283781 [0.149305/9.934715] [ 200/0.276546]
  2   0 350, 0.291954 [0.143779/9.903203] [ 250/0.276546]
Epoch 0 done. Evaluation:
(45502, 50000)
(7606, 10000)
  2   1  50, 0.263280 [0.168404/9.856323] [   0/0.263280]
  2   1 100, 0.262206 [0.147181/9.831952] [   0/0.262206]
  2   1 150, 0.272822 [0.132387/9.812385] [  50/0.262206]
  2   1 200, 0.304440 [0.144925/9.799339] [ 100/0.262206]
  2   1 250, 0.288006 [0.169690/9.788849] [ 150/0.262206]
  2   1 300, 0.292835 [0.166595/9.778730] [ 200/0.262206]
  2   1 350, 0.278273 [0.251361/9.769339] [ 250/0.262206]
Epoch 1 done. Evaluation:
(45652, 50000)
(7652, 10000)
  2   2  50, 0.264660 [0.177829/9.752954] [ 341/0.262206]
  2   2 100, 0.279797 [0.145724/9.744314] [ 391/0.262206]
  2   2 150, 0.272277 [0.213806/9.739921] [ 441/0.262206]
  2   2 200, 0.291289 [0.170920/9.732856] [ 491/0.262206]
  2   2 250, 0.303970 [0.194344/9.738214] [ 541/0.262206]
  2   2 300, 0.293080 [0.158126/9.731492] [ 591/0.262206]
  2   2 350, 0.321334 [0.244355/9.729846] [ 641/0.262206]
Epoch 2 done. Evaluation:
(45419, 50000)
(8098, 10000)
  2   3  50, 0.248946 [0.174912/9.720097] [   0/0.248946]
  2   3 100, 0.279698 [0.222853/9.723258] [  50/0.248946]
  2   3 150, 0.288021 [0.215641/9.727260] [ 100/0.248946]
  2   3 200, 0.280095 [0.225535/9.726431] [ 150/0.248946]
  2   3 250, 0.300282 [0.268830/9.725862] [ 200/0.248946]
  2   3 300, 0.286261 [0.163194/9.722255] [ 250/0.248946]
  2   3 350, 0.284429 [0.194918/9.719623] [ 300/0.248946]
Epoch 3 done. Evaluation:
(45501, 50000)
(7193, 10000)
  2   4  50, 0.257649 [0.155661/9.706213] [ 391/0.248946]
  2   4 100, 0.256940 [0.183482/9.709336] [ 441/0.248946]
  2   4 150, 0.276645 [0.174711/9.713663] [ 491/0.248946]
  2   4 200, 0.288337 [0.220439/9.720639] [ 541/0.248946]
  2   4 250, 0.314193 [0.162518/9.725123] [ 591/0.248946]
  2   4 300, 0.293029 [0.177929/9.726096] [ 641/0.248946]
  2   4 350, 0.291103 [0.197034/9.726641] [ 691/0.248946]
Epoch 4 done. Evaluation:
(45504, 50000)
(8067, 10000)
  2   5  50, 0.250830 [0.191996/9.723165] [ 782/0.248946]
  2   5 100, 0.253242 [0.137592/9.719505] [ 832/0.248946]
  2   5 150, 0.270145 [0.214552/9.727319] [ 882/0.248946]
  2   5 200, 0.288435 [0.204649/9.729045] [ 932/0.248946]
  2   5 250, 0.297209 [0.187459/9.729730] [ 982/0.248946]
  2   5 300, 0.311789 [0.210392/9.729097] [1032/0.248946]
  2   5 350, 0.300901 [0.170115/9.731228] [1082/0.248946]
Epoch 5 done. Evaluation:
(45536, 50000)
(8388, 10000)
  2   6  50, 0.258388 [0.214021/9.724816] [1173/0.248946]
  2   6 100, 0.257085 [0.147935/9.723193] [1223/0.248946]
  2   6 150, 0.258405 [0.199699/9.730260] [1273/0.248946]
  2   6 200, 0.296641 [0.170486/9.740374] [1323/0.248946]
  2   6 250, 0.290795 [0.184054/9.747193] [1373/0.248946]
  2   6 300, 0.302925 [0.231433/9.746446] [1423/0.248946]
  2   6 350, 0.306807 [0.222491/9.747510] [1473/0.248946]
Epoch 6 done. Evaluation:
(45609, 50000)
(6633, 10000)
  2   7  50, 0.254725 [0.213078/9.745884] [1564/0.248946]
  2   7 100, 0.272317 [0.205061/9.752681] [1614/0.248946]
  2   7 150, 0.271862 [0.186260/9.750540] [1664/0.248946]
  2   7 200, 0.293525 [0.158983/9.755877] [1714/0.248946]
  2   7 250, 0.304133 [0.189430/9.763596] [1764/0.248946]
  2   7 300, 0.312157 [0.201951/9.763914] [1814/0.248946]
  2   7 350, 0.302503 [0.198070/9.764973] [1864/0.248946]
Epoch 7 done. Evaluation:
(45409, 50000)
(7456, 10000)
  2   8  50, 0.255789 [0.184456/9.760009] [1955/0.248946]
  2   8 100, 0.263417 [0.220685/9.760773] [2005/0.248946]
  2   8 150, 0.258555 [0.147262/9.759511] [2055/0.248946]
  2   8 200, 0.273749 [0.146172/9.765067] [2105/0.248946]
  2   8 250, 0.296788 [0.217672/9.771625] [2155/0.248946]
  2   8 300, 0.296101 [0.206510/9.778308] [2205/0.248946]
  2   8 350, 0.288644 [0.169038/9.774663] [2255/0.248946]
Epoch 8 done. Evaluation:
(45598, 50000)
(7674, 10000)
  2   9  50, 0.239631 [0.174133/9.774198] [   0/0.239631]
  2   9 100, 0.253165 [0.179408/9.782203] [  50/0.239631]
  2   9 150, 0.284188 [0.195710/9.786347] [ 100/0.239631]
  2   9 200, 0.266127 [0.137835/9.785807] [ 150/0.239631]
  2   9 250, 0.290191 [0.202443/9.786932] [ 200/0.239631]
  2   9 300, 0.289569 [0.209173/9.786732] [ 250/0.239631]
  2   9 350, 0.307763 [0.194018/9.790779] [ 300/0.239631]
Epoch 9 done. Evaluation:
(45576, 50000)
(8247, 10000)
  2  10  50, 0.253860 [0.120769/9.785282] [ 391/0.239631]
  2  10 100, 0.265934 [0.187527/9.787042] [ 441/0.239631]
  2  10 150, 0.268608 [0.173349/9.789569] [ 491/0.239631]
  2  10 200, 0.287381 [0.148992/9.791962] [ 541/0.239631]
  2  10 250, 0.279198 [0.182959/9.798442] [ 591/0.239631]
  2  10 300, 0.298480 [0.202462/9.795875] [ 641/0.239631]
  2  10 350, 0.306279 [0.176422/9.800435] [ 691/0.239631]
Epoch 10 done. Evaluation:
(45572, 50000)
(7868, 10000)
  2  11  50, 0.236344 [0.182623/9.800577] [   0/0.236344]
  2  11 100, 0.247954 [0.183826/9.801908] [  50/0.236344]
  2  11 150, 0.275167 [0.172120/9.806801] [ 100/0.236344]
  2  11 200, 0.271489 [0.229036/9.804741] [ 150/0.236344]
  2  11 250, 0.291846 [0.159771/9.807806] [ 200/0.236344]
  2  11 300, 0.307238 [0.181089/9.816044] [ 250/0.236344]
  2  11 350, 0.300427 [0.183032/9.809122] [ 300/0.236344]
Epoch 11 done. Evaluation:
(45666, 50000)
(6793, 10000)
  2  12  50, 0.271783 [0.180513/9.811248] [ 391/0.236344]
  2  12 100, 0.257386 [0.192887/9.810281] [ 441/0.236344]
  2  12 150, 0.284257 [0.247128/9.813412] [ 491/0.236344]
  2  12 200, 0.273654 [0.191963/9.816059] [ 541/0.236344]
  2  12 250, 0.296563 [0.226084/9.818594] [ 591/0.236344]
  2  12 300, 0.277774 [0.137321/9.814213] [ 641/0.236344]
  2  12 350, 0.270623 [0.150182/9.811072] [ 691/0.236344]
Epoch 12 done. Evaluation:
(45649, 50000)
(8169, 10000)
  2  13  50, 0.243665 [0.181083/9.815108] [ 782/0.236344]
  2  13 100, 0.256853 [0.180192/9.817321] [ 832/0.236344]
  2  13 150, 0.267023 [0.205051/9.822027] [ 882/0.236344]
  2  13 200, 0.270382 [0.192847/9.831967] [ 932/0.236344]
  2  13 250, 0.296152 [0.212551/9.844024] [ 982/0.236344]
  2  13 300, 0.293538 [0.159244/9.846175] [1032/0.236344]
  2  13 350, 0.286146 [0.188952/9.841171] [1082/0.236344]
Epoch 13 done. Evaluation:
(45581, 50000)
(7946, 10000)
  2  14  50, 0.240002 [0.184953/9.835895] [1173/0.236344]
  2  14 100, 0.254677 [0.201036/9.838094] [1223/0.236344]
  2  14 150, 0.256185 [0.219550/9.843052] [1273/0.236344]
  2  14 200, 0.278057 [0.145634/9.846564] [1323/0.236344]
  2  14 250, 0.265118 [0.203193/9.840289] [1373/0.236344]
  2  14 300, 0.302354 [0.201858/9.847990] [1423/0.236344]
  2  14 350, 0.309210 [0.182987/9.842268] [1473/0.236344]
Epoch 14 done. Evaluation:
(45718, 50000)
(7795, 10000)
  2  15  50, 0.235522 [0.192362/9.830620] [   0/0.235522]
  2  15 100, 0.258095 [0.216078/9.832438] [  50/0.235522]
  2  15 150, 0.260435 [0.182591/9.844616] [ 100/0.235522]
  2  15 200, 0.262913 [0.256275/9.851303] [ 150/0.235522]
  2  15 250, 0.299607 [0.236954/9.862816] [ 200/0.235522]
  2  15 300, 0.288270 [0.213761/9.865431] [ 250/0.235522]
  2  15 350, 0.297809 [0.193492/9.858708] [ 300/0.235522]
Epoch 15 done. Evaluation:
(45637, 50000)
(7818, 10000)
  2  16  50, 0.225794 [0.197303/9.854972] [   0/0.225794]
  2  16 100, 0.254797 [0.210143/9.851919] [  50/0.225794]
  2  16 150, 0.268857 [0.213072/9.852728] [ 100/0.225794]
  2  16 200, 0.292354 [0.203817/9.859910] [ 150/0.225794]
  2  16 250, 0.295010 [0.176959/9.861456] [ 200/0.225794]
  2  16 300, 0.284276 [0.189404/9.863186] [ 250/0.225794]
  2  16 350, 0.288200 [0.108206/9.859518] [ 300/0.225794]
Epoch 16 done. Evaluation:
(45760, 50000)
(7878, 10000)
  2  17  50, 0.248435 [0.119291/9.848639] [ 391/0.225794]
  2  17 100, 0.237280 [0.159189/9.840268] [ 441/0.225794]
  2  17 150, 0.267556 [0.264258/9.840996] [ 491/0.225794]
  2  17 200, 0.279440 [0.166291/9.845517] [ 541/0.225794]
  2  17 250, 0.291524 [0.195500/9.851158] [ 591/0.225794]
  2  17 300, 0.278154 [0.147843/9.847874] [ 641/0.225794]
  2  17 350, 0.285419 [0.165851/9.854520] [ 691/0.225794]
Epoch 17 done. Evaluation:
(45705, 50000)
(7881, 10000)
  2  18  50, 0.244554 [0.206124/9.856116] [ 782/0.225794]
  2  18 100, 0.245608 [0.231087/9.855165] [ 832/0.225794]
  2  18 150, 0.273287 [0.218382/9.857723] [ 882/0.225794]
  2  18 200, 0.284436 [0.239809/9.861265] [ 932/0.225794]
  2  18 250, 0.284953 [0.217545/9.863126] [ 982/0.225794]
  2  18 300, 0.257773 [0.213651/9.857617] [1032/0.225794]
  2  18 350, 0.297560 [0.133373/9.859739] [1082/0.225794]
Epoch 18 done. Evaluation:
(45740, 50000)
(7929, 10000)
  2  19  50, 0.241487 [0.224639/9.853470] [1173/0.225794]
  2  19 100, 0.246896 [0.172426/9.853478] [1223/0.225794]
  2  19 150, 0.268342 [0.232817/9.866607] [1273/0.225794]
  2  19 200, 0.286812 [0.224336/9.873753] [1323/0.225794]
  2  19 250, 0.293336 [0.161171/9.875596] [1373/0.225794]
  2  19 300, 0.300516 [0.217689/9.879320] [1423/0.225794]
  2  19 350, 0.282351 [0.199775/9.874679] [1473/0.225794]
Epoch 19 done. Evaluation:
(45695, 50000)
(7378, 10000)
  3   0  50, 0.193221 [0.074002/9.848799] [   0/0.193221]
  3   0 100, 0.154584 [0.049559/9.820664] [   0/0.154584]
  3   0 150, 0.155532 [0.081390/9.795411] [  50/0.154584]
  3   0 200, 0.149029 [0.105355/9.770513] [   0/0.149029]
  3   0 250, 0.153349 [0.080342/9.746642] [  50/0.149029]
  3   0 300, 0.155093 [0.097380/9.723962] [ 100/0.149029]
  3   0 350, 0.155112 [0.090512/9.700897] [ 150/0.149029]
Epoch 0 done. Evaluation:
(47745, 50000)
(8596, 10000)
  3   1  50, 0.117623 [0.071844/9.660622] [   0/0.117623]
  3   1 100, 0.118432 [0.051561/9.637719] [  50/0.117623]
  3   1 150, 0.136889 [0.069646/9.620987] [ 100/0.117623]
  3   1 200, 0.127872 [0.083269/9.603401] [ 150/0.117623]
  3   1 250, 0.157819 [0.114476/9.590817] [ 200/0.117623]
  3   1 300, 0.149228 [0.101479/9.576082] [ 250/0.117623]
  3   1 350, 0.145442 [0.087528/9.561613] [ 300/0.117623]
Epoch 1 done. Evaluation:
(48060, 50000)
(8721, 10000)
  3   2  50, 0.125343 [0.103763/9.538038] [ 391/0.117623]
  3   2 100, 0.126555 [0.097791/9.525436] [ 441/0.117623]
  3   2 150, 0.131624 [0.117609/9.513708] [ 491/0.117623]
  3   2 200, 0.137183 [0.150036/9.504400] [ 541/0.117623]
  3   2 250, 0.155872 [0.088100/9.498943] [ 591/0.117623]
  3   2 300, 0.160426 [0.148809/9.492905] [ 641/0.117623]
  3   2 350, 0.152514 [0.115616/9.486967] [ 691/0.117623]
Epoch 2 done. Evaluation:
(47927, 50000)
(8372, 10000)
  3   3  50, 0.125650 [0.042262/9.469203] [ 782/0.117623]
  3   3 100, 0.134847 [0.091024/9.461605] [ 832/0.117623]
  3   3 150, 0.124551 [0.132048/9.453769] [ 882/0.117623]
  3   3 200, 0.161113 [0.107501/9.450972] [ 932/0.117623]
  3   3 250, 0.164294 [0.122597/9.446945] [ 982/0.117623]
  3   3 300, 0.168862 [0.121474/9.444641] [1032/0.117623]
  3   3 350, 0.160713 [0.106497/9.443414] [1082/0.117623]
Epoch 3 done. Evaluation:
(47827, 50000)
(8249, 10000)
  3   4  50, 0.130015 [0.099315/9.432147] [1173/0.117623]
  3   4 100, 0.146547 [0.120605/9.428062] [1223/0.117623]
  3   4 150, 0.137675 [0.114738/9.423252] [1273/0.117623]
  3   4 200, 0.162548 [0.118839/9.422853] [1323/0.117623]
  3   4 250, 0.153759 [0.143888/9.422252] [1373/0.117623]
  3   4 300, 0.177486 [0.143949/9.421295] [1423/0.117623]
  3   4 350, 0.190145 [0.114774/9.422666] [1473/0.117623]
Epoch 4 done. Evaluation:
(47702, 50000)
(7876, 10000)
  3   5  50, 0.139545 [0.092956/9.413470] [1564/0.117623]
  3   5 100, 0.141840 [0.163793/9.408045] [1614/0.117623]
  3   5 150, 0.155619 [0.123304/9.407822] [1664/0.117623]
  3   5 200, 0.161462 [0.132739/9.402233] [1714/0.117623]
  3   5 250, 0.156148 [0.085865/9.400138] [1764/0.117623]
  3   5 300, 0.156447 [0.123404/9.397787] [1814/0.117623]
  3   5 350, 0.190072 [0.075997/9.401125] [1864/0.117623]
Epoch 5 done. Evaluation:
(47666, 50000)
(8677, 10000)
  3   6  50, 0.137879 [0.103130/9.396969] [1955/0.117623]
  3   6 100, 0.146055 [0.132534/9.394986] [2005/0.117623]
  3   6 150, 0.149907 [0.120573/9.391939] [2055/0.117623]
  3   6 200, 0.163181 [0.154610/9.391892] [2105/0.117623]
  3   6 250, 0.160842 [0.153513/9.390215] [2155/0.117623]
  3   6 300, 0.159824 [0.050966/9.393307] [2205/0.117623]
  3   6 350, 0.171716 [0.147176/9.394231] [2255/0.117623]
Epoch 6 done. Evaluation:
(47736, 50000)
(7920, 10000)
  3   7  50, 0.147120 [0.122764/9.393838] [2346/0.117623]
  3   7 100, 0.146163 [0.120807/9.392395] [2396/0.117623]
  3   7 150, 0.158013 [0.160647/9.394694] [2446/0.117623]
  3   7 200, 0.180067 [0.105768/9.401527] [2496/0.117623]
  3   7 250, 0.178059 [0.089046/9.403575] [2546/0.117623]
  3   7 300, 0.167101 [0.108115/9.403665] [2596/0.117623]
  3   7 350, 0.162258 [0.145579/9.407472] [2646/0.117623]
Epoch 7 done. Evaluation:
(47563, 50000)
(8605, 10000)
  3   8  50, 0.145307 [0.098701/9.405035] [2737/0.117623]
  3   8 100, 0.155289 [0.117659/9.409555] [2787/0.117623]
  3   8 150, 0.167867 [0.107683/9.412080] [2837/0.117623]
  3   8 200, 0.162697 [0.114139/9.410847] [2887/0.117623]
  3   8 250, 0.154454 [0.134777/9.410015] [2937/0.117623]
  3   8 300, 0.165974 [0.126119/9.409679] [2987/0.117623]
  3   8 350, 0.177708 [0.118140/9.408798] [3037/0.117623]
Epoch 8 done. Evaluation:
(47627, 50000)
(8569, 10000)
  3   9  50, 0.133973 [0.080894/9.401139] [3128/0.117623]
  3   9 100, 0.147922 [0.129956/9.397245] [3178/0.117623]
  3   9 150, 0.159029 [0.138191/9.397419] [3228/0.117623]
  3   9 200, 0.156002 [0.151870/9.398342] [3278/0.117623]
  3   9 250, 0.176963 [0.124042/9.399569] [3328/0.117623]
  3   9 300, 0.181092 [0.111235/9.400369] [3378/0.117623]
  3   9 350, 0.165142 [0.099254/9.400465] [3428/0.117623]
Epoch 9 done. Evaluation:
(47612, 50000)
(8097, 10000)
  3  10  50, 0.128331 [0.131770/9.396343] [3519/0.117623]
  3  10 100, 0.119571 [0.130400/9.390089] [3569/0.117623]
  3  10 150, 0.136843 [0.106119/9.385311] [3619/0.117623]
  3  10 200, 0.145944 [0.168220/9.384789] [3669/0.117623]
  3  10 250, 0.173561 [0.139148/9.388610] [3719/0.117623]
  3  10 300, 0.164352 [0.142851/9.388237] [3769/0.117623]
  3  10 350, 0.165079 [0.111657/9.389776] [3819/0.117623]
Epoch 10 done. Evaluation:
(47863, 50000)
(7838, 10000)
  3  11  50, 0.155168 [0.134934/9.391673] [3910/0.117623]
  3  11 100, 0.146898 [0.152657/9.387708] [3960/0.117623]
  3  11 150, 0.148623 [0.124600/9.385080] [4010/0.117623]
  3  11 200, 0.160867 [0.125317/9.384395] [4060/0.117623]
  3  11 250, 0.157434 [0.104965/9.382718] [4110/0.117623]
  3  11 300, 0.162750 [0.131132/9.384389] [4160/0.117623]
  3  11 350, 0.179414 [0.135974/9.390124] [4210/0.117623]
Epoch 11 done. Evaluation:
(47684, 50000)
(8242, 10000)
  3  12  50, 0.137771 [0.092861/9.387611] [4301/0.117623]
  3  12 100, 0.139066 [0.107512/9.383471] [4351/0.117623]
  3  12 150, 0.160299 [0.136922/9.386677] [4401/0.117623]
  3  12 200, 0.165157 [0.091115/9.388347] [4451/0.117623]
  3  12 250, 0.170147 [0.145295/9.389202] [4501/0.117623]
  3  12 300, 0.174682 [0.132372/9.393080] [4551/0.117623]
  3  12 350, 0.173977 [0.111273/9.392923] [4601/0.117623]
Epoch 12 done. Evaluation:
(47644, 50000)
(8496, 10000)
  3  13  50, 0.135564 [0.112539/9.388625] [4692/0.117623]
  3  13 100, 0.151709 [0.112389/9.389237] [4742/0.117623]
  3  13 150, 0.153483 [0.146047/9.386662] [4792/0.117623]
  3  13 200, 0.146122 [0.136885/9.385338] [4842/0.117623]
  3  13 250, 0.164336 [0.130317/9.390026] [4892/0.117623]
  3  13 300, 0.181065 [0.090369/9.390946] [4942/0.117623]
  3  13 350, 0.188771 [0.118365/9.392939] [4992/0.117623]
Epoch 13 done. Evaluation:
(47561, 50000)
(8119, 10000)
  3  14  50, 0.140435 [0.094661/9.391708] [5083/0.117623]
  3  14 100, 0.148215 [0.156726/9.390155] [5133/0.117623]
  3  14 150, 0.151162 [0.085307/9.388705] [5183/0.117623]
  3  14 200, 0.166925 [0.122151/9.389642] [5233/0.117623]
  3  14 250, 0.179794 [0.132804/9.395500] [5283/0.117623]
  3  14 300, 0.157025 [0.131403/9.398539] [5333/0.117623]
  3  14 350, 0.180762 [0.147524/9.400759] [5383/0.117623]
Epoch 14 done. Evaluation:
(47608, 50000)
(8200, 10000)
  3  15  50, 0.126707 [0.117169/9.396843] [5474/0.117623]
  3  15 100, 0.143829 [0.131299/9.393752] [5524/0.117623]
  3  15 150, 0.151932 [0.100661/9.395783] [5574/0.117623]
  3  15 200, 0.165019 [0.143707/9.398126] [5624/0.117623]
  3  15 250, 0.152264 [0.106078/9.396185] [5674/0.117623]
  3  15 300, 0.174623 [0.121982/9.397510] [5724/0.117623]
  3  15 350, 0.167565 [0.098227/9.401914] [5774/0.117623]
Epoch 15 done. Evaluation:
(47766, 50000)
(7976, 10000)
  3  16  50, 0.158248 [0.142638/9.407729] [5865/0.117623]
  3  16 100, 0.121153 [0.142986/9.401490] [5915/0.117623]
  3  16 150, 0.134061 [0.087147/9.395987] [5965/0.117623]
  3  16 200, 0.157328 [0.118082/9.397006] [6015/0.117623]
  3  16 250, 0.171067 [0.120572/9.402745] [6065/0.117623]
  3  16 300, 0.167926 [0.094322/9.403008] [6115/0.117623]
  3  16 350, 0.179081 [0.123400/9.408695] [6165/0.117623]
Epoch 16 done. Evaluation:
(47728, 50000)
(8472, 10000)
  3  17  50, 0.138554 [0.097048/9.405027] [6256/0.117623]
  3  17 100, 0.144419 [0.090561/9.400450] [6306/0.117623]
  3  17 150, 0.151681 [0.120628/9.401299] [6356/0.117623]
  3  17 200, 0.148600 [0.199070/9.403139] [6406/0.117623]
  3  17 250, 0.148673 [0.163400/9.402222] [6456/0.117623]
  3  17 300, 0.161876 [0.128165/9.409119] [6506/0.117623]
  3  17 350, 0.168788 [0.128396/9.411808] [6556/0.117623]
Epoch 17 done. Evaluation:
(47768, 50000)
(8245, 10000)
  3  18  50, 0.139921 [0.124617/9.407204] [6647/0.117623]
  3  18 100, 0.134407 [0.144412/9.405051] [6697/0.117623]
  3  18 150, 0.173631 [0.127846/9.411286] [6747/0.117623]
  3  18 200, 0.171170 [0.155169/9.418662] [6797/0.117623]
  3  18 250, 0.159086 [0.165007/9.420521] [6847/0.117623]
  3  18 300, 0.181461 [0.162488/9.425622] [6897/0.117623]
  3  18 350, 0.170978 [0.094808/9.425408] [6947/0.117623]
Epoch 18 done. Evaluation:
(47630, 50000)
(8258, 10000)
  3  19  50, 0.130707 [0.085122/9.419399] [7038/0.117623]
  3  19 100, 0.129729 [0.086488/9.415710] [7088/0.117623]
  3  19 150, 0.165577 [0.154819/9.426816] [7138/0.117623]
  3  19 200, 0.160332 [0.129025/9.427713] [7188/0.117623]
  3  19 250, 0.170796 [0.150657/9.430294] [7238/0.117623]
  3  19 300, 0.157499 [0.131344/9.430737] [7288/0.117623]
  3  19 350, 0.175670 [0.146768/9.430223] [7338/0.117623]
Epoch 19 done. Evaluation:
(47756, 50000)
(8063, 10000)
  4   0  50, 0.113618 [0.045161/9.421183] [   0/0.113618]
  4   0 100, 0.087947 [0.044957/9.407203] [   0/0.087947]
  4   0 150, 0.081357 [0.067393/9.393010] [   0/0.081357]
  4   0 200, 0.072871 [0.013903/9.378677] [   0/0.072871]
  4   0 250, 0.081429 [0.070367/9.365400] [  50/0.072871]
  4   0 300, 0.080612 [0.031011/9.352614] [ 100/0.072871]
  4   0 350, 0.074983 [0.054391/9.338315] [ 150/0.072871]
Epoch 0 done. Evaluation:
(49047, 50000)
(8689, 10000)
  4   1  50, 0.058189 [0.056104/9.312429] [   0/0.058189]
  4   1 100, 0.052962 [0.021677/9.296962] [   0/0.052962]
  4   1 150, 0.059039 [0.061938/9.282775] [  50/0.052962]
  4   1 200, 0.055383 [0.044639/9.268050] [ 100/0.052962]
  4   1 250, 0.055285 [0.029766/9.254205] [ 150/0.052962]
  4   1 300, 0.057602 [0.036397/9.240677] [ 200/0.052962]
  4   1 350, 0.054067 [0.020636/9.226590] [ 250/0.052962]
Epoch 1 done. Evaluation:
(49491, 50000)
(8961, 10000)
  4   2  50, 0.043579 [0.013596/9.200237] [   0/0.043579]
  4   2 100, 0.051093 [0.036193/9.186595] [  50/0.043579]
  4   2 150, 0.046575 [0.065343/9.172473] [ 100/0.043579]
  4   2 200, 0.046874 [0.033042/9.158686] [ 150/0.043579]
  4   2 250, 0.046322 [0.032330/9.145102] [ 200/0.043579]
  4   2 300, 0.053415 [0.051447/9.133043] [ 250/0.043579]
  4   2 350, 0.047807 [0.011986/9.120123] [ 300/0.043579]
Epoch 2 done. Evaluation:
(49643, 50000)
(8939, 10000)
  4   3  50, 0.043091 [0.025939/9.095883] [   0/0.043091]
  4   3 100, 0.038882 [0.017006/9.081671] [   0/0.038882]
  4   3 150, 0.046752 [0.018164/9.068626] [  50/0.038882]
  4   3 200, 0.043166 [0.031855/9.055894] [ 100/0.038882]
  4   3 250, 0.045695 [0.039809/9.043385] [ 150/0.038882]
  4   3 300, 0.042876 [0.030028/9.031509] [ 200/0.038882]
  4   3 350, 0.046005 [0.054742/9.019592] [ 250/0.038882]
Epoch 3 done. Evaluation:
(49694, 50000)
(8936, 10000)
  4   4  50, 0.038338 [0.019121/8.999165] [   0/0.038338]
  4   4 100, 0.037856 [0.035831/8.985448] [   0/0.037856]
  4   4 150, 0.040450 [0.026012/8.973106] [  50/0.037856]
  4   4 200, 0.041262 [0.031862/8.961227] [ 100/0.037856]
  4   4 250, 0.045671 [0.066690/8.950207] [ 150/0.037856]
  4   4 300, 0.042783 [0.064043/8.939538] [ 200/0.037856]
  4   4 350, 0.053473 [0.067787/8.931557] [ 250/0.037856]
Epoch 4 done. Evaluation:
(49678, 50000)
(8737, 10000)
  4   5  50, 0.048532 [0.022764/8.915505] [ 341/0.037856]
  4   5 100, 0.048861 [0.022363/8.906303] [ 391/0.037856]
  4   5 150, 0.049142 [0.085463/8.896546] [ 441/0.037856]
  4   5 200, 0.048567 [0.021434/8.887693] [ 491/0.037856]
  4   5 250, 0.050840 [0.068686/8.880099] [ 541/0.037856]
  4   5 300, 0.061526 [0.026320/8.874483] [ 591/0.037856]
  4   5 350, 0.066412 [0.064446/8.870133] [ 641/0.037856]
Epoch 5 done. Evaluation:
(49495, 50000)
(8770, 10000)
  4   6  50, 0.052701 [0.048606/8.858271] [ 732/0.037856]
  4   6 100, 0.052560 [0.095658/8.851362] [ 782/0.037856]
  4   6 150, 0.062966 [0.046200/8.846262] [ 832/0.037856]
  4   6 200, 0.058110 [0.108329/8.839991] [ 882/0.037856]
  4   6 250, 0.052763 [0.076192/8.831983] [ 932/0.037856]
  4   6 300, 0.061801 [0.049161/8.827805] [ 982/0.037856]
  4   6 350, 0.070074 [0.063192/8.823289] [1032/0.037856]
Epoch 6 done. Evaluation:
(49366, 50000)
(8684, 10000)
  4   7  50, 0.062572 [0.099814/8.819183] [1123/0.037856]
  4   7 100, 0.063061 [0.081350/8.814086] [1173/0.037856]
  4   7 150, 0.058377 [0.079272/8.809232] [1223/0.037856]
  4   7 200, 0.070817 [0.045390/8.806917] [1273/0.037856]
  4   7 250, 0.069027 [0.063555/8.803142] [1323/0.037856]
  4   7 300, 0.072109 [0.068598/8.800472] [1373/0.037856]
  4   7 350, 0.079224 [0.090703/8.799188] [1423/0.037856]
Epoch 7 done. Evaluation:
(49242, 50000)
(8546, 10000)
  4   8  50, 0.059909 [0.086867/8.792798] [1514/0.037856]
  4   8 100, 0.064029 [0.076368/8.788762] [1564/0.037856]
  4   8 150, 0.071695 [0.035453/8.786165] [1614/0.037856]
  4   8 200, 0.079042 [0.091657/8.785209] [1664/0.037856]
  4   8 250, 0.074962 [0.039947/8.783554] [1714/0.037856]
  4   8 300, 0.072948 [0.023525/8.782646] [1764/0.037856]
  4   8 350, 0.092544 [0.052586/8.783243] [1814/0.037856]
Epoch 8 done. Evaluation:
(49107, 50000)
(8430, 10000)
  4   9  50, 0.090282 [0.099888/8.786525] [1905/0.037856]
  4   9 100, 0.070314 [0.078499/8.783217] [1955/0.037856]
  4   9 150, 0.079935 [0.045143/8.780664] [2005/0.037856]
  4   9 200, 0.090993 [0.067245/8.781791] [2055/0.037856]
  4   9 250, 0.086052 [0.059168/8.782431] [2105/0.037856]
  4   9 300, 0.083192 [0.067380/8.782046] [2155/0.037856]
  4   9 350, 0.082413 [0.057730/8.780233] [2205/0.037856]
Epoch 9 done. Evaluation:
(48922, 50000)
(8796, 10000)
  4  10  50, 0.071150 [0.034897/8.778140] [2296/0.037856]
  4  10 100, 0.078003 [0.037280/8.775878] [2346/0.037856]
  4  10 150, 0.083080 [0.051482/8.773932] [2396/0.037856]
  4  10 200, 0.076226 [0.030135/8.771341] [2446/0.037856]
  4  10 250, 0.089537 [0.032246/8.771588] [2496/0.037856]
  4  10 300, 0.079839 [0.086533/8.770294] [2546/0.037856]
  4  10 350, 0.094106 [0.076043/8.769982] [2596/0.037856]
Epoch 10 done. Evaluation:
(48966, 50000)
(8445, 10000)
  4  11  50, 0.071694 [0.058026/8.768779] [2687/0.037856]
  4  11 100, 0.074838 [0.065292/8.766916] [2737/0.037856]
  4  11 150, 0.073724 [0.046743/8.764740] [2787/0.037856]
  4  11 200, 0.070651 [0.077890/8.760909] [2837/0.037856]
  4  11 250, 0.079455 [0.085321/8.760477] [2887/0.037856]
  4  11 300, 0.088809 [0.042836/8.759880] [2937/0.037856]
  4  11 350, 0.089477 [0.069722/8.759921] [2987/0.037856]
Epoch 11 done. Evaluation:
(49036, 50000)
(8667, 10000)
  4  12  50, 0.084328 [0.066035/8.761850] [3078/0.037856]
  4  12 100, 0.085915 [0.067948/8.760349] [3128/0.037856]
  4  12 150, 0.082833 [0.074652/8.759358] [3178/0.037856]
  4  12 200, 0.095743 [0.072429/8.761221] [3228/0.037856]
  4  12 250, 0.083069 [0.066367/8.758787] [3278/0.037856]
  4  12 300, 0.077488 [0.071277/8.757282] [3328/0.037856]
  4  12 350, 0.083726 [0.061791/8.757041] [3378/0.037856]
Epoch 12 done. Evaluation:
(48912, 50000)
(7990, 10000)
  4  13  50, 0.083148 [0.027636/8.757096] [3469/0.037856]
  4  13 100, 0.062045 [0.037670/8.751517] [3519/0.037856]
  4  13 150, 0.088138 [0.079103/8.750052] [3569/0.037856]
  4  13 200, 0.086575 [0.074297/8.749567] [3619/0.037856]
  4  13 250, 0.079411 [0.064328/8.748688] [3669/0.037856]
  4  13 300, 0.089835 [0.078111/8.749027] [3719/0.037856]
  4  13 350, 0.100974 [0.063059/8.751281] [3769/0.037856]
Epoch 13 done. Evaluation:
(48971, 50000)
(8698, 10000)
  4  14  50, 0.078278 [0.064370/8.749514] [3860/0.037856]
  4  14 100, 0.082478 [0.084728/8.748987] [3910/0.037856]
  4  14 150, 0.081790 [0.090972/8.747895] [3960/0.037856]
  4  14 200, 0.087002 [0.095794/8.746648] [4010/0.037856]
  4  14 250, 0.098572 [0.066190/8.748858] [4060/0.037856]
  4  14 300, 0.087792 [0.071382/8.750922] [4110/0.037856]
  4  14 350, 0.103444 [0.053595/8.754459] [4160/0.037856]
Epoch 14 done. Evaluation:
(48795, 50000)
(8356, 10000)
  4  15  50, 0.088283 [0.055571/8.758849] [4251/0.037856]
  4  15 100, 0.086677 [0.071942/8.756532] [4301/0.037856]
  4  15 150, 0.075549 [0.044547/8.753799] [4351/0.037856]
  4  15 200, 0.078447 [0.065505/8.751976] [4401/0.037856]
  4  15 250, 0.088911 [0.082011/8.752726] [4451/0.037856]
  4  15 300, 0.097691 [0.087693/8.753957] [4501/0.037856]
  4  15 350, 0.090487 [0.079939/8.754521] [4551/0.037856]
Epoch 15 done. Evaluation:
(48907, 50000)
(8735, 10000)
  4  16  50, 0.071100 [0.042827/8.749466] [4642/0.037856]
  4  16 100, 0.065559 [0.073927/8.745148] [4692/0.037856]
  4  16 150, 0.071817 [0.040627/8.742021] [4742/0.037856]
  4  16 200, 0.082788 [0.091102/8.742705] [4792/0.037856]
  4  16 250, 0.088130 [0.066767/8.741226] [4842/0.037856]
  4  16 300, 0.085777 [0.052975/8.742056] [4892/0.037856]
  4  16 350, 0.089084 [0.067531/8.744083] [4942/0.037856]
Epoch 16 done. Evaluation:
(49014, 50000)
(8484, 10000)
  4  17  50, 0.067223 [0.052612/8.738924] [5033/0.037856]
  4  17 100, 0.069659 [0.103332/8.735875] [5083/0.037856]
  4  17 150, 0.084611 [0.074850/8.734115] [5133/0.037856]
  4  17 200, 0.089382 [0.058004/8.735019] [5183/0.037856]
  4  17 250, 0.078555 [0.076843/8.733587] [5233/0.037856]
  4  17 300, 0.090709 [0.051240/8.735014] [5283/0.037856]
  4  17 350, 0.097781 [0.091718/8.737014] [5333/0.037856]
Epoch 17 done. Evaluation:
(49010, 50000)
(8651, 10000)
  4  18  50, 0.069109 [0.080895/8.733409] [5424/0.037856]
  4  18 100, 0.071374 [0.053830/8.729803] [5474/0.037856]
  4  18 150, 0.084257 [0.037765/8.729317] [5524/0.037856]
  4  18 200, 0.075783 [0.099959/8.726952] [5574/0.037856]
  4  18 250, 0.087398 [0.073240/8.726593] [5624/0.037856]
  4  18 300, 0.088128 [0.047596/8.728846] [5674/0.037856]
  4  18 350, 0.095040 [0.070600/8.729275] [5724/0.037856]
Epoch 18 done. Evaluation:
(48999, 50000)
(8563, 10000)
  4  19  50, 0.074379 [0.082333/8.726833] [5815/0.037856]
  4  19 100, 0.075633 [0.071682/8.724766] [5865/0.037856]
  4  19 150, 0.083539 [0.027819/8.722674] [5915/0.037856]
  4  19 200, 0.078045 [0.086395/8.721314] [5965/0.037856]
  4  19 250, 0.089572 [0.076495/8.723119] [6015/0.037856]
  4  19 300, 0.083476 [0.067023/8.722124] [6065/0.037856]
  4  19 350, 0.092828 [0.069399/8.722522] [6115/0.037856]
Epoch 19 done. Evaluation:
(49036, 50000)
(8405, 10000)
  5   0  50, 0.057208 [0.011705/8.716337] [6206/0.037856]
  5   0 100, 0.047424 [0.024190/8.710674] [6256/0.037856]
  5   0 150, 0.040307 [0.011641/8.704342] [6306/0.037856]
  5   0 200, 0.042378 [0.028964/8.698265] [6356/0.037856]
  5   0 250, 0.046537 [0.021944/8.692292] [6406/0.037856]
  5   0 300, 0.041932 [0.012433/8.686249] [6456/0.037856]
  5   0 350, 0.035809 [0.019912/8.679973] [   0/0.035809]
Epoch 0 done. Evaluation:
(49699, 50000)
(8966, 10000)
  5   1  50, 0.030841 [0.002886/8.668191] [   0/0.030841]
  5   1 100, 0.032038 [0.028714/8.661582] [  50/0.030841]
  5   1 150, 0.031145 [0.027354/8.654957] [ 100/0.030841]
  5   1 200, 0.032523 [0.031624/8.648478] [ 150/0.030841]
  5   1 250, 0.028872 [0.006543/8.641588] [   0/0.028872]
  5   1 300, 0.029810 [0.002035/8.634708] [  50/0.028872]
  5   1 350, 0.032531 [0.017306/8.628105] [ 100/0.028872]
Epoch 1 done. Evaluation:
(49895, 50000)
(9018, 10000)
  5   2  50, 0.029183 [0.004056/8.616101] [ 191/0.028872]
  5   2 100, 0.025759 [0.005461/8.609026] [   0/0.025759]
  5   2 150, 0.027873 [0.012052/8.602159] [  50/0.025759]
  5   2 200, 0.026212 [0.004740/8.595244] [ 100/0.025759]
  5   2 250, 0.026363 [0.022454/8.588451] [ 150/0.025759]
  5   2 300, 0.025989 [0.003941/8.581538] [ 200/0.025759]
  5   2 350, 0.026109 [0.009049/8.574738] [ 250/0.025759]
Epoch 2 done. Evaluation:
(49956, 50000)
(9038, 10000)
  5   3  50, 0.023741 [0.010446/8.562357] [   0/0.023741]
  5   3 100, 0.023996 [0.002101/8.555330] [  50/0.023741]
  5   3 150, 0.023932 [0.004166/8.548319] [ 100/0.023741]
  5   3 200, 0.024748 [0.004299/8.541394] [ 150/0.023741]
  5   3 250, 0.023443 [0.012020/8.534451] [   0/0.023443]
  5   3 300, 0.025180 [0.018462/8.527720] [  50/0.023443]
  5   3 350, 0.026359 [0.017905/8.521056] [ 100/0.023443]
Epoch 3 done. Evaluation:
(49981, 50000)
(9085, 10000)
  5   4  50, 0.023518 [0.003290/8.508804] [ 191/0.023443]
  5   4 100, 0.023527 [0.003493/8.502039] [ 241/0.023443]
  5   4 150, 0.024466 [0.004811/8.495283] [ 291/0.023443]
  5   4 200, 0.024597 [0.010480/8.488602] [ 341/0.023443]
  5   4 250, 0.024088 [0.004783/8.481893] [ 391/0.023443]
  5   4 300, 0.024732 [0.001308/8.475326] [ 441/0.023443]
  5   4 350, 0.023303 [0.003912/8.468669] [   0/0.023303]
Epoch 4 done. Evaluation:
(49987, 50000)
(9093, 10000)
  5   5  50, 0.022669 [0.021318/8.456596] [   0/0.022669]
  5   5 100, 0.024048 [0.001169/8.450148] [  50/0.022669]
  5   5 150, 0.024688 [0.025608/8.443766] [ 100/0.022669]
  5   5 200, 0.023450 [0.001902/8.437257] [ 150/0.022669]
  5   5 250, 0.023400 [0.004255/8.430812] [ 200/0.022669]
  5   5 300, 0.022920 [0.001204/8.424359] [ 250/0.022669]
  5   5 350, 0.022676 [0.002367/8.417872] [ 300/0.022669]
Epoch 5 done. Evaluation:
(49991, 50000)
(9110, 10000)
  5   6  50, 0.021779 [0.001858/8.405895] [   0/0.021779]
  5   6 100, 0.022039 [0.004238/8.399353] [  50/0.021779]
  5   6 150, 0.021379 [0.001760/8.392734] [   0/0.021379]
  5   6 200, 0.024550 [0.009349/8.386569] [  50/0.021379]
  5   6 250, 0.023670 [0.002289/8.380193] [ 100/0.021379]
  5   6 300, 0.023700 [0.006370/8.374069] [ 150/0.021379]
  5   6 350, 0.022724 [0.001255/8.367708] [ 200/0.021379]
Epoch 6 done. Evaluation:
(49991, 50000)
(9112, 10000)
  5   7  50, 0.022872 [0.002026/8.356619] [ 291/0.021379]
  5   7 100, 0.023272 [0.003202/8.350417] [ 341/0.021379]
  5   7 150, 0.022595 [0.001324/8.344233] [ 391/0.021379]
  5   7 200, 0.022219 [0.002136/8.338023] [ 441/0.021379]
  5   7 250, 0.023273 [0.000833/8.331885] [ 491/0.021379]
  5   7 300, 0.023678 [0.005861/8.325904] [ 541/0.021379]
  5   7 350, 0.023908 [0.001234/8.319994] [ 591/0.021379]
Epoch 7 done. Evaluation:
(49994, 50000)
(9111, 10000)
  5   8  50, 0.021656 [0.003178/8.308805] [ 682/0.021379]
  5   8 100, 0.022844 [0.001801/8.302756] [ 732/0.021379]
  5   8 150, 0.022518 [0.001552/8.296798] [ 782/0.021379]
  5   8 200, 0.021458 [0.001058/8.290691] [ 832/0.021379]
  5   8 250, 0.023467 [0.003351/8.284981] [ 882/0.021379]
  5   8 300, 0.021984 [0.015157/8.279056] [ 932/0.021379]
  5   8 350, 0.022309 [0.002443/8.273165] [ 982/0.021379]
Epoch 8 done. Evaluation:
(49998, 50000)
(9109, 10000)
  5   9  50, 0.022518 [0.002046/8.262695] [1073/0.021379]
  5   9 100, 0.021618 [0.001162/8.256783] [1123/0.021379]
  5   9 150, 0.022778 [0.000742/8.251079] [1173/0.021379]
  5   9 200, 0.022510 [0.003217/8.245243] [1223/0.021379]
  5   9 250, 0.022650 [0.001495/8.239612] [1273/0.021379]
  5   9 300, 0.022731 [0.000930/8.234015] [1323/0.021379]
  5   9 350, 0.021944 [0.001744/8.228188] [1373/0.021379]
Epoch 9 done. Evaluation:
(49998, 50000)
(9126, 10000)
  5  10  50, 0.020905 [0.001448/8.217766] [   0/0.020905]
  5  10 100, 0.022722 [0.001295/8.212237] [  50/0.020905]
  5  10 150, 0.021958 [0.002038/8.206637] [ 100/0.020905]
  5  10 200, 0.022593 [0.000942/8.201193] [ 150/0.020905]
  5  10 250, 0.021485 [0.001774/8.195564] [ 200/0.020905]
  5  10 300, 0.023071 [0.001031/8.190121] [ 250/0.020905]
  5  10 350, 0.022216 [0.002827/8.184692] [ 300/0.020905]
Epoch 10 done. Evaluation:
(49998, 50000)
(9129, 10000)
  5  11  50, 0.022204 [0.002813/8.174731] [ 391/0.020905]
  5  11 100, 0.023208 [0.001207/8.169346] [ 441/0.020905]
  5  11 150, 0.022688 [0.000796/8.163982] [ 491/0.020905]
  5  11 200, 0.023054 [0.001292/8.158818] [ 541/0.020905]
  5  11 250, 0.022092 [0.001070/8.153508] [ 591/0.020905]
  5  11 300, 0.023241 [0.001378/8.148282] [ 641/0.020905]
  5  11 350, 0.022973 [0.004361/8.143173] [ 691/0.020905]
Epoch 11 done. Evaluation:
(49996, 50000)
(9118, 10000)
  5  12  50, 0.022360 [0.001831/8.133542] [ 782/0.020905]
  5  12 100, 0.022116 [0.002105/8.128360] [ 832/0.020905]
  5  12 150, 0.022772 [0.002324/8.123284] [ 882/0.020905]
  5  12 200, 0.023474 [0.001499/8.118301] [ 932/0.020905]
  5  12 250, 0.021828 [0.001179/8.113132] [ 982/0.020905]
  5  12 300, 0.022881 [0.001721/8.108051] [1032/0.020905]
  5  12 350, 0.023130 [0.001286/8.103183] [1082/0.020905]
Epoch 12 done. Evaluation:
(49997, 50000)
(9135, 10000)
  5  13  50, 0.022306 [0.000985/8.094024] [1173/0.020905]
  5  13 100, 0.022081 [0.000888/8.089023] [1223/0.020905]
  5  13 150, 0.022870 [0.001464/8.084116] [1273/0.020905]
  5  13 200, 0.023339 [0.004580/8.079302] [1323/0.020905]
  5  13 250, 0.022128 [0.002373/8.074389] [1373/0.020905]
  5  13 300, 0.022729 [0.001529/8.069587] [1423/0.020905]
  5  13 350, 0.022104 [0.002138/8.064748] [1473/0.020905]
Epoch 13 done. Evaluation:
(49997, 50000)
(9132, 10000)
  5  14  50, 0.021981 [0.002731/8.055911] [1564/0.020905]
  5  14 100, 0.022773 [0.001579/8.051130] [1614/0.020905]
  5  14 150, 0.022681 [0.000870/8.046365] [1664/0.020905]
  5  14 200, 0.022197 [0.001476/8.041629] [1714/0.020905]
  5  14 250, 0.022514 [0.003208/8.036960] [1764/0.020905]
  5  14 300, 0.023706 [0.001799/8.032491] [1814/0.020905]
  5  14 350, 0.023210 [0.001932/8.027929] [1864/0.020905]
Epoch 14 done. Evaluation:
(49996, 50000)
(9137, 10000)
  5  15  50, 0.022883 [0.001302/8.019765] [1955/0.020905]
  5  15 100, 0.022419 [0.000971/8.015233] [2005/0.020905]
  5  15 150, 0.023216 [0.003758/8.010857] [2055/0.020905]
  5  15 200, 0.022429 [0.001568/8.006292] [2105/0.020905]
  5  15 250, 0.023381 [0.002280/8.001943] [2155/0.020905]
  5  15 300, 0.022916 [0.000763/7.997528] [2205/0.020905]
  5  15 350, 0.022611 [0.002085/7.993004] [2255/0.020905]
Epoch 15 done. Evaluation:
(49998, 50000)
(9145, 10000)
  5  16  50, 0.023059 [0.001249/7.985091] [2346/0.020905]
  5  16 100, 0.022905 [0.001483/7.980805] [2396/0.020905]
  5  16 150, 0.022710 [0.007411/7.976436] [2446/0.020905]
  5  16 200, 0.022344 [0.001195/7.972110] [2496/0.020905]
  5  16 250, 0.022899 [0.001709/7.967885] [2546/0.020905]
  5  16 300, 0.022528 [0.001263/7.963527] [2596/0.020905]
  5  16 350, 0.022966 [0.001516/7.959326] [2646/0.020905]
Epoch 16 done. Evaluation:
(49998, 50000)
(9136, 10000)
  5  17  50, 0.023139 [0.001907/7.951807] [2737/0.020905]
  5  17 100, 0.021505 [0.001287/7.947407] [2787/0.020905]
  5  17 150, 0.022719 [0.001100/7.943250] [2837/0.020905]
  5  17 200, 0.022573 [0.003861/7.939099] [2887/0.020905]
  5  17 250, 0.022830 [0.001616/7.935031] [2937/0.020905]
  5  17 300, 0.022750 [0.001425/7.930964] [2987/0.020905]
  5  17 350, 0.023430 [0.002325/7.927027] [3037/0.020905]
Epoch 17 done. Evaluation:
(50000, 50000)
(9121, 10000)
  5  18  50, 0.021880 [0.001217/7.919571] [3128/0.020905]
  5  18 100, 0.023222 [0.005114/7.915656] [3178/0.020905]
  5  18 150, 0.022723 [0.002130/7.911652] [3228/0.020905]
  5  18 200, 0.022749 [0.001074/7.907722] [3278/0.020905]
  5  18 250, 0.022201 [0.001653/7.903702] [3328/0.020905]
  5  18 300, 0.022226 [0.001399/7.899698] [3378/0.020905]
  5  18 350, 0.023316 [0.002127/7.895782] [3428/0.020905]
Epoch 18 done. Evaluation:
(49999, 50000)
(9137, 10000)
  5  19  50, 0.023199 [0.000913/7.888868] [3519/0.020905]
  5  19 100, 0.022412 [0.000936/7.884977] [3569/0.020905]
  5  19 150, 0.023439 [0.001602/7.881276] [3619/0.020905]
  5  19 200, 0.022887 [0.001762/7.877532] [3669/0.020905]
  5  19 250, 0.022888 [0.013636/7.873792] [3719/0.020905]
  5  19 300, 0.022652 [0.001988/7.870043] [3769/0.020905]
  5  19 350, 0.022339 [0.001273/7.866228] [3819/0.020905]
Epoch 19 done. Evaluation:
(50000, 50000)
(9149, 10000)
  6   0  50, 0.022646 [0.000959/7.861321] [3910/0.020905]
  6   0 100, 0.023702 [0.000432/7.859482] [3960/0.020905]
  6   0 150, 0.023391 [0.001178/7.857661] [4010/0.020905]
  6   0 200, 0.022389 [0.000492/7.855791] [4060/0.020905]
  6   0 250, 0.023044 [0.000875/7.853969] [4110/0.020905]
  6   0 300, 0.023053 [0.000511/7.852177] [4160/0.020905]
  6   0 350, 0.022323 [0.000378/7.850306] [4210/0.020905]
Epoch 0 done. Evaluation:
(49998, 50000)
(9152, 10000)
  6   1  50, 0.022174 [0.000732/7.846931] [4301/0.020905]
  6   1 100, 0.022450 [0.001426/7.845112] [4351/0.020905]
  6   1 150, 0.022579 [0.001061/7.843277] [4401/0.020905]
  6   1 200, 0.022415 [0.000946/7.841432] [4451/0.020905]
  6   1 250, 0.022336 [0.000569/7.839575] [4501/0.020905]
  6   1 300, 0.023653 [0.001601/7.837854] [4551/0.020905]
  6   1 350, 0.023434 [0.001357/7.836140] [4601/0.020905]
Epoch 1 done. Evaluation:
(50000, 50000)
(9143, 10000)
  6   2  50, 0.022138 [0.000946/7.832845] [4692/0.020905]
  6   2 100, 0.022901 [0.001360/7.831064] [4742/0.020905]
  6   2 150, 0.022818 [0.000611/7.829294] [4792/0.020905]
  6   2 200, 0.023136 [0.000799/7.827490] [4842/0.020905]
  6   2 250, 0.023072 [0.000656/7.825745] [4892/0.020905]
  6   2 300, 0.023379 [0.000844/7.824039] [4942/0.020905]
  6   2 350, 0.022784 [0.001020/7.822275] [4992/0.020905]
Epoch 2 done. Evaluation:
(49999, 50000)
(9160, 10000)
  6   3  50, 0.022797 [0.000531/7.818989] [5083/0.020905]
  6   3 100, 0.022964 [0.000917/7.817283] [5133/0.020905]
  6   3 150, 0.022599 [0.001363/7.815536] [5183/0.020905]
  6   3 200, 0.023236 [0.001573/7.813831] [5233/0.020905]
  6   3 250, 0.022899 [0.000774/7.812101] [5283/0.020905]
  6   3 300, 0.023650 [0.001203/7.810448] [5333/0.020905]
  6   3 350, 0.023088 [0.000845/7.808749] [5383/0.020905]
Epoch 3 done. Evaluation:
(49999, 50000)
(9145, 10000)
  6   4  50, 0.023431 [0.000676/7.805712] [5474/0.020905]
  6   4 100, 0.022967 [0.001578/7.803986] [5524/0.020905]
  6   4 150, 0.022968 [0.000761/7.802293] [5574/0.020905]
  6   4 200, 0.023172 [0.000653/7.800636] [5624/0.020905]
  6   4 250, 0.022627 [0.000880/7.798946] [5674/0.020905]
  6   4 300, 0.023480 [0.002106/7.797290] [5724/0.020905]
  6   4 350, 0.022392 [0.000693/7.795579] [5774/0.020905]
Epoch 4 done. Evaluation:
(49999, 50000)
(9171, 10000)
  6   5  50, 0.022980 [0.000842/7.792524] [5865/0.020905]
  6   5 100, 0.022503 [0.000855/7.790830] [5915/0.020905]
  6   5 150, 0.021511 [0.001177/7.789025] [5965/0.020905]
  6   5 200, 0.023128 [0.000667/7.787392] [6015/0.020905]
  6   5 250, 0.022773 [0.000901/7.785720] [6065/0.020905]
  6   5 300, 0.022854 [0.000515/7.784066] [6115/0.020905]
  6   5 350, 0.023125 [0.000689/7.782433] [6165/0.020905]
Epoch 5 done. Evaluation:
(50000, 50000)
(9164, 10000)
  6   6  50, 0.023747 [0.001326/7.779500] [6256/0.020905]
  6   6 100, 0.022569 [0.000446/7.777847] [6306/0.020905]
  6   6 150, 0.022477 [0.001279/7.776176] [6356/0.020905]
  6   6 200, 0.022839 [0.001209/7.774575] [6406/0.020905]
  6   6 250, 0.022581 [0.000972/7.772919] [6456/0.020905]
  6   6 300, 0.023514 [0.002162/7.771355] [6506/0.020905]
  6   6 350, 0.022663 [0.000815/7.769718] [6556/0.020905]
Epoch 6 done. Evaluation:
(50000, 50000)
(9162, 10000)
  6   7  50, 0.022702 [0.003189/7.766784] [6647/0.020905]
  6   7 100, 0.022860 [0.001147/7.765188] [6697/0.020905]
  6   7 150, 0.022852 [0.000642/7.763588] [6747/0.020905]
  6   7 200, 0.023707 [0.003260/7.762087] [6797/0.020905]
  6   7 250, 0.023379 [0.000576/7.760528] [6847/0.020905]
  6   7 300, 0.023364 [0.000700/7.758974] [6897/0.020905]
  6   7 350, 0.023117 [0.000628/7.757398] [6947/0.020905]
Epoch 7 done. Evaluation:
(50000, 50000)
(9158, 10000)
  6   8  50, 0.022435 [0.000910/7.754454] [7038/0.020905]
  6   8 100, 0.023118 [0.001222/7.752887] [7088/0.020905]
  6   8 150, 0.022697 [0.001303/7.751317] [7138/0.020905]
  6   8 200, 0.023384 [0.000976/7.749804] [7188/0.020905]
  6   8 250, 0.022653 [0.000682/7.748224] [7238/0.020905]
  6   8 300, 0.022834 [0.000902/7.746672] [7288/0.020905]
  6   8 350, 0.022768 [0.000556/7.745107] [7338/0.020905]
Epoch 8 done. Evaluation:
(50000, 50000)
(9153, 10000)
  6   9  50, 0.022924 [0.001048/7.742303] [7429/0.020905]
  6   9 100, 0.022773 [0.000600/7.740752] [7479/0.020905]
  6   9 150, 0.022783 [0.001022/7.739191] [7529/0.020905]
  6   9 200, 0.022546 [0.000548/7.737610] [7579/0.020905]
  6   9 250, 0.022456 [0.000569/7.736031] [7629/0.020905]
  6   9 300, 0.022904 [0.001138/7.734522] [7679/0.020905]
  6   9 350, 0.023931 [0.000778/7.733107] [7729/0.020905]
Epoch 9 done. Evaluation:
(50000, 50000)
(9157, 10000)
  6  10  50, 0.022225 [0.000882/7.730292] [7820/0.020905]
  6  10 100, 0.022896 [0.000662/7.728776] [7870/0.020905]
  6  10 150, 0.022424 [0.001055/7.727257] [7920/0.020905]
  6  10 200, 0.022849 [0.000533/7.725765] [7970/0.020905]
  6  10 250, 0.022967 [0.000902/7.724271] [8020/0.020905]
  6  10 300, 0.022830 [0.000926/7.722772] [8070/0.020905]
  6  10 350, 0.022716 [0.000695/7.721258] [8120/0.020905]
Epoch 10 done. Evaluation:
(50000, 50000)
(9161, 10000)
  6  11  50, 0.022382 [0.001642/7.718505] [8211/0.020905]
  6  11 100, 0.022681 [0.001838/7.717026] [8261/0.020905]
  6  11 150, 0.022930 [0.000791/7.715559] [8311/0.020905]
  6  11 200, 0.023265 [0.000967/7.714144] [8361/0.020905]
  6  11 250, 0.023755 [0.000781/7.712748] [8411/0.020905]
  6  11 300, 0.022674 [0.000628/7.711270] [8461/0.020905]
  6  11 350, 0.023128 [0.000879/7.709831] [8511/0.020905]
Epoch 11 done. Evaluation:
(50000, 50000)
(9157, 10000)
  6  12  50, 0.022716 [0.000827/7.707172] [8602/0.020905]
  6  12 100, 0.023070 [0.000918/7.705758] [8652/0.020905]
  6  12 150, 0.023321 [0.000623/7.704381] [8702/0.020905]
  6  12 200, 0.022759 [0.000445/7.702914] [8752/0.020905]
  6  12 250, 0.023605 [0.000886/7.701525] [8802/0.020905]
  6  12 300, 0.023010 [0.000829/7.700099] [8852/0.020905]
  6  12 350, 0.023237 [0.001008/7.698720] [8902/0.020905]
Epoch 12 done. Evaluation:
(50000, 50000)
(9160, 10000)
  6  13  50, 0.022468 [0.001860/7.696092] [8993/0.020905]
  6  13 100, 0.022583 [0.001592/7.694664] [9043/0.020905]
  6  13 150, 0.022746 [0.000932/7.693241] [9093/0.020905]
  6  13 200, 0.022709 [0.000803/7.691807] [9143/0.020905]
  6  13 250, 0.023529 [0.001561/7.690452] [9193/0.020905]
  6  13 300, 0.022768 [0.001227/7.689025] [9243/0.020905]
  6  13 350, 0.023126 [0.000854/7.687668] [9293/0.020905]
Epoch 13 done. Evaluation:
(50000, 50000)
(9148, 10000)
  6  14  50, 0.023168 [0.000620/7.685136] [9384/0.020905]
  6  14 100, 0.022179 [0.000655/7.683672] [9434/0.020905]
  6  14 150, 0.023246 [0.001069/7.682294] [9484/0.020905]
  6  14 200, 0.023157 [0.001354/7.680953] [9534/0.020905]
  6  14 250, 0.023635 [0.000660/7.679632] [9584/0.020905]
  6  14 300, 0.022771 [0.000526/7.678229] [9634/0.020905]
  6  14 350, 0.022372 [0.000853/7.676823] [9684/0.020905]
Epoch 14 done. Evaluation:
(50000, 50000)
(9159, 10000)
  6  15  50, 0.023921 [0.001026/7.674436] [9775/0.020905]
  6  15 100, 0.022210 [0.000928/7.673012] [9825/0.020905]
  6  15 150, 0.022951 [0.001130/7.671658] [9875/0.020905]
  6  15 200, 0.022466 [0.000754/7.670253] [9925/0.020905]
  6  15 250, 0.023194 [0.001920/7.668918] [9975/0.020905]
  6  15 300, 0.023058 [0.000660/7.667595] [10025/0.020905]
  6  15 350, 0.022819 [0.000608/7.666268] [10075/0.020905]
Epoch 15 done. Evaluation:
(50000, 50000)
(9155, 10000)
  6  16  50, 0.022792 [0.000969/7.663861] [10166/0.020905]
  6  16 100, 0.022855 [0.000686/7.662525] [10216/0.020905]
  6  16 150, 0.022700 [0.000844/7.661160] [10266/0.020905]
  6  16 200, 0.022228 [0.000627/7.659786] [10316/0.020905]
  6  16 250, 0.022419 [0.000516/7.658403] [10366/0.020905]
  6  16 300, 0.022798 [0.001127/7.657073] [10416/0.020905]
  6  16 350, 0.023778 [0.001184/7.655856] [10466/0.020905]
Epoch 16 done. Evaluation:
(50000, 50000)
(9159, 10000)
  6  17  50, 0.023347 [0.000656/7.653493] [10557/0.020905]
  6  17 100, 0.022976 [0.001064/7.652196] [10607/0.020905]
  6  17 150, 0.022525 [0.000675/7.650852] [10657/0.020905]
  6  17 200, 0.023243 [0.001779/7.649565] [10707/0.020905]
  6  17 250, 0.022268 [0.001004/7.648215] [10757/0.020905]
  6  17 300, 0.022858 [0.000841/7.646931] [10807/0.020905]
  6  17 350, 0.022732 [0.001095/7.645624] [10857/0.020905]
Epoch 17 done. Evaluation:
(50000, 50000)
(9156, 10000)
  6  18  50, 0.023094 [0.000619/7.643283] [10948/0.020905]
  6  18 100, 0.022633 [0.000754/7.641967] [10998/0.020905]
  6  18 150, 0.023291 [0.000970/7.640737] [11048/0.020905]
  6  18 200, 0.022597 [0.000765/7.639437] [11098/0.020905]
  6  18 250, 0.022319 [0.001027/7.638091] [11148/0.020905]
  6  18 300, 0.022795 [0.000531/7.636809] [11198/0.020905]
  6  18 350, 0.022275 [0.000853/7.635496] [11248/0.020905]
Epoch 18 done. Evaluation:
(50000, 50000)
(9157, 10000)
  6  19  50, 0.022200 [0.001277/7.633296] [11339/0.020905]
  6  19 100, 0.023588 [0.001868/7.632108] [11389/0.020905]
  6  19 150, 0.023436 [0.000700/7.630888] [11439/0.020905]
  6  19 200, 0.022606 [0.000816/7.629629] [11489/0.020905]
  6  19 250, 0.023674 [0.001084/7.628441] [11539/0.020905]
  6  19 300, 0.022856 [0.000376/7.627195] [11589/0.020905]
  6  19 350, 0.023203 [0.000897/7.625972] [11639/0.020905]
Epoch 19 done. Evaluation:
(50000, 50000)
(9164, 10000)
  7   0  50, 0.022494 [0.000841/7.624363] [11730/0.020905]
  7   0 100, 0.024012 [0.000518/7.623800] [11780/0.020905]
  7   0 150, 0.023054 [0.000355/7.623190] [11830/0.020905]
  7   0 200, 0.022929 [0.000427/7.622571] [11880/0.020905]
  7   0 250, 0.023194 [0.000375/7.621968] [11930/0.020905]
  7   0 300, 0.022762 [0.000646/7.621340] [11980/0.020905]
  7   0 350, 0.022277 [0.000401/7.620701] [12030/0.020905]
Epoch 0 done. Evaluation:
(50000, 50000)
(9165, 10000)
  7   1  50, 0.022430 [0.000322/7.619549] [12121/0.020905]
  7   1 100, 0.022475 [0.000416/7.618917] [12171/0.020905]
  7   1 150, 0.022756 [0.000409/7.618300] [12221/0.020905]
  7   1 200, 0.022508 [0.000375/7.617666] [12271/0.020905]
  7   1 250, 0.022324 [0.000375/7.617022] [12321/0.020905]
  7   1 300, 0.022877 [0.000787/7.616406] [12371/0.020905]
  7   1 350, 0.022408 [0.000347/7.615773] [12421/0.020905]
Epoch 1 done. Evaluation:
(50000, 50000)
(9163, 10000)
  7   2  50, 0.022542 [0.000364/7.614654] [12512/0.020905]
  7   2 100, 0.022921 [0.000709/7.614040] [12562/0.020905]
  7   2 150, 0.022858 [0.000462/7.613433] [12612/0.020905]
  7   2 200, 0.022553 [0.000441/7.612806] [12662/0.020905]
  7   2 250, 0.022444 [0.000595/7.612172] [12712/0.020905]
  7   2 300, 0.022283 [0.000392/7.611530] [12762/0.020905]
  7   2 350, 0.023586 [0.000506/7.610945] [12812/0.020905]
Epoch 2 done. Evaluation:
(50000, 50000)
(9159, 10000)
  7   3  50, 0.022531 [0.000411/7.609822] [12903/0.020905]
  7   3 100, 0.023456 [0.000789/7.609241] [12953/0.020905]
  7   3 150, 0.023049 [0.000648/7.608650] [13003/0.020905]
  7   3 200, 0.023232 [0.000735/7.608069] [13053/0.020905]
  7   3 250, 0.021974 [0.000622/7.607422] [13103/0.020905]
  7   3 300, 0.022942 [0.000458/7.606827] [13153/0.020905]
  7   3 350, 0.022703 [0.000412/7.606215] [13203/0.020905]
Epoch 3 done. Evaluation:
(50000, 50000)
(9166, 10000)
  7   4  50, 0.022912 [0.000366/7.605128] [13294/0.020905]
  7   4 100, 0.021467 [0.000348/7.604458] [13344/0.020905]
  7   4 150, 0.021954 [0.000619/7.603814] [13394/0.020905]
  7   4 200, 0.022969 [0.000271/7.603216] [13444/0.020905]
  7   4 250, 0.022142 [0.000383/7.602584] [13494/0.020905]
  7   4 300, 0.022609 [0.000409/7.601972] [13544/0.020905]
  7   4 350, 0.022980 [0.000440/7.601382] [13594/0.020905]
Epoch 4 done. Evaluation:
(50000, 50000)
(9174, 10000)
  7   5  50, 0.023450 [0.000300/7.600316] [13685/0.020905]
  7   5 100, 0.023091 [0.000382/7.599736] [13735/0.020905]
  7   5 150, 0.023007 [0.001287/7.599155] [13785/0.020905]
  7   5 200, 0.023227 [0.000754/7.598585] [13835/0.020905]
  7   5 250, 0.023292 [0.000484/7.598012] [13885/0.020905]
  7   5 300, 0.023410 [0.000423/7.597443] [13935/0.020905]
  7   5 350, 0.022732 [0.000766/7.596844] [13985/0.020905]
Epoch 5 done. Evaluation:
(50000, 50000)
(9151, 10000)
  7   6  50, 0.022787 [0.000634/7.595779] [14076/0.020905]
  7   6 100, 0.022984 [0.001352/7.595202] [14126/0.020905]
  7   6 150, 0.022362 [0.000219/7.594587] [14176/0.020905]
  7   6 200, 0.021939 [0.000332/7.593950] [14226/0.020905]
  7   6 250, 0.023180 [0.000849/7.593374] [14276/0.020905]
  7   6 300, 0.022721 [0.000531/7.592781] [14326/0.020905]
  7   6 350, 0.023299 [0.000484/7.592214] [14376/0.020905]
Epoch 6 done. Evaluation:
(50000, 50000)
(9163, 10000)
  7   7  50, 0.023057 [0.000577/7.591193] [14467/0.020905]
  7   7 100, 0.022756 [0.000432/7.590601] [14517/0.020905]
  7   7 150, 0.022569 [0.000538/7.590006] [14567/0.020905]
  7   7 200, 0.023626 [0.000414/7.589451] [14617/0.020905]
  7   7 250, 0.022835 [0.000608/7.588868] [14667/0.020905]
  7   7 300, 0.022599 [0.000392/7.588283] [14717/0.020905]
  7   7 350, 0.022310 [0.000353/7.587674] [14767/0.020905]
Epoch 7 done. Evaluation:
(50000, 50000)
(9157, 10000)
  7   8  50, 0.021985 [0.000406/7.586581] [14858/0.020905]
  7   8 100, 0.022386 [0.000997/7.585973] [14908/0.020905]
  7   8 150, 0.022402 [0.000356/7.585379] [14958/0.020905]
  7   8 200, 0.023671 [0.000771/7.584852] [15008/0.020905]
  7   8 250, 0.024006 [0.000612/7.584341] [15058/0.020905]
  7   8 300, 0.022601 [0.000452/7.583759] [15108/0.020905]
  7   8 350, 0.022992 [0.000360/7.583198] [15158/0.020905]
Epoch 8 done. Evaluation:
(50000, 50000)
(9160, 10000)
  7   9  50, 0.022893 [0.000385/7.582189] [15249/0.020905]
  7   9 100, 0.023282 [0.000517/7.581631] [15299/0.020905]
  7   9 150, 0.022107 [0.000349/7.581036] [15349/0.020905]
  7   9 200, 0.022868 [0.000464/7.580472] [15399/0.020905]
  7   9 250, 0.022726 [0.000620/7.579897] [15449/0.020905]
  7   9 300, 0.022255 [0.000355/7.579296] [15499/0.020905]
  7   9 350, 0.023508 [0.000553/7.578762] [15549/0.020905]
Epoch 9 done. Evaluation:
(50000, 50000)
(9150, 10000)
  7  10  50, 0.022722 [0.000413/7.577732] [15640/0.020905]
  7  10 100, 0.023267 [0.000517/7.577182] [15690/0.020905]
  7  10 150, 0.022954 [0.000613/7.576622] [15740/0.020905]
  7  10 200, 0.023186 [0.000477/7.576078] [15790/0.020905]
  7  10 250, 0.022771 [0.000399/7.575521] [15840/0.020905]
  7  10 300, 0.022349 [0.000682/7.574935] [15890/0.020905]
  7  10 350, 0.023925 [0.000772/7.574401] [15940/0.020905]
Epoch 10 done. Evaluation:
(50000, 50000)
(9161, 10000)
  7  11  50, 0.023034 [0.000584/7.573371] [16031/0.020905]
  7  11 100, 0.023483 [0.000911/7.572836] [16081/0.020905]
  7  11 150, 0.023103 [0.000646/7.572287] [16131/0.020905]
  7  11 200, 0.022578 [0.000379/7.571716] [16181/0.020905]
  7  11 250, 0.022889 [0.000523/7.571151] [16231/0.020905]
  7  11 300, 0.021896 [0.000578/7.570557] [16281/0.020905]
  7  11 350, 0.022961 [0.000657/7.570002] [16331/0.020905]
Epoch 11 done. Evaluation:
(50000, 50000)
(9166, 10000)
  7  12  50, 0.022950 [0.000574/7.569031] [16422/0.020905]
  7  12 100, 0.023245 [0.000450/7.568491] [16472/0.020905]
  7  12 150, 0.023716 [0.000295/7.567975] [16522/0.020905]
  7  12 200, 0.022760 [0.000402/7.567412] [16572/0.020905]
  7  12 250, 0.021973 [0.000331/7.566817] [16622/0.020905]
  7  12 300, 0.023572 [0.000490/7.566297] [16672/0.020905]
  7  12 350, 0.022975 [0.000803/7.565757] [16722/0.020905]
Epoch 12 done. Evaluation:
(50000, 50000)
(9164, 10000)
  7  13  50, 0.023124 [0.000480/7.564764] [16813/0.020905]
  7  13 100, 0.022655 [0.000381/7.564194] [16863/0.020905]
  7  13 150, 0.023122 [0.001217/7.563657] [16913/0.020905]
  7  13 200, 0.022668 [0.000460/7.563104] [16963/0.020905]
  7  13 250, 0.022450 [0.000323/7.562538] [17013/0.020905]
  7  13 300, 0.023206 [0.000529/7.562002] [17063/0.020905]
  7  13 350, 0.022797 [0.000517/7.561460] [17113/0.020905]
Epoch 13 done. Evaluation:
(50000, 50000)
(9170, 10000)
  7  14  50, 0.022544 [0.000278/7.560468] [17204/0.020905]
  7  14 100, 0.022699 [0.000357/7.559917] [17254/0.020905]
  7  14 150, 0.022742 [0.001644/7.559361] [17304/0.020905]
  7  14 200, 0.022707 [0.000276/7.558815] [17354/0.020905]
  7  14 250, 0.023191 [0.000342/7.558279] [17404/0.020905]
  7  14 300, 0.022873 [0.000444/7.557740] [17454/0.020905]
  7  14 350, 0.023035 [0.000511/7.557199] [17504/0.020905]
Epoch 14 done. Evaluation:
(50000, 50000)
(9179, 10000)
  7  15  50, 0.022671 [0.000452/7.556195] [17595/0.020905]
  7  15 100, 0.022782 [0.000750/7.555656] [17645/0.020905]
  7  15 150, 0.022995 [0.000810/7.555127] [17695/0.020905]
  7  15 200, 0.023473 [0.000343/7.554608] [17745/0.020905]
  7  15 250, 0.022612 [0.000877/7.554063] [17795/0.020905]
  7  15 300, 0.021957 [0.000310/7.553482] [17845/0.020905]
  7  15 350, 0.023135 [0.000631/7.552958] [17895/0.020905]
Epoch 15 done. Evaluation:
(50000, 50000)
(9169, 10000)
  7  16  50, 0.023403 [0.000568/7.552037] [17986/0.020905]
  7  16 100, 0.022968 [0.000297/7.551513] [18036/0.020905]
  7  16 150, 0.022591 [0.000334/7.550974] [18086/0.020905]
  7  16 200, 0.023301 [0.001746/7.550457] [18136/0.020905]
  7  16 250, 0.022925 [0.000517/7.549929] [18186/0.020905]
  7  16 300, 0.023719 [0.000518/7.549439] [18236/0.020905]
  7  16 350, 0.022743 [0.001022/7.548899] [18286/0.020905]
Epoch 16 done. Evaluation:
(50000, 50000)
(9153, 10000)
  7  17  50, 0.022892 [0.000325/7.547959] [18377/0.020905]
  7  17 100, 0.022900 [0.000418/7.547434] [18427/0.020905]
  7  17 150, 0.023057 [0.000497/7.546915] [18477/0.020905]
  7  17 200, 0.022879 [0.000687/7.546391] [18527/0.020905]
  7  17 250, 0.023053 [0.001088/7.545876] [18577/0.020905]
  7  17 300, 0.022807 [0.000266/7.545346] [18627/0.020905]
  7  17 350, 0.022947 [0.000520/7.544830] [18677/0.020905]
Epoch 17 done. Evaluation:
(50000, 50000)
(9165, 10000)
  7  18  50, 0.022778 [0.000541/7.543902] [18768/0.020905]
  7  18 100, 0.022826 [0.000626/7.543376] [18818/0.020905]
  7  18 150, 0.023197 [0.000650/7.542861] [18868/0.020905]
  7  18 200, 0.022781 [0.000366/7.542342] [18918/0.020905]
  7  18 250, 0.022806 [0.000383/7.541819] [18968/0.020905]
  7  18 300, 0.022303 [0.000375/7.541270] [19018/0.020905]
  7  18 350, 0.022553 [0.000573/7.540724] [19068/0.020905]
Epoch 18 done. Evaluation:
(50000, 50000)
(9173, 10000)
  7  19  50, 0.023420 [0.001018/7.539786] [19159/0.020905]
  7  19 100, 0.022715 [0.000333/7.539265] [19209/0.020905]
  7  19 150, 0.022992 [0.000302/7.538755] [19259/0.020905]
  7  19 200, 0.022990 [0.000486/7.538245] [19309/0.020905]
  7  19 250, 0.022709 [0.000369/7.537713] [19359/0.020905]
  7  19 300, 0.022621 [0.000504/7.537178] [19409/0.020905]
  7  19 350, 0.023277 [0.000863/7.536696] [19459/0.020905]
Epoch 19 done. Evaluation:
(50000, 50000)
(9176, 10000)
  8   0  50, 0.023175 [0.000264/7.536040] [19550/0.020905]
  8   0 100, 0.023026 [0.000330/7.535782] [19600/0.020905]
  8   0 150, 0.023160 [0.000298/7.535532] [19650/0.020905]
  8   0 200, 0.023701 [0.000173/7.535297] [19700/0.020905]
  8   0 250, 0.023652 [0.000178/7.535061] [19750/0.020905]
  8   0 300, 0.022824 [0.000344/7.534801] [19800/0.020905]
  8   0 350, 0.022589 [0.000553/7.534534] [19850/0.020905]
Epoch 0 done. Evaluation:
(50000, 50000)
(9166, 10000)
  8   1  50, 0.023076 [0.000243/7.534086] [19941/0.020905]
  8   1 100, 0.022935 [0.000452/7.533831] [19991/0.020905]
  8   1 150, 0.022868 [0.000316/7.533568] [20041/0.020905]
  8   1 200, 0.021906 [0.000309/7.533286] [20091/0.020905]
  8   1 250, 0.022732 [0.000159/7.533023] [20141/0.020905]
  8   1 300, 0.023828 [0.000198/7.532795] [20191/0.020905]
  8   1 350, 0.023345 [0.000353/7.532553] [20241/0.020905]
Epoch 1 done. Evaluation:
(50000, 50000)
(9168, 10000)
  8   2  50, 0.023336 [0.000167/7.532097] [20332/0.020905]
  8   2 100, 0.022553 [0.000336/7.531838] [20382/0.020905]
  8   2 150, 0.024048 [0.000303/7.531605] [20432/0.020905]
  8   2 200, 0.023116 [0.000194/7.531362] [20482/0.020905]
  8   2 250, 0.021757 [0.000227/7.531081] [20532/0.020905]
  8   2 300, 0.022873 [0.000192/7.530827] [20582/0.020905]
  8   2 350, 0.023154 [0.000331/7.530576] [20632/0.020905]
Epoch 2 done. Evaluation:
(50000, 50000)
(9166, 10000)
  8   3  50, 0.022242 [0.000176/7.530089] [20723/0.020905]
  8   3 100, 0.022744 [0.000193/7.529830] [20773/0.020905]
  8   3 150, 0.022626 [0.000355/7.529570] [20823/0.020905]
  8   3 200, 0.022834 [0.000280/7.529313] [20873/0.020905]
  8   3 250, 0.023523 [0.000373/7.529076] [20923/0.020905]
  8   3 300, 0.024207 [0.000275/7.528857] [20973/0.020905]
  8   3 350, 0.023193 [0.000199/7.528609] [21023/0.020905]
Epoch 3 done. Evaluation:
(49999, 50000)
(9172, 10000)
  8   4  50, 0.022654 [0.000264/7.528146] [21114/0.020905]
  8   4 100, 0.022630 [0.000199/7.527885] [21164/0.020905]
  8   4 150, 0.022860 [0.000195/7.527630] [21214/0.020905]
  8   4 200, 0.022865 [0.000167/7.527374] [21264/0.020905]
  8   4 250, 0.022114 [0.000275/7.527105] [21314/0.020905]
  8   4 300, 0.024206 [0.000191/7.526885] [21364/0.020905]
  8   4 350, 0.022802 [0.000209/7.526624] [21414/0.020905]
Epoch 4 done. Evaluation:
(50000, 50000)
(9162, 10000)
  8   5  50, 0.022626 [0.000228/7.526161] [21505/0.020905]
  8   5 100, 0.022987 [0.000238/7.525918] [21555/0.020905]
  8   5 150, 0.021958 [0.000260/7.525641] [21605/0.020905]
  8   5 200, 0.022930 [0.000358/7.525392] [21655/0.020905]
  8   5 250, 0.023388 [0.000465/7.525154] [21705/0.020905]
  8   5 300, 0.023013 [0.000180/7.524902] [21755/0.020905]
  8   5 350, 0.022847 [0.000302/7.524646] [21805/0.020905]
Epoch 5 done. Evaluation:
(50000, 50000)
(9161, 10000)
  8   6  50, 0.023152 [0.000325/7.524190] [21896/0.020905]
  8   6 100, 0.023074 [0.000149/7.523946] [21946/0.020905]
  8   6 150, 0.022517 [0.000321/7.523685] [21996/0.020905]
  8   6 200, 0.022990 [0.000179/7.523432] [22046/0.020905]
  8   6 250, 0.023523 [0.000374/7.523194] [22096/0.020905]
  8   6 300, 0.022543 [0.000396/7.522938] [22146/0.020905]
  8   6 350, 0.022871 [0.000620/7.522688] [22196/0.020905]
Epoch 6 done. Evaluation:
(50000, 50000)
(9156, 10000)
  8   7  50, 0.022601 [0.001234/7.522228] [22287/0.020905]
  8   7 100, 0.022703 [0.000297/7.521968] [22337/0.020905]
  8   7 150, 0.022534 [0.000309/7.521714] [22387/0.020905]
  8   7 200, 0.022926 [0.000214/7.521465] [22437/0.020905]
  8   7 250, 0.022964 [0.000301/7.521217] [22487/0.020905]
  8   7 300, 0.023634 [0.000308/7.520978] [22537/0.020905]
  8   7 350, 0.023264 [0.000326/7.520740] [22587/0.020905]
Epoch 7 done. Evaluation:
(50000, 50000)
(9168, 10000)
  8   8  50, 0.023154 [0.000313/7.520301] [22678/0.020905]
  8   8 100, 0.023320 [0.000304/7.520058] [22728/0.020905]
  8   8 150, 0.023692 [0.000250/7.519832] [22778/0.020905]
  8   8 200, 0.023660 [0.000155/7.519599] [22828/0.020905]
  8   8 250, 0.022936 [0.000198/7.519349] [22878/0.020905]
  8   8 300, 0.023352 [0.000158/7.519119] [22928/0.020905]
  8   8 350, 0.022901 [0.000292/7.518870] [22978/0.020905]
Epoch 8 done. Evaluation:
(50000, 50000)
(9170, 10000)
  8   9  50, 0.022965 [0.000243/7.518439] [23069/0.020905]
  8   9 100, 0.022618 [0.000336/7.518182] [23119/0.020905]
  8   9 150, 0.023409 [0.000236/7.517949] [23169/0.020905]
  8   9 200, 0.022347 [0.000216/7.517685] [23219/0.020905]
  8   9 250, 0.022889 [0.000290/7.517433] [23269/0.020905]
  8   9 300, 0.023054 [0.000793/7.517189] [23319/0.020905]
  8   9 350, 0.022503 [0.000265/7.516938] [23369/0.020905]
Epoch 9 done. Evaluation:
(50000, 50000)
(9171, 10000)
  8  10  50, 0.022023 [0.000229/7.516487] [23460/0.020905]
  8  10 100, 0.022989 [0.000186/7.516248] [23510/0.020905]
  8  10 150, 0.022607 [0.000406/7.515988] [23560/0.020905]
  8  10 200, 0.023773 [0.000193/7.515762] [23610/0.020905]
  8  10 250, 0.023302 [0.000346/7.515527] [23660/0.020905]
  8  10 300, 0.022486 [0.000279/7.515275] [23710/0.020905]
  8  10 350, 0.023123 [0.000188/7.515036] [23760/0.020905]
Epoch 10 done. Evaluation:
(50000, 50000)
(9173, 10000)
  8  11  50, 0.022903 [0.000389/7.514610] [23851/0.020905]
  8  11 100, 0.022947 [0.000217/7.514363] [23901/0.020905]
  8  11 150, 0.022126 [0.000347/7.514100] [23951/0.020905]
  8  11 200, 0.023382 [0.000218/7.513866] [24001/0.020905]
  8  11 250, 0.022810 [0.000251/7.513619] [24051/0.020905]
  8  11 300, 0.022956 [0.000304/7.513376] [24101/0.020905]
  8  11 350, 0.022123 [0.000252/7.513106] [24151/0.020905]
Epoch 11 done. Evaluation:
(50000, 50000)
(9161, 10000)
  8  12  50, 0.022701 [0.000312/7.512650] [24242/0.020905]
  8  12 100, 0.023684 [0.000175/7.512424] [24292/0.020905]
  8  12 150, 0.022895 [0.000432/7.512181] [24342/0.020905]
  8  12 200, 0.022419 [0.000371/7.511930] [24392/0.020905]
  8  12 250, 0.023487 [0.000223/7.511701] [24442/0.020905]
  8  12 300, 0.022676 [0.000287/7.511448] [24492/0.020905]
  8  12 350, 0.023749 [0.000889/7.511219] [24542/0.020905]
Epoch 12 done. Evaluation:
(50000, 50000)
(9172, 10000)
  8  13  50, 0.022704 [0.000226/7.510772] [24633/0.020905]
  8  13 100, 0.022726 [0.000412/7.510522] [24683/0.020905]
  8  13 150, 0.022346 [0.000186/7.510264] [24733/0.020905]
  8  13 200, 0.022974 [0.000281/7.510023] [24783/0.020905]
  8  13 250, 0.022820 [0.000328/7.509775] [24833/0.020905]
  8  13 300, 0.023030 [0.000374/7.509538] [24883/0.020905]
  8  13 350, 0.023835 [0.000739/7.509317] [24933/0.020905]
Epoch 13 done. Evaluation:
(50000, 50000)
(9165, 10000)
  8  14  50, 0.022884 [0.000194/7.508884] [25024/0.020905]
  8  14 100, 0.023008 [0.000163/7.508648] [25074/0.020905]
  8  14 150, 0.022641 [0.000368/7.508394] [25124/0.020905]
  8  14 200, 0.023566 [0.000202/7.508167] [25174/0.020905]
  8  14 250, 0.022129 [0.000236/7.507912] [25224/0.020905]
  8  14 300, 0.022384 [0.000179/7.507657] [25274/0.020905]
  8  14 350, 0.022741 [0.000156/7.507410] [25324/0.020905]
Epoch 14 done. Evaluation:
(50000, 50000)
(9160, 10000)
  8  15  50, 0.023457 [0.000205/7.506983] [25415/0.020905]
  8  15 100, 0.023279 [0.000223/7.506757] [25465/0.020905]
  8  15 150, 0.022748 [0.000172/7.506510] [25515/0.020905]
  8  15 200, 0.022477 [0.000307/7.506261] [25565/0.020905]
  8  15 250, 0.022724 [0.000237/7.506016] [25615/0.020905]
  8  15 300, 0.023112 [0.000215/7.505780] [25665/0.020905]
  8  15 350, 0.022859 [0.000251/7.505540] [25715/0.020905]
Epoch 15 done. Evaluation:
(50000, 50000)
(9174, 10000)
  8  16  50, 0.022411 [0.000264/7.505093] [25806/0.020905]
  8  16 100, 0.022743 [0.000220/7.504851] [25856/0.020905]
  8  16 150, 0.023044 [0.000276/7.504617] [25906/0.020905]
  8  16 200, 0.022506 [0.000227/7.504364] [25956/0.020905]
  8  16 250, 0.022787 [0.000213/7.504122] [26006/0.020905]
  8  16 300, 0.022850 [0.000272/7.503882] [26056/0.020905]
  8  16 350, 0.023481 [0.000363/7.503655] [26106/0.020905]
Epoch 16 done. Evaluation:
(50000, 50000)
(9166, 10000)
  8  17  50, 0.023355 [0.000289/7.503226] [26197/0.020905]
  8  17 100, 0.022768 [0.000224/7.502983] [26247/0.020905]
  8  17 150, 0.021990 [0.000361/7.502721] [26297/0.020905]
  8  17 200, 0.023168 [0.000246/7.502484] [26347/0.020905]
  8  17 250, 0.022894 [0.000577/7.502251] [26397/0.020905]
  8  17 300, 0.023399 [0.000264/7.502028] [26447/0.020905]
  8  17 350, 0.022912 [0.000415/7.501789] [26497/0.020905]
Epoch 17 done. Evaluation:
(50000, 50000)
(9170, 10000)
  8  18  50, 0.022866 [0.000180/7.501369] [26588/0.020905]
  8  18 100, 0.022553 [0.000214/7.501126] [26638/0.020905]
  8  18 150, 0.023069 [0.000241/7.500890] [26688/0.020905]
  8  18 200, 0.022542 [0.000227/7.500645] [26738/0.020905]
  8  18 250, 0.023705 [0.000190/7.500423] [26788/0.020905]
  8  18 300, 0.023588 [0.000322/7.500198] [26838/0.020905]
  8  18 350, 0.022855 [0.000185/7.499962] [26888/0.020905]
Epoch 18 done. Evaluation:
(49999, 50000)
(9169, 10000)
  8  19  50, 0.022424 [0.000246/7.499521] [26979/0.020905]
  8  19 100, 0.022515 [0.000308/7.499279] [27029/0.020905]
  8  19 150, 0.023664 [0.000254/7.499066] [27079/0.020905]
  8  19 200, 0.022814 [0.000205/7.498830] [27129/0.020905]
  8  19 250, 0.023101 [0.000326/7.498602] [27179/0.020905]
  8  19 300, 0.022912 [0.000561/7.498369] [27229/0.020905]
  8  19 350, 0.022825 [0.000239/7.498136] [27279/0.020905]
Epoch 19 done. Evaluation:
(50000, 50000)
(9163, 10000)
  9   0  50, 0.022829 [0.000164/7.497839] [27370/0.020905]
  9   0 100, 0.023178 [0.000184/7.497722] [27420/0.020905]
  9   0 150, 0.023303 [0.000141/7.497608] [27470/0.020905]
  9   0 200, 0.022894 [0.000197/7.497489] [27520/0.020905]
  9   0 250, 0.022913 [0.000113/7.497370] [27570/0.020905]
  9   0 300, 0.022330 [0.000120/7.497247] [27620/0.020905]
  9   0 350, 0.022138 [0.000201/7.497124] [27670/0.020905]
Epoch 0 done. Evaluation:
(50000, 50000)
(9174, 10000)
  9   1  50, 0.022816 [0.000139/7.496909] [27761/0.020905]
  9   1 100, 0.022714 [0.000148/7.496789] [27811/0.020905]
  9   1 150, 0.022406 [0.000159/7.496668] [27861/0.020905]
  9   1 200, 0.023115 [0.000153/7.496553] [27911/0.020905]
  9   1 250, 0.023082 [0.000127/7.496437] [27961/0.020905]
  9   1 300, 0.023072 [0.000118/7.496319] [28011/0.020905]
  9   1 350, 0.023208 [0.000179/7.496204] [28061/0.020905]
Epoch 1 done. Evaluation:
(50000, 50000)
(9162, 10000)
  9   2  50, 0.022251 [0.000124/7.495975] [28152/0.020905]
  9   2 100, 0.022384 [0.000132/7.495851] [28202/0.020905]
  9   2 150, 0.023160 [0.000160/7.495737] [28252/0.020905]
  9   2 200, 0.023191 [0.000150/7.495624] [28302/0.020905]
  9   2 250, 0.022751 [0.000145/7.495504] [28352/0.020905]
  9   2 300, 0.022647 [0.000139/7.495386] [28402/0.020905]
  9   2 350, 0.022925 [0.000155/7.495270] [28452/0.020905]
Epoch 2 done. Evaluation:
(50000, 50000)
(9176, 10000)
  9   3  50, 0.022608 [0.000149/7.495054] [28543/0.020905]
  9   3 100, 0.022590 [0.000159/7.494932] [28593/0.020905]
  9   3 150, 0.022740 [0.000154/7.494814] [28643/0.020905]
  9   3 200, 0.023642 [0.000140/7.494704] [28693/0.020905]
  9   3 250, 0.022443 [0.000125/7.494580] [28743/0.020905]
  9   3 300, 0.023390 [0.000250/7.494467] [28793/0.020905]
  9   3 350, 0.023023 [0.000150/7.494348] [28843/0.020905]
Epoch 3 done. Evaluation:
(50000, 50000)
(9161, 10000)
  9   4  50, 0.023044 [0.000172/7.494139] [28934/0.020905]
  9   4 100, 0.022286 [0.000134/7.494013] [28984/0.020905]
  9   4 150, 0.022741 [0.000159/7.493896] [29034/0.020905]
  9   4 200, 0.022570 [0.000142/7.493774] [29084/0.020905]
  9   4 250, 0.022979 [0.000219/7.493656] [29134/0.020905]
  9   4 300, 0.024009 [0.000245/7.493552] [29184/0.020905]
  9   4 350, 0.022858 [0.000208/7.493435] [29234/0.020905]
Epoch 4 done. Evaluation:
(50000, 50000)
(9182, 10000)
  9   5  50, 0.023014 [0.000208/7.493224] [29325/0.020905]
  9   5 100, 0.022290 [0.000144/7.493099] [29375/0.020905]
  9   5 150, 0.023460 [0.000335/7.492988] [29425/0.020905]
  9   5 200, 0.022748 [0.000209/7.492872] [29475/0.020905]
  9   5 250, 0.022378 [0.000228/7.492754] [29525/0.020905]
  9   5 300, 0.023173 [0.000153/7.492638] [29575/0.020905]
  9   5 350, 0.023585 [0.000205/7.492529] [29625/0.020905]
Epoch 5 done. Evaluation:
(50000, 50000)
(9171, 10000)
  9   6  50, 0.023112 [0.000155/7.492325] [29716/0.020905]
  9   6 100, 0.022744 [0.000162/7.492204] [29766/0.020905]
  9   6 150, 0.022406 [0.000148/7.492081] [29816/0.020905]
  9   6 200, 0.022598 [0.000140/7.491964] [29866/0.020905]
  9   6 250, 0.022816 [0.000130/7.491846] [29916/0.020905]
  9   6 300, 0.023033 [0.000109/7.491731] [29966/0.020905]
  9   6 350, 0.023022 [0.000135/7.491617] [30016/0.020905]
Epoch 6 done. Evaluation:
(50000, 50000)
(9160, 10000)
  9   7  50, 0.023106 [0.000156/7.491407] [30107/0.020905]
  9   7 100, 0.022412 [0.000131/7.491284] [30157/0.020905]
  9   7 150, 0.022830 [0.000117/7.491165] [30207/0.020905]
  9   7 200, 0.023008 [0.000138/7.491050] [30257/0.020905]
  9   7 250, 0.022786 [0.000152/7.490930] [30307/0.020905]
  9   7 300, 0.022301 [0.000138/7.490809] [30357/0.020905]
  9   7 350, 0.023158 [0.000197/7.490695] [30407/0.020905]
Epoch 7 done. Evaluation:
(50000, 50000)
(9170, 10000)
  9   8  50, 0.023311 [0.000165/7.490485] [30498/0.020905]
  9   8 100, 0.023209 [0.000135/7.490374] [30548/0.020905]
  9   8 150, 0.023580 [0.000169/7.490266] [30598/0.020905]
  9   8 200, 0.023635 [0.000153/7.490161] [30648/0.020905]
  9   8 250, 0.022730 [0.000241/7.490044] [30698/0.020905]
  9   8 300, 0.022550 [0.000256/7.489922] [30748/0.020905]
  9   8 350, 0.022363 [0.000141/7.489801] [30798/0.020905]
Epoch 8 done. Evaluation:
(50000, 50000)
(9171, 10000)
  9   9  50, 0.022268 [0.000115/7.489591] [30889/0.020905]
  9   9 100, 0.023682 [0.000157/7.489487] [30939/0.020905]
  9   9 150, 0.023604 [0.000134/7.489382] [30989/0.020905]
  9   9 200, 0.023137 [0.000168/7.489269] [31039/0.020905]
  9   9 250, 0.023474 [0.000131/7.489158] [31089/0.020905]
  9   9 300, 0.022887 [0.000163/7.489043] [31139/0.020905]
  9   9 350, 0.022282 [0.000133/7.488920] [31189/0.020905]
Epoch 9 done. Evaluation:
(50000, 50000)
(9169, 10000)
  9  10  50, 0.022840 [0.000178/7.488702] [31280/0.020905]
  9  10 100, 0.022535 [0.000185/7.488583] [31330/0.020905]
  9  10 150, 0.023430 [0.000138/7.488473] [31380/0.020905]
  9  10 200, 0.023466 [0.000120/7.488363] [31430/0.020905]
  9  10 250, 0.022370 [0.000181/7.488243] [31480/0.020905]
  9  10 300, 0.023251 [0.000211/7.488131] [31530/0.020905]
  9  10 350, 0.022744 [0.000223/7.488013] [31580/0.020905]
Epoch 10 done. Evaluation:
(50000, 50000)
(9173, 10000)
  9  11  50, 0.022089 [0.000240/7.487784] [31671/0.020905]
  9  11 100, 0.022852 [0.000138/7.487670] [31721/0.020905]
  9  11 150, 0.023387 [0.000158/7.487559] [31771/0.020905]
  9  11 200, 0.022549 [0.000494/7.487437] [31821/0.020905]
  9  11 250, 0.023682 [0.000139/7.487332] [31871/0.020905]
  9  11 300, 0.022829 [0.000158/7.487218] [31921/0.020905]
  9  11 350, 0.023084 [0.000144/7.487106] [31971/0.020905]
Epoch 11 done. Evaluation:
(50000, 50000)
(9167, 10000)
  9  12  50, 0.023542 [0.000120/7.486902] [32062/0.020905]
  9  12 100, 0.022743 [0.000140/7.486787] [32112/0.020905]
  9  12 150, 0.023146 [0.000134/7.486678] [32162/0.020905]
  9  12 200, 0.022878 [0.000125/7.486564] [32212/0.020905]
  9  12 250, 0.022637 [0.000183/7.486444] [32262/0.020905]
  9  12 300, 0.022425 [0.000143/7.486324] [32312/0.020905]
  9  12 350, 0.023182 [0.000161/7.486211] [32362/0.020905]
Epoch 12 done. Evaluation:
(50000, 50000)
(9173, 10000)
  9  13  50, 0.022936 [0.000267/7.486011] [32453/0.020905]
  9  13 100, 0.023083 [0.000141/7.485896] [32503/0.020905]
  9  13 150, 0.022969 [0.000210/7.485785] [32553/0.020905]
  9  13 200, 0.023391 [0.000291/7.485675] [32603/0.020905]
  9  13 250, 0.022642 [0.000133/7.485558] [32653/0.020905]
  9  13 300, 0.022248 [0.000153/7.485435] [32703/0.020905]
  9  13 350, 0.023512 [0.000166/7.485328] [32753/0.020905]
Epoch 13 done. Evaluation:
(50000, 50000)
(9168, 10000)
  9  14  50, 0.022486 [0.000198/7.485114] [32844/0.020905]
  9  14 100, 0.024061 [0.000225/7.485013] [32894/0.020905]
  9  14 150, 0.022340 [0.000151/7.484890] [32944/0.020905]
  9  14 200, 0.023858 [0.000162/7.484787] [32994/0.020905]
  9  14 250, 0.023329 [0.000177/7.484680] [33044/0.020905]
  9  14 300, 0.022843 [0.000141/7.484562] [33094/0.020905]
  9  14 350, 0.023890 [0.000219/7.484463] [33144/0.020905]
Epoch 14 done. Evaluation:
(50000, 50000)
(9162, 10000)
  9  15  50, 0.023236 [0.000161/7.484273] [33235/0.020905]
  9  15 100, 0.022364 [0.000200/7.484152] [33285/0.020905]
  9  15 150, 0.023859 [0.000187/7.484048] [33335/0.020905]
  9  15 200, 0.022997 [0.000147/7.483936] [33385/0.020905]
  9  15 250, 0.023341 [0.000173/7.483824] [33435/0.020905]
  9  15 300, 0.023372 [0.000181/7.483717] [33485/0.020905]
  9  15 350, 0.024119 [0.000137/7.483618] [33535/0.020905]
Epoch 15 done. Evaluation:
(50000, 50000)
(9176, 10000)
  9  16  50, 0.022818 [0.000130/7.483402] [33626/0.020905]
  9  16 100, 0.023166 [0.000151/7.483291] [33676/0.020905]
  9  16 150, 0.022612 [0.000127/7.483174] [33726/0.020905]
  9  16 200, 0.022976 [0.000177/7.483061] [33776/0.020905]
  9  16 250, 0.023370 [0.000179/7.482951] [33826/0.020905]
  9  16 300, 0.023659 [0.000128/7.482848] [33876/0.020905]
  9  16 350, 0.021911 [0.000149/7.482721] [33926/0.020905]
Epoch 16 done. Evaluation:
(50000, 50000)
(9169, 10000)
  9  17  50, 0.023346 [0.000229/7.482519] [34017/0.020905]
  9  17 100, 0.023761 [0.000245/7.482417] [34067/0.020905]
  9  17 150, 0.023113 [0.000134/7.482306] [34117/0.020905]
  9  17 200, 0.023196 [0.000145/7.482196] [34167/0.020905]
  9  17 250, 0.023486 [0.000124/7.482084] [34217/0.020905]
  9  17 300, 0.022505 [0.000132/7.481967] [34267/0.020905]
  9  17 350, 0.023473 [0.000182/7.481859] [34317/0.020905]
Epoch 17 done. Evaluation:
(50000, 50000)
(9177, 10000)
  9  18  50, 0.022943 [0.000323/7.481654] [34408/0.020905]
  9  18 100, 0.023550 [0.000121/7.481551] [34458/0.020905]
  9  18 150, 0.023409 [0.000154/7.481446] [34508/0.020905]
  9  18 200, 0.022261 [0.000143/7.481324] [34558/0.020905]
  9  18 250, 0.021930 [0.000136/7.481200] [34608/0.020905]
  9  18 300, 0.022712 [0.000134/7.481081] [34658/0.020905]
  9  18 350, 0.022568 [0.000149/7.480963] [34708/0.020905]
Epoch 18 done. Evaluation:
(50000, 50000)
(9165, 10000)
  9  19  50, 0.022432 [0.000135/7.480750] [34799/0.020905]
  9  19 100, 0.022751 [0.000143/7.480634] [34849/0.020905]
  9  19 150, 0.022832 [0.000137/7.480521] [34899/0.020905]
  9  19 200, 0.022712 [0.000186/7.480405] [34949/0.020905]
  9  19 250, 0.022601 [0.000200/7.480287] [34999/0.020905]
  9  19 300, 0.023631 [0.000334/7.480185] [35049/0.020905]
  9  19 350, 0.022649 [0.000169/7.480070] [35099/0.020905]
Epoch 19 done. Evaluation:
(50000, 50000)
(9170, 10000)
