Sequential (
  (conv1_1): Sequential (
    (0): Conv2d(3, 32, kernel_size=(3, 3), stride=(1, 1), padding=(1, 1))
    (1): BatchNorm2d(32, eps=1e-05, momentum=0.1, affine=True)
    (2): ReLU (inplace)
  )
  (conv1_2): Sequential (
    (0): Conv2d(32, 32, kernel_size=(3, 3), stride=(1, 1), padding=(1, 1))
    (1): BatchNorm2d(32, eps=1e-05, momentum=0.1, affine=True)
    (2): ReLU (inplace)
  )
  (pool1): MaxPool2d (size=(2, 2), stride=(2, 2), dilation=(1, 1))
  (conv2_1): Sequential (
    (0): Conv2d(32, 64, kernel_size=(3, 3), stride=(1, 1), padding=(1, 1))
    (1): BatchNorm2d(64, eps=1e-05, momentum=0.1, affine=True)
    (2): ReLU (inplace)
  )
  (conv2_2): Sequential (
    (0): Conv2d(64, 64, kernel_size=(3, 3), stride=(1, 1), padding=(1, 1))
    (1): BatchNorm2d(64, eps=1e-05, momentum=0.1, affine=True)
    (2): ReLU (inplace)
  )
  (pool2): MaxPool2d (size=(2, 2), stride=(2, 2), dilation=(1, 1))
  (conv3_1): Sequential (
    (0): Conv2d(64, 128, kernel_size=(3, 3), stride=(1, 1), padding=(1, 1))
    (1): BatchNorm2d(128, eps=1e-05, momentum=0.1, affine=True)
    (2): ReLU (inplace)
  )
  (conv3_2): Sequential (
    (0): Conv2d(128, 128, kernel_size=(3, 3), stride=(1, 1), padding=(1, 1))
    (1): BatchNorm2d(128, eps=1e-05, momentum=0.1, affine=True)
    (2): ReLU (inplace)
  )
  (pool3): MaxPool2d (size=(2, 2), stride=(2, 2), dilation=(1, 1))
  (conv4_1): Sequential (
    (0): Conv2d(128, 256, kernel_size=(3, 3), stride=(1, 1), padding=(1, 1))
    (1): BatchNorm2d(256, eps=1e-05, momentum=0.1, affine=True)
    (2): ReLU (inplace)
  )
  (conv4_2): Sequential (
    (0): Conv2d(256, 256, kernel_size=(3, 3), stride=(1, 1), padding=(1, 1))
    (1): BatchNorm2d(256, eps=1e-05, momentum=0.1, affine=True)
    (2): ReLU (inplace)
  )
  (pool4): MaxPool2d (size=(2, 2), stride=(2, 2), dilation=(1, 1))
  (conv5_1): Sequential (
    (0): Conv2d(256, 256, kernel_size=(3, 3), stride=(1, 1), padding=(1, 1))
    (1): BatchNorm2d(256, eps=1e-05, momentum=0.1, affine=True)
    (2): ReLU (inplace)
  )
  (conv5_2): Sequential (
    (0): Conv2d(256, 256, kernel_size=(3, 3), stride=(1, 1), padding=(1, 1))
    (1): BatchNorm2d(256, eps=1e-05, momentum=0.1, affine=True)
    (2): ReLU (inplace)
  )
  (pool5): MaxPool2d (size=(2, 2), stride=(2, 2), dilation=(1, 1))
  (fc6): Sequential (
    (0): Conv2d(256, 256, kernel_size=(1, 1), stride=(1, 1))
    (1): BatchNorm2d(256, eps=1e-05, momentum=0.1, affine=True)
    (2): ReLU (inplace)
  )
  (logit): Conv2d(256, 10, kernel_size=(1, 1), stride=(1, 1))
  (flatter): Flatten()
)
{'L1_decay': 5e-06,
 'batch_size': 128,
 'force_name': True,
 'graphfolder': 'logs/gxp3_graphs/',
 'last2_mult': 100.0,
 'learning_rate': 0.1,
 'logfile': 'logs/gxp3.log',
 'mode': '',
 'name': 'gxp3',
 'num_base': 32,
 'optimizer': 'SGD_var_dup2_last2_mult',
 'weight_decay': 0.00016}
0.00212110243645
0.0233787476231
0.0115366646684
0.0228151813266
0.0114880334196
0.0231479531745
0.0115154132325
0.0230605165098
0.0115396333566
0.0114891228235
0.0644219879634
0.0637052667852
Decayed training with schedule: [20, 20, 20, 20, 20, 20, 20, 20, 20, 20]
  0   0  50, 1.780284 [0.363167/65.030419] [   0/1.780284]
  0   0 100, 1.433837 [0.264041/59.337453] [   0/1.433837]
  0   0 150, 1.355012 [0.235014/54.629055] [   0/1.355012]
  0   0 200, 1.301040 [0.248969/50.609541] [   0/1.301040]
  0   0 250, 1.272439 [0.246640/47.097612] [   0/1.272439]
  0   0 300, 1.294093 [0.214115/43.969839] [  50/1.272439]
  0   0 350, 1.258928 [0.231982/41.157536] [   0/1.258928]
Epoch 0 done. Evaluation:
(27424, 50000)
(5026, 10000)
  0   1  50, 1.178373 [0.266970/36.687553] [   0/1.178373]
  0   1 100, 1.174340 [0.285528/34.528260] [   0/1.174340]
  0   1 150, 1.175406 [0.277794/32.540613] [  50/1.174340]
  0   1 200, 1.137772 [0.398792/30.719001] [   0/1.137772]
  0   1 250, 1.143456 [0.275476/29.032816] [  50/1.137772]
  0   1 300, 1.115892 [0.279366/27.483516] [   0/1.115892]
  0   1 350, 1.089666 [0.318194/26.052036] [   0/1.089666]
Epoch 1 done. Evaluation:
(33488, 50000)
(5863, 10000)
  0   2  50, 1.027488 [0.294878/23.734153] [   0/1.027488]
  0   2 100, 1.032047 [0.348147/22.595281] [  50/1.027488]
  0   2 150, 1.034299 [0.313648/21.536586] [ 100/1.027488]
  0   2 200, 0.999521 [0.330016/20.558423] [   0/0.999521]
  0   2 250, 0.999062 [0.338285/19.657521] [   0/0.999062]
  0   2 300, 1.013958 [0.298305/18.821461] [  50/0.999062]
  0   2 350, 1.007307 [0.341035/18.055596] [ 100/0.999062]
Epoch 2 done. Evaluation:
(36147, 50000)
(5003, 10000)
  0   3  50, 0.965245 [0.301484/16.817974] [   0/0.965245]
  0   3 100, 0.951313 [0.368449/16.203556] [   0/0.951313]
  0   3 150, 0.953699 [0.318849/15.646071] [  50/0.951313]
  0   3 200, 0.985288 [0.323471/15.134398] [ 100/0.951313]
  0   3 250, 0.933273 [0.374428/14.665243] [   0/0.933273]
  0   3 300, 0.958568 [0.407045/14.218264] [  50/0.933273]
  0   3 350, 0.953483 [0.356299/13.809298] [ 100/0.933273]
Epoch 3 done. Evaluation:
(37409, 50000)
(6517, 10000)
  0   4  50, 0.905423 [0.332127/13.169420] [   0/0.905423]
  0   4 100, 0.923473 [0.373968/12.862175] [  50/0.905423]
  0   4 150, 0.927035 [0.346462/12.565980] [ 100/0.905423]
  0   4 200, 0.920417 [0.364026/12.307160] [ 150/0.905423]
  0   4 250, 0.918823 [0.364426/12.051594] [ 200/0.905423]
  0   4 300, 0.911811 [0.375535/11.816839] [ 250/0.905423]
  0   4 350, 0.934113 [0.321633/11.610478] [ 300/0.905423]
Epoch 4 done. Evaluation:
(38067, 50000)
(4530, 10000)
  0   5  50, 0.910079 [0.279339/11.302331] [ 391/0.905423]
  0   5 100, 0.895213 [0.429787/11.164925] [   0/0.895213]
  0   5 150, 0.893564 [0.316007/11.040252] [   0/0.893564]
  0   5 200, 0.894800 [0.421272/10.919417] [  50/0.893564]
  0   5 250, 0.904038 [0.305132/10.794129] [ 100/0.893564]
  0   5 300, 0.899587 [0.369341/10.678745] [ 150/0.893564]
  0   5 350, 0.931950 [0.323309/10.557736] [ 200/0.893564]
Epoch 5 done. Evaluation:
(38502, 50000)
(3066, 10000)
  0   6  50, 0.864144 [0.406758/10.412625] [   0/0.864144]
  0   6 100, 0.890286 [0.285809/10.358591] [  50/0.864144]
  0   6 150, 0.865729 [0.340730/10.300764] [ 100/0.864144]
  0   6 200, 0.886907 [0.435115/10.241761] [ 150/0.864144]
  0   6 250, 0.885298 [0.382995/10.184135] [ 200/0.864144]
  0   6 300, 0.896038 [0.309605/10.117955] [ 250/0.864144]
  0   6 350, 0.904463 [0.394426/10.047884] [ 300/0.864144]
Epoch 6 done. Evaluation:
(38746, 50000)
(5536, 10000)
  0   7  50, 0.842416 [0.344405/9.973446] [   0/0.842416]
  0   7 100, 0.876432 [0.381192/9.959550] [  50/0.842416]
  0   7 150, 0.877520 [0.336714/9.911467] [ 100/0.842416]
  0   7 200, 0.871809 [0.465671/9.882044] [ 150/0.842416]
  0   7 250, 0.862107 [0.321301/9.847626] [ 200/0.842416]
  0   7 300, 0.858172 [0.406617/9.820107] [ 250/0.842416]
  0   7 350, 0.872624 [0.356866/9.754543] [ 300/0.842416]
Epoch 7 done. Evaluation:
(39181, 50000)
(4513, 10000)
  0   8  50, 0.849629 [0.379936/9.725032] [ 391/0.842416]
  0   8 100, 0.842818 [0.336978/9.703091] [ 441/0.842416]
  0   8 150, 0.843072 [0.375553/9.671888] [ 491/0.842416]
  0   8 200, 0.877148 [0.422340/9.650152] [ 541/0.842416]
  0   8 250, 0.854476 [0.390861/9.620599] [ 591/0.842416]
  0   8 300, 0.864242 [0.372280/9.593440] [ 641/0.842416]
  0   8 350, 0.864304 [0.380966/9.577146] [ 691/0.842416]
Epoch 8 done. Evaluation:
(39305, 50000)
(6232, 10000)
  0   9  50, 0.838728 [0.393820/9.548563] [   0/0.838728]
  0   9 100, 0.834732 [0.358583/9.527160] [   0/0.834732]
  0   9 150, 0.855098 [0.344744/9.502223] [  50/0.834732]
  0   9 200, 0.845565 [0.317277/9.491539] [ 100/0.834732]
  0   9 250, 0.837241 [0.469977/9.469968] [ 150/0.834732]
  0   9 300, 0.861152 [0.365131/9.446226] [ 200/0.834732]
  0   9 350, 0.869509 [0.378597/9.436765] [ 250/0.834732]
Epoch 9 done. Evaluation:
(39365, 50000)
(4592, 10000)
  0  10  50, 0.815418 [0.417344/9.401061] [   0/0.815418]
  0  10 100, 0.837159 [0.376937/9.408479] [  50/0.815418]
  0  10 150, 0.827185 [0.485750/9.391183] [ 100/0.815418]
  0  10 200, 0.844365 [0.333522/9.382889] [ 150/0.815418]
  0  10 250, 0.859544 [0.375222/9.367996] [ 200/0.815418]
  0  10 300, 0.839522 [0.334924/9.357655] [ 250/0.815418]
  0  10 350, 0.876335 [0.284162/9.329338] [ 300/0.815418]
Epoch 10 done. Evaluation:
(39538, 50000)
(6452, 10000)
  0  11  50, 0.830427 [0.397148/9.310281] [ 391/0.815418]
  0  11 100, 0.842075 [0.375641/9.319273] [ 441/0.815418]
  0  11 150, 0.823001 [0.403490/9.308034] [ 491/0.815418]
  0  11 200, 0.859071 [0.362549/9.290935] [ 541/0.815418]
  0  11 250, 0.841195 [0.669804/9.281961] [ 591/0.815418]
  0  11 300, 0.855310 [0.286286/9.271754] [ 641/0.815418]
  0  11 350, 0.844225 [0.388869/9.252756] [ 691/0.815418]
Epoch 11 done. Evaluation:
(39645, 50000)
(4830, 10000)
  0  12  50, 0.823178 [0.466984/9.249370] [ 782/0.815418]
  0  12 100, 0.833508 [0.434854/9.240242] [ 832/0.815418]
  0  12 150, 0.808730 [0.422549/9.214175] [   0/0.808730]
  0  12 200, 0.844480 [0.327000/9.207025] [  50/0.808730]
  0  12 250, 0.838686 [0.336243/9.185954] [ 100/0.808730]
  0  12 300, 0.861873 [0.410834/9.171860] [ 150/0.808730]
  0  12 350, 0.834069 [0.403645/9.168109] [ 200/0.808730]
Epoch 12 done. Evaluation:
(39784, 50000)
(5786, 10000)
  0  13  50, 0.811075 [0.355218/9.153116] [ 291/0.808730]
  0  13 100, 0.802915 [0.469397/9.148829] [   0/0.802915]
  0  13 150, 0.843936 [0.392083/9.150818] [  50/0.802915]
  0  13 200, 0.840262 [0.399554/9.156601] [ 100/0.802915]
  0  13 250, 0.825288 [0.391946/9.155256] [ 150/0.802915]
  0  13 300, 0.846872 [0.330847/9.129433] [ 200/0.802915]
  0  13 350, 0.833144 [0.311644/9.119800] [ 250/0.802915]
Epoch 13 done. Evaluation:
(39776, 50000)
(6483, 10000)
  0  14  50, 0.800231 [0.393686/9.114069] [   0/0.800231]
  0  14 100, 0.794889 [0.351448/9.088981] [   0/0.794889]
  0  14 150, 0.846386 [0.369423/9.082279] [  50/0.794889]
  0  14 200, 0.846912 [0.269601/9.070101] [ 100/0.794889]
  0  14 250, 0.846136 [0.341146/9.078266] [ 150/0.794889]
  0  14 300, 0.813221 [0.322632/9.080153] [ 200/0.794889]
  0  14 350, 0.815582 [0.407001/9.071778] [ 250/0.794889]
Epoch 14 done. Evaluation:
(39825, 50000)
(5158, 10000)
  0  15  50, 0.809771 [0.466731/9.066540] [ 341/0.794889]
  0  15 100, 0.826400 [0.431524/9.069946] [ 391/0.794889]
  0  15 150, 0.809013 [0.473208/9.057048] [ 441/0.794889]
  0  15 200, 0.809365 [0.353292/9.044090] [ 491/0.794889]
  0  15 250, 0.839154 [0.452290/9.036609] [ 541/0.794889]
  0  15 300, 0.823932 [0.386863/9.024524] [ 591/0.794889]
  0  15 350, 0.826133 [0.374313/9.015324] [ 641/0.794889]
Epoch 15 done. Evaluation:
(39921, 50000)
(4375, 10000)
  0  16  50, 0.813637 [0.325613/9.015471] [ 732/0.794889]
  0  16 100, 0.800320 [0.385718/9.014852] [ 782/0.794889]
  0  16 150, 0.814086 [0.394111/9.011700] [ 832/0.794889]
  0  16 200, 0.823617 [0.366119/9.016990] [ 882/0.794889]
  0  16 250, 0.822509 [0.338307/9.003177] [ 932/0.794889]
  0  16 300, 0.832286 [0.353959/8.999550] [ 982/0.794889]
  0  16 350, 0.824823 [0.493553/8.991712] [1032/0.794889]
Epoch 16 done. Evaluation:
(39883, 50000)
(5968, 10000)
  0  17  50, 0.812423 [0.423097/8.992653] [1123/0.794889]
  0  17 100, 0.807877 [0.332264/9.004784] [1173/0.794889]
  0  17 150, 0.819181 [0.413098/9.000164] [1223/0.794889]
  0  17 200, 0.830079 [0.433761/8.994286] [1273/0.794889]
  0  17 250, 0.819330 [0.395690/8.983322] [1323/0.794889]
  0  17 300, 0.827366 [0.435973/8.969857] [1373/0.794889]
  0  17 350, 0.849203 [0.400989/8.970905] [1423/0.794889]
Epoch 17 done. Evaluation:
(40013, 50000)
(3356, 10000)
  0  18  50, 0.822403 [0.447169/8.987940] [1514/0.794889]
  0  18 100, 0.816349 [0.362977/8.965735] [1564/0.794889]
  0  18 150, 0.811124 [0.326184/8.972510] [1614/0.794889]
  0  18 200, 0.826506 [0.394728/8.984460] [1664/0.794889]
  0  18 250, 0.834552 [0.370993/8.980155] [1714/0.794889]
  0  18 300, 0.821264 [0.476453/8.975760] [1764/0.794889]
  0  18 350, 0.821503 [0.356427/8.948405] [1814/0.794889]
Epoch 18 done. Evaluation:
(39831, 50000)
(4745, 10000)
  0  19  50, 0.785211 [0.395089/8.929718] [   0/0.785211]
  0  19 100, 0.815337 [0.381455/8.946237] [  50/0.785211]
  0  19 150, 0.830767 [0.484186/8.946413] [ 100/0.785211]
  0  19 200, 0.824334 [0.364575/8.939722] [ 150/0.785211]
  0  19 250, 0.808644 [0.329057/8.952240] [ 200/0.785211]
  0  19 300, 0.813565 [0.348561/8.939665] [ 250/0.785211]
  0  19 350, 0.811501 [0.407801/8.920990] [ 300/0.785211]
Epoch 19 done. Evaluation:
(39996, 50000)
(5749, 10000)
  1   0  50, 0.685781 [0.167594/8.830760] [   0/0.685781]
  1   0 100, 0.637087 [0.186795/8.755166] [   0/0.637087]
  1   0 150, 0.661745 [0.234839/8.683519] [  50/0.637087]
  1   0 200, 0.674975 [0.231062/8.633961] [ 100/0.637087]
  1   0 250, 0.673738 [0.173434/8.584510] [ 150/0.637087]
  1   0 300, 0.675355 [0.208167/8.533954] [ 200/0.637087]
  1   0 350, 0.674540 [0.238816/8.499403] [ 250/0.637087]
Epoch 0 done. Evaluation:
(42608, 50000)
(5987, 10000)
  1   1  50, 0.658981 [0.180983/8.465080] [ 341/0.637087]
  1   1 100, 0.661496 [0.246622/8.450966] [ 391/0.637087]
  1   1 150, 0.673043 [0.269716/8.438320] [ 441/0.637087]
  1   1 200, 0.660779 [0.209872/8.434867] [ 491/0.637087]
  1   1 250, 0.668635 [0.229388/8.429839] [ 541/0.637087]
  1   1 300, 0.676162 [0.244242/8.421285] [ 591/0.637087]
  1   1 350, 0.683691 [0.240240/8.398999] [ 641/0.637087]
Epoch 1 done. Evaluation:
(42516, 50000)
(6472, 10000)
  1   2  50, 0.643876 [0.209791/8.387895] [ 732/0.637087]
  1   2 100, 0.661107 [0.211178/8.391201] [ 782/0.637087]
  1   2 150, 0.666332 [0.249818/8.391414] [ 832/0.637087]
  1   2 200, 0.665614 [0.246876/8.401520] [ 882/0.637087]
  1   2 250, 0.661183 [0.224234/8.398373] [ 932/0.637087]
  1   2 300, 0.690105 [0.244141/8.396767] [ 982/0.637087]
  1   2 350, 0.699632 [0.249349/8.384726] [1032/0.637087]
Epoch 2 done. Evaluation:
(42589, 50000)
(6707, 10000)
  1   3  50, 0.629324 [0.298409/8.384025] [   0/0.629324]
  1   3 100, 0.658478 [0.245286/8.394556] [  50/0.629324]
  1   3 150, 0.674424 [0.231632/8.394493] [ 100/0.629324]
  1   3 200, 0.665073 [0.278513/8.389217] [ 150/0.629324]
  1   3 250, 0.660392 [0.251408/8.389208] [ 200/0.629324]
  1   3 300, 0.670287 [0.250787/8.392403] [ 250/0.629324]
  1   3 350, 0.682574 [0.215749/8.392303] [ 300/0.629324]
Epoch 3 done. Evaluation:
(42651, 50000)
(6813, 10000)
  1   4  50, 0.645763 [0.253402/8.412048] [ 391/0.629324]
  1   4 100, 0.672558 [0.304531/8.415504] [ 441/0.629324]
  1   4 150, 0.648927 [0.253416/8.417189] [ 491/0.629324]
  1   4 200, 0.680351 [0.247583/8.416922] [ 541/0.629324]
  1   4 250, 0.665530 [0.262124/8.411199] [ 591/0.629324]
  1   4 300, 0.674986 [0.217810/8.410092] [ 641/0.629324]
  1   4 350, 0.670199 [0.279220/8.398855] [ 691/0.629324]
Epoch 4 done. Evaluation:
(42631, 50000)
(7489, 10000)
  1   5  50, 0.639949 [0.227738/8.415397] [ 782/0.629324]
  1   5 100, 0.639240 [0.220934/8.420715] [ 832/0.629324]
  1   5 150, 0.664298 [0.235019/8.419991] [ 882/0.629324]
  1   5 200, 0.660361 [0.271857/8.425815] [ 932/0.629324]
  1   5 250, 0.657920 [0.232828/8.425689] [ 982/0.629324]
  1   5 300, 0.656271 [0.234230/8.431163] [1032/0.629324]
  1   5 350, 0.679352 [0.158113/8.419248] [1082/0.629324]
Epoch 5 done. Evaluation:
(42733, 50000)
(6990, 10000)
  1   6  50, 0.644080 [0.310265/8.422853] [1173/0.629324]
  1   6 100, 0.658254 [0.274677/8.436337] [1223/0.629324]
  1   6 150, 0.644461 [0.246140/8.439652] [1273/0.629324]
  1   6 200, 0.655085 [0.307327/8.439257] [1323/0.629324]
  1   6 250, 0.662384 [0.287253/8.437763] [1373/0.629324]
  1   6 300, 0.655328 [0.274411/8.440202] [1423/0.629324]
  1   6 350, 0.660499 [0.210785/8.433520] [1473/0.629324]
Epoch 6 done. Evaluation:
(42841, 50000)
(6621, 10000)
  1   7  50, 0.638722 [0.200590/8.432651] [1564/0.629324]
  1   7 100, 0.629693 [0.230914/8.431920] [1614/0.629324]
  1   7 150, 0.666151 [0.264107/8.439230] [1664/0.629324]
  1   7 200, 0.666344 [0.248380/8.443257] [1714/0.629324]
  1   7 250, 0.665957 [0.275931/8.434713] [1764/0.629324]
  1   7 300, 0.663710 [0.250079/8.426946] [1814/0.629324]
  1   7 350, 0.671714 [0.267561/8.426266] [1864/0.629324]
Epoch 7 done. Evaluation:
(42772, 50000)
(6929, 10000)
  1   8  50, 0.622988 [0.254583/8.435371] [   0/0.622988]
  1   8 100, 0.635012 [0.263888/8.443353] [  50/0.622988]
  1   8 150, 0.643035 [0.234200/8.427645] [ 100/0.622988]
  1   8 200, 0.665278 [0.277811/8.434128] [ 150/0.622988]
  1   8 250, 0.655990 [0.278433/8.433602] [ 200/0.622988]
  1   8 300, 0.672017 [0.228781/8.434015] [ 250/0.622988]
  1   8 350, 0.671114 [0.210727/8.434722] [ 300/0.622988]
Epoch 8 done. Evaluation:
(42945, 50000)
(6087, 10000)
  1   9  50, 0.641058 [0.238634/8.432251] [ 391/0.622988]
  1   9 100, 0.647037 [0.253517/8.435150] [ 441/0.622988]
  1   9 150, 0.680073 [0.224486/8.449372] [ 491/0.622988]
  1   9 200, 0.662646 [0.232617/8.454626] [ 541/0.622988]
  1   9 250, 0.634844 [0.261624/8.457097] [ 591/0.622988]
  1   9 300, 0.665823 [0.244752/8.458083] [ 641/0.622988]
  1   9 350, 0.666436 [0.237773/8.461786] [ 691/0.622988]
Epoch 9 done. Evaluation:
(42774, 50000)
(7059, 10000)
  1  10  50, 0.624948 [0.238128/8.476082] [ 782/0.622988]
  1  10 100, 0.644345 [0.244438/8.476031] [ 832/0.622988]
  1  10 150, 0.634257 [0.260342/8.478722] [ 882/0.622988]
  1  10 200, 0.643426 [0.225048/8.483805] [ 932/0.622988]
  1  10 250, 0.654498 [0.221960/8.477274] [ 982/0.622988]
  1  10 300, 0.667642 [0.303347/8.467574] [1032/0.622988]
  1  10 350, 0.671424 [0.308069/8.466485] [1082/0.622988]
Epoch 10 done. Evaluation:
(42993, 50000)
(6870, 10000)
  1  11  50, 0.632062 [0.241599/8.457848] [1173/0.622988]
  1  11 100, 0.640967 [0.257111/8.472260] [1223/0.622988]
  1  11 150, 0.669331 [0.270477/8.475042] [1273/0.622988]
  1  11 200, 0.648949 [0.271617/8.479681] [1323/0.622988]
  1  11 250, 0.636959 [0.249282/8.485336] [1373/0.622988]
  1  11 300, 0.667889 [0.328867/8.487663] [1423/0.622988]
  1  11 350, 0.643237 [0.219865/8.469137] [1473/0.622988]
Epoch 11 done. Evaluation:
(42932, 50000)
(5218, 10000)
  1  12  50, 0.619443 [0.239987/8.469707] [   0/0.619443]
  1  12 100, 0.650182 [0.266707/8.477335] [  50/0.619443]
  1  12 150, 0.643133 [0.250003/8.477310] [ 100/0.619443]
  1  12 200, 0.639843 [0.233179/8.473687] [ 150/0.619443]
  1  12 250, 0.666869 [0.234398/8.475640] [ 200/0.619443]
  1  12 300, 0.662955 [0.201048/8.467557] [ 250/0.619443]
  1  12 350, 0.643834 [0.244325/8.450792] [ 300/0.619443]
Epoch 12 done. Evaluation:
(42939, 50000)
(6114, 10000)
  1  13  50, 0.618347 [0.299913/8.455359] [   0/0.618347]
  1  13 100, 0.619040 [0.273385/8.459580] [  50/0.618347]
  1  13 150, 0.637286 [0.234225/8.475574] [ 100/0.618347]
  1  13 200, 0.640837 [0.219777/8.465481] [ 150/0.618347]
  1  13 250, 0.655200 [0.224335/8.474375] [ 200/0.618347]
  1  13 300, 0.660177 [0.292554/8.476725] [ 250/0.618347]
  1  13 350, 0.655949 [0.282183/8.472570] [ 300/0.618347]
Epoch 13 done. Evaluation:
(43020, 50000)
(6288, 10000)
  1  14  50, 0.623960 [0.235407/8.469234] [ 391/0.618347]
  1  14 100, 0.609636 [0.304127/8.475469] [   0/0.609636]
  1  14 150, 0.655816 [0.269628/8.483754] [  50/0.609636]
  1  14 200, 0.641511 [0.289981/8.481067] [ 100/0.609636]
  1  14 250, 0.655274 [0.286747/8.483749] [ 150/0.609636]
  1  14 300, 0.640714 [0.263072/8.482629] [ 200/0.609636]
  1  14 350, 0.658641 [0.232416/8.471782] [ 250/0.609636]
Epoch 14 done. Evaluation:
(43036, 50000)
(7358, 10000)
  1  15  50, 0.605873 [0.256486/8.459501] [   0/0.605873]
  1  15 100, 0.616651 [0.273128/8.462184] [  50/0.605873]
  1  15 150, 0.642318 [0.274637/8.475291] [ 100/0.605873]
  1  15 200, 0.666905 [0.264357/8.482920] [ 150/0.605873]
  1  15 250, 0.646227 [0.269366/8.487109] [ 200/0.605873]
  1  15 300, 0.653050 [0.218580/8.469609] [ 250/0.605873]
  1  15 350, 0.679377 [0.257926/8.470646] [ 300/0.605873]
Epoch 15 done. Evaluation:
(43026, 50000)
(6932, 10000)
  1  16  50, 0.608776 [0.315269/8.466787] [ 391/0.605873]
  1  16 100, 0.633827 [0.280366/8.476616] [ 441/0.605873]
  1  16 150, 0.622252 [0.286169/8.474947] [ 491/0.605873]
  1  16 200, 0.661350 [0.257904/8.479702] [ 541/0.605873]
  1  16 250, 0.652340 [0.280459/8.474741] [ 591/0.605873]
  1  16 300, 0.652535 [0.228482/8.472849] [ 641/0.605873]
  1  16 350, 0.660354 [0.227408/8.474003] [ 691/0.605873]
Epoch 16 done. Evaluation:
(42961, 50000)
(6930, 10000)
  1  17  50, 0.621047 [0.267594/8.482381] [ 782/0.605873]
  1  17 100, 0.625118 [0.269905/8.486130] [ 832/0.605873]
  1  17 150, 0.639376 [0.232745/8.496597] [ 882/0.605873]
  1  17 200, 0.656138 [0.243109/8.493529] [ 932/0.605873]
  1  17 250, 0.630302 [0.255656/8.488417] [ 982/0.605873]
  1  17 300, 0.634969 [0.283283/8.499052] [1032/0.605873]
  1  17 350, 0.663453 [0.218725/8.489964] [1082/0.605873]
Epoch 17 done. Evaluation:
(43082, 50000)
(7815, 10000)
  1  18  50, 0.618880 [0.304854/8.493034] [1173/0.605873]
  1  18 100, 0.626897 [0.212389/8.500947] [1223/0.605873]
  1  18 150, 0.640735 [0.264943/8.504288] [1273/0.605873]
  1  18 200, 0.660117 [0.260919/8.497512] [1323/0.605873]
  1  18 250, 0.664509 [0.232037/8.493154] [1373/0.605873]
  1  18 300, 0.647210 [0.265233/8.502043] [1423/0.605873]
  1  18 350, 0.632217 [0.236487/8.488073] [1473/0.605873]
Epoch 18 done. Evaluation:
(43053, 50000)
(7210, 10000)
  1  19  50, 0.594513 [0.234306/8.482594] [   0/0.594513]
  1  19 100, 0.602536 [0.331329/8.497231] [  50/0.594513]
  1  19 150, 0.640351 [0.273622/8.505675] [ 100/0.594513]
  1  19 200, 0.632467 [0.232881/8.503272] [ 150/0.594513]
  1  19 250, 0.654871 [0.235631/8.501233] [ 200/0.594513]
  1  19 300, 0.635193 [0.248985/8.503294] [ 250/0.594513]
  1  19 350, 0.640088 [0.205381/8.504703] [ 300/0.594513]
Epoch 19 done. Evaluation:
(43254, 50000)
(6937, 10000)
  2   0  50, 0.533499 [0.155122/8.457605] [   0/0.533499]
  2   0 100, 0.519160 [0.154395/8.416587] [   0/0.519160]
  2   0 150, 0.511633 [0.122407/8.377740] [   0/0.511633]
  2   0 200, 0.512666 [0.098669/8.340811] [  50/0.511633]
  2   0 250, 0.512201 [0.140777/8.304088] [ 100/0.511633]
  2   0 300, 0.525808 [0.131969/8.275476] [ 150/0.511633]
  2   0 350, 0.505614 [0.139641/8.243686] [   0/0.505614]
Epoch 0 done. Evaluation:
(45342, 50000)
(8022, 10000)
  2   1  50, 0.481014 [0.110265/8.194107] [   0/0.481014]
  2   1 100, 0.486763 [0.155456/8.173493] [  50/0.481014]
  2   1 150, 0.494807 [0.150533/8.162104] [ 100/0.481014]
  2   1 200, 0.486160 [0.154430/8.146392] [ 150/0.481014]
  2   1 250, 0.508108 [0.187366/8.138425] [ 200/0.481014]
  2   1 300, 0.509960 [0.148985/8.126859] [ 250/0.481014]
  2   1 350, 0.524029 [0.160916/8.112894] [ 300/0.481014]
Epoch 1 done. Evaluation:
(45528, 50000)
(7682, 10000)
  2   2  50, 0.486206 [0.106923/8.088268] [ 391/0.481014]
  2   2 100, 0.484103 [0.170117/8.080555] [ 441/0.481014]
  2   2 150, 0.491872 [0.158625/8.073852] [ 491/0.481014]
  2   2 200, 0.491266 [0.153406/8.069855] [ 541/0.481014]
  2   2 250, 0.520943 [0.180207/8.067646] [ 591/0.481014]
  2   2 300, 0.513712 [0.116297/8.062791] [ 641/0.481014]
  2   2 350, 0.504578 [0.164371/8.057945] [ 691/0.481014]
Epoch 2 done. Evaluation:
(45559, 50000)
(7886, 10000)
  2   3  50, 0.489224 [0.134896/8.046261] [ 782/0.481014]
  2   3 100, 0.492756 [0.173197/8.041957] [ 832/0.481014]
  2   3 150, 0.497533 [0.153219/8.039593] [ 882/0.481014]
  2   3 200, 0.509302 [0.144062/8.045441] [ 932/0.481014]
  2   3 250, 0.505936 [0.155266/8.042143] [ 982/0.481014]
  2   3 300, 0.513873 [0.176679/8.043209] [1032/0.481014]
  2   3 350, 0.537868 [0.164040/8.043818] [1082/0.481014]
Epoch 3 done. Evaluation:
(45369, 50000)
(7937, 10000)
  2   4  50, 0.493778 [0.138529/8.044500] [1173/0.481014]
  2   4 100, 0.488529 [0.121283/8.046876] [1223/0.481014]
  2   4 150, 0.485860 [0.163285/8.051397] [1273/0.481014]
  2   4 200, 0.517298 [0.175156/8.060788] [1323/0.481014]
  2   4 250, 0.517673 [0.157678/8.063693] [1373/0.481014]
  2   4 300, 0.515240 [0.163187/8.064871] [1423/0.481014]
  2   4 350, 0.513737 [0.157090/8.056187] [1473/0.481014]
Epoch 4 done. Evaluation:
(45420, 50000)
(7765, 10000)
  2   5  50, 0.498639 [0.160039/8.058288] [1564/0.481014]
  2   5 100, 0.477030 [0.178109/8.061213] [   0/0.477030]
  2   5 150, 0.503081 [0.156790/8.060589] [  50/0.477030]
  2   5 200, 0.490446 [0.178403/8.060176] [ 100/0.477030]
  2   5 250, 0.516854 [0.166126/8.065763] [ 150/0.477030]
  2   5 300, 0.513297 [0.152055/8.063158] [ 200/0.477030]
  2   5 350, 0.517026 [0.167998/8.061858] [ 250/0.477030]
Epoch 5 done. Evaluation:
(45429, 50000)
(7532, 10000)
  2   6  50, 0.470038 [0.184030/8.060048] [   0/0.470038]
  2   6 100, 0.487607 [0.210333/8.061138] [  50/0.470038]
  2   6 150, 0.491082 [0.145698/8.062545] [ 100/0.470038]
  2   6 200, 0.489796 [0.188954/8.063136] [ 150/0.470038]
  2   6 250, 0.516507 [0.183866/8.067028] [ 200/0.470038]
  2   6 300, 0.519824 [0.174982/8.067551] [ 250/0.470038]
  2   6 350, 0.522680 [0.182738/8.070125] [ 300/0.470038]
Epoch 6 done. Evaluation:
(45572, 50000)
(7458, 10000)
  2   7  50, 0.498678 [0.170759/8.069866] [ 391/0.470038]
  2   7 100, 0.491670 [0.192291/8.072871] [ 441/0.470038]
  2   7 150, 0.509387 [0.204920/8.077093] [ 491/0.470038]
  2   7 200, 0.499633 [0.157209/8.078664] [ 541/0.470038]
  2   7 250, 0.513460 [0.168015/8.088335] [ 591/0.470038]
  2   7 300, 0.513560 [0.178308/8.085178] [ 641/0.470038]
  2   7 350, 0.516736 [0.134391/8.085986] [ 691/0.470038]
Epoch 7 done. Evaluation:
(45406, 50000)
(6170, 10000)
  2   8  50, 0.484669 [0.153240/8.082844] [ 782/0.470038]
  2   8 100, 0.499992 [0.183625/8.087212] [ 832/0.470038]
  2   8 150, 0.491493 [0.130954/8.090891] [ 882/0.470038]
  2   8 200, 0.496546 [0.177718/8.093130] [ 932/0.470038]
  2   8 250, 0.499710 [0.176376/8.099565] [ 982/0.470038]
  2   8 300, 0.507438 [0.161487/8.097818] [1032/0.470038]
  2   8 350, 0.503851 [0.132912/8.096550] [1082/0.470038]
Epoch 8 done. Evaluation:
(45598, 50000)
(7890, 10000)
  2   9  50, 0.469002 [0.121640/8.093811] [   0/0.469002]
  2   9 100, 0.473555 [0.177057/8.094500] [  50/0.469002]
  2   9 150, 0.474278 [0.196641/8.092853] [ 100/0.469002]
  2   9 200, 0.496791 [0.162829/8.095756] [ 150/0.469002]
  2   9 250, 0.504052 [0.171859/8.097828] [ 200/0.469002]
  2   9 300, 0.532206 [0.199373/8.103777] [ 250/0.469002]
  2   9 350, 0.525533 [0.145124/8.104074] [ 300/0.469002]
Epoch 9 done. Evaluation:
(45512, 50000)
(7031, 10000)
  2  10  50, 0.476424 [0.138050/8.107560] [ 391/0.469002]
  2  10 100, 0.467085 [0.170243/8.110515] [   0/0.467085]
  2  10 150, 0.480132 [0.157570/8.115084] [  50/0.467085]
  2  10 200, 0.495088 [0.177850/8.119275] [ 100/0.467085]
  2  10 250, 0.495179 [0.177925/8.122368] [ 150/0.467085]
  2  10 300, 0.499396 [0.158896/8.122148] [ 200/0.467085]
  2  10 350, 0.510093 [0.184713/8.124106] [ 250/0.467085]
Epoch 10 done. Evaluation:
(45650, 50000)
(7840, 10000)
  2  11  50, 0.469977 [0.171518/8.130400] [ 341/0.467085]
  2  11 100, 0.486191 [0.140822/8.126591] [ 391/0.467085]
  2  11 150, 0.471613 [0.130336/8.126541] [ 441/0.467085]
  2  11 200, 0.495072 [0.155019/8.127349] [ 491/0.467085]
  2  11 250, 0.506187 [0.172546/8.129768] [ 541/0.467085]
  2  11 300, 0.516451 [0.147809/8.132250] [ 591/0.467085]
  2  11 350, 0.520175 [0.154172/8.130626] [ 641/0.467085]
Epoch 11 done. Evaluation:
(45557, 50000)
(7697, 10000)
  2  12  50, 0.468437 [0.149727/8.135404] [ 732/0.467085]
  2  12 100, 0.483419 [0.149454/8.136468] [ 782/0.467085]
  2  12 150, 0.463643 [0.165928/8.132990] [   0/0.463643]
  2  12 200, 0.493191 [0.155153/8.131714] [  50/0.463643]
  2  12 250, 0.514668 [0.108924/8.136656] [ 100/0.463643]
  2  12 300, 0.515884 [0.150850/8.139847] [ 150/0.463643]
  2  12 350, 0.518307 [0.166447/8.143588] [ 200/0.463643]
Epoch 12 done. Evaluation:
(45626, 50000)
(7875, 10000)
  2  13  50, 0.493156 [0.173795/8.155808] [ 291/0.463643]
  2  13 100, 0.482531 [0.202930/8.156087] [ 341/0.463643]
  2  13 150, 0.480367 [0.174096/8.156607] [ 391/0.463643]
  2  13 200, 0.494209 [0.157952/8.158609] [ 441/0.463643]
  2  13 250, 0.490031 [0.143781/8.156939] [ 491/0.463643]
  2  13 300, 0.512661 [0.167921/8.159136] [ 541/0.463643]
  2  13 350, 0.504689 [0.190629/8.160958] [ 591/0.463643]
Epoch 13 done. Evaluation:
(45640, 50000)
(7473, 10000)
  2  14  50, 0.464650 [0.184862/8.150260] [ 682/0.463643]
  2  14 100, 0.482089 [0.175280/8.153970] [ 732/0.463643]
  2  14 150, 0.485301 [0.206398/8.156466] [ 782/0.463643]
  2  14 200, 0.500594 [0.192495/8.155863] [ 832/0.463643]
  2  14 250, 0.497718 [0.159939/8.159174] [ 882/0.463643]
  2  14 300, 0.509185 [0.166953/8.158884] [ 932/0.463643]
  2  14 350, 0.514698 [0.173916/8.162514] [ 982/0.463643]
Epoch 14 done. Evaluation:
(45666, 50000)
(7283, 10000)
  2  15  50, 0.471714 [0.193422/8.163306] [1073/0.463643]
  2  15 100, 0.479363 [0.149255/8.168756] [1123/0.463643]
  2  15 150, 0.485965 [0.169587/8.170946] [1173/0.463643]
  2  15 200, 0.508458 [0.182607/8.173069] [1223/0.463643]
  2  15 250, 0.485055 [0.177644/8.174617] [1273/0.463643]
  2  15 300, 0.508086 [0.179675/8.171006] [1323/0.463643]
  2  15 350, 0.487926 [0.183650/8.170724] [1373/0.463643]
Epoch 15 done. Evaluation:
(45729, 50000)
(8121, 10000)
  2  16  50, 0.463950 [0.160440/8.161111] [1464/0.463643]
  2  16 100, 0.460924 [0.157534/8.162643] [   0/0.460924]
  2  16 150, 0.477684 [0.179605/8.168370] [  50/0.460924]
  2  16 200, 0.490257 [0.141115/8.169250] [ 100/0.460924]
  2  16 250, 0.512503 [0.163802/8.175355] [ 150/0.460924]
  2  16 300, 0.502081 [0.147624/8.178361] [ 200/0.460924]
  2  16 350, 0.509240 [0.152511/8.184226] [ 250/0.460924]
Epoch 16 done. Evaluation:
(45660, 50000)
(6326, 10000)
  2  17  50, 0.474000 [0.158102/8.184513] [ 341/0.460924]
  2  17 100, 0.474921 [0.184110/8.184455] [ 391/0.460924]
  2  17 150, 0.480898 [0.168552/8.182824] [ 441/0.460924]
  2  17 200, 0.482089 [0.194288/8.185989] [ 491/0.460924]
  2  17 250, 0.489337 [0.160137/8.190263] [ 541/0.460924]
  2  17 300, 0.488461 [0.175469/8.190140] [ 591/0.460924]
  2  17 350, 0.507988 [0.172772/8.190021] [ 641/0.460924]
Epoch 17 done. Evaluation:
(45892, 50000)
(8109, 10000)
  2  18  50, 0.475409 [0.179151/8.190097] [ 732/0.460924]
  2  18 100, 0.468898 [0.198194/8.185936] [ 782/0.460924]
  2  18 150, 0.481264 [0.205996/8.189462] [ 832/0.460924]
  2  18 200, 0.480162 [0.166059/8.191919] [ 882/0.460924]
  2  18 250, 0.497138 [0.133089/8.192969] [ 932/0.460924]
  2  18 300, 0.514925 [0.156641/8.195943] [ 982/0.460924]
  2  18 350, 0.484487 [0.167719/8.192559] [1032/0.460924]
Epoch 18 done. Evaluation:
(45773, 50000)
(7774, 10000)
  2  19  50, 0.476486 [0.200853/8.198369] [1123/0.460924]
  2  19 100, 0.476051 [0.156429/8.197166] [1173/0.460924]
  2  19 150, 0.495449 [0.155929/8.197418] [1223/0.460924]
  2  19 200, 0.489974 [0.148939/8.200009] [1273/0.460924]
  2  19 250, 0.501142 [0.180799/8.203185] [1323/0.460924]
  2  19 300, 0.492610 [0.111674/8.204755] [1373/0.460924]
  2  19 350, 0.490585 [0.147356/8.201648] [1423/0.460924]
Epoch 19 done. Evaluation:
(45739, 50000)
(6938, 10000)
  3   0  50, 0.424618 [0.075078/8.187980] [   0/0.424618]
  3   0 100, 0.393727 [0.057251/8.164632] [   0/0.393727]
  3   0 150, 0.393071 [0.094746/8.142198] [   0/0.393071]
  3   0 200, 0.380988 [0.048720/8.120373] [   0/0.380988]
  3   0 250, 0.396318 [0.078176/8.098107] [  50/0.380988]
  3   0 300, 0.394760 [0.063365/8.075239] [ 100/0.380988]
  3   0 350, 0.368693 [0.052359/8.054423] [   0/0.368693]
Epoch 0 done. Evaluation:
(47652, 50000)
(8813, 10000)
  3   1  50, 0.341717 [0.051584/8.015910] [   0/0.341717]
  3   1 100, 0.346567 [0.066657/7.995023] [  50/0.341717]
  3   1 150, 0.354842 [0.071314/7.977289] [ 100/0.341717]
  3   1 200, 0.350518 [0.066686/7.958945] [ 150/0.341717]
  3   1 250, 0.366723 [0.076983/7.944417] [ 200/0.341717]
  3   1 300, 0.364963 [0.084007/7.927078] [ 250/0.341717]
  3   1 350, 0.364813 [0.080653/7.910106] [ 300/0.341717]
Epoch 1 done. Evaluation:
(48116, 50000)
(8681, 10000)
  3   2  50, 0.340239 [0.098490/7.884192] [   0/0.340239]
  3   2 100, 0.344705 [0.069233/7.870534] [  50/0.340239]
  3   2 150, 0.345359 [0.097241/7.857676] [ 100/0.340239]
  3   2 200, 0.356603 [0.067976/7.846335] [ 150/0.340239]
  3   2 250, 0.358523 [0.069403/7.835346] [ 200/0.340239]
  3   2 300, 0.370556 [0.095578/7.826379] [ 250/0.340239]
  3   2 350, 0.376345 [0.114788/7.821695] [ 300/0.340239]
Epoch 2 done. Evaluation:
(47993, 50000)
(8611, 10000)
  3   3  50, 0.358712 [0.126825/7.807595] [ 391/0.340239]
  3   3 100, 0.343458 [0.079264/7.796061] [ 441/0.340239]
  3   3 150, 0.357951 [0.093810/7.786321] [ 491/0.340239]
  3   3 200, 0.363475 [0.108157/7.778452] [ 541/0.340239]
  3   3 250, 0.362907 [0.097380/7.771497] [ 591/0.340239]
  3   3 300, 0.380862 [0.114737/7.768407] [ 641/0.340239]
  3   3 350, 0.373542 [0.117925/7.764182] [ 691/0.340239]
Epoch 3 done. Evaluation:
(47896, 50000)
(8602, 10000)
  3   4  50, 0.351330 [0.094854/7.757139] [ 782/0.340239]
  3   4 100, 0.354514 [0.092116/7.751346] [ 832/0.340239]
  3   4 150, 0.358048 [0.108911/7.748651] [ 882/0.340239]
  3   4 200, 0.372857 [0.100162/7.746580] [ 932/0.340239]
  3   4 250, 0.366506 [0.120171/7.744834] [ 982/0.340239]
  3   4 300, 0.375559 [0.113218/7.742577] [1032/0.340239]
  3   4 350, 0.377243 [0.108079/7.738702] [1082/0.340239]
Epoch 4 done. Evaluation:
(47835, 50000)
(8516, 10000)
  3   5  50, 0.352652 [0.109725/7.731706] [1173/0.340239]
  3   5 100, 0.359500 [0.073435/7.729345] [1223/0.340239]
  3   5 150, 0.352628 [0.128513/7.725686] [1273/0.340239]
  3   5 200, 0.372620 [0.106123/7.723414] [1323/0.340239]
  3   5 250, 0.363977 [0.110051/7.718276] [1373/0.340239]
  3   5 300, 0.366058 [0.109416/7.714254] [1423/0.340239]
  3   5 350, 0.367384 [0.094831/7.713654] [1473/0.340239]
Epoch 5 done. Evaluation:
(47959, 50000)
(8772, 10000)
  3   6  50, 0.359652 [0.080227/7.709305] [1564/0.340239]
  3   6 100, 0.345996 [0.086263/7.704522] [1614/0.340239]
  3   6 150, 0.352306 [0.063760/7.699247] [1664/0.340239]
  3   6 200, 0.363147 [0.110916/7.696734] [1714/0.340239]
  3   6 250, 0.363373 [0.108217/7.695932] [1764/0.340239]
  3   6 300, 0.379923 [0.124792/7.696491] [1814/0.340239]
  3   6 350, 0.375799 [0.077394/7.695293] [1864/0.340239]
Epoch 6 done. Evaluation:
(47810, 50000)
(7911, 10000)
  3   7  50, 0.365455 [0.086924/7.696353] [1955/0.340239]
  3   7 100, 0.355878 [0.081656/7.695213] [2005/0.340239]
  3   7 150, 0.360981 [0.084436/7.694330] [2055/0.340239]
  3   7 200, 0.371506 [0.103055/7.695968] [2105/0.340239]
  3   7 250, 0.366569 [0.140653/7.696927] [2155/0.340239]
  3   7 300, 0.379666 [0.107284/7.696804] [2205/0.340239]
  3   7 350, 0.381327 [0.106963/7.699412] [2255/0.340239]
Epoch 7 done. Evaluation:
(47805, 50000)
(7730, 10000)
  3   8  50, 0.350234 [0.099430/7.696911] [2346/0.340239]
  3   8 100, 0.360430 [0.113188/7.693624] [2396/0.340239]
  3   8 150, 0.364437 [0.102774/7.694398] [2446/0.340239]
  3   8 200, 0.364840 [0.096085/7.694282] [2496/0.340239]
  3   8 250, 0.379913 [0.108279/7.697527] [2546/0.340239]
  3   8 300, 0.376934 [0.086827/7.700287] [2596/0.340239]
  3   8 350, 0.376668 [0.091439/7.699954] [2646/0.340239]
Epoch 8 done. Evaluation:
(47787, 50000)
(8505, 10000)
  3   9  50, 0.356520 [0.079332/7.702801] [2737/0.340239]
  3   9 100, 0.368187 [0.123616/7.701971] [2787/0.340239]
  3   9 150, 0.357092 [0.108607/7.701668] [2837/0.340239]
  3   9 200, 0.384321 [0.110765/7.703335] [2887/0.340239]
  3   9 250, 0.371415 [0.070219/7.703790] [2937/0.340239]
  3   9 300, 0.377988 [0.115119/7.704201] [2987/0.340239]
  3   9 350, 0.371882 [0.102540/7.706555] [3037/0.340239]
Epoch 9 done. Evaluation:
(47764, 50000)
(8057, 10000)
  3  10  50, 0.352499 [0.108345/7.705954] [3128/0.340239]
  3  10 100, 0.362959 [0.089912/7.705153] [3178/0.340239]
  3  10 150, 0.358200 [0.124171/7.704766] [3228/0.340239]
  3  10 200, 0.377809 [0.116420/7.706286] [3278/0.340239]
  3  10 250, 0.376827 [0.094445/7.707872] [3328/0.340239]
  3  10 300, 0.371714 [0.136429/7.706423] [3378/0.340239]
  3  10 350, 0.366772 [0.110961/7.708751] [3428/0.340239]
Epoch 10 done. Evaluation:
(47824, 50000)
(7354, 10000)
  3  11  50, 0.374615 [0.094220/7.715604] [3519/0.340239]
  3  11 100, 0.355737 [0.114229/7.714041] [3569/0.340239]
  3  11 150, 0.376960 [0.140036/7.717808] [3619/0.340239]
  3  11 200, 0.377971 [0.105370/7.721726] [3669/0.340239]
  3  11 250, 0.380183 [0.065970/7.722990] [3719/0.340239]
  3  11 300, 0.391982 [0.099940/7.729490] [3769/0.340239]
  3  11 350, 0.371614 [0.108165/7.730076] [3819/0.340239]
Epoch 11 done. Evaluation:
(47604, 50000)
(8266, 10000)
  3  12  50, 0.355120 [0.106147/7.728198] [3910/0.340239]
  3  12 100, 0.359792 [0.088628/7.723667] [3960/0.340239]
  3  12 150, 0.364260 [0.092989/7.720618] [4010/0.340239]
  3  12 200, 0.377027 [0.115675/7.721208] [4060/0.340239]
  3  12 250, 0.361189 [0.106555/7.718310] [4110/0.340239]
  3  12 300, 0.365259 [0.096624/7.717674] [4160/0.340239]
  3  12 350, 0.386422 [0.103440/7.718949] [4210/0.340239]
Epoch 12 done. Evaluation:
(47848, 50000)
(7807, 10000)
  3  13  50, 0.366802 [0.126489/7.720362] [4301/0.340239]
  3  13 100, 0.366778 [0.104883/7.720600] [4351/0.340239]
  3  13 150, 0.357601 [0.098789/7.720966] [4401/0.340239]
  3  13 200, 0.361739 [0.113175/7.720510] [4451/0.340239]
  3  13 250, 0.357205 [0.077193/7.718896] [4501/0.340239]
  3  13 300, 0.378615 [0.104548/7.722633] [4551/0.340239]
  3  13 350, 0.381362 [0.076936/7.724368] [4601/0.340239]
Epoch 13 done. Evaluation:
(47795, 50000)
(8390, 10000)
  3  14  50, 0.351769 [0.141387/7.722686] [4692/0.340239]
  3  14 100, 0.352083 [0.103938/7.721767] [4742/0.340239]
  3  14 150, 0.373654 [0.130431/7.725696] [4792/0.340239]
  3  14 200, 0.365900 [0.110353/7.722233] [4842/0.340239]
  3  14 250, 0.362238 [0.076556/7.720147] [4892/0.340239]
  3  14 300, 0.365205 [0.095268/7.718919] [4942/0.340239]
  3  14 350, 0.376083 [0.107375/7.722633] [4992/0.340239]
Epoch 14 done. Evaluation:
(47883, 50000)
(7844, 10000)
  3  15  50, 0.347695 [0.079657/7.723215] [5083/0.340239]
  3  15 100, 0.354478 [0.082366/7.719807] [5133/0.340239]
  3  15 150, 0.357010 [0.094400/7.718095] [5183/0.340239]
  3  15 200, 0.353761 [0.090189/7.718578] [5233/0.340239]
  3  15 250, 0.371491 [0.103493/7.720939] [5283/0.340239]
  3  15 300, 0.383440 [0.069266/7.725239] [5333/0.340239]
  3  15 350, 0.375579 [0.122578/7.725023] [5383/0.340239]
Epoch 15 done. Evaluation:
(47894, 50000)
(7972, 10000)
  3  16  50, 0.347575 [0.112389/7.721571] [5474/0.340239]
  3  16 100, 0.349178 [0.115268/7.719447] [5524/0.340239]
  3  16 150, 0.357775 [0.117849/7.717574] [5574/0.340239]
  3  16 200, 0.364201 [0.128819/7.718563] [5624/0.340239]
  3  16 250, 0.380543 [0.132270/7.721992] [5674/0.340239]
  3  16 300, 0.377317 [0.125789/7.727632] [5724/0.340239]
  3  16 350, 0.394576 [0.119621/7.732947] [5774/0.340239]
Epoch 16 done. Evaluation:
(47784, 50000)
(8625, 10000)
  3  17  50, 0.347742 [0.128238/7.728818] [5865/0.340239]
  3  17 100, 0.358114 [0.097005/7.725436] [5915/0.340239]
  3  17 150, 0.351365 [0.108511/7.722896] [5965/0.340239]
  3  17 200, 0.368958 [0.091547/7.722882] [6015/0.340239]
  3  17 250, 0.370375 [0.137690/7.724597] [6065/0.340239]
  3  17 300, 0.379729 [0.105021/7.725759] [6115/0.340239]
  3  17 350, 0.378517 [0.126128/7.728945] [6165/0.340239]
Epoch 17 done. Evaluation:
(47889, 50000)
(8190, 10000)
  3  18  50, 0.361765 [0.097588/7.733130] [6256/0.340239]
  3  18 100, 0.347893 [0.111060/7.729633] [6306/0.340239]
  3  18 150, 0.354359 [0.103172/7.729284] [6356/0.340239]
  3  18 200, 0.365230 [0.112325/7.731492] [6406/0.340239]
  3  18 250, 0.375179 [0.125288/7.734129] [6456/0.340239]
  3  18 300, 0.357992 [0.085042/7.732731] [6506/0.340239]
  3  18 350, 0.371326 [0.158684/7.733784] [6556/0.340239]
Epoch 18 done. Evaluation:
(47883, 50000)
(8482, 10000)
  3  19  50, 0.350944 [0.060898/7.732444] [6647/0.340239]
  3  19 100, 0.348637 [0.138030/7.731019] [6697/0.340239]
  3  19 150, 0.355776 [0.100312/7.732146] [6747/0.340239]
  3  19 200, 0.368283 [0.083531/7.735897] [6797/0.340239]
  3  19 250, 0.381895 [0.103158/7.738106] [6847/0.340239]
  3  19 300, 0.371242 [0.108684/7.739497] [6897/0.340239]
  3  19 350, 0.380222 [0.118519/7.741288] [6947/0.340239]
Epoch 19 done. Evaluation:
(47832, 50000)
(8451, 10000)
  4   0  50, 0.324126 [0.032110/7.729553] [   0/0.324126]
  4   0 100, 0.312822 [0.038369/7.718282] [   0/0.312822]
  4   0 150, 0.310562 [0.037535/7.706764] [   0/0.310562]
  4   0 200, 0.304768 [0.036828/7.695235] [   0/0.304768]
  4   0 250, 0.301296 [0.035712/7.683175] [   0/0.301296]
  4   0 300, 0.292789 [0.036125/7.670803] [   0/0.292789]
  4   0 350, 0.292291 [0.043881/7.658892] [   0/0.292291]
Epoch 0 done. Evaluation:
(49071, 50000)
(8716, 10000)
  4   1  50, 0.278701 [0.025304/7.636711] [   0/0.278701]
  4   1 100, 0.281839 [0.029565/7.624559] [  50/0.278701]
  4   1 150, 0.272907 [0.016783/7.611743] [   0/0.272907]
  4   1 200, 0.278926 [0.026665/7.598643] [  50/0.272907]
  4   1 250, 0.269992 [0.036394/7.585612] [   0/0.269992]
  4   1 300, 0.273494 [0.026451/7.572391] [  50/0.269992]
  4   1 350, 0.277112 [0.032392/7.560265] [ 100/0.269992]
Epoch 1 done. Evaluation:
(49544, 50000)
(8895, 10000)
  4   2  50, 0.272175 [0.013531/7.537450] [ 191/0.269992]
  4   2 100, 0.262971 [0.016080/7.523733] [   0/0.262971]
  4   2 150, 0.262222 [0.016743/7.510693] [   0/0.262222]
  4   2 200, 0.258969 [0.023079/7.497477] [   0/0.258969]
  4   2 250, 0.258917 [0.030992/7.484189] [   0/0.258917]
  4   2 300, 0.260879 [0.023217/7.471247] [  50/0.258917]
  4   2 350, 0.263392 [0.016068/7.458597] [ 100/0.258917]
Epoch 2 done. Evaluation:
(49670, 50000)
(9030, 10000)
  4   3  50, 0.258875 [0.008965/7.435190] [   0/0.258875]
  4   3 100, 0.254590 [0.031090/7.421368] [   0/0.254590]
  4   3 150, 0.262122 [0.026282/7.408268] [  50/0.254590]
  4   3 200, 0.254594 [0.019189/7.395007] [ 100/0.254590]
  4   3 250, 0.257796 [0.023873/7.382074] [ 150/0.254590]
  4   3 300, 0.253574 [0.036157/7.369442] [   0/0.253574]
  4   3 350, 0.254583 [0.009840/7.357120] [  50/0.253574]
Epoch 3 done. Evaluation:
(49768, 50000)
(9048, 10000)
  4   4  50, 0.252869 [0.018918/7.334455] [   0/0.252869]
  4   4 100, 0.253410 [0.012687/7.321558] [  50/0.252869]
  4   4 150, 0.251280 [0.011565/7.308553] [   0/0.251280]
  4   4 200, 0.252811 [0.011048/7.295814] [  50/0.251280]
  4   4 250, 0.248744 [0.017773/7.283089] [   0/0.248744]
  4   4 300, 0.247896 [0.007077/7.270870] [   0/0.247896]
  4   4 350, 0.251047 [0.015579/7.258856] [  50/0.247896]
Epoch 4 done. Evaluation:
(49837, 50000)
(9050, 10000)
  4   5  50, 0.249362 [0.017655/7.237571] [ 141/0.247896]
  4   5 100, 0.250632 [0.019555/7.225226] [ 191/0.247896]
  4   5 150, 0.245840 [0.017421/7.213016] [   0/0.245840]
  4   5 200, 0.243593 [0.007589/7.200428] [   0/0.243593]
  4   5 250, 0.249145 [0.026077/7.188351] [  50/0.243593]
  4   5 300, 0.245141 [0.012477/7.175894] [ 100/0.243593]
  4   5 350, 0.249662 [0.011220/7.164093] [ 150/0.243593]
Epoch 5 done. Evaluation:
(49874, 50000)
(8945, 10000)
  4   6  50, 0.247620 [0.021651/7.143488] [ 241/0.243593]
  4   6 100, 0.243596 [0.009320/7.131521] [ 291/0.243593]
  4   6 150, 0.244624 [0.013822/7.119321] [ 341/0.243593]
  4   6 200, 0.243996 [0.007937/7.107345] [ 391/0.243593]
  4   6 250, 0.245863 [0.010192/7.095548] [ 441/0.243593]
  4   6 300, 0.246775 [0.012435/7.084436] [ 491/0.243593]
  4   6 350, 0.247458 [0.005966/7.073123] [ 541/0.243593]
Epoch 6 done. Evaluation:
(49913, 50000)
(9108, 10000)
  4   7  50, 0.240289 [0.009946/7.052206] [   0/0.240289]
  4   7 100, 0.244412 [0.010144/7.040679] [  50/0.240289]
  4   7 150, 0.242262 [0.012174/7.029279] [ 100/0.240289]
  4   7 200, 0.245999 [0.004644/7.017866] [ 150/0.240289]
  4   7 250, 0.249185 [0.025491/7.007012] [ 200/0.240289]
  4   7 300, 0.246351 [0.024056/6.996658] [ 250/0.240289]
  4   7 350, 0.246172 [0.005390/6.986336] [ 300/0.240289]
Epoch 7 done. Evaluation:
(49909, 50000)
(8877, 10000)
  4   8  50, 0.247465 [0.037380/6.970184] [ 391/0.240289]
  4   8 100, 0.244256 [0.023181/6.960668] [ 441/0.240289]
  4   8 150, 0.242942 [0.009209/6.950938] [ 491/0.240289]
  4   8 200, 0.242888 [0.009020/6.940545] [ 541/0.240289]
  4   8 250, 0.239890 [0.013284/6.930466] [   0/0.239890]
  4   8 300, 0.243390 [0.010557/6.920792] [  50/0.239890]
  4   8 350, 0.244237 [0.016130/6.911651] [ 100/0.239890]
Epoch 8 done. Evaluation:
(49915, 50000)
(9076, 10000)
  4   9  50, 0.243045 [0.018238/6.893856] [ 191/0.239890]
  4   9 100, 0.242880 [0.013392/6.884029] [ 241/0.239890]
  4   9 150, 0.243870 [0.002829/6.874267] [ 291/0.239890]
  4   9 200, 0.241232 [0.012538/6.864078] [ 341/0.239890]
  4   9 250, 0.244658 [0.010826/6.854626] [ 391/0.239890]
  4   9 300, 0.242072 [0.005248/6.845419] [ 441/0.239890]
  4   9 350, 0.244031 [0.031301/6.836833] [ 491/0.239890]
Epoch 9 done. Evaluation:
(49925, 50000)
(8953, 10000)
  4  10  50, 0.242876 [0.019876/6.820686] [ 582/0.239890]
  4  10 100, 0.244326 [0.014187/6.811865] [ 632/0.239890]
  4  10 150, 0.241184 [0.008071/6.802690] [ 682/0.239890]
  4  10 200, 0.244154 [0.009827/6.794090] [ 732/0.239890]
  4  10 250, 0.245808 [0.015521/6.785566] [ 782/0.239890]
  4  10 300, 0.241966 [0.018335/6.777150] [ 832/0.239890]
  4  10 350, 0.241503 [0.016294/6.770210] [ 882/0.239890]
Epoch 10 done. Evaluation:
(49928, 50000)
(8972, 10000)
  4  11  50, 0.250539 [0.017680/6.759490] [ 973/0.239890]
  4  11 100, 0.243209 [0.037822/6.752045] [1023/0.239890]
  4  11 150, 0.247484 [0.062345/6.745982] [1073/0.239890]
  4  11 200, 0.260271 [0.080531/6.745302] [1123/0.239890]
  4  11 250, 0.276366 [0.067209/6.750278] [1173/0.239890]
  4  11 300, 0.295587 [0.102583/6.760583] [1223/0.239890]
  4  11 350, 0.328445 [0.076380/6.776035] [1273/0.239890]
Epoch 11 done. Evaluation:
(49295, 50000)
(8101, 10000)
  4  12  50, 0.328694 [0.064515/6.801814] [1364/0.239890]
  4  12 100, 0.320943 [0.074017/6.810633] [1414/0.239890]
  4  12 150, 0.338236 [0.102501/6.823111] [1464/0.239890]
  4  12 200, 0.331156 [0.073281/6.833580] [1514/0.239890]
  4  12 250, 0.333556 [0.074634/6.844601] [1564/0.239890]
  4  12 300, 0.334380 [0.061843/6.853012] [1614/0.239890]
  4  12 350, 0.335901 [0.078661/6.860640] [1664/0.239890]
Epoch 12 done. Evaluation:
(48316, 50000)
(8534, 10000)
  4  13  50, 0.315337 [0.056361/6.874557] [1755/0.239890]
  4  13 100, 0.318025 [0.090280/6.882149] [1805/0.239890]
  4  13 150, 0.325913 [0.088002/6.889264] [1855/0.239890]
  4  13 200, 0.332860 [0.071533/6.896221] [1905/0.239890]
  4  13 250, 0.319720 [0.066158/6.901047] [1955/0.239890]
  4  13 300, 0.324153 [0.055926/6.908477] [2005/0.239890]
  4  13 350, 0.343685 [0.093877/6.918060] [2055/0.239890]
Epoch 13 done. Evaluation:
(48497, 50000)
(8422, 10000)
  4  14  50, 0.312938 [0.057037/6.927058] [2146/0.239890]
  4  14 100, 0.317224 [0.074941/6.932405] [2196/0.239890]
  4  14 150, 0.321975 [0.076640/6.937295] [2246/0.239890]
  4  14 200, 0.324753 [0.049164/6.943335] [2296/0.239890]
  4  14 250, 0.321733 [0.062918/6.948115] [2346/0.239890]
  4  14 300, 0.327792 [0.047607/6.952107] [2396/0.239890]
  4  14 350, 0.319967 [0.060547/6.954650] [2446/0.239890]
Epoch 14 done. Evaluation:
(48580, 50000)
(8393, 10000)
  4  15  50, 0.311328 [0.093462/6.962644] [2537/0.239890]
  4  15 100, 0.304528 [0.040085/6.963753] [2587/0.239890]
  4  15 150, 0.302083 [0.041059/6.964266] [2637/0.239890]
  4  15 200, 0.313565 [0.048579/6.967914] [2687/0.239890]
  4  15 250, 0.301941 [0.048748/6.969520] [2737/0.239890]
  4  15 300, 0.309506 [0.050374/6.972065] [2787/0.239890]
  4  15 350, 0.316122 [0.063714/6.976002] [2837/0.239890]
Epoch 15 done. Evaluation:
(48823, 50000)
(8732, 10000)
  4  16  50, 0.302902 [0.059870/6.980205] [2928/0.239890]
  4  16 100, 0.302600 [0.067019/6.981230] [2978/0.239890]
  4  16 150, 0.300602 [0.040323/6.981228] [3028/0.239890]
  4  16 200, 0.287777 [0.052373/6.979273] [3078/0.239890]
  4  16 250, 0.305366 [0.060324/6.980979] [3128/0.239890]
  4  16 300, 0.316446 [0.041353/6.983200] [3178/0.239890]
  4  16 350, 0.304415 [0.070936/6.984538] [3228/0.239890]
Epoch 16 done. Evaluation:
(48980, 50000)
(8020, 10000)
  4  17  50, 0.294326 [0.043013/6.984409] [3319/0.239890]
  4  17 100, 0.291511 [0.033535/6.983774] [3369/0.239890]
  4  17 150, 0.297880 [0.054230/6.983503] [3419/0.239890]
  4  17 200, 0.285676 [0.033318/6.982786] [3469/0.239890]
  4  17 250, 0.305749 [0.082659/6.986137] [3519/0.239890]
  4  17 300, 0.308974 [0.050693/6.988166] [3569/0.239890]
  4  17 350, 0.301590 [0.057545/6.989299] [3619/0.239890]
Epoch 17 done. Evaluation:
(49002, 50000)
(8706, 10000)
  4  18  50, 0.295156 [0.062929/6.991815] [3710/0.239890]
  4  18 100, 0.291983 [0.098535/6.991241] [3760/0.239890]
  4  18 150, 0.292326 [0.039134/6.991707] [3810/0.239890]
  4  18 200, 0.297388 [0.050379/6.991725] [3860/0.239890]
  4  18 250, 0.291480 [0.058566/6.990677] [3910/0.239890]
  4  18 300, 0.299795 [0.079617/6.991857] [3960/0.239890]
  4  18 350, 0.302663 [0.069586/6.993586] [4010/0.239890]
Epoch 18 done. Evaluation:
(49069, 50000)
(8649, 10000)
  4  19  50, 0.297069 [0.022603/6.995230] [4101/0.239890]
  4  19 100, 0.283735 [0.031203/6.992658] [4151/0.239890]
  4  19 150, 0.279798 [0.036076/6.989052] [4201/0.239890]
  4  19 200, 0.293674 [0.069508/6.989130] [4251/0.239890]
  4  19 250, 0.286877 [0.038221/6.988609] [4301/0.239890]
  4  19 300, 0.285734 [0.045226/6.988563] [4351/0.239890]
  4  19 350, 0.301296 [0.055680/6.991046] [4401/0.239890]
Epoch 19 done. Evaluation:
(49156, 50000)
(8594, 10000)
  5   0  50, 0.271253 [0.028753/6.986917] [4492/0.239890]
  5   0 100, 0.268323 [0.005094/6.982327] [4542/0.239890]
  5   0 150, 0.264859 [0.025900/6.977659] [4592/0.239890]
  5   0 200, 0.261360 [0.010755/6.972902] [4642/0.239890]
  5   0 250, 0.261741 [0.024069/6.968214] [4692/0.239890]
  5   0 300, 0.262941 [0.010474/6.963611] [4742/0.239890]
  5   0 350, 0.256197 [0.016733/6.958857] [4792/0.239890]
Epoch 0 done. Evaluation:
(49676, 50000)
(9017, 10000)
  5   1  50, 0.251545 [0.009518/6.949881] [4883/0.239890]
  5   1 100, 0.249258 [0.010896/6.944645] [4933/0.239890]
  5   1 150, 0.248751 [0.018746/6.939390] [4983/0.239890]
  5   1 200, 0.248063 [0.006229/6.934093] [5033/0.239890]
  5   1 250, 0.249696 [0.012773/6.928800] [5083/0.239890]
  5   1 300, 0.249300 [0.019020/6.923394] [5133/0.239890]
  5   1 350, 0.250490 [0.013668/6.918123] [5183/0.239890]
Epoch 1 done. Evaluation:
(49883, 50000)
(9079, 10000)
  5   2  50, 0.252393 [0.006504/6.908389] [5274/0.239890]
  5   2 100, 0.246293 [0.002019/6.903056] [5324/0.239890]
  5   2 150, 0.246616 [0.003299/6.897545] [5374/0.239890]
  5   2 200, 0.244187 [0.001297/6.892132] [5424/0.239890]
  5   2 250, 0.242628 [0.005582/6.886732] [5474/0.239890]
  5   2 300, 0.247068 [0.003441/6.881485] [5524/0.239890]
  5   2 350, 0.245861 [0.012425/6.876023] [5574/0.239890]
Epoch 2 done. Evaluation:
(49926, 50000)
(9061, 10000)
  5   3  50, 0.242576 [0.003603/6.866141] [5665/0.239890]
  5   3 100, 0.241592 [0.002338/6.860626] [5715/0.239890]
  5   3 150, 0.241793 [0.008154/6.855253] [5765/0.239890]
  5   3 200, 0.242815 [0.007205/6.849889] [5815/0.239890]
  5   3 250, 0.244155 [0.007677/6.844384] [5865/0.239890]
  5   3 300, 0.243475 [0.003938/6.839078] [5915/0.239890]
  5   3 350, 0.243097 [0.007058/6.833686] [5965/0.239890]
Epoch 3 done. Evaluation:
(49951, 50000)
(9100, 10000)
  5   4  50, 0.241488 [0.003946/6.823812] [6056/0.239890]
  5   4 100, 0.240021 [0.001857/6.818479] [6106/0.239890]
  5   4 150, 0.238271 [0.002244/6.812945] [   0/0.238271]
  5   4 200, 0.243127 [0.005790/6.807674] [  50/0.238271]
  5   4 250, 0.242601 [0.002990/6.802302] [ 100/0.238271]
  5   4 300, 0.242051 [0.004095/6.797041] [ 150/0.238271]
  5   4 350, 0.238253 [0.006218/6.791528] [   0/0.238253]
Epoch 4 done. Evaluation:
(49958, 50000)
(9093, 10000)
  5   5  50, 0.241477 [0.008343/6.781857] [  91/0.238253]
  5   5 100, 0.240044 [0.002597/6.776495] [ 141/0.238253]
  5   5 150, 0.239723 [0.002266/6.771320] [ 191/0.238253]
  5   5 200, 0.241452 [0.001506/6.766024] [ 241/0.238253]
  5   5 250, 0.236374 [0.002859/6.760708] [   0/0.236374]
  5   5 300, 0.241474 [0.003056/6.755610] [  50/0.236374]
  5   5 350, 0.238736 [0.003914/6.750349] [ 100/0.236374]
Epoch 5 done. Evaluation:
(49970, 50000)
(9131, 10000)
  5   6  50, 0.238327 [0.004439/6.741018] [ 191/0.236374]
  5   6 100, 0.240014 [0.005234/6.735720] [ 241/0.236374]
  5   6 150, 0.235640 [0.002409/6.730548] [   0/0.235640]
  5   6 200, 0.236888 [0.005243/6.725333] [  50/0.235640]
  5   6 250, 0.238469 [0.001897/6.720328] [ 100/0.235640]
  5   6 300, 0.235316 [0.002529/6.715164] [   0/0.235316]
  5   6 350, 0.236887 [0.001930/6.710158] [  50/0.235316]
Epoch 6 done. Evaluation:
(49973, 50000)
(9114, 10000)
  5   7  50, 0.237377 [0.003226/6.701049] [ 141/0.235316]
  5   7 100, 0.237509 [0.003572/6.696112] [ 191/0.235316]
  5   7 150, 0.240743 [0.003331/6.691234] [ 241/0.235316]
  5   7 200, 0.241616 [0.003422/6.686439] [ 291/0.235316]
  5   7 250, 0.238548 [0.003706/6.681577] [ 341/0.235316]
  5   7 300, 0.242562 [0.003099/6.676817] [ 391/0.235316]
  5   7 350, 0.237860 [0.007191/6.671850] [ 441/0.235316]
Epoch 7 done. Evaluation:
(49976, 50000)
(9110, 10000)
  5   8  50, 0.238424 [0.001945/6.663155] [ 532/0.235316]
  5   8 100, 0.236879 [0.002881/6.658250] [ 582/0.235316]
  5   8 150, 0.237957 [0.003863/6.653429] [ 632/0.235316]
  5   8 200, 0.236325 [0.001914/6.648638] [ 682/0.235316]
  5   8 250, 0.235960 [0.002778/6.643839] [ 732/0.235316]
  5   8 300, 0.241926 [0.002116/6.639134] [ 782/0.235316]
  5   8 350, 0.241696 [0.007814/6.634472] [ 832/0.235316]
Epoch 8 done. Evaluation:
(49974, 50000)
(9128, 10000)
  5   9  50, 0.236785 [0.004659/6.625943] [ 923/0.235316]
  5   9 100, 0.236980 [0.003220/6.621366] [ 973/0.235316]
  5   9 150, 0.238715 [0.001047/6.616888] [1023/0.235316]
  5   9 200, 0.237390 [0.002503/6.612324] [1073/0.235316]
  5   9 250, 0.239477 [0.003753/6.607735] [1123/0.235316]
  5   9 300, 0.238795 [0.002452/6.603155] [1173/0.235316]
  5   9 350, 0.240165 [0.002523/6.598744] [1223/0.235316]
Epoch 9 done. Evaluation:
(49978, 50000)
(9125, 10000)
  5  10  50, 0.236757 [0.001675/6.590695] [1314/0.235316]
  5  10 100, 0.239835 [0.000937/6.586187] [1364/0.235316]
  5  10 150, 0.236546 [0.002739/6.581753] [1414/0.235316]
  5  10 200, 0.237352 [0.003181/6.577328] [1464/0.235316]
  5  10 250, 0.239443 [0.002443/6.573061] [1514/0.235316]
  5  10 300, 0.237989 [0.002000/6.568839] [1564/0.235316]
  5  10 350, 0.240065 [0.002974/6.564488] [1614/0.235316]
Epoch 10 done. Evaluation:
(49976, 50000)
(9132, 10000)
  5  11  50, 0.237591 [0.002473/6.556737] [1705/0.235316]
  5  11 100, 0.238087 [0.003179/6.552485] [1755/0.235316]
  5  11 150, 0.237709 [0.001043/6.548239] [1805/0.235316]
  5  11 200, 0.238968 [0.001705/6.543849] [1855/0.235316]
  5  11 250, 0.239137 [0.004946/6.539709] [1905/0.235316]
  5  11 300, 0.239881 [0.002626/6.535592] [1955/0.235316]
  5  11 350, 0.237103 [0.004551/6.531519] [2005/0.235316]
Epoch 11 done. Evaluation:
(49978, 50000)
(9134, 10000)
  5  12  50, 0.239746 [0.001654/6.524085] [2096/0.235316]
  5  12 100, 0.234957 [0.001941/6.519845] [   0/0.234957]
  5  12 150, 0.235652 [0.002352/6.515665] [  50/0.234957]
  5  12 200, 0.239615 [0.002119/6.511636] [ 100/0.234957]
  5  12 250, 0.238042 [0.001513/6.507665] [ 150/0.234957]
  5  12 300, 0.241443 [0.000981/6.503702] [ 200/0.234957]
  5  12 350, 0.237818 [0.002203/6.499573] [ 250/0.234957]
Epoch 12 done. Evaluation:
(49976, 50000)
(9137, 10000)
  5  13  50, 0.237617 [0.002310/6.492504] [ 341/0.234957]
  5  13 100, 0.239731 [0.003358/6.488631] [ 391/0.234957]
  5  13 150, 0.235513 [0.002743/6.484551] [ 441/0.234957]
  5  13 200, 0.234036 [0.001809/6.480480] [   0/0.234036]
  5  13 250, 0.239399 [0.002123/6.476628] [  50/0.234036]
  5  13 300, 0.240959 [0.002628/6.472877] [ 100/0.234036]
  5  13 350, 0.241643 [0.001951/6.469213] [ 150/0.234036]
Epoch 13 done. Evaluation:
(49976, 50000)
(9125, 10000)
  5  14  50, 0.233020 [0.002130/6.462342] [   0/0.233020]
  5  14 100, 0.237480 [0.002103/6.458463] [  50/0.233020]
  5  14 150, 0.238546 [0.002532/6.454841] [ 100/0.233020]
  5  14 200, 0.238003 [0.002301/6.451055] [ 150/0.233020]
  5  14 250, 0.236545 [0.003034/6.447298] [ 200/0.233020]
  5  14 300, 0.237686 [0.002326/6.443640] [ 250/0.233020]
  5  14 350, 0.238955 [0.001369/6.440142] [ 300/0.233020]
Epoch 14 done. Evaluation:
(49984, 50000)
(9137, 10000)
  5  15  50, 0.237252 [0.004217/6.433665] [ 391/0.233020]
  5  15 100, 0.237009 [0.001917/6.430074] [ 441/0.233020]
  5  15 150, 0.238150 [0.001811/6.426431] [ 491/0.233020]
  5  15 200, 0.235268 [0.003756/6.422607] [ 541/0.233020]
  5  15 250, 0.236772 [0.001240/6.419018] [ 591/0.233020]
  5  15 300, 0.239354 [0.003787/6.415636] [ 641/0.233020]
  5  15 350, 0.236612 [0.003198/6.412187] [ 691/0.233020]
Epoch 15 done. Evaluation:
(49983, 50000)
(9141, 10000)
  5  16  50, 0.237647 [0.002486/6.405841] [ 782/0.233020]
  5  16 100, 0.234971 [0.003322/6.402162] [ 832/0.233020]
  5  16 150, 0.237499 [0.001989/6.398735] [ 882/0.233020]
  5  16 200, 0.237917 [0.002194/6.395221] [ 932/0.233020]
  5  16 250, 0.234868 [0.004176/6.391745] [ 982/0.233020]
  5  16 300, 0.240139 [0.003182/6.388377] [1032/0.233020]
  5  16 350, 0.238152 [0.001928/6.385003] [1082/0.233020]
Epoch 16 done. Evaluation:
(49979, 50000)
(8966, 10000)
  5  17  50, 0.238151 [0.004660/6.379457] [1173/0.233020]
  5  17 100, 0.237509 [0.002759/6.376278] [1223/0.233020]
  5  17 150, 0.239392 [0.004598/6.373036] [1273/0.233020]
  5  17 200, 0.238583 [0.004035/6.369711] [1323/0.233020]
  5  17 250, 0.238116 [0.005349/6.366634] [1373/0.233020]
  5  17 300, 0.238588 [0.001657/6.363425] [1423/0.233020]
  5  17 350, 0.236429 [0.001737/6.360281] [1473/0.233020]
Epoch 17 done. Evaluation:
(49981, 50000)
(9124, 10000)
  5  18  50, 0.239588 [0.004297/6.354702] [1564/0.233020]
  5  18 100, 0.238396 [0.003511/6.351447] [1614/0.233020]
  5  18 150, 0.237581 [0.002018/6.348231] [1664/0.233020]
  5  18 200, 0.234963 [0.001585/6.344977] [1714/0.233020]
  5  18 250, 0.238466 [0.003839/6.341850] [1764/0.233020]
  5  18 300, 0.234610 [0.002140/6.338623] [1814/0.233020]
  5  18 350, 0.240073 [0.002808/6.335682] [1864/0.233020]
Epoch 18 done. Evaluation:
(49982, 50000)
(9150, 10000)
  5  19  50, 0.237037 [0.002518/6.329897] [1955/0.233020]
  5  19 100, 0.234660 [0.002532/6.326797] [2005/0.233020]
  5  19 150, 0.239922 [0.002332/6.323946] [2055/0.233020]
  5  19 200, 0.238748 [0.001723/6.320964] [2105/0.233020]
  5  19 250, 0.237345 [0.003293/6.317946] [2155/0.233020]
  5  19 300, 0.237702 [0.002392/6.314968] [2205/0.233020]
  5  19 350, 0.237546 [0.002407/6.311981] [2255/0.233020]
Epoch 19 done. Evaluation:
(49980, 50000)
(9122, 10000)
  6   0  50, 0.239626 [0.000754/6.307965] [2346/0.233020]
  6   0 100, 0.238214 [0.001316/6.306535] [2396/0.233020]
  6   0 150, 0.237209 [0.002030/6.305033] [2446/0.233020]
  6   0 200, 0.237683 [0.002983/6.303539] [2496/0.233020]
  6   0 250, 0.236444 [0.001450/6.301984] [2546/0.233020]
  6   0 300, 0.240438 [0.001804/6.300591] [2596/0.233020]
  6   0 350, 0.238759 [0.002616/6.299173] [2646/0.233020]
Epoch 0 done. Evaluation:
(49981, 50000)
(9142, 10000)
  6   1  50, 0.237437 [0.000521/6.296464] [2737/0.233020]
  6   1 100, 0.238165 [0.000981/6.295036] [2787/0.233020]
  6   1 150, 0.235569 [0.001909/6.293538] [2837/0.233020]
  6   1 200, 0.237944 [0.001501/6.292033] [2887/0.233020]
  6   1 250, 0.238492 [0.000659/6.290598] [2937/0.233020]
  6   1 300, 0.237241 [0.004716/6.289147] [2987/0.233020]
  6   1 350, 0.234817 [0.001871/6.287548] [3037/0.233020]
Epoch 1 done. Evaluation:
(49985, 50000)
(9155, 10000)
  6   2  50, 0.236985 [0.000847/6.284963] [3128/0.233020]
  6   2 100, 0.240694 [0.000691/6.283539] [3178/0.233020]
  6   2 150, 0.238028 [0.001630/6.282031] [3228/0.233020]
  6   2 200, 0.240122 [0.001598/6.280626] [3278/0.233020]
  6   2 250, 0.240924 [0.000726/6.279203] [3328/0.233020]
  6   2 300, 0.236509 [0.001364/6.277744] [3378/0.233020]
  6   2 350, 0.236260 [0.000983/6.276368] [3428/0.233020]
Epoch 2 done. Evaluation:
(49979, 50000)
(9157, 10000)
  6   3  50, 0.237278 [0.001231/6.273809] [3519/0.233020]
  6   3 100, 0.241305 [0.000671/6.272504] [3569/0.233020]
  6   3 150, 0.241967 [0.000851/6.271084] [3619/0.233020]
  6   3 200, 0.238580 [0.000901/6.269702] [3669/0.233020]
  6   3 250, 0.236362 [0.001503/6.268285] [3719/0.233020]
  6   3 300, 0.234848 [0.001681/6.266905] [3769/0.233020]
  6   3 350, 0.234480 [0.001913/6.265424] [3819/0.233020]
Epoch 3 done. Evaluation:
(49981, 50000)
(9157, 10000)
  6   4  50, 0.237119 [0.001144/6.262975] [3910/0.233020]
  6   4 100, 0.237701 [0.000986/6.261475] [3960/0.233020]
  6   4 150, 0.238004 [0.001760/6.260107] [4010/0.233020]
  6   4 200, 0.239008 [0.001586/6.258759] [4060/0.233020]
  6   4 250, 0.235445 [0.001555/6.257350] [4110/0.233020]
  6   4 300, 0.238120 [0.001749/6.255909] [4160/0.233020]
  6   4 350, 0.237145 [0.002152/6.254578] [4210/0.233020]
Epoch 4 done. Evaluation:
(49982, 50000)
(9152, 10000)
  6   5  50, 0.236712 [0.000777/6.252183] [4301/0.233020]
  6   5 100, 0.235810 [0.000753/6.250697] [4351/0.233020]
  6   5 150, 0.236456 [0.001298/6.249365] [4401/0.233020]
  6   5 200, 0.238165 [0.001291/6.248069] [4451/0.233020]
  6   5 250, 0.235700 [0.001043/6.246671] [4501/0.233020]
  6   5 300, 0.237183 [0.000820/6.245359] [4551/0.233020]
  6   5 350, 0.239629 [0.002396/6.244044] [4601/0.233020]
Epoch 5 done. Evaluation:
(49983, 50000)
(9155, 10000)
  6   6  50, 0.235786 [0.001039/6.241559] [4692/0.233020]
  6   6 100, 0.238131 [0.001643/6.240136] [4742/0.233020]
  6   6 150, 0.239218 [0.001327/6.238874] [4792/0.233020]
  6   6 200, 0.239963 [0.001865/6.237674] [4842/0.233020]
  6   6 250, 0.235639 [0.001071/6.236365] [4892/0.233020]
  6   6 300, 0.240466 [0.002260/6.235113] [4942/0.233020]
  6   6 350, 0.235129 [0.002409/6.233778] [4992/0.233020]
Epoch 6 done. Evaluation:
(49984, 50000)
(9153, 10000)
  6   7  50, 0.237279 [0.001242/6.231366] [5083/0.233020]
  6   7 100, 0.237638 [0.001305/6.230116] [5133/0.233020]
  6   7 150, 0.237868 [0.001338/6.228839] [5183/0.233020]
  6   7 200, 0.238761 [0.000634/6.227535] [5233/0.233020]
  6   7 250, 0.237528 [0.001246/6.226176] [5283/0.233020]
  6   7 300, 0.238397 [0.001523/6.224830] [5333/0.233020]
  6   7 350, 0.236867 [0.001275/6.223554] [5383/0.233020]
Epoch 7 done. Evaluation:
(49984, 50000)
(9171, 10000)
  6   8  50, 0.242302 [0.001181/6.221340] [5474/0.233020]
  6   8 100, 0.238216 [0.000955/6.220040] [5524/0.233020]
  6   8 150, 0.236175 [0.000611/6.218735] [5574/0.233020]
  6   8 200, 0.236199 [0.001570/6.217449] [5624/0.233020]
  6   8 250, 0.237145 [0.000633/6.216175] [5674/0.233020]
  6   8 300, 0.237085 [0.001138/6.214932] [5724/0.233020]
  6   8 350, 0.236522 [0.001059/6.213678] [5774/0.233020]
Epoch 8 done. Evaluation:
(49982, 50000)
(9159, 10000)
  6   9  50, 0.238089 [0.000990/6.211382] [5865/0.233020]
  6   9 100, 0.237979 [0.000701/6.210128] [5915/0.233020]
  6   9 150, 0.237543 [0.000629/6.208908] [5965/0.233020]
  6   9 200, 0.238981 [0.001046/6.207743] [6015/0.233020]
  6   9 250, 0.240305 [0.002424/6.206580] [6065/0.233020]
  6   9 300, 0.239444 [0.001386/6.205379] [6115/0.233020]
  6   9 350, 0.236450 [0.001502/6.204074] [6165/0.233020]
Epoch 9 done. Evaluation:
(49982, 50000)
(9153, 10000)
  6  10  50, 0.236584 [0.000756/6.201813] [6256/0.233020]
  6  10 100, 0.238595 [0.001680/6.200635] [6306/0.233020]
  6  10 150, 0.236633 [0.001565/6.199329] [6356/0.233020]
  6  10 200, 0.237318 [0.001645/6.198068] [6406/0.233020]
  6  10 250, 0.240134 [0.001606/6.196902] [6456/0.233020]
  6  10 300, 0.237520 [0.000992/6.195715] [6506/0.233020]
  6  10 350, 0.238343 [0.001153/6.194535] [6556/0.233020]
Epoch 10 done. Evaluation:
(49983, 50000)
(9158, 10000)
  6  11  50, 0.237404 [0.001773/6.192395] [6647/0.233020]
  6  11 100, 0.238069 [0.002910/6.191205] [6697/0.233020]
  6  11 150, 0.237543 [0.001946/6.190069] [6747/0.233020]
  6  11 200, 0.238238 [0.001782/6.188890] [6797/0.233020]
  6  11 250, 0.235778 [0.001187/6.187621] [6847/0.233020]
  6  11 300, 0.238383 [0.003094/6.186390] [6897/0.233020]
  6  11 350, 0.236628 [0.000899/6.185166] [6947/0.233020]
Epoch 11 done. Evaluation:
(49984, 50000)
(9159, 10000)
  6  12  50, 0.237650 [0.001271/6.182946] [7038/0.233020]
  6  12 100, 0.238218 [0.001687/6.181758] [7088/0.233020]
  6  12 150, 0.236998 [0.002733/6.180578] [7138/0.233020]
  6  12 200, 0.237156 [0.001262/6.179414] [7188/0.233020]
  6  12 250, 0.236500 [0.001139/6.178203] [7238/0.233020]
  6  12 300, 0.231901 [0.002126/6.176968] [   0/0.231901]
  6  12 350, 0.235278 [0.001036/6.175743] [  50/0.231901]
Epoch 12 done. Evaluation:
(49985, 50000)
(9159, 10000)
  6  13  50, 0.239329 [0.001448/6.173821] [ 141/0.231901]
  6  13 100, 0.237055 [0.001511/6.172613] [ 191/0.231901]
  6  13 150, 0.234032 [0.000731/6.171390] [ 241/0.231901]
  6  13 200, 0.239507 [0.001611/6.170281] [ 291/0.231901]
  6  13 250, 0.239637 [0.002542/6.169208] [ 341/0.231901]
  6  13 300, 0.238683 [0.001371/6.168118] [ 391/0.231901]
  6  13 350, 0.236129 [0.002034/6.166899] [ 441/0.231901]
Epoch 13 done. Evaluation:
(49983, 50000)
(9154, 10000)
  6  14  50, 0.236970 [0.000795/6.164905] [ 532/0.231901]
  6  14 100, 0.235747 [0.000818/6.163762] [ 582/0.231901]
  6  14 150, 0.238809 [0.001173/6.162571] [ 632/0.231901]
  6  14 200, 0.235872 [0.001174/6.161512] [ 682/0.231901]
  6  14 250, 0.232470 [0.001686/6.160279] [ 732/0.231901]
  6  14 300, 0.238294 [0.001318/6.159200] [ 782/0.231901]
  6  14 350, 0.236734 [0.001957/6.158106] [ 832/0.231901]
Epoch 14 done. Evaluation:
(49988, 50000)
(9159, 10000)
  6  15  50, 0.236349 [0.001125/6.156027] [ 923/0.231901]
  6  15 100, 0.240708 [0.002067/6.155033] [ 973/0.231901]
  6  15 150, 0.238255 [0.004595/6.153912] [1023/0.231901]
  6  15 200, 0.235143 [0.001045/6.152757] [1073/0.231901]
  6  15 250, 0.239516 [0.002022/6.151710] [1123/0.231901]
  6  15 300, 0.241343 [0.001375/6.150700] [1173/0.231901]
  6  15 350, 0.234614 [0.000934/6.149623] [1223/0.231901]
Epoch 15 done. Evaluation:
(49986, 50000)
(9151, 10000)
  6  16  50, 0.240397 [0.001248/6.147598] [1314/0.231901]
  6  16 100, 0.239453 [0.001554/6.146574] [1364/0.231901]
  6  16 150, 0.235800 [0.002177/6.145470] [1414/0.231901]
  6  16 200, 0.235128 [0.001771/6.144375] [1464/0.231901]
  6  16 250, 0.239683 [0.002082/6.143333] [1514/0.231901]
  6  16 300, 0.240424 [0.000724/6.142336] [1564/0.231901]
  6  16 350, 0.237141 [0.002061/6.141211] [1614/0.231901]
Epoch 16 done. Evaluation:
(49985, 50000)
(9157, 10000)
  6  17  50, 0.238854 [0.001564/6.139365] [1705/0.231901]
  6  17 100, 0.239941 [0.006539/6.138362] [1755/0.231901]
  6  17 150, 0.236558 [0.001641/6.137279] [1805/0.231901]
  6  17 200, 0.240702 [0.001264/6.136205] [1855/0.231901]
  6  17 250, 0.237105 [0.001609/6.135154] [1905/0.231901]
  6  17 300, 0.237514 [0.001991/6.134140] [1955/0.231901]
  6  17 350, 0.238166 [0.001061/6.133112] [2005/0.231901]
Epoch 17 done. Evaluation:
(49986, 50000)
(9165, 10000)
  6  18  50, 0.238940 [0.001311/6.131213] [2096/0.231901]
  6  18 100, 0.239425 [0.003194/6.130171] [2146/0.231901]
  6  18 150, 0.236816 [0.003301/6.129113] [2196/0.231901]
  6  18 200, 0.235894 [0.002956/6.128009] [2246/0.231901]
  6  18 250, 0.238562 [0.002786/6.126956] [2296/0.231901]
  6  18 300, 0.237205 [0.001485/6.125951] [2346/0.231901]
  6  18 350, 0.241644 [0.003273/6.124988] [2396/0.231901]
Epoch 18 done. Evaluation:
(49984, 50000)
(9165, 10000)
  6  19  50, 0.234974 [0.001499/6.123070] [2487/0.231901]
  6  19 100, 0.239052 [0.003070/6.121979] [2537/0.231901]
  6  19 150, 0.237598 [0.001078/6.120924] [2587/0.231901]
  6  19 200, 0.239353 [0.001620/6.119960] [2637/0.231901]
  6  19 250, 0.237778 [0.000602/6.118893] [2687/0.231901]
  6  19 300, 0.239281 [0.001866/6.117922] [2737/0.231901]
  6  19 350, 0.232454 [0.001179/6.116794] [2787/0.231901]
Epoch 19 done. Evaluation:
(49984, 50000)
(9159, 10000)
  7   0  50, 0.235881 [0.000703/6.115456] [2878/0.231901]
  7   0 100, 0.235405 [0.000642/6.114909] [2928/0.231901]
  7   0 150, 0.236451 [0.000484/6.114412] [2978/0.231901]
  7   0 200, 0.235906 [0.000239/6.113852] [3028/0.231901]
  7   0 250, 0.235846 [0.000576/6.113329] [3078/0.231901]
  7   0 300, 0.237983 [0.000474/6.112814] [3128/0.231901]
  7   0 350, 0.235673 [0.001079/6.112279] [3178/0.231901]
Epoch 0 done. Evaluation:
(49987, 50000)
(9170, 10000)
  7   1  50, 0.236968 [0.000592/6.111347] [3269/0.231901]
  7   1 100, 0.236840 [0.001246/6.110816] [3319/0.231901]
  7   1 150, 0.235217 [0.000515/6.110273] [3369/0.231901]
  7   1 200, 0.238143 [0.000365/6.109753] [3419/0.231901]
  7   1 250, 0.239200 [0.000728/6.109222] [3469/0.231901]
  7   1 300, 0.234330 [0.000431/6.108684] [3519/0.231901]
  7   1 350, 0.238767 [0.000590/6.108181] [3569/0.231901]
Epoch 1 done. Evaluation:
(49982, 50000)
(9161, 10000)
  7   2  50, 0.236270 [0.000875/6.107235] [3660/0.231901]
  7   2 100, 0.237446 [0.000665/6.106756] [3710/0.231901]
  7   2 150, 0.237992 [0.000669/6.106259] [3760/0.231901]
  7   2 200, 0.237283 [0.000629/6.105782] [3810/0.231901]
  7   2 250, 0.234025 [0.000744/6.105217] [3860/0.231901]
  7   2 300, 0.234376 [0.000630/6.104658] [3910/0.231901]
  7   2 350, 0.236459 [0.000624/6.104155] [3960/0.231901]
Epoch 2 done. Evaluation:
(49985, 50000)
(9161, 10000)
  7   3  50, 0.236541 [0.000679/6.103242] [4051/0.231901]
  7   3 100, 0.235604 [0.000719/6.102721] [4101/0.231901]
  7   3 150, 0.237107 [0.000828/6.102208] [4151/0.231901]
  7   3 200, 0.236782 [0.000628/6.101714] [4201/0.231901]
  7   3 250, 0.240077 [0.000656/6.101241] [4251/0.231901]
  7   3 300, 0.233849 [0.000563/6.100704] [4301/0.231901]
  7   3 350, 0.236795 [0.001381/6.100209] [4351/0.231901]
Epoch 3 done. Evaluation:
(49987, 50000)
(9167, 10000)
  7   4  50, 0.236992 [0.000494/6.099273] [4442/0.231901]
  7   4 100, 0.235540 [0.000491/6.098758] [4492/0.231901]
  7   4 150, 0.234084 [0.000412/6.098236] [4542/0.231901]
  7   4 200, 0.236816 [0.000550/6.097726] [4592/0.231901]
  7   4 250, 0.236143 [0.000745/6.097169] [4642/0.231901]
  7   4 300, 0.237110 [0.000686/6.096693] [4692/0.231901]
  7   4 350, 0.244876 [0.001205/6.096315] [4742/0.231901]
Epoch 4 done. Evaluation:
(49986, 50000)
(9171, 10000)
  7   5  50, 0.235989 [0.001368/6.095415] [4833/0.231901]
  7   5 100, 0.239402 [0.001343/6.094918] [4883/0.231901]
  7   5 150, 0.236809 [0.000534/6.094439] [4933/0.231901]
  7   5 200, 0.237782 [0.000756/6.093999] [4983/0.231901]
  7   5 250, 0.238896 [0.000927/6.093488] [5033/0.231901]
  7   5 300, 0.237151 [0.000637/6.092983] [5083/0.231901]
  7   5 350, 0.237738 [0.000596/6.092510] [5133/0.231901]
Epoch 5 done. Evaluation:
(49987, 50000)
(9175, 10000)
  7   6  50, 0.240408 [0.000622/6.091645] [5224/0.231901]
  7   6 100, 0.234607 [0.000548/6.091149] [5274/0.231901]
  7   6 150, 0.240188 [0.000578/6.090662] [5324/0.231901]
  7   6 200, 0.237994 [0.000873/6.090194] [5374/0.231901]
  7   6 250, 0.234841 [0.000426/6.089694] [5424/0.231901]
  7   6 300, 0.237497 [0.000565/6.089193] [5474/0.231901]
  7   6 350, 0.236673 [0.000740/6.088691] [5524/0.231901]
Epoch 6 done. Evaluation:
(49984, 50000)
(9160, 10000)
  7   7  50, 0.235793 [0.000530/6.087844] [5615/0.231901]
  7   7 100, 0.237695 [0.000503/6.087369] [5665/0.231901]
  7   7 150, 0.238666 [0.000926/6.086881] [5715/0.231901]
  7   7 200, 0.235827 [0.000941/6.086380] [5765/0.231901]
  7   7 250, 0.236791 [0.000806/6.085887] [5815/0.231901]
  7   7 300, 0.238078 [0.001217/6.085444] [5865/0.231901]
  7   7 350, 0.234006 [0.000708/6.084955] [5915/0.231901]
Epoch 7 done. Evaluation:
(49991, 50000)
(9153, 10000)
  7   8  50, 0.235662 [0.000607/6.084069] [6006/0.231901]
  7   8 100, 0.238391 [0.000548/6.083613] [6056/0.231901]
  7   8 150, 0.237381 [0.000492/6.083166] [6106/0.231901]
  7   8 200, 0.239730 [0.000562/6.082684] [6156/0.231901]
  7   8 250, 0.235077 [0.000506/6.082190] [6206/0.231901]
  7   8 300, 0.235690 [0.000920/6.081713] [6256/0.231901]
  7   8 350, 0.237292 [0.000378/6.081226] [6306/0.231901]
Epoch 8 done. Evaluation:
(49989, 50000)
(9167, 10000)
  7   9  50, 0.237275 [0.000745/6.080328] [6397/0.231901]
  7   9 100, 0.236164 [0.000819/6.079855] [6447/0.231901]
  7   9 150, 0.235753 [0.000296/6.079344] [6497/0.231901]
  7   9 200, 0.235048 [0.001178/6.078858] [6547/0.231901]
  7   9 250, 0.236279 [0.000587/6.078345] [6597/0.231901]
  7   9 300, 0.238743 [0.000614/6.077916] [6647/0.231901]
  7   9 350, 0.236862 [0.002008/6.077422] [6697/0.231901]
Epoch 9 done. Evaluation:
(49987, 50000)
(9163, 10000)
  7  10  50, 0.236099 [0.000500/6.076519] [6788/0.231901]
  7  10 100, 0.234689 [0.000951/6.076010] [6838/0.231901]
  7  10 150, 0.239298 [0.001606/6.075553] [6888/0.231901]
  7  10 200, 0.239940 [0.000559/6.075102] [6938/0.231901]
  7  10 250, 0.236786 [0.000331/6.074668] [6988/0.231901]
  7  10 300, 0.237705 [0.000776/6.074198] [7038/0.231901]
  7  10 350, 0.235252 [0.000635/6.073733] [7088/0.231901]
Epoch 10 done. Evaluation:
(49987, 50000)
(9163, 10000)
  7  11  50, 0.237577 [0.000432/6.072930] [7179/0.231901]
  7  11 100, 0.234290 [0.000841/6.072435] [7229/0.231901]
  7  11 150, 0.237161 [0.000623/6.071978] [7279/0.231901]
  7  11 200, 0.236904 [0.000969/6.071513] [7329/0.231901]
  7  11 250, 0.237120 [0.000628/6.071029] [7379/0.231901]
  7  11 300, 0.240052 [0.000607/6.070583] [7429/0.231901]
  7  11 350, 0.237566 [0.000719/6.070117] [7479/0.231901]
Epoch 11 done. Evaluation:
(49988, 50000)
(9162, 10000)
  7  12  50, 0.238459 [0.000755/6.069296] [7570/0.231901]
  7  12 100, 0.235788 [0.000822/6.068827] [7620/0.231901]
  7  12 150, 0.239508 [0.001752/6.068380] [7670/0.231901]
  7  12 200, 0.240795 [0.000905/6.067930] [7720/0.231901]
  7  12 250, 0.234910 [0.000539/6.067469] [7770/0.231901]
  7  12 300, 0.236780 [0.000923/6.067002] [7820/0.231901]
  7  12 350, 0.237196 [0.000953/6.066535] [7870/0.231901]
Epoch 12 done. Evaluation:
(49989, 50000)
(9171, 10000)
  7  13  50, 0.237589 [0.000957/6.065719] [7961/0.231901]
  7  13 100, 0.237095 [0.000657/6.065276] [8011/0.231901]
  7  13 150, 0.237172 [0.000462/6.064832] [8061/0.231901]
  7  13 200, 0.237698 [0.000350/6.064395] [8111/0.231901]
  7  13 250, 0.237984 [0.000463/6.063925] [8161/0.231901]
  7  13 300, 0.234850 [0.000934/6.063474] [8211/0.231901]
  7  13 350, 0.236734 [0.000380/6.063024] [8261/0.231901]
Epoch 13 done. Evaluation:
(49988, 50000)
(9169, 10000)
  7  14  50, 0.236606 [0.000751/6.062132] [8352/0.231901]
  7  14 100, 0.235994 [0.000584/6.061684] [8402/0.231901]
  7  14 150, 0.237305 [0.000493/6.061231] [8452/0.231901]
  7  14 200, 0.236472 [0.000636/6.060763] [8502/0.231901]
  7  14 250, 0.238740 [0.000731/6.060305] [8552/0.231901]
  7  14 300, 0.236271 [0.000924/6.059863] [8602/0.231901]
  7  14 350, 0.239180 [0.000611/6.059458] [8652/0.231901]
Epoch 14 done. Evaluation:
(49988, 50000)
(9166, 10000)
  7  15  50, 0.236291 [0.000794/6.058633] [8743/0.231901]
  7  15 100, 0.238296 [0.000547/6.058221] [8793/0.231901]
  7  15 150, 0.236260 [0.000875/6.057753] [8843/0.231901]
  7  15 200, 0.237300 [0.000369/6.057296] [8893/0.231901]
  7  15 250, 0.234548 [0.000906/6.056817] [8943/0.231901]
  7  15 300, 0.236513 [0.000584/6.056379] [8993/0.231901]
  7  15 350, 0.236974 [0.000461/6.055937] [9043/0.231901]
Epoch 15 done. Evaluation:
(49992, 50000)
(9156, 10000)
  7  16  50, 0.236772 [0.000839/6.055130] [9134/0.231901]
  7  16 100, 0.236442 [0.000489/6.054687] [9184/0.231901]
  7  16 150, 0.238882 [0.000664/6.054301] [9234/0.231901]
  7  16 200, 0.240406 [0.000701/6.053901] [9284/0.231901]
  7  16 250, 0.235891 [0.001076/6.053462] [9334/0.231901]
  7  16 300, 0.239815 [0.000550/6.053059] [9384/0.231901]
  7  16 350, 0.236535 [0.000741/6.052603] [9434/0.231901]
Epoch 16 done. Evaluation:
(49989, 50000)
(9168, 10000)
  7  17  50, 0.235107 [0.001063/6.051783] [9525/0.231901]
  7  17 100, 0.237589 [0.000457/6.051357] [9575/0.231901]
  7  17 150, 0.239643 [0.000400/6.050937] [9625/0.231901]
  7  17 200, 0.234942 [0.000973/6.050471] [9675/0.231901]
  7  17 250, 0.234166 [0.000912/6.049997] [9725/0.231901]
  7  17 300, 0.235062 [0.000821/6.049523] [9775/0.231901]
  7  17 350, 0.235473 [0.000521/6.049087] [9825/0.231901]
Epoch 17 done. Evaluation:
(49991, 50000)
(9155, 10000)
  7  18  50, 0.232763 [0.001030/6.048281] [9916/0.231901]
  7  18 100, 0.236970 [0.000609/6.047790] [9966/0.231901]
  7  18 150, 0.236886 [0.000405/6.047365] [10016/0.231901]
  7  18 200, 0.236845 [0.000797/6.046917] [10066/0.231901]
  7  18 250, 0.237568 [0.000772/6.046504] [10116/0.231901]
  7  18 300, 0.234402 [0.000599/6.046009] [10166/0.231901]
  7  18 350, 0.237050 [0.001058/6.045584] [10216/0.231901]
Epoch 18 done. Evaluation:
(49990, 50000)
(9160, 10000)
  7  19  50, 0.236079 [0.000440/6.044817] [10307/0.231901]
  7  19 100, 0.237569 [0.000526/6.044391] [10357/0.231901]
  7  19 150, 0.235026 [0.001330/6.043924] [10407/0.231901]
  7  19 200, 0.238600 [0.000720/6.043535] [10457/0.231901]
  7  19 250, 0.236607 [0.000928/6.043111] [10507/0.231901]
  7  19 300, 0.237422 [0.000759/6.042694] [10557/0.231901]
  7  19 350, 0.236640 [0.000545/6.042275] [10607/0.231901]
Epoch 19 done. Evaluation:
(49988, 50000)
(9176, 10000)
  8   0  50, 0.234912 [0.000573/6.041701] [10698/0.231901]
  8   0 100, 0.238165 [0.000758/6.041492] [10748/0.231901]
  8   0 150, 0.234076 [0.000206/6.041256] [10798/0.231901]
  8   0 200, 0.234500 [0.000335/6.041030] [10848/0.231901]
  8   0 250, 0.234511 [0.000280/6.040821] [10898/0.231901]
  8   0 300, 0.236360 [0.000204/6.040597] [10948/0.231901]
  8   0 350, 0.236084 [0.000429/6.040371] [10998/0.231901]
Epoch 0 done. Evaluation:
(49992, 50000)
(9165, 10000)
  8   1  50, 0.236746 [0.000404/6.039969] [11089/0.231901]
  8   1 100, 0.236642 [0.000345/6.039765] [11139/0.231901]
  8   1 150, 0.234538 [0.000227/6.039540] [11189/0.231901]
  8   1 200, 0.237493 [0.000944/6.039341] [11239/0.231901]
  8   1 250, 0.239220 [0.000337/6.039134] [11289/0.231901]
  8   1 300, 0.235307 [0.000515/6.038936] [11339/0.231901]
  8   1 350, 0.236318 [0.000363/6.038705] [11389/0.231901]
Epoch 1 done. Evaluation:
(49990, 50000)
(9170, 10000)
  8   2  50, 0.236244 [0.000255/6.038299] [11480/0.231901]
  8   2 100, 0.232684 [0.000264/6.038066] [11530/0.231901]
  8   2 150, 0.235848 [0.000341/6.037862] [11580/0.231901]
  8   2 200, 0.239082 [0.000204/6.037652] [11630/0.231901]
  8   2 250, 0.233850 [0.000384/6.037419] [11680/0.231901]
  8   2 300, 0.239671 [0.000562/6.037234] [11730/0.231901]
  8   2 350, 0.235329 [0.000555/6.036992] [11780/0.231901]
Epoch 2 done. Evaluation:
(49992, 50000)
(9169, 10000)
  8   3  50, 0.236537 [0.000484/6.036591] [11871/0.231901]
  8   3 100, 0.237453 [0.000384/6.036374] [11921/0.231901]
  8   3 150, 0.239442 [0.000270/6.036172] [11971/0.231901]
  8   3 200, 0.236298 [0.000426/6.035952] [12021/0.231901]
  8   3 250, 0.236204 [0.000345/6.035735] [12071/0.231901]
  8   3 300, 0.239056 [0.000267/6.035533] [12121/0.231901]
  8   3 350, 0.233704 [0.000375/6.035288] [12171/0.231901]
Epoch 3 done. Evaluation:
(49990, 50000)
(9161, 10000)
  8   4  50, 0.235313 [0.000192/6.034899] [12262/0.231901]
  8   4 100, 0.240606 [0.000496/6.034702] [12312/0.231901]
  8   4 150, 0.235895 [0.000348/6.034484] [12362/0.231901]
  8   4 200, 0.238584 [0.000469/6.034276] [12412/0.231901]
  8   4 250, 0.237413 [0.000574/6.034063] [12462/0.231901]
  8   4 300, 0.234525 [0.000312/6.033831] [12512/0.231901]
  8   4 350, 0.238681 [0.000350/6.033634] [12562/0.231901]
Epoch 4 done. Evaluation:
(49988, 50000)
(9165, 10000)
  8   5  50, 0.236790 [0.000277/6.033240] [12653/0.231901]
  8   5 100, 0.235221 [0.000266/6.033009] [12703/0.231901]
  8   5 150, 0.238526 [0.000390/6.032796] [12753/0.231901]
  8   5 200, 0.237788 [0.000340/6.032584] [12803/0.231901]
  8   5 250, 0.237869 [0.000230/6.032366] [12853/0.231901]
  8   5 300, 0.237206 [0.000266/6.032167] [12903/0.231901]
  8   5 350, 0.238321 [0.000631/6.031962] [12953/0.231901]
Epoch 5 done. Evaluation:
(49989, 50000)
(9166, 10000)
  8   6  50, 0.238803 [0.000204/6.031596] [13044/0.231901]
  8   6 100, 0.236133 [0.000488/6.031395] [13094/0.231901]
  8   6 150, 0.237848 [0.000319/6.031190] [13144/0.231901]
  8   6 200, 0.240566 [0.000286/6.031012] [13194/0.231901]
  8   6 250, 0.236260 [0.000291/6.030808] [13244/0.231901]
  8   6 300, 0.235235 [0.000505/6.030584] [13294/0.231901]
  8   6 350, 0.242295 [0.000340/6.030402] [13344/0.231901]
Epoch 6 done. Evaluation:
(49991, 50000)
(9157, 10000)
  8   7  50, 0.236232 [0.001063/6.030009] [13435/0.231901]
  8   7 100, 0.239547 [0.000501/6.029813] [13485/0.231901]
  8   7 150, 0.235375 [0.000314/6.029595] [13535/0.231901]
  8   7 200, 0.237557 [0.000310/6.029381] [13585/0.231901]
  8   7 250, 0.231891 [0.000291/6.029129] [   0/0.231891]
  8   7 300, 0.235865 [0.000286/6.028907] [  50/0.231891]
  8   7 350, 0.239176 [0.000326/6.028700] [ 100/0.231891]
Epoch 7 done. Evaluation:
(49992, 50000)
(9168, 10000)
  8   8  50, 0.240604 [0.000244/6.028312] [ 191/0.231891]
  8   8 100, 0.237572 [0.000561/6.028125] [ 241/0.231891]
  8   8 150, 0.235896 [0.000399/6.027903] [ 291/0.231891]
  8   8 200, 0.234432 [0.000171/6.027679] [ 341/0.231891]
  8   8 250, 0.237800 [0.000629/6.027477] [ 391/0.231891]
  8   8 300, 0.238186 [0.000342/6.027262] [ 441/0.231891]
  8   8 350, 0.236407 [0.000288/6.027033] [ 491/0.231891]
Epoch 8 done. Evaluation:
(49990, 50000)
(9152, 10000)
  8   9  50, 0.237671 [0.000233/6.026668] [ 582/0.231891]
  8   9 100, 0.234199 [0.000274/6.026447] [ 632/0.231891]
  8   9 150, 0.236213 [0.000615/6.026238] [ 682/0.231891]
  8   9 200, 0.238127 [0.000410/6.026031] [ 732/0.231891]
  8   9 250, 0.236288 [0.000446/6.025823] [ 782/0.231891]
  8   9 300, 0.238841 [0.000507/6.025626] [ 832/0.231891]
  8   9 350, 0.234233 [0.000538/6.025396] [ 882/0.231891]
Epoch 9 done. Evaluation:
(49989, 50000)
(9128, 10000)
  8  10  50, 0.237907 [0.000386/6.025034] [ 973/0.231891]
  8  10 100, 0.234855 [0.000443/6.024817] [1023/0.231891]
  8  10 150, 0.237034 [0.000379/6.024613] [1073/0.231891]
  8  10 200, 0.236186 [0.000369/6.024415] [1123/0.231891]
  8  10 250, 0.237355 [0.000638/6.024228] [1173/0.231891]
  8  10 300, 0.237008 [0.000281/6.024025] [1223/0.231891]
  8  10 350, 0.236958 [0.000435/6.023824] [1273/0.231891]
Epoch 10 done. Evaluation:
(49991, 50000)
(9160, 10000)
  8  11  50, 0.234820 [0.000267/6.023436] [1364/0.231891]
  8  11 100, 0.237691 [0.000528/6.023244] [1414/0.231891]
  8  11 150, 0.234588 [0.000346/6.023031] [1464/0.231891]
  8  11 200, 0.236936 [0.000336/6.022828] [1514/0.231891]
  8  11 250, 0.238552 [0.000259/6.022632] [1564/0.231891]
  8  11 300, 0.236036 [0.000370/6.022417] [1614/0.231891]
  8  11 350, 0.234616 [0.000260/6.022201] [1664/0.231891]
Epoch 11 done. Evaluation:
(49991, 50000)
(9164, 10000)
  8  12  50, 0.235818 [0.000275/6.021832] [1755/0.231891]
  8  12 100, 0.237626 [0.000176/6.021644] [1805/0.231891]
  8  12 150, 0.234691 [0.000462/6.021429] [1855/0.231891]
  8  12 200, 0.236970 [0.000224/6.021208] [1905/0.231891]
  8  12 250, 0.238438 [0.000293/6.021005] [1955/0.231891]
  8  12 300, 0.237546 [0.000285/6.020802] [2005/0.231891]
  8  12 350, 0.235531 [0.000309/6.020595] [2055/0.231891]
Epoch 12 done. Evaluation:
(49990, 50000)
(9164, 10000)
  8  13  50, 0.238893 [0.000232/6.020233] [2146/0.231891]
  8  13 100, 0.239486 [0.000252/6.020037] [2196/0.231891]
  8  13 150, 0.237843 [0.000199/6.019841] [2246/0.231891]
  8  13 200, 0.235235 [0.000443/6.019630] [2296/0.231891]
  8  13 250, 0.239629 [0.000426/6.019427] [2346/0.231891]
  8  13 300, 0.237715 [0.000427/6.019222] [2396/0.231891]
  8  13 350, 0.235077 [0.000438/6.019006] [2446/0.231891]
Epoch 13 done. Evaluation:
(49989, 50000)
(9162, 10000)
  8  14  50, 0.242303 [0.000331/6.018665] [2537/0.231891]
  8  14 100, 0.238007 [0.000538/6.018464] [2587/0.231891]
  8  14 150, 0.234317 [0.000290/6.018239] [2637/0.231891]
  8  14 200, 0.238031 [0.000271/6.018030] [2687/0.231891]
  8  14 250, 0.237942 [0.000336/6.017838] [2737/0.231891]
  8  14 300, 0.236270 [0.000213/6.017611] [2787/0.231891]
  8  14 350, 0.235837 [0.000445/6.017406] [2837/0.231891]
Epoch 14 done. Evaluation:
(49988, 50000)
(9161, 10000)
  8  15  50, 0.236970 [0.000520/6.017046] [2928/0.231891]
  8  15 100, 0.234514 [0.000340/6.016824] [2978/0.231891]
  8  15 150, 0.235417 [0.000387/6.016615] [3028/0.231891]
  8  15 200, 0.237924 [0.000240/6.016413] [3078/0.231891]
  8  15 250, 0.237876 [0.000282/6.016215] [3128/0.231891]
  8  15 300, 0.236394 [0.000337/6.016005] [3178/0.231891]
  8  15 350, 0.239642 [0.000447/6.015820] [3228/0.231891]
Epoch 15 done. Evaluation:
(49987, 50000)
(9161, 10000)
  8  16  50, 0.237956 [0.000357/6.015468] [3319/0.231891]
  8  16 100, 0.236972 [0.000418/6.015277] [3369/0.231891]
  8  16 150, 0.237153 [0.000491/6.015084] [3419/0.231891]
  8  16 200, 0.236466 [0.000300/6.014882] [3469/0.231891]
  8  16 250, 0.237376 [0.000464/6.014700] [3519/0.231891]
  8  16 300, 0.241093 [0.000353/6.014521] [3569/0.231891]
  8  16 350, 0.233684 [0.000412/6.014293] [3619/0.231891]
Epoch 16 done. Evaluation:
(49990, 50000)
(9147, 10000)
  8  17  50, 0.235028 [0.000222/6.013906] [3710/0.231891]
  8  17 100, 0.235898 [0.000303/6.013699] [3760/0.231891]
  8  17 150, 0.237739 [0.000493/6.013501] [3810/0.231891]
  8  17 200, 0.239619 [0.000242/6.013311] [3860/0.231891]
  8  17 250, 0.240082 [0.000325/6.013124] [3910/0.231891]
  8  17 300, 0.233388 [0.000349/6.012903] [3960/0.231891]
  8  17 350, 0.236907 [0.000413/6.012696] [4010/0.231891]
Epoch 17 done. Evaluation:
(49990, 50000)
(9163, 10000)
  8  18  50, 0.235689 [0.000404/6.012336] [4101/0.231891]
  8  18 100, 0.238929 [0.000265/6.012143] [4151/0.231891]
  8  18 150, 0.235160 [0.000432/6.011935] [4201/0.231891]
  8  18 200, 0.234692 [0.000427/6.011724] [4251/0.231891]
  8  18 250, 0.234863 [0.000396/6.011518] [4301/0.231891]
  8  18 300, 0.237522 [0.000290/6.011311] [4351/0.231891]
  8  18 350, 0.237654 [0.000349/6.011096] [4401/0.231891]
Epoch 18 done. Evaluation:
(49990, 50000)
(9163, 10000)
  8  19  50, 0.235832 [0.000687/6.010750] [4492/0.231891]
  8  19 100, 0.236295 [0.000461/6.010563] [4542/0.231891]
  8  19 150, 0.237891 [0.000459/6.010373] [4592/0.231891]
  8  19 200, 0.240132 [0.000414/6.010177] [4642/0.231891]
  8  19 250, 0.238908 [0.000271/6.009984] [4692/0.231891]
  8  19 300, 0.238831 [0.000400/6.009729] [4742/0.231891]
  8  19 350, 0.236025 [0.000333/6.009519] [4792/0.231891]
Epoch 19 done. Evaluation:
(49989, 50000)
(9165, 10000)
  9   0  50, 0.233739 [0.000181/6.009269] [4883/0.231891]
  9   0 100, 0.240001 [0.000311/6.009182] [4933/0.231891]
  9   0 150, 0.235747 [0.000151/6.009083] [4983/0.231891]
  9   0 200, 0.238008 [0.000140/6.008981] [5033/0.231891]
  9   0 250, 0.234951 [0.000231/6.008880] [5083/0.231891]
  9   0 300, 0.237333 [0.000190/6.008790] [5133/0.231891]
  9   0 350, 0.234933 [0.000246/6.008688] [5183/0.231891]
Epoch 0 done. Evaluation:
(49991, 50000)
(9157, 10000)
  9   1  50, 0.238128 [0.000139/6.008508] [5274/0.231891]
  9   1 100, 0.237614 [0.000182/6.008407] [5324/0.231891]
  9   1 150, 0.237271 [0.000225/6.008314] [5374/0.231891]
  9   1 200, 0.237125 [0.000170/6.008218] [5424/0.231891]
  9   1 250, 0.236374 [0.000144/6.008115] [5474/0.231891]
  9   1 300, 0.236113 [0.000210/6.008025] [5524/0.231891]
  9   1 350, 0.237202 [0.000223/6.007931] [5574/0.231891]
Epoch 1 done. Evaluation:
(49993, 50000)
(9151, 10000)
  9   2  50, 0.237939 [0.000224/6.007751] [5665/0.231891]
  9   2 100, 0.237746 [0.000209/6.007647] [5715/0.231891]
  9   2 150, 0.233121 [0.000327/6.007536] [5765/0.231891]
  9   2 200, 0.235178 [0.000239/6.007432] [5815/0.231891]
  9   2 250, 0.236784 [0.000154/6.007334] [5865/0.231891]
  9   2 300, 0.235135 [0.000241/6.007233] [5915/0.231891]
  9   2 350, 0.236986 [0.000195/6.007139] [5965/0.231891]
Epoch 2 done. Evaluation:
(49990, 50000)
(9169, 10000)
  9   3  50, 0.237275 [0.000214/6.006971] [6056/0.231891]
  9   3 100, 0.237652 [0.000140/6.006875] [6106/0.231891]
  9   3 150, 0.237888 [0.000208/6.006782] [6156/0.231891]
  9   3 200, 0.237130 [0.000208/6.006692] [6206/0.231891]
  9   3 250, 0.237072 [0.000277/6.006586] [6256/0.231891]
  9   3 300, 0.238437 [0.000277/6.006490] [6306/0.231891]
  9   3 350, 0.235481 [0.000175/6.006391] [6356/0.231891]
Epoch 3 done. Evaluation:
(49990, 50000)
(9162, 10000)
  9   4  50, 0.232034 [0.000147/6.006199] [6447/0.231891]
  9   4 100, 0.236579 [0.000206/6.006097] [6497/0.231891]
  9   4 150, 0.239522 [0.000166/6.005997] [6547/0.231891]
  9   4 200, 0.235054 [0.000190/6.005887] [6597/0.231891]
  9   4 250, 0.240167 [0.000161/6.005793] [6647/0.231891]
  9   4 300, 0.236793 [0.000125/6.005695] [6697/0.231891]
  9   4 350, 0.236803 [0.000274/6.005592] [6747/0.231891]
Epoch 4 done. Evaluation:
(49991, 50000)
(9157, 10000)
  9   5  50, 0.236971 [0.000317/6.005398] [6838/0.231891]
  9   5 100, 0.235246 [0.000185/6.005300] [6888/0.231891]
  9   5 150, 0.237858 [0.000300/6.005200] [6938/0.231891]
  9   5 200, 0.238419 [0.000225/6.005105] [6988/0.231891]
  9   5 250, 0.233232 [0.000311/6.004997] [7038/0.231891]
  9   5 300, 0.236357 [0.000199/6.004894] [7088/0.231891]
  9   5 350, 0.235723 [0.000214/6.004795] [7138/0.231891]
Epoch 5 done. Evaluation:
(49991, 50000)
(9167, 10000)
  9   6  50, 0.233417 [0.000253/6.004606] [7229/0.231891]
  9   6 100, 0.234189 [0.000391/6.004503] [7279/0.231891]
  9   6 150, 0.236835 [0.000249/6.004395] [7329/0.231891]
  9   6 200, 0.238260 [0.000151/6.004298] [7379/0.231891]
  9   6 250, 0.237061 [0.000123/6.004195] [7429/0.231891]
  9   6 300, 0.236855 [0.000233/6.004092] [7479/0.231891]
  9   6 350, 0.236810 [0.000120/6.003999] [7529/0.231891]
Epoch 6 done. Evaluation:
(49988, 50000)
(9160, 10000)
  9   7  50, 0.239870 [0.000299/6.003821] [7620/0.231891]
  9   7 100, 0.235520 [0.000209/6.003722] [7670/0.231891]
  9   7 150, 0.235807 [0.000174/6.003615] [7720/0.231891]
  9   7 200, 0.237570 [0.000193/6.003523] [7770/0.231891]
  9   7 250, 0.236505 [0.000195/6.003430] [7820/0.231891]
  9   7 300, 0.233199 [0.000248/6.003320] [7870/0.231891]
  9   7 350, 0.236459 [0.000260/6.003223] [7920/0.231891]
Epoch 7 done. Evaluation:
(49992, 50000)
(9170, 10000)
  9   8  50, 0.233613 [0.000228/6.003033] [8011/0.231891]
  9   8 100, 0.236406 [0.000450/6.002928] [8061/0.231891]
  9   8 150, 0.234540 [0.000260/6.002820] [8111/0.231891]
  9   8 200, 0.236116 [0.000147/6.002712] [8161/0.231891]
  9   8 250, 0.239490 [0.000284/6.002615] [8211/0.231891]
  9   8 300, 0.232621 [0.000233/6.002510] [8261/0.231891]
  9   8 350, 0.237750 [0.000190/6.002412] [8311/0.231891]
Epoch 8 done. Evaluation:
(49989, 50000)
(9165, 10000)
  9   9  50, 0.236296 [0.000267/6.002249] [8402/0.231891]
  9   9 100, 0.241003 [0.000162/6.002150] [8452/0.231891]
  9   9 150, 0.235358 [0.000165/6.002050] [8502/0.231891]
  9   9 200, 0.234949 [0.000439/6.001948] [8552/0.231891]
  9   9 250, 0.234419 [0.000277/6.001847] [8602/0.231891]
  9   9 300, 0.235589 [0.000198/6.001741] [8652/0.231891]
  9   9 350, 0.236450 [0.000198/6.001632] [8702/0.231891]
Epoch 9 done. Evaluation:
(49991, 50000)
(9156, 10000)
  9  10  50, 0.237812 [0.000128/6.001463] [8793/0.231891]
  9  10 100, 0.236195 [0.000236/6.001365] [8843/0.231891]
  9  10 150, 0.233572 [0.000308/6.001260] [8893/0.231891]
  9  10 200, 0.237668 [0.000212/6.001169] [8943/0.231891]
  9  10 250, 0.237358 [0.000135/6.001068] [8993/0.231891]
  9  10 300, 0.235638 [0.000222/6.000958] [9043/0.231891]
  9  10 350, 0.237392 [0.000237/6.000867] [9093/0.231891]
Epoch 10 done. Evaluation:
(49991, 50000)
(9161, 10000)
  9  11  50, 0.237918 [0.000182/6.000687] [9184/0.231891]
  9  11 100, 0.235360 [0.000214/6.000583] [9234/0.231891]
  9  11 150, 0.236355 [0.000170/6.000483] [9284/0.231891]
  9  11 200, 0.235884 [0.000168/6.000378] [9334/0.231891]
  9  11 250, 0.234528 [0.000502/6.000265] [9384/0.231891]
  9  11 300, 0.236830 [0.000303/6.000174] [9434/0.231891]
  9  11 350, 0.241210 [0.000192/6.000090] [9484/0.231891]
Epoch 11 done. Evaluation:
(49991, 50000)
(9170, 10000)
  9  12  50, 0.235642 [0.000164/5.999903] [9575/0.231891]
  9  12 100, 0.237184 [0.000298/5.999806] [9625/0.231891]
  9  12 150, 0.238766 [0.000202/5.999716] [9675/0.231891]
  9  12 200, 0.236821 [0.000198/5.999619] [9725/0.231891]
  9  12 250, 0.234705 [0.000163/5.999511] [9775/0.231891]
  9  12 300, 0.238265 [0.000178/5.999419] [9825/0.231891]
  9  12 350, 0.237419 [0.000204/5.999335] [9875/0.231891]
Epoch 12 done. Evaluation:
(49991, 50000)
(9172, 10000)
  9  13  50, 0.238036 [0.000189/5.999169] [9966/0.231891]
  9  13 100, 0.236580 [0.000233/5.999076] [10016/0.231891]
  9  13 150, 0.235919 [0.000219/5.998977] [10066/0.231891]
  9  13 200, 0.235421 [0.000171/5.998868] [10116/0.231891]
  9  13 250, 0.237445 [0.000247/5.998776] [10166/0.231891]
  9  13 300, 0.238899 [0.000182/5.998680] [10216/0.231891]
  9  13 350, 0.235404 [0.000198/5.998574] [10266/0.231891]
Epoch 13 done. Evaluation:
(49988, 50000)
(9164, 10000)
  9  14  50, 0.235649 [0.000216/5.998389] [10357/0.231891]
  9  14 100, 0.240636 [0.000163/5.998304] [10407/0.231891]
  9  14 150, 0.237140 [0.000154/5.998209] [10457/0.231891]
  9  14 200, 0.235172 [0.000233/5.998101] [10507/0.231891]
  9  14 250, 0.236301 [0.000267/5.997999] [10557/0.231891]
  9  14 300, 0.234642 [0.000233/5.997891] [10607/0.231891]
  9  14 350, 0.237748 [0.000184/5.997794] [10657/0.231891]
Epoch 14 done. Evaluation:
(49990, 50000)
(9168, 10000)
  9  15  50, 0.237420 [0.000159/5.997633] [10748/0.231891]
  9  15 100, 0.237455 [0.000182/5.997541] [10798/0.231891]
  9  15 150, 0.237412 [0.000160/5.997438] [10848/0.231891]
  9  15 200, 0.237408 [0.000255/5.997347] [10898/0.231891]
  9  15 250, 0.236146 [0.000288/5.997256] [10948/0.231891]
  9  15 300, 0.237278 [0.000132/5.997157] [10998/0.231891]
  9  15 350, 0.238035 [0.000219/5.997059] [11048/0.231891]
Epoch 15 done. Evaluation:
(49990, 50000)
(9165, 10000)
  9  16  50, 0.237321 [0.000174/5.996891] [11139/0.231891]
  9  16 100, 0.236775 [0.000172/5.996799] [11189/0.231891]
  9  16 150, 0.233810 [0.000170/5.996695] [11239/0.231891]
  9  16 200, 0.235450 [0.000185/5.996587] [11289/0.231891]
  9  16 250, 0.239399 [0.000247/5.996489] [11339/0.231891]
  9  16 300, 0.238723 [0.000407/5.996408] [11389/0.231891]
  9  16 350, 0.234390 [0.000208/5.996310] [11439/0.231891]
Epoch 16 done. Evaluation:
(49990, 50000)
(9157, 10000)
  9  17  50, 0.235329 [0.000138/5.996131] [11530/0.231891]
  9  17 100, 0.236111 [0.000260/5.996030] [11580/0.231891]
  9  17 150, 0.234961 [0.000294/5.995935] [11630/0.231891]
  9  17 200, 0.234644 [0.000207/5.995837] [11680/0.231891]
  9  17 250, 0.237834 [0.000235/5.995749] [11730/0.231891]
  9  17 300, 0.237269 [0.000338/5.995645] [11780/0.231891]
  9  17 350, 0.237697 [0.000159/5.995553] [11830/0.231891]
Epoch 17 done. Evaluation:
(49992, 50000)
(9164, 10000)
  9  18  50, 0.237391 [0.000206/5.995366] [11921/0.231891]
  9  18 100, 0.236786 [0.000399/5.995270] [11971/0.231891]
  9  18 150, 0.234579 [0.000355/5.995168] [12021/0.231891]
  9  18 200, 0.235401 [0.000181/5.995063] [12071/0.231891]
  9  18 250, 0.236877 [0.000416/5.994971] [12121/0.231891]
  9  18 300, 0.235295 [0.000127/5.994871] [12171/0.231891]
  9  18 350, 0.235492 [0.000150/5.994774] [12221/0.231891]
Epoch 18 done. Evaluation:
(49992, 50000)
(9165, 10000)
  9  19  50, 0.238126 [0.000156/5.994604] [12312/0.231891]
  9  19 100, 0.236180 [0.000158/5.994505] [12362/0.231891]
  9  19 150, 0.237206 [0.000266/5.994407] [12412/0.231891]
  9  19 200, 0.238270 [0.000346/5.994307] [12462/0.231891]
  9  19 250, 0.237700 [0.000182/5.994217] [12512/0.231891]
  9  19 300, 0.239673 [0.000236/5.994133] [12562/0.231891]
  9  19 350, 0.235916 [0.000188/5.994028] [12612/0.231891]
Epoch 19 done. Evaluation:
(49990, 50000)
(9165, 10000)
